<?xml version="1.0" encoding="UTF-8"?>
<TestRun id="9e76b76f-aeda-4c32-af0d-f176e8387b8b" name="Luis@BLACKBEAUTY 2012-08-27 13:54:09" runUser="BlackBeauty\Luis" xmlns="http://microsoft.com/schemas/VisualStudio/TeamTest/2010">
  <TestSettings name="Local" id="a9c45579-508c-4524-9966-e1f8cfbc3e28">
    <Description>These are default test settings for a local test run.</Description>
    <Deployment runDeploymentRoot="Luis_BLACKBEAUTY 2012-08-27 13_54_09">
      <DeploymentItem filename="D:\PROMPT11-10-CloudComputing\CloudNotes\CloudNotes.Domain\bin\Debug\CloudNotes.Domain.dll" />
      <DeploymentItem filename="D:\PROMPT11-10-CloudComputing\CloudNotes\packages\Moq.4.0.10827\lib\NET40\Moq.dll" />
      <DeploymentItem filename="C:\Program Files\Windows Azure SDK\v1.6\ref\Microsoft.WindowsAzure.StorageClient.dll" />
      <DeploymentItem filename="D:\PROMPT11-10-CloudComputing\CloudNotes\CloudNotes.Repositories\bin\Debug\CloudNotes.Repositories.dll" />
    </Deployment>
    <Execution>
      <TestTypeSpecific>
        <UnitTestRunConfig testTypeId="13cdc9d9-ddb5-4fa4-a97d-d965ccfc6d4b">
          <AssemblyResolution>
            <TestDirectory useLoadContext="true" />
          </AssemblyResolution>
        </UnitTestRunConfig>
        <WebTestRunConfiguration testTypeId="4e7599fa-5ecb-43e9-a887-cd63cf72d207">
          <Browser name="Internet Explorer 7.0">
            <Headers>
              <Header name="User-Agent" value="Mozilla/4.0 (compatible; MSIE 7.0; Windows NT 5.1)" />
              <Header name="Accept" value="*/*" />
              <Header name="Accept-Language" value="{{$IEAcceptLanguage}}" />
              <Header name="Accept-Encoding" value="GZIP" />
            </Headers>
          </Browser>
        </WebTestRunConfiguration>
      </TestTypeSpecific>
      <AgentRule name="LocalMachineDefaultRole">
        <DataCollectors>
          <DataCollector uri="datacollector://microsoft/CodeCoverage/1.0" assemblyQualifiedName="Microsoft.VisualStudio.TestTools.CodeCoverage.CoveragePlugIn, Microsoft.VisualStudio.QualityTools.Plugins.CodeCoverage, Version=10.0.0.0, Culture=neutral, PublicKeyToken=b03f5f7f11d50a3a" friendlyName="Code Coverage">
            <Configuration>
              <CodeCoverage xmlns="">
                <Regular>
                  <CodeCoverageItem binaryFile="D:\PROMPT11-10-CloudComputing\CloudNotes\CloudNotes.Domain\bin\Debug\CloudNotes.Domain.dll" pdbFile="D:\PROMPT11-10-CloudComputing\CloudNotes\CloudNotes.Domain\bin\Debug\CloudNotes.Domain.instr.pdb" instrumentInPlace="true" />
                  <CodeCoverageItem binaryFile="D:\PROMPT11-10-CloudComputing\CloudNotes\CloudNotes.Repositories\bin\Debug\CloudNotes.Repositories.dll" pdbFile="D:\PROMPT11-10-CloudComputing\CloudNotes\CloudNotes.Repositories\bin\Debug\CloudNotes.Repositories.instr.pdb" instrumentInPlace="true" />
                </Regular>
              </CodeCoverage>
            </Configuration>
          </DataCollector>
          <DataCollector uri="datacollector://microsoft/TraceDebugger/1.0" assemblyQualifiedName="Microsoft.VisualStudio.TraceCollector.TraceDebuggerDataCollector, Microsoft.VisualStudio.TraceCollector, Version=10.0.0.0, Culture=neutral, PublicKeyToken=b03f5f7f11d50a3a" friendlyName="IntelliTrace">
          </DataCollector>
          <DataCollector uri="datacollector://microsoft/AspNetProfiler/1.0" assemblyQualifiedName="Microsoft.VisualStudio.PerformanceTools.DataCollection.AspNetProfileDataCollector, Microsoft.VisualStudio.PerformanceTools.DataCollection, Version=10.0.0.0, Culture=neutral, PublicKeyToken=b03f5f7f11d50a3a" friendlyName="ASP.NET Profiler">
          </DataCollector>
        </DataCollectors>
      </AgentRule>
    </Execution>
  </TestSettings>
  <Times creation="2012-08-27T13:54:09.0568049+01:00" queuing="2012-08-27T13:54:10.8729088+01:00" start="2012-08-27T13:54:17.2802752+01:00" finish="2012-08-27T13:54:25.4847445+01:00" />
  <ResultSummary outcome="Completed">
    <Counters total="55" executed="55" passed="55" error="0" failed="0" timeout="0" aborted="0" inconclusive="0" passedButRunAborted="0" notRunnable="0" notExecuted="0" disconnected="0" warning="0" completed="0" inProgress="0" pending="0" />
    <ResultFiles>
      <ResultFile path="BLACKBEAUTY\data.coverage" />
    </ResultFiles>
  </ResultSummary>
  <TestDefinitions>
    <UnitTest name="TaskListsRepositoryUpdateCallsUpdateFromTheUnitOfWork" storage="d:\prompt11-10-cloudcomputing\cloudnotes\cloudnotes.tests.repositories\bin\debug\cloudnotes.tests.repositories.dll" id="243a3723-c759-1bdb-8565-43030030c8e3">
      <Execution id="3b9b7655-b26a-4559-ac71-eb0e3357b2b5" />
      <TestMethod codeBase="D:/PROMPT11-10-CloudComputing/CloudNotes/CloudNotes.Tests.Repositories/bin/Debug/CloudNotes.Tests.Repositories.DLL" adapterTypeName="Microsoft.VisualStudio.TestTools.TestTypes.Unit.UnitTestAdapter, Microsoft.VisualStudio.QualityTools.Tips.UnitTest.Adapter, Version=10.0.0.0, Culture=neutral, PublicKeyToken=b03f5f7f11d50a3a" className="CloudNotes.Tests.Repositories.RepositoriesTests, CloudNotes.Tests.Repositories, Version=1.0.0.0, Culture=neutral, PublicKeyToken=null" name="TaskListsRepositoryUpdateCallsUpdateFromTheUnitOfWork" />
    </UnitTest>
    <UnitTest name="TaskListsRepositoryRemoveShareCallsDeleteFromTheUnitOfWork" storage="d:\prompt11-10-cloudcomputing\cloudnotes\cloudnotes.tests.repositories\bin\debug\cloudnotes.tests.repositories.dll" id="1c5a4485-18eb-1fb7-a783-fbf6aecbe579">
      <Execution id="cde983a6-5b9a-4bb1-9f5e-8f6cdcbdfcc0" />
      <TestMethod codeBase="D:/PROMPT11-10-CloudComputing/CloudNotes/CloudNotes.Tests.Repositories/bin/Debug/CloudNotes.Tests.Repositories.DLL" adapterTypeName="Microsoft.VisualStudio.TestTools.TestTypes.Unit.UnitTestAdapter, Microsoft.VisualStudio.QualityTools.Tips.UnitTest.Adapter, Version=10.0.0.0, Culture=neutral, PublicKeyToken=b03f5f7f11d50a3a" className="CloudNotes.Tests.Repositories.RepositoriesTests, CloudNotes.Tests.Repositories, Version=1.0.0.0, Culture=neutral, PublicKeyToken=null" name="TaskListsRepositoryRemoveShareCallsDeleteFromTheUnitOfWork" />
    </UnitTest>
    <UnitTest name="TaskListsRepositoryHasPermisionToEditCallsGetFromTheUnitOfWork" storage="d:\prompt11-10-cloudcomputing\cloudnotes\cloudnotes.tests.repositories\bin\debug\cloudnotes.tests.repositories.dll" id="6eb006b0-f141-29b2-0ec3-c52e70221b01">
      <Execution id="0db7b0fd-34df-42e0-9197-33a7a87143a1" />
      <TestMethod codeBase="D:/PROMPT11-10-CloudComputing/CloudNotes/CloudNotes.Tests.Repositories/bin/Debug/CloudNotes.Tests.Repositories.DLL" adapterTypeName="Microsoft.VisualStudio.TestTools.TestTypes.Unit.UnitTestAdapter, Microsoft.VisualStudio.QualityTools.Tips.UnitTest.Adapter, Version=10.0.0.0, Culture=neutral, PublicKeyToken=b03f5f7f11d50a3a" className="CloudNotes.Tests.Repositories.RepositoriesTests, CloudNotes.Tests.Repositories, Version=1.0.0.0, Culture=neutral, PublicKeyToken=null" name="TaskListsRepositoryHasPermisionToEditCallsGetFromTheUnitOfWork" />
    </UnitTest>
    <UnitTest name="ATaskListWithAnAllWhitespaceTittleIsInvalid" storage="d:\prompt11-10-cloudcomputing\cloudnotes\cloudnotes.tests.domain\bin\debug\cloudnotes.tests.domain.dll" id="a92d683e-6db6-da08-1853-c0e53902a155">
      <Execution id="e79074cb-4596-4638-b121-3e2928119d10" />
      <TestMethod codeBase="D:/PROMPT11-10-CloudComputing/CloudNotes/CloudNotes.Tests.Domain/bin/Debug/CloudNotes.Tests.Domain.DLL" adapterTypeName="Microsoft.VisualStudio.TestTools.TestTypes.Unit.UnitTestAdapter, Microsoft.VisualStudio.QualityTools.Tips.UnitTest.Adapter, Version=10.0.0.0, Culture=neutral, PublicKeyToken=b03f5f7f11d50a3a" className="CloudNotes.Tests.Domain.DomainTests, CloudNotes.Tests.Domain, Version=1.0.0.0, Culture=neutral, PublicKeyToken=null" name="ATaskListWithAnAllWhitespaceTittleIsInvalid" />
    </UnitTest>
    <UnitTest name="ANoteWithAnAllWhitespaceTittleIsInvalid" storage="d:\prompt11-10-cloudcomputing\cloudnotes\cloudnotes.tests.domain\bin\debug\cloudnotes.tests.domain.dll" id="07851a54-f9f2-0370-ef52-acf62480dca3">
      <Execution id="0688a4ba-c2f1-418c-ad5d-96963a712856" />
      <TestMethod codeBase="D:/PROMPT11-10-CloudComputing/CloudNotes/CloudNotes.Tests.Domain/bin/Debug/CloudNotes.Tests.Domain.DLL" adapterTypeName="Microsoft.VisualStudio.TestTools.TestTypes.Unit.UnitTestAdapter, Microsoft.VisualStudio.QualityTools.Tips.UnitTest.Adapter, Version=10.0.0.0, Culture=neutral, PublicKeyToken=b03f5f7f11d50a3a" className="CloudNotes.Tests.Domain.DomainTests, CloudNotes.Tests.Domain, Version=1.0.0.0, Culture=neutral, PublicKeyToken=null" name="ANoteWithAnAllWhitespaceTittleIsInvalid" />
    </UnitTest>
    <UnitTest name="ANoteWithATittleLongerThan10CharactersIsInvalid" storage="d:\prompt11-10-cloudcomputing\cloudnotes\cloudnotes.tests.domain\bin\debug\cloudnotes.tests.domain.dll" id="fd2d9e08-8f5d-4406-828f-63af07dc5bf7">
      <Execution id="0061254d-3460-40ef-ba27-67e5f59b4cfd" />
      <TestMethod codeBase="D:/PROMPT11-10-CloudComputing/CloudNotes/CloudNotes.Tests.Domain/bin/Debug/CloudNotes.Tests.Domain.DLL" adapterTypeName="Microsoft.VisualStudio.TestTools.TestTypes.Unit.UnitTestAdapter, Microsoft.VisualStudio.QualityTools.Tips.UnitTest.Adapter, Version=10.0.0.0, Culture=neutral, PublicKeyToken=b03f5f7f11d50a3a" className="CloudNotes.Tests.Domain.DomainTests, CloudNotes.Tests.Domain, Version=1.0.0.0, Culture=neutral, PublicKeyToken=null" name="ANoteWithATittleLongerThan10CharactersIsInvalid" />
    </UnitTest>
    <UnitTest name="ANoteWithAnAllWhitespaceContentIsInvalid" storage="d:\prompt11-10-cloudcomputing\cloudnotes\cloudnotes.tests.domain\bin\debug\cloudnotes.tests.domain.dll" id="00d57f25-d21b-e712-e7ff-b98a3d6f01aa">
      <Execution id="a026d396-2ce8-458d-b9b3-50ec03bc54ce" />
      <TestMethod codeBase="D:/PROMPT11-10-CloudComputing/CloudNotes/CloudNotes.Tests.Domain/bin/Debug/CloudNotes.Tests.Domain.DLL" adapterTypeName="Microsoft.VisualStudio.TestTools.TestTypes.Unit.UnitTestAdapter, Microsoft.VisualStudio.QualityTools.Tips.UnitTest.Adapter, Version=10.0.0.0, Culture=neutral, PublicKeyToken=b03f5f7f11d50a3a" className="CloudNotes.Tests.Domain.DomainTests, CloudNotes.Tests.Domain, Version=1.0.0.0, Culture=neutral, PublicKeyToken=null" name="ANoteWithAnAllWhitespaceContentIsInvalid" />
    </UnitTest>
    <UnitTest name="AUserWithAnInvalidEmailIsInvalid" storage="d:\prompt11-10-cloudcomputing\cloudnotes\cloudnotes.tests.domain\bin\debug\cloudnotes.tests.domain.dll" id="68595d26-57a1-321d-c72e-7ab1ba9f7821">
      <Execution id="427519d3-6937-4512-86cd-075c3f8be52e" />
      <TestMethod codeBase="D:/PROMPT11-10-CloudComputing/CloudNotes/CloudNotes.Tests.Domain/bin/Debug/CloudNotes.Tests.Domain.DLL" adapterTypeName="Microsoft.VisualStudio.TestTools.TestTypes.Unit.UnitTestAdapter, Microsoft.VisualStudio.QualityTools.Tips.UnitTest.Adapter, Version=10.0.0.0, Culture=neutral, PublicKeyToken=b03f5f7f11d50a3a" className="CloudNotes.Tests.Domain.DomainTests, CloudNotes.Tests.Domain, Version=1.0.0.0, Culture=neutral, PublicKeyToken=null" name="AUserWithAnInvalidEmailIsInvalid" />
    </UnitTest>
    <UnitTest name="NotesRepositoryLoadNotesCallsLoadAndGetsFromTheUnitOfWork" storage="d:\prompt11-10-cloudcomputing\cloudnotes\cloudnotes.tests.repositories\bin\debug\cloudnotes.tests.repositories.dll" id="ec7711e0-6e36-94b0-fa70-9adecfa8a8f1">
      <Execution id="b561d034-750b-4c69-8c71-6c25c1cc2829" />
      <TestMethod codeBase="D:/PROMPT11-10-CloudComputing/CloudNotes/CloudNotes.Tests.Repositories/bin/Debug/CloudNotes.Tests.Repositories.DLL" adapterTypeName="Microsoft.VisualStudio.TestTools.TestTypes.Unit.UnitTestAdapter, Microsoft.VisualStudio.QualityTools.Tips.UnitTest.Adapter, Version=10.0.0.0, Culture=neutral, PublicKeyToken=b03f5f7f11d50a3a" className="CloudNotes.Tests.Repositories.RepositoriesTests, CloudNotes.Tests.Repositories, Version=1.0.0.0, Culture=neutral, PublicKeyToken=null" name="NotesRepositoryLoadNotesCallsLoadAndGetsFromTheUnitOfWork" />
    </UnitTest>
    <UnitTest name="AUserWithAnEmptyNameIsInvalid" storage="d:\prompt11-10-cloudcomputing\cloudnotes\cloudnotes.tests.domain\bin\debug\cloudnotes.tests.domain.dll" id="2b244028-df83-e3b8-91b4-eb0f42ff37fe">
      <Execution id="536165e8-1924-4465-8731-7a3510c04778" />
      <TestMethod codeBase="D:/PROMPT11-10-CloudComputing/CloudNotes/CloudNotes.Tests.Domain/bin/Debug/CloudNotes.Tests.Domain.DLL" adapterTypeName="Microsoft.VisualStudio.TestTools.TestTypes.Unit.UnitTestAdapter, Microsoft.VisualStudio.QualityTools.Tips.UnitTest.Adapter, Version=10.0.0.0, Culture=neutral, PublicKeyToken=b03f5f7f11d50a3a" className="CloudNotes.Tests.Domain.DomainTests, CloudNotes.Tests.Domain, Version=1.0.0.0, Culture=neutral, PublicKeyToken=null" name="AUserWithAnEmptyNameIsInvalid" />
    </UnitTest>
    <UnitTest name="NotesRepositoryUpdateCallsUpdateFromTheUnitOfWork" storage="d:\prompt11-10-cloudcomputing\cloudnotes\cloudnotes.tests.repositories\bin\debug\cloudnotes.tests.repositories.dll" id="a780d5d0-43e2-3171-7945-424274cf7cfb">
      <Execution id="847d7669-3638-4026-a1a5-d4e3a9123f2a" />
      <TestMethod codeBase="D:/PROMPT11-10-CloudComputing/CloudNotes/CloudNotes.Tests.Repositories/bin/Debug/CloudNotes.Tests.Repositories.DLL" adapterTypeName="Microsoft.VisualStudio.TestTools.TestTypes.Unit.UnitTestAdapter, Microsoft.VisualStudio.QualityTools.Tips.UnitTest.Adapter, Version=10.0.0.0, Culture=neutral, PublicKeyToken=b03f5f7f11d50a3a" className="CloudNotes.Tests.Repositories.RepositoriesTests, CloudNotes.Tests.Repositories, Version=1.0.0.0, Culture=neutral, PublicKeyToken=null" name="NotesRepositoryUpdateCallsUpdateFromTheUnitOfWork" />
    </UnitTest>
    <UnitTest name="NotesRepositoryLoadCallsLoadFromTheUnitOfWork" storage="d:\prompt11-10-cloudcomputing\cloudnotes\cloudnotes.tests.repositories\bin\debug\cloudnotes.tests.repositories.dll" id="17943233-8015-a282-b442-243916829980">
      <Execution id="b4288659-e87e-4627-823f-9969af18bce5" />
      <TestMethod codeBase="D:/PROMPT11-10-CloudComputing/CloudNotes/CloudNotes.Tests.Repositories/bin/Debug/CloudNotes.Tests.Repositories.DLL" adapterTypeName="Microsoft.VisualStudio.TestTools.TestTypes.Unit.UnitTestAdapter, Microsoft.VisualStudio.QualityTools.Tips.UnitTest.Adapter, Version=10.0.0.0, Culture=neutral, PublicKeyToken=b03f5f7f11d50a3a" className="CloudNotes.Tests.Repositories.RepositoriesTests, CloudNotes.Tests.Repositories, Version=1.0.0.0, Culture=neutral, PublicKeyToken=null" name="NotesRepositoryLoadCallsLoadFromTheUnitOfWork" />
    </UnitTest>
    <UnitTest name="UsersRepositoryCreateCallsCreateFromTheUnitOfWork" storage="d:\prompt11-10-cloudcomputing\cloudnotes\cloudnotes.tests.repositories\bin\debug\cloudnotes.tests.repositories.dll" id="8e102b5d-e958-b297-bb65-7f1f98f7fdce">
      <Execution id="8e15378f-4f5e-4a39-8b62-28cd69829793" />
      <TestMethod codeBase="D:/PROMPT11-10-CloudComputing/CloudNotes/CloudNotes.Tests.Repositories/bin/Debug/CloudNotes.Tests.Repositories.DLL" adapterTypeName="Microsoft.VisualStudio.TestTools.TestTypes.Unit.UnitTestAdapter, Microsoft.VisualStudio.QualityTools.Tips.UnitTest.Adapter, Version=10.0.0.0, Culture=neutral, PublicKeyToken=b03f5f7f11d50a3a" className="CloudNotes.Tests.Repositories.RepositoriesTests, CloudNotes.Tests.Repositories, Version=1.0.0.0, Culture=neutral, PublicKeyToken=null" name="UsersRepositoryCreateCallsCreateFromTheUnitOfWork" />
    </UnitTest>
    <UnitTest name="NotesRepositoryRemoveShareCallsDeleteFromTheUnitOfWork" storage="d:\prompt11-10-cloudcomputing\cloudnotes\cloudnotes.tests.repositories\bin\debug\cloudnotes.tests.repositories.dll" id="c775d00d-9095-a8a9-2433-76c5a0405657">
      <Execution id="e2da3de8-ba2e-49e1-ad93-6a62eb6b0f60" />
      <TestMethod codeBase="D:/PROMPT11-10-CloudComputing/CloudNotes/CloudNotes.Tests.Repositories/bin/Debug/CloudNotes.Tests.Repositories.DLL" adapterTypeName="Microsoft.VisualStudio.TestTools.TestTypes.Unit.UnitTestAdapter, Microsoft.VisualStudio.QualityTools.Tips.UnitTest.Adapter, Version=10.0.0.0, Culture=neutral, PublicKeyToken=b03f5f7f11d50a3a" className="CloudNotes.Tests.Repositories.RepositoriesTests, CloudNotes.Tests.Repositories, Version=1.0.0.0, Culture=neutral, PublicKeyToken=null" name="NotesRepositoryRemoveShareCallsDeleteFromTheUnitOfWork" />
    </UnitTest>
    <UnitTest name="UsersRepositoryUserIsRegisteredCallsLoadFromTheUnitOfWorkForAnExistingUser" storage="d:\prompt11-10-cloudcomputing\cloudnotes\cloudnotes.tests.repositories\bin\debug\cloudnotes.tests.repositories.dll" id="54e67131-47df-e2cb-c7bc-1b2b43b86483">
      <Execution id="f715894c-4ed2-4645-8715-6da6bca630ef" />
      <TestMethod codeBase="D:/PROMPT11-10-CloudComputing/CloudNotes/CloudNotes.Tests.Repositories/bin/Debug/CloudNotes.Tests.Repositories.DLL" adapterTypeName="Microsoft.VisualStudio.TestTools.TestTypes.Unit.UnitTestAdapter, Microsoft.VisualStudio.QualityTools.Tips.UnitTest.Adapter, Version=10.0.0.0, Culture=neutral, PublicKeyToken=b03f5f7f11d50a3a" className="CloudNotes.Tests.Repositories.RepositoriesTests, CloudNotes.Tests.Repositories, Version=1.0.0.0, Culture=neutral, PublicKeyToken=null" name="UsersRepositoryUserIsRegisteredCallsLoadFromTheUnitOfWorkForAnExistingUser" />
    </UnitTest>
    <UnitTest name="AUserWithAnNameThatHasTheCharacterPlusIsInvalid" storage="d:\prompt11-10-cloudcomputing\cloudnotes\cloudnotes.tests.domain\bin\debug\cloudnotes.tests.domain.dll" id="e7bbd4b2-5c95-3563-fc1e-37f3d3d4a55d">
      <Execution id="9d1149b4-6ebc-4478-b4e7-84fe51ad7436" />
      <TestMethod codeBase="D:/PROMPT11-10-CloudComputing/CloudNotes/CloudNotes.Tests.Domain/bin/Debug/CloudNotes.Tests.Domain.DLL" adapterTypeName="Microsoft.VisualStudio.TestTools.TestTypes.Unit.UnitTestAdapter, Microsoft.VisualStudio.QualityTools.Tips.UnitTest.Adapter, Version=10.0.0.0, Culture=neutral, PublicKeyToken=b03f5f7f11d50a3a" className="CloudNotes.Tests.Domain.DomainTests, CloudNotes.Tests.Domain, Version=1.0.0.0, Culture=neutral, PublicKeyToken=null" name="AUserWithAnNameThatHasTheCharacterPlusIsInvalid" />
    </UnitTest>
    <UnitTest name="NotesRepositoryGetWihtFilterCallsGetFromTheUnitOfWorkAndReturnsAnExistingNote" storage="d:\prompt11-10-cloudcomputing\cloudnotes\cloudnotes.tests.repositories\bin\debug\cloudnotes.tests.repositories.dll" id="5d59f492-e6d2-4a32-8cb5-8bac5548a5fd">
      <Execution id="2d96fd57-4c81-4b51-8557-e877f1741358" />
      <TestMethod codeBase="D:/PROMPT11-10-CloudComputing/CloudNotes/CloudNotes.Tests.Repositories/bin/Debug/CloudNotes.Tests.Repositories.DLL" adapterTypeName="Microsoft.VisualStudio.TestTools.TestTypes.Unit.UnitTestAdapter, Microsoft.VisualStudio.QualityTools.Tips.UnitTest.Adapter, Version=10.0.0.0, Culture=neutral, PublicKeyToken=b03f5f7f11d50a3a" className="CloudNotes.Tests.Repositories.RepositoriesTests, CloudNotes.Tests.Repositories, Version=1.0.0.0, Culture=neutral, PublicKeyToken=null" name="NotesRepositoryGetWihtFilterCallsGetFromTheUnitOfWorkAndReturnsAnExistingNote" />
    </UnitTest>
    <UnitTest name="TaskListsRepositoryDeleteCallsDeleteFromTheUnitOfWork" storage="d:\prompt11-10-cloudcomputing\cloudnotes\cloudnotes.tests.repositories\bin\debug\cloudnotes.tests.repositories.dll" id="846215b7-3a17-549a-a8bb-e3c8573dbdf6">
      <Execution id="66de18f4-9b40-4846-88ae-ae9feedeaf89" />
      <TestMethod codeBase="D:/PROMPT11-10-CloudComputing/CloudNotes/CloudNotes.Tests.Repositories/bin/Debug/CloudNotes.Tests.Repositories.DLL" adapterTypeName="Microsoft.VisualStudio.TestTools.TestTypes.Unit.UnitTestAdapter, Microsoft.VisualStudio.QualityTools.Tips.UnitTest.Adapter, Version=10.0.0.0, Culture=neutral, PublicKeyToken=b03f5f7f11d50a3a" className="CloudNotes.Tests.Repositories.RepositoriesTests, CloudNotes.Tests.Repositories, Version=1.0.0.0, Culture=neutral, PublicKeyToken=null" name="TaskListsRepositoryDeleteCallsDeleteFromTheUnitOfWork" />
    </UnitTest>
    <UnitTest name="ANoteWithAnEmptyTittleIsInvalid" storage="d:\prompt11-10-cloudcomputing\cloudnotes\cloudnotes.tests.domain\bin\debug\cloudnotes.tests.domain.dll" id="157b3a3d-66d6-d440-327f-479b45016df4">
      <Execution id="15c5b8b5-acd0-4015-b96f-68620a3d595b" />
      <TestMethod codeBase="D:/PROMPT11-10-CloudComputing/CloudNotes/CloudNotes.Tests.Domain/bin/Debug/CloudNotes.Tests.Domain.DLL" adapterTypeName="Microsoft.VisualStudio.TestTools.TestTypes.Unit.UnitTestAdapter, Microsoft.VisualStudio.QualityTools.Tips.UnitTest.Adapter, Version=10.0.0.0, Culture=neutral, PublicKeyToken=b03f5f7f11d50a3a" className="CloudNotes.Tests.Domain.DomainTests, CloudNotes.Tests.Domain, Version=1.0.0.0, Culture=neutral, PublicKeyToken=null" name="ANoteWithAnEmptyTittleIsInvalid" />
    </UnitTest>
    <UnitTest name="UsersRepositoryGetByIdentifiersCallsLoadFromTheUnitOfWorkForNonExistingUser" storage="d:\prompt11-10-cloudcomputing\cloudnotes\cloudnotes.tests.repositories\bin\debug\cloudnotes.tests.repositories.dll" id="a6c1fa83-a867-97da-f19d-bbb05c37bcee">
      <Execution id="42ae571e-fad9-4dee-9a03-1b898d99b5c2" />
      <TestMethod codeBase="D:/PROMPT11-10-CloudComputing/CloudNotes/CloudNotes.Tests.Repositories/bin/Debug/CloudNotes.Tests.Repositories.DLL" adapterTypeName="Microsoft.VisualStudio.TestTools.TestTypes.Unit.UnitTestAdapter, Microsoft.VisualStudio.QualityTools.Tips.UnitTest.Adapter, Version=10.0.0.0, Culture=neutral, PublicKeyToken=b03f5f7f11d50a3a" className="CloudNotes.Tests.Repositories.RepositoriesTests, CloudNotes.Tests.Repositories, Version=1.0.0.0, Culture=neutral, PublicKeyToken=null" name="UsersRepositoryGetByIdentifiersCallsLoadFromTheUnitOfWorkForNonExistingUser" />
    </UnitTest>
    <UnitTest name="NotesRepositoryCreateCallsCreateFromTheUnitOfWork" storage="d:\prompt11-10-cloudcomputing\cloudnotes\cloudnotes.tests.repositories\bin\debug\cloudnotes.tests.repositories.dll" id="b3e5450c-7394-e772-4c0f-83c0f0cc9085">
      <Execution id="f62df457-3a3a-41c0-adc3-303178839fc6" />
      <TestMethod codeBase="D:/PROMPT11-10-CloudComputing/CloudNotes/CloudNotes.Tests.Repositories/bin/Debug/CloudNotes.Tests.Repositories.DLL" adapterTypeName="Microsoft.VisualStudio.TestTools.TestTypes.Unit.UnitTestAdapter, Microsoft.VisualStudio.QualityTools.Tips.UnitTest.Adapter, Version=10.0.0.0, Culture=neutral, PublicKeyToken=b03f5f7f11d50a3a" className="CloudNotes.Tests.Repositories.RepositoriesTests, CloudNotes.Tests.Repositories, Version=1.0.0.0, Culture=neutral, PublicKeyToken=null" name="NotesRepositoryCreateCallsCreateFromTheUnitOfWork" />
    </UnitTest>
    <UnitTest name="NotesRepositoryHasPermisionToEditCallsGetFromTheUnitOfWork" storage="d:\prompt11-10-cloudcomputing\cloudnotes\cloudnotes.tests.repositories\bin\debug\cloudnotes.tests.repositories.dll" id="1d280656-e2df-5314-433f-b3591c27440d">
      <Execution id="f5ed9707-0ab7-4870-8246-24df036d5b91" />
      <TestMethod codeBase="D:/PROMPT11-10-CloudComputing/CloudNotes/CloudNotes.Tests.Repositories/bin/Debug/CloudNotes.Tests.Repositories.DLL" adapterTypeName="Microsoft.VisualStudio.TestTools.TestTypes.Unit.UnitTestAdapter, Microsoft.VisualStudio.QualityTools.Tips.UnitTest.Adapter, Version=10.0.0.0, Culture=neutral, PublicKeyToken=b03f5f7f11d50a3a" className="CloudNotes.Tests.Repositories.RepositoriesTests, CloudNotes.Tests.Repositories, Version=1.0.0.0, Culture=neutral, PublicKeyToken=null" name="NotesRepositoryHasPermisionToEditCallsGetFromTheUnitOfWork" />
    </UnitTest>
    <UnitTest name="UsersRepositoryLoadCallsLoadFromTheUnitOfWork" storage="d:\prompt11-10-cloudcomputing\cloudnotes\cloudnotes.tests.repositories\bin\debug\cloudnotes.tests.repositories.dll" id="31c722d8-5747-84ab-dbe0-e3286ae27d8d">
      <Execution id="239fcfeb-9d93-4019-b392-fb2a2600d9e9" />
      <TestMethod codeBase="D:/PROMPT11-10-CloudComputing/CloudNotes/CloudNotes.Tests.Repositories/bin/Debug/CloudNotes.Tests.Repositories.DLL" adapterTypeName="Microsoft.VisualStudio.TestTools.TestTypes.Unit.UnitTestAdapter, Microsoft.VisualStudio.QualityTools.Tips.UnitTest.Adapter, Version=10.0.0.0, Culture=neutral, PublicKeyToken=b03f5f7f11d50a3a" className="CloudNotes.Tests.Repositories.RepositoriesTests, CloudNotes.Tests.Repositories, Version=1.0.0.0, Culture=neutral, PublicKeyToken=null" name="UsersRepositoryLoadCallsLoadFromTheUnitOfWork" />
    </UnitTest>
    <UnitTest name="TaskListRepositoryGetCallsGetFromTheUnitOfWorkAndReturnsAnExistingTaskList" storage="d:\prompt11-10-cloudcomputing\cloudnotes\cloudnotes.tests.repositories\bin\debug\cloudnotes.tests.repositories.dll" id="ffc79e9b-00ea-8cc7-18d0-a502995f20d0">
      <Execution id="19a705a4-d541-4be2-ba82-72d4e14aed81" />
      <TestMethod codeBase="D:/PROMPT11-10-CloudComputing/CloudNotes/CloudNotes.Tests.Repositories/bin/Debug/CloudNotes.Tests.Repositories.DLL" adapterTypeName="Microsoft.VisualStudio.TestTools.TestTypes.Unit.UnitTestAdapter, Microsoft.VisualStudio.QualityTools.Tips.UnitTest.Adapter, Version=10.0.0.0, Culture=neutral, PublicKeyToken=b03f5f7f11d50a3a" className="CloudNotes.Tests.Repositories.RepositoriesTests, CloudNotes.Tests.Repositories, Version=1.0.0.0, Culture=neutral, PublicKeyToken=null" name="TaskListRepositoryGetCallsGetFromTheUnitOfWorkAndReturnsAnExistingTaskList" />
    </UnitTest>
    <UnitTest name="ANoteWithAllValidPropertiesIsValid" storage="d:\prompt11-10-cloudcomputing\cloudnotes\cloudnotes.tests.domain\bin\debug\cloudnotes.tests.domain.dll" id="c14c078d-036a-ef14-90a0-c1d1a047c940">
      <Execution id="9cf29bfc-7965-4d88-8a44-63d78e13a775" />
      <TestMethod codeBase="D:/PROMPT11-10-CloudComputing/CloudNotes/CloudNotes.Tests.Domain/bin/Debug/CloudNotes.Tests.Domain.DLL" adapterTypeName="Microsoft.VisualStudio.TestTools.TestTypes.Unit.UnitTestAdapter, Microsoft.VisualStudio.QualityTools.Tips.UnitTest.Adapter, Version=10.0.0.0, Culture=neutral, PublicKeyToken=b03f5f7f11d50a3a" className="CloudNotes.Tests.Domain.DomainTests, CloudNotes.Tests.Domain, Version=1.0.0.0, Culture=neutral, PublicKeyToken=null" name="ANoteWithAllValidPropertiesIsValid" />
    </UnitTest>
    <UnitTest name="TaskListsRepositoryGetSharedCallsLoadFromTheUnitOfWork" storage="d:\prompt11-10-cloudcomputing\cloudnotes\cloudnotes.tests.repositories\bin\debug\cloudnotes.tests.repositories.dll" id="9ca52fa0-c559-7623-fd35-fc2380d7afd8">
      <Execution id="8b01e298-3754-4321-9c0e-28e82123f84b" />
      <TestMethod codeBase="D:/PROMPT11-10-CloudComputing/CloudNotes/CloudNotes.Tests.Repositories/bin/Debug/CloudNotes.Tests.Repositories.DLL" adapterTypeName="Microsoft.VisualStudio.TestTools.TestTypes.Unit.UnitTestAdapter, Microsoft.VisualStudio.QualityTools.Tips.UnitTest.Adapter, Version=10.0.0.0, Culture=neutral, PublicKeyToken=b03f5f7f11d50a3a" className="CloudNotes.Tests.Repositories.RepositoriesTests, CloudNotes.Tests.Repositories, Version=1.0.0.0, Culture=neutral, PublicKeyToken=null" name="TaskListsRepositoryGetSharedCallsLoadFromTheUnitOfWork" />
    </UnitTest>
    <UnitTest name="NotesRepositoryNoteWithTitleExistsCallsGetFromTheUnitOfWork" storage="d:\prompt11-10-cloudcomputing\cloudnotes\cloudnotes.tests.repositories\bin\debug\cloudnotes.tests.repositories.dll" id="4b614527-e28c-581c-d382-32a4d4aafc06">
      <Execution id="51d044b9-2f15-4fed-9b7a-0f0c0fd7ca46" />
      <TestMethod codeBase="D:/PROMPT11-10-CloudComputing/CloudNotes/CloudNotes.Tests.Repositories/bin/Debug/CloudNotes.Tests.Repositories.DLL" adapterTypeName="Microsoft.VisualStudio.TestTools.TestTypes.Unit.UnitTestAdapter, Microsoft.VisualStudio.QualityTools.Tips.UnitTest.Adapter, Version=10.0.0.0, Culture=neutral, PublicKeyToken=b03f5f7f11d50a3a" className="CloudNotes.Tests.Repositories.RepositoriesTests, CloudNotes.Tests.Repositories, Version=1.0.0.0, Culture=neutral, PublicKeyToken=null" name="NotesRepositoryNoteWithTitleExistsCallsGetFromTheUnitOfWork" />
    </UnitTest>
    <UnitTest name="ATaskListWithAllPropertiesValidIsValid" storage="d:\prompt11-10-cloudcomputing\cloudnotes\cloudnotes.tests.domain\bin\debug\cloudnotes.tests.domain.dll" id="71f98d0e-df98-5602-5fd6-919d9101bb93">
      <Execution id="cee6ad4e-6e61-4bd8-822c-e1a17be7edab" />
      <TestMethod codeBase="D:/PROMPT11-10-CloudComputing/CloudNotes/CloudNotes.Tests.Domain/bin/Debug/CloudNotes.Tests.Domain.DLL" adapterTypeName="Microsoft.VisualStudio.TestTools.TestTypes.Unit.UnitTestAdapter, Microsoft.VisualStudio.QualityTools.Tips.UnitTest.Adapter, Version=10.0.0.0, Culture=neutral, PublicKeyToken=b03f5f7f11d50a3a" className="CloudNotes.Tests.Domain.DomainTests, CloudNotes.Tests.Domain, Version=1.0.0.0, Culture=neutral, PublicKeyToken=null" name="ATaskListWithAllPropertiesValidIsValid" />
    </UnitTest>
    <UnitTest name="TaskListsRepositoryLoadCallsLoadFromTheUnitOfWork" storage="d:\prompt11-10-cloudcomputing\cloudnotes\cloudnotes.tests.repositories\bin\debug\cloudnotes.tests.repositories.dll" id="23d50d4e-c7ad-15c6-58f2-b5a0b49d6762">
      <Execution id="5e443fb9-96e2-4710-8951-aab5c601354f" />
      <TestMethod codeBase="D:/PROMPT11-10-CloudComputing/CloudNotes/CloudNotes.Tests.Repositories/bin/Debug/CloudNotes.Tests.Repositories.DLL" adapterTypeName="Microsoft.VisualStudio.TestTools.TestTypes.Unit.UnitTestAdapter, Microsoft.VisualStudio.QualityTools.Tips.UnitTest.Adapter, Version=10.0.0.0, Culture=neutral, PublicKeyToken=b03f5f7f11d50a3a" className="CloudNotes.Tests.Repositories.RepositoriesTests, CloudNotes.Tests.Repositories, Version=1.0.0.0, Culture=neutral, PublicKeyToken=null" name="TaskListsRepositoryLoadCallsLoadFromTheUnitOfWork" />
    </UnitTest>
    <UnitTest name="ATaskListWithAnEmptyTittleIsInvalid" storage="d:\prompt11-10-cloudcomputing\cloudnotes\cloudnotes.tests.domain\bin\debug\cloudnotes.tests.domain.dll" id="b0f72c88-e8e6-d5ef-9b19-7fed7babeddb">
      <Execution id="3f2f5199-4e9d-404c-bd8d-e7c9d811a922" />
      <TestMethod codeBase="D:/PROMPT11-10-CloudComputing/CloudNotes/CloudNotes.Tests.Domain/bin/Debug/CloudNotes.Tests.Domain.DLL" adapterTypeName="Microsoft.VisualStudio.TestTools.TestTypes.Unit.UnitTestAdapter, Microsoft.VisualStudio.QualityTools.Tips.UnitTest.Adapter, Version=10.0.0.0, Culture=neutral, PublicKeyToken=b03f5f7f11d50a3a" className="CloudNotes.Tests.Domain.DomainTests, CloudNotes.Tests.Domain, Version=1.0.0.0, Culture=neutral, PublicKeyToken=null" name="ATaskListWithAnEmptyTittleIsInvalid" />
    </UnitTest>
    <UnitTest name="UsersRepositoryDeleteCallsDeleteFromTheUnitOfWork" storage="d:\prompt11-10-cloudcomputing\cloudnotes\cloudnotes.tests.repositories\bin\debug\cloudnotes.tests.repositories.dll" id="1a6e3131-7b28-7bfb-ebe5-62afff858b9e">
      <Execution id="b338d837-b7c3-47a4-a46c-a2ab121e11d9" />
      <TestMethod codeBase="D:/PROMPT11-10-CloudComputing/CloudNotes/CloudNotes.Tests.Repositories/bin/Debug/CloudNotes.Tests.Repositories.DLL" adapterTypeName="Microsoft.VisualStudio.TestTools.TestTypes.Unit.UnitTestAdapter, Microsoft.VisualStudio.QualityTools.Tips.UnitTest.Adapter, Version=10.0.0.0, Culture=neutral, PublicKeyToken=b03f5f7f11d50a3a" className="CloudNotes.Tests.Repositories.RepositoriesTests, CloudNotes.Tests.Repositories, Version=1.0.0.0, Culture=neutral, PublicKeyToken=null" name="UsersRepositoryDeleteCallsDeleteFromTheUnitOfWork" />
    </UnitTest>
    <UnitTest name="AUserWithAnNameAllWhitespacesIsInvalid" storage="d:\prompt11-10-cloudcomputing\cloudnotes\cloudnotes.tests.domain\bin\debug\cloudnotes.tests.domain.dll" id="0e9aff77-2b4b-fe40-b395-e45251f0a1ee">
      <Execution id="1368e03d-38fd-4fb3-922b-a2b941672ac6" />
      <TestMethod codeBase="D:/PROMPT11-10-CloudComputing/CloudNotes/CloudNotes.Tests.Domain/bin/Debug/CloudNotes.Tests.Domain.DLL" adapterTypeName="Microsoft.VisualStudio.TestTools.TestTypes.Unit.UnitTestAdapter, Microsoft.VisualStudio.QualityTools.Tips.UnitTest.Adapter, Version=10.0.0.0, Culture=neutral, PublicKeyToken=b03f5f7f11d50a3a" className="CloudNotes.Tests.Domain.DomainTests, CloudNotes.Tests.Domain, Version=1.0.0.0, Culture=neutral, PublicKeyToken=null" name="AUserWithAnNameAllWhitespacesIsInvalid" />
    </UnitTest>
    <UnitTest name="UsersRepositoryUserIsRegisteredCallsLoadFromTheUnitOfWorkForANewUser" storage="d:\prompt11-10-cloudcomputing\cloudnotes\cloudnotes.tests.repositories\bin\debug\cloudnotes.tests.repositories.dll" id="207fa172-124e-7710-3ae1-207f7e188ab7">
      <Execution id="664d5108-f41b-4f56-98b8-b514c5665078" />
      <TestMethod codeBase="D:/PROMPT11-10-CloudComputing/CloudNotes/CloudNotes.Tests.Repositories/bin/Debug/CloudNotes.Tests.Repositories.DLL" adapterTypeName="Microsoft.VisualStudio.TestTools.TestTypes.Unit.UnitTestAdapter, Microsoft.VisualStudio.QualityTools.Tips.UnitTest.Adapter, Version=10.0.0.0, Culture=neutral, PublicKeyToken=b03f5f7f11d50a3a" className="CloudNotes.Tests.Repositories.RepositoriesTests, CloudNotes.Tests.Repositories, Version=1.0.0.0, Culture=neutral, PublicKeyToken=null" name="UsersRepositoryUserIsRegisteredCallsLoadFromTheUnitOfWorkForANewUser" />
    </UnitTest>
    <UnitTest name="ANoteWithANullOwnerIsInvalid" storage="d:\prompt11-10-cloudcomputing\cloudnotes\cloudnotes.tests.domain\bin\debug\cloudnotes.tests.domain.dll" id="e814db0b-a976-414f-8c66-ad00681e848f">
      <Execution id="41ec123e-48db-4c7e-a7a7-98920907a2c3" />
      <TestMethod codeBase="D:/PROMPT11-10-CloudComputing/CloudNotes/CloudNotes.Tests.Domain/bin/Debug/CloudNotes.Tests.Domain.DLL" adapterTypeName="Microsoft.VisualStudio.TestTools.TestTypes.Unit.UnitTestAdapter, Microsoft.VisualStudio.QualityTools.Tips.UnitTest.Adapter, Version=10.0.0.0, Culture=neutral, PublicKeyToken=b03f5f7f11d50a3a" className="CloudNotes.Tests.Domain.DomainTests, CloudNotes.Tests.Domain, Version=1.0.0.0, Culture=neutral, PublicKeyToken=null" name="ANoteWithANullOwnerIsInvalid" />
    </UnitTest>
    <UnitTest name="AUserWithAnNameThatHasTheCharacterHypenIsInvalid" storage="d:\prompt11-10-cloudcomputing\cloudnotes\cloudnotes.tests.domain\bin\debug\cloudnotes.tests.domain.dll" id="710056e6-b337-9739-6344-1fd443c7a2b3">
      <Execution id="e58bede1-c6ce-406e-be23-3c9f8534cb6c" />
      <TestMethod codeBase="D:/PROMPT11-10-CloudComputing/CloudNotes/CloudNotes.Tests.Domain/bin/Debug/CloudNotes.Tests.Domain.DLL" adapterTypeName="Microsoft.VisualStudio.TestTools.TestTypes.Unit.UnitTestAdapter, Microsoft.VisualStudio.QualityTools.Tips.UnitTest.Adapter, Version=10.0.0.0, Culture=neutral, PublicKeyToken=b03f5f7f11d50a3a" className="CloudNotes.Tests.Domain.DomainTests, CloudNotes.Tests.Domain, Version=1.0.0.0, Culture=neutral, PublicKeyToken=null" name="AUserWithAnNameThatHasTheCharacterHypenIsInvalid" />
    </UnitTest>
    <UnitTest name="NotesRepositoryGetCallsGetFromTheUnitOfWorkAndReturnsAnExistingNote" storage="d:\prompt11-10-cloudcomputing\cloudnotes\cloudnotes.tests.repositories\bin\debug\cloudnotes.tests.repositories.dll" id="53bf3163-df0e-9e62-fb0d-6671ad5acf2e">
      <Execution id="9cf15a70-1989-4675-930e-15ab1f1a8e65" />
      <TestMethod codeBase="D:/PROMPT11-10-CloudComputing/CloudNotes/CloudNotes.Tests.Repositories/bin/Debug/CloudNotes.Tests.Repositories.DLL" adapterTypeName="Microsoft.VisualStudio.TestTools.TestTypes.Unit.UnitTestAdapter, Microsoft.VisualStudio.QualityTools.Tips.UnitTest.Adapter, Version=10.0.0.0, Culture=neutral, PublicKeyToken=b03f5f7f11d50a3a" className="CloudNotes.Tests.Repositories.RepositoriesTests, CloudNotes.Tests.Repositories, Version=1.0.0.0, Culture=neutral, PublicKeyToken=null" name="NotesRepositoryGetCallsGetFromTheUnitOfWorkAndReturnsAnExistingNote" />
    </UnitTest>
    <UnitTest name="UsersRepositoryGetByIdentifiersCallsLoadFromTheUnitOfWorkForAnExistingUser" storage="d:\prompt11-10-cloudcomputing\cloudnotes\cloudnotes.tests.repositories\bin\debug\cloudnotes.tests.repositories.dll" id="2ebf2434-3f8b-3932-cf00-13d37349040e">
      <Execution id="ad58efdf-792f-4e74-8923-34c52320256f" />
      <TestMethod codeBase="D:/PROMPT11-10-CloudComputing/CloudNotes/CloudNotes.Tests.Repositories/bin/Debug/CloudNotes.Tests.Repositories.DLL" adapterTypeName="Microsoft.VisualStudio.TestTools.TestTypes.Unit.UnitTestAdapter, Microsoft.VisualStudio.QualityTools.Tips.UnitTest.Adapter, Version=10.0.0.0, Culture=neutral, PublicKeyToken=b03f5f7f11d50a3a" className="CloudNotes.Tests.Repositories.RepositoriesTests, CloudNotes.Tests.Repositories, Version=1.0.0.0, Culture=neutral, PublicKeyToken=null" name="UsersRepositoryGetByIdentifiersCallsLoadFromTheUnitOfWorkForAnExistingUser" />
    </UnitTest>
    <UnitTest name="ANoteWithAnEmptyContentIsInvalid" storage="d:\prompt11-10-cloudcomputing\cloudnotes\cloudnotes.tests.domain\bin\debug\cloudnotes.tests.domain.dll" id="852657b0-510e-88d6-c043-399bc17187ed">
      <Execution id="e3d72c6d-aecf-4642-8274-7ce2e99f6b49" />
      <TestMethod codeBase="D:/PROMPT11-10-CloudComputing/CloudNotes/CloudNotes.Tests.Domain/bin/Debug/CloudNotes.Tests.Domain.DLL" adapterTypeName="Microsoft.VisualStudio.TestTools.TestTypes.Unit.UnitTestAdapter, Microsoft.VisualStudio.QualityTools.Tips.UnitTest.Adapter, Version=10.0.0.0, Culture=neutral, PublicKeyToken=b03f5f7f11d50a3a" className="CloudNotes.Tests.Domain.DomainTests, CloudNotes.Tests.Domain, Version=1.0.0.0, Culture=neutral, PublicKeyToken=null" name="ANoteWithAnEmptyContentIsInvalid" />
    </UnitTest>
    <UnitTest name="UsersRepositoryGetCallsGetFromTheUnitOfWorkAndReturnsNullForANonExistingUser" storage="d:\prompt11-10-cloudcomputing\cloudnotes\cloudnotes.tests.repositories\bin\debug\cloudnotes.tests.repositories.dll" id="8f90efd1-0a3e-6847-1469-eec0d3368773">
      <Execution id="17a1e1af-29a6-4cb9-871a-706e23c96fd9" />
      <TestMethod codeBase="D:/PROMPT11-10-CloudComputing/CloudNotes/CloudNotes.Tests.Repositories/bin/Debug/CloudNotes.Tests.Repositories.DLL" adapterTypeName="Microsoft.VisualStudio.TestTools.TestTypes.Unit.UnitTestAdapter, Microsoft.VisualStudio.QualityTools.Tips.UnitTest.Adapter, Version=10.0.0.0, Culture=neutral, PublicKeyToken=b03f5f7f11d50a3a" className="CloudNotes.Tests.Repositories.RepositoriesTests, CloudNotes.Tests.Repositories, Version=1.0.0.0, Culture=neutral, PublicKeyToken=null" name="UsersRepositoryGetCallsGetFromTheUnitOfWorkAndReturnsNullForANonExistingUser" />
    </UnitTest>
    <UnitTest name="TaskListsRepositoryGetCallsGetFromTheUnitOfWorkAndReturnsNullForANonExistingTaskList" storage="d:\prompt11-10-cloudcomputing\cloudnotes\cloudnotes.tests.repositories\bin\debug\cloudnotes.tests.repositories.dll" id="8d3bfe9f-40a5-6515-7c0c-d1c6b7990ea3">
      <Execution id="c87ff5cc-d673-411d-a5b0-ec29a81c4754" />
      <TestMethod codeBase="D:/PROMPT11-10-CloudComputing/CloudNotes/CloudNotes.Tests.Repositories/bin/Debug/CloudNotes.Tests.Repositories.DLL" adapterTypeName="Microsoft.VisualStudio.TestTools.TestTypes.Unit.UnitTestAdapter, Microsoft.VisualStudio.QualityTools.Tips.UnitTest.Adapter, Version=10.0.0.0, Culture=neutral, PublicKeyToken=b03f5f7f11d50a3a" className="CloudNotes.Tests.Repositories.RepositoriesTests, CloudNotes.Tests.Repositories, Version=1.0.0.0, Culture=neutral, PublicKeyToken=null" name="TaskListsRepositoryGetCallsGetFromTheUnitOfWorkAndReturnsNullForANonExistingTaskList" />
    </UnitTest>
    <UnitTest name="UsersRepositoryGetCallsGetFromTheUnitOfWorkAndReturnsAExistingUser" storage="d:\prompt11-10-cloudcomputing\cloudnotes\cloudnotes.tests.repositories\bin\debug\cloudnotes.tests.repositories.dll" id="b8b966b4-c265-1627-ba5e-4d3e17d291be">
      <Execution id="2e1d9f94-a0a6-491d-8181-e665f155c88e" />
      <TestMethod codeBase="D:/PROMPT11-10-CloudComputing/CloudNotes/CloudNotes.Tests.Repositories/bin/Debug/CloudNotes.Tests.Repositories.DLL" adapterTypeName="Microsoft.VisualStudio.TestTools.TestTypes.Unit.UnitTestAdapter, Microsoft.VisualStudio.QualityTools.Tips.UnitTest.Adapter, Version=10.0.0.0, Culture=neutral, PublicKeyToken=b03f5f7f11d50a3a" className="CloudNotes.Tests.Repositories.RepositoriesTests, CloudNotes.Tests.Repositories, Version=1.0.0.0, Culture=neutral, PublicKeyToken=null" name="UsersRepositoryGetCallsGetFromTheUnitOfWorkAndReturnsAExistingUser" />
    </UnitTest>
    <UnitTest name="ANoteWithContentLongerThan50CharactersIsInvalid" storage="d:\prompt11-10-cloudcomputing\cloudnotes\cloudnotes.tests.domain\bin\debug\cloudnotes.tests.domain.dll" id="7a009e26-62e5-1f69-5cdb-854dc672f6ae">
      <Execution id="b57a2169-76a8-48f4-9832-29778ea23aa2" />
      <TestMethod codeBase="D:/PROMPT11-10-CloudComputing/CloudNotes/CloudNotes.Tests.Domain/bin/Debug/CloudNotes.Tests.Domain.DLL" adapterTypeName="Microsoft.VisualStudio.TestTools.TestTypes.Unit.UnitTestAdapter, Microsoft.VisualStudio.QualityTools.Tips.UnitTest.Adapter, Version=10.0.0.0, Culture=neutral, PublicKeyToken=b03f5f7f11d50a3a" className="CloudNotes.Tests.Domain.DomainTests, CloudNotes.Tests.Domain, Version=1.0.0.0, Culture=neutral, PublicKeyToken=null" name="ANoteWithContentLongerThan50CharactersIsInvalid" />
    </UnitTest>
    <UnitTest name="UsersRepositoryLoadNoteOwnerCallsLoadAndGetFromTheUnitOfWork" storage="d:\prompt11-10-cloudcomputing\cloudnotes\cloudnotes.tests.repositories\bin\debug\cloudnotes.tests.repositories.dll" id="e3d8badb-d961-d4d2-2fc7-38832d7198cd">
      <Execution id="a48bf31e-a757-410e-a63e-94f9845ab103" />
      <TestMethod codeBase="D:/PROMPT11-10-CloudComputing/CloudNotes/CloudNotes.Tests.Repositories/bin/Debug/CloudNotes.Tests.Repositories.DLL" adapterTypeName="Microsoft.VisualStudio.TestTools.TestTypes.Unit.UnitTestAdapter, Microsoft.VisualStudio.QualityTools.Tips.UnitTest.Adapter, Version=10.0.0.0, Culture=neutral, PublicKeyToken=b03f5f7f11d50a3a" className="CloudNotes.Tests.Repositories.RepositoriesTests, CloudNotes.Tests.Repositories, Version=1.0.0.0, Culture=neutral, PublicKeyToken=null" name="UsersRepositoryLoadNoteOwnerCallsLoadAndGetFromTheUnitOfWork" />
    </UnitTest>
    <UnitTest name="ANoteWithANullContainerListIsInvalid" storage="d:\prompt11-10-cloudcomputing\cloudnotes\cloudnotes.tests.domain\bin\debug\cloudnotes.tests.domain.dll" id="2096f5a0-1903-5db2-2c40-833b3a14e68d">
      <Execution id="732b3e16-6297-4636-8af8-84d4b02d8f0b" />
      <TestMethod codeBase="D:/PROMPT11-10-CloudComputing/CloudNotes/CloudNotes.Tests.Domain/bin/Debug/CloudNotes.Tests.Domain.DLL" adapterTypeName="Microsoft.VisualStudio.TestTools.TestTypes.Unit.UnitTestAdapter, Microsoft.VisualStudio.QualityTools.Tips.UnitTest.Adapter, Version=10.0.0.0, Culture=neutral, PublicKeyToken=b03f5f7f11d50a3a" className="CloudNotes.Tests.Domain.DomainTests, CloudNotes.Tests.Domain, Version=1.0.0.0, Culture=neutral, PublicKeyToken=null" name="ANoteWithANullContainerListIsInvalid" />
    </UnitTest>
    <UnitTest name="NotesRepositoryGetCallsGetFromTheUnitOfWorkAndReturnsNullForANonExistingNote" storage="d:\prompt11-10-cloudcomputing\cloudnotes\cloudnotes.tests.repositories\bin\debug\cloudnotes.tests.repositories.dll" id="a49419de-351d-ddee-3740-c07af74b36d5">
      <Execution id="53e7973c-1687-403b-9a80-86ff84b4dd92" />
      <TestMethod codeBase="D:/PROMPT11-10-CloudComputing/CloudNotes/CloudNotes.Tests.Repositories/bin/Debug/CloudNotes.Tests.Repositories.DLL" adapterTypeName="Microsoft.VisualStudio.TestTools.TestTypes.Unit.UnitTestAdapter, Microsoft.VisualStudio.QualityTools.Tips.UnitTest.Adapter, Version=10.0.0.0, Culture=neutral, PublicKeyToken=b03f5f7f11d50a3a" className="CloudNotes.Tests.Repositories.RepositoriesTests, CloudNotes.Tests.Repositories, Version=1.0.0.0, Culture=neutral, PublicKeyToken=null" name="NotesRepositoryGetCallsGetFromTheUnitOfWorkAndReturnsNullForANonExistingNote" />
    </UnitTest>
    <UnitTest name="NotesRepositoryDeleteCallsDeletesFromTheUnitOfWork" storage="d:\prompt11-10-cloudcomputing\cloudnotes\cloudnotes.tests.repositories\bin\debug\cloudnotes.tests.repositories.dll" id="2d4e2a1a-222a-051d-2148-b1b6eab73111">
      <Execution id="07c611c0-84f4-496b-8ed8-a05d626308d6" />
      <TestMethod codeBase="D:/PROMPT11-10-CloudComputing/CloudNotes/CloudNotes.Tests.Repositories/bin/Debug/CloudNotes.Tests.Repositories.DLL" adapterTypeName="Microsoft.VisualStudio.TestTools.TestTypes.Unit.UnitTestAdapter, Microsoft.VisualStudio.QualityTools.Tips.UnitTest.Adapter, Version=10.0.0.0, Culture=neutral, PublicKeyToken=b03f5f7f11d50a3a" className="CloudNotes.Tests.Repositories.RepositoriesTests, CloudNotes.Tests.Repositories, Version=1.0.0.0, Culture=neutral, PublicKeyToken=null" name="NotesRepositoryDeleteCallsDeletesFromTheUnitOfWork" />
    </UnitTest>
    <UnitTest name="ATaskListWithATittleLongerThan20CharactersIsInvalid" storage="d:\prompt11-10-cloudcomputing\cloudnotes\cloudnotes.tests.domain\bin\debug\cloudnotes.tests.domain.dll" id="14c0b5c2-e01e-d3c7-468e-9874da6b0406">
      <Execution id="0a1c39fc-0e8f-4728-a99b-c652852e0d1b" />
      <TestMethod codeBase="D:/PROMPT11-10-CloudComputing/CloudNotes/CloudNotes.Tests.Domain/bin/Debug/CloudNotes.Tests.Domain.DLL" adapterTypeName="Microsoft.VisualStudio.TestTools.TestTypes.Unit.UnitTestAdapter, Microsoft.VisualStudio.QualityTools.Tips.UnitTest.Adapter, Version=10.0.0.0, Culture=neutral, PublicKeyToken=b03f5f7f11d50a3a" className="CloudNotes.Tests.Domain.DomainTests, CloudNotes.Tests.Domain, Version=1.0.0.0, Culture=neutral, PublicKeyToken=null" name="ATaskListWithATittleLongerThan20CharactersIsInvalid" />
    </UnitTest>
    <UnitTest name="UsersRepositoryGetCallsWithFilterGetFromTheUnitOfWorkAndReturnsAExistingTaskList" storage="d:\prompt11-10-cloudcomputing\cloudnotes\cloudnotes.tests.repositories\bin\debug\cloudnotes.tests.repositories.dll" id="9863ea66-4389-d916-e2df-c69ea144bb25">
      <Execution id="26c97af8-2e65-43c7-8697-b032c02e7232" />
      <TestMethod codeBase="D:/PROMPT11-10-CloudComputing/CloudNotes/CloudNotes.Tests.Repositories/bin/Debug/CloudNotes.Tests.Repositories.DLL" adapterTypeName="Microsoft.VisualStudio.TestTools.TestTypes.Unit.UnitTestAdapter, Microsoft.VisualStudio.QualityTools.Tips.UnitTest.Adapter, Version=10.0.0.0, Culture=neutral, PublicKeyToken=b03f5f7f11d50a3a" className="CloudNotes.Tests.Repositories.RepositoriesTests, CloudNotes.Tests.Repositories, Version=1.0.0.0, Culture=neutral, PublicKeyToken=null" name="UsersRepositoryGetCallsWithFilterGetFromTheUnitOfWorkAndReturnsAExistingTaskList" />
    </UnitTest>
    <UnitTest name="TaskListRepositoryLoadContainerCallsGetsFromTheUnitOfWork" storage="d:\prompt11-10-cloudcomputing\cloudnotes\cloudnotes.tests.repositories\bin\debug\cloudnotes.tests.repositories.dll" id="7a76042e-b11e-169d-7b16-2fadf1332acd">
      <Execution id="53d7f274-ae87-43da-9a3e-5a174b987160" />
      <TestMethod codeBase="D:/PROMPT11-10-CloudComputing/CloudNotes/CloudNotes.Tests.Repositories/bin/Debug/CloudNotes.Tests.Repositories.DLL" adapterTypeName="Microsoft.VisualStudio.TestTools.TestTypes.Unit.UnitTestAdapter, Microsoft.VisualStudio.QualityTools.Tips.UnitTest.Adapter, Version=10.0.0.0, Culture=neutral, PublicKeyToken=b03f5f7f11d50a3a" className="CloudNotes.Tests.Repositories.RepositoriesTests, CloudNotes.Tests.Repositories, Version=1.0.0.0, Culture=neutral, PublicKeyToken=null" name="TaskListRepositoryLoadContainerCallsGetsFromTheUnitOfWork" />
    </UnitTest>
    <UnitTest name="NotesRepositoryAddShareCallsCreateFromTheUnitOfWork" storage="d:\prompt11-10-cloudcomputing\cloudnotes\cloudnotes.tests.repositories\bin\debug\cloudnotes.tests.repositories.dll" id="7d6998de-08bc-b5a5-f97c-68e4a87d69dc">
      <Execution id="2b6ed95c-85f6-402f-aaaa-d709d78e9f04" />
      <TestMethod codeBase="D:/PROMPT11-10-CloudComputing/CloudNotes/CloudNotes.Tests.Repositories/bin/Debug/CloudNotes.Tests.Repositories.DLL" adapterTypeName="Microsoft.VisualStudio.TestTools.TestTypes.Unit.UnitTestAdapter, Microsoft.VisualStudio.QualityTools.Tips.UnitTest.Adapter, Version=10.0.0.0, Culture=neutral, PublicKeyToken=b03f5f7f11d50a3a" className="CloudNotes.Tests.Repositories.RepositoriesTests, CloudNotes.Tests.Repositories, Version=1.0.0.0, Culture=neutral, PublicKeyToken=null" name="NotesRepositoryAddShareCallsCreateFromTheUnitOfWork" />
    </UnitTest>
    <UnitTest name="TaskListsRepositoryAddShareCallsCreateFromTheUnitOfWork" storage="d:\prompt11-10-cloudcomputing\cloudnotes\cloudnotes.tests.repositories\bin\debug\cloudnotes.tests.repositories.dll" id="289b20e7-b260-bab8-9e9b-721680a9b151">
      <Execution id="680dae7d-6c41-4fab-ba27-b12d117810b1" />
      <TestMethod codeBase="D:/PROMPT11-10-CloudComputing/CloudNotes/CloudNotes.Tests.Repositories/bin/Debug/CloudNotes.Tests.Repositories.DLL" adapterTypeName="Microsoft.VisualStudio.TestTools.TestTypes.Unit.UnitTestAdapter, Microsoft.VisualStudio.QualityTools.Tips.UnitTest.Adapter, Version=10.0.0.0, Culture=neutral, PublicKeyToken=b03f5f7f11d50a3a" className="CloudNotes.Tests.Repositories.RepositoriesTests, CloudNotes.Tests.Repositories, Version=1.0.0.0, Culture=neutral, PublicKeyToken=null" name="TaskListsRepositoryAddShareCallsCreateFromTheUnitOfWork" />
    </UnitTest>
    <UnitTest name="TaskListsRepositoryGetCallsWithFilterGetFromTheUnitOfWorkAndReturnsAExistingTaskList" storage="d:\prompt11-10-cloudcomputing\cloudnotes\cloudnotes.tests.repositories\bin\debug\cloudnotes.tests.repositories.dll" id="ad8e41a5-ec19-61e8-ab78-b0066874f9a4">
      <Execution id="b5a64c12-6443-4fdc-bca7-7fb1f9f5c079" />
      <TestMethod codeBase="D:/PROMPT11-10-CloudComputing/CloudNotes/CloudNotes.Tests.Repositories/bin/Debug/CloudNotes.Tests.Repositories.DLL" adapterTypeName="Microsoft.VisualStudio.TestTools.TestTypes.Unit.UnitTestAdapter, Microsoft.VisualStudio.QualityTools.Tips.UnitTest.Adapter, Version=10.0.0.0, Culture=neutral, PublicKeyToken=b03f5f7f11d50a3a" className="CloudNotes.Tests.Repositories.RepositoriesTests, CloudNotes.Tests.Repositories, Version=1.0.0.0, Culture=neutral, PublicKeyToken=null" name="TaskListsRepositoryGetCallsWithFilterGetFromTheUnitOfWorkAndReturnsAExistingTaskList" />
    </UnitTest>
    <UnitTest name="AUserWithAValidEmailIsValid" storage="d:\prompt11-10-cloudcomputing\cloudnotes\cloudnotes.tests.domain\bin\debug\cloudnotes.tests.domain.dll" id="7d09f543-4324-80a8-54ae-156dcda31038">
      <Execution id="e1fded61-5d7b-46e8-9182-c0aaffcb18dc" />
      <TestMethod codeBase="D:/PROMPT11-10-CloudComputing/CloudNotes/CloudNotes.Tests.Domain/bin/Debug/CloudNotes.Tests.Domain.DLL" adapterTypeName="Microsoft.VisualStudio.TestTools.TestTypes.Unit.UnitTestAdapter, Microsoft.VisualStudio.QualityTools.Tips.UnitTest.Adapter, Version=10.0.0.0, Culture=neutral, PublicKeyToken=b03f5f7f11d50a3a" className="CloudNotes.Tests.Domain.DomainTests, CloudNotes.Tests.Domain, Version=1.0.0.0, Culture=neutral, PublicKeyToken=null" name="AUserWithAValidEmailIsValid" />
    </UnitTest>
    <UnitTest name="TaskListsRepositoryCreateCallsCreatesFromTheUnitOfWork" storage="d:\prompt11-10-cloudcomputing\cloudnotes\cloudnotes.tests.repositories\bin\debug\cloudnotes.tests.repositories.dll" id="68515e07-492a-8340-8ae8-e1f724f6552a">
      <Execution id="526d2da1-baa5-4762-aae0-c0245e0b0858" />
      <TestMethod codeBase="D:/PROMPT11-10-CloudComputing/CloudNotes/CloudNotes.Tests.Repositories/bin/Debug/CloudNotes.Tests.Repositories.DLL" adapterTypeName="Microsoft.VisualStudio.TestTools.TestTypes.Unit.UnitTestAdapter, Microsoft.VisualStudio.QualityTools.Tips.UnitTest.Adapter, Version=10.0.0.0, Culture=neutral, PublicKeyToken=b03f5f7f11d50a3a" className="CloudNotes.Tests.Repositories.RepositoriesTests, CloudNotes.Tests.Repositories, Version=1.0.0.0, Culture=neutral, PublicKeyToken=null" name="TaskListsRepositoryCreateCallsCreatesFromTheUnitOfWork" />
    </UnitTest>
    <UnitTest name="UsersRepositoryUpdateCallsUpdateFromTheUnitOfWork" storage="d:\prompt11-10-cloudcomputing\cloudnotes\cloudnotes.tests.repositories\bin\debug\cloudnotes.tests.repositories.dll" id="da07899b-e0b9-f639-2145-62f05a55637a">
      <Execution id="97e5f80f-b359-44f3-80ec-4fec3878dde3" />
      <TestMethod codeBase="D:/PROMPT11-10-CloudComputing/CloudNotes/CloudNotes.Tests.Repositories/bin/Debug/CloudNotes.Tests.Repositories.DLL" adapterTypeName="Microsoft.VisualStudio.TestTools.TestTypes.Unit.UnitTestAdapter, Microsoft.VisualStudio.QualityTools.Tips.UnitTest.Adapter, Version=10.0.0.0, Culture=neutral, PublicKeyToken=b03f5f7f11d50a3a" className="CloudNotes.Tests.Repositories.RepositoriesTests, CloudNotes.Tests.Repositories, Version=1.0.0.0, Culture=neutral, PublicKeyToken=null" name="UsersRepositoryUpdateCallsUpdateFromTheUnitOfWork" />
    </UnitTest>
  </TestDefinitions>
  <TestLists>
    <TestList name="Results Not in a List" id="8c84fa94-04c1-424b-9868-57a2d4851a1d" />
    <TestList name="All Loaded Results" id="19431567-8539-422a-85d7-44ee4e166bda" />
  </TestLists>
  <TestEntries>
    <TestEntry testId="00d57f25-d21b-e712-e7ff-b98a3d6f01aa" executionId="a026d396-2ce8-458d-b9b3-50ec03bc54ce" testListId="8c84fa94-04c1-424b-9868-57a2d4851a1d" />
    <TestEntry testId="07851a54-f9f2-0370-ef52-acf62480dca3" executionId="0688a4ba-c2f1-418c-ad5d-96963a712856" testListId="8c84fa94-04c1-424b-9868-57a2d4851a1d" />
    <TestEntry testId="0e9aff77-2b4b-fe40-b395-e45251f0a1ee" executionId="1368e03d-38fd-4fb3-922b-a2b941672ac6" testListId="8c84fa94-04c1-424b-9868-57a2d4851a1d" />
    <TestEntry testId="14c0b5c2-e01e-d3c7-468e-9874da6b0406" executionId="0a1c39fc-0e8f-4728-a99b-c652852e0d1b" testListId="8c84fa94-04c1-424b-9868-57a2d4851a1d" />
    <TestEntry testId="157b3a3d-66d6-d440-327f-479b45016df4" executionId="15c5b8b5-acd0-4015-b96f-68620a3d595b" testListId="8c84fa94-04c1-424b-9868-57a2d4851a1d" />
    <TestEntry testId="17943233-8015-a282-b442-243916829980" executionId="b4288659-e87e-4627-823f-9969af18bce5" testListId="8c84fa94-04c1-424b-9868-57a2d4851a1d" />
    <TestEntry testId="1a6e3131-7b28-7bfb-ebe5-62afff858b9e" executionId="b338d837-b7c3-47a4-a46c-a2ab121e11d9" testListId="8c84fa94-04c1-424b-9868-57a2d4851a1d" />
    <TestEntry testId="1c5a4485-18eb-1fb7-a783-fbf6aecbe579" executionId="cde983a6-5b9a-4bb1-9f5e-8f6cdcbdfcc0" testListId="8c84fa94-04c1-424b-9868-57a2d4851a1d" />
    <TestEntry testId="1d280656-e2df-5314-433f-b3591c27440d" executionId="f5ed9707-0ab7-4870-8246-24df036d5b91" testListId="8c84fa94-04c1-424b-9868-57a2d4851a1d" />
    <TestEntry testId="207fa172-124e-7710-3ae1-207f7e188ab7" executionId="664d5108-f41b-4f56-98b8-b514c5665078" testListId="8c84fa94-04c1-424b-9868-57a2d4851a1d" />
    <TestEntry testId="2096f5a0-1903-5db2-2c40-833b3a14e68d" executionId="732b3e16-6297-4636-8af8-84d4b02d8f0b" testListId="8c84fa94-04c1-424b-9868-57a2d4851a1d" />
    <TestEntry testId="23d50d4e-c7ad-15c6-58f2-b5a0b49d6762" executionId="5e443fb9-96e2-4710-8951-aab5c601354f" testListId="8c84fa94-04c1-424b-9868-57a2d4851a1d" />
    <TestEntry testId="243a3723-c759-1bdb-8565-43030030c8e3" executionId="3b9b7655-b26a-4559-ac71-eb0e3357b2b5" testListId="8c84fa94-04c1-424b-9868-57a2d4851a1d" />
    <TestEntry testId="289b20e7-b260-bab8-9e9b-721680a9b151" executionId="680dae7d-6c41-4fab-ba27-b12d117810b1" testListId="8c84fa94-04c1-424b-9868-57a2d4851a1d" />
    <TestEntry testId="2b244028-df83-e3b8-91b4-eb0f42ff37fe" executionId="536165e8-1924-4465-8731-7a3510c04778" testListId="8c84fa94-04c1-424b-9868-57a2d4851a1d" />
    <TestEntry testId="2d4e2a1a-222a-051d-2148-b1b6eab73111" executionId="07c611c0-84f4-496b-8ed8-a05d626308d6" testListId="8c84fa94-04c1-424b-9868-57a2d4851a1d" />
    <TestEntry testId="2ebf2434-3f8b-3932-cf00-13d37349040e" executionId="ad58efdf-792f-4e74-8923-34c52320256f" testListId="8c84fa94-04c1-424b-9868-57a2d4851a1d" />
    <TestEntry testId="31c722d8-5747-84ab-dbe0-e3286ae27d8d" executionId="239fcfeb-9d93-4019-b392-fb2a2600d9e9" testListId="8c84fa94-04c1-424b-9868-57a2d4851a1d" />
    <TestEntry testId="4b614527-e28c-581c-d382-32a4d4aafc06" executionId="51d044b9-2f15-4fed-9b7a-0f0c0fd7ca46" testListId="8c84fa94-04c1-424b-9868-57a2d4851a1d" />
    <TestEntry testId="53bf3163-df0e-9e62-fb0d-6671ad5acf2e" executionId="9cf15a70-1989-4675-930e-15ab1f1a8e65" testListId="8c84fa94-04c1-424b-9868-57a2d4851a1d" />
    <TestEntry testId="54e67131-47df-e2cb-c7bc-1b2b43b86483" executionId="f715894c-4ed2-4645-8715-6da6bca630ef" testListId="8c84fa94-04c1-424b-9868-57a2d4851a1d" />
    <TestEntry testId="5d59f492-e6d2-4a32-8cb5-8bac5548a5fd" executionId="2d96fd57-4c81-4b51-8557-e877f1741358" testListId="8c84fa94-04c1-424b-9868-57a2d4851a1d" />
    <TestEntry testId="68515e07-492a-8340-8ae8-e1f724f6552a" executionId="526d2da1-baa5-4762-aae0-c0245e0b0858" testListId="8c84fa94-04c1-424b-9868-57a2d4851a1d" />
    <TestEntry testId="68595d26-57a1-321d-c72e-7ab1ba9f7821" executionId="427519d3-6937-4512-86cd-075c3f8be52e" testListId="8c84fa94-04c1-424b-9868-57a2d4851a1d" />
    <TestEntry testId="6eb006b0-f141-29b2-0ec3-c52e70221b01" executionId="0db7b0fd-34df-42e0-9197-33a7a87143a1" testListId="8c84fa94-04c1-424b-9868-57a2d4851a1d" />
    <TestEntry testId="710056e6-b337-9739-6344-1fd443c7a2b3" executionId="e58bede1-c6ce-406e-be23-3c9f8534cb6c" testListId="8c84fa94-04c1-424b-9868-57a2d4851a1d" />
    <TestEntry testId="71f98d0e-df98-5602-5fd6-919d9101bb93" executionId="cee6ad4e-6e61-4bd8-822c-e1a17be7edab" testListId="8c84fa94-04c1-424b-9868-57a2d4851a1d" />
    <TestEntry testId="7a009e26-62e5-1f69-5cdb-854dc672f6ae" executionId="b57a2169-76a8-48f4-9832-29778ea23aa2" testListId="8c84fa94-04c1-424b-9868-57a2d4851a1d" />
    <TestEntry testId="7a76042e-b11e-169d-7b16-2fadf1332acd" executionId="53d7f274-ae87-43da-9a3e-5a174b987160" testListId="8c84fa94-04c1-424b-9868-57a2d4851a1d" />
    <TestEntry testId="7d09f543-4324-80a8-54ae-156dcda31038" executionId="e1fded61-5d7b-46e8-9182-c0aaffcb18dc" testListId="8c84fa94-04c1-424b-9868-57a2d4851a1d" />
    <TestEntry testId="7d6998de-08bc-b5a5-f97c-68e4a87d69dc" executionId="2b6ed95c-85f6-402f-aaaa-d709d78e9f04" testListId="8c84fa94-04c1-424b-9868-57a2d4851a1d" />
    <TestEntry testId="846215b7-3a17-549a-a8bb-e3c8573dbdf6" executionId="66de18f4-9b40-4846-88ae-ae9feedeaf89" testListId="8c84fa94-04c1-424b-9868-57a2d4851a1d" />
    <TestEntry testId="852657b0-510e-88d6-c043-399bc17187ed" executionId="e3d72c6d-aecf-4642-8274-7ce2e99f6b49" testListId="8c84fa94-04c1-424b-9868-57a2d4851a1d" />
    <TestEntry testId="8d3bfe9f-40a5-6515-7c0c-d1c6b7990ea3" executionId="c87ff5cc-d673-411d-a5b0-ec29a81c4754" testListId="8c84fa94-04c1-424b-9868-57a2d4851a1d" />
    <TestEntry testId="8e102b5d-e958-b297-bb65-7f1f98f7fdce" executionId="8e15378f-4f5e-4a39-8b62-28cd69829793" testListId="8c84fa94-04c1-424b-9868-57a2d4851a1d" />
    <TestEntry testId="8f90efd1-0a3e-6847-1469-eec0d3368773" executionId="17a1e1af-29a6-4cb9-871a-706e23c96fd9" testListId="8c84fa94-04c1-424b-9868-57a2d4851a1d" />
    <TestEntry testId="9863ea66-4389-d916-e2df-c69ea144bb25" executionId="26c97af8-2e65-43c7-8697-b032c02e7232" testListId="8c84fa94-04c1-424b-9868-57a2d4851a1d" />
    <TestEntry testId="9ca52fa0-c559-7623-fd35-fc2380d7afd8" executionId="8b01e298-3754-4321-9c0e-28e82123f84b" testListId="8c84fa94-04c1-424b-9868-57a2d4851a1d" />
    <TestEntry testId="a49419de-351d-ddee-3740-c07af74b36d5" executionId="53e7973c-1687-403b-9a80-86ff84b4dd92" testListId="8c84fa94-04c1-424b-9868-57a2d4851a1d" />
    <TestEntry testId="a6c1fa83-a867-97da-f19d-bbb05c37bcee" executionId="42ae571e-fad9-4dee-9a03-1b898d99b5c2" testListId="8c84fa94-04c1-424b-9868-57a2d4851a1d" />
    <TestEntry testId="a780d5d0-43e2-3171-7945-424274cf7cfb" executionId="847d7669-3638-4026-a1a5-d4e3a9123f2a" testListId="8c84fa94-04c1-424b-9868-57a2d4851a1d" />
    <TestEntry testId="a92d683e-6db6-da08-1853-c0e53902a155" executionId="e79074cb-4596-4638-b121-3e2928119d10" testListId="8c84fa94-04c1-424b-9868-57a2d4851a1d" />
    <TestEntry testId="ad8e41a5-ec19-61e8-ab78-b0066874f9a4" executionId="b5a64c12-6443-4fdc-bca7-7fb1f9f5c079" testListId="8c84fa94-04c1-424b-9868-57a2d4851a1d" />
    <TestEntry testId="b0f72c88-e8e6-d5ef-9b19-7fed7babeddb" executionId="3f2f5199-4e9d-404c-bd8d-e7c9d811a922" testListId="8c84fa94-04c1-424b-9868-57a2d4851a1d" />
    <TestEntry testId="b3e5450c-7394-e772-4c0f-83c0f0cc9085" executionId="f62df457-3a3a-41c0-adc3-303178839fc6" testListId="8c84fa94-04c1-424b-9868-57a2d4851a1d" />
    <TestEntry testId="b8b966b4-c265-1627-ba5e-4d3e17d291be" executionId="2e1d9f94-a0a6-491d-8181-e665f155c88e" testListId="8c84fa94-04c1-424b-9868-57a2d4851a1d" />
    <TestEntry testId="c14c078d-036a-ef14-90a0-c1d1a047c940" executionId="9cf29bfc-7965-4d88-8a44-63d78e13a775" testListId="8c84fa94-04c1-424b-9868-57a2d4851a1d" />
    <TestEntry testId="c775d00d-9095-a8a9-2433-76c5a0405657" executionId="e2da3de8-ba2e-49e1-ad93-6a62eb6b0f60" testListId="8c84fa94-04c1-424b-9868-57a2d4851a1d" />
    <TestEntry testId="da07899b-e0b9-f639-2145-62f05a55637a" executionId="97e5f80f-b359-44f3-80ec-4fec3878dde3" testListId="8c84fa94-04c1-424b-9868-57a2d4851a1d" />
    <TestEntry testId="e3d8badb-d961-d4d2-2fc7-38832d7198cd" executionId="a48bf31e-a757-410e-a63e-94f9845ab103" testListId="8c84fa94-04c1-424b-9868-57a2d4851a1d" />
    <TestEntry testId="e7bbd4b2-5c95-3563-fc1e-37f3d3d4a55d" executionId="9d1149b4-6ebc-4478-b4e7-84fe51ad7436" testListId="8c84fa94-04c1-424b-9868-57a2d4851a1d" />
    <TestEntry testId="e814db0b-a976-414f-8c66-ad00681e848f" executionId="41ec123e-48db-4c7e-a7a7-98920907a2c3" testListId="8c84fa94-04c1-424b-9868-57a2d4851a1d" />
    <TestEntry testId="ec7711e0-6e36-94b0-fa70-9adecfa8a8f1" executionId="b561d034-750b-4c69-8c71-6c25c1cc2829" testListId="8c84fa94-04c1-424b-9868-57a2d4851a1d" />
    <TestEntry testId="fd2d9e08-8f5d-4406-828f-63af07dc5bf7" executionId="0061254d-3460-40ef-ba27-67e5f59b4cfd" testListId="8c84fa94-04c1-424b-9868-57a2d4851a1d" />
    <TestEntry testId="ffc79e9b-00ea-8cc7-18d0-a502995f20d0" executionId="19a705a4-d541-4be2-ba82-72d4e14aed81" testListId="8c84fa94-04c1-424b-9868-57a2d4851a1d" />
  </TestEntries>
  <Results>
    <UnitTestResult executionId="a026d396-2ce8-458d-b9b3-50ec03bc54ce" testId="00d57f25-d21b-e712-e7ff-b98a3d6f01aa" testName="ANoteWithAnAllWhitespaceContentIsInvalid" computerName="BLACKBEAUTY" duration="00:00:00.1331117" startTime="2012-08-27T13:54:17.6692975+01:00" endTime="2012-08-27T13:54:18.6733549+01:00" testType="13cdc9d9-ddb5-4fa4-a97d-d965ccfc6d4b" outcome="Passed" testListId="8c84fa94-04c1-424b-9868-57a2d4851a1d" relativeResultsDirectory="a026d396-2ce8-458d-b9b3-50ec03bc54ce">
    </UnitTestResult>
    <UnitTestResult executionId="0688a4ba-c2f1-418c-ad5d-96963a712856" testId="07851a54-f9f2-0370-ef52-acf62480dca3" testName="ANoteWithAnAllWhitespaceTittleIsInvalid" computerName="BLACKBEAUTY" duration="00:00:00.0005873" startTime="2012-08-27T13:54:18.6813554+01:00" endTime="2012-08-27T13:54:18.6893558+01:00" testType="13cdc9d9-ddb5-4fa4-a97d-d965ccfc6d4b" outcome="Passed" testListId="8c84fa94-04c1-424b-9868-57a2d4851a1d" relativeResultsDirectory="0688a4ba-c2f1-418c-ad5d-96963a712856">
    </UnitTestResult>
    <UnitTestResult executionId="1368e03d-38fd-4fb3-922b-a2b941672ac6" testId="0e9aff77-2b4b-fe40-b395-e45251f0a1ee" testName="AUserWithAnNameAllWhitespacesIsInvalid" computerName="BLACKBEAUTY" duration="00:00:00.0053061" startTime="2012-08-27T13:54:18.6913560+01:00" endTime="2012-08-27T13:54:18.7023566+01:00" testType="13cdc9d9-ddb5-4fa4-a97d-d965ccfc6d4b" outcome="Passed" testListId="8c84fa94-04c1-424b-9868-57a2d4851a1d" relativeResultsDirectory="1368e03d-38fd-4fb3-922b-a2b941672ac6">
    </UnitTestResult>
    <UnitTestResult executionId="0a1c39fc-0e8f-4728-a99b-c652852e0d1b" testId="14c0b5c2-e01e-d3c7-468e-9874da6b0406" testName="ATaskListWithATittleLongerThan20CharactersIsInvalid" computerName="BLACKBEAUTY" duration="00:00:00.0035193" startTime="2012-08-27T13:54:18.7053568+01:00" endTime="2012-08-27T13:54:18.7163574+01:00" testType="13cdc9d9-ddb5-4fa4-a97d-d965ccfc6d4b" outcome="Passed" testListId="8c84fa94-04c1-424b-9868-57a2d4851a1d" relativeResultsDirectory="0a1c39fc-0e8f-4728-a99b-c652852e0d1b">
    </UnitTestResult>
    <UnitTestResult executionId="15c5b8b5-acd0-4015-b96f-68620a3d595b" testId="157b3a3d-66d6-d440-327f-479b45016df4" testName="ANoteWithAnEmptyTittleIsInvalid" computerName="BLACKBEAUTY" duration="00:00:00.0005084" startTime="2012-08-27T13:54:18.7183575+01:00" endTime="2012-08-27T13:54:18.7243578+01:00" testType="13cdc9d9-ddb5-4fa4-a97d-d965ccfc6d4b" outcome="Passed" testListId="8c84fa94-04c1-424b-9868-57a2d4851a1d" relativeResultsDirectory="15c5b8b5-acd0-4015-b96f-68620a3d595b">
    </UnitTestResult>
    <UnitTestResult executionId="b4288659-e87e-4627-823f-9969af18bce5" testId="17943233-8015-a282-b442-243916829980" testName="NotesRepositoryLoadCallsLoadFromTheUnitOfWork" computerName="BLACKBEAUTY" duration="00:00:00.6848782" startTime="2012-08-27T13:54:18.7263580+01:00" endTime="2012-08-27T13:54:19.7414160+01:00" testType="13cdc9d9-ddb5-4fa4-a97d-d965ccfc6d4b" outcome="Passed" testListId="8c84fa94-04c1-424b-9868-57a2d4851a1d" relativeResultsDirectory="b4288659-e87e-4627-823f-9969af18bce5">
    </UnitTestResult>
    <UnitTestResult executionId="b338d837-b7c3-47a4-a46c-a2ab121e11d9" testId="1a6e3131-7b28-7bfb-ebe5-62afff858b9e" testName="UsersRepositoryDeleteCallsDeleteFromTheUnitOfWork" computerName="BLACKBEAUTY" duration="00:00:00.0067291" startTime="2012-08-27T13:54:19.7444162+01:00" endTime="2012-08-27T13:54:19.7564169+01:00" testType="13cdc9d9-ddb5-4fa4-a97d-d965ccfc6d4b" outcome="Passed" testListId="8c84fa94-04c1-424b-9868-57a2d4851a1d" relativeResultsDirectory="b338d837-b7c3-47a4-a46c-a2ab121e11d9">
    </UnitTestResult>
    <UnitTestResult executionId="cde983a6-5b9a-4bb1-9f5e-8f6cdcbdfcc0" testId="1c5a4485-18eb-1fb7-a783-fbf6aecbe579" testName="TaskListsRepositoryRemoveShareCallsDeleteFromTheUnitOfWork" computerName="BLACKBEAUTY" duration="00:00:00.0192199" startTime="2012-08-27T13:54:19.7654174+01:00" endTime="2012-08-27T13:54:19.7894188+01:00" testType="13cdc9d9-ddb5-4fa4-a97d-d965ccfc6d4b" outcome="Passed" testListId="8c84fa94-04c1-424b-9868-57a2d4851a1d" relativeResultsDirectory="cde983a6-5b9a-4bb1-9f5e-8f6cdcbdfcc0">
    </UnitTestResult>
    <UnitTestResult executionId="f5ed9707-0ab7-4870-8246-24df036d5b91" testId="1d280656-e2df-5314-433f-b3591c27440d" testName="NotesRepositoryHasPermisionToEditCallsGetFromTheUnitOfWork" computerName="BLACKBEAUTY" duration="00:00:00.0127390" startTime="2012-08-27T13:54:19.7914189+01:00" endTime="2012-08-27T13:54:19.8104200+01:00" testType="13cdc9d9-ddb5-4fa4-a97d-d965ccfc6d4b" outcome="Passed" testListId="8c84fa94-04c1-424b-9868-57a2d4851a1d" relativeResultsDirectory="f5ed9707-0ab7-4870-8246-24df036d5b91">
    </UnitTestResult>
    <UnitTestResult executionId="664d5108-f41b-4f56-98b8-b514c5665078" testId="207fa172-124e-7710-3ae1-207f7e188ab7" testName="UsersRepositoryUserIsRegisteredCallsLoadFromTheUnitOfWorkForANewUser" computerName="BLACKBEAUTY" duration="00:00:00.0610725" startTime="2012-08-27T13:54:19.8134201+01:00" endTime="2012-08-27T13:54:19.8804240+01:00" testType="13cdc9d9-ddb5-4fa4-a97d-d965ccfc6d4b" outcome="Passed" testListId="8c84fa94-04c1-424b-9868-57a2d4851a1d" relativeResultsDirectory="664d5108-f41b-4f56-98b8-b514c5665078">
    </UnitTestResult>
    <UnitTestResult executionId="732b3e16-6297-4636-8af8-84d4b02d8f0b" testId="2096f5a0-1903-5db2-2c40-833b3a14e68d" testName="ANoteWithANullContainerListIsInvalid" computerName="BLACKBEAUTY" duration="00:00:00.0004081" startTime="2012-08-27T13:54:19.8834241+01:00" endTime="2012-08-27T13:54:19.8894245+01:00" testType="13cdc9d9-ddb5-4fa4-a97d-d965ccfc6d4b" outcome="Passed" testListId="8c84fa94-04c1-424b-9868-57a2d4851a1d" relativeResultsDirectory="732b3e16-6297-4636-8af8-84d4b02d8f0b">
    </UnitTestResult>
    <UnitTestResult executionId="5e443fb9-96e2-4710-8951-aab5c601354f" testId="23d50d4e-c7ad-15c6-58f2-b5a0b49d6762" testName="TaskListsRepositoryLoadCallsLoadFromTheUnitOfWork" computerName="BLACKBEAUTY" duration="00:00:00.0073228" startTime="2012-08-27T13:54:19.8914246+01:00" endTime="2012-08-27T13:54:19.9044253+01:00" testType="13cdc9d9-ddb5-4fa4-a97d-d965ccfc6d4b" outcome="Passed" testListId="8c84fa94-04c1-424b-9868-57a2d4851a1d" relativeResultsDirectory="5e443fb9-96e2-4710-8951-aab5c601354f">
    </UnitTestResult>
    <UnitTestResult executionId="3b9b7655-b26a-4559-ac71-eb0e3357b2b5" testId="243a3723-c759-1bdb-8565-43030030c8e3" testName="TaskListsRepositoryUpdateCallsUpdateFromTheUnitOfWork" computerName="BLACKBEAUTY" duration="00:00:00.0036746" startTime="2012-08-27T13:54:19.9074255+01:00" endTime="2012-08-27T13:54:19.9154260+01:00" testType="13cdc9d9-ddb5-4fa4-a97d-d965ccfc6d4b" outcome="Passed" testListId="8c84fa94-04c1-424b-9868-57a2d4851a1d" relativeResultsDirectory="3b9b7655-b26a-4559-ac71-eb0e3357b2b5">
    </UnitTestResult>
    <UnitTestResult executionId="680dae7d-6c41-4fab-ba27-b12d117810b1" testId="289b20e7-b260-bab8-9e9b-721680a9b151" testName="TaskListsRepositoryAddShareCallsCreateFromTheUnitOfWork" computerName="BLACKBEAUTY" duration="00:00:00.0031333" startTime="2012-08-27T13:54:19.9184261+01:00" endTime="2012-08-27T13:54:19.9334270+01:00" testType="13cdc9d9-ddb5-4fa4-a97d-d965ccfc6d4b" outcome="Passed" testListId="8c84fa94-04c1-424b-9868-57a2d4851a1d" relativeResultsDirectory="680dae7d-6c41-4fab-ba27-b12d117810b1">
    </UnitTestResult>
    <UnitTestResult executionId="536165e8-1924-4465-8731-7a3510c04778" testId="2b244028-df83-e3b8-91b4-eb0f42ff37fe" testName="AUserWithAnEmptyNameIsInvalid" computerName="BLACKBEAUTY" duration="00:00:00.0003301" startTime="2012-08-27T13:54:19.9364272+01:00" endTime="2012-08-27T13:54:19.9414275+01:00" testType="13cdc9d9-ddb5-4fa4-a97d-d965ccfc6d4b" outcome="Passed" testListId="8c84fa94-04c1-424b-9868-57a2d4851a1d" relativeResultsDirectory="536165e8-1924-4465-8731-7a3510c04778">
    </UnitTestResult>
    <UnitTestResult executionId="07c611c0-84f4-496b-8ed8-a05d626308d6" testId="2d4e2a1a-222a-051d-2148-b1b6eab73111" testName="NotesRepositoryDeleteCallsDeletesFromTheUnitOfWork" computerName="BLACKBEAUTY" duration="00:00:00.0266557" startTime="2012-08-27T13:54:19.9434276+01:00" endTime="2012-08-27T13:54:19.9754294+01:00" testType="13cdc9d9-ddb5-4fa4-a97d-d965ccfc6d4b" outcome="Passed" testListId="8c84fa94-04c1-424b-9868-57a2d4851a1d" relativeResultsDirectory="07c611c0-84f4-496b-8ed8-a05d626308d6">
    </UnitTestResult>
    <UnitTestResult executionId="ad58efdf-792f-4e74-8923-34c52320256f" testId="2ebf2434-3f8b-3932-cf00-13d37349040e" testName="UsersRepositoryGetByIdentifiersCallsLoadFromTheUnitOfWorkForAnExistingUser" computerName="BLACKBEAUTY" duration="00:00:00.0062641" startTime="2012-08-27T13:54:19.9774295+01:00" endTime="2012-08-27T13:54:19.9894302+01:00" testType="13cdc9d9-ddb5-4fa4-a97d-d965ccfc6d4b" outcome="Passed" testListId="8c84fa94-04c1-424b-9868-57a2d4851a1d" relativeResultsDirectory="ad58efdf-792f-4e74-8923-34c52320256f">
    </UnitTestResult>
    <UnitTestResult executionId="239fcfeb-9d93-4019-b392-fb2a2600d9e9" testId="31c722d8-5747-84ab-dbe0-e3286ae27d8d" testName="UsersRepositoryLoadCallsLoadFromTheUnitOfWork" computerName="BLACKBEAUTY" duration="00:00:00.0043566" startTime="2012-08-27T13:54:19.9914303+01:00" endTime="2012-08-27T13:54:20.0004308+01:00" testType="13cdc9d9-ddb5-4fa4-a97d-d965ccfc6d4b" outcome="Passed" testListId="8c84fa94-04c1-424b-9868-57a2d4851a1d" relativeResultsDirectory="239fcfeb-9d93-4019-b392-fb2a2600d9e9">
    </UnitTestResult>
    <UnitTestResult executionId="51d044b9-2f15-4fed-9b7a-0f0c0fd7ca46" testId="4b614527-e28c-581c-d382-32a4d4aafc06" testName="NotesRepositoryNoteWithTitleExistsCallsGetFromTheUnitOfWork" computerName="BLACKBEAUTY" duration="00:00:00.0093437" startTime="2012-08-27T13:54:20.0024309+01:00" endTime="2012-08-27T13:54:20.0174318+01:00" testType="13cdc9d9-ddb5-4fa4-a97d-d965ccfc6d4b" outcome="Passed" testListId="8c84fa94-04c1-424b-9868-57a2d4851a1d" relativeResultsDirectory="51d044b9-2f15-4fed-9b7a-0f0c0fd7ca46">
    </UnitTestResult>
    <UnitTestResult executionId="9cf15a70-1989-4675-930e-15ab1f1a8e65" testId="53bf3163-df0e-9e62-fb0d-6671ad5acf2e" testName="NotesRepositoryGetCallsGetFromTheUnitOfWorkAndReturnsAnExistingNote" computerName="BLACKBEAUTY" duration="00:00:00.0072443" startTime="2012-08-27T13:54:20.0194319+01:00" endTime="2012-08-27T13:54:20.0324327+01:00" testType="13cdc9d9-ddb5-4fa4-a97d-d965ccfc6d4b" outcome="Passed" testListId="8c84fa94-04c1-424b-9868-57a2d4851a1d" relativeResultsDirectory="9cf15a70-1989-4675-930e-15ab1f1a8e65">
    </UnitTestResult>
    <UnitTestResult executionId="f715894c-4ed2-4645-8715-6da6bca630ef" testId="54e67131-47df-e2cb-c7bc-1b2b43b86483" testName="UsersRepositoryUserIsRegisteredCallsLoadFromTheUnitOfWorkForAnExistingUser" computerName="BLACKBEAUTY" duration="00:00:00.0032882" startTime="2012-08-27T13:54:20.0354328+01:00" endTime="2012-08-27T13:54:20.0454334+01:00" testType="13cdc9d9-ddb5-4fa4-a97d-d965ccfc6d4b" outcome="Passed" testListId="8c84fa94-04c1-424b-9868-57a2d4851a1d" relativeResultsDirectory="f715894c-4ed2-4645-8715-6da6bca630ef">
    </UnitTestResult>
    <UnitTestResult executionId="2d96fd57-4c81-4b51-8557-e877f1741358" testId="5d59f492-e6d2-4a32-8cb5-8bac5548a5fd" testName="NotesRepositoryGetWihtFilterCallsGetFromTheUnitOfWorkAndReturnsAnExistingNote" computerName="BLACKBEAUTY" duration="00:00:00.0034575" startTime="2012-08-27T13:54:20.0484336+01:00" endTime="2012-08-27T13:54:20.0574341+01:00" testType="13cdc9d9-ddb5-4fa4-a97d-d965ccfc6d4b" outcome="Passed" testListId="8c84fa94-04c1-424b-9868-57a2d4851a1d" relativeResultsDirectory="2d96fd57-4c81-4b51-8557-e877f1741358">
    </UnitTestResult>
    <UnitTestResult executionId="526d2da1-baa5-4762-aae0-c0245e0b0858" testId="68515e07-492a-8340-8ae8-e1f724f6552a" testName="TaskListsRepositoryCreateCallsCreatesFromTheUnitOfWork" computerName="BLACKBEAUTY" duration="00:00:00.0049764" startTime="2012-08-27T13:54:20.0604343+01:00" endTime="2012-08-27T13:54:20.0704348+01:00" testType="13cdc9d9-ddb5-4fa4-a97d-d965ccfc6d4b" outcome="Passed" testListId="8c84fa94-04c1-424b-9868-57a2d4851a1d" relativeResultsDirectory="526d2da1-baa5-4762-aae0-c0245e0b0858">
    </UnitTestResult>
    <UnitTestResult executionId="427519d3-6937-4512-86cd-075c3f8be52e" testId="68595d26-57a1-321d-c72e-7ab1ba9f7821" testName="AUserWithAnInvalidEmailIsInvalid" computerName="BLACKBEAUTY" duration="00:00:00.0178195" startTime="2012-08-27T13:54:20.0734350+01:00" endTime="2012-08-27T13:54:20.0964363+01:00" testType="13cdc9d9-ddb5-4fa4-a97d-d965ccfc6d4b" outcome="Passed" testListId="8c84fa94-04c1-424b-9868-57a2d4851a1d" relativeResultsDirectory="427519d3-6937-4512-86cd-075c3f8be52e">
    </UnitTestResult>
    <UnitTestResult executionId="0db7b0fd-34df-42e0-9197-33a7a87143a1" testId="6eb006b0-f141-29b2-0ec3-c52e70221b01" testName="TaskListsRepositoryHasPermisionToEditCallsGetFromTheUnitOfWork" computerName="BLACKBEAUTY" duration="00:00:00.0067581" startTime="2012-08-27T13:54:20.0984364+01:00" endTime="2012-08-27T13:54:20.1104371+01:00" testType="13cdc9d9-ddb5-4fa4-a97d-d965ccfc6d4b" outcome="Passed" testListId="8c84fa94-04c1-424b-9868-57a2d4851a1d" relativeResultsDirectory="0db7b0fd-34df-42e0-9197-33a7a87143a1">
    </UnitTestResult>
    <UnitTestResult executionId="e58bede1-c6ce-406e-be23-3c9f8534cb6c" testId="710056e6-b337-9739-6344-1fd443c7a2b3" testName="AUserWithAnNameThatHasTheCharacterHypenIsInvalid" computerName="BLACKBEAUTY" duration="00:00:00.0003540" startTime="2012-08-27T13:54:20.1134373+01:00" endTime="2012-08-27T13:54:20.1184376+01:00" testType="13cdc9d9-ddb5-4fa4-a97d-d965ccfc6d4b" outcome="Passed" testListId="8c84fa94-04c1-424b-9868-57a2d4851a1d" relativeResultsDirectory="e58bede1-c6ce-406e-be23-3c9f8534cb6c">
    </UnitTestResult>
    <UnitTestResult executionId="cee6ad4e-6e61-4bd8-822c-e1a17be7edab" testId="71f98d0e-df98-5602-5fd6-919d9101bb93" testName="ATaskListWithAllPropertiesValidIsValid" computerName="BLACKBEAUTY" duration="00:00:00.0004137" startTime="2012-08-27T13:54:20.1204377+01:00" endTime="2012-08-27T13:54:20.1264380+01:00" testType="13cdc9d9-ddb5-4fa4-a97d-d965ccfc6d4b" outcome="Passed" testListId="8c84fa94-04c1-424b-9868-57a2d4851a1d" relativeResultsDirectory="cee6ad4e-6e61-4bd8-822c-e1a17be7edab">
    </UnitTestResult>
    <UnitTestResult executionId="b57a2169-76a8-48f4-9832-29778ea23aa2" testId="7a009e26-62e5-1f69-5cdb-854dc672f6ae" testName="ANoteWithContentLongerThan50CharactersIsInvalid" computerName="BLACKBEAUTY" duration="00:00:00.0004947" startTime="2012-08-27T13:54:20.1294382+01:00" endTime="2012-08-27T13:54:20.1364386+01:00" testType="13cdc9d9-ddb5-4fa4-a97d-d965ccfc6d4b" outcome="Passed" testListId="8c84fa94-04c1-424b-9868-57a2d4851a1d" relativeResultsDirectory="b57a2169-76a8-48f4-9832-29778ea23aa2">
    </UnitTestResult>
    <UnitTestResult executionId="53d7f274-ae87-43da-9a3e-5a174b987160" testId="7a76042e-b11e-169d-7b16-2fadf1332acd" testName="TaskListRepositoryLoadContainerCallsGetsFromTheUnitOfWork" computerName="BLACKBEAUTY" duration="00:00:00.0073373" startTime="2012-08-27T13:54:20.1384387+01:00" endTime="2012-08-27T13:54:20.1504394+01:00" testType="13cdc9d9-ddb5-4fa4-a97d-d965ccfc6d4b" outcome="Passed" testListId="8c84fa94-04c1-424b-9868-57a2d4851a1d" relativeResultsDirectory="53d7f274-ae87-43da-9a3e-5a174b987160">
    </UnitTestResult>
    <UnitTestResult executionId="e1fded61-5d7b-46e8-9182-c0aaffcb18dc" testId="7d09f543-4324-80a8-54ae-156dcda31038" testName="AUserWithAValidEmailIsValid" computerName="BLACKBEAUTY" duration="00:00:00.0018968" startTime="2012-08-27T13:54:20.1534396+01:00" endTime="2012-08-27T13:54:20.1594399+01:00" testType="13cdc9d9-ddb5-4fa4-a97d-d965ccfc6d4b" outcome="Passed" testListId="8c84fa94-04c1-424b-9868-57a2d4851a1d" relativeResultsDirectory="e1fded61-5d7b-46e8-9182-c0aaffcb18dc">
    </UnitTestResult>
    <UnitTestResult executionId="2b6ed95c-85f6-402f-aaaa-d709d78e9f04" testId="7d6998de-08bc-b5a5-f97c-68e4a87d69dc" testName="NotesRepositoryAddShareCallsCreateFromTheUnitOfWork" computerName="BLACKBEAUTY" duration="00:00:00.0021600" startTime="2012-08-27T13:54:20.1624401+01:00" endTime="2012-08-27T13:54:20.1694405+01:00" testType="13cdc9d9-ddb5-4fa4-a97d-d965ccfc6d4b" outcome="Passed" testListId="8c84fa94-04c1-424b-9868-57a2d4851a1d" relativeResultsDirectory="2b6ed95c-85f6-402f-aaaa-d709d78e9f04">
    </UnitTestResult>
    <UnitTestResult executionId="66de18f4-9b40-4846-88ae-ae9feedeaf89" testId="846215b7-3a17-549a-a8bb-e3c8573dbdf6" testName="TaskListsRepositoryDeleteCallsDeleteFromTheUnitOfWork" computerName="BLACKBEAUTY" duration="00:00:00.0112009" startTime="2012-08-27T13:54:20.1714406+01:00" endTime="2012-08-27T13:54:20.1874415+01:00" testType="13cdc9d9-ddb5-4fa4-a97d-d965ccfc6d4b" outcome="Passed" testListId="8c84fa94-04c1-424b-9868-57a2d4851a1d" relativeResultsDirectory="66de18f4-9b40-4846-88ae-ae9feedeaf89">
    </UnitTestResult>
    <UnitTestResult executionId="e3d72c6d-aecf-4642-8274-7ce2e99f6b49" testId="852657b0-510e-88d6-c043-399bc17187ed" testName="ANoteWithAnEmptyContentIsInvalid" computerName="BLACKBEAUTY" duration="00:00:00.0006624" startTime="2012-08-27T13:54:20.1894416+01:00" endTime="2012-08-27T13:54:20.1944419+01:00" testType="13cdc9d9-ddb5-4fa4-a97d-d965ccfc6d4b" outcome="Passed" testListId="8c84fa94-04c1-424b-9868-57a2d4851a1d" relativeResultsDirectory="e3d72c6d-aecf-4642-8274-7ce2e99f6b49">
    </UnitTestResult>
    <UnitTestResult executionId="c87ff5cc-d673-411d-a5b0-ec29a81c4754" testId="8d3bfe9f-40a5-6515-7c0c-d1c6b7990ea3" testName="TaskListsRepositoryGetCallsGetFromTheUnitOfWorkAndReturnsNullForANonExistingTaskList" computerName="BLACKBEAUTY" duration="00:00:00.0028292" startTime="2012-08-27T13:54:20.1974421+01:00" endTime="2012-08-27T13:54:20.2044425+01:00" testType="13cdc9d9-ddb5-4fa4-a97d-d965ccfc6d4b" outcome="Passed" testListId="8c84fa94-04c1-424b-9868-57a2d4851a1d" relativeResultsDirectory="c87ff5cc-d673-411d-a5b0-ec29a81c4754">
    </UnitTestResult>
    <UnitTestResult executionId="8e15378f-4f5e-4a39-8b62-28cd69829793" testId="8e102b5d-e958-b297-bb65-7f1f98f7fdce" testName="UsersRepositoryCreateCallsCreateFromTheUnitOfWork" computerName="BLACKBEAUTY" duration="00:00:00.0037416" startTime="2012-08-27T13:54:20.2074427+01:00" endTime="2012-08-27T13:54:20.2154431+01:00" testType="13cdc9d9-ddb5-4fa4-a97d-d965ccfc6d4b" outcome="Passed" testListId="8c84fa94-04c1-424b-9868-57a2d4851a1d" relativeResultsDirectory="8e15378f-4f5e-4a39-8b62-28cd69829793">
    </UnitTestResult>
    <UnitTestResult executionId="17a1e1af-29a6-4cb9-871a-706e23c96fd9" testId="8f90efd1-0a3e-6847-1469-eec0d3368773" testName="UsersRepositoryGetCallsGetFromTheUnitOfWorkAndReturnsNullForANonExistingUser" computerName="BLACKBEAUTY" duration="00:00:00.0043899" startTime="2012-08-27T13:54:20.2174432+01:00" endTime="2012-08-27T13:54:20.2264438+01:00" testType="13cdc9d9-ddb5-4fa4-a97d-d965ccfc6d4b" outcome="Passed" testListId="8c84fa94-04c1-424b-9868-57a2d4851a1d" relativeResultsDirectory="17a1e1af-29a6-4cb9-871a-706e23c96fd9">
    </UnitTestResult>
    <UnitTestResult executionId="26c97af8-2e65-43c7-8697-b032c02e7232" testId="9863ea66-4389-d916-e2df-c69ea144bb25" testName="UsersRepositoryGetCallsWithFilterGetFromTheUnitOfWorkAndReturnsAExistingTaskList" computerName="BLACKBEAUTY" duration="00:00:00.0051914" startTime="2012-08-27T13:54:20.2294439+01:00" endTime="2012-08-27T13:54:20.2394445+01:00" testType="13cdc9d9-ddb5-4fa4-a97d-d965ccfc6d4b" outcome="Passed" testListId="8c84fa94-04c1-424b-9868-57a2d4851a1d" relativeResultsDirectory="26c97af8-2e65-43c7-8697-b032c02e7232">
    </UnitTestResult>
    <UnitTestResult executionId="8b01e298-3754-4321-9c0e-28e82123f84b" testId="9ca52fa0-c559-7623-fd35-fc2380d7afd8" testName="TaskListsRepositoryGetSharedCallsLoadFromTheUnitOfWork" computerName="BLACKBEAUTY" duration="00:00:00.0086080" startTime="2012-08-27T13:54:20.2414446+01:00" endTime="2012-08-27T13:54:20.2544454+01:00" testType="13cdc9d9-ddb5-4fa4-a97d-d965ccfc6d4b" outcome="Passed" testListId="8c84fa94-04c1-424b-9868-57a2d4851a1d" relativeResultsDirectory="8b01e298-3754-4321-9c0e-28e82123f84b">
    </UnitTestResult>
    <UnitTestResult executionId="53e7973c-1687-403b-9a80-86ff84b4dd92" testId="a49419de-351d-ddee-3740-c07af74b36d5" testName="NotesRepositoryGetCallsGetFromTheUnitOfWorkAndReturnsNullForANonExistingNote" computerName="BLACKBEAUTY" duration="00:00:00.0013073" startTime="2012-08-27T13:54:20.2574455+01:00" endTime="2012-08-27T13:54:20.2644459+01:00" testType="13cdc9d9-ddb5-4fa4-a97d-d965ccfc6d4b" outcome="Passed" testListId="8c84fa94-04c1-424b-9868-57a2d4851a1d" relativeResultsDirectory="53e7973c-1687-403b-9a80-86ff84b4dd92">
    </UnitTestResult>
    <UnitTestResult executionId="42ae571e-fad9-4dee-9a03-1b898d99b5c2" testId="a6c1fa83-a867-97da-f19d-bbb05c37bcee" testName="UsersRepositoryGetByIdentifiersCallsLoadFromTheUnitOfWorkForNonExistingUser" computerName="BLACKBEAUTY" duration="00:00:00.0027951" startTime="2012-08-27T13:54:20.2664460+01:00" endTime="2012-08-27T13:54:20.2744465+01:00" testType="13cdc9d9-ddb5-4fa4-a97d-d965ccfc6d4b" outcome="Passed" testListId="8c84fa94-04c1-424b-9868-57a2d4851a1d" relativeResultsDirectory="42ae571e-fad9-4dee-9a03-1b898d99b5c2">
    </UnitTestResult>
    <UnitTestResult executionId="847d7669-3638-4026-a1a5-d4e3a9123f2a" testId="a780d5d0-43e2-3171-7945-424274cf7cfb" testName="NotesRepositoryUpdateCallsUpdateFromTheUnitOfWork" computerName="BLACKBEAUTY" duration="00:00:00.0034741" startTime="2012-08-27T13:54:20.2764466+01:00" endTime="2012-08-27T13:54:20.2854471+01:00" testType="13cdc9d9-ddb5-4fa4-a97d-d965ccfc6d4b" outcome="Passed" testListId="8c84fa94-04c1-424b-9868-57a2d4851a1d" relativeResultsDirectory="847d7669-3638-4026-a1a5-d4e3a9123f2a">
    </UnitTestResult>
    <UnitTestResult executionId="e79074cb-4596-4638-b121-3e2928119d10" testId="a92d683e-6db6-da08-1853-c0e53902a155" testName="ATaskListWithAnAllWhitespaceTittleIsInvalid" computerName="BLACKBEAUTY" duration="00:00:00.0005476" startTime="2012-08-27T13:54:20.2874472+01:00" endTime="2012-08-27T13:54:20.2924475+01:00" testType="13cdc9d9-ddb5-4fa4-a97d-d965ccfc6d4b" outcome="Passed" testListId="8c84fa94-04c1-424b-9868-57a2d4851a1d" relativeResultsDirectory="e79074cb-4596-4638-b121-3e2928119d10">
    </UnitTestResult>
    <UnitTestResult executionId="b5a64c12-6443-4fdc-bca7-7fb1f9f5c079" testId="ad8e41a5-ec19-61e8-ab78-b0066874f9a4" testName="TaskListsRepositoryGetCallsWithFilterGetFromTheUnitOfWorkAndReturnsAExistingTaskList" computerName="BLACKBEAUTY" duration="00:00:00.0055437" startTime="2012-08-27T13:54:20.2954477+01:00" endTime="2012-08-27T13:54:20.3064483+01:00" testType="13cdc9d9-ddb5-4fa4-a97d-d965ccfc6d4b" outcome="Passed" testListId="8c84fa94-04c1-424b-9868-57a2d4851a1d" relativeResultsDirectory="b5a64c12-6443-4fdc-bca7-7fb1f9f5c079">
    </UnitTestResult>
    <UnitTestResult executionId="3f2f5199-4e9d-404c-bd8d-e7c9d811a922" testId="b0f72c88-e8e6-d5ef-9b19-7fed7babeddb" testName="ATaskListWithAnEmptyTittleIsInvalid" computerName="BLACKBEAUTY" duration="00:00:00.0005417" startTime="2012-08-27T13:54:20.3084484+01:00" endTime="2012-08-27T13:54:20.3144488+01:00" testType="13cdc9d9-ddb5-4fa4-a97d-d965ccfc6d4b" outcome="Passed" testListId="8c84fa94-04c1-424b-9868-57a2d4851a1d" relativeResultsDirectory="3f2f5199-4e9d-404c-bd8d-e7c9d811a922">
    </UnitTestResult>
    <UnitTestResult executionId="f62df457-3a3a-41c0-adc3-303178839fc6" testId="b3e5450c-7394-e772-4c0f-83c0f0cc9085" testName="NotesRepositoryCreateCallsCreateFromTheUnitOfWork" computerName="BLACKBEAUTY" duration="00:00:00.0117929" startTime="2012-08-27T13:54:20.3164489+01:00" endTime="2012-08-27T13:54:20.3394502+01:00" testType="13cdc9d9-ddb5-4fa4-a97d-d965ccfc6d4b" outcome="Passed" testListId="8c84fa94-04c1-424b-9868-57a2d4851a1d" relativeResultsDirectory="f62df457-3a3a-41c0-adc3-303178839fc6">
    </UnitTestResult>
    <UnitTestResult executionId="2e1d9f94-a0a6-491d-8181-e665f155c88e" testId="b8b966b4-c265-1627-ba5e-4d3e17d291be" testName="UsersRepositoryGetCallsGetFromTheUnitOfWorkAndReturnsAExistingUser" computerName="BLACKBEAUTY" duration="00:00:00.0026547" startTime="2012-08-27T13:54:20.3424504+01:00" endTime="2012-08-27T13:54:20.3504508+01:00" testType="13cdc9d9-ddb5-4fa4-a97d-d965ccfc6d4b" outcome="Passed" testListId="8c84fa94-04c1-424b-9868-57a2d4851a1d" relativeResultsDirectory="2e1d9f94-a0a6-491d-8181-e665f155c88e">
    </UnitTestResult>
    <UnitTestResult executionId="9cf29bfc-7965-4d88-8a44-63d78e13a775" testId="c14c078d-036a-ef14-90a0-c1d1a047c940" testName="ANoteWithAllValidPropertiesIsValid" computerName="BLACKBEAUTY" duration="00:00:00.0004794" startTime="2012-08-27T13:54:20.3524510+01:00" endTime="2012-08-27T13:54:20.3574512+01:00" testType="13cdc9d9-ddb5-4fa4-a97d-d965ccfc6d4b" outcome="Passed" testListId="8c84fa94-04c1-424b-9868-57a2d4851a1d" relativeResultsDirectory="9cf29bfc-7965-4d88-8a44-63d78e13a775">
    </UnitTestResult>
    <UnitTestResult executionId="e2da3de8-ba2e-49e1-ad93-6a62eb6b0f60" testId="c775d00d-9095-a8a9-2433-76c5a0405657" testName="NotesRepositoryRemoveShareCallsDeleteFromTheUnitOfWork" computerName="BLACKBEAUTY" duration="00:00:00.0024265" startTime="2012-08-27T13:54:20.3594514+01:00" endTime="2012-08-27T13:54:20.3674518+01:00" testType="13cdc9d9-ddb5-4fa4-a97d-d965ccfc6d4b" outcome="Passed" testListId="8c84fa94-04c1-424b-9868-57a2d4851a1d" relativeResultsDirectory="e2da3de8-ba2e-49e1-ad93-6a62eb6b0f60">
    </UnitTestResult>
    <UnitTestResult executionId="97e5f80f-b359-44f3-80ec-4fec3878dde3" testId="da07899b-e0b9-f639-2145-62f05a55637a" testName="UsersRepositoryUpdateCallsUpdateFromTheUnitOfWork" computerName="BLACKBEAUTY" duration="00:00:00.0015927" startTime="2012-08-27T13:54:20.3694519+01:00" endTime="2012-08-27T13:54:20.3754523+01:00" testType="13cdc9d9-ddb5-4fa4-a97d-d965ccfc6d4b" outcome="Passed" testListId="8c84fa94-04c1-424b-9868-57a2d4851a1d" relativeResultsDirectory="97e5f80f-b359-44f3-80ec-4fec3878dde3">
    </UnitTestResult>
    <UnitTestResult executionId="a48bf31e-a757-410e-a63e-94f9845ab103" testId="e3d8badb-d961-d4d2-2fc7-38832d7198cd" testName="UsersRepositoryLoadNoteOwnerCallsLoadAndGetFromTheUnitOfWork" computerName="BLACKBEAUTY" duration="00:00:00.0023353" startTime="2012-08-27T13:54:20.3774524+01:00" endTime="2012-08-27T13:54:20.3864529+01:00" testType="13cdc9d9-ddb5-4fa4-a97d-d965ccfc6d4b" outcome="Passed" testListId="8c84fa94-04c1-424b-9868-57a2d4851a1d" relativeResultsDirectory="a48bf31e-a757-410e-a63e-94f9845ab103">
    </UnitTestResult>
    <UnitTestResult executionId="9d1149b4-6ebc-4478-b4e7-84fe51ad7436" testId="e7bbd4b2-5c95-3563-fc1e-37f3d3d4a55d" testName="AUserWithAnNameThatHasTheCharacterPlusIsInvalid" computerName="BLACKBEAUTY" duration="00:00:00.0003019" startTime="2012-08-27T13:54:20.3884530+01:00" endTime="2012-08-27T13:54:20.3924532+01:00" testType="13cdc9d9-ddb5-4fa4-a97d-d965ccfc6d4b" outcome="Passed" testListId="8c84fa94-04c1-424b-9868-57a2d4851a1d" relativeResultsDirectory="9d1149b4-6ebc-4478-b4e7-84fe51ad7436">
    </UnitTestResult>
    <UnitTestResult executionId="41ec123e-48db-4c7e-a7a7-98920907a2c3" testId="e814db0b-a976-414f-8c66-ad00681e848f" testName="ANoteWithANullOwnerIsInvalid" computerName="BLACKBEAUTY" duration="00:00:00.0005041" startTime="2012-08-27T13:54:20.3954534+01:00" endTime="2012-08-27T13:54:20.4044539+01:00" testType="13cdc9d9-ddb5-4fa4-a97d-d965ccfc6d4b" outcome="Passed" testListId="8c84fa94-04c1-424b-9868-57a2d4851a1d" relativeResultsDirectory="41ec123e-48db-4c7e-a7a7-98920907a2c3">
    </UnitTestResult>
    <UnitTestResult executionId="b561d034-750b-4c69-8c71-6c25c1cc2829" testId="ec7711e0-6e36-94b0-fa70-9adecfa8a8f1" testName="NotesRepositoryLoadNotesCallsLoadAndGetsFromTheUnitOfWork" computerName="BLACKBEAUTY" duration="00:00:00.0193465" startTime="2012-08-27T13:54:20.4064540+01:00" endTime="2012-08-27T13:54:20.4304554+01:00" testType="13cdc9d9-ddb5-4fa4-a97d-d965ccfc6d4b" outcome="Passed" testListId="8c84fa94-04c1-424b-9868-57a2d4851a1d" relativeResultsDirectory="b561d034-750b-4c69-8c71-6c25c1cc2829">
    </UnitTestResult>
    <UnitTestResult executionId="0061254d-3460-40ef-ba27-67e5f59b4cfd" testId="fd2d9e08-8f5d-4406-828f-63af07dc5bf7" testName="ANoteWithATittleLongerThan10CharactersIsInvalid" computerName="BLACKBEAUTY" duration="00:00:00.0004888" startTime="2012-08-27T13:54:20.4334556+01:00" endTime="2012-08-27T13:54:20.4384559+01:00" testType="13cdc9d9-ddb5-4fa4-a97d-d965ccfc6d4b" outcome="Passed" testListId="8c84fa94-04c1-424b-9868-57a2d4851a1d" relativeResultsDirectory="0061254d-3460-40ef-ba27-67e5f59b4cfd">
    </UnitTestResult>
    <UnitTestResult executionId="19a705a4-d541-4be2-ba82-72d4e14aed81" testId="ffc79e9b-00ea-8cc7-18d0-a502995f20d0" testName="TaskListRepositoryGetCallsGetFromTheUnitOfWorkAndReturnsAnExistingTaskList" computerName="BLACKBEAUTY" duration="00:00:00.0030164" startTime="2012-08-27T13:54:20.4404560+01:00" endTime="2012-08-27T13:54:20.4484565+01:00" testType="13cdc9d9-ddb5-4fa4-a97d-d965ccfc6d4b" outcome="Passed" testListId="8c84fa94-04c1-424b-9868-57a2d4851a1d" relativeResultsDirectory="19a705a4-d541-4be2-ba82-72d4e14aed81">
    </UnitTestResult>
  </Results>
</TestRun>