<?xml version="1.0" encoding="UTF-8"?>
<TestRun id="25a6bae2-50d6-46f3-a88c-fc84b5e054c7" name="Luis@BLACKBEAUTY 2012-07-21 22:12:59" runUser="BlackBeauty\Luis" xmlns="http://microsoft.com/schemas/VisualStudio/TeamTest/2010">
  <TestSettings name="Local" id="a9c45579-508c-4524-9966-e1f8cfbc3e28">
    <Description>These are default test settings for a local test run.</Description>
    <Deployment runDeploymentRoot="Luis_BLACKBEAUTY 2012-07-21 22_12_59">
      <DeploymentItem filename="D:\Backup CloudNotes\CloudNotes\CloudNotes\CloudNotes.Domain\bin\Debug\CloudNotes.Domain.dll" />
      <DeploymentItem filename="D:\Backup CloudNotes\CloudNotes\CloudNotes\CloudNotes.Domain.Services\bin\Debug\CloudNotes.Domain.Services.dll" />
      <DeploymentItem filename="D:\Backup CloudNotes\CloudNotes\CloudNotes\CloudNotes.Repositories\bin\Debug\CloudNotes.Repositories.dll" />
      <DeploymentItem filename="D:\Backup CloudNotes\CloudNotes\CloudNotes\packages\Moq.4.0.10827\lib\NET40\Moq.dll" />
    </Deployment>
    <Execution>
      <TestTypeSpecific>
        <UnitTestRunConfig testTypeId="13cdc9d9-ddb5-4fa4-a97d-d965ccfc6d4b">
          <AssemblyResolution>
            <TestDirectory useLoadContext="true" />
          </AssemblyResolution>
        </UnitTestRunConfig>
        <WebTestRunConfiguration testTypeId="4e7599fa-5ecb-43e9-a887-cd63cf72d207">
          <Browser name="Internet Explorer 7.0">
            <Headers>
              <Header name="User-Agent" value="Mozilla/4.0 (compatible; MSIE 7.0; Windows NT 5.1)" />
              <Header name="Accept" value="*/*" />
              <Header name="Accept-Language" value="{{$IEAcceptLanguage}}" />
              <Header name="Accept-Encoding" value="GZIP" />
            </Headers>
          </Browser>
        </WebTestRunConfiguration>
      </TestTypeSpecific>
      <AgentRule name="LocalMachineDefaultRole">
        <DataCollectors>
          <DataCollector uri="datacollector://microsoft/CodeCoverage/1.0" assemblyQualifiedName="Microsoft.VisualStudio.TestTools.CodeCoverage.CoveragePlugIn, Microsoft.VisualStudio.QualityTools.Plugins.CodeCoverage, Version=10.0.0.0, Culture=neutral, PublicKeyToken=b03f5f7f11d50a3a" friendlyName="Code Coverage">
            <Configuration>
              <CodeCoverage xmlns="">
                <Regular>
                  <CodeCoverageItem binaryFile="D:\Backup CloudNotes\CloudNotes\CloudNotes\CloudNotes.Domain\bin\Debug\CloudNotes.Domain.dll" pdbFile="D:\Backup CloudNotes\CloudNotes\CloudNotes\CloudNotes.Domain\bin\Debug\CloudNotes.Domain.instr.pdb" instrumentInPlace="true" />
                </Regular>
              </CodeCoverage>
            </Configuration>
          </DataCollector>
          <DataCollector uri="datacollector://microsoft/TraceDebugger/1.0" assemblyQualifiedName="Microsoft.VisualStudio.TraceCollector.TraceDebuggerDataCollector, Microsoft.VisualStudio.TraceCollector, Version=10.0.0.0, Culture=neutral, PublicKeyToken=b03f5f7f11d50a3a" friendlyName="IntelliTrace">
          </DataCollector>
          <DataCollector uri="datacollector://microsoft/AspNetProfiler/1.0" assemblyQualifiedName="Microsoft.VisualStudio.PerformanceTools.DataCollection.AspNetProfileDataCollector, Microsoft.VisualStudio.PerformanceTools.DataCollection, Version=10.0.0.0, Culture=neutral, PublicKeyToken=b03f5f7f11d50a3a" friendlyName="ASP.NET Profiler">
          </DataCollector>
        </DataCollectors>
      </AgentRule>
    </Execution>
  </TestSettings>
  <Times creation="2012-07-21T22:12:59.0717691+01:00" queuing="2012-07-21T22:13:00.4978507+01:00" start="2012-07-21T22:13:11.5654837+01:00" finish="2012-07-21T22:13:26.8903603+01:00" />
  <ResultSummary outcome="Failed">
    <Counters total="74" executed="74" passed="70" error="0" failed="4" timeout="0" aborted="0" inconclusive="0" passedButRunAborted="0" notRunnable="0" notExecuted="0" disconnected="0" warning="0" completed="0" inProgress="0" pending="0" />
    <ResultFiles>
      <ResultFile path="BLACKBEAUTY\data.coverage" />
    </ResultFiles>
  </ResultSummary>
  <TestDefinitions>
    <UnitTest name="NotesRepositoryLoadCallsLoadFromTheUnitOfWork" storage="d:\backup cloudnotes\cloudnotes\cloudnotes\cloudnotes.tests.repositories\bin\debug\cloudnotes.tests.repositories.dll" id="17943233-8015-a282-b442-243916829980">
      <Execution id="17509536-4942-4c5b-a03a-cc47055baf5b" />
      <TestMethod codeBase="D:/Backup CloudNotes/CloudNotes/CloudNotes/CloudNotes.Tests.Repositories/bin/Debug/CloudNotes.Tests.Repositories.DLL" adapterTypeName="Microsoft.VisualStudio.TestTools.TestTypes.Unit.UnitTestAdapter, Microsoft.VisualStudio.QualityTools.Tips.UnitTest.Adapter, Version=10.0.0.0, Culture=neutral, PublicKeyToken=b03f5f7f11d50a3a" className="CloudNotes.Tests.Repositories.RepositoriesTests, CloudNotes.Tests.Repositories, Version=1.0.0.0, Culture=neutral, PublicKeyToken=null" name="NotesRepositoryLoadCallsLoadFromTheUnitOfWork" />
    </UnitTest>
    <UnitTest name="UsersRepositoryLoadTaskListOwnerCallsLoadAndGetFromTheUnitOfWork" storage="d:\backup cloudnotes\cloudnotes\cloudnotes\cloudnotes.tests.repositories\bin\debug\cloudnotes.tests.repositories.dll" id="087d9898-edea-6433-a4ef-23fb3738fd61">
      <Execution id="c9a0c718-467d-472f-9484-09bf69edaa37" />
      <TestMethod codeBase="D:/Backup CloudNotes/CloudNotes/CloudNotes/CloudNotes.Tests.Repositories/bin/Debug/CloudNotes.Tests.Repositories.DLL" adapterTypeName="Microsoft.VisualStudio.TestTools.TestTypes.Unit.UnitTestAdapter, Microsoft.VisualStudio.QualityTools.Tips.UnitTest.Adapter, Version=10.0.0.0, Culture=neutral, PublicKeyToken=b03f5f7f11d50a3a" className="CloudNotes.Tests.Repositories.RepositoriesTests, CloudNotes.Tests.Repositories, Version=1.0.0.0, Culture=neutral, PublicKeyToken=null" name="UsersRepositoryLoadTaskListOwnerCallsLoadAndGetFromTheUnitOfWork" />
    </UnitTest>
    <UnitTest name="ATaskListWithAllPropertiesValidIsValid" storage="d:\backup cloudnotes\cloudnotes\cloudnotes\cloudnotes.tests.domain\bin\debug\cloudnotes.tests.domain.dll" id="71f98d0e-df98-5602-5fd6-919d9101bb93">
      <Execution id="5372a0cb-de6a-4f48-8d75-7f3e668d3080" />
      <TestMethod codeBase="D:/Backup CloudNotes/CloudNotes/CloudNotes/CloudNotes.Tests.Domain/bin/Debug/CloudNotes.Tests.Domain.DLL" adapterTypeName="Microsoft.VisualStudio.TestTools.TestTypes.Unit.UnitTestAdapter, Microsoft.VisualStudio.QualityTools.Tips.UnitTest.Adapter, Version=10.0.0.0, Culture=neutral, PublicKeyToken=b03f5f7f11d50a3a" className="CloudNotes.Tests.Domain.DomainTests, CloudNotes.Tests.Domain, Version=1.0.0.0, Culture=neutral, PublicKeyToken=null" name="ATaskListWithAllPropertiesValidIsValid" />
    </UnitTest>
    <UnitTest name="UsersRepositoryLoadNoteOwnerCallsLoadAndGetFromTheUnitOfWork" storage="d:\backup cloudnotes\cloudnotes\cloudnotes\cloudnotes.tests.repositories\bin\debug\cloudnotes.tests.repositories.dll" id="e3d8badb-d961-d4d2-2fc7-38832d7198cd">
      <Execution id="9bc32c35-83be-41b3-a6ed-3b11cf93c32f" />
      <TestMethod codeBase="D:/Backup CloudNotes/CloudNotes/CloudNotes/CloudNotes.Tests.Repositories/bin/Debug/CloudNotes.Tests.Repositories.DLL" adapterTypeName="Microsoft.VisualStudio.TestTools.TestTypes.Unit.UnitTestAdapter, Microsoft.VisualStudio.QualityTools.Tips.UnitTest.Adapter, Version=10.0.0.0, Culture=neutral, PublicKeyToken=b03f5f7f11d50a3a" className="CloudNotes.Tests.Repositories.RepositoriesTests, CloudNotes.Tests.Repositories, Version=1.0.0.0, Culture=neutral, PublicKeyToken=null" name="UsersRepositoryLoadNoteOwnerCallsLoadAndGetFromTheUnitOfWork" />
    </UnitTest>
    <UnitTest name="UsersServiceMethodLoadNoteOwnerShouldLoadOwner" storage="d:\backup cloudnotes\cloudnotes\cloudnotes\cloudnotes.tests.domain.services\bin\debug\cloudnotes.tests.domain.services.dll" id="b69a9890-6d34-e521-794d-88f12a6f6738">
      <Execution id="30f84682-462d-4d6c-928e-7fb015f9ebf6" />
      <TestMethod codeBase="D:/Backup CloudNotes/CloudNotes/CloudNotes/CloudNotes.Tests.Domain.Services/bin/Debug/CloudNotes.Tests.Domain.Services.DLL" adapterTypeName="Microsoft.VisualStudio.TestTools.TestTypes.Unit.UnitTestAdapter, Microsoft.VisualStudio.QualityTools.Tips.UnitTest.Adapter, Version=10.0.0.0, Culture=neutral, PublicKeyToken=b03f5f7f11d50a3a" className="CloudNotes.Tests.Domain.Services.DomainServicesTests, CloudNotes.Tests.Domain.Services, Version=1.0.0.0, Culture=neutral, PublicKeyToken=null" name="UsersServiceMethodLoadNoteOwnerShouldLoadOwner" />
    </UnitTest>
    <UnitTest name="TaskListsRepositoryLoadCallsLoadFromTheUnitOfWork" storage="d:\backup cloudnotes\cloudnotes\cloudnotes\cloudnotes.tests.repositories\bin\debug\cloudnotes.tests.repositories.dll" id="23d50d4e-c7ad-15c6-58f2-b5a0b49d6762">
      <Execution id="06acba24-f591-4e04-8491-b3c43b607818" />
      <TestMethod codeBase="D:/Backup CloudNotes/CloudNotes/CloudNotes/CloudNotes.Tests.Repositories/bin/Debug/CloudNotes.Tests.Repositories.DLL" adapterTypeName="Microsoft.VisualStudio.TestTools.TestTypes.Unit.UnitTestAdapter, Microsoft.VisualStudio.QualityTools.Tips.UnitTest.Adapter, Version=10.0.0.0, Culture=neutral, PublicKeyToken=b03f5f7f11d50a3a" className="CloudNotes.Tests.Repositories.RepositoriesTests, CloudNotes.Tests.Repositories, Version=1.0.0.0, Culture=neutral, PublicKeyToken=null" name="TaskListsRepositoryLoadCallsLoadFromTheUnitOfWork" />
    </UnitTest>
    <UnitTest name="NotesServiceMethodDeleteShouldDeleteANote" storage="d:\backup cloudnotes\cloudnotes\cloudnotes\cloudnotes.tests.domain.services\bin\debug\cloudnotes.tests.domain.services.dll" id="51d63b6c-e217-1034-9362-a2f6bc6d8cdb">
      <Execution id="96d5ae87-9564-4f52-a112-dac232247c83" />
      <TestMethod codeBase="D:/Backup CloudNotes/CloudNotes/CloudNotes/CloudNotes.Tests.Domain.Services/bin/Debug/CloudNotes.Tests.Domain.Services.DLL" adapterTypeName="Microsoft.VisualStudio.TestTools.TestTypes.Unit.UnitTestAdapter, Microsoft.VisualStudio.QualityTools.Tips.UnitTest.Adapter, Version=10.0.0.0, Culture=neutral, PublicKeyToken=b03f5f7f11d50a3a" className="CloudNotes.Tests.Domain.Services.DomainServicesTests, CloudNotes.Tests.Domain.Services, Version=1.0.0.0, Culture=neutral, PublicKeyToken=null" name="NotesServiceMethodDeleteShouldDeleteANote" />
    </UnitTest>
    <UnitTest name="ATaskListWithATittleLongerThan20CharactersIsInvalid" storage="d:\backup cloudnotes\cloudnotes\cloudnotes\cloudnotes.tests.domain\bin\debug\cloudnotes.tests.domain.dll" id="14c0b5c2-e01e-d3c7-468e-9874da6b0406">
      <Execution id="25411031-33a7-4931-be5b-16c63cdb857c" />
      <TestMethod codeBase="D:/Backup CloudNotes/CloudNotes/CloudNotes/CloudNotes.Tests.Domain/bin/Debug/CloudNotes.Tests.Domain.DLL" adapterTypeName="Microsoft.VisualStudio.TestTools.TestTypes.Unit.UnitTestAdapter, Microsoft.VisualStudio.QualityTools.Tips.UnitTest.Adapter, Version=10.0.0.0, Culture=neutral, PublicKeyToken=b03f5f7f11d50a3a" className="CloudNotes.Tests.Domain.DomainTests, CloudNotes.Tests.Domain, Version=1.0.0.0, Culture=neutral, PublicKeyToken=null" name="ATaskListWithATittleLongerThan20CharactersIsInvalid" />
    </UnitTest>
    <UnitTest name="ANoteWithANullContainerListIsInvalid" storage="d:\backup cloudnotes\cloudnotes\cloudnotes\cloudnotes.tests.domain\bin\debug\cloudnotes.tests.domain.dll" id="2096f5a0-1903-5db2-2c40-833b3a14e68d">
      <Execution id="3e2e3464-84c7-48ea-807b-d47d8dead8f9" />
      <TestMethod codeBase="D:/Backup CloudNotes/CloudNotes/CloudNotes/CloudNotes.Tests.Domain/bin/Debug/CloudNotes.Tests.Domain.DLL" adapterTypeName="Microsoft.VisualStudio.TestTools.TestTypes.Unit.UnitTestAdapter, Microsoft.VisualStudio.QualityTools.Tips.UnitTest.Adapter, Version=10.0.0.0, Culture=neutral, PublicKeyToken=b03f5f7f11d50a3a" className="CloudNotes.Tests.Domain.DomainTests, CloudNotes.Tests.Domain, Version=1.0.0.0, Culture=neutral, PublicKeyToken=null" name="ANoteWithANullContainerListIsInvalid" />
    </UnitTest>
    <UnitTest name="NotesRepositoryGetCallsGetFromTheUnitOfWorkAndReturnsNullForANonExistentNote" storage="d:\backup cloudnotes\cloudnotes\cloudnotes\cloudnotes.tests.repositories\bin\debug\cloudnotes.tests.repositories.dll" id="c95dec89-2022-14da-03fb-c071f5ad3029">
      <Execution id="232fbdac-d832-4984-a260-2592c1ddbcf2" />
      <TestMethod codeBase="D:/Backup CloudNotes/CloudNotes/CloudNotes/CloudNotes.Tests.Repositories/bin/Debug/CloudNotes.Tests.Repositories.DLL" adapterTypeName="Microsoft.VisualStudio.TestTools.TestTypes.Unit.UnitTestAdapter, Microsoft.VisualStudio.QualityTools.Tips.UnitTest.Adapter, Version=10.0.0.0, Culture=neutral, PublicKeyToken=b03f5f7f11d50a3a" className="CloudNotes.Tests.Repositories.RepositoriesTests, CloudNotes.Tests.Repositories, Version=1.0.0.0, Culture=neutral, PublicKeyToken=null" name="NotesRepositoryGetCallsGetFromTheUnitOfWorkAndReturnsNullForANonExistentNote" />
    </UnitTest>
    <UnitTest name="UsersServiceMethodCreateShouldCreateAUser" storage="d:\backup cloudnotes\cloudnotes\cloudnotes\cloudnotes.tests.domain.services\bin\debug\cloudnotes.tests.domain.services.dll" id="2f5b7326-d298-9d47-b2ba-6360bcb253cc">
      <Execution id="58ef4236-708a-42f0-a2da-233e2617e715" />
      <TestMethod codeBase="D:/Backup CloudNotes/CloudNotes/CloudNotes/CloudNotes.Tests.Domain.Services/bin/Debug/CloudNotes.Tests.Domain.Services.DLL" adapterTypeName="Microsoft.VisualStudio.TestTools.TestTypes.Unit.UnitTestAdapter, Microsoft.VisualStudio.QualityTools.Tips.UnitTest.Adapter, Version=10.0.0.0, Culture=neutral, PublicKeyToken=b03f5f7f11d50a3a" className="CloudNotes.Tests.Domain.Services.DomainServicesTests, CloudNotes.Tests.Domain.Services, Version=1.0.0.0, Culture=neutral, PublicKeyToken=null" name="UsersServiceMethodCreateShouldCreateAUser" />
    </UnitTest>
    <UnitTest name="ATaskListWithAnAllWhitespaceTittleIsInvalid" storage="d:\backup cloudnotes\cloudnotes\cloudnotes\cloudnotes.tests.domain\bin\debug\cloudnotes.tests.domain.dll" id="a92d683e-6db6-da08-1853-c0e53902a155">
      <Execution id="26b3d965-317c-4624-ae4d-ee785f339321" />
      <TestMethod codeBase="D:/Backup CloudNotes/CloudNotes/CloudNotes/CloudNotes.Tests.Domain/bin/Debug/CloudNotes.Tests.Domain.DLL" adapterTypeName="Microsoft.VisualStudio.TestTools.TestTypes.Unit.UnitTestAdapter, Microsoft.VisualStudio.QualityTools.Tips.UnitTest.Adapter, Version=10.0.0.0, Culture=neutral, PublicKeyToken=b03f5f7f11d50a3a" className="CloudNotes.Tests.Domain.DomainTests, CloudNotes.Tests.Domain, Version=1.0.0.0, Culture=neutral, PublicKeyToken=null" name="ATaskListWithAnAllWhitespaceTittleIsInvalid" />
    </UnitTest>
    <UnitTest name="ANoteWithANullOwnerIsInvalid" storage="d:\backup cloudnotes\cloudnotes\cloudnotes\cloudnotes.tests.domain\bin\debug\cloudnotes.tests.domain.dll" id="e814db0b-a976-414f-8c66-ad00681e848f">
      <Execution id="a2aa8e3c-89ef-4edc-b2fd-aeda0d1abd00" />
      <TestMethod codeBase="D:/Backup CloudNotes/CloudNotes/CloudNotes/CloudNotes.Tests.Domain/bin/Debug/CloudNotes.Tests.Domain.DLL" adapterTypeName="Microsoft.VisualStudio.TestTools.TestTypes.Unit.UnitTestAdapter, Microsoft.VisualStudio.QualityTools.Tips.UnitTest.Adapter, Version=10.0.0.0, Culture=neutral, PublicKeyToken=b03f5f7f11d50a3a" className="CloudNotes.Tests.Domain.DomainTests, CloudNotes.Tests.Domain, Version=1.0.0.0, Culture=neutral, PublicKeyToken=null" name="ANoteWithANullOwnerIsInvalid" />
    </UnitTest>
    <UnitTest name="TaskListsRepositoryGetCallsGetFromTheUnitOfWorkAndReturnsNullForANonExistentTaskList" storage="d:\backup cloudnotes\cloudnotes\cloudnotes\cloudnotes.tests.repositories\bin\debug\cloudnotes.tests.repositories.dll" id="a30aa65e-8403-a864-3b85-edc17a9c432d">
      <Execution id="f45253f4-1792-45cf-8fd9-dac2ff18cd4e" />
      <TestMethod codeBase="D:/Backup CloudNotes/CloudNotes/CloudNotes/CloudNotes.Tests.Repositories/bin/Debug/CloudNotes.Tests.Repositories.DLL" adapterTypeName="Microsoft.VisualStudio.TestTools.TestTypes.Unit.UnitTestAdapter, Microsoft.VisualStudio.QualityTools.Tips.UnitTest.Adapter, Version=10.0.0.0, Culture=neutral, PublicKeyToken=b03f5f7f11d50a3a" className="CloudNotes.Tests.Repositories.RepositoriesTests, CloudNotes.Tests.Repositories, Version=1.0.0.0, Culture=neutral, PublicKeyToken=null" name="TaskListsRepositoryGetCallsGetFromTheUnitOfWorkAndReturnsNullForANonExistentTaskList" />
    </UnitTest>
    <UnitTest name="UsersServiceMethodGetOrAddCurrentUserShouldAddAndReturnANonExistentUser" storage="d:\backup cloudnotes\cloudnotes\cloudnotes\cloudnotes.tests.domain.services\bin\debug\cloudnotes.tests.domain.services.dll" id="5c8c6d23-3d9d-14a6-d884-a87f65791e74">
      <Execution id="ea9a3b05-1cfe-4034-85f0-00c96a65e4a7" />
      <TestMethod codeBase="D:/Backup CloudNotes/CloudNotes/CloudNotes/CloudNotes.Tests.Domain.Services/bin/Debug/CloudNotes.Tests.Domain.Services.DLL" adapterTypeName="Microsoft.VisualStudio.TestTools.TestTypes.Unit.UnitTestAdapter, Microsoft.VisualStudio.QualityTools.Tips.UnitTest.Adapter, Version=10.0.0.0, Culture=neutral, PublicKeyToken=b03f5f7f11d50a3a" className="CloudNotes.Tests.Domain.Services.DomainServicesTests, CloudNotes.Tests.Domain.Services, Version=1.0.0.0, Culture=neutral, PublicKeyToken=null" name="UsersServiceMethodGetOrAddCurrentUserShouldAddAndReturnANonExistentUser" />
    </UnitTest>
    <UnitTest name="UsersRepositoryUpdateCallsUpdateFromTheUnitOfWork" storage="d:\backup cloudnotes\cloudnotes\cloudnotes\cloudnotes.tests.repositories\bin\debug\cloudnotes.tests.repositories.dll" id="da07899b-e0b9-f639-2145-62f05a55637a">
      <Execution id="4e6db238-f39d-4e68-9d74-f8b4c1d7f23b" />
      <TestMethod codeBase="D:/Backup CloudNotes/CloudNotes/CloudNotes/CloudNotes.Tests.Repositories/bin/Debug/CloudNotes.Tests.Repositories.DLL" adapterTypeName="Microsoft.VisualStudio.TestTools.TestTypes.Unit.UnitTestAdapter, Microsoft.VisualStudio.QualityTools.Tips.UnitTest.Adapter, Version=10.0.0.0, Culture=neutral, PublicKeyToken=b03f5f7f11d50a3a" className="CloudNotes.Tests.Repositories.RepositoriesTests, CloudNotes.Tests.Repositories, Version=1.0.0.0, Culture=neutral, PublicKeyToken=null" name="UsersRepositoryUpdateCallsUpdateFromTheUnitOfWork" />
    </UnitTest>
    <UnitTest name="NotesRepositoryRemoveAssociatedUserCallsDeleteFromTheUnitOfWork" storage="d:\backup cloudnotes\cloudnotes\cloudnotes\cloudnotes.tests.repositories\bin\debug\cloudnotes.tests.repositories.dll" id="cbafef75-95ad-7658-1e1c-b55ffac68848">
      <Execution id="d50378f8-edcc-47a2-9ec9-e87a6b4c1103" />
      <TestMethod codeBase="D:/Backup CloudNotes/CloudNotes/CloudNotes/CloudNotes.Tests.Repositories/bin/Debug/CloudNotes.Tests.Repositories.DLL" adapterTypeName="Microsoft.VisualStudio.TestTools.TestTypes.Unit.UnitTestAdapter, Microsoft.VisualStudio.QualityTools.Tips.UnitTest.Adapter, Version=10.0.0.0, Culture=neutral, PublicKeyToken=b03f5f7f11d50a3a" className="CloudNotes.Tests.Repositories.RepositoriesTests, CloudNotes.Tests.Repositories, Version=1.0.0.0, Culture=neutral, PublicKeyToken=null" name="NotesRepositoryRemoveAssociatedUserCallsDeleteFromTheUnitOfWork" />
    </UnitTest>
    <UnitTest name="ATaskListWithAnEmptyTittleIsInvalid" storage="d:\backup cloudnotes\cloudnotes\cloudnotes\cloudnotes.tests.domain\bin\debug\cloudnotes.tests.domain.dll" id="b0f72c88-e8e6-d5ef-9b19-7fed7babeddb">
      <Execution id="c13bf647-8104-4eff-b9e0-3af59ef481c2" />
      <TestMethod codeBase="D:/Backup CloudNotes/CloudNotes/CloudNotes/CloudNotes.Tests.Domain/bin/Debug/CloudNotes.Tests.Domain.DLL" adapterTypeName="Microsoft.VisualStudio.TestTools.TestTypes.Unit.UnitTestAdapter, Microsoft.VisualStudio.QualityTools.Tips.UnitTest.Adapter, Version=10.0.0.0, Culture=neutral, PublicKeyToken=b03f5f7f11d50a3a" className="CloudNotes.Tests.Domain.DomainTests, CloudNotes.Tests.Domain, Version=1.0.0.0, Culture=neutral, PublicKeyToken=null" name="ATaskListWithAnEmptyTittleIsInvalid" />
    </UnitTest>
    <UnitTest name="UsersRepositoryCreateCallsCreateFromTheUnitOfWork" storage="d:\backup cloudnotes\cloudnotes\cloudnotes\cloudnotes.tests.repositories\bin\debug\cloudnotes.tests.repositories.dll" id="8e102b5d-e958-b297-bb65-7f1f98f7fdce">
      <Execution id="e8efc163-c7ee-40e6-b752-89c0a3cd1cfa" />
      <TestMethod codeBase="D:/Backup CloudNotes/CloudNotes/CloudNotes/CloudNotes.Tests.Repositories/bin/Debug/CloudNotes.Tests.Repositories.DLL" adapterTypeName="Microsoft.VisualStudio.TestTools.TestTypes.Unit.UnitTestAdapter, Microsoft.VisualStudio.QualityTools.Tips.UnitTest.Adapter, Version=10.0.0.0, Culture=neutral, PublicKeyToken=b03f5f7f11d50a3a" className="CloudNotes.Tests.Repositories.RepositoriesTests, CloudNotes.Tests.Repositories, Version=1.0.0.0, Culture=neutral, PublicKeyToken=null" name="UsersRepositoryCreateCallsCreateFromTheUnitOfWork" />
    </UnitTest>
    <UnitTest name="NotesRepositoryGetCallsGetFromTheUnitOfWorkAndReturnsAExistentNote" storage="d:\backup cloudnotes\cloudnotes\cloudnotes\cloudnotes.tests.repositories\bin\debug\cloudnotes.tests.repositories.dll" id="5080dcae-3d2d-eaf8-e4e4-76887a83afbb">
      <Execution id="82ac61e2-5b51-4561-8093-e8b8a4c30388" />
      <TestMethod codeBase="D:/Backup CloudNotes/CloudNotes/CloudNotes/CloudNotes.Tests.Repositories/bin/Debug/CloudNotes.Tests.Repositories.DLL" adapterTypeName="Microsoft.VisualStudio.TestTools.TestTypes.Unit.UnitTestAdapter, Microsoft.VisualStudio.QualityTools.Tips.UnitTest.Adapter, Version=10.0.0.0, Culture=neutral, PublicKeyToken=b03f5f7f11d50a3a" className="CloudNotes.Tests.Repositories.RepositoriesTests, CloudNotes.Tests.Repositories, Version=1.0.0.0, Culture=neutral, PublicKeyToken=null" name="NotesRepositoryGetCallsGetFromTheUnitOfWorkAndReturnsAExistentNote" />
    </UnitTest>
    <UnitTest name="UsersServiceMethodGetOrAddCurrentUserShouldAddAndReturnAExistentUser" storage="d:\backup cloudnotes\cloudnotes\cloudnotes\cloudnotes.tests.domain.services\bin\debug\cloudnotes.tests.domain.services.dll" id="056d197d-5465-2401-dfce-dc6952b820a5">
      <Execution id="7fde934d-bf41-485a-96e2-98ca00b97989" />
      <TestMethod codeBase="D:/Backup CloudNotes/CloudNotes/CloudNotes/CloudNotes.Tests.Domain.Services/bin/Debug/CloudNotes.Tests.Domain.Services.DLL" adapterTypeName="Microsoft.VisualStudio.TestTools.TestTypes.Unit.UnitTestAdapter, Microsoft.VisualStudio.QualityTools.Tips.UnitTest.Adapter, Version=10.0.0.0, Culture=neutral, PublicKeyToken=b03f5f7f11d50a3a" className="CloudNotes.Tests.Domain.Services.DomainServicesTests, CloudNotes.Tests.Domain.Services, Version=1.0.0.0, Culture=neutral, PublicKeyToken=null" name="UsersServiceMethodGetOrAddCurrentUserShouldAddAndReturnAExistentUser" />
    </UnitTest>
    <UnitTest name="ANoteWithContentLongerThan50CharactersIsInvalid" storage="d:\backup cloudnotes\cloudnotes\cloudnotes\cloudnotes.tests.domain\bin\debug\cloudnotes.tests.domain.dll" id="7a009e26-62e5-1f69-5cdb-854dc672f6ae">
      <Execution id="1f52e6e4-6f88-4d13-b48e-4e19b23884ab" />
      <TestMethod codeBase="D:/Backup CloudNotes/CloudNotes/CloudNotes/CloudNotes.Tests.Domain/bin/Debug/CloudNotes.Tests.Domain.DLL" adapterTypeName="Microsoft.VisualStudio.TestTools.TestTypes.Unit.UnitTestAdapter, Microsoft.VisualStudio.QualityTools.Tips.UnitTest.Adapter, Version=10.0.0.0, Culture=neutral, PublicKeyToken=b03f5f7f11d50a3a" className="CloudNotes.Tests.Domain.DomainTests, CloudNotes.Tests.Domain, Version=1.0.0.0, Culture=neutral, PublicKeyToken=null" name="ANoteWithContentLongerThan50CharactersIsInvalid" />
    </UnitTest>
    <UnitTest name="UsersServiceMethodUpdateShouldUpdateAUser" storage="d:\backup cloudnotes\cloudnotes\cloudnotes\cloudnotes.tests.domain.services\bin\debug\cloudnotes.tests.domain.services.dll" id="0a706ea0-58bc-0095-f59b-db8b9bd3e9c1">
      <Execution id="c73218c0-1bc4-40ff-8d51-3e1366d6193f" />
      <TestMethod codeBase="D:/Backup CloudNotes/CloudNotes/CloudNotes/CloudNotes.Tests.Domain.Services/bin/Debug/CloudNotes.Tests.Domain.Services.DLL" adapterTypeName="Microsoft.VisualStudio.TestTools.TestTypes.Unit.UnitTestAdapter, Microsoft.VisualStudio.QualityTools.Tips.UnitTest.Adapter, Version=10.0.0.0, Culture=neutral, PublicKeyToken=b03f5f7f11d50a3a" className="CloudNotes.Tests.Domain.Services.DomainServicesTests, CloudNotes.Tests.Domain.Services, Version=1.0.0.0, Culture=neutral, PublicKeyToken=null" name="UsersServiceMethodUpdateShouldUpdateAUser" />
    </UnitTest>
    <UnitTest name="TaskListsServiceMethodAddAssociatedUserShouldAssociateAUserToATaskList" storage="d:\backup cloudnotes\cloudnotes\cloudnotes\cloudnotes.tests.domain.services\bin\debug\cloudnotes.tests.domain.services.dll" id="365c1765-601e-4cb5-c478-8e2a127ddfe7">
      <Execution id="425f33b9-66aa-46c7-b816-e637df5c2012" />
      <TestMethod codeBase="D:/Backup CloudNotes/CloudNotes/CloudNotes/CloudNotes.Tests.Domain.Services/bin/Debug/CloudNotes.Tests.Domain.Services.DLL" adapterTypeName="Microsoft.VisualStudio.TestTools.TestTypes.Unit.UnitTestAdapter, Microsoft.VisualStudio.QualityTools.Tips.UnitTest.Adapter, Version=10.0.0.0, Culture=neutral, PublicKeyToken=b03f5f7f11d50a3a" className="CloudNotes.Tests.Domain.Services.DomainServicesTests, CloudNotes.Tests.Domain.Services, Version=1.0.0.0, Culture=neutral, PublicKeyToken=null" name="TaskListsServiceMethodAddAssociatedUserShouldAssociateAUserToATaskList" />
    </UnitTest>
    <UnitTest name="AUserWithAnAllWhitespaceNameIdentitiferIdentityProviderIsInvalid" storage="d:\backup cloudnotes\cloudnotes\cloudnotes\cloudnotes.tests.domain\bin\debug\cloudnotes.tests.domain.dll" id="7b077f22-22e9-49cd-daef-17e3a82a58b9">
      <Execution id="8b2d608b-2c5d-4b14-a051-682d1cd511ae" />
      <TestMethod codeBase="D:/Backup CloudNotes/CloudNotes/CloudNotes/CloudNotes.Tests.Domain/bin/Debug/CloudNotes.Tests.Domain.DLL" adapterTypeName="Microsoft.VisualStudio.TestTools.TestTypes.Unit.UnitTestAdapter, Microsoft.VisualStudio.QualityTools.Tips.UnitTest.Adapter, Version=10.0.0.0, Culture=neutral, PublicKeyToken=b03f5f7f11d50a3a" className="CloudNotes.Tests.Domain.DomainTests, CloudNotes.Tests.Domain, Version=1.0.0.0, Culture=neutral, PublicKeyToken=null" name="AUserWithAnAllWhitespaceNameIdentitiferIdentityProviderIsInvalid" />
    </UnitTest>
    <UnitTest name="UsersServiceMethodDeleteShouldDeleteAUser" storage="d:\backup cloudnotes\cloudnotes\cloudnotes\cloudnotes.tests.domain.services\bin\debug\cloudnotes.tests.domain.services.dll" id="c6f6cc92-9905-881b-c432-bc390bf4fb00">
      <Execution id="edac71fd-bc91-4562-9c4b-17efed5d04db" />
      <TestMethod codeBase="D:/Backup CloudNotes/CloudNotes/CloudNotes/CloudNotes.Tests.Domain.Services/bin/Debug/CloudNotes.Tests.Domain.Services.DLL" adapterTypeName="Microsoft.VisualStudio.TestTools.TestTypes.Unit.UnitTestAdapter, Microsoft.VisualStudio.QualityTools.Tips.UnitTest.Adapter, Version=10.0.0.0, Culture=neutral, PublicKeyToken=b03f5f7f11d50a3a" className="CloudNotes.Tests.Domain.Services.DomainServicesTests, CloudNotes.Tests.Domain.Services, Version=1.0.0.0, Culture=neutral, PublicKeyToken=null" name="UsersServiceMethodDeleteShouldDeleteAUser" />
    </UnitTest>
    <UnitTest name="ANoteWithAllValidPropertiesIsValid" storage="d:\backup cloudnotes\cloudnotes\cloudnotes\cloudnotes.tests.domain\bin\debug\cloudnotes.tests.domain.dll" id="c14c078d-036a-ef14-90a0-c1d1a047c940">
      <Execution id="399e2ec5-8922-4ce7-9a19-e543aa569ba7" />
      <TestMethod codeBase="D:/Backup CloudNotes/CloudNotes/CloudNotes/CloudNotes.Tests.Domain/bin/Debug/CloudNotes.Tests.Domain.DLL" adapterTypeName="Microsoft.VisualStudio.TestTools.TestTypes.Unit.UnitTestAdapter, Microsoft.VisualStudio.QualityTools.Tips.UnitTest.Adapter, Version=10.0.0.0, Culture=neutral, PublicKeyToken=b03f5f7f11d50a3a" className="CloudNotes.Tests.Domain.DomainTests, CloudNotes.Tests.Domain, Version=1.0.0.0, Culture=neutral, PublicKeyToken=null" name="ANoteWithAllValidPropertiesIsValid" />
    </UnitTest>
    <UnitTest name="TaskListsRepositoryGetCallsGetFromTheUnitOfWorkAndReturnsAExistentTaskList" storage="d:\backup cloudnotes\cloudnotes\cloudnotes\cloudnotes.tests.repositories\bin\debug\cloudnotes.tests.repositories.dll" id="a53334ee-fa15-643f-ccd8-411cde2e57f8">
      <Execution id="9830bdb7-fbe7-41fa-9149-4db655523ef1" />
      <TestMethod codeBase="D:/Backup CloudNotes/CloudNotes/CloudNotes/CloudNotes.Tests.Repositories/bin/Debug/CloudNotes.Tests.Repositories.DLL" adapterTypeName="Microsoft.VisualStudio.TestTools.TestTypes.Unit.UnitTestAdapter, Microsoft.VisualStudio.QualityTools.Tips.UnitTest.Adapter, Version=10.0.0.0, Culture=neutral, PublicKeyToken=b03f5f7f11d50a3a" className="CloudNotes.Tests.Repositories.RepositoriesTests, CloudNotes.Tests.Repositories, Version=1.0.0.0, Culture=neutral, PublicKeyToken=null" name="TaskListsRepositoryGetCallsGetFromTheUnitOfWorkAndReturnsAExistentTaskList" />
    </UnitTest>
    <UnitTest name="ANoteWithAnAllWhitespaceTittleIsInvalid" storage="d:\backup cloudnotes\cloudnotes\cloudnotes\cloudnotes.tests.domain\bin\debug\cloudnotes.tests.domain.dll" id="07851a54-f9f2-0370-ef52-acf62480dca3">
      <Execution id="50ded8cf-b685-4294-a398-c2911ee9024c" />
      <TestMethod codeBase="D:/Backup CloudNotes/CloudNotes/CloudNotes/CloudNotes.Tests.Domain/bin/Debug/CloudNotes.Tests.Domain.DLL" adapterTypeName="Microsoft.VisualStudio.TestTools.TestTypes.Unit.UnitTestAdapter, Microsoft.VisualStudio.QualityTools.Tips.UnitTest.Adapter, Version=10.0.0.0, Culture=neutral, PublicKeyToken=b03f5f7f11d50a3a" className="CloudNotes.Tests.Domain.DomainTests, CloudNotes.Tests.Domain, Version=1.0.0.0, Culture=neutral, PublicKeyToken=null" name="ANoteWithAnAllWhitespaceTittleIsInvalid" />
    </UnitTest>
    <UnitTest name="ANoteWithAnEmptyTittleIsInvalid" storage="d:\backup cloudnotes\cloudnotes\cloudnotes\cloudnotes.tests.domain\bin\debug\cloudnotes.tests.domain.dll" id="157b3a3d-66d6-d440-327f-479b45016df4">
      <Execution id="52711072-f22b-4b78-82da-f0d31ba36019" />
      <TestMethod codeBase="D:/Backup CloudNotes/CloudNotes/CloudNotes/CloudNotes.Tests.Domain/bin/Debug/CloudNotes.Tests.Domain.DLL" adapterTypeName="Microsoft.VisualStudio.TestTools.TestTypes.Unit.UnitTestAdapter, Microsoft.VisualStudio.QualityTools.Tips.UnitTest.Adapter, Version=10.0.0.0, Culture=neutral, PublicKeyToken=b03f5f7f11d50a3a" className="CloudNotes.Tests.Domain.DomainTests, CloudNotes.Tests.Domain, Version=1.0.0.0, Culture=neutral, PublicKeyToken=null" name="ANoteWithAnEmptyTittleIsInvalid" />
    </UnitTest>
    <UnitTest name="TaskListsServiceMethodMoveNoteShouldMoveANoteToAnotherTaskList" storage="d:\backup cloudnotes\cloudnotes\cloudnotes\cloudnotes.tests.domain.services\bin\debug\cloudnotes.tests.domain.services.dll" id="b006a81a-d00c-d8d1-93cd-32825cea222a">
      <Execution id="7e5e6c93-9168-4c1a-b34e-55745ac5e371" />
      <TestMethod codeBase="D:/Backup CloudNotes/CloudNotes/CloudNotes/CloudNotes.Tests.Domain.Services/bin/Debug/CloudNotes.Tests.Domain.Services.DLL" adapterTypeName="Microsoft.VisualStudio.TestTools.TestTypes.Unit.UnitTestAdapter, Microsoft.VisualStudio.QualityTools.Tips.UnitTest.Adapter, Version=10.0.0.0, Culture=neutral, PublicKeyToken=b03f5f7f11d50a3a" className="CloudNotes.Tests.Domain.Services.DomainServicesTests, CloudNotes.Tests.Domain.Services, Version=1.0.0.0, Culture=neutral, PublicKeyToken=null" name="TaskListsServiceMethodMoveNoteShouldMoveANoteToAnotherTaskList" />
    </UnitTest>
    <UnitTest name="NotesServiceMethodUpdateShouldUpdateANote" storage="d:\backup cloudnotes\cloudnotes\cloudnotes\cloudnotes.tests.domain.services\bin\debug\cloudnotes.tests.domain.services.dll" id="5786b163-ef5c-e0c4-11da-ed5c7ebd591c">
      <Execution id="815ccc4e-f736-499f-b049-856952e2d312" />
      <TestMethod codeBase="D:/Backup CloudNotes/CloudNotes/CloudNotes/CloudNotes.Tests.Domain.Services/bin/Debug/CloudNotes.Tests.Domain.Services.DLL" adapterTypeName="Microsoft.VisualStudio.TestTools.TestTypes.Unit.UnitTestAdapter, Microsoft.VisualStudio.QualityTools.Tips.UnitTest.Adapter, Version=10.0.0.0, Culture=neutral, PublicKeyToken=b03f5f7f11d50a3a" className="CloudNotes.Tests.Domain.Services.DomainServicesTests, CloudNotes.Tests.Domain.Services, Version=1.0.0.0, Culture=neutral, PublicKeyToken=null" name="NotesServiceMethodUpdateShouldUpdateANote" />
    </UnitTest>
    <UnitTest name="TaskListsRepositoryUpdateCallsUpdateFromTheUnitOfWork" storage="d:\backup cloudnotes\cloudnotes\cloudnotes\cloudnotes.tests.repositories\bin\debug\cloudnotes.tests.repositories.dll" id="243a3723-c759-1bdb-8565-43030030c8e3">
      <Execution id="c7163997-865e-4a0f-a4b9-6c37a48d8c86" />
      <TestMethod codeBase="D:/Backup CloudNotes/CloudNotes/CloudNotes/CloudNotes.Tests.Repositories/bin/Debug/CloudNotes.Tests.Repositories.DLL" adapterTypeName="Microsoft.VisualStudio.TestTools.TestTypes.Unit.UnitTestAdapter, Microsoft.VisualStudio.QualityTools.Tips.UnitTest.Adapter, Version=10.0.0.0, Culture=neutral, PublicKeyToken=b03f5f7f11d50a3a" className="CloudNotes.Tests.Repositories.RepositoriesTests, CloudNotes.Tests.Repositories, Version=1.0.0.0, Culture=neutral, PublicKeyToken=null" name="TaskListsRepositoryUpdateCallsUpdateFromTheUnitOfWork" />
    </UnitTest>
    <UnitTest name="TaskListsServiceMethodDeleteShouldDeleteATaskList" storage="d:\backup cloudnotes\cloudnotes\cloudnotes\cloudnotes.tests.domain.services\bin\debug\cloudnotes.tests.domain.services.dll" id="9d2851ab-0a27-838f-9557-7fe4eb9929c3">
      <Execution id="5b47defc-de23-4233-8f5f-254c6b723a60" />
      <TestMethod codeBase="D:/Backup CloudNotes/CloudNotes/CloudNotes/CloudNotes.Tests.Domain.Services/bin/Debug/CloudNotes.Tests.Domain.Services.DLL" adapterTypeName="Microsoft.VisualStudio.TestTools.TestTypes.Unit.UnitTestAdapter, Microsoft.VisualStudio.QualityTools.Tips.UnitTest.Adapter, Version=10.0.0.0, Culture=neutral, PublicKeyToken=b03f5f7f11d50a3a" className="CloudNotes.Tests.Domain.Services.DomainServicesTests, CloudNotes.Tests.Domain.Services, Version=1.0.0.0, Culture=neutral, PublicKeyToken=null" name="TaskListsServiceMethodDeleteShouldDeleteATaskList" />
    </UnitTest>
    <UnitTest name="TaskListsRepositoryDeleteCallsDeleteFromTheUnitOfWork" storage="d:\backup cloudnotes\cloudnotes\cloudnotes\cloudnotes.tests.repositories\bin\debug\cloudnotes.tests.repositories.dll" id="846215b7-3a17-549a-a8bb-e3c8573dbdf6">
      <Execution id="1d72709e-d8ee-46a6-8240-742c789ff7c3" />
      <TestMethod codeBase="D:/Backup CloudNotes/CloudNotes/CloudNotes/CloudNotes.Tests.Repositories/bin/Debug/CloudNotes.Tests.Repositories.DLL" adapterTypeName="Microsoft.VisualStudio.TestTools.TestTypes.Unit.UnitTestAdapter, Microsoft.VisualStudio.QualityTools.Tips.UnitTest.Adapter, Version=10.0.0.0, Culture=neutral, PublicKeyToken=b03f5f7f11d50a3a" className="CloudNotes.Tests.Repositories.RepositoriesTests, CloudNotes.Tests.Repositories, Version=1.0.0.0, Culture=neutral, PublicKeyToken=null" name="TaskListsRepositoryDeleteCallsDeleteFromTheUnitOfWork" />
    </UnitTest>
    <UnitTest name="UsersServiceMethodLoadShouldReturnAllUsers" storage="d:\backup cloudnotes\cloudnotes\cloudnotes\cloudnotes.tests.domain.services\bin\debug\cloudnotes.tests.domain.services.dll" id="04f5ff1c-b8db-538c-4d6c-35fba410e0c0">
      <Execution id="428d938f-818d-4a77-8c36-3bf395f79009" />
      <TestMethod codeBase="D:/Backup CloudNotes/CloudNotes/CloudNotes/CloudNotes.Tests.Domain.Services/bin/Debug/CloudNotes.Tests.Domain.Services.DLL" adapterTypeName="Microsoft.VisualStudio.TestTools.TestTypes.Unit.UnitTestAdapter, Microsoft.VisualStudio.QualityTools.Tips.UnitTest.Adapter, Version=10.0.0.0, Culture=neutral, PublicKeyToken=b03f5f7f11d50a3a" className="CloudNotes.Tests.Domain.Services.DomainServicesTests, CloudNotes.Tests.Domain.Services, Version=1.0.0.0, Culture=neutral, PublicKeyToken=null" name="UsersServiceMethodLoadShouldReturnAllUsers" />
    </UnitTest>
    <UnitTest name="NotesServiceMethodLoadShouldReturnAllNotes" storage="d:\backup cloudnotes\cloudnotes\cloudnotes\cloudnotes.tests.domain.services\bin\debug\cloudnotes.tests.domain.services.dll" id="b1a7abd8-8831-126c-749d-ed4bdc9d0f13">
      <Execution id="5e45adb5-27ad-401f-a8c0-973ad29a4a7b" />
      <TestMethod codeBase="D:/Backup CloudNotes/CloudNotes/CloudNotes/CloudNotes.Tests.Domain.Services/bin/Debug/CloudNotes.Tests.Domain.Services.DLL" adapterTypeName="Microsoft.VisualStudio.TestTools.TestTypes.Unit.UnitTestAdapter, Microsoft.VisualStudio.QualityTools.Tips.UnitTest.Adapter, Version=10.0.0.0, Culture=neutral, PublicKeyToken=b03f5f7f11d50a3a" className="CloudNotes.Tests.Domain.Services.DomainServicesTests, CloudNotes.Tests.Domain.Services, Version=1.0.0.0, Culture=neutral, PublicKeyToken=null" name="NotesServiceMethodLoadShouldReturnAllNotes" />
    </UnitTest>
    <UnitTest name="AUserWithAnEmptyNameIdentitiferIdentityProviderIsInvalid" storage="d:\backup cloudnotes\cloudnotes\cloudnotes\cloudnotes.tests.domain\bin\debug\cloudnotes.tests.domain.dll" id="a68d91f7-6467-c9ba-3630-f5f8421f5b40">
      <Execution id="0ce58159-0850-47cd-92c2-19a69e15e578" />
      <TestMethod codeBase="D:/Backup CloudNotes/CloudNotes/CloudNotes/CloudNotes.Tests.Domain/bin/Debug/CloudNotes.Tests.Domain.DLL" adapterTypeName="Microsoft.VisualStudio.TestTools.TestTypes.Unit.UnitTestAdapter, Microsoft.VisualStudio.QualityTools.Tips.UnitTest.Adapter, Version=10.0.0.0, Culture=neutral, PublicKeyToken=b03f5f7f11d50a3a" className="CloudNotes.Tests.Domain.DomainTests, CloudNotes.Tests.Domain, Version=1.0.0.0, Culture=neutral, PublicKeyToken=null" name="AUserWithAnEmptyNameIdentitiferIdentityProviderIsInvalid" />
    </UnitTest>
    <UnitTest name="UsersRepositoryGetOrAddCurrentUserCallsCreateFromTheUnitOfWorkForANewUser" storage="d:\backup cloudnotes\cloudnotes\cloudnotes\cloudnotes.tests.repositories\bin\debug\cloudnotes.tests.repositories.dll" id="877a47e2-2cfb-b1ee-91f0-d5e62b3d3dfe">
      <Execution id="1ef4ba63-733f-4f47-973e-feeea713c3f4" />
      <TestMethod codeBase="D:/Backup CloudNotes/CloudNotes/CloudNotes/CloudNotes.Tests.Repositories/bin/Debug/CloudNotes.Tests.Repositories.DLL" adapterTypeName="Microsoft.VisualStudio.TestTools.TestTypes.Unit.UnitTestAdapter, Microsoft.VisualStudio.QualityTools.Tips.UnitTest.Adapter, Version=10.0.0.0, Culture=neutral, PublicKeyToken=b03f5f7f11d50a3a" className="CloudNotes.Tests.Repositories.RepositoriesTests, CloudNotes.Tests.Repositories, Version=1.0.0.0, Culture=neutral, PublicKeyToken=null" name="UsersRepositoryGetOrAddCurrentUserCallsCreateFromTheUnitOfWorkForANewUser" />
    </UnitTest>
    <UnitTest name="ANoteWithATittleLongerThan20CharactersIsInvalid" storage="d:\backup cloudnotes\cloudnotes\cloudnotes\cloudnotes.tests.domain\bin\debug\cloudnotes.tests.domain.dll" id="0ce8d206-0c8a-8c5e-6c07-1fff93fda8b9">
      <Execution id="fe7555c4-cb64-4ffd-ac47-ba0501f55159" />
      <TestMethod codeBase="D:/Backup CloudNotes/CloudNotes/CloudNotes/CloudNotes.Tests.Domain/bin/Debug/CloudNotes.Tests.Domain.DLL" adapterTypeName="Microsoft.VisualStudio.TestTools.TestTypes.Unit.UnitTestAdapter, Microsoft.VisualStudio.QualityTools.Tips.UnitTest.Adapter, Version=10.0.0.0, Culture=neutral, PublicKeyToken=b03f5f7f11d50a3a" className="CloudNotes.Tests.Domain.DomainTests, CloudNotes.Tests.Domain, Version=1.0.0.0, Culture=neutral, PublicKeyToken=null" name="ANoteWithATittleLongerThan20CharactersIsInvalid" />
    </UnitTest>
    <UnitTest name="NotesRepositoryDeleteCallsDeleteFromTheUnitOfWork" storage="d:\backup cloudnotes\cloudnotes\cloudnotes\cloudnotes.tests.repositories\bin\debug\cloudnotes.tests.repositories.dll" id="30e5be5e-a000-267a-e9b2-5e4a03aead97">
      <Execution id="2c3716e9-bd55-4056-80aa-97a0c41707db" />
      <TestMethod codeBase="D:/Backup CloudNotes/CloudNotes/CloudNotes/CloudNotes.Tests.Repositories/bin/Debug/CloudNotes.Tests.Repositories.DLL" adapterTypeName="Microsoft.VisualStudio.TestTools.TestTypes.Unit.UnitTestAdapter, Microsoft.VisualStudio.QualityTools.Tips.UnitTest.Adapter, Version=10.0.0.0, Culture=neutral, PublicKeyToken=b03f5f7f11d50a3a" className="CloudNotes.Tests.Repositories.RepositoriesTests, CloudNotes.Tests.Repositories, Version=1.0.0.0, Culture=neutral, PublicKeyToken=null" name="NotesRepositoryDeleteCallsDeleteFromTheUnitOfWork" />
    </UnitTest>
    <UnitTest name="UsersRepositoryLoadCallsLoadFromTheUnitOfWork" storage="d:\backup cloudnotes\cloudnotes\cloudnotes\cloudnotes.tests.repositories\bin\debug\cloudnotes.tests.repositories.dll" id="31c722d8-5747-84ab-dbe0-e3286ae27d8d">
      <Execution id="3f43006f-c6bc-4a5c-a56f-2040695a4a0b" />
      <TestMethod codeBase="D:/Backup CloudNotes/CloudNotes/CloudNotes/CloudNotes.Tests.Repositories/bin/Debug/CloudNotes.Tests.Repositories.DLL" adapterTypeName="Microsoft.VisualStudio.TestTools.TestTypes.Unit.UnitTestAdapter, Microsoft.VisualStudio.QualityTools.Tips.UnitTest.Adapter, Version=10.0.0.0, Culture=neutral, PublicKeyToken=b03f5f7f11d50a3a" className="CloudNotes.Tests.Repositories.RepositoriesTests, CloudNotes.Tests.Repositories, Version=1.0.0.0, Culture=neutral, PublicKeyToken=null" name="UsersRepositoryLoadCallsLoadFromTheUnitOfWork" />
    </UnitTest>
    <UnitTest name="TaskListsServiceMethodLoadShouldReturnAllTaskLists" storage="d:\backup cloudnotes\cloudnotes\cloudnotes\cloudnotes.tests.domain.services\bin\debug\cloudnotes.tests.domain.services.dll" id="7d1001da-6055-18e2-1484-260115b93ccf">
      <Execution id="d8275c67-3b86-4743-a0b3-2ec475ac113e" />
      <TestMethod codeBase="D:/Backup CloudNotes/CloudNotes/CloudNotes/CloudNotes.Tests.Domain.Services/bin/Debug/CloudNotes.Tests.Domain.Services.DLL" adapterTypeName="Microsoft.VisualStudio.TestTools.TestTypes.Unit.UnitTestAdapter, Microsoft.VisualStudio.QualityTools.Tips.UnitTest.Adapter, Version=10.0.0.0, Culture=neutral, PublicKeyToken=b03f5f7f11d50a3a" className="CloudNotes.Tests.Domain.Services.DomainServicesTests, CloudNotes.Tests.Domain.Services, Version=1.0.0.0, Culture=neutral, PublicKeyToken=null" name="TaskListsServiceMethodLoadShouldReturnAllTaskLists" />
    </UnitTest>
    <UnitTest name="TaskListsRepositoryAddAssociatedUserCallsCreateFromTheUnitOfWork" storage="d:\backup cloudnotes\cloudnotes\cloudnotes\cloudnotes.tests.repositories\bin\debug\cloudnotes.tests.repositories.dll" id="acfeaeee-602e-5259-5fae-51e3dc843fa1">
      <Execution id="b16f5c4e-9c47-420d-a86d-7d4aeb1df42c" />
      <TestMethod codeBase="D:/Backup CloudNotes/CloudNotes/CloudNotes/CloudNotes.Tests.Repositories/bin/Debug/CloudNotes.Tests.Repositories.DLL" adapterTypeName="Microsoft.VisualStudio.TestTools.TestTypes.Unit.UnitTestAdapter, Microsoft.VisualStudio.QualityTools.Tips.UnitTest.Adapter, Version=10.0.0.0, Culture=neutral, PublicKeyToken=b03f5f7f11d50a3a" className="CloudNotes.Tests.Repositories.RepositoriesTests, CloudNotes.Tests.Repositories, Version=1.0.0.0, Culture=neutral, PublicKeyToken=null" name="TaskListsRepositoryAddAssociatedUserCallsCreateFromTheUnitOfWork" />
    </UnitTest>
    <UnitTest name="ANoteWithAnEmptyContentIsInvalid" storage="d:\backup cloudnotes\cloudnotes\cloudnotes\cloudnotes.tests.domain\bin\debug\cloudnotes.tests.domain.dll" id="852657b0-510e-88d6-c043-399bc17187ed">
      <Execution id="5c473fc4-f311-4b1b-b17c-ad96e2ecca0b" />
      <TestMethod codeBase="D:/Backup CloudNotes/CloudNotes/CloudNotes/CloudNotes.Tests.Domain/bin/Debug/CloudNotes.Tests.Domain.DLL" adapterTypeName="Microsoft.VisualStudio.TestTools.TestTypes.Unit.UnitTestAdapter, Microsoft.VisualStudio.QualityTools.Tips.UnitTest.Adapter, Version=10.0.0.0, Culture=neutral, PublicKeyToken=b03f5f7f11d50a3a" className="CloudNotes.Tests.Domain.DomainTests, CloudNotes.Tests.Domain, Version=1.0.0.0, Culture=neutral, PublicKeyToken=null" name="ANoteWithAnEmptyContentIsInvalid" />
    </UnitTest>
    <UnitTest name="ANoteWithAnAllWhitespaceContentIsInvalid" storage="d:\backup cloudnotes\cloudnotes\cloudnotes\cloudnotes.tests.domain\bin\debug\cloudnotes.tests.domain.dll" id="00d57f25-d21b-e712-e7ff-b98a3d6f01aa">
      <Execution id="ac2619d3-f583-4e11-a8da-8c1dfbe5d5fc" />
      <TestMethod codeBase="D:/Backup CloudNotes/CloudNotes/CloudNotes/CloudNotes.Tests.Domain/bin/Debug/CloudNotes.Tests.Domain.DLL" adapterTypeName="Microsoft.VisualStudio.TestTools.TestTypes.Unit.UnitTestAdapter, Microsoft.VisualStudio.QualityTools.Tips.UnitTest.Adapter, Version=10.0.0.0, Culture=neutral, PublicKeyToken=b03f5f7f11d50a3a" className="CloudNotes.Tests.Domain.DomainTests, CloudNotes.Tests.Domain, Version=1.0.0.0, Culture=neutral, PublicKeyToken=null" name="ANoteWithAnAllWhitespaceContentIsInvalid" />
    </UnitTest>
    <UnitTest name="NotesRepositoryUpdateCallsUpdateFromTheUnitOfWork" storage="d:\backup cloudnotes\cloudnotes\cloudnotes\cloudnotes.tests.repositories\bin\debug\cloudnotes.tests.repositories.dll" id="a780d5d0-43e2-3171-7945-424274cf7cfb">
      <Execution id="2a8d3261-03ee-4b6c-a59c-126298a6da32" />
      <TestMethod codeBase="D:/Backup CloudNotes/CloudNotes/CloudNotes/CloudNotes.Tests.Repositories/bin/Debug/CloudNotes.Tests.Repositories.DLL" adapterTypeName="Microsoft.VisualStudio.TestTools.TestTypes.Unit.UnitTestAdapter, Microsoft.VisualStudio.QualityTools.Tips.UnitTest.Adapter, Version=10.0.0.0, Culture=neutral, PublicKeyToken=b03f5f7f11d50a3a" className="CloudNotes.Tests.Repositories.RepositoriesTests, CloudNotes.Tests.Repositories, Version=1.0.0.0, Culture=neutral, PublicKeyToken=null" name="NotesRepositoryUpdateCallsUpdateFromTheUnitOfWork" />
    </UnitTest>
    <UnitTest name="TaskListsServiceMethodRemoveAssociatedUserShouldRemoveAnAssociatedUserToATaskList" storage="d:\backup cloudnotes\cloudnotes\cloudnotes\cloudnotes.tests.domain.services\bin\debug\cloudnotes.tests.domain.services.dll" id="52a45ba1-11f0-22ef-214f-0d3c601ec67e">
      <Execution id="99e643b0-eb4d-4346-97cb-f4845fe42c75" />
      <TestMethod codeBase="D:/Backup CloudNotes/CloudNotes/CloudNotes/CloudNotes.Tests.Domain.Services/bin/Debug/CloudNotes.Tests.Domain.Services.DLL" adapterTypeName="Microsoft.VisualStudio.TestTools.TestTypes.Unit.UnitTestAdapter, Microsoft.VisualStudio.QualityTools.Tips.UnitTest.Adapter, Version=10.0.0.0, Culture=neutral, PublicKeyToken=b03f5f7f11d50a3a" className="CloudNotes.Tests.Domain.Services.DomainServicesTests, CloudNotes.Tests.Domain.Services, Version=1.0.0.0, Culture=neutral, PublicKeyToken=null" name="TaskListsServiceMethodRemoveAssociatedUserShouldRemoveAnAssociatedUserToATaskList" />
    </UnitTest>
    <UnitTest name="UsersServiceMethodLoadNoteAssociatedUsersShouldLoadAssociatedUsers" storage="d:\backup cloudnotes\cloudnotes\cloudnotes\cloudnotes.tests.domain.services\bin\debug\cloudnotes.tests.domain.services.dll" id="50b417ca-3689-206a-8c68-f9bcef8257fb">
      <Execution id="87a1677c-fe1c-4ff7-a655-78ea43667c5c" />
      <TestMethod codeBase="D:/Backup CloudNotes/CloudNotes/CloudNotes/CloudNotes.Tests.Domain.Services/bin/Debug/CloudNotes.Tests.Domain.Services.DLL" adapterTypeName="Microsoft.VisualStudio.TestTools.TestTypes.Unit.UnitTestAdapter, Microsoft.VisualStudio.QualityTools.Tips.UnitTest.Adapter, Version=10.0.0.0, Culture=neutral, PublicKeyToken=b03f5f7f11d50a3a" className="CloudNotes.Tests.Domain.Services.DomainServicesTests, CloudNotes.Tests.Domain.Services, Version=1.0.0.0, Culture=neutral, PublicKeyToken=null" name="UsersServiceMethodLoadNoteAssociatedUsersShouldLoadAssociatedUsers" />
    </UnitTest>
    <UnitTest name="AUserWithAnInvalidEmailIsInvalid" storage="d:\backup cloudnotes\cloudnotes\cloudnotes\cloudnotes.tests.domain\bin\debug\cloudnotes.tests.domain.dll" id="68595d26-57a1-321d-c72e-7ab1ba9f7821">
      <Execution id="72fcd831-528f-4b29-ab54-531a71f4a99f" />
      <TestMethod codeBase="D:/Backup CloudNotes/CloudNotes/CloudNotes/CloudNotes.Tests.Domain/bin/Debug/CloudNotes.Tests.Domain.DLL" adapterTypeName="Microsoft.VisualStudio.TestTools.TestTypes.Unit.UnitTestAdapter, Microsoft.VisualStudio.QualityTools.Tips.UnitTest.Adapter, Version=10.0.0.0, Culture=neutral, PublicKeyToken=b03f5f7f11d50a3a" className="CloudNotes.Tests.Domain.DomainTests, CloudNotes.Tests.Domain, Version=1.0.0.0, Culture=neutral, PublicKeyToken=null" name="AUserWithAnInvalidEmailIsInvalid" />
    </UnitTest>
    <UnitTest name="TaskListsServiceMethodCopyNoteShouldCopyANoteToAnotherTaskList" storage="d:\backup cloudnotes\cloudnotes\cloudnotes\cloudnotes.tests.domain.services\bin\debug\cloudnotes.tests.domain.services.dll" id="9ed0a60a-b93f-0f24-d30f-0b360564563b">
      <Execution id="23f0e187-e77c-4d5b-8606-f0f93c3b477a" />
      <TestMethod codeBase="D:/Backup CloudNotes/CloudNotes/CloudNotes/CloudNotes.Tests.Domain.Services/bin/Debug/CloudNotes.Tests.Domain.Services.DLL" adapterTypeName="Microsoft.VisualStudio.TestTools.TestTypes.Unit.UnitTestAdapter, Microsoft.VisualStudio.QualityTools.Tips.UnitTest.Adapter, Version=10.0.0.0, Culture=neutral, PublicKeyToken=b03f5f7f11d50a3a" className="CloudNotes.Tests.Domain.Services.DomainServicesTests, CloudNotes.Tests.Domain.Services, Version=1.0.0.0, Culture=neutral, PublicKeyToken=null" name="TaskListsServiceMethodCopyNoteShouldCopyANoteToAnotherTaskList" />
    </UnitTest>
    <UnitTest name="NotesServiceMethodCreateShouldCreateANote" storage="d:\backup cloudnotes\cloudnotes\cloudnotes\cloudnotes.tests.domain.services\bin\debug\cloudnotes.tests.domain.services.dll" id="dd0adaa0-376e-15b3-c394-a4c648706582">
      <Execution id="32c634b8-e51c-49a4-8a27-c2eadb4bcdf8" />
      <TestMethod codeBase="D:/Backup CloudNotes/CloudNotes/CloudNotes/CloudNotes.Tests.Domain.Services/bin/Debug/CloudNotes.Tests.Domain.Services.DLL" adapterTypeName="Microsoft.VisualStudio.TestTools.TestTypes.Unit.UnitTestAdapter, Microsoft.VisualStudio.QualityTools.Tips.UnitTest.Adapter, Version=10.0.0.0, Culture=neutral, PublicKeyToken=b03f5f7f11d50a3a" className="CloudNotes.Tests.Domain.Services.DomainServicesTests, CloudNotes.Tests.Domain.Services, Version=1.0.0.0, Culture=neutral, PublicKeyToken=null" name="NotesServiceMethodCreateShouldCreateANote" />
    </UnitTest>
    <UnitTest name="UsersRepositoryLoadNoteAssociatedUsersCallsLoadAndGetFromTheUnitOfWork" storage="d:\backup cloudnotes\cloudnotes\cloudnotes\cloudnotes.tests.repositories\bin\debug\cloudnotes.tests.repositories.dll" id="ef1c3110-4c34-5292-1f49-5834ef71e1bd">
      <Execution id="7875119f-e277-48d8-82c4-19b6402f862c" />
      <TestMethod codeBase="D:/Backup CloudNotes/CloudNotes/CloudNotes/CloudNotes.Tests.Repositories/bin/Debug/CloudNotes.Tests.Repositories.DLL" adapterTypeName="Microsoft.VisualStudio.TestTools.TestTypes.Unit.UnitTestAdapter, Microsoft.VisualStudio.QualityTools.Tips.UnitTest.Adapter, Version=10.0.0.0, Culture=neutral, PublicKeyToken=b03f5f7f11d50a3a" className="CloudNotes.Tests.Repositories.RepositoriesTests, CloudNotes.Tests.Repositories, Version=1.0.0.0, Culture=neutral, PublicKeyToken=null" name="UsersRepositoryLoadNoteAssociatedUsersCallsLoadAndGetFromTheUnitOfWork" />
    </UnitTest>
    <UnitTest name="UsersServiceMethodLoadTaskListOwnerShouldLoadOwner" storage="d:\backup cloudnotes\cloudnotes\cloudnotes\cloudnotes.tests.domain.services\bin\debug\cloudnotes.tests.domain.services.dll" id="63b79998-d09c-e8f8-a40f-f31aca5bbc08">
      <Execution id="1a6d4642-2433-4369-9678-4390808644da" />
      <TestMethod codeBase="D:/Backup CloudNotes/CloudNotes/CloudNotes/CloudNotes.Tests.Domain.Services/bin/Debug/CloudNotes.Tests.Domain.Services.DLL" adapterTypeName="Microsoft.VisualStudio.TestTools.TestTypes.Unit.UnitTestAdapter, Microsoft.VisualStudio.QualityTools.Tips.UnitTest.Adapter, Version=10.0.0.0, Culture=neutral, PublicKeyToken=b03f5f7f11d50a3a" className="CloudNotes.Tests.Domain.Services.DomainServicesTests, CloudNotes.Tests.Domain.Services, Version=1.0.0.0, Culture=neutral, PublicKeyToken=null" name="UsersServiceMethodLoadTaskListOwnerShouldLoadOwner" />
    </UnitTest>
    <UnitTest name="NotesServiceMethodRemoveAssociatedUserShouldRemoveAnAssociatedUserToANote" storage="d:\backup cloudnotes\cloudnotes\cloudnotes\cloudnotes.tests.domain.services\bin\debug\cloudnotes.tests.domain.services.dll" id="5355b619-5c9d-5450-935c-ffa5b015a1e6">
      <Execution id="ad1732df-9f89-418a-b310-6da7200c8062" />
      <TestMethod codeBase="D:/Backup CloudNotes/CloudNotes/CloudNotes/CloudNotes.Tests.Domain.Services/bin/Debug/CloudNotes.Tests.Domain.Services.DLL" adapterTypeName="Microsoft.VisualStudio.TestTools.TestTypes.Unit.UnitTestAdapter, Microsoft.VisualStudio.QualityTools.Tips.UnitTest.Adapter, Version=10.0.0.0, Culture=neutral, PublicKeyToken=b03f5f7f11d50a3a" className="CloudNotes.Tests.Domain.Services.DomainServicesTests, CloudNotes.Tests.Domain.Services, Version=1.0.0.0, Culture=neutral, PublicKeyToken=null" name="NotesServiceMethodRemoveAssociatedUserShouldRemoveAnAssociatedUserToANote" />
    </UnitTest>
    <UnitTest name="NotesServiceMethodGetShouldReturnANote" storage="d:\backup cloudnotes\cloudnotes\cloudnotes\cloudnotes.tests.domain.services\bin\debug\cloudnotes.tests.domain.services.dll" id="a52de280-ccb3-2f52-6566-1bbc9bfb4624">
      <Execution id="be5c3d3c-1011-4ff1-a807-787299e28a3e" />
      <TestMethod codeBase="D:/Backup CloudNotes/CloudNotes/CloudNotes/CloudNotes.Tests.Domain.Services/bin/Debug/CloudNotes.Tests.Domain.Services.DLL" adapterTypeName="Microsoft.VisualStudio.TestTools.TestTypes.Unit.UnitTestAdapter, Microsoft.VisualStudio.QualityTools.Tips.UnitTest.Adapter, Version=10.0.0.0, Culture=neutral, PublicKeyToken=b03f5f7f11d50a3a" className="CloudNotes.Tests.Domain.Services.DomainServicesTests, CloudNotes.Tests.Domain.Services, Version=1.0.0.0, Culture=neutral, PublicKeyToken=null" name="NotesServiceMethodGetShouldReturnANote" />
    </UnitTest>
    <UnitTest name="UsersRepositoryGetOrAddCurrentUserCallsCreateFromTheUnitOfWorkForAExistingUser" storage="d:\backup cloudnotes\cloudnotes\cloudnotes\cloudnotes.tests.repositories\bin\debug\cloudnotes.tests.repositories.dll" id="6bd55437-121b-8162-8299-753e5d28b25f">
      <Execution id="9a160993-603e-41d2-9727-48523bcce4ab" />
      <TestMethod codeBase="D:/Backup CloudNotes/CloudNotes/CloudNotes/CloudNotes.Tests.Repositories/bin/Debug/CloudNotes.Tests.Repositories.DLL" adapterTypeName="Microsoft.VisualStudio.TestTools.TestTypes.Unit.UnitTestAdapter, Microsoft.VisualStudio.QualityTools.Tips.UnitTest.Adapter, Version=10.0.0.0, Culture=neutral, PublicKeyToken=b03f5f7f11d50a3a" className="CloudNotes.Tests.Repositories.RepositoriesTests, CloudNotes.Tests.Repositories, Version=1.0.0.0, Culture=neutral, PublicKeyToken=null" name="UsersRepositoryGetOrAddCurrentUserCallsCreateFromTheUnitOfWorkForAExistingUser" />
    </UnitTest>
    <UnitTest name="TaskListsServiceMethodUpdateShouldUpdateATaskList" storage="d:\backup cloudnotes\cloudnotes\cloudnotes\cloudnotes.tests.domain.services\bin\debug\cloudnotes.tests.domain.services.dll" id="317d83c6-7888-b2e3-18a3-1679d93597b9">
      <Execution id="5fdd16a1-cb3d-4fe4-8eff-05b13625d827" />
      <TestMethod codeBase="D:/Backup CloudNotes/CloudNotes/CloudNotes/CloudNotes.Tests.Domain.Services/bin/Debug/CloudNotes.Tests.Domain.Services.DLL" adapterTypeName="Microsoft.VisualStudio.TestTools.TestTypes.Unit.UnitTestAdapter, Microsoft.VisualStudio.QualityTools.Tips.UnitTest.Adapter, Version=10.0.0.0, Culture=neutral, PublicKeyToken=b03f5f7f11d50a3a" className="CloudNotes.Tests.Domain.Services.DomainServicesTests, CloudNotes.Tests.Domain.Services, Version=1.0.0.0, Culture=neutral, PublicKeyToken=null" name="TaskListsServiceMethodUpdateShouldUpdateATaskList" />
    </UnitTest>
    <UnitTest name="TaskListsRepositoryRemoveAssociatedUserCallsDeleteFromTheUnitOfWork" storage="d:\backup cloudnotes\cloudnotes\cloudnotes\cloudnotes.tests.repositories\bin\debug\cloudnotes.tests.repositories.dll" id="dfdc3834-29fd-d2b9-f117-af51569e4df6">
      <Execution id="6762b748-c596-4a50-9330-faa28f1bb276" />
      <TestMethod codeBase="D:/Backup CloudNotes/CloudNotes/CloudNotes/CloudNotes.Tests.Repositories/bin/Debug/CloudNotes.Tests.Repositories.DLL" adapterTypeName="Microsoft.VisualStudio.TestTools.TestTypes.Unit.UnitTestAdapter, Microsoft.VisualStudio.QualityTools.Tips.UnitTest.Adapter, Version=10.0.0.0, Culture=neutral, PublicKeyToken=b03f5f7f11d50a3a" className="CloudNotes.Tests.Repositories.RepositoriesTests, CloudNotes.Tests.Repositories, Version=1.0.0.0, Culture=neutral, PublicKeyToken=null" name="TaskListsRepositoryRemoveAssociatedUserCallsDeleteFromTheUnitOfWork" />
    </UnitTest>
    <UnitTest name="TaskListsServiceMethodCreateShouldCreateATaskList" storage="d:\backup cloudnotes\cloudnotes\cloudnotes\cloudnotes.tests.domain.services\bin\debug\cloudnotes.tests.domain.services.dll" id="fe3768ee-5ae4-68d3-ca82-4c54def2a86c">
      <Execution id="67b00fb9-647e-417c-906a-9204fb6496e6" />
      <TestMethod codeBase="D:/Backup CloudNotes/CloudNotes/CloudNotes/CloudNotes.Tests.Domain.Services/bin/Debug/CloudNotes.Tests.Domain.Services.DLL" adapterTypeName="Microsoft.VisualStudio.TestTools.TestTypes.Unit.UnitTestAdapter, Microsoft.VisualStudio.QualityTools.Tips.UnitTest.Adapter, Version=10.0.0.0, Culture=neutral, PublicKeyToken=b03f5f7f11d50a3a" className="CloudNotes.Tests.Domain.Services.DomainServicesTests, CloudNotes.Tests.Domain.Services, Version=1.0.0.0, Culture=neutral, PublicKeyToken=null" name="TaskListsServiceMethodCreateShouldCreateATaskList" />
    </UnitTest>
    <UnitTest name="NotesRepositoryCreateCallsCreateFromTheUnitOfWork" storage="d:\backup cloudnotes\cloudnotes\cloudnotes\cloudnotes.tests.repositories\bin\debug\cloudnotes.tests.repositories.dll" id="b3e5450c-7394-e772-4c0f-83c0f0cc9085">
      <Execution id="f4ea034f-527b-4a34-a8d8-baf3d21542b1" />
      <TestMethod codeBase="D:/Backup CloudNotes/CloudNotes/CloudNotes/CloudNotes.Tests.Repositories/bin/Debug/CloudNotes.Tests.Repositories.DLL" adapterTypeName="Microsoft.VisualStudio.TestTools.TestTypes.Unit.UnitTestAdapter, Microsoft.VisualStudio.QualityTools.Tips.UnitTest.Adapter, Version=10.0.0.0, Culture=neutral, PublicKeyToken=b03f5f7f11d50a3a" className="CloudNotes.Tests.Repositories.RepositoriesTests, CloudNotes.Tests.Repositories, Version=1.0.0.0, Culture=neutral, PublicKeyToken=null" name="NotesRepositoryCreateCallsCreateFromTheUnitOfWork" />
    </UnitTest>
    <UnitTest name="UsersServiceMethodGetShouldReturnAUser" storage="d:\backup cloudnotes\cloudnotes\cloudnotes\cloudnotes.tests.domain.services\bin\debug\cloudnotes.tests.domain.services.dll" id="116d3050-b942-e948-ad6f-065e0037c531">
      <Execution id="760500b2-7ee4-49c6-b2c2-0862c2ec99f2" />
      <TestMethod codeBase="D:/Backup CloudNotes/CloudNotes/CloudNotes/CloudNotes.Tests.Domain.Services/bin/Debug/CloudNotes.Tests.Domain.Services.DLL" adapterTypeName="Microsoft.VisualStudio.TestTools.TestTypes.Unit.UnitTestAdapter, Microsoft.VisualStudio.QualityTools.Tips.UnitTest.Adapter, Version=10.0.0.0, Culture=neutral, PublicKeyToken=b03f5f7f11d50a3a" className="CloudNotes.Tests.Domain.Services.DomainServicesTests, CloudNotes.Tests.Domain.Services, Version=1.0.0.0, Culture=neutral, PublicKeyToken=null" name="UsersServiceMethodGetShouldReturnAUser" />
    </UnitTest>
    <UnitTest name="NotesServiceMethodAddAssociatedUserShouldAssociateAUserToANote" storage="d:\backup cloudnotes\cloudnotes\cloudnotes\cloudnotes.tests.domain.services\bin\debug\cloudnotes.tests.domain.services.dll" id="84cc041c-2bc4-899d-daf7-c6fb7faf1bff">
      <Execution id="bcaddd14-9658-41cf-9e1d-34c2840b4d61" />
      <TestMethod codeBase="D:/Backup CloudNotes/CloudNotes/CloudNotes/CloudNotes.Tests.Domain.Services/bin/Debug/CloudNotes.Tests.Domain.Services.DLL" adapterTypeName="Microsoft.VisualStudio.TestTools.TestTypes.Unit.UnitTestAdapter, Microsoft.VisualStudio.QualityTools.Tips.UnitTest.Adapter, Version=10.0.0.0, Culture=neutral, PublicKeyToken=b03f5f7f11d50a3a" className="CloudNotes.Tests.Domain.Services.DomainServicesTests, CloudNotes.Tests.Domain.Services, Version=1.0.0.0, Culture=neutral, PublicKeyToken=null" name="NotesServiceMethodAddAssociatedUserShouldAssociateAUserToANote" />
    </UnitTest>
    <UnitTest name="AUserWithAValidEmailIsValid" storage="d:\backup cloudnotes\cloudnotes\cloudnotes\cloudnotes.tests.domain\bin\debug\cloudnotes.tests.domain.dll" id="7d09f543-4324-80a8-54ae-156dcda31038">
      <Execution id="b0e6e1fc-b570-4713-b6d8-1142c676ed42" />
      <TestMethod codeBase="D:/Backup CloudNotes/CloudNotes/CloudNotes/CloudNotes.Tests.Domain/bin/Debug/CloudNotes.Tests.Domain.DLL" adapterTypeName="Microsoft.VisualStudio.TestTools.TestTypes.Unit.UnitTestAdapter, Microsoft.VisualStudio.QualityTools.Tips.UnitTest.Adapter, Version=10.0.0.0, Culture=neutral, PublicKeyToken=b03f5f7f11d50a3a" className="CloudNotes.Tests.Domain.DomainTests, CloudNotes.Tests.Domain, Version=1.0.0.0, Culture=neutral, PublicKeyToken=null" name="AUserWithAValidEmailIsValid" />
    </UnitTest>
    <UnitTest name="UsersRepositoryGetCallsGetFromTheUnitOfWorkAndReturnsNullForANonExistentUser" storage="d:\backup cloudnotes\cloudnotes\cloudnotes\cloudnotes.tests.repositories\bin\debug\cloudnotes.tests.repositories.dll" id="4fbd54c0-4451-fe98-dff9-1cef8b64adf4">
      <Execution id="257ea23e-7d60-4a86-967f-7c9a6db931d2" />
      <TestMethod codeBase="D:/Backup CloudNotes/CloudNotes/CloudNotes/CloudNotes.Tests.Repositories/bin/Debug/CloudNotes.Tests.Repositories.DLL" adapterTypeName="Microsoft.VisualStudio.TestTools.TestTypes.Unit.UnitTestAdapter, Microsoft.VisualStudio.QualityTools.Tips.UnitTest.Adapter, Version=10.0.0.0, Culture=neutral, PublicKeyToken=b03f5f7f11d50a3a" className="CloudNotes.Tests.Repositories.RepositoriesTests, CloudNotes.Tests.Repositories, Version=1.0.0.0, Culture=neutral, PublicKeyToken=null" name="UsersRepositoryGetCallsGetFromTheUnitOfWorkAndReturnsNullForANonExistentUser" />
    </UnitTest>
    <UnitTest name="UsersRepositoryGetCallsGetFromTheUnitOfWorkAndReturnsAExistentUser" storage="d:\backup cloudnotes\cloudnotes\cloudnotes\cloudnotes.tests.repositories\bin\debug\cloudnotes.tests.repositories.dll" id="8a0a7e76-5c0a-742c-5e83-b195850f7e6f">
      <Execution id="52907664-3003-46da-946e-00a5149faa56" />
      <TestMethod codeBase="D:/Backup CloudNotes/CloudNotes/CloudNotes/CloudNotes.Tests.Repositories/bin/Debug/CloudNotes.Tests.Repositories.DLL" adapterTypeName="Microsoft.VisualStudio.TestTools.TestTypes.Unit.UnitTestAdapter, Microsoft.VisualStudio.QualityTools.Tips.UnitTest.Adapter, Version=10.0.0.0, Culture=neutral, PublicKeyToken=b03f5f7f11d50a3a" className="CloudNotes.Tests.Repositories.RepositoriesTests, CloudNotes.Tests.Repositories, Version=1.0.0.0, Culture=neutral, PublicKeyToken=null" name="UsersRepositoryGetCallsGetFromTheUnitOfWorkAndReturnsAExistentUser" />
    </UnitTest>
    <UnitTest name="NotesRepositoryAddAssociatedUserCallsCreateFromTheUnitOfWork" storage="d:\backup cloudnotes\cloudnotes\cloudnotes\cloudnotes.tests.repositories\bin\debug\cloudnotes.tests.repositories.dll" id="3b9c6de0-a473-1a73-7d2e-1e57d6b2e233">
      <Execution id="9ac5cb43-6ae2-48ae-a120-c62b74bdaad2" />
      <TestMethod codeBase="D:/Backup CloudNotes/CloudNotes/CloudNotes/CloudNotes.Tests.Repositories/bin/Debug/CloudNotes.Tests.Repositories.DLL" adapterTypeName="Microsoft.VisualStudio.TestTools.TestTypes.Unit.UnitTestAdapter, Microsoft.VisualStudio.QualityTools.Tips.UnitTest.Adapter, Version=10.0.0.0, Culture=neutral, PublicKeyToken=b03f5f7f11d50a3a" className="CloudNotes.Tests.Repositories.RepositoriesTests, CloudNotes.Tests.Repositories, Version=1.0.0.0, Culture=neutral, PublicKeyToken=null" name="NotesRepositoryAddAssociatedUserCallsCreateFromTheUnitOfWork" />
    </UnitTest>
    <UnitTest name="TaskListsRepositoryCreateCallsCreateFromTheUnitOfWork" storage="d:\backup cloudnotes\cloudnotes\cloudnotes\cloudnotes.tests.repositories\bin\debug\cloudnotes.tests.repositories.dll" id="ec87722f-5e26-0cec-83f4-80b4bb3d3df5">
      <Execution id="44ef8bda-40f9-400d-9c8f-4424a70e0041" />
      <TestMethod codeBase="D:/Backup CloudNotes/CloudNotes/CloudNotes/CloudNotes.Tests.Repositories/bin/Debug/CloudNotes.Tests.Repositories.DLL" adapterTypeName="Microsoft.VisualStudio.TestTools.TestTypes.Unit.UnitTestAdapter, Microsoft.VisualStudio.QualityTools.Tips.UnitTest.Adapter, Version=10.0.0.0, Culture=neutral, PublicKeyToken=b03f5f7f11d50a3a" className="CloudNotes.Tests.Repositories.RepositoriesTests, CloudNotes.Tests.Repositories, Version=1.0.0.0, Culture=neutral, PublicKeyToken=null" name="TaskListsRepositoryCreateCallsCreateFromTheUnitOfWork" />
    </UnitTest>
    <UnitTest name="UsersRepositoryDeleteCallsDeleteFromTheUnitOfWork" storage="d:\backup cloudnotes\cloudnotes\cloudnotes\cloudnotes.tests.repositories\bin\debug\cloudnotes.tests.repositories.dll" id="1a6e3131-7b28-7bfb-ebe5-62afff858b9e">
      <Execution id="580e5145-ffca-4c3e-ad94-780a22bd7157" />
      <TestMethod codeBase="D:/Backup CloudNotes/CloudNotes/CloudNotes/CloudNotes.Tests.Repositories/bin/Debug/CloudNotes.Tests.Repositories.DLL" adapterTypeName="Microsoft.VisualStudio.TestTools.TestTypes.Unit.UnitTestAdapter, Microsoft.VisualStudio.QualityTools.Tips.UnitTest.Adapter, Version=10.0.0.0, Culture=neutral, PublicKeyToken=b03f5f7f11d50a3a" className="CloudNotes.Tests.Repositories.RepositoriesTests, CloudNotes.Tests.Repositories, Version=1.0.0.0, Culture=neutral, PublicKeyToken=null" name="UsersRepositoryDeleteCallsDeleteFromTheUnitOfWork" />
    </UnitTest>
    <UnitTest name="UsersServiceMethodLoadTaskListAssociatedUsersShouldLoadAssociatedUsers" storage="d:\backup cloudnotes\cloudnotes\cloudnotes\cloudnotes.tests.domain.services\bin\debug\cloudnotes.tests.domain.services.dll" id="2997d7f8-4a15-bd71-7af3-0e407fe67d93">
      <Execution id="0bb6bc35-3925-4f5c-80eb-7d7d058f8ea6" />
      <TestMethod codeBase="D:/Backup CloudNotes/CloudNotes/CloudNotes/CloudNotes.Tests.Domain.Services/bin/Debug/CloudNotes.Tests.Domain.Services.DLL" adapterTypeName="Microsoft.VisualStudio.TestTools.TestTypes.Unit.UnitTestAdapter, Microsoft.VisualStudio.QualityTools.Tips.UnitTest.Adapter, Version=10.0.0.0, Culture=neutral, PublicKeyToken=b03f5f7f11d50a3a" className="CloudNotes.Tests.Domain.Services.DomainServicesTests, CloudNotes.Tests.Domain.Services, Version=1.0.0.0, Culture=neutral, PublicKeyToken=null" name="UsersServiceMethodLoadTaskListAssociatedUsersShouldLoadAssociatedUsers" />
    </UnitTest>
    <UnitTest name="TaskListsRepositoryGetTaskListsAssociatedByUserCallsLoadFromTheUnitOfWork" storage="d:\backup cloudnotes\cloudnotes\cloudnotes\cloudnotes.tests.repositories\bin\debug\cloudnotes.tests.repositories.dll" id="d75128d4-6a55-50ef-f1df-23ee085f1d6c">
      <Execution id="3ba43032-6312-488a-8b99-ec3c7319f859" />
      <TestMethod codeBase="D:/Backup CloudNotes/CloudNotes/CloudNotes/CloudNotes.Tests.Repositories/bin/Debug/CloudNotes.Tests.Repositories.DLL" adapterTypeName="Microsoft.VisualStudio.TestTools.TestTypes.Unit.UnitTestAdapter, Microsoft.VisualStudio.QualityTools.Tips.UnitTest.Adapter, Version=10.0.0.0, Culture=neutral, PublicKeyToken=b03f5f7f11d50a3a" className="CloudNotes.Tests.Repositories.RepositoriesTests, CloudNotes.Tests.Repositories, Version=1.0.0.0, Culture=neutral, PublicKeyToken=null" name="TaskListsRepositoryGetTaskListsAssociatedByUserCallsLoadFromTheUnitOfWork" />
    </UnitTest>
    <UnitTest name="TaskListsServiceMethodGetTaskListsAssociatedByUserShouldAllTaskListsThatTheUserIsAssociated" storage="d:\backup cloudnotes\cloudnotes\cloudnotes\cloudnotes.tests.domain.services\bin\debug\cloudnotes.tests.domain.services.dll" id="cbab3c0d-af3c-bafe-f31c-bb6a72bac7e1">
      <Execution id="59050eb7-d0a7-48b5-bfbe-9e48fc3ef8bb" />
      <TestMethod codeBase="D:/Backup CloudNotes/CloudNotes/CloudNotes/CloudNotes.Tests.Domain.Services/bin/Debug/CloudNotes.Tests.Domain.Services.DLL" adapterTypeName="Microsoft.VisualStudio.TestTools.TestTypes.Unit.UnitTestAdapter, Microsoft.VisualStudio.QualityTools.Tips.UnitTest.Adapter, Version=10.0.0.0, Culture=neutral, PublicKeyToken=b03f5f7f11d50a3a" className="CloudNotes.Tests.Domain.Services.DomainServicesTests, CloudNotes.Tests.Domain.Services, Version=1.0.0.0, Culture=neutral, PublicKeyToken=null" name="TaskListsServiceMethodGetTaskListsAssociatedByUserShouldAllTaskListsThatTheUserIsAssociated" />
    </UnitTest>
    <UnitTest name="UsersRepositoryLoadTaskListAssociatedUsersCallsLoadAndGetFromTheUnitOfWork" storage="d:\backup cloudnotes\cloudnotes\cloudnotes\cloudnotes.tests.repositories\bin\debug\cloudnotes.tests.repositories.dll" id="34307c16-295e-e803-42c0-fc1c9dc9e42e">
      <Execution id="f5e333de-b27d-4360-9181-598466e7e7ce" />
      <TestMethod codeBase="D:/Backup CloudNotes/CloudNotes/CloudNotes/CloudNotes.Tests.Repositories/bin/Debug/CloudNotes.Tests.Repositories.DLL" adapterTypeName="Microsoft.VisualStudio.TestTools.TestTypes.Unit.UnitTestAdapter, Microsoft.VisualStudio.QualityTools.Tips.UnitTest.Adapter, Version=10.0.0.0, Culture=neutral, PublicKeyToken=b03f5f7f11d50a3a" className="CloudNotes.Tests.Repositories.RepositoriesTests, CloudNotes.Tests.Repositories, Version=1.0.0.0, Culture=neutral, PublicKeyToken=null" name="UsersRepositoryLoadTaskListAssociatedUsersCallsLoadAndGetFromTheUnitOfWork" />
    </UnitTest>
    <UnitTest name="TaskListsServiceMethodGetShouldReturnATaskList" storage="d:\backup cloudnotes\cloudnotes\cloudnotes\cloudnotes.tests.domain.services\bin\debug\cloudnotes.tests.domain.services.dll" id="a32946f4-9589-613f-fb54-5c9eee9a4876">
      <Execution id="17ba8375-6bd8-49b0-a43e-ec3a9e6e2e18" />
      <TestMethod codeBase="D:/Backup CloudNotes/CloudNotes/CloudNotes/CloudNotes.Tests.Domain.Services/bin/Debug/CloudNotes.Tests.Domain.Services.DLL" adapterTypeName="Microsoft.VisualStudio.TestTools.TestTypes.Unit.UnitTestAdapter, Microsoft.VisualStudio.QualityTools.Tips.UnitTest.Adapter, Version=10.0.0.0, Culture=neutral, PublicKeyToken=b03f5f7f11d50a3a" className="CloudNotes.Tests.Domain.Services.DomainServicesTests, CloudNotes.Tests.Domain.Services, Version=1.0.0.0, Culture=neutral, PublicKeyToken=null" name="TaskListsServiceMethodGetShouldReturnATaskList" />
    </UnitTest>
  </TestDefinitions>
  <TestLists>
    <TestList name="Results Not in a List" id="8c84fa94-04c1-424b-9868-57a2d4851a1d" />
    <TestList name="All Loaded Results" id="19431567-8539-422a-85d7-44ee4e166bda" />
  </TestLists>
  <TestEntries>
    <TestEntry testId="00d57f25-d21b-e712-e7ff-b98a3d6f01aa" executionId="ac2619d3-f583-4e11-a8da-8c1dfbe5d5fc" testListId="8c84fa94-04c1-424b-9868-57a2d4851a1d" />
    <TestEntry testId="04f5ff1c-b8db-538c-4d6c-35fba410e0c0" executionId="428d938f-818d-4a77-8c36-3bf395f79009" testListId="8c84fa94-04c1-424b-9868-57a2d4851a1d" />
    <TestEntry testId="056d197d-5465-2401-dfce-dc6952b820a5" executionId="7fde934d-bf41-485a-96e2-98ca00b97989" testListId="8c84fa94-04c1-424b-9868-57a2d4851a1d" />
    <TestEntry testId="07851a54-f9f2-0370-ef52-acf62480dca3" executionId="50ded8cf-b685-4294-a398-c2911ee9024c" testListId="8c84fa94-04c1-424b-9868-57a2d4851a1d" />
    <TestEntry testId="087d9898-edea-6433-a4ef-23fb3738fd61" executionId="c9a0c718-467d-472f-9484-09bf69edaa37" testListId="8c84fa94-04c1-424b-9868-57a2d4851a1d" />
    <TestEntry testId="0a706ea0-58bc-0095-f59b-db8b9bd3e9c1" executionId="c73218c0-1bc4-40ff-8d51-3e1366d6193f" testListId="8c84fa94-04c1-424b-9868-57a2d4851a1d" />
    <TestEntry testId="0ce8d206-0c8a-8c5e-6c07-1fff93fda8b9" executionId="fe7555c4-cb64-4ffd-ac47-ba0501f55159" testListId="8c84fa94-04c1-424b-9868-57a2d4851a1d" />
    <TestEntry testId="116d3050-b942-e948-ad6f-065e0037c531" executionId="760500b2-7ee4-49c6-b2c2-0862c2ec99f2" testListId="8c84fa94-04c1-424b-9868-57a2d4851a1d" />
    <TestEntry testId="14c0b5c2-e01e-d3c7-468e-9874da6b0406" executionId="25411031-33a7-4931-be5b-16c63cdb857c" testListId="8c84fa94-04c1-424b-9868-57a2d4851a1d" />
    <TestEntry testId="157b3a3d-66d6-d440-327f-479b45016df4" executionId="52711072-f22b-4b78-82da-f0d31ba36019" testListId="8c84fa94-04c1-424b-9868-57a2d4851a1d" />
    <TestEntry testId="17943233-8015-a282-b442-243916829980" executionId="17509536-4942-4c5b-a03a-cc47055baf5b" testListId="8c84fa94-04c1-424b-9868-57a2d4851a1d" />
    <TestEntry testId="1a6e3131-7b28-7bfb-ebe5-62afff858b9e" executionId="580e5145-ffca-4c3e-ad94-780a22bd7157" testListId="8c84fa94-04c1-424b-9868-57a2d4851a1d" />
    <TestEntry testId="2096f5a0-1903-5db2-2c40-833b3a14e68d" executionId="3e2e3464-84c7-48ea-807b-d47d8dead8f9" testListId="8c84fa94-04c1-424b-9868-57a2d4851a1d" />
    <TestEntry testId="23d50d4e-c7ad-15c6-58f2-b5a0b49d6762" executionId="06acba24-f591-4e04-8491-b3c43b607818" testListId="8c84fa94-04c1-424b-9868-57a2d4851a1d" />
    <TestEntry testId="243a3723-c759-1bdb-8565-43030030c8e3" executionId="c7163997-865e-4a0f-a4b9-6c37a48d8c86" testListId="8c84fa94-04c1-424b-9868-57a2d4851a1d" />
    <TestEntry testId="2997d7f8-4a15-bd71-7af3-0e407fe67d93" executionId="0bb6bc35-3925-4f5c-80eb-7d7d058f8ea6" testListId="8c84fa94-04c1-424b-9868-57a2d4851a1d" />
    <TestEntry testId="2f5b7326-d298-9d47-b2ba-6360bcb253cc" executionId="58ef4236-708a-42f0-a2da-233e2617e715" testListId="8c84fa94-04c1-424b-9868-57a2d4851a1d" />
    <TestEntry testId="30e5be5e-a000-267a-e9b2-5e4a03aead97" executionId="2c3716e9-bd55-4056-80aa-97a0c41707db" testListId="8c84fa94-04c1-424b-9868-57a2d4851a1d" />
    <TestEntry testId="317d83c6-7888-b2e3-18a3-1679d93597b9" executionId="5fdd16a1-cb3d-4fe4-8eff-05b13625d827" testListId="8c84fa94-04c1-424b-9868-57a2d4851a1d" />
    <TestEntry testId="31c722d8-5747-84ab-dbe0-e3286ae27d8d" executionId="3f43006f-c6bc-4a5c-a56f-2040695a4a0b" testListId="8c84fa94-04c1-424b-9868-57a2d4851a1d" />
    <TestEntry testId="34307c16-295e-e803-42c0-fc1c9dc9e42e" executionId="f5e333de-b27d-4360-9181-598466e7e7ce" testListId="8c84fa94-04c1-424b-9868-57a2d4851a1d" />
    <TestEntry testId="365c1765-601e-4cb5-c478-8e2a127ddfe7" executionId="425f33b9-66aa-46c7-b816-e637df5c2012" testListId="8c84fa94-04c1-424b-9868-57a2d4851a1d" />
    <TestEntry testId="3b9c6de0-a473-1a73-7d2e-1e57d6b2e233" executionId="9ac5cb43-6ae2-48ae-a120-c62b74bdaad2" testListId="8c84fa94-04c1-424b-9868-57a2d4851a1d" />
    <TestEntry testId="4fbd54c0-4451-fe98-dff9-1cef8b64adf4" executionId="257ea23e-7d60-4a86-967f-7c9a6db931d2" testListId="8c84fa94-04c1-424b-9868-57a2d4851a1d" />
    <TestEntry testId="5080dcae-3d2d-eaf8-e4e4-76887a83afbb" executionId="82ac61e2-5b51-4561-8093-e8b8a4c30388" testListId="8c84fa94-04c1-424b-9868-57a2d4851a1d" />
    <TestEntry testId="50b417ca-3689-206a-8c68-f9bcef8257fb" executionId="87a1677c-fe1c-4ff7-a655-78ea43667c5c" testListId="8c84fa94-04c1-424b-9868-57a2d4851a1d" />
    <TestEntry testId="51d63b6c-e217-1034-9362-a2f6bc6d8cdb" executionId="96d5ae87-9564-4f52-a112-dac232247c83" testListId="8c84fa94-04c1-424b-9868-57a2d4851a1d" />
    <TestEntry testId="52a45ba1-11f0-22ef-214f-0d3c601ec67e" executionId="99e643b0-eb4d-4346-97cb-f4845fe42c75" testListId="8c84fa94-04c1-424b-9868-57a2d4851a1d" />
    <TestEntry testId="5355b619-5c9d-5450-935c-ffa5b015a1e6" executionId="ad1732df-9f89-418a-b310-6da7200c8062" testListId="8c84fa94-04c1-424b-9868-57a2d4851a1d" />
    <TestEntry testId="5786b163-ef5c-e0c4-11da-ed5c7ebd591c" executionId="815ccc4e-f736-499f-b049-856952e2d312" testListId="8c84fa94-04c1-424b-9868-57a2d4851a1d" />
    <TestEntry testId="5c8c6d23-3d9d-14a6-d884-a87f65791e74" executionId="ea9a3b05-1cfe-4034-85f0-00c96a65e4a7" testListId="8c84fa94-04c1-424b-9868-57a2d4851a1d" />
    <TestEntry testId="63b79998-d09c-e8f8-a40f-f31aca5bbc08" executionId="1a6d4642-2433-4369-9678-4390808644da" testListId="8c84fa94-04c1-424b-9868-57a2d4851a1d" />
    <TestEntry testId="68595d26-57a1-321d-c72e-7ab1ba9f7821" executionId="72fcd831-528f-4b29-ab54-531a71f4a99f" testListId="8c84fa94-04c1-424b-9868-57a2d4851a1d" />
    <TestEntry testId="6bd55437-121b-8162-8299-753e5d28b25f" executionId="9a160993-603e-41d2-9727-48523bcce4ab" testListId="8c84fa94-04c1-424b-9868-57a2d4851a1d" />
    <TestEntry testId="71f98d0e-df98-5602-5fd6-919d9101bb93" executionId="5372a0cb-de6a-4f48-8d75-7f3e668d3080" testListId="8c84fa94-04c1-424b-9868-57a2d4851a1d" />
    <TestEntry testId="7a009e26-62e5-1f69-5cdb-854dc672f6ae" executionId="1f52e6e4-6f88-4d13-b48e-4e19b23884ab" testListId="8c84fa94-04c1-424b-9868-57a2d4851a1d" />
    <TestEntry testId="7b077f22-22e9-49cd-daef-17e3a82a58b9" executionId="8b2d608b-2c5d-4b14-a051-682d1cd511ae" testListId="8c84fa94-04c1-424b-9868-57a2d4851a1d" />
    <TestEntry testId="7d09f543-4324-80a8-54ae-156dcda31038" executionId="b0e6e1fc-b570-4713-b6d8-1142c676ed42" testListId="8c84fa94-04c1-424b-9868-57a2d4851a1d" />
    <TestEntry testId="7d1001da-6055-18e2-1484-260115b93ccf" executionId="d8275c67-3b86-4743-a0b3-2ec475ac113e" testListId="8c84fa94-04c1-424b-9868-57a2d4851a1d" />
    <TestEntry testId="846215b7-3a17-549a-a8bb-e3c8573dbdf6" executionId="1d72709e-d8ee-46a6-8240-742c789ff7c3" testListId="8c84fa94-04c1-424b-9868-57a2d4851a1d" />
    <TestEntry testId="84cc041c-2bc4-899d-daf7-c6fb7faf1bff" executionId="bcaddd14-9658-41cf-9e1d-34c2840b4d61" testListId="8c84fa94-04c1-424b-9868-57a2d4851a1d" />
    <TestEntry testId="852657b0-510e-88d6-c043-399bc17187ed" executionId="5c473fc4-f311-4b1b-b17c-ad96e2ecca0b" testListId="8c84fa94-04c1-424b-9868-57a2d4851a1d" />
    <TestEntry testId="877a47e2-2cfb-b1ee-91f0-d5e62b3d3dfe" executionId="1ef4ba63-733f-4f47-973e-feeea713c3f4" testListId="8c84fa94-04c1-424b-9868-57a2d4851a1d" />
    <TestEntry testId="8a0a7e76-5c0a-742c-5e83-b195850f7e6f" executionId="52907664-3003-46da-946e-00a5149faa56" testListId="8c84fa94-04c1-424b-9868-57a2d4851a1d" />
    <TestEntry testId="8e102b5d-e958-b297-bb65-7f1f98f7fdce" executionId="e8efc163-c7ee-40e6-b752-89c0a3cd1cfa" testListId="8c84fa94-04c1-424b-9868-57a2d4851a1d" />
    <TestEntry testId="9d2851ab-0a27-838f-9557-7fe4eb9929c3" executionId="5b47defc-de23-4233-8f5f-254c6b723a60" testListId="8c84fa94-04c1-424b-9868-57a2d4851a1d" />
    <TestEntry testId="9ed0a60a-b93f-0f24-d30f-0b360564563b" executionId="23f0e187-e77c-4d5b-8606-f0f93c3b477a" testListId="8c84fa94-04c1-424b-9868-57a2d4851a1d" />
    <TestEntry testId="a30aa65e-8403-a864-3b85-edc17a9c432d" executionId="f45253f4-1792-45cf-8fd9-dac2ff18cd4e" testListId="8c84fa94-04c1-424b-9868-57a2d4851a1d" />
    <TestEntry testId="a32946f4-9589-613f-fb54-5c9eee9a4876" executionId="17ba8375-6bd8-49b0-a43e-ec3a9e6e2e18" testListId="8c84fa94-04c1-424b-9868-57a2d4851a1d" />
    <TestEntry testId="a52de280-ccb3-2f52-6566-1bbc9bfb4624" executionId="be5c3d3c-1011-4ff1-a807-787299e28a3e" testListId="8c84fa94-04c1-424b-9868-57a2d4851a1d" />
    <TestEntry testId="a53334ee-fa15-643f-ccd8-411cde2e57f8" executionId="9830bdb7-fbe7-41fa-9149-4db655523ef1" testListId="8c84fa94-04c1-424b-9868-57a2d4851a1d" />
    <TestEntry testId="a68d91f7-6467-c9ba-3630-f5f8421f5b40" executionId="0ce58159-0850-47cd-92c2-19a69e15e578" testListId="8c84fa94-04c1-424b-9868-57a2d4851a1d" />
    <TestEntry testId="a780d5d0-43e2-3171-7945-424274cf7cfb" executionId="2a8d3261-03ee-4b6c-a59c-126298a6da32" testListId="8c84fa94-04c1-424b-9868-57a2d4851a1d" />
    <TestEntry testId="a92d683e-6db6-da08-1853-c0e53902a155" executionId="26b3d965-317c-4624-ae4d-ee785f339321" testListId="8c84fa94-04c1-424b-9868-57a2d4851a1d" />
    <TestEntry testId="acfeaeee-602e-5259-5fae-51e3dc843fa1" executionId="b16f5c4e-9c47-420d-a86d-7d4aeb1df42c" testListId="8c84fa94-04c1-424b-9868-57a2d4851a1d" />
    <TestEntry testId="b006a81a-d00c-d8d1-93cd-32825cea222a" executionId="7e5e6c93-9168-4c1a-b34e-55745ac5e371" testListId="8c84fa94-04c1-424b-9868-57a2d4851a1d" />
    <TestEntry testId="b0f72c88-e8e6-d5ef-9b19-7fed7babeddb" executionId="c13bf647-8104-4eff-b9e0-3af59ef481c2" testListId="8c84fa94-04c1-424b-9868-57a2d4851a1d" />
    <TestEntry testId="b1a7abd8-8831-126c-749d-ed4bdc9d0f13" executionId="5e45adb5-27ad-401f-a8c0-973ad29a4a7b" testListId="8c84fa94-04c1-424b-9868-57a2d4851a1d" />
    <TestEntry testId="b3e5450c-7394-e772-4c0f-83c0f0cc9085" executionId="f4ea034f-527b-4a34-a8d8-baf3d21542b1" testListId="8c84fa94-04c1-424b-9868-57a2d4851a1d" />
    <TestEntry testId="b69a9890-6d34-e521-794d-88f12a6f6738" executionId="30f84682-462d-4d6c-928e-7fb015f9ebf6" testListId="8c84fa94-04c1-424b-9868-57a2d4851a1d" />
    <TestEntry testId="c14c078d-036a-ef14-90a0-c1d1a047c940" executionId="399e2ec5-8922-4ce7-9a19-e543aa569ba7" testListId="8c84fa94-04c1-424b-9868-57a2d4851a1d" />
    <TestEntry testId="c6f6cc92-9905-881b-c432-bc390bf4fb00" executionId="edac71fd-bc91-4562-9c4b-17efed5d04db" testListId="8c84fa94-04c1-424b-9868-57a2d4851a1d" />
    <TestEntry testId="c95dec89-2022-14da-03fb-c071f5ad3029" executionId="232fbdac-d832-4984-a260-2592c1ddbcf2" testListId="8c84fa94-04c1-424b-9868-57a2d4851a1d" />
    <TestEntry testId="cbab3c0d-af3c-bafe-f31c-bb6a72bac7e1" executionId="59050eb7-d0a7-48b5-bfbe-9e48fc3ef8bb" testListId="8c84fa94-04c1-424b-9868-57a2d4851a1d" />
    <TestEntry testId="cbafef75-95ad-7658-1e1c-b55ffac68848" executionId="d50378f8-edcc-47a2-9ec9-e87a6b4c1103" testListId="8c84fa94-04c1-424b-9868-57a2d4851a1d" />
    <TestEntry testId="d75128d4-6a55-50ef-f1df-23ee085f1d6c" executionId="3ba43032-6312-488a-8b99-ec3c7319f859" testListId="8c84fa94-04c1-424b-9868-57a2d4851a1d" />
    <TestEntry testId="da07899b-e0b9-f639-2145-62f05a55637a" executionId="4e6db238-f39d-4e68-9d74-f8b4c1d7f23b" testListId="8c84fa94-04c1-424b-9868-57a2d4851a1d" />
    <TestEntry testId="dd0adaa0-376e-15b3-c394-a4c648706582" executionId="32c634b8-e51c-49a4-8a27-c2eadb4bcdf8" testListId="8c84fa94-04c1-424b-9868-57a2d4851a1d" />
    <TestEntry testId="dfdc3834-29fd-d2b9-f117-af51569e4df6" executionId="6762b748-c596-4a50-9330-faa28f1bb276" testListId="8c84fa94-04c1-424b-9868-57a2d4851a1d" />
    <TestEntry testId="e3d8badb-d961-d4d2-2fc7-38832d7198cd" executionId="9bc32c35-83be-41b3-a6ed-3b11cf93c32f" testListId="8c84fa94-04c1-424b-9868-57a2d4851a1d" />
    <TestEntry testId="e814db0b-a976-414f-8c66-ad00681e848f" executionId="a2aa8e3c-89ef-4edc-b2fd-aeda0d1abd00" testListId="8c84fa94-04c1-424b-9868-57a2d4851a1d" />
    <TestEntry testId="ec87722f-5e26-0cec-83f4-80b4bb3d3df5" executionId="44ef8bda-40f9-400d-9c8f-4424a70e0041" testListId="8c84fa94-04c1-424b-9868-57a2d4851a1d" />
    <TestEntry testId="ef1c3110-4c34-5292-1f49-5834ef71e1bd" executionId="7875119f-e277-48d8-82c4-19b6402f862c" testListId="8c84fa94-04c1-424b-9868-57a2d4851a1d" />
    <TestEntry testId="fe3768ee-5ae4-68d3-ca82-4c54def2a86c" executionId="67b00fb9-647e-417c-906a-9204fb6496e6" testListId="8c84fa94-04c1-424b-9868-57a2d4851a1d" />
  </TestEntries>
  <Results>
    <UnitTestResult executionId="ac2619d3-f583-4e11-a8da-8c1dfbe5d5fc" testId="00d57f25-d21b-e712-e7ff-b98a3d6f01aa" testName="ANoteWithAnAllWhitespaceContentIsInvalid" computerName="BLACKBEAUTY" duration="00:00:00.1201090" startTime="2012-07-21T22:13:11.8785016+01:00" endTime="2012-07-21T22:13:12.6835477+01:00" testType="13cdc9d9-ddb5-4fa4-a97d-d965ccfc6d4b" outcome="Passed" testListId="8c84fa94-04c1-424b-9868-57a2d4851a1d" relativeResultsDirectory="ac2619d3-f583-4e11-a8da-8c1dfbe5d5fc">
    </UnitTestResult>
    <UnitTestResult executionId="428d938f-818d-4a77-8c36-3bf395f79009" testId="04f5ff1c-b8db-538c-4d6c-35fba410e0c0" testName="UsersServiceMethodLoadShouldReturnAllUsers" computerName="BLACKBEAUTY" duration="00:00:00.5627594" startTime="2012-07-21T22:13:12.6895480+01:00" endTime="2012-07-21T22:13:13.5675982+01:00" testType="13cdc9d9-ddb5-4fa4-a97d-d965ccfc6d4b" outcome="Passed" testListId="8c84fa94-04c1-424b-9868-57a2d4851a1d" relativeResultsDirectory="428d938f-818d-4a77-8c36-3bf395f79009">
    </UnitTestResult>
    <UnitTestResult executionId="7fde934d-bf41-485a-96e2-98ca00b97989" testId="056d197d-5465-2401-dfce-dc6952b820a5" testName="UsersServiceMethodGetOrAddCurrentUserShouldAddAndReturnAExistentUser" computerName="BLACKBEAUTY" duration="00:00:00.0365641" startTime="2012-07-21T22:13:13.5695983+01:00" endTime="2012-07-21T22:13:13.6116008+01:00" testType="13cdc9d9-ddb5-4fa4-a97d-d965ccfc6d4b" outcome="Passed" testListId="8c84fa94-04c1-424b-9868-57a2d4851a1d" relativeResultsDirectory="7fde934d-bf41-485a-96e2-98ca00b97989">
    </UnitTestResult>
    <UnitTestResult executionId="50ded8cf-b685-4294-a398-c2911ee9024c" testId="07851a54-f9f2-0370-ef52-acf62480dca3" testName="ANoteWithAnAllWhitespaceTittleIsInvalid" computerName="BLACKBEAUTY" duration="00:00:00.0004188" startTime="2012-07-21T22:13:13.6146009+01:00" endTime="2012-07-21T22:13:13.6196012+01:00" testType="13cdc9d9-ddb5-4fa4-a97d-d965ccfc6d4b" outcome="Passed" testListId="8c84fa94-04c1-424b-9868-57a2d4851a1d" relativeResultsDirectory="50ded8cf-b685-4294-a398-c2911ee9024c">
    </UnitTestResult>
    <UnitTestResult executionId="c9a0c718-467d-472f-9484-09bf69edaa37" testId="087d9898-edea-6433-a4ef-23fb3738fd61" testName="UsersRepositoryLoadTaskListOwnerCallsLoadAndGetFromTheUnitOfWork" computerName="BLACKBEAUTY" duration="00:00:00.3652037" startTime="2012-07-21T22:13:13.6216013+01:00" endTime="2012-07-21T22:13:14.2936398+01:00" testType="13cdc9d9-ddb5-4fa4-a97d-d965ccfc6d4b" outcome="Passed" testListId="8c84fa94-04c1-424b-9868-57a2d4851a1d" relativeResultsDirectory="c9a0c718-467d-472f-9484-09bf69edaa37">
    </UnitTestResult>
    <UnitTestResult executionId="c73218c0-1bc4-40ff-8d51-3e1366d6193f" testId="0a706ea0-58bc-0095-f59b-db8b9bd3e9c1" testName="UsersServiceMethodUpdateShouldUpdateAUser" computerName="BLACKBEAUTY" duration="00:00:00.0035795" startTime="2012-07-21T22:13:14.2966399+01:00" endTime="2012-07-21T22:13:14.3056404+01:00" testType="13cdc9d9-ddb5-4fa4-a97d-d965ccfc6d4b" outcome="Passed" testListId="8c84fa94-04c1-424b-9868-57a2d4851a1d" relativeResultsDirectory="c73218c0-1bc4-40ff-8d51-3e1366d6193f">
    </UnitTestResult>
    <UnitTestResult executionId="fe7555c4-cb64-4ffd-ac47-ba0501f55159" testId="0ce8d206-0c8a-8c5e-6c07-1fff93fda8b9" testName="ANoteWithATittleLongerThan20CharactersIsInvalid" computerName="BLACKBEAUTY" duration="00:00:00.0003796" startTime="2012-07-21T22:13:14.3076406+01:00" endTime="2012-07-21T22:13:14.3126408+01:00" testType="13cdc9d9-ddb5-4fa4-a97d-d965ccfc6d4b" outcome="Passed" testListId="8c84fa94-04c1-424b-9868-57a2d4851a1d" relativeResultsDirectory="fe7555c4-cb64-4ffd-ac47-ba0501f55159">
    </UnitTestResult>
    <UnitTestResult executionId="760500b2-7ee4-49c6-b2c2-0862c2ec99f2" testId="116d3050-b942-e948-ad6f-065e0037c531" testName="UsersServiceMethodGetShouldReturnAUser" computerName="BLACKBEAUTY" duration="00:00:00.0004248" startTime="2012-07-21T22:13:14.3146410+01:00" endTime="2012-07-21T22:13:14.3196412+01:00" testType="13cdc9d9-ddb5-4fa4-a97d-d965ccfc6d4b" outcome="Passed" testListId="8c84fa94-04c1-424b-9868-57a2d4851a1d" relativeResultsDirectory="760500b2-7ee4-49c6-b2c2-0862c2ec99f2">
    </UnitTestResult>
    <UnitTestResult executionId="25411031-33a7-4931-be5b-16c63cdb857c" testId="14c0b5c2-e01e-d3c7-468e-9874da6b0406" testName="ATaskListWithATittleLongerThan20CharactersIsInvalid" computerName="BLACKBEAUTY" duration="00:00:00.0041822" startTime="2012-07-21T22:13:14.3216414+01:00" endTime="2012-07-21T22:13:14.3306419+01:00" testType="13cdc9d9-ddb5-4fa4-a97d-d965ccfc6d4b" outcome="Passed" testListId="8c84fa94-04c1-424b-9868-57a2d4851a1d" relativeResultsDirectory="25411031-33a7-4931-be5b-16c63cdb857c">
    </UnitTestResult>
    <UnitTestResult executionId="52711072-f22b-4b78-82da-f0d31ba36019" testId="157b3a3d-66d6-d440-327f-479b45016df4" testName="ANoteWithAnEmptyTittleIsInvalid" computerName="BLACKBEAUTY" duration="00:00:00.0003646" startTime="2012-07-21T22:13:14.3336420+01:00" endTime="2012-07-21T22:13:14.3386423+01:00" testType="13cdc9d9-ddb5-4fa4-a97d-d965ccfc6d4b" outcome="Passed" testListId="8c84fa94-04c1-424b-9868-57a2d4851a1d" relativeResultsDirectory="52711072-f22b-4b78-82da-f0d31ba36019">
    </UnitTestResult>
    <UnitTestResult executionId="17509536-4942-4c5b-a03a-cc47055baf5b" testId="17943233-8015-a282-b442-243916829980" testName="NotesRepositoryLoadCallsLoadFromTheUnitOfWork" computerName="BLACKBEAUTY" duration="00:00:00.0137341" startTime="2012-07-21T22:13:14.3416425+01:00" endTime="2012-07-21T22:13:14.3596435+01:00" testType="13cdc9d9-ddb5-4fa4-a97d-d965ccfc6d4b" outcome="Passed" testListId="8c84fa94-04c1-424b-9868-57a2d4851a1d" relativeResultsDirectory="17509536-4942-4c5b-a03a-cc47055baf5b">
    </UnitTestResult>
    <UnitTestResult executionId="580e5145-ffca-4c3e-ad94-780a22bd7157" testId="1a6e3131-7b28-7bfb-ebe5-62afff858b9e" testName="UsersRepositoryDeleteCallsDeleteFromTheUnitOfWork" computerName="BLACKBEAUTY" duration="00:00:00.0059122" startTime="2012-07-21T22:13:14.3626437+01:00" endTime="2012-07-21T22:13:14.3736443+01:00" testType="13cdc9d9-ddb5-4fa4-a97d-d965ccfc6d4b" outcome="Passed" testListId="8c84fa94-04c1-424b-9868-57a2d4851a1d" relativeResultsDirectory="580e5145-ffca-4c3e-ad94-780a22bd7157">
    </UnitTestResult>
    <UnitTestResult executionId="3e2e3464-84c7-48ea-807b-d47d8dead8f9" testId="2096f5a0-1903-5db2-2c40-833b3a14e68d" testName="ANoteWithANullContainerListIsInvalid" computerName="BLACKBEAUTY" duration="00:00:00.0003463" startTime="2012-07-21T22:13:14.3756445+01:00" endTime="2012-07-21T22:13:14.3806447+01:00" testType="13cdc9d9-ddb5-4fa4-a97d-d965ccfc6d4b" outcome="Passed" testListId="8c84fa94-04c1-424b-9868-57a2d4851a1d" relativeResultsDirectory="3e2e3464-84c7-48ea-807b-d47d8dead8f9">
    </UnitTestResult>
    <UnitTestResult executionId="06acba24-f591-4e04-8491-b3c43b607818" testId="23d50d4e-c7ad-15c6-58f2-b5a0b49d6762" testName="TaskListsRepositoryLoadCallsLoadFromTheUnitOfWork" computerName="BLACKBEAUTY" duration="00:00:00.0082326" startTime="2012-07-21T22:13:14.3836449+01:00" endTime="2012-07-21T22:13:14.4036461+01:00" testType="13cdc9d9-ddb5-4fa4-a97d-d965ccfc6d4b" outcome="Passed" testListId="8c84fa94-04c1-424b-9868-57a2d4851a1d" relativeResultsDirectory="06acba24-f591-4e04-8491-b3c43b607818">
    </UnitTestResult>
    <UnitTestResult executionId="c7163997-865e-4a0f-a4b9-6c37a48d8c86" testId="243a3723-c759-1bdb-8565-43030030c8e3" testName="TaskListsRepositoryUpdateCallsUpdateFromTheUnitOfWork" computerName="BLACKBEAUTY" duration="00:00:00.0029815" startTime="2012-07-21T22:13:14.4066462+01:00" endTime="2012-07-21T22:13:14.4136466+01:00" testType="13cdc9d9-ddb5-4fa4-a97d-d965ccfc6d4b" outcome="Passed" testListId="8c84fa94-04c1-424b-9868-57a2d4851a1d" relativeResultsDirectory="c7163997-865e-4a0f-a4b9-6c37a48d8c86">
    </UnitTestResult>
    <UnitTestResult executionId="0bb6bc35-3925-4f5c-80eb-7d7d058f8ea6" testId="2997d7f8-4a15-bd71-7af3-0e407fe67d93" testName="UsersServiceMethodLoadTaskListAssociatedUsersShouldLoadAssociatedUsers" computerName="BLACKBEAUTY" duration="00:00:00.0030988" startTime="2012-07-21T22:13:14.4166468+01:00" endTime="2012-07-21T22:13:14.4246473+01:00" testType="13cdc9d9-ddb5-4fa4-a97d-d965ccfc6d4b" outcome="Passed" testListId="8c84fa94-04c1-424b-9868-57a2d4851a1d" relativeResultsDirectory="0bb6bc35-3925-4f5c-80eb-7d7d058f8ea6">
    </UnitTestResult>
    <UnitTestResult executionId="58ef4236-708a-42f0-a2da-233e2617e715" testId="2f5b7326-d298-9d47-b2ba-6360bcb253cc" testName="UsersServiceMethodCreateShouldCreateAUser" computerName="BLACKBEAUTY" duration="00:00:00.0007626" startTime="2012-07-21T22:13:14.4266474+01:00" endTime="2012-07-21T22:13:14.4326477+01:00" testType="13cdc9d9-ddb5-4fa4-a97d-d965ccfc6d4b" outcome="Passed" testListId="8c84fa94-04c1-424b-9868-57a2d4851a1d" relativeResultsDirectory="58ef4236-708a-42f0-a2da-233e2617e715">
    </UnitTestResult>
    <UnitTestResult executionId="2c3716e9-bd55-4056-80aa-97a0c41707db" testId="30e5be5e-a000-267a-e9b2-5e4a03aead97" testName="NotesRepositoryDeleteCallsDeleteFromTheUnitOfWork" computerName="BLACKBEAUTY" duration="00:00:00.0192194" startTime="2012-07-21T22:13:14.4346478+01:00" endTime="2012-07-21T22:13:14.4586492+01:00" testType="13cdc9d9-ddb5-4fa4-a97d-d965ccfc6d4b" outcome="Passed" testListId="8c84fa94-04c1-424b-9868-57a2d4851a1d" relativeResultsDirectory="2c3716e9-bd55-4056-80aa-97a0c41707db">
    </UnitTestResult>
    <UnitTestResult executionId="5fdd16a1-cb3d-4fe4-8eff-05b13625d827" testId="317d83c6-7888-b2e3-18a3-1679d93597b9" testName="TaskListsServiceMethodUpdateShouldUpdateATaskList" computerName="BLACKBEAUTY" duration="00:00:00.0966110" startTime="2012-07-21T22:13:14.4616494+01:00" endTime="2012-07-21T22:13:15.3006974+01:00" testType="13cdc9d9-ddb5-4fa4-a97d-d965ccfc6d4b" outcome="Failed" testListId="8c84fa94-04c1-424b-9868-57a2d4851a1d" relativeResultsDirectory="5fdd16a1-cb3d-4fe4-8eff-05b13625d827">
      <Output>
        <ErrorInfo>
          <Message>Test method CloudNotes.Tests.Domain.Services.DomainServicesTests.TaskListsServiceMethodUpdateShouldUpdateATaskList threw exception: 
System.InvalidOperationException: Sequence contains no matching element</Message>
          <StackTrace>    at System.Linq.Enumerable.First[TSource](IEnumerable`1 source, Func`2 predicate)
   at CloudNotes.Tests.Domain.Services.Memory.TaskListsMemoryRepository.Update(TaskList entityToUpdate) in D:\Backup CloudNotes\CloudNotes\CloudNotes\CloudNotes.Tests.Domain.Services\Memory\TaskListsMemoryRepository.cs:line 75
   at CloudNotes.Domain.Services.Implementation.TaskListsService.Update(TaskList entityToUpdate) in D:\Backup CloudNotes\CloudNotes\CloudNotes\CloudNotes.Domain.Services\Implementation\TaskListsService.cs:line 50
   at CloudNotes.Tests.Domain.Services.DomainServicesTests.TaskListsServiceMethodUpdateShouldUpdateATaskList() in D:\Backup CloudNotes\CloudNotes\CloudNotes\CloudNotes.Tests.Domain.Services\DomainServicesTests.cs:line 206
</StackTrace>
        </ErrorInfo>
      </Output>
      <CollectorDataEntries>
        <Collector agentName="BLACKBEAUTY" uri="datacollector://microsoft/TraceDebugger/1.0" collectorDisplayName="IntelliTrace">
          <UriAttachments>
            <UriAttachment>
              <A href="BLACKBEAUTY\QTAgent32_120721_221314563_4852.iTrace">IntelliTrace file for 'QTAgent32.exe' (4852)</A>
            </UriAttachment>
          </UriAttachments>
        </Collector>
      </CollectorDataEntries>
    </UnitTestResult>
    <UnitTestResult executionId="3f43006f-c6bc-4a5c-a56f-2040695a4a0b" testId="31c722d8-5747-84ab-dbe0-e3286ae27d8d" testName="UsersRepositoryLoadCallsLoadFromTheUnitOfWork" computerName="BLACKBEAUTY" duration="00:00:00.0115229" startTime="2012-07-21T22:13:15.3376995+01:00" endTime="2012-07-21T22:13:15.3557005+01:00" testType="13cdc9d9-ddb5-4fa4-a97d-d965ccfc6d4b" outcome="Passed" testListId="8c84fa94-04c1-424b-9868-57a2d4851a1d" relativeResultsDirectory="3f43006f-c6bc-4a5c-a56f-2040695a4a0b">
    </UnitTestResult>
    <UnitTestResult executionId="f5e333de-b27d-4360-9181-598466e7e7ce" testId="34307c16-295e-e803-42c0-fc1c9dc9e42e" testName="UsersRepositoryLoadTaskListAssociatedUsersCallsLoadAndGetFromTheUnitOfWork" computerName="BLACKBEAUTY" duration="00:00:00.0255309" startTime="2012-07-21T22:13:15.3587007+01:00" endTime="2012-07-21T22:13:15.3907025+01:00" testType="13cdc9d9-ddb5-4fa4-a97d-d965ccfc6d4b" outcome="Passed" testListId="8c84fa94-04c1-424b-9868-57a2d4851a1d" relativeResultsDirectory="f5e333de-b27d-4360-9181-598466e7e7ce">
    </UnitTestResult>
    <UnitTestResult executionId="425f33b9-66aa-46c7-b816-e637df5c2012" testId="365c1765-601e-4cb5-c478-8e2a127ddfe7" testName="TaskListsServiceMethodAddAssociatedUserShouldAssociateAUserToATaskList" computerName="BLACKBEAUTY" duration="00:00:00.0020145" startTime="2012-07-21T22:13:15.3937027+01:00" endTime="2012-07-21T22:13:15.4007031+01:00" testType="13cdc9d9-ddb5-4fa4-a97d-d965ccfc6d4b" outcome="Passed" testListId="8c84fa94-04c1-424b-9868-57a2d4851a1d" relativeResultsDirectory="425f33b9-66aa-46c7-b816-e637df5c2012">
    </UnitTestResult>
    <UnitTestResult executionId="9ac5cb43-6ae2-48ae-a120-c62b74bdaad2" testId="3b9c6de0-a473-1a73-7d2e-1e57d6b2e233" testName="NotesRepositoryAddAssociatedUserCallsCreateFromTheUnitOfWork" computerName="BLACKBEAUTY" duration="00:00:00.0028121" startTime="2012-07-21T22:13:15.4027032+01:00" endTime="2012-07-21T22:13:15.4107037+01:00" testType="13cdc9d9-ddb5-4fa4-a97d-d965ccfc6d4b" outcome="Passed" testListId="8c84fa94-04c1-424b-9868-57a2d4851a1d" relativeResultsDirectory="9ac5cb43-6ae2-48ae-a120-c62b74bdaad2">
    </UnitTestResult>
    <UnitTestResult executionId="257ea23e-7d60-4a86-967f-7c9a6db931d2" testId="4fbd54c0-4451-fe98-dff9-1cef8b64adf4" testName="UsersRepositoryGetCallsGetFromTheUnitOfWorkAndReturnsNullForANonExistentUser" computerName="BLACKBEAUTY" duration="00:00:00.0033056" startTime="2012-07-21T22:13:15.4137038+01:00" endTime="2012-07-21T22:13:15.4227043+01:00" testType="13cdc9d9-ddb5-4fa4-a97d-d965ccfc6d4b" outcome="Passed" testListId="8c84fa94-04c1-424b-9868-57a2d4851a1d" relativeResultsDirectory="257ea23e-7d60-4a86-967f-7c9a6db931d2">
    </UnitTestResult>
    <UnitTestResult executionId="82ac61e2-5b51-4561-8093-e8b8a4c30388" testId="5080dcae-3d2d-eaf8-e4e4-76887a83afbb" testName="NotesRepositoryGetCallsGetFromTheUnitOfWorkAndReturnsAExistentNote" computerName="BLACKBEAUTY" duration="00:00:00.0040956" startTime="2012-07-21T22:13:15.4247045+01:00" endTime="2012-07-21T22:13:15.4337050+01:00" testType="13cdc9d9-ddb5-4fa4-a97d-d965ccfc6d4b" outcome="Passed" testListId="8c84fa94-04c1-424b-9868-57a2d4851a1d" relativeResultsDirectory="82ac61e2-5b51-4561-8093-e8b8a4c30388">
    </UnitTestResult>
    <UnitTestResult executionId="87a1677c-fe1c-4ff7-a655-78ea43667c5c" testId="50b417ca-3689-206a-8c68-f9bcef8257fb" testName="UsersServiceMethodLoadNoteAssociatedUsersShouldLoadAssociatedUsers" computerName="BLACKBEAUTY" duration="00:00:00.0035483" startTime="2012-07-21T22:13:15.4367051+01:00" endTime="2012-07-21T22:13:15.4457057+01:00" testType="13cdc9d9-ddb5-4fa4-a97d-d965ccfc6d4b" outcome="Passed" testListId="8c84fa94-04c1-424b-9868-57a2d4851a1d" relativeResultsDirectory="87a1677c-fe1c-4ff7-a655-78ea43667c5c">
    </UnitTestResult>
    <UnitTestResult executionId="96d5ae87-9564-4f52-a112-dac232247c83" testId="51d63b6c-e217-1034-9362-a2f6bc6d8cdb" testName="NotesServiceMethodDeleteShouldDeleteANote" computerName="BLACKBEAUTY" duration="00:00:00.0042154" startTime="2012-07-21T22:13:15.4497059+01:00" endTime="2012-07-21T22:13:15.4587064+01:00" testType="13cdc9d9-ddb5-4fa4-a97d-d965ccfc6d4b" outcome="Passed" testListId="8c84fa94-04c1-424b-9868-57a2d4851a1d" relativeResultsDirectory="96d5ae87-9564-4f52-a112-dac232247c83">
    </UnitTestResult>
    <UnitTestResult executionId="99e643b0-eb4d-4346-97cb-f4845fe42c75" testId="52a45ba1-11f0-22ef-214f-0d3c601ec67e" testName="TaskListsServiceMethodRemoveAssociatedUserShouldRemoveAnAssociatedUserToATaskList" computerName="BLACKBEAUTY" duration="00:00:00.0025187" startTime="2012-07-21T22:13:15.4617066+01:00" endTime="2012-07-21T22:13:15.4697070+01:00" testType="13cdc9d9-ddb5-4fa4-a97d-d965ccfc6d4b" outcome="Passed" testListId="8c84fa94-04c1-424b-9868-57a2d4851a1d" relativeResultsDirectory="99e643b0-eb4d-4346-97cb-f4845fe42c75">
    </UnitTestResult>
    <UnitTestResult executionId="ad1732df-9f89-418a-b310-6da7200c8062" testId="5355b619-5c9d-5450-935c-ffa5b015a1e6" testName="NotesServiceMethodRemoveAssociatedUserShouldRemoveAnAssociatedUserToANote" computerName="BLACKBEAUTY" duration="00:00:00.0018558" startTime="2012-07-21T22:13:15.4727072+01:00" endTime="2012-07-21T22:13:15.4787075+01:00" testType="13cdc9d9-ddb5-4fa4-a97d-d965ccfc6d4b" outcome="Passed" testListId="8c84fa94-04c1-424b-9868-57a2d4851a1d" relativeResultsDirectory="ad1732df-9f89-418a-b310-6da7200c8062">
    </UnitTestResult>
    <UnitTestResult executionId="815ccc4e-f736-499f-b049-856952e2d312" testId="5786b163-ef5c-e0c4-11da-ed5c7ebd591c" testName="NotesServiceMethodUpdateShouldUpdateANote" computerName="BLACKBEAUTY" duration="00:00:00.0023331" startTime="2012-07-21T22:13:15.4817077+01:00" endTime="2012-07-21T22:13:15.4967086+01:00" testType="13cdc9d9-ddb5-4fa4-a97d-d965ccfc6d4b" outcome="Passed" testListId="8c84fa94-04c1-424b-9868-57a2d4851a1d" relativeResultsDirectory="815ccc4e-f736-499f-b049-856952e2d312">
    </UnitTestResult>
    <UnitTestResult executionId="ea9a3b05-1cfe-4034-85f0-00c96a65e4a7" testId="5c8c6d23-3d9d-14a6-d884-a87f65791e74" testName="UsersServiceMethodGetOrAddCurrentUserShouldAddAndReturnANonExistentUser" computerName="BLACKBEAUTY" duration="00:00:00.0013499" startTime="2012-07-21T22:13:15.4997087+01:00" endTime="2012-07-21T22:13:15.5067091+01:00" testType="13cdc9d9-ddb5-4fa4-a97d-d965ccfc6d4b" outcome="Passed" testListId="8c84fa94-04c1-424b-9868-57a2d4851a1d" relativeResultsDirectory="ea9a3b05-1cfe-4034-85f0-00c96a65e4a7">
    </UnitTestResult>
    <UnitTestResult executionId="1a6d4642-2433-4369-9678-4390808644da" testId="63b79998-d09c-e8f8-a40f-f31aca5bbc08" testName="UsersServiceMethodLoadTaskListOwnerShouldLoadOwner" computerName="BLACKBEAUTY" duration="00:00:00.0017364" startTime="2012-07-21T22:13:15.5087093+01:00" endTime="2012-07-21T22:13:15.5157097+01:00" testType="13cdc9d9-ddb5-4fa4-a97d-d965ccfc6d4b" outcome="Passed" testListId="8c84fa94-04c1-424b-9868-57a2d4851a1d" relativeResultsDirectory="1a6d4642-2433-4369-9678-4390808644da">
    </UnitTestResult>
    <UnitTestResult executionId="72fcd831-528f-4b29-ab54-531a71f4a99f" testId="68595d26-57a1-321d-c72e-7ab1ba9f7821" testName="AUserWithAnInvalidEmailIsInvalid" computerName="BLACKBEAUTY" duration="00:00:00.0076985" startTime="2012-07-21T22:13:15.5187098+01:00" endTime="2012-07-21T22:13:15.5327106+01:00" testType="13cdc9d9-ddb5-4fa4-a97d-d965ccfc6d4b" outcome="Passed" testListId="8c84fa94-04c1-424b-9868-57a2d4851a1d" relativeResultsDirectory="72fcd831-528f-4b29-ab54-531a71f4a99f">
    </UnitTestResult>
    <UnitTestResult executionId="9a160993-603e-41d2-9727-48523bcce4ab" testId="6bd55437-121b-8162-8299-753e5d28b25f" testName="UsersRepositoryGetOrAddCurrentUserCallsCreateFromTheUnitOfWorkForAExistingUser" computerName="BLACKBEAUTY" duration="00:00:00.0076516" startTime="2012-07-21T22:13:15.5357108+01:00" endTime="2012-07-21T22:13:15.5487115+01:00" testType="13cdc9d9-ddb5-4fa4-a97d-d965ccfc6d4b" outcome="Passed" testListId="8c84fa94-04c1-424b-9868-57a2d4851a1d" relativeResultsDirectory="9a160993-603e-41d2-9727-48523bcce4ab">
    </UnitTestResult>
    <UnitTestResult executionId="5372a0cb-de6a-4f48-8d75-7f3e668d3080" testId="71f98d0e-df98-5602-5fd6-919d9101bb93" testName="ATaskListWithAllPropertiesValidIsValid" computerName="BLACKBEAUTY" duration="00:00:00.0004069" startTime="2012-07-21T22:13:15.5507117+01:00" endTime="2012-07-21T22:13:15.5567120+01:00" testType="13cdc9d9-ddb5-4fa4-a97d-d965ccfc6d4b" outcome="Passed" testListId="8c84fa94-04c1-424b-9868-57a2d4851a1d" relativeResultsDirectory="5372a0cb-de6a-4f48-8d75-7f3e668d3080">
    </UnitTestResult>
    <UnitTestResult executionId="1f52e6e4-6f88-4d13-b48e-4e19b23884ab" testId="7a009e26-62e5-1f69-5cdb-854dc672f6ae" testName="ANoteWithContentLongerThan50CharactersIsInvalid" computerName="BLACKBEAUTY" duration="00:00:00.0003442" startTime="2012-07-21T22:13:15.5587121+01:00" endTime="2012-07-21T22:13:15.5637124+01:00" testType="13cdc9d9-ddb5-4fa4-a97d-d965ccfc6d4b" outcome="Passed" testListId="8c84fa94-04c1-424b-9868-57a2d4851a1d" relativeResultsDirectory="1f52e6e4-6f88-4d13-b48e-4e19b23884ab">
    </UnitTestResult>
    <UnitTestResult executionId="8b2d608b-2c5d-4b14-a051-682d1cd511ae" testId="7b077f22-22e9-49cd-daef-17e3a82a58b9" testName="AUserWithAnAllWhitespaceNameIdentitiferIdentityProviderIsInvalid" computerName="BLACKBEAUTY" duration="00:00:00.0003446" startTime="2012-07-21T22:13:15.5657125+01:00" endTime="2012-07-21T22:13:15.5717129+01:00" testType="13cdc9d9-ddb5-4fa4-a97d-d965ccfc6d4b" outcome="Passed" testListId="8c84fa94-04c1-424b-9868-57a2d4851a1d" relativeResultsDirectory="8b2d608b-2c5d-4b14-a051-682d1cd511ae">
    </UnitTestResult>
    <UnitTestResult executionId="b0e6e1fc-b570-4713-b6d8-1142c676ed42" testId="7d09f543-4324-80a8-54ae-156dcda31038" testName="AUserWithAValidEmailIsValid" computerName="BLACKBEAUTY" duration="00:00:00.0006176" startTime="2012-07-21T22:13:15.5737130+01:00" endTime="2012-07-21T22:13:15.5787133+01:00" testType="13cdc9d9-ddb5-4fa4-a97d-d965ccfc6d4b" outcome="Passed" testListId="8c84fa94-04c1-424b-9868-57a2d4851a1d" relativeResultsDirectory="b0e6e1fc-b570-4713-b6d8-1142c676ed42">
    </UnitTestResult>
    <UnitTestResult executionId="d8275c67-3b86-4743-a0b3-2ec475ac113e" testId="7d1001da-6055-18e2-1484-260115b93ccf" testName="TaskListsServiceMethodLoadShouldReturnAllTaskLists" computerName="BLACKBEAUTY" duration="00:00:00.0020008" startTime="2012-07-21T22:13:15.5807134+01:00" endTime="2012-07-21T22:13:15.5877138+01:00" testType="13cdc9d9-ddb5-4fa4-a97d-d965ccfc6d4b" outcome="Passed" testListId="8c84fa94-04c1-424b-9868-57a2d4851a1d" relativeResultsDirectory="d8275c67-3b86-4743-a0b3-2ec475ac113e">
    </UnitTestResult>
    <UnitTestResult executionId="1d72709e-d8ee-46a6-8240-742c789ff7c3" testId="846215b7-3a17-549a-a8bb-e3c8573dbdf6" testName="TaskListsRepositoryDeleteCallsDeleteFromTheUnitOfWork" computerName="BLACKBEAUTY" duration="00:00:00.0064680" startTime="2012-07-21T22:13:15.5897139+01:00" endTime="2012-07-21T22:13:15.6007145+01:00" testType="13cdc9d9-ddb5-4fa4-a97d-d965ccfc6d4b" outcome="Passed" testListId="8c84fa94-04c1-424b-9868-57a2d4851a1d" relativeResultsDirectory="1d72709e-d8ee-46a6-8240-742c789ff7c3">
    </UnitTestResult>
    <UnitTestResult executionId="bcaddd14-9658-41cf-9e1d-34c2840b4d61" testId="84cc041c-2bc4-899d-daf7-c6fb7faf1bff" testName="NotesServiceMethodAddAssociatedUserShouldAssociateAUserToANote" computerName="BLACKBEAUTY" duration="00:00:00.0008667" startTime="2012-07-21T22:13:15.6037147+01:00" endTime="2012-07-21T22:13:15.6087150+01:00" testType="13cdc9d9-ddb5-4fa4-a97d-d965ccfc6d4b" outcome="Passed" testListId="8c84fa94-04c1-424b-9868-57a2d4851a1d" relativeResultsDirectory="bcaddd14-9658-41cf-9e1d-34c2840b4d61">
    </UnitTestResult>
    <UnitTestResult executionId="5c473fc4-f311-4b1b-b17c-ad96e2ecca0b" testId="852657b0-510e-88d6-c043-399bc17187ed" testName="ANoteWithAnEmptyContentIsInvalid" computerName="BLACKBEAUTY" duration="00:00:00.0003608" startTime="2012-07-21T22:13:15.6107151+01:00" endTime="2012-07-21T22:13:15.6157154+01:00" testType="13cdc9d9-ddb5-4fa4-a97d-d965ccfc6d4b" outcome="Passed" testListId="8c84fa94-04c1-424b-9868-57a2d4851a1d" relativeResultsDirectory="5c473fc4-f311-4b1b-b17c-ad96e2ecca0b">
    </UnitTestResult>
    <UnitTestResult executionId="1ef4ba63-733f-4f47-973e-feeea713c3f4" testId="877a47e2-2cfb-b1ee-91f0-d5e62b3d3dfe" testName="UsersRepositoryGetOrAddCurrentUserCallsCreateFromTheUnitOfWorkForANewUser" computerName="BLACKBEAUTY" duration="00:00:00.0067282" startTime="2012-07-21T22:13:15.6187156+01:00" endTime="2012-07-21T22:13:15.6297162+01:00" testType="13cdc9d9-ddb5-4fa4-a97d-d965ccfc6d4b" outcome="Passed" testListId="8c84fa94-04c1-424b-9868-57a2d4851a1d" relativeResultsDirectory="1ef4ba63-733f-4f47-973e-feeea713c3f4">
    </UnitTestResult>
    <UnitTestResult executionId="52907664-3003-46da-946e-00a5149faa56" testId="8a0a7e76-5c0a-742c-5e83-b195850f7e6f" testName="UsersRepositoryGetCallsGetFromTheUnitOfWorkAndReturnsAExistentUser" computerName="BLACKBEAUTY" duration="00:00:00.0019544" startTime="2012-07-21T22:13:15.6327164+01:00" endTime="2012-07-21T22:13:15.6407168+01:00" testType="13cdc9d9-ddb5-4fa4-a97d-d965ccfc6d4b" outcome="Passed" testListId="8c84fa94-04c1-424b-9868-57a2d4851a1d" relativeResultsDirectory="52907664-3003-46da-946e-00a5149faa56">
    </UnitTestResult>
    <UnitTestResult executionId="e8efc163-c7ee-40e6-b752-89c0a3cd1cfa" testId="8e102b5d-e958-b297-bb65-7f1f98f7fdce" testName="UsersRepositoryCreateCallsCreateFromTheUnitOfWork" computerName="BLACKBEAUTY" duration="00:00:00.0020554" startTime="2012-07-21T22:13:15.6427169+01:00" endTime="2012-07-21T22:13:15.6567177+01:00" testType="13cdc9d9-ddb5-4fa4-a97d-d965ccfc6d4b" outcome="Passed" testListId="8c84fa94-04c1-424b-9868-57a2d4851a1d" relativeResultsDirectory="e8efc163-c7ee-40e6-b752-89c0a3cd1cfa">
    </UnitTestResult>
    <UnitTestResult executionId="5b47defc-de23-4233-8f5f-254c6b723a60" testId="9d2851ab-0a27-838f-9557-7fe4eb9929c3" testName="TaskListsServiceMethodDeleteShouldDeleteATaskList" computerName="BLACKBEAUTY" duration="00:00:00.0088408" startTime="2012-07-21T22:13:15.6597179+01:00" endTime="2012-07-21T22:13:16.1187442+01:00" testType="13cdc9d9-ddb5-4fa4-a97d-d965ccfc6d4b" outcome="Failed" testListId="8c84fa94-04c1-424b-9868-57a2d4851a1d" relativeResultsDirectory="5b47defc-de23-4233-8f5f-254c6b723a60">
      <Output>
        <ErrorInfo>
          <Message>Assert.IsNull failed. </Message>
          <StackTrace>   at CloudNotes.Tests.Domain.Services.DomainServicesTests.TaskListsServiceMethodDeleteShouldDeleteATaskList() in D:\Backup CloudNotes\CloudNotes\CloudNotes\CloudNotes.Tests.Domain.Services\DomainServicesTests.cs:line 228
</StackTrace>
        </ErrorInfo>
      </Output>
      <CollectorDataEntries>
        <Collector agentName="BLACKBEAUTY" uri="datacollector://microsoft/TraceDebugger/1.0" collectorDisplayName="IntelliTrace">
          <UriAttachments>
            <UriAttachment>
              <A href="BLACKBEAUTY\QTAgent32_120721_221315672_4852.iTrace">IntelliTrace file for 'QTAgent32.exe' (4852)</A>
            </UriAttachment>
          </UriAttachments>
        </Collector>
      </CollectorDataEntries>
    </UnitTestResult>
    <UnitTestResult executionId="23f0e187-e77c-4d5b-8606-f0f93c3b477a" testId="9ed0a60a-b93f-0f24-d30f-0b360564563b" testName="TaskListsServiceMethodCopyNoteShouldCopyANoteToAnotherTaskList" computerName="BLACKBEAUTY" duration="00:00:00.0077182" startTime="2012-07-21T22:13:16.1227444+01:00" endTime="2012-07-21T22:13:17.0597980+01:00" testType="13cdc9d9-ddb5-4fa4-a97d-d965ccfc6d4b" outcome="Failed" testListId="8c84fa94-04c1-424b-9868-57a2d4851a1d" relativeResultsDirectory="23f0e187-e77c-4d5b-8606-f0f93c3b477a">
      <Output>
        <ErrorInfo>
          <Message>Assert.IsInstanceOfType failed.  Expected type:&lt;CloudNotes.Domain.Entities.Note&gt;. Actual type:&lt;(null)&gt;.</Message>
          <StackTrace>   at CloudNotes.Tests.Domain.Services.DomainServicesTests.TaskListsServiceMethodCopyNoteShouldCopyANoteToAnotherTaskList() in D:\Backup CloudNotes\CloudNotes\CloudNotes\CloudNotes.Tests.Domain.Services\DomainServicesTests.cs:line 284
</StackTrace>
        </ErrorInfo>
      </Output>
      <CollectorDataEntries>
        <Collector agentName="BLACKBEAUTY" uri="datacollector://microsoft/TraceDebugger/1.0" collectorDisplayName="IntelliTrace">
          <UriAttachments>
            <UriAttachment>
              <A href="BLACKBEAUTY\QTAgent32_120721_221316143_4852.iTrace">IntelliTrace file for 'QTAgent32.exe' (4852)</A>
            </UriAttachment>
          </UriAttachments>
        </Collector>
      </CollectorDataEntries>
    </UnitTestResult>
    <UnitTestResult executionId="f45253f4-1792-45cf-8fd9-dac2ff18cd4e" testId="a30aa65e-8403-a864-3b85-edc17a9c432d" testName="TaskListsRepositoryGetCallsGetFromTheUnitOfWorkAndReturnsNullForANonExistentTaskList" computerName="BLACKBEAUTY" duration="00:00:00.0046194" startTime="2012-07-21T22:13:17.0767989+01:00" endTime="2012-07-21T22:13:17.0867995+01:00" testType="13cdc9d9-ddb5-4fa4-a97d-d965ccfc6d4b" outcome="Passed" testListId="8c84fa94-04c1-424b-9868-57a2d4851a1d" relativeResultsDirectory="f45253f4-1792-45cf-8fd9-dac2ff18cd4e">
    </UnitTestResult>
    <UnitTestResult executionId="17ba8375-6bd8-49b0-a43e-ec3a9e6e2e18" testId="a32946f4-9589-613f-fb54-5c9eee9a4876" testName="TaskListsServiceMethodGetShouldReturnATaskList" computerName="BLACKBEAUTY" duration="00:00:00.0005186" startTime="2012-07-21T22:13:17.0897997+01:00" endTime="2012-07-21T22:13:17.0948000+01:00" testType="13cdc9d9-ddb5-4fa4-a97d-d965ccfc6d4b" outcome="Passed" testListId="8c84fa94-04c1-424b-9868-57a2d4851a1d" relativeResultsDirectory="17ba8375-6bd8-49b0-a43e-ec3a9e6e2e18">
    </UnitTestResult>
    <UnitTestResult executionId="be5c3d3c-1011-4ff1-a807-787299e28a3e" testId="a52de280-ccb3-2f52-6566-1bbc9bfb4624" testName="NotesServiceMethodGetShouldReturnANote" computerName="BLACKBEAUTY" duration="00:00:00.0004969" startTime="2012-07-21T22:13:17.0978001+01:00" endTime="2012-07-21T22:13:17.1038005+01:00" testType="13cdc9d9-ddb5-4fa4-a97d-d965ccfc6d4b" outcome="Passed" testListId="8c84fa94-04c1-424b-9868-57a2d4851a1d" relativeResultsDirectory="be5c3d3c-1011-4ff1-a807-787299e28a3e">
    </UnitTestResult>
    <UnitTestResult executionId="9830bdb7-fbe7-41fa-9149-4db655523ef1" testId="a53334ee-fa15-643f-ccd8-411cde2e57f8" testName="TaskListsRepositoryGetCallsGetFromTheUnitOfWorkAndReturnsAExistentTaskList" computerName="BLACKBEAUTY" duration="00:00:00.0030382" startTime="2012-07-21T22:13:17.1068007+01:00" endTime="2012-07-21T22:13:17.1148011+01:00" testType="13cdc9d9-ddb5-4fa4-a97d-d965ccfc6d4b" outcome="Passed" testListId="8c84fa94-04c1-424b-9868-57a2d4851a1d" relativeResultsDirectory="9830bdb7-fbe7-41fa-9149-4db655523ef1">
    </UnitTestResult>
    <UnitTestResult executionId="0ce58159-0850-47cd-92c2-19a69e15e578" testId="a68d91f7-6467-c9ba-3630-f5f8421f5b40" testName="AUserWithAnEmptyNameIdentitiferIdentityProviderIsInvalid" computerName="BLACKBEAUTY" duration="00:00:00.0003975" startTime="2012-07-21T22:13:17.1178013+01:00" endTime="2012-07-21T22:13:17.1338022+01:00" testType="13cdc9d9-ddb5-4fa4-a97d-d965ccfc6d4b" outcome="Passed" testListId="8c84fa94-04c1-424b-9868-57a2d4851a1d" relativeResultsDirectory="0ce58159-0850-47cd-92c2-19a69e15e578">
    </UnitTestResult>
    <UnitTestResult executionId="2a8d3261-03ee-4b6c-a59c-126298a6da32" testId="a780d5d0-43e2-3171-7945-424274cf7cfb" testName="NotesRepositoryUpdateCallsUpdateFromTheUnitOfWork" computerName="BLACKBEAUTY" duration="00:00:00.0015253" startTime="2012-07-21T22:13:17.1368024+01:00" endTime="2012-07-21T22:13:17.1438028+01:00" testType="13cdc9d9-ddb5-4fa4-a97d-d965ccfc6d4b" outcome="Passed" testListId="8c84fa94-04c1-424b-9868-57a2d4851a1d" relativeResultsDirectory="2a8d3261-03ee-4b6c-a59c-126298a6da32">
    </UnitTestResult>
    <UnitTestResult executionId="26b3d965-317c-4624-ae4d-ee785f339321" testId="a92d683e-6db6-da08-1853-c0e53902a155" testName="ATaskListWithAnAllWhitespaceTittleIsInvalid" computerName="BLACKBEAUTY" duration="00:00:00.0004035" startTime="2012-07-21T22:13:17.1468030+01:00" endTime="2012-07-21T22:13:17.1588036+01:00" testType="13cdc9d9-ddb5-4fa4-a97d-d965ccfc6d4b" outcome="Passed" testListId="8c84fa94-04c1-424b-9868-57a2d4851a1d" relativeResultsDirectory="26b3d965-317c-4624-ae4d-ee785f339321">
    </UnitTestResult>
    <UnitTestResult executionId="b16f5c4e-9c47-420d-a86d-7d4aeb1df42c" testId="acfeaeee-602e-5259-5fae-51e3dc843fa1" testName="TaskListsRepositoryAddAssociatedUserCallsCreateFromTheUnitOfWork" computerName="BLACKBEAUTY" duration="00:00:00.0017965" startTime="2012-07-21T22:13:17.1618038+01:00" endTime="2012-07-21T22:13:17.1688042+01:00" testType="13cdc9d9-ddb5-4fa4-a97d-d965ccfc6d4b" outcome="Passed" testListId="8c84fa94-04c1-424b-9868-57a2d4851a1d" relativeResultsDirectory="b16f5c4e-9c47-420d-a86d-7d4aeb1df42c">
    </UnitTestResult>
    <UnitTestResult executionId="7e5e6c93-9168-4c1a-b34e-55745ac5e371" testId="b006a81a-d00c-d8d1-93cd-32825cea222a" testName="TaskListsServiceMethodMoveNoteShouldMoveANoteToAnotherTaskList" computerName="BLACKBEAUTY" duration="00:00:00.0075156" startTime="2012-07-21T22:13:17.1718044+01:00" endTime="2012-07-21T22:13:18.1058578+01:00" testType="13cdc9d9-ddb5-4fa4-a97d-d965ccfc6d4b" outcome="Failed" testListId="8c84fa94-04c1-424b-9868-57a2d4851a1d" relativeResultsDirectory="7e5e6c93-9168-4c1a-b34e-55745ac5e371">
      <Output>
        <ErrorInfo>
          <Message>Test method CloudNotes.Tests.Domain.Services.DomainServicesTests.TaskListsServiceMethodMoveNoteShouldMoveANoteToAnotherTaskList threw exception: 
System.ArgumentNullException: A note must have a non-empty PartitionKey.
Parameter name: partitionKey</Message>
          <StackTrace>    at CloudNotes.Domain.Entities.Note..ctor(String partitionKey, String rowKey) in D:\Backup CloudNotes\CloudNotes\CloudNotes\CloudNotes.Domain\Entities\Note.cs:line 40
   at CloudNotes.Domain.Services.Implementation.TaskListsService.MoveNote(TaskList taskListSource, TaskList taskListDestination, Note note) in D:\Backup CloudNotes\CloudNotes\CloudNotes\CloudNotes.Domain.Services\Implementation\TaskListsService.cs:line 88
   at CloudNotes.Tests.Domain.Services.DomainServicesTests.TaskListsServiceMethodMoveNoteShouldMoveANoteToAnotherTaskList() in D:\Backup CloudNotes\CloudNotes\CloudNotes\CloudNotes.Tests.Domain.Services\DomainServicesTests.cs:line 301
</StackTrace>
        </ErrorInfo>
      </Output>
      <CollectorDataEntries>
        <Collector agentName="BLACKBEAUTY" uri="datacollector://microsoft/TraceDebugger/1.0" collectorDisplayName="IntelliTrace">
          <UriAttachments>
            <UriAttachment>
              <A href="BLACKBEAUTY\QTAgent32_120721_221317206_4852.iTrace">IntelliTrace file for 'QTAgent32.exe' (4852)</A>
            </UriAttachment>
          </UriAttachments>
        </Collector>
      </CollectorDataEntries>
    </UnitTestResult>
    <UnitTestResult executionId="c13bf647-8104-4eff-b9e0-3af59ef481c2" testId="b0f72c88-e8e6-d5ef-9b19-7fed7babeddb" testName="ATaskListWithAnEmptyTittleIsInvalid" computerName="BLACKBEAUTY" duration="00:00:00.0004504" startTime="2012-07-21T22:13:18.1558607+01:00" endTime="2012-07-21T22:13:18.1698615+01:00" testType="13cdc9d9-ddb5-4fa4-a97d-d965ccfc6d4b" outcome="Passed" testListId="8c84fa94-04c1-424b-9868-57a2d4851a1d" relativeResultsDirectory="c13bf647-8104-4eff-b9e0-3af59ef481c2">
    </UnitTestResult>
    <UnitTestResult executionId="5e45adb5-27ad-401f-a8c0-973ad29a4a7b" testId="b1a7abd8-8831-126c-749d-ed4bdc9d0f13" testName="NotesServiceMethodLoadShouldReturnAllNotes" computerName="BLACKBEAUTY" duration="00:00:00.0029571" startTime="2012-07-21T22:13:18.1728616+01:00" endTime="2012-07-21T22:13:18.1828622+01:00" testType="13cdc9d9-ddb5-4fa4-a97d-d965ccfc6d4b" outcome="Passed" testListId="8c84fa94-04c1-424b-9868-57a2d4851a1d" relativeResultsDirectory="5e45adb5-27ad-401f-a8c0-973ad29a4a7b">
    </UnitTestResult>
    <UnitTestResult executionId="f4ea034f-527b-4a34-a8d8-baf3d21542b1" testId="b3e5450c-7394-e772-4c0f-83c0f0cc9085" testName="NotesRepositoryCreateCallsCreateFromTheUnitOfWork" computerName="BLACKBEAUTY" duration="00:00:00.0052357" startTime="2012-07-21T22:13:18.1858624+01:00" endTime="2012-07-21T22:13:18.1968630+01:00" testType="13cdc9d9-ddb5-4fa4-a97d-d965ccfc6d4b" outcome="Passed" testListId="8c84fa94-04c1-424b-9868-57a2d4851a1d" relativeResultsDirectory="f4ea034f-527b-4a34-a8d8-baf3d21542b1">
    </UnitTestResult>
    <UnitTestResult executionId="30f84682-462d-4d6c-928e-7fb015f9ebf6" testId="b69a9890-6d34-e521-794d-88f12a6f6738" testName="UsersServiceMethodLoadNoteOwnerShouldLoadOwner" computerName="BLACKBEAUTY" duration="00:00:00.0018857" startTime="2012-07-21T22:13:18.1998632+01:00" endTime="2012-07-21T22:13:18.2078636+01:00" testType="13cdc9d9-ddb5-4fa4-a97d-d965ccfc6d4b" outcome="Passed" testListId="8c84fa94-04c1-424b-9868-57a2d4851a1d" relativeResultsDirectory="30f84682-462d-4d6c-928e-7fb015f9ebf6">
    </UnitTestResult>
    <UnitTestResult executionId="399e2ec5-8922-4ce7-9a19-e543aa569ba7" testId="c14c078d-036a-ef14-90a0-c1d1a047c940" testName="ANoteWithAllValidPropertiesIsValid" computerName="BLACKBEAUTY" duration="00:00:00.0003587" startTime="2012-07-21T22:13:18.2108638+01:00" endTime="2012-07-21T22:13:18.2168642+01:00" testType="13cdc9d9-ddb5-4fa4-a97d-d965ccfc6d4b" outcome="Passed" testListId="8c84fa94-04c1-424b-9868-57a2d4851a1d" relativeResultsDirectory="399e2ec5-8922-4ce7-9a19-e543aa569ba7">
    </UnitTestResult>
    <UnitTestResult executionId="edac71fd-bc91-4562-9c4b-17efed5d04db" testId="c6f6cc92-9905-881b-c432-bc390bf4fb00" testName="UsersServiceMethodDeleteShouldDeleteAUser" computerName="BLACKBEAUTY" duration="00:00:00.0011550" startTime="2012-07-21T22:13:18.2188643+01:00" endTime="2012-07-21T22:13:18.2258647+01:00" testType="13cdc9d9-ddb5-4fa4-a97d-d965ccfc6d4b" outcome="Passed" testListId="8c84fa94-04c1-424b-9868-57a2d4851a1d" relativeResultsDirectory="edac71fd-bc91-4562-9c4b-17efed5d04db">
    </UnitTestResult>
    <UnitTestResult executionId="232fbdac-d832-4984-a260-2592c1ddbcf2" testId="c95dec89-2022-14da-03fb-c071f5ad3029" testName="NotesRepositoryGetCallsGetFromTheUnitOfWorkAndReturnsNullForANonExistentNote" computerName="BLACKBEAUTY" duration="00:00:00.0011077" startTime="2012-07-21T22:13:18.2278648+01:00" endTime="2012-07-21T22:13:18.2338651+01:00" testType="13cdc9d9-ddb5-4fa4-a97d-d965ccfc6d4b" outcome="Passed" testListId="8c84fa94-04c1-424b-9868-57a2d4851a1d" relativeResultsDirectory="232fbdac-d832-4984-a260-2592c1ddbcf2">
    </UnitTestResult>
    <UnitTestResult executionId="59050eb7-d0a7-48b5-bfbe-9e48fc3ef8bb" testId="cbab3c0d-af3c-bafe-f31c-bb6a72bac7e1" testName="TaskListsServiceMethodGetTaskListsAssociatedByUserShouldAllTaskListsThatTheUserIsAssociated" computerName="BLACKBEAUTY" duration="00:00:00.0020601" startTime="2012-07-21T22:13:18.2368653+01:00" endTime="2012-07-21T22:13:18.2448658+01:00" testType="13cdc9d9-ddb5-4fa4-a97d-d965ccfc6d4b" outcome="Passed" testListId="8c84fa94-04c1-424b-9868-57a2d4851a1d" relativeResultsDirectory="59050eb7-d0a7-48b5-bfbe-9e48fc3ef8bb">
    </UnitTestResult>
    <UnitTestResult executionId="d50378f8-edcc-47a2-9ec9-e87a6b4c1103" testId="cbafef75-95ad-7658-1e1c-b55ffac68848" testName="NotesRepositoryRemoveAssociatedUserCallsDeleteFromTheUnitOfWork" computerName="BLACKBEAUTY" duration="00:00:00.0019663" startTime="2012-07-21T22:13:18.2468659+01:00" endTime="2012-07-21T22:13:18.2538663+01:00" testType="13cdc9d9-ddb5-4fa4-a97d-d965ccfc6d4b" outcome="Passed" testListId="8c84fa94-04c1-424b-9868-57a2d4851a1d" relativeResultsDirectory="d50378f8-edcc-47a2-9ec9-e87a6b4c1103">
    </UnitTestResult>
    <UnitTestResult executionId="3ba43032-6312-488a-8b99-ec3c7319f859" testId="d75128d4-6a55-50ef-f1df-23ee085f1d6c" testName="TaskListsRepositoryGetTaskListsAssociatedByUserCallsLoadFromTheUnitOfWork" computerName="BLACKBEAUTY" duration="00:00:00.0098782" startTime="2012-07-21T22:13:18.2568664+01:00" endTime="2012-07-21T22:13:18.2718673+01:00" testType="13cdc9d9-ddb5-4fa4-a97d-d965ccfc6d4b" outcome="Passed" testListId="8c84fa94-04c1-424b-9868-57a2d4851a1d" relativeResultsDirectory="3ba43032-6312-488a-8b99-ec3c7319f859">
    </UnitTestResult>
    <UnitTestResult executionId="4e6db238-f39d-4e68-9d74-f8b4c1d7f23b" testId="da07899b-e0b9-f639-2145-62f05a55637a" testName="UsersRepositoryUpdateCallsUpdateFromTheUnitOfWork" computerName="BLACKBEAUTY" duration="00:00:00.0017953" startTime="2012-07-21T22:13:18.2748675+01:00" endTime="2012-07-21T22:13:18.2818679+01:00" testType="13cdc9d9-ddb5-4fa4-a97d-d965ccfc6d4b" outcome="Passed" testListId="8c84fa94-04c1-424b-9868-57a2d4851a1d" relativeResultsDirectory="4e6db238-f39d-4e68-9d74-f8b4c1d7f23b">
    </UnitTestResult>
    <UnitTestResult executionId="32c634b8-e51c-49a4-8a27-c2eadb4bcdf8" testId="dd0adaa0-376e-15b3-c394-a4c648706582" testName="NotesServiceMethodCreateShouldCreateANote" computerName="BLACKBEAUTY" duration="00:00:00.0006675" startTime="2012-07-21T22:13:18.2848680+01:00" endTime="2012-07-21T22:13:18.2908684+01:00" testType="13cdc9d9-ddb5-4fa4-a97d-d965ccfc6d4b" outcome="Passed" testListId="8c84fa94-04c1-424b-9868-57a2d4851a1d" relativeResultsDirectory="32c634b8-e51c-49a4-8a27-c2eadb4bcdf8">
    </UnitTestResult>
    <UnitTestResult executionId="6762b748-c596-4a50-9330-faa28f1bb276" testId="dfdc3834-29fd-d2b9-f117-af51569e4df6" testName="TaskListsRepositoryRemoveAssociatedUserCallsDeleteFromTheUnitOfWork" computerName="BLACKBEAUTY" duration="00:00:00.0016907" startTime="2012-07-21T22:13:18.2938686+01:00" endTime="2012-07-21T22:13:18.3008690+01:00" testType="13cdc9d9-ddb5-4fa4-a97d-d965ccfc6d4b" outcome="Passed" testListId="8c84fa94-04c1-424b-9868-57a2d4851a1d" relativeResultsDirectory="6762b748-c596-4a50-9330-faa28f1bb276">
    </UnitTestResult>
    <UnitTestResult executionId="9bc32c35-83be-41b3-a6ed-3b11cf93c32f" testId="e3d8badb-d961-d4d2-2fc7-38832d7198cd" testName="UsersRepositoryLoadNoteOwnerCallsLoadAndGetFromTheUnitOfWork" computerName="BLACKBEAUTY" duration="00:00:00.0135417" startTime="2012-07-21T22:13:18.3038691+01:00" endTime="2012-07-21T22:13:18.3238703+01:00" testType="13cdc9d9-ddb5-4fa4-a97d-d965ccfc6d4b" outcome="Passed" testListId="8c84fa94-04c1-424b-9868-57a2d4851a1d" relativeResultsDirectory="9bc32c35-83be-41b3-a6ed-3b11cf93c32f">
    </UnitTestResult>
    <UnitTestResult executionId="a2aa8e3c-89ef-4edc-b2fd-aeda0d1abd00" testId="e814db0b-a976-414f-8c66-ad00681e848f" testName="ANoteWithANullOwnerIsInvalid" computerName="BLACKBEAUTY" duration="00:00:00.0004265" startTime="2012-07-21T22:13:18.3268704+01:00" endTime="2012-07-21T22:13:18.3368710+01:00" testType="13cdc9d9-ddb5-4fa4-a97d-d965ccfc6d4b" outcome="Passed" testListId="8c84fa94-04c1-424b-9868-57a2d4851a1d" relativeResultsDirectory="a2aa8e3c-89ef-4edc-b2fd-aeda0d1abd00">
    </UnitTestResult>
    <UnitTestResult executionId="44ef8bda-40f9-400d-9c8f-4424a70e0041" testId="ec87722f-5e26-0cec-83f4-80b4bb3d3df5" testName="TaskListsRepositoryCreateCallsCreateFromTheUnitOfWork" computerName="BLACKBEAUTY" duration="00:00:00.0037275" startTime="2012-07-21T22:13:18.3398712+01:00" endTime="2012-07-21T22:13:18.3488717+01:00" testType="13cdc9d9-ddb5-4fa4-a97d-d965ccfc6d4b" outcome="Passed" testListId="8c84fa94-04c1-424b-9868-57a2d4851a1d" relativeResultsDirectory="44ef8bda-40f9-400d-9c8f-4424a70e0041">
    </UnitTestResult>
    <UnitTestResult executionId="7875119f-e277-48d8-82c4-19b6402f862c" testId="ef1c3110-4c34-5292-1f49-5834ef71e1bd" testName="UsersRepositoryLoadNoteAssociatedUsersCallsLoadAndGetFromTheUnitOfWork" computerName="BLACKBEAUTY" duration="00:00:00.0119226" startTime="2012-07-21T22:13:18.3518719+01:00" endTime="2012-07-21T22:13:18.3698729+01:00" testType="13cdc9d9-ddb5-4fa4-a97d-d965ccfc6d4b" outcome="Passed" testListId="8c84fa94-04c1-424b-9868-57a2d4851a1d" relativeResultsDirectory="7875119f-e277-48d8-82c4-19b6402f862c">
    </UnitTestResult>
    <UnitTestResult executionId="67b00fb9-647e-417c-906a-9204fb6496e6" testId="fe3768ee-5ae4-68d3-ca82-4c54def2a86c" testName="TaskListsServiceMethodCreateShouldCreateATaskList" computerName="BLACKBEAUTY" duration="00:00:00.0010019" startTime="2012-07-21T22:13:18.3718730+01:00" endTime="2012-07-21T22:13:18.3768733+01:00" testType="13cdc9d9-ddb5-4fa4-a97d-d965ccfc6d4b" outcome="Passed" testListId="8c84fa94-04c1-424b-9868-57a2d4851a1d" relativeResultsDirectory="67b00fb9-647e-417c-906a-9204fb6496e6">
    </UnitTestResult>
  </Results>
</TestRun>