<?xml version="1.0" encoding="UTF-8"?>
<TestRun id="0ad70c60-ba0f-481a-9a50-94c78e9e7284" name="Luis@BLACKBEAUTY 2012-07-21 22:09:36" runUser="BlackBeauty\Luis" xmlns="http://microsoft.com/schemas/VisualStudio/TeamTest/2010">
  <TestSettings name="Local" id="a9c45579-508c-4524-9966-e1f8cfbc3e28">
    <Description>These are default test settings for a local test run.</Description>
    <Deployment runDeploymentRoot="Luis_BLACKBEAUTY 2012-07-21 22_09_36">
      <DeploymentItem filename="D:\Backup CloudNotes\CloudNotes\CloudNotes\CloudNotes.Domain\bin\Debug\CloudNotes.Domain.dll" />
      <DeploymentItem filename="D:\Backup CloudNotes\CloudNotes\CloudNotes\CloudNotes.Domain.Services\bin\Debug\CloudNotes.Domain.Services.dll" />
      <DeploymentItem filename="D:\Backup CloudNotes\CloudNotes\CloudNotes\CloudNotes.Repositories\bin\Debug\CloudNotes.Repositories.dll" />
      <DeploymentItem filename="D:\Backup CloudNotes\CloudNotes\CloudNotes\packages\Moq.4.0.10827\lib\NET40\Moq.dll" />
    </Deployment>
    <Execution>
      <TestTypeSpecific>
        <UnitTestRunConfig testTypeId="13cdc9d9-ddb5-4fa4-a97d-d965ccfc6d4b">
          <AssemblyResolution>
            <TestDirectory useLoadContext="true" />
          </AssemblyResolution>
        </UnitTestRunConfig>
        <WebTestRunConfiguration testTypeId="4e7599fa-5ecb-43e9-a887-cd63cf72d207">
          <Browser name="Internet Explorer 7.0">
            <Headers>
              <Header name="User-Agent" value="Mozilla/4.0 (compatible; MSIE 7.0; Windows NT 5.1)" />
              <Header name="Accept" value="*/*" />
              <Header name="Accept-Language" value="{{$IEAcceptLanguage}}" />
              <Header name="Accept-Encoding" value="GZIP" />
            </Headers>
          </Browser>
        </WebTestRunConfiguration>
      </TestTypeSpecific>
      <AgentRule name="LocalMachineDefaultRole">
        <DataCollectors>
          <DataCollector uri="datacollector://microsoft/CodeCoverage/1.0" assemblyQualifiedName="Microsoft.VisualStudio.TestTools.CodeCoverage.CoveragePlugIn, Microsoft.VisualStudio.QualityTools.Plugins.CodeCoverage, Version=10.0.0.0, Culture=neutral, PublicKeyToken=b03f5f7f11d50a3a" friendlyName="Code Coverage">
            <Configuration>
              <CodeCoverage xmlns="">
                <Regular>
                  <CodeCoverageItem binaryFile="D:\Backup CloudNotes\CloudNotes\CloudNotes\CloudNotes.Domain\bin\Debug\CloudNotes.Domain.dll" pdbFile="D:\Backup CloudNotes\CloudNotes\CloudNotes\CloudNotes.Domain\bin\Debug\CloudNotes.Domain.instr.pdb" instrumentInPlace="true" />
                </Regular>
              </CodeCoverage>
            </Configuration>
          </DataCollector>
          <DataCollector uri="datacollector://microsoft/TraceDebugger/1.0" assemblyQualifiedName="Microsoft.VisualStudio.TraceCollector.TraceDebuggerDataCollector, Microsoft.VisualStudio.TraceCollector, Version=10.0.0.0, Culture=neutral, PublicKeyToken=b03f5f7f11d50a3a" friendlyName="IntelliTrace">
          </DataCollector>
          <DataCollector uri="datacollector://microsoft/AspNetProfiler/1.0" assemblyQualifiedName="Microsoft.VisualStudio.PerformanceTools.DataCollection.AspNetProfileDataCollector, Microsoft.VisualStudio.PerformanceTools.DataCollection, Version=10.0.0.0, Culture=neutral, PublicKeyToken=b03f5f7f11d50a3a" friendlyName="ASP.NET Profiler">
          </DataCollector>
        </DataCollectors>
      </AgentRule>
    </Execution>
  </TestSettings>
  <Times creation="2012-07-21T22:09:36.9960449+01:00" queuing="2012-07-21T22:09:38.2931191+01:00" start="2012-07-21T22:09:48.5104930+01:00" finish="2012-07-21T22:10:05.4354611+01:00" />
  <ResultSummary outcome="Failed">
    <Counters total="74" executed="74" passed="69" error="0" failed="5" timeout="0" aborted="0" inconclusive="0" passedButRunAborted="0" notRunnable="0" notExecuted="0" disconnected="0" warning="0" completed="0" inProgress="0" pending="0" />
    <ResultFiles>
      <ResultFile path="BLACKBEAUTY\data.coverage" />
    </ResultFiles>
  </ResultSummary>
  <TestDefinitions>
    <UnitTest name="NotesRepositoryLoadCallsLoadFromTheUnitOfWork" storage="d:\backup cloudnotes\cloudnotes\cloudnotes\cloudnotes.tests.repositories\bin\debug\cloudnotes.tests.repositories.dll" id="17943233-8015-a282-b442-243916829980">
      <Execution id="046bcfef-5d57-4ced-bb15-8385df92db09" />
      <TestMethod codeBase="D:/Backup CloudNotes/CloudNotes/CloudNotes/CloudNotes.Tests.Repositories/bin/Debug/CloudNotes.Tests.Repositories.DLL" adapterTypeName="Microsoft.VisualStudio.TestTools.TestTypes.Unit.UnitTestAdapter, Microsoft.VisualStudio.QualityTools.Tips.UnitTest.Adapter, Version=10.0.0.0, Culture=neutral, PublicKeyToken=b03f5f7f11d50a3a" className="CloudNotes.Tests.Repositories.RepositoriesTests, CloudNotes.Tests.Repositories, Version=1.0.0.0, Culture=neutral, PublicKeyToken=null" name="NotesRepositoryLoadCallsLoadFromTheUnitOfWork" />
    </UnitTest>
    <UnitTest name="UsersRepositoryLoadTaskListOwnerCallsLoadAndGetFromTheUnitOfWork" storage="d:\backup cloudnotes\cloudnotes\cloudnotes\cloudnotes.tests.repositories\bin\debug\cloudnotes.tests.repositories.dll" id="087d9898-edea-6433-a4ef-23fb3738fd61">
      <Execution id="446d3a0e-fe00-4605-93b2-db86c39a5b15" />
      <TestMethod codeBase="D:/Backup CloudNotes/CloudNotes/CloudNotes/CloudNotes.Tests.Repositories/bin/Debug/CloudNotes.Tests.Repositories.DLL" adapterTypeName="Microsoft.VisualStudio.TestTools.TestTypes.Unit.UnitTestAdapter, Microsoft.VisualStudio.QualityTools.Tips.UnitTest.Adapter, Version=10.0.0.0, Culture=neutral, PublicKeyToken=b03f5f7f11d50a3a" className="CloudNotes.Tests.Repositories.RepositoriesTests, CloudNotes.Tests.Repositories, Version=1.0.0.0, Culture=neutral, PublicKeyToken=null" name="UsersRepositoryLoadTaskListOwnerCallsLoadAndGetFromTheUnitOfWork" />
    </UnitTest>
    <UnitTest name="ATaskListWithAllPropertiesValidIsValid" storage="d:\backup cloudnotes\cloudnotes\cloudnotes\cloudnotes.tests.domain\bin\debug\cloudnotes.tests.domain.dll" id="71f98d0e-df98-5602-5fd6-919d9101bb93">
      <Execution id="842d4ed2-b4eb-4a54-b428-d5332b1e0ffb" />
      <TestMethod codeBase="D:/Backup CloudNotes/CloudNotes/CloudNotes/CloudNotes.Tests.Domain/bin/Debug/CloudNotes.Tests.Domain.DLL" adapterTypeName="Microsoft.VisualStudio.TestTools.TestTypes.Unit.UnitTestAdapter, Microsoft.VisualStudio.QualityTools.Tips.UnitTest.Adapter, Version=10.0.0.0, Culture=neutral, PublicKeyToken=b03f5f7f11d50a3a" className="CloudNotes.Tests.Domain.DomainTests, CloudNotes.Tests.Domain, Version=1.0.0.0, Culture=neutral, PublicKeyToken=null" name="ATaskListWithAllPropertiesValidIsValid" />
    </UnitTest>
    <UnitTest name="UsersRepositoryLoadNoteOwnerCallsLoadAndGetFromTheUnitOfWork" storage="d:\backup cloudnotes\cloudnotes\cloudnotes\cloudnotes.tests.repositories\bin\debug\cloudnotes.tests.repositories.dll" id="e3d8badb-d961-d4d2-2fc7-38832d7198cd">
      <Execution id="46552968-9cf7-4b32-bd85-bf7559eef17d" />
      <TestMethod codeBase="D:/Backup CloudNotes/CloudNotes/CloudNotes/CloudNotes.Tests.Repositories/bin/Debug/CloudNotes.Tests.Repositories.DLL" adapterTypeName="Microsoft.VisualStudio.TestTools.TestTypes.Unit.UnitTestAdapter, Microsoft.VisualStudio.QualityTools.Tips.UnitTest.Adapter, Version=10.0.0.0, Culture=neutral, PublicKeyToken=b03f5f7f11d50a3a" className="CloudNotes.Tests.Repositories.RepositoriesTests, CloudNotes.Tests.Repositories, Version=1.0.0.0, Culture=neutral, PublicKeyToken=null" name="UsersRepositoryLoadNoteOwnerCallsLoadAndGetFromTheUnitOfWork" />
    </UnitTest>
    <UnitTest name="UsersServiceMethodLoadNoteOwnerShouldLoadOwner" storage="d:\backup cloudnotes\cloudnotes\cloudnotes\cloudnotes.tests.domain.services\bin\debug\cloudnotes.tests.domain.services.dll" id="b69a9890-6d34-e521-794d-88f12a6f6738">
      <Execution id="7b11c92e-4867-460e-b6fa-fe19990fa712" />
      <TestMethod codeBase="D:/Backup CloudNotes/CloudNotes/CloudNotes/CloudNotes.Tests.Domain.Services/bin/Debug/CloudNotes.Tests.Domain.Services.DLL" adapterTypeName="Microsoft.VisualStudio.TestTools.TestTypes.Unit.UnitTestAdapter, Microsoft.VisualStudio.QualityTools.Tips.UnitTest.Adapter, Version=10.0.0.0, Culture=neutral, PublicKeyToken=b03f5f7f11d50a3a" className="CloudNotes.Tests.Domain.Services.DomainServicesTests, CloudNotes.Tests.Domain.Services, Version=1.0.0.0, Culture=neutral, PublicKeyToken=null" name="UsersServiceMethodLoadNoteOwnerShouldLoadOwner" />
    </UnitTest>
    <UnitTest name="TaskListsRepositoryLoadCallsLoadFromTheUnitOfWork" storage="d:\backup cloudnotes\cloudnotes\cloudnotes\cloudnotes.tests.repositories\bin\debug\cloudnotes.tests.repositories.dll" id="23d50d4e-c7ad-15c6-58f2-b5a0b49d6762">
      <Execution id="7ced31b9-9247-4ce5-80c6-d455f81f093a" />
      <TestMethod codeBase="D:/Backup CloudNotes/CloudNotes/CloudNotes/CloudNotes.Tests.Repositories/bin/Debug/CloudNotes.Tests.Repositories.DLL" adapterTypeName="Microsoft.VisualStudio.TestTools.TestTypes.Unit.UnitTestAdapter, Microsoft.VisualStudio.QualityTools.Tips.UnitTest.Adapter, Version=10.0.0.0, Culture=neutral, PublicKeyToken=b03f5f7f11d50a3a" className="CloudNotes.Tests.Repositories.RepositoriesTests, CloudNotes.Tests.Repositories, Version=1.0.0.0, Culture=neutral, PublicKeyToken=null" name="TaskListsRepositoryLoadCallsLoadFromTheUnitOfWork" />
    </UnitTest>
    <UnitTest name="NotesServiceMethodDeleteShouldDeleteANote" storage="d:\backup cloudnotes\cloudnotes\cloudnotes\cloudnotes.tests.domain.services\bin\debug\cloudnotes.tests.domain.services.dll" id="51d63b6c-e217-1034-9362-a2f6bc6d8cdb">
      <Execution id="021a64d5-f46c-4940-8941-8f2de1be116a" />
      <TestMethod codeBase="D:/Backup CloudNotes/CloudNotes/CloudNotes/CloudNotes.Tests.Domain.Services/bin/Debug/CloudNotes.Tests.Domain.Services.DLL" adapterTypeName="Microsoft.VisualStudio.TestTools.TestTypes.Unit.UnitTestAdapter, Microsoft.VisualStudio.QualityTools.Tips.UnitTest.Adapter, Version=10.0.0.0, Culture=neutral, PublicKeyToken=b03f5f7f11d50a3a" className="CloudNotes.Tests.Domain.Services.DomainServicesTests, CloudNotes.Tests.Domain.Services, Version=1.0.0.0, Culture=neutral, PublicKeyToken=null" name="NotesServiceMethodDeleteShouldDeleteANote" />
    </UnitTest>
    <UnitTest name="ATaskListWithATittleLongerThan20CharactersIsInvalid" storage="d:\backup cloudnotes\cloudnotes\cloudnotes\cloudnotes.tests.domain\bin\debug\cloudnotes.tests.domain.dll" id="14c0b5c2-e01e-d3c7-468e-9874da6b0406">
      <Execution id="83877829-f212-4102-9d39-651ac3153d63" />
      <TestMethod codeBase="D:/Backup CloudNotes/CloudNotes/CloudNotes/CloudNotes.Tests.Domain/bin/Debug/CloudNotes.Tests.Domain.DLL" adapterTypeName="Microsoft.VisualStudio.TestTools.TestTypes.Unit.UnitTestAdapter, Microsoft.VisualStudio.QualityTools.Tips.UnitTest.Adapter, Version=10.0.0.0, Culture=neutral, PublicKeyToken=b03f5f7f11d50a3a" className="CloudNotes.Tests.Domain.DomainTests, CloudNotes.Tests.Domain, Version=1.0.0.0, Culture=neutral, PublicKeyToken=null" name="ATaskListWithATittleLongerThan20CharactersIsInvalid" />
    </UnitTest>
    <UnitTest name="ANoteWithANullContainerListIsInvalid" storage="d:\backup cloudnotes\cloudnotes\cloudnotes\cloudnotes.tests.domain\bin\debug\cloudnotes.tests.domain.dll" id="2096f5a0-1903-5db2-2c40-833b3a14e68d">
      <Execution id="23592215-0e14-439a-ba80-c96913bbbcae" />
      <TestMethod codeBase="D:/Backup CloudNotes/CloudNotes/CloudNotes/CloudNotes.Tests.Domain/bin/Debug/CloudNotes.Tests.Domain.DLL" adapterTypeName="Microsoft.VisualStudio.TestTools.TestTypes.Unit.UnitTestAdapter, Microsoft.VisualStudio.QualityTools.Tips.UnitTest.Adapter, Version=10.0.0.0, Culture=neutral, PublicKeyToken=b03f5f7f11d50a3a" className="CloudNotes.Tests.Domain.DomainTests, CloudNotes.Tests.Domain, Version=1.0.0.0, Culture=neutral, PublicKeyToken=null" name="ANoteWithANullContainerListIsInvalid" />
    </UnitTest>
    <UnitTest name="NotesRepositoryGetCallsGetFromTheUnitOfWorkAndReturnsNullForANonExistentNote" storage="d:\backup cloudnotes\cloudnotes\cloudnotes\cloudnotes.tests.repositories\bin\debug\cloudnotes.tests.repositories.dll" id="c95dec89-2022-14da-03fb-c071f5ad3029">
      <Execution id="87008ac5-afea-4274-8964-da13d47d4c9f" />
      <TestMethod codeBase="D:/Backup CloudNotes/CloudNotes/CloudNotes/CloudNotes.Tests.Repositories/bin/Debug/CloudNotes.Tests.Repositories.DLL" adapterTypeName="Microsoft.VisualStudio.TestTools.TestTypes.Unit.UnitTestAdapter, Microsoft.VisualStudio.QualityTools.Tips.UnitTest.Adapter, Version=10.0.0.0, Culture=neutral, PublicKeyToken=b03f5f7f11d50a3a" className="CloudNotes.Tests.Repositories.RepositoriesTests, CloudNotes.Tests.Repositories, Version=1.0.0.0, Culture=neutral, PublicKeyToken=null" name="NotesRepositoryGetCallsGetFromTheUnitOfWorkAndReturnsNullForANonExistentNote" />
    </UnitTest>
    <UnitTest name="UsersServiceMethodCreateShouldCreateAUser" storage="d:\backup cloudnotes\cloudnotes\cloudnotes\cloudnotes.tests.domain.services\bin\debug\cloudnotes.tests.domain.services.dll" id="2f5b7326-d298-9d47-b2ba-6360bcb253cc">
      <Execution id="7d8b146b-6c70-4875-84aa-872016df02b8" />
      <TestMethod codeBase="D:/Backup CloudNotes/CloudNotes/CloudNotes/CloudNotes.Tests.Domain.Services/bin/Debug/CloudNotes.Tests.Domain.Services.DLL" adapterTypeName="Microsoft.VisualStudio.TestTools.TestTypes.Unit.UnitTestAdapter, Microsoft.VisualStudio.QualityTools.Tips.UnitTest.Adapter, Version=10.0.0.0, Culture=neutral, PublicKeyToken=b03f5f7f11d50a3a" className="CloudNotes.Tests.Domain.Services.DomainServicesTests, CloudNotes.Tests.Domain.Services, Version=1.0.0.0, Culture=neutral, PublicKeyToken=null" name="UsersServiceMethodCreateShouldCreateAUser" />
    </UnitTest>
    <UnitTest name="ATaskListWithAnAllWhitespaceTittleIsInvalid" storage="d:\backup cloudnotes\cloudnotes\cloudnotes\cloudnotes.tests.domain\bin\debug\cloudnotes.tests.domain.dll" id="a92d683e-6db6-da08-1853-c0e53902a155">
      <Execution id="48743175-8173-4c05-be57-b9b0569f1da2" />
      <TestMethod codeBase="D:/Backup CloudNotes/CloudNotes/CloudNotes/CloudNotes.Tests.Domain/bin/Debug/CloudNotes.Tests.Domain.DLL" adapterTypeName="Microsoft.VisualStudio.TestTools.TestTypes.Unit.UnitTestAdapter, Microsoft.VisualStudio.QualityTools.Tips.UnitTest.Adapter, Version=10.0.0.0, Culture=neutral, PublicKeyToken=b03f5f7f11d50a3a" className="CloudNotes.Tests.Domain.DomainTests, CloudNotes.Tests.Domain, Version=1.0.0.0, Culture=neutral, PublicKeyToken=null" name="ATaskListWithAnAllWhitespaceTittleIsInvalid" />
    </UnitTest>
    <UnitTest name="ANoteWithANullOwnerIsInvalid" storage="d:\backup cloudnotes\cloudnotes\cloudnotes\cloudnotes.tests.domain\bin\debug\cloudnotes.tests.domain.dll" id="e814db0b-a976-414f-8c66-ad00681e848f">
      <Execution id="d72ea51d-c6ff-4b61-960b-7e5f9d7a06e3" />
      <TestMethod codeBase="D:/Backup CloudNotes/CloudNotes/CloudNotes/CloudNotes.Tests.Domain/bin/Debug/CloudNotes.Tests.Domain.DLL" adapterTypeName="Microsoft.VisualStudio.TestTools.TestTypes.Unit.UnitTestAdapter, Microsoft.VisualStudio.QualityTools.Tips.UnitTest.Adapter, Version=10.0.0.0, Culture=neutral, PublicKeyToken=b03f5f7f11d50a3a" className="CloudNotes.Tests.Domain.DomainTests, CloudNotes.Tests.Domain, Version=1.0.0.0, Culture=neutral, PublicKeyToken=null" name="ANoteWithANullOwnerIsInvalid" />
    </UnitTest>
    <UnitTest name="TaskListsRepositoryGetCallsGetFromTheUnitOfWorkAndReturnsNullForANonExistentTaskList" storage="d:\backup cloudnotes\cloudnotes\cloudnotes\cloudnotes.tests.repositories\bin\debug\cloudnotes.tests.repositories.dll" id="a30aa65e-8403-a864-3b85-edc17a9c432d">
      <Execution id="628e0944-56ab-4cb1-99ef-f9e2b70bd6b9" />
      <TestMethod codeBase="D:/Backup CloudNotes/CloudNotes/CloudNotes/CloudNotes.Tests.Repositories/bin/Debug/CloudNotes.Tests.Repositories.DLL" adapterTypeName="Microsoft.VisualStudio.TestTools.TestTypes.Unit.UnitTestAdapter, Microsoft.VisualStudio.QualityTools.Tips.UnitTest.Adapter, Version=10.0.0.0, Culture=neutral, PublicKeyToken=b03f5f7f11d50a3a" className="CloudNotes.Tests.Repositories.RepositoriesTests, CloudNotes.Tests.Repositories, Version=1.0.0.0, Culture=neutral, PublicKeyToken=null" name="TaskListsRepositoryGetCallsGetFromTheUnitOfWorkAndReturnsNullForANonExistentTaskList" />
    </UnitTest>
    <UnitTest name="UsersServiceMethodGetOrAddCurrentUserShouldAddAndReturnANonExistentUser" storage="d:\backup cloudnotes\cloudnotes\cloudnotes\cloudnotes.tests.domain.services\bin\debug\cloudnotes.tests.domain.services.dll" id="5c8c6d23-3d9d-14a6-d884-a87f65791e74">
      <Execution id="2eaa8ae1-77ce-4699-8a94-a1798dc9aca5" />
      <TestMethod codeBase="D:/Backup CloudNotes/CloudNotes/CloudNotes/CloudNotes.Tests.Domain.Services/bin/Debug/CloudNotes.Tests.Domain.Services.DLL" adapterTypeName="Microsoft.VisualStudio.TestTools.TestTypes.Unit.UnitTestAdapter, Microsoft.VisualStudio.QualityTools.Tips.UnitTest.Adapter, Version=10.0.0.0, Culture=neutral, PublicKeyToken=b03f5f7f11d50a3a" className="CloudNotes.Tests.Domain.Services.DomainServicesTests, CloudNotes.Tests.Domain.Services, Version=1.0.0.0, Culture=neutral, PublicKeyToken=null" name="UsersServiceMethodGetOrAddCurrentUserShouldAddAndReturnANonExistentUser" />
    </UnitTest>
    <UnitTest name="UsersRepositoryUpdateCallsUpdateFromTheUnitOfWork" storage="d:\backup cloudnotes\cloudnotes\cloudnotes\cloudnotes.tests.repositories\bin\debug\cloudnotes.tests.repositories.dll" id="da07899b-e0b9-f639-2145-62f05a55637a">
      <Execution id="cf42819f-d027-414f-b175-9bae89b6af7b" />
      <TestMethod codeBase="D:/Backup CloudNotes/CloudNotes/CloudNotes/CloudNotes.Tests.Repositories/bin/Debug/CloudNotes.Tests.Repositories.DLL" adapterTypeName="Microsoft.VisualStudio.TestTools.TestTypes.Unit.UnitTestAdapter, Microsoft.VisualStudio.QualityTools.Tips.UnitTest.Adapter, Version=10.0.0.0, Culture=neutral, PublicKeyToken=b03f5f7f11d50a3a" className="CloudNotes.Tests.Repositories.RepositoriesTests, CloudNotes.Tests.Repositories, Version=1.0.0.0, Culture=neutral, PublicKeyToken=null" name="UsersRepositoryUpdateCallsUpdateFromTheUnitOfWork" />
    </UnitTest>
    <UnitTest name="NotesRepositoryRemoveAssociatedUserCallsDeleteFromTheUnitOfWork" storage="d:\backup cloudnotes\cloudnotes\cloudnotes\cloudnotes.tests.repositories\bin\debug\cloudnotes.tests.repositories.dll" id="cbafef75-95ad-7658-1e1c-b55ffac68848">
      <Execution id="d4fd6743-7a46-4064-9a87-330fa0659f45" />
      <TestMethod codeBase="D:/Backup CloudNotes/CloudNotes/CloudNotes/CloudNotes.Tests.Repositories/bin/Debug/CloudNotes.Tests.Repositories.DLL" adapterTypeName="Microsoft.VisualStudio.TestTools.TestTypes.Unit.UnitTestAdapter, Microsoft.VisualStudio.QualityTools.Tips.UnitTest.Adapter, Version=10.0.0.0, Culture=neutral, PublicKeyToken=b03f5f7f11d50a3a" className="CloudNotes.Tests.Repositories.RepositoriesTests, CloudNotes.Tests.Repositories, Version=1.0.0.0, Culture=neutral, PublicKeyToken=null" name="NotesRepositoryRemoveAssociatedUserCallsDeleteFromTheUnitOfWork" />
    </UnitTest>
    <UnitTest name="ATaskListWithAnEmptyTittleIsInvalid" storage="d:\backup cloudnotes\cloudnotes\cloudnotes\cloudnotes.tests.domain\bin\debug\cloudnotes.tests.domain.dll" id="b0f72c88-e8e6-d5ef-9b19-7fed7babeddb">
      <Execution id="19133a51-8d3b-420e-89c0-ac06f61b5b56" />
      <TestMethod codeBase="D:/Backup CloudNotes/CloudNotes/CloudNotes/CloudNotes.Tests.Domain/bin/Debug/CloudNotes.Tests.Domain.DLL" adapterTypeName="Microsoft.VisualStudio.TestTools.TestTypes.Unit.UnitTestAdapter, Microsoft.VisualStudio.QualityTools.Tips.UnitTest.Adapter, Version=10.0.0.0, Culture=neutral, PublicKeyToken=b03f5f7f11d50a3a" className="CloudNotes.Tests.Domain.DomainTests, CloudNotes.Tests.Domain, Version=1.0.0.0, Culture=neutral, PublicKeyToken=null" name="ATaskListWithAnEmptyTittleIsInvalid" />
    </UnitTest>
    <UnitTest name="UsersRepositoryCreateCallsCreateFromTheUnitOfWork" storage="d:\backup cloudnotes\cloudnotes\cloudnotes\cloudnotes.tests.repositories\bin\debug\cloudnotes.tests.repositories.dll" id="8e102b5d-e958-b297-bb65-7f1f98f7fdce">
      <Execution id="afc3294a-b7cc-4351-a315-c515184d6f1e" />
      <TestMethod codeBase="D:/Backup CloudNotes/CloudNotes/CloudNotes/CloudNotes.Tests.Repositories/bin/Debug/CloudNotes.Tests.Repositories.DLL" adapterTypeName="Microsoft.VisualStudio.TestTools.TestTypes.Unit.UnitTestAdapter, Microsoft.VisualStudio.QualityTools.Tips.UnitTest.Adapter, Version=10.0.0.0, Culture=neutral, PublicKeyToken=b03f5f7f11d50a3a" className="CloudNotes.Tests.Repositories.RepositoriesTests, CloudNotes.Tests.Repositories, Version=1.0.0.0, Culture=neutral, PublicKeyToken=null" name="UsersRepositoryCreateCallsCreateFromTheUnitOfWork" />
    </UnitTest>
    <UnitTest name="NotesRepositoryGetCallsGetFromTheUnitOfWorkAndReturnsAExistentNote" storage="d:\backup cloudnotes\cloudnotes\cloudnotes\cloudnotes.tests.repositories\bin\debug\cloudnotes.tests.repositories.dll" id="5080dcae-3d2d-eaf8-e4e4-76887a83afbb">
      <Execution id="5713f356-7ced-4503-86a3-e5b65d76ce3c" />
      <TestMethod codeBase="D:/Backup CloudNotes/CloudNotes/CloudNotes/CloudNotes.Tests.Repositories/bin/Debug/CloudNotes.Tests.Repositories.DLL" adapterTypeName="Microsoft.VisualStudio.TestTools.TestTypes.Unit.UnitTestAdapter, Microsoft.VisualStudio.QualityTools.Tips.UnitTest.Adapter, Version=10.0.0.0, Culture=neutral, PublicKeyToken=b03f5f7f11d50a3a" className="CloudNotes.Tests.Repositories.RepositoriesTests, CloudNotes.Tests.Repositories, Version=1.0.0.0, Culture=neutral, PublicKeyToken=null" name="NotesRepositoryGetCallsGetFromTheUnitOfWorkAndReturnsAExistentNote" />
    </UnitTest>
    <UnitTest name="UsersServiceMethodGetOrAddCurrentUserShouldAddAndReturnAExistentUser" storage="d:\backup cloudnotes\cloudnotes\cloudnotes\cloudnotes.tests.domain.services\bin\debug\cloudnotes.tests.domain.services.dll" id="056d197d-5465-2401-dfce-dc6952b820a5">
      <Execution id="7949cd43-7380-4adb-b773-48da55039dff" />
      <TestMethod codeBase="D:/Backup CloudNotes/CloudNotes/CloudNotes/CloudNotes.Tests.Domain.Services/bin/Debug/CloudNotes.Tests.Domain.Services.DLL" adapterTypeName="Microsoft.VisualStudio.TestTools.TestTypes.Unit.UnitTestAdapter, Microsoft.VisualStudio.QualityTools.Tips.UnitTest.Adapter, Version=10.0.0.0, Culture=neutral, PublicKeyToken=b03f5f7f11d50a3a" className="CloudNotes.Tests.Domain.Services.DomainServicesTests, CloudNotes.Tests.Domain.Services, Version=1.0.0.0, Culture=neutral, PublicKeyToken=null" name="UsersServiceMethodGetOrAddCurrentUserShouldAddAndReturnAExistentUser" />
    </UnitTest>
    <UnitTest name="ANoteWithContentLongerThan50CharactersIsInvalid" storage="d:\backup cloudnotes\cloudnotes\cloudnotes\cloudnotes.tests.domain\bin\debug\cloudnotes.tests.domain.dll" id="7a009e26-62e5-1f69-5cdb-854dc672f6ae">
      <Execution id="bd19bf8d-ca3a-42cb-879d-61a50f349564" />
      <TestMethod codeBase="D:/Backup CloudNotes/CloudNotes/CloudNotes/CloudNotes.Tests.Domain/bin/Debug/CloudNotes.Tests.Domain.DLL" adapterTypeName="Microsoft.VisualStudio.TestTools.TestTypes.Unit.UnitTestAdapter, Microsoft.VisualStudio.QualityTools.Tips.UnitTest.Adapter, Version=10.0.0.0, Culture=neutral, PublicKeyToken=b03f5f7f11d50a3a" className="CloudNotes.Tests.Domain.DomainTests, CloudNotes.Tests.Domain, Version=1.0.0.0, Culture=neutral, PublicKeyToken=null" name="ANoteWithContentLongerThan50CharactersIsInvalid" />
    </UnitTest>
    <UnitTest name="UsersServiceMethodUpdateShouldUpdateAUser" storage="d:\backup cloudnotes\cloudnotes\cloudnotes\cloudnotes.tests.domain.services\bin\debug\cloudnotes.tests.domain.services.dll" id="0a706ea0-58bc-0095-f59b-db8b9bd3e9c1">
      <Execution id="185e5495-6918-4cbf-8a14-37a095b5caf1" />
      <TestMethod codeBase="D:/Backup CloudNotes/CloudNotes/CloudNotes/CloudNotes.Tests.Domain.Services/bin/Debug/CloudNotes.Tests.Domain.Services.DLL" adapterTypeName="Microsoft.VisualStudio.TestTools.TestTypes.Unit.UnitTestAdapter, Microsoft.VisualStudio.QualityTools.Tips.UnitTest.Adapter, Version=10.0.0.0, Culture=neutral, PublicKeyToken=b03f5f7f11d50a3a" className="CloudNotes.Tests.Domain.Services.DomainServicesTests, CloudNotes.Tests.Domain.Services, Version=1.0.0.0, Culture=neutral, PublicKeyToken=null" name="UsersServiceMethodUpdateShouldUpdateAUser" />
    </UnitTest>
    <UnitTest name="TaskListsServiceMethodAddAssociatedUserShouldAssociateAUserToATaskList" storage="d:\backup cloudnotes\cloudnotes\cloudnotes\cloudnotes.tests.domain.services\bin\debug\cloudnotes.tests.domain.services.dll" id="365c1765-601e-4cb5-c478-8e2a127ddfe7">
      <Execution id="c4468790-e313-421e-97e4-ad1739878487" />
      <TestMethod codeBase="D:/Backup CloudNotes/CloudNotes/CloudNotes/CloudNotes.Tests.Domain.Services/bin/Debug/CloudNotes.Tests.Domain.Services.DLL" adapterTypeName="Microsoft.VisualStudio.TestTools.TestTypes.Unit.UnitTestAdapter, Microsoft.VisualStudio.QualityTools.Tips.UnitTest.Adapter, Version=10.0.0.0, Culture=neutral, PublicKeyToken=b03f5f7f11d50a3a" className="CloudNotes.Tests.Domain.Services.DomainServicesTests, CloudNotes.Tests.Domain.Services, Version=1.0.0.0, Culture=neutral, PublicKeyToken=null" name="TaskListsServiceMethodAddAssociatedUserShouldAssociateAUserToATaskList" />
    </UnitTest>
    <UnitTest name="AUserWithAnAllWhitespaceNameIdentitiferIdentityProviderIsInvalid" storage="d:\backup cloudnotes\cloudnotes\cloudnotes\cloudnotes.tests.domain\bin\debug\cloudnotes.tests.domain.dll" id="7b077f22-22e9-49cd-daef-17e3a82a58b9">
      <Execution id="adf971a1-f430-40ae-b899-a3e35d6db603" />
      <TestMethod codeBase="D:/Backup CloudNotes/CloudNotes/CloudNotes/CloudNotes.Tests.Domain/bin/Debug/CloudNotes.Tests.Domain.DLL" adapterTypeName="Microsoft.VisualStudio.TestTools.TestTypes.Unit.UnitTestAdapter, Microsoft.VisualStudio.QualityTools.Tips.UnitTest.Adapter, Version=10.0.0.0, Culture=neutral, PublicKeyToken=b03f5f7f11d50a3a" className="CloudNotes.Tests.Domain.DomainTests, CloudNotes.Tests.Domain, Version=1.0.0.0, Culture=neutral, PublicKeyToken=null" name="AUserWithAnAllWhitespaceNameIdentitiferIdentityProviderIsInvalid" />
    </UnitTest>
    <UnitTest name="UsersServiceMethodDeleteShouldDeleteAUser" storage="d:\backup cloudnotes\cloudnotes\cloudnotes\cloudnotes.tests.domain.services\bin\debug\cloudnotes.tests.domain.services.dll" id="c6f6cc92-9905-881b-c432-bc390bf4fb00">
      <Execution id="b3869cfb-7848-4690-809f-b2313c69a766" />
      <TestMethod codeBase="D:/Backup CloudNotes/CloudNotes/CloudNotes/CloudNotes.Tests.Domain.Services/bin/Debug/CloudNotes.Tests.Domain.Services.DLL" adapterTypeName="Microsoft.VisualStudio.TestTools.TestTypes.Unit.UnitTestAdapter, Microsoft.VisualStudio.QualityTools.Tips.UnitTest.Adapter, Version=10.0.0.0, Culture=neutral, PublicKeyToken=b03f5f7f11d50a3a" className="CloudNotes.Tests.Domain.Services.DomainServicesTests, CloudNotes.Tests.Domain.Services, Version=1.0.0.0, Culture=neutral, PublicKeyToken=null" name="UsersServiceMethodDeleteShouldDeleteAUser" />
    </UnitTest>
    <UnitTest name="ANoteWithAllValidPropertiesIsValid" storage="d:\backup cloudnotes\cloudnotes\cloudnotes\cloudnotes.tests.domain\bin\debug\cloudnotes.tests.domain.dll" id="c14c078d-036a-ef14-90a0-c1d1a047c940">
      <Execution id="0c1b8285-6875-4fe0-b9a1-e697d3715908" />
      <TestMethod codeBase="D:/Backup CloudNotes/CloudNotes/CloudNotes/CloudNotes.Tests.Domain/bin/Debug/CloudNotes.Tests.Domain.DLL" adapterTypeName="Microsoft.VisualStudio.TestTools.TestTypes.Unit.UnitTestAdapter, Microsoft.VisualStudio.QualityTools.Tips.UnitTest.Adapter, Version=10.0.0.0, Culture=neutral, PublicKeyToken=b03f5f7f11d50a3a" className="CloudNotes.Tests.Domain.DomainTests, CloudNotes.Tests.Domain, Version=1.0.0.0, Culture=neutral, PublicKeyToken=null" name="ANoteWithAllValidPropertiesIsValid" />
    </UnitTest>
    <UnitTest name="TaskListsRepositoryGetCallsGetFromTheUnitOfWorkAndReturnsAExistentTaskList" storage="d:\backup cloudnotes\cloudnotes\cloudnotes\cloudnotes.tests.repositories\bin\debug\cloudnotes.tests.repositories.dll" id="a53334ee-fa15-643f-ccd8-411cde2e57f8">
      <Execution id="b897789a-cada-49df-bcb1-d59645a009d7" />
      <TestMethod codeBase="D:/Backup CloudNotes/CloudNotes/CloudNotes/CloudNotes.Tests.Repositories/bin/Debug/CloudNotes.Tests.Repositories.DLL" adapterTypeName="Microsoft.VisualStudio.TestTools.TestTypes.Unit.UnitTestAdapter, Microsoft.VisualStudio.QualityTools.Tips.UnitTest.Adapter, Version=10.0.0.0, Culture=neutral, PublicKeyToken=b03f5f7f11d50a3a" className="CloudNotes.Tests.Repositories.RepositoriesTests, CloudNotes.Tests.Repositories, Version=1.0.0.0, Culture=neutral, PublicKeyToken=null" name="TaskListsRepositoryGetCallsGetFromTheUnitOfWorkAndReturnsAExistentTaskList" />
    </UnitTest>
    <UnitTest name="ANoteWithAnAllWhitespaceTittleIsInvalid" storage="d:\backup cloudnotes\cloudnotes\cloudnotes\cloudnotes.tests.domain\bin\debug\cloudnotes.tests.domain.dll" id="07851a54-f9f2-0370-ef52-acf62480dca3">
      <Execution id="c8ee9e70-4bc0-4dc6-8f8f-f190af5dc49e" />
      <TestMethod codeBase="D:/Backup CloudNotes/CloudNotes/CloudNotes/CloudNotes.Tests.Domain/bin/Debug/CloudNotes.Tests.Domain.DLL" adapterTypeName="Microsoft.VisualStudio.TestTools.TestTypes.Unit.UnitTestAdapter, Microsoft.VisualStudio.QualityTools.Tips.UnitTest.Adapter, Version=10.0.0.0, Culture=neutral, PublicKeyToken=b03f5f7f11d50a3a" className="CloudNotes.Tests.Domain.DomainTests, CloudNotes.Tests.Domain, Version=1.0.0.0, Culture=neutral, PublicKeyToken=null" name="ANoteWithAnAllWhitespaceTittleIsInvalid" />
    </UnitTest>
    <UnitTest name="ANoteWithAnEmptyTittleIsInvalid" storage="d:\backup cloudnotes\cloudnotes\cloudnotes\cloudnotes.tests.domain\bin\debug\cloudnotes.tests.domain.dll" id="157b3a3d-66d6-d440-327f-479b45016df4">
      <Execution id="1f0d33b9-89e1-4a51-a46f-33d680d7e610" />
      <TestMethod codeBase="D:/Backup CloudNotes/CloudNotes/CloudNotes/CloudNotes.Tests.Domain/bin/Debug/CloudNotes.Tests.Domain.DLL" adapterTypeName="Microsoft.VisualStudio.TestTools.TestTypes.Unit.UnitTestAdapter, Microsoft.VisualStudio.QualityTools.Tips.UnitTest.Adapter, Version=10.0.0.0, Culture=neutral, PublicKeyToken=b03f5f7f11d50a3a" className="CloudNotes.Tests.Domain.DomainTests, CloudNotes.Tests.Domain, Version=1.0.0.0, Culture=neutral, PublicKeyToken=null" name="ANoteWithAnEmptyTittleIsInvalid" />
    </UnitTest>
    <UnitTest name="TaskListsServiceMethodMoveNoteShouldMoveANoteToAnotherTaskList" storage="d:\backup cloudnotes\cloudnotes\cloudnotes\cloudnotes.tests.domain.services\bin\debug\cloudnotes.tests.domain.services.dll" id="b006a81a-d00c-d8d1-93cd-32825cea222a">
      <Execution id="de582456-46d3-473d-a589-557d17964538" />
      <TestMethod codeBase="D:/Backup CloudNotes/CloudNotes/CloudNotes/CloudNotes.Tests.Domain.Services/bin/Debug/CloudNotes.Tests.Domain.Services.DLL" adapterTypeName="Microsoft.VisualStudio.TestTools.TestTypes.Unit.UnitTestAdapter, Microsoft.VisualStudio.QualityTools.Tips.UnitTest.Adapter, Version=10.0.0.0, Culture=neutral, PublicKeyToken=b03f5f7f11d50a3a" className="CloudNotes.Tests.Domain.Services.DomainServicesTests, CloudNotes.Tests.Domain.Services, Version=1.0.0.0, Culture=neutral, PublicKeyToken=null" name="TaskListsServiceMethodMoveNoteShouldMoveANoteToAnotherTaskList" />
    </UnitTest>
    <UnitTest name="NotesServiceMethodUpdateShouldUpdateANote" storage="d:\backup cloudnotes\cloudnotes\cloudnotes\cloudnotes.tests.domain.services\bin\debug\cloudnotes.tests.domain.services.dll" id="5786b163-ef5c-e0c4-11da-ed5c7ebd591c">
      <Execution id="1a0cf003-bcb6-4d85-8caf-f399efa85300" />
      <TestMethod codeBase="D:/Backup CloudNotes/CloudNotes/CloudNotes/CloudNotes.Tests.Domain.Services/bin/Debug/CloudNotes.Tests.Domain.Services.DLL" adapterTypeName="Microsoft.VisualStudio.TestTools.TestTypes.Unit.UnitTestAdapter, Microsoft.VisualStudio.QualityTools.Tips.UnitTest.Adapter, Version=10.0.0.0, Culture=neutral, PublicKeyToken=b03f5f7f11d50a3a" className="CloudNotes.Tests.Domain.Services.DomainServicesTests, CloudNotes.Tests.Domain.Services, Version=1.0.0.0, Culture=neutral, PublicKeyToken=null" name="NotesServiceMethodUpdateShouldUpdateANote" />
    </UnitTest>
    <UnitTest name="TaskListsRepositoryUpdateCallsUpdateFromTheUnitOfWork" storage="d:\backup cloudnotes\cloudnotes\cloudnotes\cloudnotes.tests.repositories\bin\debug\cloudnotes.tests.repositories.dll" id="243a3723-c759-1bdb-8565-43030030c8e3">
      <Execution id="4df2b113-a4f2-4873-aa87-f8d30b17a60f" />
      <TestMethod codeBase="D:/Backup CloudNotes/CloudNotes/CloudNotes/CloudNotes.Tests.Repositories/bin/Debug/CloudNotes.Tests.Repositories.DLL" adapterTypeName="Microsoft.VisualStudio.TestTools.TestTypes.Unit.UnitTestAdapter, Microsoft.VisualStudio.QualityTools.Tips.UnitTest.Adapter, Version=10.0.0.0, Culture=neutral, PublicKeyToken=b03f5f7f11d50a3a" className="CloudNotes.Tests.Repositories.RepositoriesTests, CloudNotes.Tests.Repositories, Version=1.0.0.0, Culture=neutral, PublicKeyToken=null" name="TaskListsRepositoryUpdateCallsUpdateFromTheUnitOfWork" />
    </UnitTest>
    <UnitTest name="TaskListsServiceMethodDeleteShouldDeleteATaskList" storage="d:\backup cloudnotes\cloudnotes\cloudnotes\cloudnotes.tests.domain.services\bin\debug\cloudnotes.tests.domain.services.dll" id="9d2851ab-0a27-838f-9557-7fe4eb9929c3">
      <Execution id="79f4b61a-ff7e-489a-b624-9a3da39d97ae" />
      <TestMethod codeBase="D:/Backup CloudNotes/CloudNotes/CloudNotes/CloudNotes.Tests.Domain.Services/bin/Debug/CloudNotes.Tests.Domain.Services.DLL" adapterTypeName="Microsoft.VisualStudio.TestTools.TestTypes.Unit.UnitTestAdapter, Microsoft.VisualStudio.QualityTools.Tips.UnitTest.Adapter, Version=10.0.0.0, Culture=neutral, PublicKeyToken=b03f5f7f11d50a3a" className="CloudNotes.Tests.Domain.Services.DomainServicesTests, CloudNotes.Tests.Domain.Services, Version=1.0.0.0, Culture=neutral, PublicKeyToken=null" name="TaskListsServiceMethodDeleteShouldDeleteATaskList" />
    </UnitTest>
    <UnitTest name="TaskListsRepositoryDeleteCallsDeleteFromTheUnitOfWork" storage="d:\backup cloudnotes\cloudnotes\cloudnotes\cloudnotes.tests.repositories\bin\debug\cloudnotes.tests.repositories.dll" id="846215b7-3a17-549a-a8bb-e3c8573dbdf6">
      <Execution id="3163ddb3-38eb-4dc4-8337-0ba16511ebdd" />
      <TestMethod codeBase="D:/Backup CloudNotes/CloudNotes/CloudNotes/CloudNotes.Tests.Repositories/bin/Debug/CloudNotes.Tests.Repositories.DLL" adapterTypeName="Microsoft.VisualStudio.TestTools.TestTypes.Unit.UnitTestAdapter, Microsoft.VisualStudio.QualityTools.Tips.UnitTest.Adapter, Version=10.0.0.0, Culture=neutral, PublicKeyToken=b03f5f7f11d50a3a" className="CloudNotes.Tests.Repositories.RepositoriesTests, CloudNotes.Tests.Repositories, Version=1.0.0.0, Culture=neutral, PublicKeyToken=null" name="TaskListsRepositoryDeleteCallsDeleteFromTheUnitOfWork" />
    </UnitTest>
    <UnitTest name="UsersServiceMethodLoadShouldReturnAllUsers" storage="d:\backup cloudnotes\cloudnotes\cloudnotes\cloudnotes.tests.domain.services\bin\debug\cloudnotes.tests.domain.services.dll" id="04f5ff1c-b8db-538c-4d6c-35fba410e0c0">
      <Execution id="6915d147-4d8b-435d-8038-3f659cea1074" />
      <TestMethod codeBase="D:/Backup CloudNotes/CloudNotes/CloudNotes/CloudNotes.Tests.Domain.Services/bin/Debug/CloudNotes.Tests.Domain.Services.DLL" adapterTypeName="Microsoft.VisualStudio.TestTools.TestTypes.Unit.UnitTestAdapter, Microsoft.VisualStudio.QualityTools.Tips.UnitTest.Adapter, Version=10.0.0.0, Culture=neutral, PublicKeyToken=b03f5f7f11d50a3a" className="CloudNotes.Tests.Domain.Services.DomainServicesTests, CloudNotes.Tests.Domain.Services, Version=1.0.0.0, Culture=neutral, PublicKeyToken=null" name="UsersServiceMethodLoadShouldReturnAllUsers" />
    </UnitTest>
    <UnitTest name="NotesServiceMethodLoadShouldReturnAllNotes" storage="d:\backup cloudnotes\cloudnotes\cloudnotes\cloudnotes.tests.domain.services\bin\debug\cloudnotes.tests.domain.services.dll" id="b1a7abd8-8831-126c-749d-ed4bdc9d0f13">
      <Execution id="2e99e845-a8b0-4939-a51b-20ff41e3e217" />
      <TestMethod codeBase="D:/Backup CloudNotes/CloudNotes/CloudNotes/CloudNotes.Tests.Domain.Services/bin/Debug/CloudNotes.Tests.Domain.Services.DLL" adapterTypeName="Microsoft.VisualStudio.TestTools.TestTypes.Unit.UnitTestAdapter, Microsoft.VisualStudio.QualityTools.Tips.UnitTest.Adapter, Version=10.0.0.0, Culture=neutral, PublicKeyToken=b03f5f7f11d50a3a" className="CloudNotes.Tests.Domain.Services.DomainServicesTests, CloudNotes.Tests.Domain.Services, Version=1.0.0.0, Culture=neutral, PublicKeyToken=null" name="NotesServiceMethodLoadShouldReturnAllNotes" />
    </UnitTest>
    <UnitTest name="AUserWithAnEmptyNameIdentitiferIdentityProviderIsInvalid" storage="d:\backup cloudnotes\cloudnotes\cloudnotes\cloudnotes.tests.domain\bin\debug\cloudnotes.tests.domain.dll" id="a68d91f7-6467-c9ba-3630-f5f8421f5b40">
      <Execution id="5fcb2292-5b8f-46ac-97c2-9062c71a0647" />
      <TestMethod codeBase="D:/Backup CloudNotes/CloudNotes/CloudNotes/CloudNotes.Tests.Domain/bin/Debug/CloudNotes.Tests.Domain.DLL" adapterTypeName="Microsoft.VisualStudio.TestTools.TestTypes.Unit.UnitTestAdapter, Microsoft.VisualStudio.QualityTools.Tips.UnitTest.Adapter, Version=10.0.0.0, Culture=neutral, PublicKeyToken=b03f5f7f11d50a3a" className="CloudNotes.Tests.Domain.DomainTests, CloudNotes.Tests.Domain, Version=1.0.0.0, Culture=neutral, PublicKeyToken=null" name="AUserWithAnEmptyNameIdentitiferIdentityProviderIsInvalid" />
    </UnitTest>
    <UnitTest name="UsersRepositoryGetOrAddCurrentUserCallsCreateFromTheUnitOfWorkForANewUser" storage="d:\backup cloudnotes\cloudnotes\cloudnotes\cloudnotes.tests.repositories\bin\debug\cloudnotes.tests.repositories.dll" id="877a47e2-2cfb-b1ee-91f0-d5e62b3d3dfe">
      <Execution id="1fa80177-95c3-4f21-81cc-c470587bef62" />
      <TestMethod codeBase="D:/Backup CloudNotes/CloudNotes/CloudNotes/CloudNotes.Tests.Repositories/bin/Debug/CloudNotes.Tests.Repositories.DLL" adapterTypeName="Microsoft.VisualStudio.TestTools.TestTypes.Unit.UnitTestAdapter, Microsoft.VisualStudio.QualityTools.Tips.UnitTest.Adapter, Version=10.0.0.0, Culture=neutral, PublicKeyToken=b03f5f7f11d50a3a" className="CloudNotes.Tests.Repositories.RepositoriesTests, CloudNotes.Tests.Repositories, Version=1.0.0.0, Culture=neutral, PublicKeyToken=null" name="UsersRepositoryGetOrAddCurrentUserCallsCreateFromTheUnitOfWorkForANewUser" />
    </UnitTest>
    <UnitTest name="ANoteWithATittleLongerThan20CharactersIsInvalid" storage="d:\backup cloudnotes\cloudnotes\cloudnotes\cloudnotes.tests.domain\bin\debug\cloudnotes.tests.domain.dll" id="0ce8d206-0c8a-8c5e-6c07-1fff93fda8b9">
      <Execution id="aa503b21-9231-4144-aacd-2c7c3a92e183" />
      <TestMethod codeBase="D:/Backup CloudNotes/CloudNotes/CloudNotes/CloudNotes.Tests.Domain/bin/Debug/CloudNotes.Tests.Domain.DLL" adapterTypeName="Microsoft.VisualStudio.TestTools.TestTypes.Unit.UnitTestAdapter, Microsoft.VisualStudio.QualityTools.Tips.UnitTest.Adapter, Version=10.0.0.0, Culture=neutral, PublicKeyToken=b03f5f7f11d50a3a" className="CloudNotes.Tests.Domain.DomainTests, CloudNotes.Tests.Domain, Version=1.0.0.0, Culture=neutral, PublicKeyToken=null" name="ANoteWithATittleLongerThan20CharactersIsInvalid" />
    </UnitTest>
    <UnitTest name="NotesRepositoryDeleteCallsDeleteFromTheUnitOfWork" storage="d:\backup cloudnotes\cloudnotes\cloudnotes\cloudnotes.tests.repositories\bin\debug\cloudnotes.tests.repositories.dll" id="30e5be5e-a000-267a-e9b2-5e4a03aead97">
      <Execution id="0b93618c-06a9-4f51-a483-19b049250cfe" />
      <TestMethod codeBase="D:/Backup CloudNotes/CloudNotes/CloudNotes/CloudNotes.Tests.Repositories/bin/Debug/CloudNotes.Tests.Repositories.DLL" adapterTypeName="Microsoft.VisualStudio.TestTools.TestTypes.Unit.UnitTestAdapter, Microsoft.VisualStudio.QualityTools.Tips.UnitTest.Adapter, Version=10.0.0.0, Culture=neutral, PublicKeyToken=b03f5f7f11d50a3a" className="CloudNotes.Tests.Repositories.RepositoriesTests, CloudNotes.Tests.Repositories, Version=1.0.0.0, Culture=neutral, PublicKeyToken=null" name="NotesRepositoryDeleteCallsDeleteFromTheUnitOfWork" />
    </UnitTest>
    <UnitTest name="UsersRepositoryLoadCallsLoadFromTheUnitOfWork" storage="d:\backup cloudnotes\cloudnotes\cloudnotes\cloudnotes.tests.repositories\bin\debug\cloudnotes.tests.repositories.dll" id="31c722d8-5747-84ab-dbe0-e3286ae27d8d">
      <Execution id="00626034-5ac4-46e8-aa17-3d18dbdad10e" />
      <TestMethod codeBase="D:/Backup CloudNotes/CloudNotes/CloudNotes/CloudNotes.Tests.Repositories/bin/Debug/CloudNotes.Tests.Repositories.DLL" adapterTypeName="Microsoft.VisualStudio.TestTools.TestTypes.Unit.UnitTestAdapter, Microsoft.VisualStudio.QualityTools.Tips.UnitTest.Adapter, Version=10.0.0.0, Culture=neutral, PublicKeyToken=b03f5f7f11d50a3a" className="CloudNotes.Tests.Repositories.RepositoriesTests, CloudNotes.Tests.Repositories, Version=1.0.0.0, Culture=neutral, PublicKeyToken=null" name="UsersRepositoryLoadCallsLoadFromTheUnitOfWork" />
    </UnitTest>
    <UnitTest name="TaskListsServiceMethodLoadShouldReturnAllTaskLists" storage="d:\backup cloudnotes\cloudnotes\cloudnotes\cloudnotes.tests.domain.services\bin\debug\cloudnotes.tests.domain.services.dll" id="7d1001da-6055-18e2-1484-260115b93ccf">
      <Execution id="9eceb349-df11-44e2-86c4-593302ae7f1e" />
      <TestMethod codeBase="D:/Backup CloudNotes/CloudNotes/CloudNotes/CloudNotes.Tests.Domain.Services/bin/Debug/CloudNotes.Tests.Domain.Services.DLL" adapterTypeName="Microsoft.VisualStudio.TestTools.TestTypes.Unit.UnitTestAdapter, Microsoft.VisualStudio.QualityTools.Tips.UnitTest.Adapter, Version=10.0.0.0, Culture=neutral, PublicKeyToken=b03f5f7f11d50a3a" className="CloudNotes.Tests.Domain.Services.DomainServicesTests, CloudNotes.Tests.Domain.Services, Version=1.0.0.0, Culture=neutral, PublicKeyToken=null" name="TaskListsServiceMethodLoadShouldReturnAllTaskLists" />
    </UnitTest>
    <UnitTest name="TaskListsRepositoryAddAssociatedUserCallsCreateFromTheUnitOfWork" storage="d:\backup cloudnotes\cloudnotes\cloudnotes\cloudnotes.tests.repositories\bin\debug\cloudnotes.tests.repositories.dll" id="acfeaeee-602e-5259-5fae-51e3dc843fa1">
      <Execution id="c54a1b2d-1cab-4f38-83ce-22653f36b3cd" />
      <TestMethod codeBase="D:/Backup CloudNotes/CloudNotes/CloudNotes/CloudNotes.Tests.Repositories/bin/Debug/CloudNotes.Tests.Repositories.DLL" adapterTypeName="Microsoft.VisualStudio.TestTools.TestTypes.Unit.UnitTestAdapter, Microsoft.VisualStudio.QualityTools.Tips.UnitTest.Adapter, Version=10.0.0.0, Culture=neutral, PublicKeyToken=b03f5f7f11d50a3a" className="CloudNotes.Tests.Repositories.RepositoriesTests, CloudNotes.Tests.Repositories, Version=1.0.0.0, Culture=neutral, PublicKeyToken=null" name="TaskListsRepositoryAddAssociatedUserCallsCreateFromTheUnitOfWork" />
    </UnitTest>
    <UnitTest name="ANoteWithAnEmptyContentIsInvalid" storage="d:\backup cloudnotes\cloudnotes\cloudnotes\cloudnotes.tests.domain\bin\debug\cloudnotes.tests.domain.dll" id="852657b0-510e-88d6-c043-399bc17187ed">
      <Execution id="43611081-d7d9-4a59-829e-7c1fcdd6324a" />
      <TestMethod codeBase="D:/Backup CloudNotes/CloudNotes/CloudNotes/CloudNotes.Tests.Domain/bin/Debug/CloudNotes.Tests.Domain.DLL" adapterTypeName="Microsoft.VisualStudio.TestTools.TestTypes.Unit.UnitTestAdapter, Microsoft.VisualStudio.QualityTools.Tips.UnitTest.Adapter, Version=10.0.0.0, Culture=neutral, PublicKeyToken=b03f5f7f11d50a3a" className="CloudNotes.Tests.Domain.DomainTests, CloudNotes.Tests.Domain, Version=1.0.0.0, Culture=neutral, PublicKeyToken=null" name="ANoteWithAnEmptyContentIsInvalid" />
    </UnitTest>
    <UnitTest name="ANoteWithAnAllWhitespaceContentIsInvalid" storage="d:\backup cloudnotes\cloudnotes\cloudnotes\cloudnotes.tests.domain\bin\debug\cloudnotes.tests.domain.dll" id="00d57f25-d21b-e712-e7ff-b98a3d6f01aa">
      <Execution id="0e73141f-abfa-4d43-800e-66a0cbaf8d76" />
      <TestMethod codeBase="D:/Backup CloudNotes/CloudNotes/CloudNotes/CloudNotes.Tests.Domain/bin/Debug/CloudNotes.Tests.Domain.DLL" adapterTypeName="Microsoft.VisualStudio.TestTools.TestTypes.Unit.UnitTestAdapter, Microsoft.VisualStudio.QualityTools.Tips.UnitTest.Adapter, Version=10.0.0.0, Culture=neutral, PublicKeyToken=b03f5f7f11d50a3a" className="CloudNotes.Tests.Domain.DomainTests, CloudNotes.Tests.Domain, Version=1.0.0.0, Culture=neutral, PublicKeyToken=null" name="ANoteWithAnAllWhitespaceContentIsInvalid" />
    </UnitTest>
    <UnitTest name="NotesRepositoryUpdateCallsUpdateFromTheUnitOfWork" storage="d:\backup cloudnotes\cloudnotes\cloudnotes\cloudnotes.tests.repositories\bin\debug\cloudnotes.tests.repositories.dll" id="a780d5d0-43e2-3171-7945-424274cf7cfb">
      <Execution id="1127cf1e-141e-4f91-9fd1-f2e56a5c26cd" />
      <TestMethod codeBase="D:/Backup CloudNotes/CloudNotes/CloudNotes/CloudNotes.Tests.Repositories/bin/Debug/CloudNotes.Tests.Repositories.DLL" adapterTypeName="Microsoft.VisualStudio.TestTools.TestTypes.Unit.UnitTestAdapter, Microsoft.VisualStudio.QualityTools.Tips.UnitTest.Adapter, Version=10.0.0.0, Culture=neutral, PublicKeyToken=b03f5f7f11d50a3a" className="CloudNotes.Tests.Repositories.RepositoriesTests, CloudNotes.Tests.Repositories, Version=1.0.0.0, Culture=neutral, PublicKeyToken=null" name="NotesRepositoryUpdateCallsUpdateFromTheUnitOfWork" />
    </UnitTest>
    <UnitTest name="TaskListsServiceMethodRemoveAssociatedUserShouldRemoveAnAssociatedUserToATaskList" storage="d:\backup cloudnotes\cloudnotes\cloudnotes\cloudnotes.tests.domain.services\bin\debug\cloudnotes.tests.domain.services.dll" id="52a45ba1-11f0-22ef-214f-0d3c601ec67e">
      <Execution id="cd077b3b-d603-410f-96cf-70b36de4465b" />
      <TestMethod codeBase="D:/Backup CloudNotes/CloudNotes/CloudNotes/CloudNotes.Tests.Domain.Services/bin/Debug/CloudNotes.Tests.Domain.Services.DLL" adapterTypeName="Microsoft.VisualStudio.TestTools.TestTypes.Unit.UnitTestAdapter, Microsoft.VisualStudio.QualityTools.Tips.UnitTest.Adapter, Version=10.0.0.0, Culture=neutral, PublicKeyToken=b03f5f7f11d50a3a" className="CloudNotes.Tests.Domain.Services.DomainServicesTests, CloudNotes.Tests.Domain.Services, Version=1.0.0.0, Culture=neutral, PublicKeyToken=null" name="TaskListsServiceMethodRemoveAssociatedUserShouldRemoveAnAssociatedUserToATaskList" />
    </UnitTest>
    <UnitTest name="UsersServiceMethodLoadNoteAssociatedUsersShouldLoadAssociatedUsers" storage="d:\backup cloudnotes\cloudnotes\cloudnotes\cloudnotes.tests.domain.services\bin\debug\cloudnotes.tests.domain.services.dll" id="50b417ca-3689-206a-8c68-f9bcef8257fb">
      <Execution id="c9f48d8c-e8fa-433e-bb64-c14f2058ef64" />
      <TestMethod codeBase="D:/Backup CloudNotes/CloudNotes/CloudNotes/CloudNotes.Tests.Domain.Services/bin/Debug/CloudNotes.Tests.Domain.Services.DLL" adapterTypeName="Microsoft.VisualStudio.TestTools.TestTypes.Unit.UnitTestAdapter, Microsoft.VisualStudio.QualityTools.Tips.UnitTest.Adapter, Version=10.0.0.0, Culture=neutral, PublicKeyToken=b03f5f7f11d50a3a" className="CloudNotes.Tests.Domain.Services.DomainServicesTests, CloudNotes.Tests.Domain.Services, Version=1.0.0.0, Culture=neutral, PublicKeyToken=null" name="UsersServiceMethodLoadNoteAssociatedUsersShouldLoadAssociatedUsers" />
    </UnitTest>
    <UnitTest name="AUserWithAnInvalidEmailIsInvalid" storage="d:\backup cloudnotes\cloudnotes\cloudnotes\cloudnotes.tests.domain\bin\debug\cloudnotes.tests.domain.dll" id="68595d26-57a1-321d-c72e-7ab1ba9f7821">
      <Execution id="51e1ac7d-dc21-4c02-9f54-f7e55bd4f3af" />
      <TestMethod codeBase="D:/Backup CloudNotes/CloudNotes/CloudNotes/CloudNotes.Tests.Domain/bin/Debug/CloudNotes.Tests.Domain.DLL" adapterTypeName="Microsoft.VisualStudio.TestTools.TestTypes.Unit.UnitTestAdapter, Microsoft.VisualStudio.QualityTools.Tips.UnitTest.Adapter, Version=10.0.0.0, Culture=neutral, PublicKeyToken=b03f5f7f11d50a3a" className="CloudNotes.Tests.Domain.DomainTests, CloudNotes.Tests.Domain, Version=1.0.0.0, Culture=neutral, PublicKeyToken=null" name="AUserWithAnInvalidEmailIsInvalid" />
    </UnitTest>
    <UnitTest name="TaskListsServiceMethodCopyNoteShouldCopyANoteToAnotherTaskList" storage="d:\backup cloudnotes\cloudnotes\cloudnotes\cloudnotes.tests.domain.services\bin\debug\cloudnotes.tests.domain.services.dll" id="9ed0a60a-b93f-0f24-d30f-0b360564563b">
      <Execution id="294bbf49-b228-4702-a514-36ee16b14f3c" />
      <TestMethod codeBase="D:/Backup CloudNotes/CloudNotes/CloudNotes/CloudNotes.Tests.Domain.Services/bin/Debug/CloudNotes.Tests.Domain.Services.DLL" adapterTypeName="Microsoft.VisualStudio.TestTools.TestTypes.Unit.UnitTestAdapter, Microsoft.VisualStudio.QualityTools.Tips.UnitTest.Adapter, Version=10.0.0.0, Culture=neutral, PublicKeyToken=b03f5f7f11d50a3a" className="CloudNotes.Tests.Domain.Services.DomainServicesTests, CloudNotes.Tests.Domain.Services, Version=1.0.0.0, Culture=neutral, PublicKeyToken=null" name="TaskListsServiceMethodCopyNoteShouldCopyANoteToAnotherTaskList" />
    </UnitTest>
    <UnitTest name="NotesServiceMethodCreateShouldCreateANote" storage="d:\backup cloudnotes\cloudnotes\cloudnotes\cloudnotes.tests.domain.services\bin\debug\cloudnotes.tests.domain.services.dll" id="dd0adaa0-376e-15b3-c394-a4c648706582">
      <Execution id="e188dcaf-5456-4969-8ec6-cdd9f299027e" />
      <TestMethod codeBase="D:/Backup CloudNotes/CloudNotes/CloudNotes/CloudNotes.Tests.Domain.Services/bin/Debug/CloudNotes.Tests.Domain.Services.DLL" adapterTypeName="Microsoft.VisualStudio.TestTools.TestTypes.Unit.UnitTestAdapter, Microsoft.VisualStudio.QualityTools.Tips.UnitTest.Adapter, Version=10.0.0.0, Culture=neutral, PublicKeyToken=b03f5f7f11d50a3a" className="CloudNotes.Tests.Domain.Services.DomainServicesTests, CloudNotes.Tests.Domain.Services, Version=1.0.0.0, Culture=neutral, PublicKeyToken=null" name="NotesServiceMethodCreateShouldCreateANote" />
    </UnitTest>
    <UnitTest name="UsersRepositoryLoadNoteAssociatedUsersCallsLoadAndGetFromTheUnitOfWork" storage="d:\backup cloudnotes\cloudnotes\cloudnotes\cloudnotes.tests.repositories\bin\debug\cloudnotes.tests.repositories.dll" id="ef1c3110-4c34-5292-1f49-5834ef71e1bd">
      <Execution id="840442d0-54be-4984-8fc4-f010ab117243" />
      <TestMethod codeBase="D:/Backup CloudNotes/CloudNotes/CloudNotes/CloudNotes.Tests.Repositories/bin/Debug/CloudNotes.Tests.Repositories.DLL" adapterTypeName="Microsoft.VisualStudio.TestTools.TestTypes.Unit.UnitTestAdapter, Microsoft.VisualStudio.QualityTools.Tips.UnitTest.Adapter, Version=10.0.0.0, Culture=neutral, PublicKeyToken=b03f5f7f11d50a3a" className="CloudNotes.Tests.Repositories.RepositoriesTests, CloudNotes.Tests.Repositories, Version=1.0.0.0, Culture=neutral, PublicKeyToken=null" name="UsersRepositoryLoadNoteAssociatedUsersCallsLoadAndGetFromTheUnitOfWork" />
    </UnitTest>
    <UnitTest name="UsersServiceMethodLoadTaskListOwnerShouldLoadOwner" storage="d:\backup cloudnotes\cloudnotes\cloudnotes\cloudnotes.tests.domain.services\bin\debug\cloudnotes.tests.domain.services.dll" id="63b79998-d09c-e8f8-a40f-f31aca5bbc08">
      <Execution id="5395b75f-9110-4d90-81cd-16c1fa2e36e4" />
      <TestMethod codeBase="D:/Backup CloudNotes/CloudNotes/CloudNotes/CloudNotes.Tests.Domain.Services/bin/Debug/CloudNotes.Tests.Domain.Services.DLL" adapterTypeName="Microsoft.VisualStudio.TestTools.TestTypes.Unit.UnitTestAdapter, Microsoft.VisualStudio.QualityTools.Tips.UnitTest.Adapter, Version=10.0.0.0, Culture=neutral, PublicKeyToken=b03f5f7f11d50a3a" className="CloudNotes.Tests.Domain.Services.DomainServicesTests, CloudNotes.Tests.Domain.Services, Version=1.0.0.0, Culture=neutral, PublicKeyToken=null" name="UsersServiceMethodLoadTaskListOwnerShouldLoadOwner" />
    </UnitTest>
    <UnitTest name="NotesServiceMethodRemoveAssociatedUserShouldRemoveAnAssociatedUserToANote" storage="d:\backup cloudnotes\cloudnotes\cloudnotes\cloudnotes.tests.domain.services\bin\debug\cloudnotes.tests.domain.services.dll" id="5355b619-5c9d-5450-935c-ffa5b015a1e6">
      <Execution id="8cffa592-3b64-4d78-bc3f-547faf814922" />
      <TestMethod codeBase="D:/Backup CloudNotes/CloudNotes/CloudNotes/CloudNotes.Tests.Domain.Services/bin/Debug/CloudNotes.Tests.Domain.Services.DLL" adapterTypeName="Microsoft.VisualStudio.TestTools.TestTypes.Unit.UnitTestAdapter, Microsoft.VisualStudio.QualityTools.Tips.UnitTest.Adapter, Version=10.0.0.0, Culture=neutral, PublicKeyToken=b03f5f7f11d50a3a" className="CloudNotes.Tests.Domain.Services.DomainServicesTests, CloudNotes.Tests.Domain.Services, Version=1.0.0.0, Culture=neutral, PublicKeyToken=null" name="NotesServiceMethodRemoveAssociatedUserShouldRemoveAnAssociatedUserToANote" />
    </UnitTest>
    <UnitTest name="NotesServiceMethodGetShouldReturnANote" storage="d:\backup cloudnotes\cloudnotes\cloudnotes\cloudnotes.tests.domain.services\bin\debug\cloudnotes.tests.domain.services.dll" id="a52de280-ccb3-2f52-6566-1bbc9bfb4624">
      <Execution id="2c033cdd-40a7-42c5-a65a-41b935d50059" />
      <TestMethod codeBase="D:/Backup CloudNotes/CloudNotes/CloudNotes/CloudNotes.Tests.Domain.Services/bin/Debug/CloudNotes.Tests.Domain.Services.DLL" adapterTypeName="Microsoft.VisualStudio.TestTools.TestTypes.Unit.UnitTestAdapter, Microsoft.VisualStudio.QualityTools.Tips.UnitTest.Adapter, Version=10.0.0.0, Culture=neutral, PublicKeyToken=b03f5f7f11d50a3a" className="CloudNotes.Tests.Domain.Services.DomainServicesTests, CloudNotes.Tests.Domain.Services, Version=1.0.0.0, Culture=neutral, PublicKeyToken=null" name="NotesServiceMethodGetShouldReturnANote" />
    </UnitTest>
    <UnitTest name="UsersRepositoryGetOrAddCurrentUserCallsCreateFromTheUnitOfWorkForAExistingUser" storage="d:\backup cloudnotes\cloudnotes\cloudnotes\cloudnotes.tests.repositories\bin\debug\cloudnotes.tests.repositories.dll" id="6bd55437-121b-8162-8299-753e5d28b25f">
      <Execution id="d0b924e8-f91a-477a-ba5c-787ccdadc56c" />
      <TestMethod codeBase="D:/Backup CloudNotes/CloudNotes/CloudNotes/CloudNotes.Tests.Repositories/bin/Debug/CloudNotes.Tests.Repositories.DLL" adapterTypeName="Microsoft.VisualStudio.TestTools.TestTypes.Unit.UnitTestAdapter, Microsoft.VisualStudio.QualityTools.Tips.UnitTest.Adapter, Version=10.0.0.0, Culture=neutral, PublicKeyToken=b03f5f7f11d50a3a" className="CloudNotes.Tests.Repositories.RepositoriesTests, CloudNotes.Tests.Repositories, Version=1.0.0.0, Culture=neutral, PublicKeyToken=null" name="UsersRepositoryGetOrAddCurrentUserCallsCreateFromTheUnitOfWorkForAExistingUser" />
    </UnitTest>
    <UnitTest name="TaskListsServiceMethodUpdateShouldUpdateATaskList" storage="d:\backup cloudnotes\cloudnotes\cloudnotes\cloudnotes.tests.domain.services\bin\debug\cloudnotes.tests.domain.services.dll" id="317d83c6-7888-b2e3-18a3-1679d93597b9">
      <Execution id="0c9d47bb-a8de-4c5d-804d-7c9975c2abe6" />
      <TestMethod codeBase="D:/Backup CloudNotes/CloudNotes/CloudNotes/CloudNotes.Tests.Domain.Services/bin/Debug/CloudNotes.Tests.Domain.Services.DLL" adapterTypeName="Microsoft.VisualStudio.TestTools.TestTypes.Unit.UnitTestAdapter, Microsoft.VisualStudio.QualityTools.Tips.UnitTest.Adapter, Version=10.0.0.0, Culture=neutral, PublicKeyToken=b03f5f7f11d50a3a" className="CloudNotes.Tests.Domain.Services.DomainServicesTests, CloudNotes.Tests.Domain.Services, Version=1.0.0.0, Culture=neutral, PublicKeyToken=null" name="TaskListsServiceMethodUpdateShouldUpdateATaskList" />
    </UnitTest>
    <UnitTest name="TaskListsRepositoryRemoveAssociatedUserCallsDeleteFromTheUnitOfWork" storage="d:\backup cloudnotes\cloudnotes\cloudnotes\cloudnotes.tests.repositories\bin\debug\cloudnotes.tests.repositories.dll" id="dfdc3834-29fd-d2b9-f117-af51569e4df6">
      <Execution id="84c5bf51-e7ba-42c1-8010-3d778e3bf04c" />
      <TestMethod codeBase="D:/Backup CloudNotes/CloudNotes/CloudNotes/CloudNotes.Tests.Repositories/bin/Debug/CloudNotes.Tests.Repositories.DLL" adapterTypeName="Microsoft.VisualStudio.TestTools.TestTypes.Unit.UnitTestAdapter, Microsoft.VisualStudio.QualityTools.Tips.UnitTest.Adapter, Version=10.0.0.0, Culture=neutral, PublicKeyToken=b03f5f7f11d50a3a" className="CloudNotes.Tests.Repositories.RepositoriesTests, CloudNotes.Tests.Repositories, Version=1.0.0.0, Culture=neutral, PublicKeyToken=null" name="TaskListsRepositoryRemoveAssociatedUserCallsDeleteFromTheUnitOfWork" />
    </UnitTest>
    <UnitTest name="TaskListsServiceMethodCreateShouldCreateATaskList" storage="d:\backup cloudnotes\cloudnotes\cloudnotes\cloudnotes.tests.domain.services\bin\debug\cloudnotes.tests.domain.services.dll" id="fe3768ee-5ae4-68d3-ca82-4c54def2a86c">
      <Execution id="5683883f-d343-4998-bc4b-1721426ccddd" />
      <TestMethod codeBase="D:/Backup CloudNotes/CloudNotes/CloudNotes/CloudNotes.Tests.Domain.Services/bin/Debug/CloudNotes.Tests.Domain.Services.DLL" adapterTypeName="Microsoft.VisualStudio.TestTools.TestTypes.Unit.UnitTestAdapter, Microsoft.VisualStudio.QualityTools.Tips.UnitTest.Adapter, Version=10.0.0.0, Culture=neutral, PublicKeyToken=b03f5f7f11d50a3a" className="CloudNotes.Tests.Domain.Services.DomainServicesTests, CloudNotes.Tests.Domain.Services, Version=1.0.0.0, Culture=neutral, PublicKeyToken=null" name="TaskListsServiceMethodCreateShouldCreateATaskList" />
    </UnitTest>
    <UnitTest name="NotesRepositoryCreateCallsCreateFromTheUnitOfWork" storage="d:\backup cloudnotes\cloudnotes\cloudnotes\cloudnotes.tests.repositories\bin\debug\cloudnotes.tests.repositories.dll" id="b3e5450c-7394-e772-4c0f-83c0f0cc9085">
      <Execution id="bf9d3f2b-c6fa-482c-9670-8045a992c1c6" />
      <TestMethod codeBase="D:/Backup CloudNotes/CloudNotes/CloudNotes/CloudNotes.Tests.Repositories/bin/Debug/CloudNotes.Tests.Repositories.DLL" adapterTypeName="Microsoft.VisualStudio.TestTools.TestTypes.Unit.UnitTestAdapter, Microsoft.VisualStudio.QualityTools.Tips.UnitTest.Adapter, Version=10.0.0.0, Culture=neutral, PublicKeyToken=b03f5f7f11d50a3a" className="CloudNotes.Tests.Repositories.RepositoriesTests, CloudNotes.Tests.Repositories, Version=1.0.0.0, Culture=neutral, PublicKeyToken=null" name="NotesRepositoryCreateCallsCreateFromTheUnitOfWork" />
    </UnitTest>
    <UnitTest name="UsersServiceMethodGetShouldReturnAUser" storage="d:\backup cloudnotes\cloudnotes\cloudnotes\cloudnotes.tests.domain.services\bin\debug\cloudnotes.tests.domain.services.dll" id="116d3050-b942-e948-ad6f-065e0037c531">
      <Execution id="9e57c39e-02aa-487f-a742-4025ad98255d" />
      <TestMethod codeBase="D:/Backup CloudNotes/CloudNotes/CloudNotes/CloudNotes.Tests.Domain.Services/bin/Debug/CloudNotes.Tests.Domain.Services.DLL" adapterTypeName="Microsoft.VisualStudio.TestTools.TestTypes.Unit.UnitTestAdapter, Microsoft.VisualStudio.QualityTools.Tips.UnitTest.Adapter, Version=10.0.0.0, Culture=neutral, PublicKeyToken=b03f5f7f11d50a3a" className="CloudNotes.Tests.Domain.Services.DomainServicesTests, CloudNotes.Tests.Domain.Services, Version=1.0.0.0, Culture=neutral, PublicKeyToken=null" name="UsersServiceMethodGetShouldReturnAUser" />
    </UnitTest>
    <UnitTest name="NotesServiceMethodAddAssociatedUserShouldAssociateAUserToANote" storage="d:\backup cloudnotes\cloudnotes\cloudnotes\cloudnotes.tests.domain.services\bin\debug\cloudnotes.tests.domain.services.dll" id="84cc041c-2bc4-899d-daf7-c6fb7faf1bff">
      <Execution id="ca1b73fd-3ede-4138-8dab-b928284b75ae" />
      <TestMethod codeBase="D:/Backup CloudNotes/CloudNotes/CloudNotes/CloudNotes.Tests.Domain.Services/bin/Debug/CloudNotes.Tests.Domain.Services.DLL" adapterTypeName="Microsoft.VisualStudio.TestTools.TestTypes.Unit.UnitTestAdapter, Microsoft.VisualStudio.QualityTools.Tips.UnitTest.Adapter, Version=10.0.0.0, Culture=neutral, PublicKeyToken=b03f5f7f11d50a3a" className="CloudNotes.Tests.Domain.Services.DomainServicesTests, CloudNotes.Tests.Domain.Services, Version=1.0.0.0, Culture=neutral, PublicKeyToken=null" name="NotesServiceMethodAddAssociatedUserShouldAssociateAUserToANote" />
    </UnitTest>
    <UnitTest name="AUserWithAValidEmailIsValid" storage="d:\backup cloudnotes\cloudnotes\cloudnotes\cloudnotes.tests.domain\bin\debug\cloudnotes.tests.domain.dll" id="7d09f543-4324-80a8-54ae-156dcda31038">
      <Execution id="81c9bed0-8c41-4ab7-a7f6-949129cb528e" />
      <TestMethod codeBase="D:/Backup CloudNotes/CloudNotes/CloudNotes/CloudNotes.Tests.Domain/bin/Debug/CloudNotes.Tests.Domain.DLL" adapterTypeName="Microsoft.VisualStudio.TestTools.TestTypes.Unit.UnitTestAdapter, Microsoft.VisualStudio.QualityTools.Tips.UnitTest.Adapter, Version=10.0.0.0, Culture=neutral, PublicKeyToken=b03f5f7f11d50a3a" className="CloudNotes.Tests.Domain.DomainTests, CloudNotes.Tests.Domain, Version=1.0.0.0, Culture=neutral, PublicKeyToken=null" name="AUserWithAValidEmailIsValid" />
    </UnitTest>
    <UnitTest name="UsersRepositoryGetCallsGetFromTheUnitOfWorkAndReturnsNullForANonExistentUser" storage="d:\backup cloudnotes\cloudnotes\cloudnotes\cloudnotes.tests.repositories\bin\debug\cloudnotes.tests.repositories.dll" id="4fbd54c0-4451-fe98-dff9-1cef8b64adf4">
      <Execution id="f8a8b439-b687-4cdb-a7ba-89447ab173ce" />
      <TestMethod codeBase="D:/Backup CloudNotes/CloudNotes/CloudNotes/CloudNotes.Tests.Repositories/bin/Debug/CloudNotes.Tests.Repositories.DLL" adapterTypeName="Microsoft.VisualStudio.TestTools.TestTypes.Unit.UnitTestAdapter, Microsoft.VisualStudio.QualityTools.Tips.UnitTest.Adapter, Version=10.0.0.0, Culture=neutral, PublicKeyToken=b03f5f7f11d50a3a" className="CloudNotes.Tests.Repositories.RepositoriesTests, CloudNotes.Tests.Repositories, Version=1.0.0.0, Culture=neutral, PublicKeyToken=null" name="UsersRepositoryGetCallsGetFromTheUnitOfWorkAndReturnsNullForANonExistentUser" />
    </UnitTest>
    <UnitTest name="UsersRepositoryGetCallsGetFromTheUnitOfWorkAndReturnsAExistentUser" storage="d:\backup cloudnotes\cloudnotes\cloudnotes\cloudnotes.tests.repositories\bin\debug\cloudnotes.tests.repositories.dll" id="8a0a7e76-5c0a-742c-5e83-b195850f7e6f">
      <Execution id="a1312eb4-fba9-4fcb-b75a-51380eb96431" />
      <TestMethod codeBase="D:/Backup CloudNotes/CloudNotes/CloudNotes/CloudNotes.Tests.Repositories/bin/Debug/CloudNotes.Tests.Repositories.DLL" adapterTypeName="Microsoft.VisualStudio.TestTools.TestTypes.Unit.UnitTestAdapter, Microsoft.VisualStudio.QualityTools.Tips.UnitTest.Adapter, Version=10.0.0.0, Culture=neutral, PublicKeyToken=b03f5f7f11d50a3a" className="CloudNotes.Tests.Repositories.RepositoriesTests, CloudNotes.Tests.Repositories, Version=1.0.0.0, Culture=neutral, PublicKeyToken=null" name="UsersRepositoryGetCallsGetFromTheUnitOfWorkAndReturnsAExistentUser" />
    </UnitTest>
    <UnitTest name="NotesRepositoryAddAssociatedUserCallsCreateFromTheUnitOfWork" storage="d:\backup cloudnotes\cloudnotes\cloudnotes\cloudnotes.tests.repositories\bin\debug\cloudnotes.tests.repositories.dll" id="3b9c6de0-a473-1a73-7d2e-1e57d6b2e233">
      <Execution id="56e6401f-0f25-4403-a3d0-264b1a3f8839" />
      <TestMethod codeBase="D:/Backup CloudNotes/CloudNotes/CloudNotes/CloudNotes.Tests.Repositories/bin/Debug/CloudNotes.Tests.Repositories.DLL" adapterTypeName="Microsoft.VisualStudio.TestTools.TestTypes.Unit.UnitTestAdapter, Microsoft.VisualStudio.QualityTools.Tips.UnitTest.Adapter, Version=10.0.0.0, Culture=neutral, PublicKeyToken=b03f5f7f11d50a3a" className="CloudNotes.Tests.Repositories.RepositoriesTests, CloudNotes.Tests.Repositories, Version=1.0.0.0, Culture=neutral, PublicKeyToken=null" name="NotesRepositoryAddAssociatedUserCallsCreateFromTheUnitOfWork" />
    </UnitTest>
    <UnitTest name="TaskListsRepositoryCreateCallsCreateFromTheUnitOfWork" storage="d:\backup cloudnotes\cloudnotes\cloudnotes\cloudnotes.tests.repositories\bin\debug\cloudnotes.tests.repositories.dll" id="ec87722f-5e26-0cec-83f4-80b4bb3d3df5">
      <Execution id="8990d015-9551-421c-95d8-8650570ff7fe" />
      <TestMethod codeBase="D:/Backup CloudNotes/CloudNotes/CloudNotes/CloudNotes.Tests.Repositories/bin/Debug/CloudNotes.Tests.Repositories.DLL" adapterTypeName="Microsoft.VisualStudio.TestTools.TestTypes.Unit.UnitTestAdapter, Microsoft.VisualStudio.QualityTools.Tips.UnitTest.Adapter, Version=10.0.0.0, Culture=neutral, PublicKeyToken=b03f5f7f11d50a3a" className="CloudNotes.Tests.Repositories.RepositoriesTests, CloudNotes.Tests.Repositories, Version=1.0.0.0, Culture=neutral, PublicKeyToken=null" name="TaskListsRepositoryCreateCallsCreateFromTheUnitOfWork" />
    </UnitTest>
    <UnitTest name="UsersRepositoryDeleteCallsDeleteFromTheUnitOfWork" storage="d:\backup cloudnotes\cloudnotes\cloudnotes\cloudnotes.tests.repositories\bin\debug\cloudnotes.tests.repositories.dll" id="1a6e3131-7b28-7bfb-ebe5-62afff858b9e">
      <Execution id="508346fa-2bad-45c6-b71a-cb88998693e6" />
      <TestMethod codeBase="D:/Backup CloudNotes/CloudNotes/CloudNotes/CloudNotes.Tests.Repositories/bin/Debug/CloudNotes.Tests.Repositories.DLL" adapterTypeName="Microsoft.VisualStudio.TestTools.TestTypes.Unit.UnitTestAdapter, Microsoft.VisualStudio.QualityTools.Tips.UnitTest.Adapter, Version=10.0.0.0, Culture=neutral, PublicKeyToken=b03f5f7f11d50a3a" className="CloudNotes.Tests.Repositories.RepositoriesTests, CloudNotes.Tests.Repositories, Version=1.0.0.0, Culture=neutral, PublicKeyToken=null" name="UsersRepositoryDeleteCallsDeleteFromTheUnitOfWork" />
    </UnitTest>
    <UnitTest name="UsersServiceMethodLoadTaskListAssociatedUsersShouldLoadAssociatedUsers" storage="d:\backup cloudnotes\cloudnotes\cloudnotes\cloudnotes.tests.domain.services\bin\debug\cloudnotes.tests.domain.services.dll" id="2997d7f8-4a15-bd71-7af3-0e407fe67d93">
      <Execution id="85604f4a-d78c-4cd0-b242-b6a4c548161d" />
      <TestMethod codeBase="D:/Backup CloudNotes/CloudNotes/CloudNotes/CloudNotes.Tests.Domain.Services/bin/Debug/CloudNotes.Tests.Domain.Services.DLL" adapterTypeName="Microsoft.VisualStudio.TestTools.TestTypes.Unit.UnitTestAdapter, Microsoft.VisualStudio.QualityTools.Tips.UnitTest.Adapter, Version=10.0.0.0, Culture=neutral, PublicKeyToken=b03f5f7f11d50a3a" className="CloudNotes.Tests.Domain.Services.DomainServicesTests, CloudNotes.Tests.Domain.Services, Version=1.0.0.0, Culture=neutral, PublicKeyToken=null" name="UsersServiceMethodLoadTaskListAssociatedUsersShouldLoadAssociatedUsers" />
    </UnitTest>
    <UnitTest name="TaskListsRepositoryGetTaskListsAssociatedByUserCallsLoadFromTheUnitOfWork" storage="d:\backup cloudnotes\cloudnotes\cloudnotes\cloudnotes.tests.repositories\bin\debug\cloudnotes.tests.repositories.dll" id="d75128d4-6a55-50ef-f1df-23ee085f1d6c">
      <Execution id="1d2dabed-5e17-49e0-9852-eb637c2ab4bd" />
      <TestMethod codeBase="D:/Backup CloudNotes/CloudNotes/CloudNotes/CloudNotes.Tests.Repositories/bin/Debug/CloudNotes.Tests.Repositories.DLL" adapterTypeName="Microsoft.VisualStudio.TestTools.TestTypes.Unit.UnitTestAdapter, Microsoft.VisualStudio.QualityTools.Tips.UnitTest.Adapter, Version=10.0.0.0, Culture=neutral, PublicKeyToken=b03f5f7f11d50a3a" className="CloudNotes.Tests.Repositories.RepositoriesTests, CloudNotes.Tests.Repositories, Version=1.0.0.0, Culture=neutral, PublicKeyToken=null" name="TaskListsRepositoryGetTaskListsAssociatedByUserCallsLoadFromTheUnitOfWork" />
    </UnitTest>
    <UnitTest name="TaskListsServiceMethodGetTaskListsAssociatedByUserShouldAllTaskListsThatTheUserIsAssociated" storage="d:\backup cloudnotes\cloudnotes\cloudnotes\cloudnotes.tests.domain.services\bin\debug\cloudnotes.tests.domain.services.dll" id="cbab3c0d-af3c-bafe-f31c-bb6a72bac7e1">
      <Execution id="6e4bf59a-e61b-4ca2-a416-d1250e9e3f4e" />
      <TestMethod codeBase="D:/Backup CloudNotes/CloudNotes/CloudNotes/CloudNotes.Tests.Domain.Services/bin/Debug/CloudNotes.Tests.Domain.Services.DLL" adapterTypeName="Microsoft.VisualStudio.TestTools.TestTypes.Unit.UnitTestAdapter, Microsoft.VisualStudio.QualityTools.Tips.UnitTest.Adapter, Version=10.0.0.0, Culture=neutral, PublicKeyToken=b03f5f7f11d50a3a" className="CloudNotes.Tests.Domain.Services.DomainServicesTests, CloudNotes.Tests.Domain.Services, Version=1.0.0.0, Culture=neutral, PublicKeyToken=null" name="TaskListsServiceMethodGetTaskListsAssociatedByUserShouldAllTaskListsThatTheUserIsAssociated" />
    </UnitTest>
    <UnitTest name="UsersRepositoryLoadTaskListAssociatedUsersCallsLoadAndGetFromTheUnitOfWork" storage="d:\backup cloudnotes\cloudnotes\cloudnotes\cloudnotes.tests.repositories\bin\debug\cloudnotes.tests.repositories.dll" id="34307c16-295e-e803-42c0-fc1c9dc9e42e">
      <Execution id="98bf2ff2-26e7-4c7e-8425-5c12fc600690" />
      <TestMethod codeBase="D:/Backup CloudNotes/CloudNotes/CloudNotes/CloudNotes.Tests.Repositories/bin/Debug/CloudNotes.Tests.Repositories.DLL" adapterTypeName="Microsoft.VisualStudio.TestTools.TestTypes.Unit.UnitTestAdapter, Microsoft.VisualStudio.QualityTools.Tips.UnitTest.Adapter, Version=10.0.0.0, Culture=neutral, PublicKeyToken=b03f5f7f11d50a3a" className="CloudNotes.Tests.Repositories.RepositoriesTests, CloudNotes.Tests.Repositories, Version=1.0.0.0, Culture=neutral, PublicKeyToken=null" name="UsersRepositoryLoadTaskListAssociatedUsersCallsLoadAndGetFromTheUnitOfWork" />
    </UnitTest>
    <UnitTest name="TaskListsServiceMethodGetShouldReturnATaskList" storage="d:\backup cloudnotes\cloudnotes\cloudnotes\cloudnotes.tests.domain.services\bin\debug\cloudnotes.tests.domain.services.dll" id="a32946f4-9589-613f-fb54-5c9eee9a4876">
      <Execution id="7be7e3cd-0496-4dcd-a1a4-3f84551fb0d1" />
      <TestMethod codeBase="D:/Backup CloudNotes/CloudNotes/CloudNotes/CloudNotes.Tests.Domain.Services/bin/Debug/CloudNotes.Tests.Domain.Services.DLL" adapterTypeName="Microsoft.VisualStudio.TestTools.TestTypes.Unit.UnitTestAdapter, Microsoft.VisualStudio.QualityTools.Tips.UnitTest.Adapter, Version=10.0.0.0, Culture=neutral, PublicKeyToken=b03f5f7f11d50a3a" className="CloudNotes.Tests.Domain.Services.DomainServicesTests, CloudNotes.Tests.Domain.Services, Version=1.0.0.0, Culture=neutral, PublicKeyToken=null" name="TaskListsServiceMethodGetShouldReturnATaskList" />
    </UnitTest>
  </TestDefinitions>
  <TestLists>
    <TestList name="Results Not in a List" id="8c84fa94-04c1-424b-9868-57a2d4851a1d" />
    <TestList name="All Loaded Results" id="19431567-8539-422a-85d7-44ee4e166bda" />
  </TestLists>
  <TestEntries>
    <TestEntry testId="00d57f25-d21b-e712-e7ff-b98a3d6f01aa" executionId="0e73141f-abfa-4d43-800e-66a0cbaf8d76" testListId="8c84fa94-04c1-424b-9868-57a2d4851a1d" />
    <TestEntry testId="04f5ff1c-b8db-538c-4d6c-35fba410e0c0" executionId="6915d147-4d8b-435d-8038-3f659cea1074" testListId="8c84fa94-04c1-424b-9868-57a2d4851a1d" />
    <TestEntry testId="056d197d-5465-2401-dfce-dc6952b820a5" executionId="7949cd43-7380-4adb-b773-48da55039dff" testListId="8c84fa94-04c1-424b-9868-57a2d4851a1d" />
    <TestEntry testId="07851a54-f9f2-0370-ef52-acf62480dca3" executionId="c8ee9e70-4bc0-4dc6-8f8f-f190af5dc49e" testListId="8c84fa94-04c1-424b-9868-57a2d4851a1d" />
    <TestEntry testId="087d9898-edea-6433-a4ef-23fb3738fd61" executionId="446d3a0e-fe00-4605-93b2-db86c39a5b15" testListId="8c84fa94-04c1-424b-9868-57a2d4851a1d" />
    <TestEntry testId="0a706ea0-58bc-0095-f59b-db8b9bd3e9c1" executionId="185e5495-6918-4cbf-8a14-37a095b5caf1" testListId="8c84fa94-04c1-424b-9868-57a2d4851a1d" />
    <TestEntry testId="0ce8d206-0c8a-8c5e-6c07-1fff93fda8b9" executionId="aa503b21-9231-4144-aacd-2c7c3a92e183" testListId="8c84fa94-04c1-424b-9868-57a2d4851a1d" />
    <TestEntry testId="116d3050-b942-e948-ad6f-065e0037c531" executionId="9e57c39e-02aa-487f-a742-4025ad98255d" testListId="8c84fa94-04c1-424b-9868-57a2d4851a1d" />
    <TestEntry testId="14c0b5c2-e01e-d3c7-468e-9874da6b0406" executionId="83877829-f212-4102-9d39-651ac3153d63" testListId="8c84fa94-04c1-424b-9868-57a2d4851a1d" />
    <TestEntry testId="157b3a3d-66d6-d440-327f-479b45016df4" executionId="1f0d33b9-89e1-4a51-a46f-33d680d7e610" testListId="8c84fa94-04c1-424b-9868-57a2d4851a1d" />
    <TestEntry testId="17943233-8015-a282-b442-243916829980" executionId="046bcfef-5d57-4ced-bb15-8385df92db09" testListId="8c84fa94-04c1-424b-9868-57a2d4851a1d" />
    <TestEntry testId="1a6e3131-7b28-7bfb-ebe5-62afff858b9e" executionId="508346fa-2bad-45c6-b71a-cb88998693e6" testListId="8c84fa94-04c1-424b-9868-57a2d4851a1d" />
    <TestEntry testId="2096f5a0-1903-5db2-2c40-833b3a14e68d" executionId="23592215-0e14-439a-ba80-c96913bbbcae" testListId="8c84fa94-04c1-424b-9868-57a2d4851a1d" />
    <TestEntry testId="23d50d4e-c7ad-15c6-58f2-b5a0b49d6762" executionId="7ced31b9-9247-4ce5-80c6-d455f81f093a" testListId="8c84fa94-04c1-424b-9868-57a2d4851a1d" />
    <TestEntry testId="243a3723-c759-1bdb-8565-43030030c8e3" executionId="4df2b113-a4f2-4873-aa87-f8d30b17a60f" testListId="8c84fa94-04c1-424b-9868-57a2d4851a1d" />
    <TestEntry testId="2997d7f8-4a15-bd71-7af3-0e407fe67d93" executionId="85604f4a-d78c-4cd0-b242-b6a4c548161d" testListId="8c84fa94-04c1-424b-9868-57a2d4851a1d" />
    <TestEntry testId="2f5b7326-d298-9d47-b2ba-6360bcb253cc" executionId="7d8b146b-6c70-4875-84aa-872016df02b8" testListId="8c84fa94-04c1-424b-9868-57a2d4851a1d" />
    <TestEntry testId="30e5be5e-a000-267a-e9b2-5e4a03aead97" executionId="0b93618c-06a9-4f51-a483-19b049250cfe" testListId="8c84fa94-04c1-424b-9868-57a2d4851a1d" />
    <TestEntry testId="317d83c6-7888-b2e3-18a3-1679d93597b9" executionId="0c9d47bb-a8de-4c5d-804d-7c9975c2abe6" testListId="8c84fa94-04c1-424b-9868-57a2d4851a1d" />
    <TestEntry testId="31c722d8-5747-84ab-dbe0-e3286ae27d8d" executionId="00626034-5ac4-46e8-aa17-3d18dbdad10e" testListId="8c84fa94-04c1-424b-9868-57a2d4851a1d" />
    <TestEntry testId="34307c16-295e-e803-42c0-fc1c9dc9e42e" executionId="98bf2ff2-26e7-4c7e-8425-5c12fc600690" testListId="8c84fa94-04c1-424b-9868-57a2d4851a1d" />
    <TestEntry testId="365c1765-601e-4cb5-c478-8e2a127ddfe7" executionId="c4468790-e313-421e-97e4-ad1739878487" testListId="8c84fa94-04c1-424b-9868-57a2d4851a1d" />
    <TestEntry testId="3b9c6de0-a473-1a73-7d2e-1e57d6b2e233" executionId="56e6401f-0f25-4403-a3d0-264b1a3f8839" testListId="8c84fa94-04c1-424b-9868-57a2d4851a1d" />
    <TestEntry testId="4fbd54c0-4451-fe98-dff9-1cef8b64adf4" executionId="f8a8b439-b687-4cdb-a7ba-89447ab173ce" testListId="8c84fa94-04c1-424b-9868-57a2d4851a1d" />
    <TestEntry testId="5080dcae-3d2d-eaf8-e4e4-76887a83afbb" executionId="5713f356-7ced-4503-86a3-e5b65d76ce3c" testListId="8c84fa94-04c1-424b-9868-57a2d4851a1d" />
    <TestEntry testId="50b417ca-3689-206a-8c68-f9bcef8257fb" executionId="c9f48d8c-e8fa-433e-bb64-c14f2058ef64" testListId="8c84fa94-04c1-424b-9868-57a2d4851a1d" />
    <TestEntry testId="51d63b6c-e217-1034-9362-a2f6bc6d8cdb" executionId="021a64d5-f46c-4940-8941-8f2de1be116a" testListId="8c84fa94-04c1-424b-9868-57a2d4851a1d" />
    <TestEntry testId="52a45ba1-11f0-22ef-214f-0d3c601ec67e" executionId="cd077b3b-d603-410f-96cf-70b36de4465b" testListId="8c84fa94-04c1-424b-9868-57a2d4851a1d" />
    <TestEntry testId="5355b619-5c9d-5450-935c-ffa5b015a1e6" executionId="8cffa592-3b64-4d78-bc3f-547faf814922" testListId="8c84fa94-04c1-424b-9868-57a2d4851a1d" />
    <TestEntry testId="5786b163-ef5c-e0c4-11da-ed5c7ebd591c" executionId="1a0cf003-bcb6-4d85-8caf-f399efa85300" testListId="8c84fa94-04c1-424b-9868-57a2d4851a1d" />
    <TestEntry testId="5c8c6d23-3d9d-14a6-d884-a87f65791e74" executionId="2eaa8ae1-77ce-4699-8a94-a1798dc9aca5" testListId="8c84fa94-04c1-424b-9868-57a2d4851a1d" />
    <TestEntry testId="63b79998-d09c-e8f8-a40f-f31aca5bbc08" executionId="5395b75f-9110-4d90-81cd-16c1fa2e36e4" testListId="8c84fa94-04c1-424b-9868-57a2d4851a1d" />
    <TestEntry testId="68595d26-57a1-321d-c72e-7ab1ba9f7821" executionId="51e1ac7d-dc21-4c02-9f54-f7e55bd4f3af" testListId="8c84fa94-04c1-424b-9868-57a2d4851a1d" />
    <TestEntry testId="6bd55437-121b-8162-8299-753e5d28b25f" executionId="d0b924e8-f91a-477a-ba5c-787ccdadc56c" testListId="8c84fa94-04c1-424b-9868-57a2d4851a1d" />
    <TestEntry testId="71f98d0e-df98-5602-5fd6-919d9101bb93" executionId="842d4ed2-b4eb-4a54-b428-d5332b1e0ffb" testListId="8c84fa94-04c1-424b-9868-57a2d4851a1d" />
    <TestEntry testId="7a009e26-62e5-1f69-5cdb-854dc672f6ae" executionId="bd19bf8d-ca3a-42cb-879d-61a50f349564" testListId="8c84fa94-04c1-424b-9868-57a2d4851a1d" />
    <TestEntry testId="7b077f22-22e9-49cd-daef-17e3a82a58b9" executionId="adf971a1-f430-40ae-b899-a3e35d6db603" testListId="8c84fa94-04c1-424b-9868-57a2d4851a1d" />
    <TestEntry testId="7d09f543-4324-80a8-54ae-156dcda31038" executionId="81c9bed0-8c41-4ab7-a7f6-949129cb528e" testListId="8c84fa94-04c1-424b-9868-57a2d4851a1d" />
    <TestEntry testId="7d1001da-6055-18e2-1484-260115b93ccf" executionId="9eceb349-df11-44e2-86c4-593302ae7f1e" testListId="8c84fa94-04c1-424b-9868-57a2d4851a1d" />
    <TestEntry testId="846215b7-3a17-549a-a8bb-e3c8573dbdf6" executionId="3163ddb3-38eb-4dc4-8337-0ba16511ebdd" testListId="8c84fa94-04c1-424b-9868-57a2d4851a1d" />
    <TestEntry testId="84cc041c-2bc4-899d-daf7-c6fb7faf1bff" executionId="ca1b73fd-3ede-4138-8dab-b928284b75ae" testListId="8c84fa94-04c1-424b-9868-57a2d4851a1d" />
    <TestEntry testId="852657b0-510e-88d6-c043-399bc17187ed" executionId="43611081-d7d9-4a59-829e-7c1fcdd6324a" testListId="8c84fa94-04c1-424b-9868-57a2d4851a1d" />
    <TestEntry testId="877a47e2-2cfb-b1ee-91f0-d5e62b3d3dfe" executionId="1fa80177-95c3-4f21-81cc-c470587bef62" testListId="8c84fa94-04c1-424b-9868-57a2d4851a1d" />
    <TestEntry testId="8a0a7e76-5c0a-742c-5e83-b195850f7e6f" executionId="a1312eb4-fba9-4fcb-b75a-51380eb96431" testListId="8c84fa94-04c1-424b-9868-57a2d4851a1d" />
    <TestEntry testId="8e102b5d-e958-b297-bb65-7f1f98f7fdce" executionId="afc3294a-b7cc-4351-a315-c515184d6f1e" testListId="8c84fa94-04c1-424b-9868-57a2d4851a1d" />
    <TestEntry testId="9d2851ab-0a27-838f-9557-7fe4eb9929c3" executionId="79f4b61a-ff7e-489a-b624-9a3da39d97ae" testListId="8c84fa94-04c1-424b-9868-57a2d4851a1d" />
    <TestEntry testId="9ed0a60a-b93f-0f24-d30f-0b360564563b" executionId="294bbf49-b228-4702-a514-36ee16b14f3c" testListId="8c84fa94-04c1-424b-9868-57a2d4851a1d" />
    <TestEntry testId="a30aa65e-8403-a864-3b85-edc17a9c432d" executionId="628e0944-56ab-4cb1-99ef-f9e2b70bd6b9" testListId="8c84fa94-04c1-424b-9868-57a2d4851a1d" />
    <TestEntry testId="a32946f4-9589-613f-fb54-5c9eee9a4876" executionId="7be7e3cd-0496-4dcd-a1a4-3f84551fb0d1" testListId="8c84fa94-04c1-424b-9868-57a2d4851a1d" />
    <TestEntry testId="a52de280-ccb3-2f52-6566-1bbc9bfb4624" executionId="2c033cdd-40a7-42c5-a65a-41b935d50059" testListId="8c84fa94-04c1-424b-9868-57a2d4851a1d" />
    <TestEntry testId="a53334ee-fa15-643f-ccd8-411cde2e57f8" executionId="b897789a-cada-49df-bcb1-d59645a009d7" testListId="8c84fa94-04c1-424b-9868-57a2d4851a1d" />
    <TestEntry testId="a68d91f7-6467-c9ba-3630-f5f8421f5b40" executionId="5fcb2292-5b8f-46ac-97c2-9062c71a0647" testListId="8c84fa94-04c1-424b-9868-57a2d4851a1d" />
    <TestEntry testId="a780d5d0-43e2-3171-7945-424274cf7cfb" executionId="1127cf1e-141e-4f91-9fd1-f2e56a5c26cd" testListId="8c84fa94-04c1-424b-9868-57a2d4851a1d" />
    <TestEntry testId="a92d683e-6db6-da08-1853-c0e53902a155" executionId="48743175-8173-4c05-be57-b9b0569f1da2" testListId="8c84fa94-04c1-424b-9868-57a2d4851a1d" />
    <TestEntry testId="acfeaeee-602e-5259-5fae-51e3dc843fa1" executionId="c54a1b2d-1cab-4f38-83ce-22653f36b3cd" testListId="8c84fa94-04c1-424b-9868-57a2d4851a1d" />
    <TestEntry testId="b006a81a-d00c-d8d1-93cd-32825cea222a" executionId="de582456-46d3-473d-a589-557d17964538" testListId="8c84fa94-04c1-424b-9868-57a2d4851a1d" />
    <TestEntry testId="b0f72c88-e8e6-d5ef-9b19-7fed7babeddb" executionId="19133a51-8d3b-420e-89c0-ac06f61b5b56" testListId="8c84fa94-04c1-424b-9868-57a2d4851a1d" />
    <TestEntry testId="b1a7abd8-8831-126c-749d-ed4bdc9d0f13" executionId="2e99e845-a8b0-4939-a51b-20ff41e3e217" testListId="8c84fa94-04c1-424b-9868-57a2d4851a1d" />
    <TestEntry testId="b3e5450c-7394-e772-4c0f-83c0f0cc9085" executionId="bf9d3f2b-c6fa-482c-9670-8045a992c1c6" testListId="8c84fa94-04c1-424b-9868-57a2d4851a1d" />
    <TestEntry testId="b69a9890-6d34-e521-794d-88f12a6f6738" executionId="7b11c92e-4867-460e-b6fa-fe19990fa712" testListId="8c84fa94-04c1-424b-9868-57a2d4851a1d" />
    <TestEntry testId="c14c078d-036a-ef14-90a0-c1d1a047c940" executionId="0c1b8285-6875-4fe0-b9a1-e697d3715908" testListId="8c84fa94-04c1-424b-9868-57a2d4851a1d" />
    <TestEntry testId="c6f6cc92-9905-881b-c432-bc390bf4fb00" executionId="b3869cfb-7848-4690-809f-b2313c69a766" testListId="8c84fa94-04c1-424b-9868-57a2d4851a1d" />
    <TestEntry testId="c95dec89-2022-14da-03fb-c071f5ad3029" executionId="87008ac5-afea-4274-8964-da13d47d4c9f" testListId="8c84fa94-04c1-424b-9868-57a2d4851a1d" />
    <TestEntry testId="cbab3c0d-af3c-bafe-f31c-bb6a72bac7e1" executionId="6e4bf59a-e61b-4ca2-a416-d1250e9e3f4e" testListId="8c84fa94-04c1-424b-9868-57a2d4851a1d" />
    <TestEntry testId="cbafef75-95ad-7658-1e1c-b55ffac68848" executionId="d4fd6743-7a46-4064-9a87-330fa0659f45" testListId="8c84fa94-04c1-424b-9868-57a2d4851a1d" />
    <TestEntry testId="d75128d4-6a55-50ef-f1df-23ee085f1d6c" executionId="1d2dabed-5e17-49e0-9852-eb637c2ab4bd" testListId="8c84fa94-04c1-424b-9868-57a2d4851a1d" />
    <TestEntry testId="da07899b-e0b9-f639-2145-62f05a55637a" executionId="cf42819f-d027-414f-b175-9bae89b6af7b" testListId="8c84fa94-04c1-424b-9868-57a2d4851a1d" />
    <TestEntry testId="dd0adaa0-376e-15b3-c394-a4c648706582" executionId="e188dcaf-5456-4969-8ec6-cdd9f299027e" testListId="8c84fa94-04c1-424b-9868-57a2d4851a1d" />
    <TestEntry testId="dfdc3834-29fd-d2b9-f117-af51569e4df6" executionId="84c5bf51-e7ba-42c1-8010-3d778e3bf04c" testListId="8c84fa94-04c1-424b-9868-57a2d4851a1d" />
    <TestEntry testId="e3d8badb-d961-d4d2-2fc7-38832d7198cd" executionId="46552968-9cf7-4b32-bd85-bf7559eef17d" testListId="8c84fa94-04c1-424b-9868-57a2d4851a1d" />
    <TestEntry testId="e814db0b-a976-414f-8c66-ad00681e848f" executionId="d72ea51d-c6ff-4b61-960b-7e5f9d7a06e3" testListId="8c84fa94-04c1-424b-9868-57a2d4851a1d" />
    <TestEntry testId="ec87722f-5e26-0cec-83f4-80b4bb3d3df5" executionId="8990d015-9551-421c-95d8-8650570ff7fe" testListId="8c84fa94-04c1-424b-9868-57a2d4851a1d" />
    <TestEntry testId="ef1c3110-4c34-5292-1f49-5834ef71e1bd" executionId="840442d0-54be-4984-8fc4-f010ab117243" testListId="8c84fa94-04c1-424b-9868-57a2d4851a1d" />
    <TestEntry testId="fe3768ee-5ae4-68d3-ca82-4c54def2a86c" executionId="5683883f-d343-4998-bc4b-1721426ccddd" testListId="8c84fa94-04c1-424b-9868-57a2d4851a1d" />
  </TestEntries>
  <Results>
    <UnitTestResult executionId="0e73141f-abfa-4d43-800e-66a0cbaf8d76" testId="00d57f25-d21b-e712-e7ff-b98a3d6f01aa" testName="ANoteWithAnAllWhitespaceContentIsInvalid" computerName="BLACKBEAUTY" duration="00:00:00.1168699" startTime="2012-07-21T22:09:48.8385118+01:00" endTime="2012-07-21T22:09:49.6315572+01:00" testType="13cdc9d9-ddb5-4fa4-a97d-d965ccfc6d4b" outcome="Passed" testListId="8c84fa94-04c1-424b-9868-57a2d4851a1d" relativeResultsDirectory="0e73141f-abfa-4d43-800e-66a0cbaf8d76">
    </UnitTestResult>
    <UnitTestResult executionId="6915d147-4d8b-435d-8038-3f659cea1074" testId="04f5ff1c-b8db-538c-4d6c-35fba410e0c0" testName="UsersServiceMethodLoadShouldReturnAllUsers" computerName="BLACKBEAUTY" duration="00:00:00.5525979" startTime="2012-07-21T22:09:49.6375575+01:00" endTime="2012-07-21T22:09:50.5086073+01:00" testType="13cdc9d9-ddb5-4fa4-a97d-d965ccfc6d4b" outcome="Passed" testListId="8c84fa94-04c1-424b-9868-57a2d4851a1d" relativeResultsDirectory="6915d147-4d8b-435d-8038-3f659cea1074">
    </UnitTestResult>
    <UnitTestResult executionId="7949cd43-7380-4adb-b773-48da55039dff" testId="056d197d-5465-2401-dfce-dc6952b820a5" testName="UsersServiceMethodGetOrAddCurrentUserShouldAddAndReturnAExistentUser" computerName="BLACKBEAUTY" duration="00:00:00.0363637" startTime="2012-07-21T22:09:50.5166078+01:00" endTime="2012-07-21T22:09:50.5586102+01:00" testType="13cdc9d9-ddb5-4fa4-a97d-d965ccfc6d4b" outcome="Passed" testListId="8c84fa94-04c1-424b-9868-57a2d4851a1d" relativeResultsDirectory="7949cd43-7380-4adb-b773-48da55039dff">
    </UnitTestResult>
    <UnitTestResult executionId="c8ee9e70-4bc0-4dc6-8f8f-f190af5dc49e" testId="07851a54-f9f2-0370-ef52-acf62480dca3" testName="ANoteWithAnAllWhitespaceTittleIsInvalid" computerName="BLACKBEAUTY" duration="00:00:00.0004009" startTime="2012-07-21T22:09:50.5606103+01:00" endTime="2012-07-21T22:09:50.5656106+01:00" testType="13cdc9d9-ddb5-4fa4-a97d-d965ccfc6d4b" outcome="Passed" testListId="8c84fa94-04c1-424b-9868-57a2d4851a1d" relativeResultsDirectory="c8ee9e70-4bc0-4dc6-8f8f-f190af5dc49e">
    </UnitTestResult>
    <UnitTestResult executionId="446d3a0e-fe00-4605-93b2-db86c39a5b15" testId="087d9898-edea-6433-a4ef-23fb3738fd61" testName="UsersRepositoryLoadTaskListOwnerCallsLoadAndGetFromTheUnitOfWork" computerName="BLACKBEAUTY" duration="00:00:00.3609421" startTime="2012-07-21T22:09:50.5686108+01:00" endTime="2012-07-21T22:09:51.2386491+01:00" testType="13cdc9d9-ddb5-4fa4-a97d-d965ccfc6d4b" outcome="Passed" testListId="8c84fa94-04c1-424b-9868-57a2d4851a1d" relativeResultsDirectory="446d3a0e-fe00-4605-93b2-db86c39a5b15">
    </UnitTestResult>
    <UnitTestResult executionId="185e5495-6918-4cbf-8a14-37a095b5caf1" testId="0a706ea0-58bc-0095-f59b-db8b9bd3e9c1" testName="UsersServiceMethodUpdateShouldUpdateAUser" computerName="BLACKBEAUTY" duration="00:00:00.0033112" startTime="2012-07-21T22:09:51.2406492+01:00" endTime="2012-07-21T22:09:51.2486497+01:00" testType="13cdc9d9-ddb5-4fa4-a97d-d965ccfc6d4b" outcome="Passed" testListId="8c84fa94-04c1-424b-9868-57a2d4851a1d" relativeResultsDirectory="185e5495-6918-4cbf-8a14-37a095b5caf1">
    </UnitTestResult>
    <UnitTestResult executionId="aa503b21-9231-4144-aacd-2c7c3a92e183" testId="0ce8d206-0c8a-8c5e-6c07-1fff93fda8b9" testName="ANoteWithATittleLongerThan20CharactersIsInvalid" computerName="BLACKBEAUTY" duration="00:00:00.0003689" startTime="2012-07-21T22:09:51.2506498+01:00" endTime="2012-07-21T22:09:51.2556501+01:00" testType="13cdc9d9-ddb5-4fa4-a97d-d965ccfc6d4b" outcome="Passed" testListId="8c84fa94-04c1-424b-9868-57a2d4851a1d" relativeResultsDirectory="aa503b21-9231-4144-aacd-2c7c3a92e183">
    </UnitTestResult>
    <UnitTestResult executionId="9e57c39e-02aa-487f-a742-4025ad98255d" testId="116d3050-b942-e948-ad6f-065e0037c531" testName="UsersServiceMethodGetShouldReturnAUser" computerName="BLACKBEAUTY" duration="00:00:00.0003919" startTime="2012-07-21T22:09:51.2576502+01:00" endTime="2012-07-21T22:09:51.2626505+01:00" testType="13cdc9d9-ddb5-4fa4-a97d-d965ccfc6d4b" outcome="Passed" testListId="8c84fa94-04c1-424b-9868-57a2d4851a1d" relativeResultsDirectory="9e57c39e-02aa-487f-a742-4025ad98255d">
    </UnitTestResult>
    <UnitTestResult executionId="83877829-f212-4102-9d39-651ac3153d63" testId="14c0b5c2-e01e-d3c7-468e-9874da6b0406" testName="ATaskListWithATittleLongerThan20CharactersIsInvalid" computerName="BLACKBEAUTY" duration="00:00:00.0041830" startTime="2012-07-21T22:09:51.2656506+01:00" endTime="2012-07-21T22:09:51.2746511+01:00" testType="13cdc9d9-ddb5-4fa4-a97d-d965ccfc6d4b" outcome="Passed" testListId="8c84fa94-04c1-424b-9868-57a2d4851a1d" relativeResultsDirectory="83877829-f212-4102-9d39-651ac3153d63">
    </UnitTestResult>
    <UnitTestResult executionId="1f0d33b9-89e1-4a51-a46f-33d680d7e610" testId="157b3a3d-66d6-d440-327f-479b45016df4" testName="ANoteWithAnEmptyTittleIsInvalid" computerName="BLACKBEAUTY" duration="00:00:00.0003851" startTime="2012-07-21T22:09:51.2766513+01:00" endTime="2012-07-21T22:09:51.2816515+01:00" testType="13cdc9d9-ddb5-4fa4-a97d-d965ccfc6d4b" outcome="Passed" testListId="8c84fa94-04c1-424b-9868-57a2d4851a1d" relativeResultsDirectory="1f0d33b9-89e1-4a51-a46f-33d680d7e610">
    </UnitTestResult>
    <UnitTestResult executionId="046bcfef-5d57-4ced-bb15-8385df92db09" testId="17943233-8015-a282-b442-243916829980" testName="NotesRepositoryLoadCallsLoadFromTheUnitOfWork" computerName="BLACKBEAUTY" duration="00:00:00.0142353" startTime="2012-07-21T22:09:51.2836517+01:00" endTime="2012-07-21T22:09:51.3026527+01:00" testType="13cdc9d9-ddb5-4fa4-a97d-d965ccfc6d4b" outcome="Passed" testListId="8c84fa94-04c1-424b-9868-57a2d4851a1d" relativeResultsDirectory="046bcfef-5d57-4ced-bb15-8385df92db09">
    </UnitTestResult>
    <UnitTestResult executionId="508346fa-2bad-45c6-b71a-cb88998693e6" testId="1a6e3131-7b28-7bfb-ebe5-62afff858b9e" testName="UsersRepositoryDeleteCallsDeleteFromTheUnitOfWork" computerName="BLACKBEAUTY" duration="00:00:00.0056418" startTime="2012-07-21T22:09:51.3056529+01:00" endTime="2012-07-21T22:09:51.3156535+01:00" testType="13cdc9d9-ddb5-4fa4-a97d-d965ccfc6d4b" outcome="Passed" testListId="8c84fa94-04c1-424b-9868-57a2d4851a1d" relativeResultsDirectory="508346fa-2bad-45c6-b71a-cb88998693e6">
    </UnitTestResult>
    <UnitTestResult executionId="23592215-0e14-439a-ba80-c96913bbbcae" testId="2096f5a0-1903-5db2-2c40-833b3a14e68d" testName="ANoteWithANullContainerListIsInvalid" computerName="BLACKBEAUTY" duration="00:00:00.0004815" startTime="2012-07-21T22:09:51.3186537+01:00" endTime="2012-07-21T22:09:51.3246540+01:00" testType="13cdc9d9-ddb5-4fa4-a97d-d965ccfc6d4b" outcome="Passed" testListId="8c84fa94-04c1-424b-9868-57a2d4851a1d" relativeResultsDirectory="23592215-0e14-439a-ba80-c96913bbbcae">
    </UnitTestResult>
    <UnitTestResult executionId="7ced31b9-9247-4ce5-80c6-d455f81f093a" testId="23d50d4e-c7ad-15c6-58f2-b5a0b49d6762" testName="TaskListsRepositoryLoadCallsLoadFromTheUnitOfWork" computerName="BLACKBEAUTY" duration="00:00:00.0085149" startTime="2012-07-21T22:09:51.3266541+01:00" endTime="2012-07-21T22:09:51.3396549+01:00" testType="13cdc9d9-ddb5-4fa4-a97d-d965ccfc6d4b" outcome="Passed" testListId="8c84fa94-04c1-424b-9868-57a2d4851a1d" relativeResultsDirectory="7ced31b9-9247-4ce5-80c6-d455f81f093a">
    </UnitTestResult>
    <UnitTestResult executionId="4df2b113-a4f2-4873-aa87-f8d30b17a60f" testId="243a3723-c759-1bdb-8565-43030030c8e3" testName="TaskListsRepositoryUpdateCallsUpdateFromTheUnitOfWork" computerName="BLACKBEAUTY" duration="00:00:00.0030757" startTime="2012-07-21T22:09:51.3426550+01:00" endTime="2012-07-21T22:09:51.3576559+01:00" testType="13cdc9d9-ddb5-4fa4-a97d-d965ccfc6d4b" outcome="Passed" testListId="8c84fa94-04c1-424b-9868-57a2d4851a1d" relativeResultsDirectory="4df2b113-a4f2-4873-aa87-f8d30b17a60f">
    </UnitTestResult>
    <UnitTestResult executionId="85604f4a-d78c-4cd0-b242-b6a4c548161d" testId="2997d7f8-4a15-bd71-7af3-0e407fe67d93" testName="UsersServiceMethodLoadTaskListAssociatedUsersShouldLoadAssociatedUsers" computerName="BLACKBEAUTY" duration="00:00:00.0031448" startTime="2012-07-21T22:09:51.3596560+01:00" endTime="2012-07-21T22:09:51.3676565+01:00" testType="13cdc9d9-ddb5-4fa4-a97d-d965ccfc6d4b" outcome="Passed" testListId="8c84fa94-04c1-424b-9868-57a2d4851a1d" relativeResultsDirectory="85604f4a-d78c-4cd0-b242-b6a4c548161d">
    </UnitTestResult>
    <UnitTestResult executionId="7d8b146b-6c70-4875-84aa-872016df02b8" testId="2f5b7326-d298-9d47-b2ba-6360bcb253cc" testName="UsersServiceMethodCreateShouldCreateAUser" computerName="BLACKBEAUTY" duration="00:00:00.0007805" startTime="2012-07-21T22:09:51.3706566+01:00" endTime="2012-07-21T22:09:51.3756569+01:00" testType="13cdc9d9-ddb5-4fa4-a97d-d965ccfc6d4b" outcome="Passed" testListId="8c84fa94-04c1-424b-9868-57a2d4851a1d" relativeResultsDirectory="7d8b146b-6c70-4875-84aa-872016df02b8">
    </UnitTestResult>
    <UnitTestResult executionId="0b93618c-06a9-4f51-a483-19b049250cfe" testId="30e5be5e-a000-267a-e9b2-5e4a03aead97" testName="NotesRepositoryDeleteCallsDeleteFromTheUnitOfWork" computerName="BLACKBEAUTY" duration="00:00:00.0190214" startTime="2012-07-21T22:09:51.3776570+01:00" endTime="2012-07-21T22:09:51.4016584+01:00" testType="13cdc9d9-ddb5-4fa4-a97d-d965ccfc6d4b" outcome="Passed" testListId="8c84fa94-04c1-424b-9868-57a2d4851a1d" relativeResultsDirectory="0b93618c-06a9-4f51-a483-19b049250cfe">
    </UnitTestResult>
    <UnitTestResult executionId="0c9d47bb-a8de-4c5d-804d-7c9975c2abe6" testId="317d83c6-7888-b2e3-18a3-1679d93597b9" testName="TaskListsServiceMethodUpdateShouldUpdateATaskList" computerName="BLACKBEAUTY" duration="00:00:00.0955160" startTime="2012-07-21T22:09:51.4046586+01:00" endTime="2012-07-21T22:09:52.2167050+01:00" testType="13cdc9d9-ddb5-4fa4-a97d-d965ccfc6d4b" outcome="Failed" testListId="8c84fa94-04c1-424b-9868-57a2d4851a1d" relativeResultsDirectory="0c9d47bb-a8de-4c5d-804d-7c9975c2abe6">
      <Output>
        <ErrorInfo>
          <Message>Test method CloudNotes.Tests.Domain.Services.DomainServicesTests.TaskListsServiceMethodUpdateShouldUpdateATaskList threw exception: 
System.InvalidOperationException: Sequence contains no matching element</Message>
          <StackTrace>    at System.Linq.Enumerable.First[TSource](IEnumerable`1 source, Func`2 predicate)
   at CloudNotes.Tests.Domain.Services.Memory.TaskListsMemoryRepository.Update(TaskList entityToUpdate) in D:\Backup CloudNotes\CloudNotes\CloudNotes\CloudNotes.Tests.Domain.Services\Memory\TaskListsMemoryRepository.cs:line 75
   at CloudNotes.Domain.Services.Implementation.TaskListsService.Update(TaskList entityToUpdate) in D:\Backup CloudNotes\CloudNotes\CloudNotes\CloudNotes.Domain.Services\Implementation\TaskListsService.cs:line 50
   at CloudNotes.Tests.Domain.Services.DomainServicesTests.TaskListsServiceMethodUpdateShouldUpdateATaskList() in D:\Backup CloudNotes\CloudNotes\CloudNotes\CloudNotes.Tests.Domain.Services\DomainServicesTests.cs:line 206
</StackTrace>
        </ErrorInfo>
      </Output>
      <CollectorDataEntries>
        <Collector agentName="BLACKBEAUTY" uri="datacollector://microsoft/TraceDebugger/1.0" collectorDisplayName="IntelliTrace">
          <UriAttachments>
            <UriAttachment>
              <A href="BLACKBEAUTY\QTAgent32_120721_220951504_6396.iTrace">IntelliTrace file for 'QTAgent32.exe' (6396)</A>
            </UriAttachment>
          </UriAttachments>
        </Collector>
      </CollectorDataEntries>
    </UnitTestResult>
    <UnitTestResult executionId="00626034-5ac4-46e8-aa17-3d18dbdad10e" testId="31c722d8-5747-84ab-dbe0-e3286ae27d8d" testName="UsersRepositoryLoadCallsLoadFromTheUnitOfWork" computerName="BLACKBEAUTY" duration="00:00:00.0119669" startTime="2012-07-21T22:09:52.2447066+01:00" endTime="2012-07-21T22:09:52.2637077+01:00" testType="13cdc9d9-ddb5-4fa4-a97d-d965ccfc6d4b" outcome="Passed" testListId="8c84fa94-04c1-424b-9868-57a2d4851a1d" relativeResultsDirectory="00626034-5ac4-46e8-aa17-3d18dbdad10e">
    </UnitTestResult>
    <UnitTestResult executionId="98bf2ff2-26e7-4c7e-8425-5c12fc600690" testId="34307c16-295e-e803-42c0-fc1c9dc9e42e" testName="UsersRepositoryLoadTaskListAssociatedUsersCallsLoadAndGetFromTheUnitOfWork" computerName="BLACKBEAUTY" duration="00:00:00.0253257" startTime="2012-07-21T22:09:52.2657078+01:00" endTime="2012-07-21T22:09:52.2967096+01:00" testType="13cdc9d9-ddb5-4fa4-a97d-d965ccfc6d4b" outcome="Passed" testListId="8c84fa94-04c1-424b-9868-57a2d4851a1d" relativeResultsDirectory="98bf2ff2-26e7-4c7e-8425-5c12fc600690">
    </UnitTestResult>
    <UnitTestResult executionId="c4468790-e313-421e-97e4-ad1739878487" testId="365c1765-601e-4cb5-c478-8e2a127ddfe7" testName="TaskListsServiceMethodAddAssociatedUserShouldAssociateAUserToATaskList" computerName="BLACKBEAUTY" duration="00:00:00.0019117" startTime="2012-07-21T22:09:52.2997098+01:00" endTime="2012-07-21T22:09:52.3067102+01:00" testType="13cdc9d9-ddb5-4fa4-a97d-d965ccfc6d4b" outcome="Passed" testListId="8c84fa94-04c1-424b-9868-57a2d4851a1d" relativeResultsDirectory="c4468790-e313-421e-97e4-ad1739878487">
    </UnitTestResult>
    <UnitTestResult executionId="56e6401f-0f25-4403-a3d0-264b1a3f8839" testId="3b9c6de0-a473-1a73-7d2e-1e57d6b2e233" testName="NotesRepositoryAddAssociatedUserCallsCreateFromTheUnitOfWork" computerName="BLACKBEAUTY" duration="00:00:00.0028518" startTime="2012-07-21T22:09:52.3097103+01:00" endTime="2012-07-21T22:09:52.3237111+01:00" testType="13cdc9d9-ddb5-4fa4-a97d-d965ccfc6d4b" outcome="Passed" testListId="8c84fa94-04c1-424b-9868-57a2d4851a1d" relativeResultsDirectory="56e6401f-0f25-4403-a3d0-264b1a3f8839">
    </UnitTestResult>
    <UnitTestResult executionId="f8a8b439-b687-4cdb-a7ba-89447ab173ce" testId="4fbd54c0-4451-fe98-dff9-1cef8b64adf4" testName="UsersRepositoryGetCallsGetFromTheUnitOfWorkAndReturnsNullForANonExistentUser" computerName="BLACKBEAUTY" duration="00:00:00.0028113" startTime="2012-07-21T22:09:52.3267113+01:00" endTime="2012-07-21T22:09:52.3337117+01:00" testType="13cdc9d9-ddb5-4fa4-a97d-d965ccfc6d4b" outcome="Passed" testListId="8c84fa94-04c1-424b-9868-57a2d4851a1d" relativeResultsDirectory="f8a8b439-b687-4cdb-a7ba-89447ab173ce">
    </UnitTestResult>
    <UnitTestResult executionId="5713f356-7ced-4503-86a3-e5b65d76ce3c" testId="5080dcae-3d2d-eaf8-e4e4-76887a83afbb" testName="NotesRepositoryGetCallsGetFromTheUnitOfWorkAndReturnsAExistentNote" computerName="BLACKBEAUTY" duration="00:00:00.0038179" startTime="2012-07-21T22:09:52.3367119+01:00" endTime="2012-07-21T22:09:52.3457124+01:00" testType="13cdc9d9-ddb5-4fa4-a97d-d965ccfc6d4b" outcome="Passed" testListId="8c84fa94-04c1-424b-9868-57a2d4851a1d" relativeResultsDirectory="5713f356-7ced-4503-86a3-e5b65d76ce3c">
    </UnitTestResult>
    <UnitTestResult executionId="c9f48d8c-e8fa-433e-bb64-c14f2058ef64" testId="50b417ca-3689-206a-8c68-f9bcef8257fb" testName="UsersServiceMethodLoadNoteAssociatedUsersShouldLoadAssociatedUsers" computerName="BLACKBEAUTY" duration="00:00:00.0030702" startTime="2012-07-21T22:09:52.3487126+01:00" endTime="2012-07-21T22:09:52.3567130+01:00" testType="13cdc9d9-ddb5-4fa4-a97d-d965ccfc6d4b" outcome="Passed" testListId="8c84fa94-04c1-424b-9868-57a2d4851a1d" relativeResultsDirectory="c9f48d8c-e8fa-433e-bb64-c14f2058ef64">
    </UnitTestResult>
    <UnitTestResult executionId="021a64d5-f46c-4940-8941-8f2de1be116a" testId="51d63b6c-e217-1034-9362-a2f6bc6d8cdb" testName="NotesServiceMethodDeleteShouldDeleteANote" computerName="BLACKBEAUTY" duration="00:00:00.0046360" startTime="2012-07-21T22:09:52.3587132+01:00" endTime="2012-07-21T22:09:52.3687137+01:00" testType="13cdc9d9-ddb5-4fa4-a97d-d965ccfc6d4b" outcome="Passed" testListId="8c84fa94-04c1-424b-9868-57a2d4851a1d" relativeResultsDirectory="021a64d5-f46c-4940-8941-8f2de1be116a">
    </UnitTestResult>
    <UnitTestResult executionId="cd077b3b-d603-410f-96cf-70b36de4465b" testId="52a45ba1-11f0-22ef-214f-0d3c601ec67e" testName="TaskListsServiceMethodRemoveAssociatedUserShouldRemoveAnAssociatedUserToATaskList" computerName="BLACKBEAUTY" duration="00:00:00.0028633" startTime="2012-07-21T22:09:52.3707138+01:00" endTime="2012-07-21T22:09:52.3787143+01:00" testType="13cdc9d9-ddb5-4fa4-a97d-d965ccfc6d4b" outcome="Passed" testListId="8c84fa94-04c1-424b-9868-57a2d4851a1d" relativeResultsDirectory="cd077b3b-d603-410f-96cf-70b36de4465b">
    </UnitTestResult>
    <UnitTestResult executionId="8cffa592-3b64-4d78-bc3f-547faf814922" testId="5355b619-5c9d-5450-935c-ffa5b015a1e6" testName="NotesServiceMethodRemoveAssociatedUserShouldRemoveAnAssociatedUserToANote" computerName="BLACKBEAUTY" duration="00:00:00.0013141" startTime="2012-07-21T22:09:52.3817145+01:00" endTime="2012-07-21T22:09:52.3887149+01:00" testType="13cdc9d9-ddb5-4fa4-a97d-d965ccfc6d4b" outcome="Passed" testListId="8c84fa94-04c1-424b-9868-57a2d4851a1d" relativeResultsDirectory="8cffa592-3b64-4d78-bc3f-547faf814922">
    </UnitTestResult>
    <UnitTestResult executionId="1a0cf003-bcb6-4d85-8caf-f399efa85300" testId="5786b163-ef5c-e0c4-11da-ed5c7ebd591c" testName="NotesServiceMethodUpdateShouldUpdateANote" computerName="BLACKBEAUTY" duration="00:00:00.0024065" startTime="2012-07-21T22:09:52.3927151+01:00" endTime="2012-07-21T22:09:52.3997155+01:00" testType="13cdc9d9-ddb5-4fa4-a97d-d965ccfc6d4b" outcome="Passed" testListId="8c84fa94-04c1-424b-9868-57a2d4851a1d" relativeResultsDirectory="1a0cf003-bcb6-4d85-8caf-f399efa85300">
    </UnitTestResult>
    <UnitTestResult executionId="2eaa8ae1-77ce-4699-8a94-a1798dc9aca5" testId="5c8c6d23-3d9d-14a6-d884-a87f65791e74" testName="UsersServiceMethodGetOrAddCurrentUserShouldAddAndReturnANonExistentUser" computerName="BLACKBEAUTY" duration="00:00:00.0011755" startTime="2012-07-21T22:09:52.4027157+01:00" endTime="2012-07-21T22:09:52.4087160+01:00" testType="13cdc9d9-ddb5-4fa4-a97d-d965ccfc6d4b" outcome="Passed" testListId="8c84fa94-04c1-424b-9868-57a2d4851a1d" relativeResultsDirectory="2eaa8ae1-77ce-4699-8a94-a1798dc9aca5">
    </UnitTestResult>
    <UnitTestResult executionId="5395b75f-9110-4d90-81cd-16c1fa2e36e4" testId="63b79998-d09c-e8f8-a40f-f31aca5bbc08" testName="UsersServiceMethodLoadTaskListOwnerShouldLoadOwner" computerName="BLACKBEAUTY" duration="00:00:00.0016323" startTime="2012-07-21T22:09:52.4107161+01:00" endTime="2012-07-21T22:09:52.4167165+01:00" testType="13cdc9d9-ddb5-4fa4-a97d-d965ccfc6d4b" outcome="Passed" testListId="8c84fa94-04c1-424b-9868-57a2d4851a1d" relativeResultsDirectory="5395b75f-9110-4d90-81cd-16c1fa2e36e4">
    </UnitTestResult>
    <UnitTestResult executionId="51e1ac7d-dc21-4c02-9f54-f7e55bd4f3af" testId="68595d26-57a1-321d-c72e-7ab1ba9f7821" testName="AUserWithAnInvalidEmailIsInvalid" computerName="BLACKBEAUTY" duration="00:00:00.0087005" startTime="2012-07-21T22:09:52.4197166+01:00" endTime="2012-07-21T22:09:52.4337174+01:00" testType="13cdc9d9-ddb5-4fa4-a97d-d965ccfc6d4b" outcome="Passed" testListId="8c84fa94-04c1-424b-9868-57a2d4851a1d" relativeResultsDirectory="51e1ac7d-dc21-4c02-9f54-f7e55bd4f3af">
    </UnitTestResult>
    <UnitTestResult executionId="d0b924e8-f91a-477a-ba5c-787ccdadc56c" testId="6bd55437-121b-8162-8299-753e5d28b25f" testName="UsersRepositoryGetOrAddCurrentUserCallsCreateFromTheUnitOfWorkForAExistingUser" computerName="BLACKBEAUTY" duration="00:00:00.0075586" startTime="2012-07-21T22:09:52.4357176+01:00" endTime="2012-07-21T22:09:52.4477182+01:00" testType="13cdc9d9-ddb5-4fa4-a97d-d965ccfc6d4b" outcome="Passed" testListId="8c84fa94-04c1-424b-9868-57a2d4851a1d" relativeResultsDirectory="d0b924e8-f91a-477a-ba5c-787ccdadc56c">
    </UnitTestResult>
    <UnitTestResult executionId="842d4ed2-b4eb-4a54-b428-d5332b1e0ffb" testId="71f98d0e-df98-5602-5fd6-919d9101bb93" testName="ATaskListWithAllPropertiesValidIsValid" computerName="BLACKBEAUTY" duration="00:00:00.0206252" startTime="2012-07-21T22:09:52.4497184+01:00" endTime="2012-07-21T22:09:53.1667594+01:00" testType="13cdc9d9-ddb5-4fa4-a97d-d965ccfc6d4b" outcome="Failed" testListId="8c84fa94-04c1-424b-9868-57a2d4851a1d" relativeResultsDirectory="842d4ed2-b4eb-4a54-b428-d5332b1e0ffb">
      <Output>
        <ErrorInfo>
          <Message>Assert.IsTrue failed. </Message>
          <StackTrace>   at CloudNotes.Tests.Domain.DomainTests.ATaskListWithAllPropertiesValidIsValid() in D:\Backup CloudNotes\CloudNotes\CloudNotes\CloudNotes.Tests.Domain\DomainTests.cs:line 184
</StackTrace>
        </ErrorInfo>
      </Output>
      <CollectorDataEntries>
        <Collector agentName="BLACKBEAUTY" uri="datacollector://microsoft/TraceDebugger/1.0" collectorDisplayName="IntelliTrace">
          <UriAttachments>
            <UriAttachment>
              <A href="BLACKBEAUTY\QTAgent32_120721_220952474_6396.iTrace">IntelliTrace file for 'QTAgent32.exe' (6396)</A>
            </UriAttachment>
          </UriAttachments>
        </Collector>
      </CollectorDataEntries>
    </UnitTestResult>
    <UnitTestResult executionId="bd19bf8d-ca3a-42cb-879d-61a50f349564" testId="7a009e26-62e5-1f69-5cdb-854dc672f6ae" testName="ANoteWithContentLongerThan50CharactersIsInvalid" computerName="BLACKBEAUTY" duration="00:00:00.0003659" startTime="2012-07-21T22:09:53.1847604+01:00" endTime="2012-07-21T22:09:53.1907607+01:00" testType="13cdc9d9-ddb5-4fa4-a97d-d965ccfc6d4b" outcome="Passed" testListId="8c84fa94-04c1-424b-9868-57a2d4851a1d" relativeResultsDirectory="bd19bf8d-ca3a-42cb-879d-61a50f349564">
    </UnitTestResult>
    <UnitTestResult executionId="adf971a1-f430-40ae-b899-a3e35d6db603" testId="7b077f22-22e9-49cd-daef-17e3a82a58b9" testName="AUserWithAnAllWhitespaceNameIdentitiferIdentityProviderIsInvalid" computerName="BLACKBEAUTY" duration="00:00:00.0003791" startTime="2012-07-21T22:09:53.1927609+01:00" endTime="2012-07-21T22:09:53.1977611+01:00" testType="13cdc9d9-ddb5-4fa4-a97d-d965ccfc6d4b" outcome="Passed" testListId="8c84fa94-04c1-424b-9868-57a2d4851a1d" relativeResultsDirectory="adf971a1-f430-40ae-b899-a3e35d6db603">
    </UnitTestResult>
    <UnitTestResult executionId="81c9bed0-8c41-4ab7-a7f6-949129cb528e" testId="7d09f543-4324-80a8-54ae-156dcda31038" testName="AUserWithAValidEmailIsValid" computerName="BLACKBEAUTY" duration="00:00:00.0011815" startTime="2012-07-21T22:09:53.2007613+01:00" endTime="2012-07-21T22:09:53.2067617+01:00" testType="13cdc9d9-ddb5-4fa4-a97d-d965ccfc6d4b" outcome="Passed" testListId="8c84fa94-04c1-424b-9868-57a2d4851a1d" relativeResultsDirectory="81c9bed0-8c41-4ab7-a7f6-949129cb528e">
    </UnitTestResult>
    <UnitTestResult executionId="9eceb349-df11-44e2-86c4-593302ae7f1e" testId="7d1001da-6055-18e2-1484-260115b93ccf" testName="TaskListsServiceMethodLoadShouldReturnAllTaskLists" computerName="BLACKBEAUTY" duration="00:00:00.0022973" startTime="2012-07-21T22:09:53.2097618+01:00" endTime="2012-07-21T22:09:53.2187623+01:00" testType="13cdc9d9-ddb5-4fa4-a97d-d965ccfc6d4b" outcome="Passed" testListId="8c84fa94-04c1-424b-9868-57a2d4851a1d" relativeResultsDirectory="9eceb349-df11-44e2-86c4-593302ae7f1e">
    </UnitTestResult>
    <UnitTestResult executionId="3163ddb3-38eb-4dc4-8337-0ba16511ebdd" testId="846215b7-3a17-549a-a8bb-e3c8573dbdf6" testName="TaskListsRepositoryDeleteCallsDeleteFromTheUnitOfWork" computerName="BLACKBEAUTY" duration="00:00:00.0083955" startTime="2012-07-21T22:09:53.2227626+01:00" endTime="2012-07-21T22:09:53.2377634+01:00" testType="13cdc9d9-ddb5-4fa4-a97d-d965ccfc6d4b" outcome="Passed" testListId="8c84fa94-04c1-424b-9868-57a2d4851a1d" relativeResultsDirectory="3163ddb3-38eb-4dc4-8337-0ba16511ebdd">
    </UnitTestResult>
    <UnitTestResult executionId="ca1b73fd-3ede-4138-8dab-b928284b75ae" testId="84cc041c-2bc4-899d-daf7-c6fb7faf1bff" testName="NotesServiceMethodAddAssociatedUserShouldAssociateAUserToANote" computerName="BLACKBEAUTY" duration="00:00:00.0009652" startTime="2012-07-21T22:09:53.2407636+01:00" endTime="2012-07-21T22:09:53.2477640+01:00" testType="13cdc9d9-ddb5-4fa4-a97d-d965ccfc6d4b" outcome="Passed" testListId="8c84fa94-04c1-424b-9868-57a2d4851a1d" relativeResultsDirectory="ca1b73fd-3ede-4138-8dab-b928284b75ae">
    </UnitTestResult>
    <UnitTestResult executionId="43611081-d7d9-4a59-829e-7c1fcdd6324a" testId="852657b0-510e-88d6-c043-399bc17187ed" testName="ANoteWithAnEmptyContentIsInvalid" computerName="BLACKBEAUTY" duration="00:00:00.0004572" startTime="2012-07-21T22:09:53.2507642+01:00" endTime="2012-07-21T22:09:53.2577646+01:00" testType="13cdc9d9-ddb5-4fa4-a97d-d965ccfc6d4b" outcome="Passed" testListId="8c84fa94-04c1-424b-9868-57a2d4851a1d" relativeResultsDirectory="43611081-d7d9-4a59-829e-7c1fcdd6324a">
    </UnitTestResult>
    <UnitTestResult executionId="1fa80177-95c3-4f21-81cc-c470587bef62" testId="877a47e2-2cfb-b1ee-91f0-d5e62b3d3dfe" testName="UsersRepositoryGetOrAddCurrentUserCallsCreateFromTheUnitOfWorkForANewUser" computerName="BLACKBEAUTY" duration="00:00:00.0067103" startTime="2012-07-21T22:09:53.2597647+01:00" endTime="2012-07-21T22:09:53.2737655+01:00" testType="13cdc9d9-ddb5-4fa4-a97d-d965ccfc6d4b" outcome="Passed" testListId="8c84fa94-04c1-424b-9868-57a2d4851a1d" relativeResultsDirectory="1fa80177-95c3-4f21-81cc-c470587bef62">
    </UnitTestResult>
    <UnitTestResult executionId="a1312eb4-fba9-4fcb-b75a-51380eb96431" testId="8a0a7e76-5c0a-742c-5e83-b195850f7e6f" testName="UsersRepositoryGetCallsGetFromTheUnitOfWorkAndReturnsAExistentUser" computerName="BLACKBEAUTY" duration="00:00:00.0020746" startTime="2012-07-21T22:09:53.2767657+01:00" endTime="2012-07-21T22:09:53.2847661+01:00" testType="13cdc9d9-ddb5-4fa4-a97d-d965ccfc6d4b" outcome="Passed" testListId="8c84fa94-04c1-424b-9868-57a2d4851a1d" relativeResultsDirectory="a1312eb4-fba9-4fcb-b75a-51380eb96431">
    </UnitTestResult>
    <UnitTestResult executionId="afc3294a-b7cc-4351-a315-c515184d6f1e" testId="8e102b5d-e958-b297-bb65-7f1f98f7fdce" testName="UsersRepositoryCreateCallsCreateFromTheUnitOfWork" computerName="BLACKBEAUTY" duration="00:00:00.0013525" startTime="2012-07-21T22:09:53.2867662+01:00" endTime="2012-07-21T22:09:53.2947667+01:00" testType="13cdc9d9-ddb5-4fa4-a97d-d965ccfc6d4b" outcome="Passed" testListId="8c84fa94-04c1-424b-9868-57a2d4851a1d" relativeResultsDirectory="afc3294a-b7cc-4351-a315-c515184d6f1e">
    </UnitTestResult>
    <UnitTestResult executionId="79f4b61a-ff7e-489a-b624-9a3da39d97ae" testId="9d2851ab-0a27-838f-9557-7fe4eb9929c3" testName="TaskListsServiceMethodDeleteShouldDeleteATaskList" computerName="BLACKBEAUTY" duration="00:00:00.0070886" startTime="2012-07-21T22:09:53.3057673+01:00" endTime="2012-07-21T22:09:53.9978069+01:00" testType="13cdc9d9-ddb5-4fa4-a97d-d965ccfc6d4b" outcome="Failed" testListId="8c84fa94-04c1-424b-9868-57a2d4851a1d" relativeResultsDirectory="79f4b61a-ff7e-489a-b624-9a3da39d97ae">
      <Output>
        <ErrorInfo>
          <Message>Assert.IsNull failed. </Message>
          <StackTrace>   at CloudNotes.Tests.Domain.Services.DomainServicesTests.TaskListsServiceMethodDeleteShouldDeleteATaskList() in D:\Backup CloudNotes\CloudNotes\CloudNotes\CloudNotes.Tests.Domain.Services\DomainServicesTests.cs:line 228
</StackTrace>
        </ErrorInfo>
      </Output>
      <CollectorDataEntries>
        <Collector agentName="BLACKBEAUTY" uri="datacollector://microsoft/TraceDebugger/1.0" collectorDisplayName="IntelliTrace">
          <UriAttachments>
            <UriAttachment>
              <A href="BLACKBEAUTY\QTAgent32_120721_220953335_6396.iTrace">IntelliTrace file for 'QTAgent32.exe' (6396)</A>
            </UriAttachment>
          </UriAttachments>
        </Collector>
      </CollectorDataEntries>
    </UnitTestResult>
    <UnitTestResult executionId="294bbf49-b228-4702-a514-36ee16b14f3c" testId="9ed0a60a-b93f-0f24-d30f-0b360564563b" testName="TaskListsServiceMethodCopyNoteShouldCopyANoteToAnotherTaskList" computerName="BLACKBEAUTY" duration="00:00:00.0086672" startTime="2012-07-21T22:09:54.0268086+01:00" endTime="2012-07-21T22:09:54.8388550+01:00" testType="13cdc9d9-ddb5-4fa4-a97d-d965ccfc6d4b" outcome="Failed" testListId="8c84fa94-04c1-424b-9868-57a2d4851a1d" relativeResultsDirectory="294bbf49-b228-4702-a514-36ee16b14f3c">
      <Output>
        <ErrorInfo>
          <Message>Assert.IsInstanceOfType failed.  Expected type:&lt;CloudNotes.Domain.Entities.Note&gt;. Actual type:&lt;(null)&gt;.</Message>
          <StackTrace>   at CloudNotes.Tests.Domain.Services.DomainServicesTests.TaskListsServiceMethodCopyNoteShouldCopyANoteToAnotherTaskList() in D:\Backup CloudNotes\CloudNotes\CloudNotes\CloudNotes.Tests.Domain.Services\DomainServicesTests.cs:line 284
</StackTrace>
        </ErrorInfo>
      </Output>
      <CollectorDataEntries>
        <Collector agentName="BLACKBEAUTY" uri="datacollector://microsoft/TraceDebugger/1.0" collectorDisplayName="IntelliTrace">
          <UriAttachments>
            <UriAttachment>
              <A href="BLACKBEAUTY\QTAgent32_120721_220954044_6396.iTrace">IntelliTrace file for 'QTAgent32.exe' (6396)</A>
            </UriAttachment>
          </UriAttachments>
        </Collector>
      </CollectorDataEntries>
    </UnitTestResult>
    <UnitTestResult executionId="628e0944-56ab-4cb1-99ef-f9e2b70bd6b9" testId="a30aa65e-8403-a864-3b85-edc17a9c432d" testName="TaskListsRepositoryGetCallsGetFromTheUnitOfWorkAndReturnsNullForANonExistentTaskList" computerName="BLACKBEAUTY" duration="00:00:00.0048915" startTime="2012-07-21T22:09:54.8838576+01:00" endTime="2012-07-21T22:09:54.8958583+01:00" testType="13cdc9d9-ddb5-4fa4-a97d-d965ccfc6d4b" outcome="Passed" testListId="8c84fa94-04c1-424b-9868-57a2d4851a1d" relativeResultsDirectory="628e0944-56ab-4cb1-99ef-f9e2b70bd6b9">
    </UnitTestResult>
    <UnitTestResult executionId="7be7e3cd-0496-4dcd-a1a4-3f84551fb0d1" testId="a32946f4-9589-613f-fb54-5c9eee9a4876" testName="TaskListsServiceMethodGetShouldReturnATaskList" computerName="BLACKBEAUTY" duration="00:00:00.0005736" startTime="2012-07-21T22:09:54.8978584+01:00" endTime="2012-07-21T22:09:54.9038587+01:00" testType="13cdc9d9-ddb5-4fa4-a97d-d965ccfc6d4b" outcome="Passed" testListId="8c84fa94-04c1-424b-9868-57a2d4851a1d" relativeResultsDirectory="7be7e3cd-0496-4dcd-a1a4-3f84551fb0d1">
    </UnitTestResult>
    <UnitTestResult executionId="2c033cdd-40a7-42c5-a65a-41b935d50059" testId="a52de280-ccb3-2f52-6566-1bbc9bfb4624" testName="NotesServiceMethodGetShouldReturnANote" computerName="BLACKBEAUTY" duration="00:00:00.0005549" startTime="2012-07-21T22:09:54.9068589+01:00" endTime="2012-07-21T22:09:54.9128592+01:00" testType="13cdc9d9-ddb5-4fa4-a97d-d965ccfc6d4b" outcome="Passed" testListId="8c84fa94-04c1-424b-9868-57a2d4851a1d" relativeResultsDirectory="2c033cdd-40a7-42c5-a65a-41b935d50059">
    </UnitTestResult>
    <UnitTestResult executionId="b897789a-cada-49df-bcb1-d59645a009d7" testId="a53334ee-fa15-643f-ccd8-411cde2e57f8" testName="TaskListsRepositoryGetCallsGetFromTheUnitOfWorkAndReturnsAExistentTaskList" computerName="BLACKBEAUTY" duration="00:00:00.0033099" startTime="2012-07-21T22:09:54.9158594+01:00" endTime="2012-07-21T22:09:54.9268600+01:00" testType="13cdc9d9-ddb5-4fa4-a97d-d965ccfc6d4b" outcome="Passed" testListId="8c84fa94-04c1-424b-9868-57a2d4851a1d" relativeResultsDirectory="b897789a-cada-49df-bcb1-d59645a009d7">
    </UnitTestResult>
    <UnitTestResult executionId="5fcb2292-5b8f-46ac-97c2-9062c71a0647" testId="a68d91f7-6467-c9ba-3630-f5f8421f5b40" testName="AUserWithAnEmptyNameIdentitiferIdentityProviderIsInvalid" computerName="BLACKBEAUTY" duration="00:00:00.0003800" startTime="2012-07-21T22:09:54.9298602+01:00" endTime="2012-07-21T22:09:54.9358606+01:00" testType="13cdc9d9-ddb5-4fa4-a97d-d965ccfc6d4b" outcome="Passed" testListId="8c84fa94-04c1-424b-9868-57a2d4851a1d" relativeResultsDirectory="5fcb2292-5b8f-46ac-97c2-9062c71a0647">
    </UnitTestResult>
    <UnitTestResult executionId="1127cf1e-141e-4f91-9fd1-f2e56a5c26cd" testId="a780d5d0-43e2-3171-7945-424274cf7cfb" testName="NotesRepositoryUpdateCallsUpdateFromTheUnitOfWork" computerName="BLACKBEAUTY" duration="00:00:00.0015018" startTime="2012-07-21T22:09:54.9378607+01:00" endTime="2012-07-21T22:09:54.9438610+01:00" testType="13cdc9d9-ddb5-4fa4-a97d-d965ccfc6d4b" outcome="Passed" testListId="8c84fa94-04c1-424b-9868-57a2d4851a1d" relativeResultsDirectory="1127cf1e-141e-4f91-9fd1-f2e56a5c26cd">
    </UnitTestResult>
    <UnitTestResult executionId="48743175-8173-4c05-be57-b9b0569f1da2" testId="a92d683e-6db6-da08-1853-c0e53902a155" testName="ATaskListWithAnAllWhitespaceTittleIsInvalid" computerName="BLACKBEAUTY" duration="00:00:00.0003109" startTime="2012-07-21T22:09:54.9458611+01:00" endTime="2012-07-21T22:09:54.9498614+01:00" testType="13cdc9d9-ddb5-4fa4-a97d-d965ccfc6d4b" outcome="Passed" testListId="8c84fa94-04c1-424b-9868-57a2d4851a1d" relativeResultsDirectory="48743175-8173-4c05-be57-b9b0569f1da2">
    </UnitTestResult>
    <UnitTestResult executionId="c54a1b2d-1cab-4f38-83ce-22653f36b3cd" testId="acfeaeee-602e-5259-5fae-51e3dc843fa1" testName="TaskListsRepositoryAddAssociatedUserCallsCreateFromTheUnitOfWork" computerName="BLACKBEAUTY" duration="00:00:00.0016673" startTime="2012-07-21T22:09:54.9518615+01:00" endTime="2012-07-21T22:09:54.9588619+01:00" testType="13cdc9d9-ddb5-4fa4-a97d-d965ccfc6d4b" outcome="Passed" testListId="8c84fa94-04c1-424b-9868-57a2d4851a1d" relativeResultsDirectory="c54a1b2d-1cab-4f38-83ce-22653f36b3cd">
    </UnitTestResult>
    <UnitTestResult executionId="de582456-46d3-473d-a589-557d17964538" testId="b006a81a-d00c-d8d1-93cd-32825cea222a" testName="TaskListsServiceMethodMoveNoteShouldMoveANoteToAnotherTaskList" computerName="BLACKBEAUTY" duration="00:00:00.0073403" startTime="2012-07-21T22:09:54.9598619+01:00" endTime="2012-07-21T22:09:55.9519187+01:00" testType="13cdc9d9-ddb5-4fa4-a97d-d965ccfc6d4b" outcome="Failed" testListId="8c84fa94-04c1-424b-9868-57a2d4851a1d" relativeResultsDirectory="de582456-46d3-473d-a589-557d17964538">
      <Output>
        <ErrorInfo>
          <Message>Test method CloudNotes.Tests.Domain.Services.DomainServicesTests.TaskListsServiceMethodMoveNoteShouldMoveANoteToAnotherTaskList threw exception: 
System.ArgumentNullException: A note must have a non-empty PartitionKey.
Parameter name: partitionKey</Message>
          <StackTrace>    at CloudNotes.Domain.Entities.Note..ctor(String partitionKey, String rowKey) in D:\Backup CloudNotes\CloudNotes\CloudNotes\CloudNotes.Domain\Entities\Note.cs:line 40
   at CloudNotes.Domain.Services.Implementation.TaskListsService.MoveNote(TaskList taskListSource, TaskList taskListDestination, Note note) in D:\Backup CloudNotes\CloudNotes\CloudNotes\CloudNotes.Domain.Services\Implementation\TaskListsService.cs:line 88
   at CloudNotes.Tests.Domain.Services.DomainServicesTests.TaskListsServiceMethodMoveNoteShouldMoveANoteToAnotherTaskList() in D:\Backup CloudNotes\CloudNotes\CloudNotes\CloudNotes.Tests.Domain.Services\DomainServicesTests.cs:line 301
</StackTrace>
        </ErrorInfo>
      </Output>
      <CollectorDataEntries>
        <Collector agentName="BLACKBEAUTY" uri="datacollector://microsoft/TraceDebugger/1.0" collectorDisplayName="IntelliTrace">
          <UriAttachments>
            <UriAttachment>
              <A href="BLACKBEAUTY\QTAgent32_120721_220954984_6396.iTrace">IntelliTrace file for 'QTAgent32.exe' (6396)</A>
            </UriAttachment>
          </UriAttachments>
        </Collector>
      </CollectorDataEntries>
    </UnitTestResult>
    <UnitTestResult executionId="19133a51-8d3b-420e-89c0-ac06f61b5b56" testId="b0f72c88-e8e6-d5ef-9b19-7fed7babeddb" testName="ATaskListWithAnEmptyTittleIsInvalid" computerName="BLACKBEAUTY" duration="00:00:00.0004252" startTime="2012-07-21T22:09:56.0419238+01:00" endTime="2012-07-21T22:09:56.0489242+01:00" testType="13cdc9d9-ddb5-4fa4-a97d-d965ccfc6d4b" outcome="Passed" testListId="8c84fa94-04c1-424b-9868-57a2d4851a1d" relativeResultsDirectory="19133a51-8d3b-420e-89c0-ac06f61b5b56">
    </UnitTestResult>
    <UnitTestResult executionId="2e99e845-a8b0-4939-a51b-20ff41e3e217" testId="b1a7abd8-8831-126c-749d-ed4bdc9d0f13" testName="NotesServiceMethodLoadShouldReturnAllNotes" computerName="BLACKBEAUTY" duration="00:00:00.0030629" startTime="2012-07-21T22:09:56.0509243+01:00" endTime="2012-07-21T22:09:56.0599248+01:00" testType="13cdc9d9-ddb5-4fa4-a97d-d965ccfc6d4b" outcome="Passed" testListId="8c84fa94-04c1-424b-9868-57a2d4851a1d" relativeResultsDirectory="2e99e845-a8b0-4939-a51b-20ff41e3e217">
    </UnitTestResult>
    <UnitTestResult executionId="bf9d3f2b-c6fa-482c-9670-8045a992c1c6" testId="b3e5450c-7394-e772-4c0f-83c0f0cc9085" testName="NotesRepositoryCreateCallsCreateFromTheUnitOfWork" computerName="BLACKBEAUTY" duration="00:00:00.0054528" startTime="2012-07-21T22:09:56.0629250+01:00" endTime="2012-07-21T22:09:56.0749257+01:00" testType="13cdc9d9-ddb5-4fa4-a97d-d965ccfc6d4b" outcome="Passed" testListId="8c84fa94-04c1-424b-9868-57a2d4851a1d" relativeResultsDirectory="bf9d3f2b-c6fa-482c-9670-8045a992c1c6">
    </UnitTestResult>
    <UnitTestResult executionId="7b11c92e-4867-460e-b6fa-fe19990fa712" testId="b69a9890-6d34-e521-794d-88f12a6f6738" testName="UsersServiceMethodLoadNoteOwnerShouldLoadOwner" computerName="BLACKBEAUTY" duration="00:00:00.0015995" startTime="2012-07-21T22:09:56.0769258+01:00" endTime="2012-07-21T22:09:56.0859263+01:00" testType="13cdc9d9-ddb5-4fa4-a97d-d965ccfc6d4b" outcome="Passed" testListId="8c84fa94-04c1-424b-9868-57a2d4851a1d" relativeResultsDirectory="7b11c92e-4867-460e-b6fa-fe19990fa712">
    </UnitTestResult>
    <UnitTestResult executionId="0c1b8285-6875-4fe0-b9a1-e697d3715908" testId="c14c078d-036a-ef14-90a0-c1d1a047c940" testName="ANoteWithAllValidPropertiesIsValid" computerName="BLACKBEAUTY" duration="00:00:00.0005323" startTime="2012-07-21T22:09:56.0889265+01:00" endTime="2012-07-21T22:09:56.0949268+01:00" testType="13cdc9d9-ddb5-4fa4-a97d-d965ccfc6d4b" outcome="Passed" testListId="8c84fa94-04c1-424b-9868-57a2d4851a1d" relativeResultsDirectory="0c1b8285-6875-4fe0-b9a1-e697d3715908">
    </UnitTestResult>
    <UnitTestResult executionId="b3869cfb-7848-4690-809f-b2313c69a766" testId="c6f6cc92-9905-881b-c432-bc390bf4fb00" testName="UsersServiceMethodDeleteShouldDeleteAUser" computerName="BLACKBEAUTY" duration="00:00:00.0011934" startTime="2012-07-21T22:09:56.0969270+01:00" endTime="2012-07-21T22:09:56.1109278+01:00" testType="13cdc9d9-ddb5-4fa4-a97d-d965ccfc6d4b" outcome="Passed" testListId="8c84fa94-04c1-424b-9868-57a2d4851a1d" relativeResultsDirectory="b3869cfb-7848-4690-809f-b2313c69a766">
    </UnitTestResult>
    <UnitTestResult executionId="87008ac5-afea-4274-8964-da13d47d4c9f" testId="c95dec89-2022-14da-03fb-c071f5ad3029" testName="NotesRepositoryGetCallsGetFromTheUnitOfWorkAndReturnsNullForANonExistentNote" computerName="BLACKBEAUTY" duration="00:00:00.0012002" startTime="2012-07-21T22:09:56.1139279+01:00" endTime="2012-07-21T22:09:56.1199283+01:00" testType="13cdc9d9-ddb5-4fa4-a97d-d965ccfc6d4b" outcome="Passed" testListId="8c84fa94-04c1-424b-9868-57a2d4851a1d" relativeResultsDirectory="87008ac5-afea-4274-8964-da13d47d4c9f">
    </UnitTestResult>
    <UnitTestResult executionId="6e4bf59a-e61b-4ca2-a416-d1250e9e3f4e" testId="cbab3c0d-af3c-bafe-f31c-bb6a72bac7e1" testName="TaskListsServiceMethodGetTaskListsAssociatedByUserShouldAllTaskListsThatTheUserIsAssociated" computerName="BLACKBEAUTY" duration="00:00:00.0021471" startTime="2012-07-21T22:09:56.1229285+01:00" endTime="2012-07-21T22:09:56.1299289+01:00" testType="13cdc9d9-ddb5-4fa4-a97d-d965ccfc6d4b" outcome="Passed" testListId="8c84fa94-04c1-424b-9868-57a2d4851a1d" relativeResultsDirectory="6e4bf59a-e61b-4ca2-a416-d1250e9e3f4e">
    </UnitTestResult>
    <UnitTestResult executionId="d4fd6743-7a46-4064-9a87-330fa0659f45" testId="cbafef75-95ad-7658-1e1c-b55ffac68848" testName="NotesRepositoryRemoveAssociatedUserCallsDeleteFromTheUnitOfWork" computerName="BLACKBEAUTY" duration="00:00:00.0021143" startTime="2012-07-21T22:09:56.1319290+01:00" endTime="2012-07-21T22:09:56.1399294+01:00" testType="13cdc9d9-ddb5-4fa4-a97d-d965ccfc6d4b" outcome="Passed" testListId="8c84fa94-04c1-424b-9868-57a2d4851a1d" relativeResultsDirectory="d4fd6743-7a46-4064-9a87-330fa0659f45">
    </UnitTestResult>
    <UnitTestResult executionId="1d2dabed-5e17-49e0-9852-eb637c2ab4bd" testId="d75128d4-6a55-50ef-f1df-23ee085f1d6c" testName="TaskListsRepositoryGetTaskListsAssociatedByUserCallsLoadFromTheUnitOfWork" computerName="BLACKBEAUTY" duration="00:00:00.0103823" startTime="2012-07-21T22:09:56.1419295+01:00" endTime="2012-07-21T22:09:56.1579305+01:00" testType="13cdc9d9-ddb5-4fa4-a97d-d965ccfc6d4b" outcome="Passed" testListId="8c84fa94-04c1-424b-9868-57a2d4851a1d" relativeResultsDirectory="1d2dabed-5e17-49e0-9852-eb637c2ab4bd">
    </UnitTestResult>
    <UnitTestResult executionId="cf42819f-d027-414f-b175-9bae89b6af7b" testId="da07899b-e0b9-f639-2145-62f05a55637a" testName="UsersRepositoryUpdateCallsUpdateFromTheUnitOfWork" computerName="BLACKBEAUTY" duration="00:00:00.0014890" startTime="2012-07-21T22:09:56.1609306+01:00" endTime="2012-07-21T22:09:56.1669310+01:00" testType="13cdc9d9-ddb5-4fa4-a97d-d965ccfc6d4b" outcome="Passed" testListId="8c84fa94-04c1-424b-9868-57a2d4851a1d" relativeResultsDirectory="cf42819f-d027-414f-b175-9bae89b6af7b">
    </UnitTestResult>
    <UnitTestResult executionId="e188dcaf-5456-4969-8ec6-cdd9f299027e" testId="dd0adaa0-376e-15b3-c394-a4c648706582" testName="NotesServiceMethodCreateShouldCreateANote" computerName="BLACKBEAUTY" duration="00:00:00.0006462" startTime="2012-07-21T22:09:56.1699311+01:00" endTime="2012-07-21T22:09:56.1749314+01:00" testType="13cdc9d9-ddb5-4fa4-a97d-d965ccfc6d4b" outcome="Passed" testListId="8c84fa94-04c1-424b-9868-57a2d4851a1d" relativeResultsDirectory="e188dcaf-5456-4969-8ec6-cdd9f299027e">
    </UnitTestResult>
    <UnitTestResult executionId="84c5bf51-e7ba-42c1-8010-3d778e3bf04c" testId="dfdc3834-29fd-d2b9-f117-af51569e4df6" testName="TaskListsRepositoryRemoveAssociatedUserCallsDeleteFromTheUnitOfWork" computerName="BLACKBEAUTY" duration="00:00:00.0018686" startTime="2012-07-21T22:09:56.1769315+01:00" endTime="2012-07-21T22:09:56.1829319+01:00" testType="13cdc9d9-ddb5-4fa4-a97d-d965ccfc6d4b" outcome="Passed" testListId="8c84fa94-04c1-424b-9868-57a2d4851a1d" relativeResultsDirectory="84c5bf51-e7ba-42c1-8010-3d778e3bf04c">
    </UnitTestResult>
    <UnitTestResult executionId="46552968-9cf7-4b32-bd85-bf7559eef17d" testId="e3d8badb-d961-d4d2-2fc7-38832d7198cd" testName="UsersRepositoryLoadNoteOwnerCallsLoadAndGetFromTheUnitOfWork" computerName="BLACKBEAUTY" duration="00:00:00.0103508" startTime="2012-07-21T22:09:56.1859321+01:00" endTime="2012-07-21T22:09:56.2009329+01:00" testType="13cdc9d9-ddb5-4fa4-a97d-d965ccfc6d4b" outcome="Passed" testListId="8c84fa94-04c1-424b-9868-57a2d4851a1d" relativeResultsDirectory="46552968-9cf7-4b32-bd85-bf7559eef17d">
    </UnitTestResult>
    <UnitTestResult executionId="d72ea51d-c6ff-4b61-960b-7e5f9d7a06e3" testId="e814db0b-a976-414f-8c66-ad00681e848f" testName="ANoteWithANullOwnerIsInvalid" computerName="BLACKBEAUTY" duration="00:00:00.0003770" startTime="2012-07-21T22:09:56.2029330+01:00" endTime="2012-07-21T22:09:56.2079333+01:00" testType="13cdc9d9-ddb5-4fa4-a97d-d965ccfc6d4b" outcome="Passed" testListId="8c84fa94-04c1-424b-9868-57a2d4851a1d" relativeResultsDirectory="d72ea51d-c6ff-4b61-960b-7e5f9d7a06e3">
    </UnitTestResult>
    <UnitTestResult executionId="8990d015-9551-421c-95d8-8650570ff7fe" testId="ec87722f-5e26-0cec-83f4-80b4bb3d3df5" testName="TaskListsRepositoryCreateCallsCreateFromTheUnitOfWork" computerName="BLACKBEAUTY" duration="00:00:00.0039450" startTime="2012-07-21T22:09:56.2099334+01:00" endTime="2012-07-21T22:09:56.2209341+01:00" testType="13cdc9d9-ddb5-4fa4-a97d-d965ccfc6d4b" outcome="Passed" testListId="8c84fa94-04c1-424b-9868-57a2d4851a1d" relativeResultsDirectory="8990d015-9551-421c-95d8-8650570ff7fe">
    </UnitTestResult>
    <UnitTestResult executionId="840442d0-54be-4984-8fc4-f010ab117243" testId="ef1c3110-4c34-5292-1f49-5834ef71e1bd" testName="UsersRepositoryLoadNoteAssociatedUsersCallsLoadAndGetFromTheUnitOfWork" computerName="BLACKBEAUTY" duration="00:00:00.0110277" startTime="2012-07-21T22:09:56.2229342+01:00" endTime="2012-07-21T22:09:56.2379350+01:00" testType="13cdc9d9-ddb5-4fa4-a97d-d965ccfc6d4b" outcome="Passed" testListId="8c84fa94-04c1-424b-9868-57a2d4851a1d" relativeResultsDirectory="840442d0-54be-4984-8fc4-f010ab117243">
    </UnitTestResult>
    <UnitTestResult executionId="5683883f-d343-4998-bc4b-1721426ccddd" testId="fe3768ee-5ae4-68d3-ca82-4c54def2a86c" testName="TaskListsServiceMethodCreateShouldCreateATaskList" computerName="BLACKBEAUTY" duration="00:00:00.0010974" startTime="2012-07-21T22:09:56.2409352+01:00" endTime="2012-07-21T22:09:56.2469355+01:00" testType="13cdc9d9-ddb5-4fa4-a97d-d965ccfc6d4b" outcome="Passed" testListId="8c84fa94-04c1-424b-9868-57a2d4851a1d" relativeResultsDirectory="5683883f-d343-4998-bc4b-1721426ccddd">
    </UnitTestResult>
  </Results>
</TestRun>