<?xml version="1.0" encoding="UTF-8"?>
<TestRun id="802c9486-bfac-4ad3-a47a-96a6dc9c04cc" name="Luis@BLACKBEAUTY 2012-07-02 19:30:42" runUser="BlackBeauty\Luis" xmlns="http://microsoft.com/schemas/VisualStudio/TeamTest/2010">
  <TestSettings name="Local" id="a9c45579-508c-4524-9966-e1f8cfbc3e28">
    <Description>These are default test settings for a local test run.</Description>
    <Deployment enabled="false" runDeploymentRoot="Luis_BLACKBEAUTY 2012-07-02 19_30_42">
      <DeploymentItem filename="D:\Backup CloudNotes\CloudNotes\CloudNotes\CloudNotes.Domain\bin\Debug\CloudNotes.Domain.dll" />
    </Deployment>
    <Execution>
      <TestTypeSpecific />
      <AgentRule name="Execution Agents">
      </AgentRule>
    </Execution>
  </TestSettings>
  <Times creation="2012-07-02T19:30:42.1633456+01:00" queuing="2012-07-02T19:30:42.2363498+01:00" start="2012-07-02T19:30:42.2463504+01:00" finish="2012-07-02T19:30:42.6003706+01:00" />
  <ResultSummary outcome="Completed">
    <Counters total="17" executed="17" passed="17" error="0" failed="0" timeout="0" aborted="0" inconclusive="0" passedButRunAborted="0" notRunnable="0" notExecuted="0" disconnected="0" warning="0" completed="0" inProgress="0" pending="0" />
  </ResultSummary>
  <TestDefinitions>
    <UnitTest name="ANoteWithAnAllWhitespaceContentIsInvalid" storage="d:\backup cloudnotes\cloudnotes\cloudnotes\cloudnotes.tests.domain\bin\debug\cloudnotes.tests.domain.dll" id="00d57f25-d21b-e712-e7ff-b98a3d6f01aa">
      <Execution id="bfaf40df-0b8e-4969-90f5-bbc73a25f022" />
      <TestMethod codeBase="D:/Backup CloudNotes/CloudNotes/CloudNotes/CloudNotes.Tests.Domain/bin/Debug/CloudNotes.Tests.Domain.DLL" adapterTypeName="Microsoft.VisualStudio.TestTools.TestTypes.Unit.UnitTestAdapter, Microsoft.VisualStudio.QualityTools.Tips.UnitTest.Adapter, Version=10.0.0.0, Culture=neutral, PublicKeyToken=b03f5f7f11d50a3a" className="CloudNotes.Tests.Domain.DomainTests, CloudNotes.Tests.Domain, Version=1.0.0.0, Culture=neutral, PublicKeyToken=null" name="ANoteWithAnAllWhitespaceContentIsInvalid" />
    </UnitTest>
    <UnitTest name="AUserWithAnAllWhitespaceNameIdentitiferIdentityProviderIsInvalid" storage="d:\backup cloudnotes\cloudnotes\cloudnotes\cloudnotes.tests.domain\bin\debug\cloudnotes.tests.domain.dll" id="7b077f22-22e9-49cd-daef-17e3a82a58b9">
      <Execution id="3f152f1e-5245-472f-a076-0d2ea28937bc" />
      <TestMethod codeBase="D:/Backup CloudNotes/CloudNotes/CloudNotes/CloudNotes.Tests.Domain/bin/Debug/CloudNotes.Tests.Domain.DLL" adapterTypeName="Microsoft.VisualStudio.TestTools.TestTypes.Unit.UnitTestAdapter, Microsoft.VisualStudio.QualityTools.Tips.UnitTest.Adapter, Version=10.0.0.0, Culture=neutral, PublicKeyToken=b03f5f7f11d50a3a" className="CloudNotes.Tests.Domain.DomainTests, CloudNotes.Tests.Domain, Version=1.0.0.0, Culture=neutral, PublicKeyToken=null" name="AUserWithAnAllWhitespaceNameIdentitiferIdentityProviderIsInvalid" />
    </UnitTest>
    <UnitTest name="ANoteWithAnEmptyContentIsInvalid" storage="d:\backup cloudnotes\cloudnotes\cloudnotes\cloudnotes.tests.domain\bin\debug\cloudnotes.tests.domain.dll" id="852657b0-510e-88d6-c043-399bc17187ed">
      <Execution id="6bfa3f66-4fe5-4a0c-a6fa-74862f12f2c0" />
      <TestMethod codeBase="D:/Backup CloudNotes/CloudNotes/CloudNotes/CloudNotes.Tests.Domain/bin/Debug/CloudNotes.Tests.Domain.DLL" adapterTypeName="Microsoft.VisualStudio.TestTools.TestTypes.Unit.UnitTestAdapter, Microsoft.VisualStudio.QualityTools.Tips.UnitTest.Adapter, Version=10.0.0.0, Culture=neutral, PublicKeyToken=b03f5f7f11d50a3a" className="CloudNotes.Tests.Domain.DomainTests, CloudNotes.Tests.Domain, Version=1.0.0.0, Culture=neutral, PublicKeyToken=null" name="ANoteWithAnEmptyContentIsInvalid" />
    </UnitTest>
    <UnitTest name="AUserWithAValidEmailIsValid" storage="d:\backup cloudnotes\cloudnotes\cloudnotes\cloudnotes.tests.domain\bin\debug\cloudnotes.tests.domain.dll" id="7d09f543-4324-80a8-54ae-156dcda31038">
      <Execution id="f7cec6e8-cb8a-460c-85e6-ffe79ff4cfff" />
      <TestMethod codeBase="D:/Backup CloudNotes/CloudNotes/CloudNotes/CloudNotes.Tests.Domain/bin/Debug/CloudNotes.Tests.Domain.DLL" adapterTypeName="Microsoft.VisualStudio.TestTools.TestTypes.Unit.UnitTestAdapter, Microsoft.VisualStudio.QualityTools.Tips.UnitTest.Adapter, Version=10.0.0.0, Culture=neutral, PublicKeyToken=b03f5f7f11d50a3a" className="CloudNotes.Tests.Domain.DomainTests, CloudNotes.Tests.Domain, Version=1.0.0.0, Culture=neutral, PublicKeyToken=null" name="AUserWithAValidEmailIsValid" />
    </UnitTest>
    <UnitTest name="ANoteWithAnAllWhitespaceTittleIsInvalid" storage="d:\backup cloudnotes\cloudnotes\cloudnotes\cloudnotes.tests.domain\bin\debug\cloudnotes.tests.domain.dll" id="07851a54-f9f2-0370-ef52-acf62480dca3">
      <Execution id="1307603f-eaef-4afb-8799-b4201b656515" />
      <TestMethod codeBase="D:/Backup CloudNotes/CloudNotes/CloudNotes/CloudNotes.Tests.Domain/bin/Debug/CloudNotes.Tests.Domain.DLL" adapterTypeName="Microsoft.VisualStudio.TestTools.TestTypes.Unit.UnitTestAdapter, Microsoft.VisualStudio.QualityTools.Tips.UnitTest.Adapter, Version=10.0.0.0, Culture=neutral, PublicKeyToken=b03f5f7f11d50a3a" className="CloudNotes.Tests.Domain.DomainTests, CloudNotes.Tests.Domain, Version=1.0.0.0, Culture=neutral, PublicKeyToken=null" name="ANoteWithAnAllWhitespaceTittleIsInvalid" />
    </UnitTest>
    <UnitTest name="ANoteWithATittleLongerThan20CharactersIsInvalid" storage="d:\backup cloudnotes\cloudnotes\cloudnotes\cloudnotes.tests.domain\bin\debug\cloudnotes.tests.domain.dll" id="0ce8d206-0c8a-8c5e-6c07-1fff93fda8b9">
      <Execution id="f07f6a6d-7747-4479-b52f-95f6bd736744" />
      <TestMethod codeBase="D:/Backup CloudNotes/CloudNotes/CloudNotes/CloudNotes.Tests.Domain/bin/Debug/CloudNotes.Tests.Domain.DLL" adapterTypeName="Microsoft.VisualStudio.TestTools.TestTypes.Unit.UnitTestAdapter, Microsoft.VisualStudio.QualityTools.Tips.UnitTest.Adapter, Version=10.0.0.0, Culture=neutral, PublicKeyToken=b03f5f7f11d50a3a" className="CloudNotes.Tests.Domain.DomainTests, CloudNotes.Tests.Domain, Version=1.0.0.0, Culture=neutral, PublicKeyToken=null" name="ANoteWithATittleLongerThan20CharactersIsInvalid" />
    </UnitTest>
    <UnitTest name="ANoteWithANullContainerListIsInvalid" storage="d:\backup cloudnotes\cloudnotes\cloudnotes\cloudnotes.tests.domain\bin\debug\cloudnotes.tests.domain.dll" id="2096f5a0-1903-5db2-2c40-833b3a14e68d">
      <Execution id="392d6ca8-8499-41a5-a9ba-a8e24ca04414" />
      <TestMethod codeBase="D:/Backup CloudNotes/CloudNotes/CloudNotes/CloudNotes.Tests.Domain/bin/Debug/CloudNotes.Tests.Domain.DLL" adapterTypeName="Microsoft.VisualStudio.TestTools.TestTypes.Unit.UnitTestAdapter, Microsoft.VisualStudio.QualityTools.Tips.UnitTest.Adapter, Version=10.0.0.0, Culture=neutral, PublicKeyToken=b03f5f7f11d50a3a" className="CloudNotes.Tests.Domain.DomainTests, CloudNotes.Tests.Domain, Version=1.0.0.0, Culture=neutral, PublicKeyToken=null" name="ANoteWithANullContainerListIsInvalid" />
    </UnitTest>
    <UnitTest name="ATaskListWithAnEmptyTittleIsInvalid" storage="d:\backup cloudnotes\cloudnotes\cloudnotes\cloudnotes.tests.domain\bin\debug\cloudnotes.tests.domain.dll" id="b0f72c88-e8e6-d5ef-9b19-7fed7babeddb">
      <Execution id="dbd673d5-510f-4291-8bde-0449768df23c" />
      <TestMethod codeBase="D:/Backup CloudNotes/CloudNotes/CloudNotes/CloudNotes.Tests.Domain/bin/Debug/CloudNotes.Tests.Domain.DLL" adapterTypeName="Microsoft.VisualStudio.TestTools.TestTypes.Unit.UnitTestAdapter, Microsoft.VisualStudio.QualityTools.Tips.UnitTest.Adapter, Version=10.0.0.0, Culture=neutral, PublicKeyToken=b03f5f7f11d50a3a" className="CloudNotes.Tests.Domain.DomainTests, CloudNotes.Tests.Domain, Version=1.0.0.0, Culture=neutral, PublicKeyToken=null" name="ATaskListWithAnEmptyTittleIsInvalid" />
    </UnitTest>
    <UnitTest name="ANoteWithAnEmptyTittleIsInvalid" storage="d:\backup cloudnotes\cloudnotes\cloudnotes\cloudnotes.tests.domain\bin\debug\cloudnotes.tests.domain.dll" id="157b3a3d-66d6-d440-327f-479b45016df4">
      <Execution id="436f65a7-35bc-482d-a59c-0cd52340cc9e" />
      <TestMethod codeBase="D:/Backup CloudNotes/CloudNotes/CloudNotes/CloudNotes.Tests.Domain/bin/Debug/CloudNotes.Tests.Domain.DLL" adapterTypeName="Microsoft.VisualStudio.TestTools.TestTypes.Unit.UnitTestAdapter, Microsoft.VisualStudio.QualityTools.Tips.UnitTest.Adapter, Version=10.0.0.0, Culture=neutral, PublicKeyToken=b03f5f7f11d50a3a" className="CloudNotes.Tests.Domain.DomainTests, CloudNotes.Tests.Domain, Version=1.0.0.0, Culture=neutral, PublicKeyToken=null" name="ANoteWithAnEmptyTittleIsInvalid" />
    </UnitTest>
    <UnitTest name="ATaskListWithAllPropertiesValidIsValid" storage="d:\backup cloudnotes\cloudnotes\cloudnotes\cloudnotes.tests.domain\bin\debug\cloudnotes.tests.domain.dll" id="71f98d0e-df98-5602-5fd6-919d9101bb93">
      <Execution id="622d4782-bf43-43a2-bf70-f5eeea6d4e31" />
      <TestMethod codeBase="D:/Backup CloudNotes/CloudNotes/CloudNotes/CloudNotes.Tests.Domain/bin/Debug/CloudNotes.Tests.Domain.DLL" adapterTypeName="Microsoft.VisualStudio.TestTools.TestTypes.Unit.UnitTestAdapter, Microsoft.VisualStudio.QualityTools.Tips.UnitTest.Adapter, Version=10.0.0.0, Culture=neutral, PublicKeyToken=b03f5f7f11d50a3a" className="CloudNotes.Tests.Domain.DomainTests, CloudNotes.Tests.Domain, Version=1.0.0.0, Culture=neutral, PublicKeyToken=null" name="ATaskListWithAllPropertiesValidIsValid" />
    </UnitTest>
    <UnitTest name="AUserWithAnEmptyNameIdentitiferIdentityProviderIsInvalid" storage="d:\backup cloudnotes\cloudnotes\cloudnotes\cloudnotes.tests.domain\bin\debug\cloudnotes.tests.domain.dll" id="a68d91f7-6467-c9ba-3630-f5f8421f5b40">
      <Execution id="b7d9a7ca-e675-46ec-9f0e-b57cc30703d0" />
      <TestMethod codeBase="D:/Backup CloudNotes/CloudNotes/CloudNotes/CloudNotes.Tests.Domain/bin/Debug/CloudNotes.Tests.Domain.DLL" adapterTypeName="Microsoft.VisualStudio.TestTools.TestTypes.Unit.UnitTestAdapter, Microsoft.VisualStudio.QualityTools.Tips.UnitTest.Adapter, Version=10.0.0.0, Culture=neutral, PublicKeyToken=b03f5f7f11d50a3a" className="CloudNotes.Tests.Domain.DomainTests, CloudNotes.Tests.Domain, Version=1.0.0.0, Culture=neutral, PublicKeyToken=null" name="AUserWithAnEmptyNameIdentitiferIdentityProviderIsInvalid" />
    </UnitTest>
    <UnitTest name="ANoteWithANullOwnerIsInvalid" storage="d:\backup cloudnotes\cloudnotes\cloudnotes\cloudnotes.tests.domain\bin\debug\cloudnotes.tests.domain.dll" id="e814db0b-a976-414f-8c66-ad00681e848f">
      <Execution id="56ac7b7c-0a38-459c-a38e-e5d245c63745" />
      <TestMethod codeBase="D:/Backup CloudNotes/CloudNotes/CloudNotes/CloudNotes.Tests.Domain/bin/Debug/CloudNotes.Tests.Domain.DLL" adapterTypeName="Microsoft.VisualStudio.TestTools.TestTypes.Unit.UnitTestAdapter, Microsoft.VisualStudio.QualityTools.Tips.UnitTest.Adapter, Version=10.0.0.0, Culture=neutral, PublicKeyToken=b03f5f7f11d50a3a" className="CloudNotes.Tests.Domain.DomainTests, CloudNotes.Tests.Domain, Version=1.0.0.0, Culture=neutral, PublicKeyToken=null" name="ANoteWithANullOwnerIsInvalid" />
    </UnitTest>
    <UnitTest name="ANoteWithContentLongerThan50CharactersIsInvalid" storage="d:\backup cloudnotes\cloudnotes\cloudnotes\cloudnotes.tests.domain\bin\debug\cloudnotes.tests.domain.dll" id="7a009e26-62e5-1f69-5cdb-854dc672f6ae">
      <Execution id="24a1dbf1-a750-4ed1-b4e4-6c34f8f7891c" />
      <TestMethod codeBase="D:/Backup CloudNotes/CloudNotes/CloudNotes/CloudNotes.Tests.Domain/bin/Debug/CloudNotes.Tests.Domain.DLL" adapterTypeName="Microsoft.VisualStudio.TestTools.TestTypes.Unit.UnitTestAdapter, Microsoft.VisualStudio.QualityTools.Tips.UnitTest.Adapter, Version=10.0.0.0, Culture=neutral, PublicKeyToken=b03f5f7f11d50a3a" className="CloudNotes.Tests.Domain.DomainTests, CloudNotes.Tests.Domain, Version=1.0.0.0, Culture=neutral, PublicKeyToken=null" name="ANoteWithContentLongerThan50CharactersIsInvalid" />
    </UnitTest>
    <UnitTest name="ANoteWithAllValidPropertiesIsValid" storage="d:\backup cloudnotes\cloudnotes\cloudnotes\cloudnotes.tests.domain\bin\debug\cloudnotes.tests.domain.dll" id="c14c078d-036a-ef14-90a0-c1d1a047c940">
      <Execution id="dfa6be8b-05cb-417c-8393-99c149d09473" />
      <TestMethod codeBase="D:/Backup CloudNotes/CloudNotes/CloudNotes/CloudNotes.Tests.Domain/bin/Debug/CloudNotes.Tests.Domain.DLL" adapterTypeName="Microsoft.VisualStudio.TestTools.TestTypes.Unit.UnitTestAdapter, Microsoft.VisualStudio.QualityTools.Tips.UnitTest.Adapter, Version=10.0.0.0, Culture=neutral, PublicKeyToken=b03f5f7f11d50a3a" className="CloudNotes.Tests.Domain.DomainTests, CloudNotes.Tests.Domain, Version=1.0.0.0, Culture=neutral, PublicKeyToken=null" name="ANoteWithAllValidPropertiesIsValid" />
    </UnitTest>
    <UnitTest name="AUserWithAnInvalidEmailIsInvalid" storage="d:\backup cloudnotes\cloudnotes\cloudnotes\cloudnotes.tests.domain\bin\debug\cloudnotes.tests.domain.dll" id="68595d26-57a1-321d-c72e-7ab1ba9f7821">
      <Execution id="345e8106-e0dd-4720-bcf5-8e585ee58c73" />
      <TestMethod codeBase="D:/Backup CloudNotes/CloudNotes/CloudNotes/CloudNotes.Tests.Domain/bin/Debug/CloudNotes.Tests.Domain.DLL" adapterTypeName="Microsoft.VisualStudio.TestTools.TestTypes.Unit.UnitTestAdapter, Microsoft.VisualStudio.QualityTools.Tips.UnitTest.Adapter, Version=10.0.0.0, Culture=neutral, PublicKeyToken=b03f5f7f11d50a3a" className="CloudNotes.Tests.Domain.DomainTests, CloudNotes.Tests.Domain, Version=1.0.0.0, Culture=neutral, PublicKeyToken=null" name="AUserWithAnInvalidEmailIsInvalid" />
    </UnitTest>
    <UnitTest name="ATaskListWithAnAllWhitespaceTittleIsInvalid" storage="d:\backup cloudnotes\cloudnotes\cloudnotes\cloudnotes.tests.domain\bin\debug\cloudnotes.tests.domain.dll" id="a92d683e-6db6-da08-1853-c0e53902a155">
      <Execution id="1d9b82f0-60fe-4cc8-af84-42ef21c86df4" />
      <TestMethod codeBase="D:/Backup CloudNotes/CloudNotes/CloudNotes/CloudNotes.Tests.Domain/bin/Debug/CloudNotes.Tests.Domain.DLL" adapterTypeName="Microsoft.VisualStudio.TestTools.TestTypes.Unit.UnitTestAdapter, Microsoft.VisualStudio.QualityTools.Tips.UnitTest.Adapter, Version=10.0.0.0, Culture=neutral, PublicKeyToken=b03f5f7f11d50a3a" className="CloudNotes.Tests.Domain.DomainTests, CloudNotes.Tests.Domain, Version=1.0.0.0, Culture=neutral, PublicKeyToken=null" name="ATaskListWithAnAllWhitespaceTittleIsInvalid" />
    </UnitTest>
    <UnitTest name="ATaskListWithATittleLongerThan20CharactersIsInvalid" storage="d:\backup cloudnotes\cloudnotes\cloudnotes\cloudnotes.tests.domain\bin\debug\cloudnotes.tests.domain.dll" id="14c0b5c2-e01e-d3c7-468e-9874da6b0406">
      <Execution id="27df1490-9f20-41e7-b179-1314d64730ea" />
      <TestMethod codeBase="D:/Backup CloudNotes/CloudNotes/CloudNotes/CloudNotes.Tests.Domain/bin/Debug/CloudNotes.Tests.Domain.DLL" adapterTypeName="Microsoft.VisualStudio.TestTools.TestTypes.Unit.UnitTestAdapter, Microsoft.VisualStudio.QualityTools.Tips.UnitTest.Adapter, Version=10.0.0.0, Culture=neutral, PublicKeyToken=b03f5f7f11d50a3a" className="CloudNotes.Tests.Domain.DomainTests, CloudNotes.Tests.Domain, Version=1.0.0.0, Culture=neutral, PublicKeyToken=null" name="ATaskListWithATittleLongerThan20CharactersIsInvalid" />
    </UnitTest>
  </TestDefinitions>
  <TestLists>
    <TestList name="Results Not in a List" id="8c84fa94-04c1-424b-9868-57a2d4851a1d" />
    <TestList name="All Loaded Results" id="19431567-8539-422a-85d7-44ee4e166bda" />
  </TestLists>
  <TestEntries>
    <TestEntry testId="00d57f25-d21b-e712-e7ff-b98a3d6f01aa" executionId="bfaf40df-0b8e-4969-90f5-bbc73a25f022" testListId="8c84fa94-04c1-424b-9868-57a2d4851a1d" />
    <TestEntry testId="07851a54-f9f2-0370-ef52-acf62480dca3" executionId="1307603f-eaef-4afb-8799-b4201b656515" testListId="8c84fa94-04c1-424b-9868-57a2d4851a1d" />
    <TestEntry testId="0ce8d206-0c8a-8c5e-6c07-1fff93fda8b9" executionId="f07f6a6d-7747-4479-b52f-95f6bd736744" testListId="8c84fa94-04c1-424b-9868-57a2d4851a1d" />
    <TestEntry testId="14c0b5c2-e01e-d3c7-468e-9874da6b0406" executionId="27df1490-9f20-41e7-b179-1314d64730ea" testListId="8c84fa94-04c1-424b-9868-57a2d4851a1d" />
    <TestEntry testId="157b3a3d-66d6-d440-327f-479b45016df4" executionId="436f65a7-35bc-482d-a59c-0cd52340cc9e" testListId="8c84fa94-04c1-424b-9868-57a2d4851a1d" />
    <TestEntry testId="2096f5a0-1903-5db2-2c40-833b3a14e68d" executionId="392d6ca8-8499-41a5-a9ba-a8e24ca04414" testListId="8c84fa94-04c1-424b-9868-57a2d4851a1d" />
    <TestEntry testId="68595d26-57a1-321d-c72e-7ab1ba9f7821" executionId="345e8106-e0dd-4720-bcf5-8e585ee58c73" testListId="8c84fa94-04c1-424b-9868-57a2d4851a1d" />
    <TestEntry testId="71f98d0e-df98-5602-5fd6-919d9101bb93" executionId="622d4782-bf43-43a2-bf70-f5eeea6d4e31" testListId="8c84fa94-04c1-424b-9868-57a2d4851a1d" />
    <TestEntry testId="7a009e26-62e5-1f69-5cdb-854dc672f6ae" executionId="24a1dbf1-a750-4ed1-b4e4-6c34f8f7891c" testListId="8c84fa94-04c1-424b-9868-57a2d4851a1d" />
    <TestEntry testId="7b077f22-22e9-49cd-daef-17e3a82a58b9" executionId="3f152f1e-5245-472f-a076-0d2ea28937bc" testListId="8c84fa94-04c1-424b-9868-57a2d4851a1d" />
    <TestEntry testId="7d09f543-4324-80a8-54ae-156dcda31038" executionId="f7cec6e8-cb8a-460c-85e6-ffe79ff4cfff" testListId="8c84fa94-04c1-424b-9868-57a2d4851a1d" />
    <TestEntry testId="852657b0-510e-88d6-c043-399bc17187ed" executionId="6bfa3f66-4fe5-4a0c-a6fa-74862f12f2c0" testListId="8c84fa94-04c1-424b-9868-57a2d4851a1d" />
    <TestEntry testId="a68d91f7-6467-c9ba-3630-f5f8421f5b40" executionId="b7d9a7ca-e675-46ec-9f0e-b57cc30703d0" testListId="8c84fa94-04c1-424b-9868-57a2d4851a1d" />
    <TestEntry testId="a92d683e-6db6-da08-1853-c0e53902a155" executionId="1d9b82f0-60fe-4cc8-af84-42ef21c86df4" testListId="8c84fa94-04c1-424b-9868-57a2d4851a1d" />
    <TestEntry testId="b0f72c88-e8e6-d5ef-9b19-7fed7babeddb" executionId="dbd673d5-510f-4291-8bde-0449768df23c" testListId="8c84fa94-04c1-424b-9868-57a2d4851a1d" />
    <TestEntry testId="c14c078d-036a-ef14-90a0-c1d1a047c940" executionId="dfa6be8b-05cb-417c-8393-99c149d09473" testListId="8c84fa94-04c1-424b-9868-57a2d4851a1d" />
    <TestEntry testId="e814db0b-a976-414f-8c66-ad00681e848f" executionId="56ac7b7c-0a38-459c-a38e-e5d245c63745" testListId="8c84fa94-04c1-424b-9868-57a2d4851a1d" />
  </TestEntries>
  <Results>
    <UnitTestResult executionId="bfaf40df-0b8e-4969-90f5-bbc73a25f022" testId="00d57f25-d21b-e712-e7ff-b98a3d6f01aa" testName="ANoteWithAnAllWhitespaceContentIsInvalid" computerName="BLACKBEAUTY" duration="00:00:00.0251548" startTime="2012-07-02T19:30:42.2483505+01:00" endTime="2012-07-02T19:30:42.5103655+01:00" testType="13cdc9d9-ddb5-4fa4-a97d-d965ccfc6d4b" outcome="Passed" testListId="8c84fa94-04c1-424b-9868-57a2d4851a1d" relativeResultsDirectory="bfaf40df-0b8e-4969-90f5-bbc73a25f022">
    </UnitTestResult>
    <UnitTestResult executionId="1307603f-eaef-4afb-8799-b4201b656515" testId="07851a54-f9f2-0370-ef52-acf62480dca3" testName="ANoteWithAnAllWhitespaceTittleIsInvalid" computerName="BLACKBEAUTY" duration="00:00:00.0003510" startTime="2012-07-02T19:30:42.5123656+01:00" endTime="2012-07-02T19:30:42.5153658+01:00" testType="13cdc9d9-ddb5-4fa4-a97d-d965ccfc6d4b" outcome="Passed" testListId="8c84fa94-04c1-424b-9868-57a2d4851a1d" relativeResultsDirectory="1307603f-eaef-4afb-8799-b4201b656515">
    </UnitTestResult>
    <UnitTestResult executionId="f07f6a6d-7747-4479-b52f-95f6bd736744" testId="0ce8d206-0c8a-8c5e-6c07-1fff93fda8b9" testName="ANoteWithATittleLongerThan20CharactersIsInvalid" computerName="BLACKBEAUTY" duration="00:00:00.0002776" startTime="2012-07-02T19:30:42.5173659+01:00" endTime="2012-07-02T19:30:42.5193660+01:00" testType="13cdc9d9-ddb5-4fa4-a97d-d965ccfc6d4b" outcome="Passed" testListId="8c84fa94-04c1-424b-9868-57a2d4851a1d" relativeResultsDirectory="f07f6a6d-7747-4479-b52f-95f6bd736744">
    </UnitTestResult>
    <UnitTestResult executionId="27df1490-9f20-41e7-b179-1314d64730ea" testId="14c0b5c2-e01e-d3c7-468e-9874da6b0406" testName="ATaskListWithATittleLongerThan20CharactersIsInvalid" computerName="BLACKBEAUTY" duration="00:00:00.0019714" startTime="2012-07-02T19:30:42.5213661+01:00" endTime="2012-07-02T19:30:42.5253663+01:00" testType="13cdc9d9-ddb5-4fa4-a97d-d965ccfc6d4b" outcome="Passed" testListId="8c84fa94-04c1-424b-9868-57a2d4851a1d" relativeResultsDirectory="27df1490-9f20-41e7-b179-1314d64730ea">
    </UnitTestResult>
    <UnitTestResult executionId="436f65a7-35bc-482d-a59c-0cd52340cc9e" testId="157b3a3d-66d6-d440-327f-479b45016df4" testName="ANoteWithAnEmptyTittleIsInvalid" computerName="BLACKBEAUTY" duration="00:00:00.0003263" startTime="2012-07-02T19:30:42.5263664+01:00" endTime="2012-07-02T19:30:42.5293666+01:00" testType="13cdc9d9-ddb5-4fa4-a97d-d965ccfc6d4b" outcome="Passed" testListId="8c84fa94-04c1-424b-9868-57a2d4851a1d" relativeResultsDirectory="436f65a7-35bc-482d-a59c-0cd52340cc9e">
    </UnitTestResult>
    <UnitTestResult executionId="392d6ca8-8499-41a5-a9ba-a8e24ca04414" testId="2096f5a0-1903-5db2-2c40-833b3a14e68d" testName="ANoteWithANullContainerListIsInvalid" computerName="BLACKBEAUTY" duration="00:00:00.0003173" startTime="2012-07-02T19:30:42.5313667+01:00" endTime="2012-07-02T19:30:42.5343668+01:00" testType="13cdc9d9-ddb5-4fa4-a97d-d965ccfc6d4b" outcome="Passed" testListId="8c84fa94-04c1-424b-9868-57a2d4851a1d" relativeResultsDirectory="392d6ca8-8499-41a5-a9ba-a8e24ca04414">
    </UnitTestResult>
    <UnitTestResult executionId="345e8106-e0dd-4720-bcf5-8e585ee58c73" testId="68595d26-57a1-321d-c72e-7ab1ba9f7821" testName="AUserWithAnInvalidEmailIsInvalid" computerName="BLACKBEAUTY" duration="00:00:00.0022141" startTime="2012-07-02T19:30:42.5353669+01:00" endTime="2012-07-02T19:30:42.5403672+01:00" testType="13cdc9d9-ddb5-4fa4-a97d-d965ccfc6d4b" outcome="Passed" testListId="8c84fa94-04c1-424b-9868-57a2d4851a1d" relativeResultsDirectory="345e8106-e0dd-4720-bcf5-8e585ee58c73">
    </UnitTestResult>
    <UnitTestResult executionId="622d4782-bf43-43a2-bf70-f5eeea6d4e31" testId="71f98d0e-df98-5602-5fd6-919d9101bb93" testName="ATaskListWithAllPropertiesValidIsValid" computerName="BLACKBEAUTY" duration="00:00:00.0002896" startTime="2012-07-02T19:30:42.5423673+01:00" endTime="2012-07-02T19:30:42.5453675+01:00" testType="13cdc9d9-ddb5-4fa4-a97d-d965ccfc6d4b" outcome="Passed" testListId="8c84fa94-04c1-424b-9868-57a2d4851a1d" relativeResultsDirectory="622d4782-bf43-43a2-bf70-f5eeea6d4e31">
    </UnitTestResult>
    <UnitTestResult executionId="24a1dbf1-a750-4ed1-b4e4-6c34f8f7891c" testId="7a009e26-62e5-1f69-5cdb-854dc672f6ae" testName="ANoteWithContentLongerThan50CharactersIsInvalid" computerName="BLACKBEAUTY" duration="00:00:00.0002768" startTime="2012-07-02T19:30:42.5463675+01:00" endTime="2012-07-02T19:30:42.5493677+01:00" testType="13cdc9d9-ddb5-4fa4-a97d-d965ccfc6d4b" outcome="Passed" testListId="8c84fa94-04c1-424b-9868-57a2d4851a1d" relativeResultsDirectory="24a1dbf1-a750-4ed1-b4e4-6c34f8f7891c">
    </UnitTestResult>
    <UnitTestResult executionId="3f152f1e-5245-472f-a076-0d2ea28937bc" testId="7b077f22-22e9-49cd-daef-17e3a82a58b9" testName="AUserWithAnAllWhitespaceNameIdentitiferIdentityProviderIsInvalid" computerName="BLACKBEAUTY" duration="00:00:00.0002721" startTime="2012-07-02T19:30:42.5503678+01:00" endTime="2012-07-02T19:30:42.5533679+01:00" testType="13cdc9d9-ddb5-4fa4-a97d-d965ccfc6d4b" outcome="Passed" testListId="8c84fa94-04c1-424b-9868-57a2d4851a1d" relativeResultsDirectory="3f152f1e-5245-472f-a076-0d2ea28937bc">
    </UnitTestResult>
    <UnitTestResult executionId="f7cec6e8-cb8a-460c-85e6-ffe79ff4cfff" testId="7d09f543-4324-80a8-54ae-156dcda31038" testName="AUserWithAValidEmailIsValid" computerName="BLACKBEAUTY" duration="00:00:00.0002938" startTime="2012-07-02T19:30:42.5543680+01:00" endTime="2012-07-02T19:30:42.5583682+01:00" testType="13cdc9d9-ddb5-4fa4-a97d-d965ccfc6d4b" outcome="Passed" testListId="8c84fa94-04c1-424b-9868-57a2d4851a1d" relativeResultsDirectory="f7cec6e8-cb8a-460c-85e6-ffe79ff4cfff">
    </UnitTestResult>
    <UnitTestResult executionId="6bfa3f66-4fe5-4a0c-a6fa-74862f12f2c0" testId="852657b0-510e-88d6-c043-399bc17187ed" testName="ANoteWithAnEmptyContentIsInvalid" computerName="BLACKBEAUTY" duration="00:00:00.0003088" startTime="2012-07-02T19:30:42.5593683+01:00" endTime="2012-07-02T19:30:42.5623684+01:00" testType="13cdc9d9-ddb5-4fa4-a97d-d965ccfc6d4b" outcome="Passed" testListId="8c84fa94-04c1-424b-9868-57a2d4851a1d" relativeResultsDirectory="6bfa3f66-4fe5-4a0c-a6fa-74862f12f2c0">
    </UnitTestResult>
    <UnitTestResult executionId="b7d9a7ca-e675-46ec-9f0e-b57cc30703d0" testId="a68d91f7-6467-c9ba-3630-f5f8421f5b40" testName="AUserWithAnEmptyNameIdentitiferIdentityProviderIsInvalid" computerName="BLACKBEAUTY" duration="00:00:00.0004167" startTime="2012-07-02T19:30:42.5633685+01:00" endTime="2012-07-02T19:30:42.5673687+01:00" testType="13cdc9d9-ddb5-4fa4-a97d-d965ccfc6d4b" outcome="Passed" testListId="8c84fa94-04c1-424b-9868-57a2d4851a1d" relativeResultsDirectory="b7d9a7ca-e675-46ec-9f0e-b57cc30703d0">
    </UnitTestResult>
    <UnitTestResult executionId="1d9b82f0-60fe-4cc8-af84-42ef21c86df4" testId="a92d683e-6db6-da08-1853-c0e53902a155" testName="ATaskListWithAnAllWhitespaceTittleIsInvalid" computerName="BLACKBEAUTY" duration="00:00:00.0002695" startTime="2012-07-02T19:30:42.5683688+01:00" endTime="2012-07-02T19:30:42.5713690+01:00" testType="13cdc9d9-ddb5-4fa4-a97d-d965ccfc6d4b" outcome="Passed" testListId="8c84fa94-04c1-424b-9868-57a2d4851a1d" relativeResultsDirectory="1d9b82f0-60fe-4cc8-af84-42ef21c86df4">
    </UnitTestResult>
    <UnitTestResult executionId="dbd673d5-510f-4291-8bde-0449768df23c" testId="b0f72c88-e8e6-d5ef-9b19-7fed7babeddb" testName="ATaskListWithAnEmptyTittleIsInvalid" computerName="BLACKBEAUTY" duration="00:00:00.0003062" startTime="2012-07-02T19:30:42.5733691+01:00" endTime="2012-07-02T19:30:42.5763692+01:00" testType="13cdc9d9-ddb5-4fa4-a97d-d965ccfc6d4b" outcome="Passed" testListId="8c84fa94-04c1-424b-9868-57a2d4851a1d" relativeResultsDirectory="dbd673d5-510f-4291-8bde-0449768df23c">
    </UnitTestResult>
    <UnitTestResult executionId="dfa6be8b-05cb-417c-8393-99c149d09473" testId="c14c078d-036a-ef14-90a0-c1d1a047c940" testName="ANoteWithAllValidPropertiesIsValid" computerName="BLACKBEAUTY" duration="00:00:00.0002763" startTime="2012-07-02T19:30:42.5773693+01:00" endTime="2012-07-02T19:30:42.5813695+01:00" testType="13cdc9d9-ddb5-4fa4-a97d-d965ccfc6d4b" outcome="Passed" testListId="8c84fa94-04c1-424b-9868-57a2d4851a1d" relativeResultsDirectory="dfa6be8b-05cb-417c-8393-99c149d09473">
    </UnitTestResult>
    <UnitTestResult executionId="56ac7b7c-0a38-459c-a38e-e5d245c63745" testId="e814db0b-a976-414f-8c66-ad00681e848f" testName="ANoteWithANullOwnerIsInvalid" computerName="BLACKBEAUTY" duration="00:00:00.0002798" startTime="2012-07-02T19:30:42.5823696+01:00" endTime="2012-07-02T19:30:42.5853698+01:00" testType="13cdc9d9-ddb5-4fa4-a97d-d965ccfc6d4b" outcome="Passed" testListId="8c84fa94-04c1-424b-9868-57a2d4851a1d" relativeResultsDirectory="56ac7b7c-0a38-459c-a38e-e5d245c63745">
    </UnitTestResult>
  </Results>
</TestRun>