<?xml version="1.0" encoding="UTF-8"?>
<TestRun id="ee1aef70-4e4e-4b73-833f-09b43dae5851" name="Luis@BLACKBEAUTY 2012-08-31 22:16:31" runUser="BlackBeauty\Luis" xmlns="http://microsoft.com/schemas/VisualStudio/TeamTest/2010">
  <TestSettings name="Local" id="a9c45579-508c-4524-9966-e1f8cfbc3e28">
    <Description>These are default test settings for a local test run.</Description>
    <Deployment runDeploymentRoot="Luis_BLACKBEAUTY 2012-08-31 22_16_31">
      <DeploymentItem filename="D:\PROMPT11-10-CloudComputing\CloudNotes\CloudNotes.Repositories\bin\Debug\CloudNotes.Repositories.dll" />
      <DeploymentItem filename="D:\PROMPT11-10-CloudComputing\CloudNotes\packages\MvcRouteUnitTester.0.9.2.0\lib\MvcRouteUnitTester.dll" />
      <DeploymentItem filename="C:\Program Files\Windows Azure SDK\v1.6\ref\Microsoft.WindowsAzure.StorageClient.dll" />
      <DeploymentItem filename="D:\PROMPT11-10-CloudComputing\CloudNotes\CloudNotes.Tests.Domain.Services\bin\Debug\CloudNotes.Tests.Domain.Services.dll" />
      <DeploymentItem filename="D:\PROMPT11-10-CloudComputing\CloudNotes\CloudNotes.Domain.Services\bin\Debug\CloudNotes.Domain.Services.dll" />
      <DeploymentItem filename="D:\PROMPT11-10-CloudComputing\CloudNotes\CloudNotes.Domain\bin\Debug\CloudNotes.Domain.dll" />
      <DeploymentItem filename="D:\PROMPT11-10-CloudComputing\CloudNotes\CloudNotes.Tests.Presentation.MVC\bin\Debug\PagedList.dll" />
      <DeploymentItem filename="D:\PROMPT11-10-CloudComputing\CloudNotes\CloudNotes.WebRole\bin\CloudNotes.WebRole.dll" />
      <DeploymentItem filename="D:\PROMPT11-10-CloudComputing\CloudNotes\packages\Moq.4.0.10827\lib\NET40\Moq.dll" />
      <DeploymentItem filename="D:\PROMPT11-10-CloudComputing\CloudNotes\CloudNotes.Tests.Domain\bin\Debug\CloudNotes.Tests.Domain.dll" />
    </Deployment>
    <Execution>
      <TestTypeSpecific>
        <UnitTestRunConfig testTypeId="13cdc9d9-ddb5-4fa4-a97d-d965ccfc6d4b">
          <AssemblyResolution>
            <TestDirectory useLoadContext="true" />
          </AssemblyResolution>
        </UnitTestRunConfig>
        <WebTestRunConfiguration testTypeId="4e7599fa-5ecb-43e9-a887-cd63cf72d207">
          <Browser name="Internet Explorer 7.0">
            <Headers>
              <Header name="User-Agent" value="Mozilla/4.0 (compatible; MSIE 7.0; Windows NT 5.1)" />
              <Header name="Accept" value="*/*" />
              <Header name="Accept-Language" value="{{$IEAcceptLanguage}}" />
              <Header name="Accept-Encoding" value="GZIP" />
            </Headers>
          </Browser>
        </WebTestRunConfiguration>
      </TestTypeSpecific>
      <AgentRule name="LocalMachineDefaultRole">
        <DataCollectors>
          <DataCollector uri="datacollector://microsoft/CodeCoverage/1.0" assemblyQualifiedName="Microsoft.VisualStudio.TestTools.CodeCoverage.CoveragePlugIn, Microsoft.VisualStudio.QualityTools.Plugins.CodeCoverage, Version=10.0.0.0, Culture=neutral, PublicKeyToken=b03f5f7f11d50a3a" friendlyName="Code Coverage">
            <Configuration>
              <CodeCoverage xmlns="">
                <Regular>
                  <CodeCoverageItem binaryFile="D:\PROMPT11-10-CloudComputing\CloudNotes\CloudNotes.Domain\bin\Debug\CloudNotes.Domain.dll" pdbFile="D:\PROMPT11-10-CloudComputing\CloudNotes\CloudNotes.Domain\bin\Debug\CloudNotes.Domain.instr.pdb" instrumentInPlace="true" />
                  <CodeCoverageItem binaryFile="D:\PROMPT11-10-CloudComputing\CloudNotes\CloudNotes.Repositories\bin\Debug\CloudNotes.Repositories.dll" pdbFile="D:\PROMPT11-10-CloudComputing\CloudNotes\CloudNotes.Repositories\bin\Debug\CloudNotes.Repositories.instr.pdb" instrumentInPlace="true" />
                  <CodeCoverageItem binaryFile="D:\PROMPT11-10-CloudComputing\CloudNotes\CloudNotes.Domain.Services\bin\Debug\CloudNotes.Domain.Services.dll" pdbFile="D:\PROMPT11-10-CloudComputing\CloudNotes\CloudNotes.Domain.Services\bin\Debug\CloudNotes.Domain.Services.instr.pdb" instrumentInPlace="true" />
                </Regular>
              </CodeCoverage>
            </Configuration>
          </DataCollector>
          <DataCollector uri="datacollector://microsoft/TraceDebugger/1.0" assemblyQualifiedName="Microsoft.VisualStudio.TraceCollector.TraceDebuggerDataCollector, Microsoft.VisualStudio.TraceCollector, Version=10.0.0.0, Culture=neutral, PublicKeyToken=b03f5f7f11d50a3a" friendlyName="IntelliTrace">
          </DataCollector>
          <DataCollector uri="datacollector://microsoft/AspNetProfiler/1.0" assemblyQualifiedName="Microsoft.VisualStudio.PerformanceTools.DataCollection.AspNetProfileDataCollector, Microsoft.VisualStudio.PerformanceTools.DataCollection, Version=10.0.0.0, Culture=neutral, PublicKeyToken=b03f5f7f11d50a3a" friendlyName="ASP.NET Profiler">
          </DataCollector>
        </DataCollectors>
      </AgentRule>
    </Execution>
  </TestSettings>
  <Times creation="2012-08-31T22:16:31.9893787+01:00" queuing="2012-08-31T22:16:36.2136110+01:00" start="2012-08-31T22:16:48.1843456+01:00" finish="2012-08-31T22:17:05.6719764+01:00" />
  <ResultSummary outcome="Failed">
    <Counters total="110" executed="110" passed="108" error="0" failed="2" timeout="0" aborted="0" inconclusive="0" passedButRunAborted="0" notRunnable="0" notExecuted="0" disconnected="0" warning="0" completed="0" inProgress="0" pending="0" />
    <ResultFiles>
      <ResultFile path="BLACKBEAUTY\data.coverage" />
    </ResultFiles>
  </ResultSummary>
  <TestDefinitions>
    <UnitTest name="NotesRepositoryLoadCallsLoadFromTheUnitOfWork" storage="d:\prompt11-10-cloudcomputing\cloudnotes\cloudnotes.tests.repositories\bin\debug\cloudnotes.tests.repositories.dll" id="17943233-8015-a282-b442-243916829980">
      <Execution id="0a9b3436-06c9-4db9-b90b-46b4f0e4ad75" />
      <TestMethod codeBase="D:/PROMPT11-10-CloudComputing/CloudNotes/CloudNotes.Tests.Repositories/bin/Debug/CloudNotes.Tests.Repositories.DLL" adapterTypeName="Microsoft.VisualStudio.TestTools.TestTypes.Unit.UnitTestAdapter, Microsoft.VisualStudio.QualityTools.Tips.UnitTest.Adapter, Version=10.0.0.0, Culture=neutral, PublicKeyToken=b03f5f7f11d50a3a" className="CloudNotes.Tests.Repositories.RepositoriesTests, CloudNotes.Tests.Repositories, Version=1.0.0.0, Culture=neutral, PublicKeyToken=null" name="NotesRepositoryLoadCallsLoadFromTheUnitOfWork" />
    </UnitTest>
    <UnitTest name="NotesServiceMethodGetShouldReturnNullForANonExistingNote" storage="d:\prompt11-10-cloudcomputing\cloudnotes\cloudnotes.tests.domain.services\bin\debug\cloudnotes.tests.domain.services.dll" id="966d9ca3-96a8-e299-9eae-7de085d51e46">
      <Execution id="dfbf625a-afea-4562-8de6-b9eb642bc5f7" />
      <TestMethod codeBase="D:/PROMPT11-10-CloudComputing/CloudNotes/CloudNotes.Tests.Domain.Services/bin/Debug/CloudNotes.Tests.Domain.Services.DLL" adapterTypeName="Microsoft.VisualStudio.TestTools.TestTypes.Unit.UnitTestAdapter, Microsoft.VisualStudio.QualityTools.Tips.UnitTest.Adapter, Version=10.0.0.0, Culture=neutral, PublicKeyToken=b03f5f7f11d50a3a" className="CloudNotes.Tests.Domain.Services.DomainServicesTests, CloudNotes.Tests.Domain.Services, Version=1.0.0.0, Culture=neutral, PublicKeyToken=null" name="NotesServiceMethodGetShouldReturnNullForANonExistingNote" />
    </UnitTest>
    <UnitTest name="UsersRepositoryLoadTaskListOwnerCallsLoadAndGetFromTheUnitOfWork" storage="d:\prompt11-10-cloudcomputing\cloudnotes\cloudnotes.tests.repositories\bin\debug\cloudnotes.tests.repositories.dll" id="087d9898-edea-6433-a4ef-23fb3738fd61">
      <Execution id="41887df7-4822-40bb-8234-abd835085e5d" />
      <TestMethod codeBase="D:/PROMPT11-10-CloudComputing/CloudNotes/CloudNotes.Tests.Repositories/bin/Debug/CloudNotes.Tests.Repositories.DLL" adapterTypeName="Microsoft.VisualStudio.TestTools.TestTypes.Unit.UnitTestAdapter, Microsoft.VisualStudio.QualityTools.Tips.UnitTest.Adapter, Version=10.0.0.0, Culture=neutral, PublicKeyToken=b03f5f7f11d50a3a" className="CloudNotes.Tests.Repositories.RepositoriesTests, CloudNotes.Tests.Repositories, Version=1.0.0.0, Culture=neutral, PublicKeyToken=null" name="UsersRepositoryLoadTaskListOwnerCallsLoadAndGetFromTheUnitOfWork" />
    </UnitTest>
    <UnitTest name="UsersServiceMethodGetUserAuthenticationInfoShouldReturnTheAuthenticationInfoWithoutNameAndEmail" storage="d:\prompt11-10-cloudcomputing\cloudnotes\cloudnotes.tests.domain.services\bin\debug\cloudnotes.tests.domain.services.dll" id="7b65c322-82a6-21f6-1c5a-05f328fac3be">
      <Execution id="a6821e81-98a1-436d-9867-f0f949c7969b" />
      <TestMethod codeBase="D:/PROMPT11-10-CloudComputing/CloudNotes/CloudNotes.Tests.Domain.Services/bin/Debug/CloudNotes.Tests.Domain.Services.DLL" adapterTypeName="Microsoft.VisualStudio.TestTools.TestTypes.Unit.UnitTestAdapter, Microsoft.VisualStudio.QualityTools.Tips.UnitTest.Adapter, Version=10.0.0.0, Culture=neutral, PublicKeyToken=b03f5f7f11d50a3a" className="CloudNotes.Tests.Domain.Services.DomainServicesTests, CloudNotes.Tests.Domain.Services, Version=1.0.0.0, Culture=neutral, PublicKeyToken=null" name="UsersServiceMethodGetUserAuthenticationInfoShouldReturnTheAuthenticationInfoWithoutNameAndEmail" />
    </UnitTest>
    <UnitTest name="ATaskListWithAllPropertiesValidIsValid" storage="d:\prompt11-10-cloudcomputing\cloudnotes\cloudnotes.tests.domain\bin\debug\cloudnotes.tests.domain.dll" id="71f98d0e-df98-5602-5fd6-919d9101bb93">
      <Execution id="c515484a-e9ba-4e8f-a4eb-00b06a69a36d" />
      <TestMethod codeBase="D:/PROMPT11-10-CloudComputing/CloudNotes/CloudNotes.Tests.Domain/bin/Debug/CloudNotes.Tests.Domain.DLL" adapterTypeName="Microsoft.VisualStudio.TestTools.TestTypes.Unit.UnitTestAdapter, Microsoft.VisualStudio.QualityTools.Tips.UnitTest.Adapter, Version=10.0.0.0, Culture=neutral, PublicKeyToken=b03f5f7f11d50a3a" className="CloudNotes.Tests.Domain.DomainTests, CloudNotes.Tests.Domain, Version=1.0.0.0, Culture=neutral, PublicKeyToken=null" name="ATaskListWithAllPropertiesValidIsValid" />
    </UnitTest>
    <UnitTest name="UsersRepositoryLoadNoteOwnerCallsLoadAndGetFromTheUnitOfWork" storage="d:\prompt11-10-cloudcomputing\cloudnotes\cloudnotes.tests.repositories\bin\debug\cloudnotes.tests.repositories.dll" id="e3d8badb-d961-d4d2-2fc7-38832d7198cd">
      <Execution id="13e91fb2-3ddb-4a6a-a29b-7944737c17f5" />
      <TestMethod codeBase="D:/PROMPT11-10-CloudComputing/CloudNotes/CloudNotes.Tests.Repositories/bin/Debug/CloudNotes.Tests.Repositories.DLL" adapterTypeName="Microsoft.VisualStudio.TestTools.TestTypes.Unit.UnitTestAdapter, Microsoft.VisualStudio.QualityTools.Tips.UnitTest.Adapter, Version=10.0.0.0, Culture=neutral, PublicKeyToken=b03f5f7f11d50a3a" className="CloudNotes.Tests.Repositories.RepositoriesTests, CloudNotes.Tests.Repositories, Version=1.0.0.0, Culture=neutral, PublicKeyToken=null" name="UsersRepositoryLoadNoteOwnerCallsLoadAndGetFromTheUnitOfWork" />
    </UnitTest>
    <UnitTest name="TaskListsServiceMethodAddShareShouldAddAUserToATaskListShares" storage="d:\prompt11-10-cloudcomputing\cloudnotes\cloudnotes.tests.domain.services\bin\debug\cloudnotes.tests.domain.services.dll" id="a09a3efe-5018-8ea3-5334-81bff13818e9">
      <Execution id="10f40db4-e409-4b17-9c7f-c1d0bc5dfa62" />
      <TestMethod codeBase="D:/PROMPT11-10-CloudComputing/CloudNotes/CloudNotes.Tests.Domain.Services/bin/Debug/CloudNotes.Tests.Domain.Services.DLL" adapterTypeName="Microsoft.VisualStudio.TestTools.TestTypes.Unit.UnitTestAdapter, Microsoft.VisualStudio.QualityTools.Tips.UnitTest.Adapter, Version=10.0.0.0, Culture=neutral, PublicKeyToken=b03f5f7f11d50a3a" className="CloudNotes.Tests.Domain.Services.DomainServicesTests, CloudNotes.Tests.Domain.Services, Version=1.0.0.0, Culture=neutral, PublicKeyToken=null" name="TaskListsServiceMethodAddShareShouldAddAUserToATaskListShares" />
    </UnitTest>
    <UnitTest name="TaskListsRepositoryLoadCallsLoadFromTheUnitOfWork" storage="d:\prompt11-10-cloudcomputing\cloudnotes\cloudnotes.tests.repositories\bin\debug\cloudnotes.tests.repositories.dll" id="23d50d4e-c7ad-15c6-58f2-b5a0b49d6762">
      <Execution id="0e166ace-93f4-40c0-85b3-6e399c88fae0" />
      <TestMethod codeBase="D:/PROMPT11-10-CloudComputing/CloudNotes/CloudNotes.Tests.Repositories/bin/Debug/CloudNotes.Tests.Repositories.DLL" adapterTypeName="Microsoft.VisualStudio.TestTools.TestTypes.Unit.UnitTestAdapter, Microsoft.VisualStudio.QualityTools.Tips.UnitTest.Adapter, Version=10.0.0.0, Culture=neutral, PublicKeyToken=b03f5f7f11d50a3a" className="CloudNotes.Tests.Repositories.RepositoriesTests, CloudNotes.Tests.Repositories, Version=1.0.0.0, Culture=neutral, PublicKeyToken=null" name="TaskListsRepositoryLoadCallsLoadFromTheUnitOfWork" />
    </UnitTest>
    <UnitTest name="ANoteWithAnEmptyContentIsInvalid" storage="d:\prompt11-10-cloudcomputing\cloudnotes\cloudnotes.tests.domain\bin\debug\cloudnotes.tests.domain.dll" id="852657b0-510e-88d6-c043-399bc17187ed">
      <Execution id="118643c3-c134-4a2f-84da-a20873ffced0" />
      <TestMethod codeBase="D:/PROMPT11-10-CloudComputing/CloudNotes/CloudNotes.Tests.Domain/bin/Debug/CloudNotes.Tests.Domain.DLL" adapterTypeName="Microsoft.VisualStudio.TestTools.TestTypes.Unit.UnitTestAdapter, Microsoft.VisualStudio.QualityTools.Tips.UnitTest.Adapter, Version=10.0.0.0, Culture=neutral, PublicKeyToken=b03f5f7f11d50a3a" className="CloudNotes.Tests.Domain.DomainTests, CloudNotes.Tests.Domain, Version=1.0.0.0, Culture=neutral, PublicKeyToken=null" name="ANoteWithAnEmptyContentIsInvalid" />
    </UnitTest>
    <UnitTest name="UsersServiceMethodGetShouldReturnNullForANonExistingUser" storage="d:\prompt11-10-cloudcomputing\cloudnotes\cloudnotes.tests.domain.services\bin\debug\cloudnotes.tests.domain.services.dll" id="6f08de37-a78e-29cc-f154-9197a3a712f9">
      <Execution id="9feb8019-e4cc-49c9-ae2d-73a65d241cd9" />
      <TestMethod codeBase="D:/PROMPT11-10-CloudComputing/CloudNotes/CloudNotes.Tests.Domain.Services/bin/Debug/CloudNotes.Tests.Domain.Services.DLL" adapterTypeName="Microsoft.VisualStudio.TestTools.TestTypes.Unit.UnitTestAdapter, Microsoft.VisualStudio.QualityTools.Tips.UnitTest.Adapter, Version=10.0.0.0, Culture=neutral, PublicKeyToken=b03f5f7f11d50a3a" className="CloudNotes.Tests.Domain.Services.DomainServicesTests, CloudNotes.Tests.Domain.Services, Version=1.0.0.0, Culture=neutral, PublicKeyToken=null" name="UsersServiceMethodGetShouldReturnNullForANonExistingUser" />
    </UnitTest>
    <UnitTest name="UsersRepositoryLoadShareCallsLoadAndGetFromTheUnitOfWork" storage="d:\prompt11-10-cloudcomputing\cloudnotes\cloudnotes.tests.repositories\bin\debug\cloudnotes.tests.repositories.dll" id="07ee8892-7054-180f-ddec-a98630f0764f">
      <Execution id="e1cc24f9-3aee-4fae-844b-ea915ca2b37c" />
      <TestMethod codeBase="D:/PROMPT11-10-CloudComputing/CloudNotes/CloudNotes.Tests.Repositories/bin/Debug/CloudNotes.Tests.Repositories.DLL" adapterTypeName="Microsoft.VisualStudio.TestTools.TestTypes.Unit.UnitTestAdapter, Microsoft.VisualStudio.QualityTools.Tips.UnitTest.Adapter, Version=10.0.0.0, Culture=neutral, PublicKeyToken=b03f5f7f11d50a3a" className="CloudNotes.Tests.Repositories.RepositoriesTests, CloudNotes.Tests.Repositories, Version=1.0.0.0, Culture=neutral, PublicKeyToken=null" name="UsersRepositoryLoadShareCallsLoadAndGetFromTheUnitOfWork" />
    </UnitTest>
    <UnitTest name="UsersRepositoryParseIdentityProviderParsesWindowsLiveIDCorrectly" storage="d:\prompt11-10-cloudcomputing\cloudnotes\cloudnotes.tests.repositories\bin\debug\cloudnotes.tests.repositories.dll" id="83144cc2-eba3-40b7-3a94-8375dcee99f1">
      <Execution id="2dc65915-2c59-4781-841a-517af8f2caf2" />
      <TestMethod codeBase="D:/PROMPT11-10-CloudComputing/CloudNotes/CloudNotes.Tests.Repositories/bin/Debug/CloudNotes.Tests.Repositories.DLL" adapterTypeName="Microsoft.VisualStudio.TestTools.TestTypes.Unit.UnitTestAdapter, Microsoft.VisualStudio.QualityTools.Tips.UnitTest.Adapter, Version=10.0.0.0, Culture=neutral, PublicKeyToken=b03f5f7f11d50a3a" className="CloudNotes.Tests.Repositories.RepositoriesTests, CloudNotes.Tests.Repositories, Version=1.0.0.0, Culture=neutral, PublicKeyToken=null" name="UsersRepositoryParseIdentityProviderParsesWindowsLiveIDCorrectly" />
    </UnitTest>
    <UnitTest name="UsersServiceMethodLoadShareShouldLoadTheTaskListShares" storage="d:\prompt11-10-cloudcomputing\cloudnotes\cloudnotes.tests.domain.services\bin\debug\cloudnotes.tests.domain.services.dll" id="b81d524b-5fb5-2e72-1747-39c7882c4e2d">
      <Execution id="597b41e0-f4f3-419e-9ad6-0cb0291d5c2b" />
      <TestMethod codeBase="D:/PROMPT11-10-CloudComputing/CloudNotes/CloudNotes.Tests.Domain.Services/bin/Debug/CloudNotes.Tests.Domain.Services.DLL" adapterTypeName="Microsoft.VisualStudio.TestTools.TestTypes.Unit.UnitTestAdapter, Microsoft.VisualStudio.QualityTools.Tips.UnitTest.Adapter, Version=10.0.0.0, Culture=neutral, PublicKeyToken=b03f5f7f11d50a3a" className="CloudNotes.Tests.Domain.Services.DomainServicesTests, CloudNotes.Tests.Domain.Services, Version=1.0.0.0, Culture=neutral, PublicKeyToken=null" name="UsersServiceMethodLoadShareShouldLoadTheTaskListShares" />
    </UnitTest>
    <UnitTest name="UsersRepositoryUserIsRegisteredCallsLoadFromTheUnitOfWorkForAnExistingUser" storage="d:\prompt11-10-cloudcomputing\cloudnotes\cloudnotes.tests.repositories\bin\debug\cloudnotes.tests.repositories.dll" id="54e67131-47df-e2cb-c7bc-1b2b43b86483">
      <Execution id="2225227a-8558-405f-b51a-1de2703ffce8" />
      <TestMethod codeBase="D:/PROMPT11-10-CloudComputing/CloudNotes/CloudNotes.Tests.Repositories/bin/Debug/CloudNotes.Tests.Repositories.DLL" adapterTypeName="Microsoft.VisualStudio.TestTools.TestTypes.Unit.UnitTestAdapter, Microsoft.VisualStudio.QualityTools.Tips.UnitTest.Adapter, Version=10.0.0.0, Culture=neutral, PublicKeyToken=b03f5f7f11d50a3a" className="CloudNotes.Tests.Repositories.RepositoriesTests, CloudNotes.Tests.Repositories, Version=1.0.0.0, Culture=neutral, PublicKeyToken=null" name="UsersRepositoryUserIsRegisteredCallsLoadFromTheUnitOfWorkForAnExistingUser" />
    </UnitTest>
    <UnitTest name="ATaskListWithATittleLongerThan20CharactersIsInvalid" storage="d:\prompt11-10-cloudcomputing\cloudnotes\cloudnotes.tests.domain\bin\debug\cloudnotes.tests.domain.dll" id="14c0b5c2-e01e-d3c7-468e-9874da6b0406">
      <Execution id="2fe71a25-b80c-49b4-91a6-dfea32b91c08" />
      <TestMethod codeBase="D:/PROMPT11-10-CloudComputing/CloudNotes/CloudNotes.Tests.Domain/bin/Debug/CloudNotes.Tests.Domain.DLL" adapterTypeName="Microsoft.VisualStudio.TestTools.TestTypes.Unit.UnitTestAdapter, Microsoft.VisualStudio.QualityTools.Tips.UnitTest.Adapter, Version=10.0.0.0, Culture=neutral, PublicKeyToken=b03f5f7f11d50a3a" className="CloudNotes.Tests.Domain.DomainTests, CloudNotes.Tests.Domain, Version=1.0.0.0, Culture=neutral, PublicKeyToken=null" name="ATaskListWithATittleLongerThan20CharactersIsInvalid" />
    </UnitTest>
    <UnitTest name="ANoteWithANullContainerListIsInvalid" storage="d:\prompt11-10-cloudcomputing\cloudnotes\cloudnotes.tests.domain\bin\debug\cloudnotes.tests.domain.dll" id="2096f5a0-1903-5db2-2c40-833b3a14e68d">
      <Execution id="fece5152-0ab6-44d7-8146-96924d6d4594" />
      <TestMethod codeBase="D:/PROMPT11-10-CloudComputing/CloudNotes/CloudNotes.Tests.Domain/bin/Debug/CloudNotes.Tests.Domain.DLL" adapterTypeName="Microsoft.VisualStudio.TestTools.TestTypes.Unit.UnitTestAdapter, Microsoft.VisualStudio.QualityTools.Tips.UnitTest.Adapter, Version=10.0.0.0, Culture=neutral, PublicKeyToken=b03f5f7f11d50a3a" className="CloudNotes.Tests.Domain.DomainTests, CloudNotes.Tests.Domain, Version=1.0.0.0, Culture=neutral, PublicKeyToken=null" name="ANoteWithANullContainerListIsInvalid" />
    </UnitTest>
    <UnitTest name="NotesRepositoryHasPermisionToEditCallsGetFromTheUnitOfWork" storage="d:\prompt11-10-cloudcomputing\cloudnotes\cloudnotes.tests.repositories\bin\debug\cloudnotes.tests.repositories.dll" id="1d280656-e2df-5314-433f-b3591c27440d">
      <Execution id="8dc10ca7-e2b1-4b32-a788-c901cb69cd0e" />
      <TestMethod codeBase="D:/PROMPT11-10-CloudComputing/CloudNotes/CloudNotes.Tests.Repositories/bin/Debug/CloudNotes.Tests.Repositories.DLL" adapterTypeName="Microsoft.VisualStudio.TestTools.TestTypes.Unit.UnitTestAdapter, Microsoft.VisualStudio.QualityTools.Tips.UnitTest.Adapter, Version=10.0.0.0, Culture=neutral, PublicKeyToken=b03f5f7f11d50a3a" className="CloudNotes.Tests.Repositories.RepositoriesTests, CloudNotes.Tests.Repositories, Version=1.0.0.0, Culture=neutral, PublicKeyToken=null" name="NotesRepositoryHasPermisionToEditCallsGetFromTheUnitOfWork" />
    </UnitTest>
    <UnitTest name="UsersServiceMethodIsRegisteredReturnsFalseForANonExistingUser" storage="d:\prompt11-10-cloudcomputing\cloudnotes\cloudnotes.tests.domain.services\bin\debug\cloudnotes.tests.domain.services.dll" id="dda17c2a-e42a-8750-1a67-51ce6b26fe62">
      <Execution id="dd79bbd4-c933-4fb8-a89c-2c184e6048dc" />
      <TestMethod codeBase="D:/PROMPT11-10-CloudComputing/CloudNotes/CloudNotes.Tests.Domain.Services/bin/Debug/CloudNotes.Tests.Domain.Services.DLL" adapterTypeName="Microsoft.VisualStudio.TestTools.TestTypes.Unit.UnitTestAdapter, Microsoft.VisualStudio.QualityTools.Tips.UnitTest.Adapter, Version=10.0.0.0, Culture=neutral, PublicKeyToken=b03f5f7f11d50a3a" className="CloudNotes.Tests.Domain.Services.DomainServicesTests, CloudNotes.Tests.Domain.Services, Version=1.0.0.0, Culture=neutral, PublicKeyToken=null" name="UsersServiceMethodIsRegisteredReturnsFalseForANonExistingUser" />
    </UnitTest>
    <UnitTest name="TaskListsServiceMethodGetByCombinedKeysShouldReturnATaskList" storage="d:\prompt11-10-cloudcomputing\cloudnotes\cloudnotes.tests.domain.services\bin\debug\cloudnotes.tests.domain.services.dll" id="03ce780a-2410-0155-4350-9f8288a8e596">
      <Execution id="a6cb2ba9-2d44-477a-98b9-f17b2a8ff626" />
      <TestMethod codeBase="D:/PROMPT11-10-CloudComputing/CloudNotes/CloudNotes.Tests.Domain.Services/bin/Debug/CloudNotes.Tests.Domain.Services.DLL" adapterTypeName="Microsoft.VisualStudio.TestTools.TestTypes.Unit.UnitTestAdapter, Microsoft.VisualStudio.QualityTools.Tips.UnitTest.Adapter, Version=10.0.0.0, Culture=neutral, PublicKeyToken=b03f5f7f11d50a3a" className="CloudNotes.Tests.Domain.Services.DomainServicesTests, CloudNotes.Tests.Domain.Services, Version=1.0.0.0, Culture=neutral, PublicKeyToken=null" name="TaskListsServiceMethodGetByCombinedKeysShouldReturnATaskList" />
    </UnitTest>
    <UnitTest name="UsersRepositoryGetCallsGetFromTheUnitOfWorkAndReturnsAExistingUser" storage="d:\prompt11-10-cloudcomputing\cloudnotes\cloudnotes.tests.repositories\bin\debug\cloudnotes.tests.repositories.dll" id="b8b966b4-c265-1627-ba5e-4d3e17d291be">
      <Execution id="9ac601b3-1713-4d18-9e75-28b14f3cd6c6" />
      <TestMethod codeBase="D:/PROMPT11-10-CloudComputing/CloudNotes/CloudNotes.Tests.Repositories/bin/Debug/CloudNotes.Tests.Repositories.DLL" adapterTypeName="Microsoft.VisualStudio.TestTools.TestTypes.Unit.UnitTestAdapter, Microsoft.VisualStudio.QualityTools.Tips.UnitTest.Adapter, Version=10.0.0.0, Culture=neutral, PublicKeyToken=b03f5f7f11d50a3a" className="CloudNotes.Tests.Repositories.RepositoriesTests, CloudNotes.Tests.Repositories, Version=1.0.0.0, Culture=neutral, PublicKeyToken=null" name="UsersRepositoryGetCallsGetFromTheUnitOfWorkAndReturnsAExistingUser" />
    </UnitTest>
    <UnitTest name="NotesRepositoryGetCallsGetFromTheUnitOfWorkAndReturnsNullForANonExistingNote" storage="d:\prompt11-10-cloudcomputing\cloudnotes\cloudnotes.tests.repositories\bin\debug\cloudnotes.tests.repositories.dll" id="a49419de-351d-ddee-3740-c07af74b36d5">
      <Execution id="5993af0f-0d40-4679-afef-1fd75da0c299" />
      <TestMethod codeBase="D:/PROMPT11-10-CloudComputing/CloudNotes/CloudNotes.Tests.Repositories/bin/Debug/CloudNotes.Tests.Repositories.DLL" adapterTypeName="Microsoft.VisualStudio.TestTools.TestTypes.Unit.UnitTestAdapter, Microsoft.VisualStudio.QualityTools.Tips.UnitTest.Adapter, Version=10.0.0.0, Culture=neutral, PublicKeyToken=b03f5f7f11d50a3a" className="CloudNotes.Tests.Repositories.RepositoriesTests, CloudNotes.Tests.Repositories, Version=1.0.0.0, Culture=neutral, PublicKeyToken=null" name="NotesRepositoryGetCallsGetFromTheUnitOfWorkAndReturnsNullForANonExistingNote" />
    </UnitTest>
    <UnitTest name="UsersServiceMethodGetByRowkeyShouldReturnAnExistingUser" storage="d:\prompt11-10-cloudcomputing\cloudnotes\cloudnotes.tests.domain.services\bin\debug\cloudnotes.tests.domain.services.dll" id="eb26e027-d271-7a33-a78e-cf110a291b7f">
      <Execution id="ba74bb12-beb9-404b-ad6e-85b440741a16" />
      <TestMethod codeBase="D:/PROMPT11-10-CloudComputing/CloudNotes/CloudNotes.Tests.Domain.Services/bin/Debug/CloudNotes.Tests.Domain.Services.DLL" adapterTypeName="Microsoft.VisualStudio.TestTools.TestTypes.Unit.UnitTestAdapter, Microsoft.VisualStudio.QualityTools.Tips.UnitTest.Adapter, Version=10.0.0.0, Culture=neutral, PublicKeyToken=b03f5f7f11d50a3a" className="CloudNotes.Tests.Domain.Services.DomainServicesTests, CloudNotes.Tests.Domain.Services, Version=1.0.0.0, Culture=neutral, PublicKeyToken=null" name="UsersServiceMethodGetByRowkeyShouldReturnAnExistingUser" />
    </UnitTest>
    <UnitTest name="TaskListsServiceMethodGetShouldReturnNullForANonExistingTaskList" storage="d:\prompt11-10-cloudcomputing\cloudnotes\cloudnotes.tests.domain.services\bin\debug\cloudnotes.tests.domain.services.dll" id="5fe42e9d-f3d6-6b59-1cde-9ee6b0948802">
      <Execution id="d7c951c1-2aa6-482e-9df9-4e8ffad71b2f" />
      <TestMethod codeBase="D:/PROMPT11-10-CloudComputing/CloudNotes/CloudNotes.Tests.Domain.Services/bin/Debug/CloudNotes.Tests.Domain.Services.DLL" adapterTypeName="Microsoft.VisualStudio.TestTools.TestTypes.Unit.UnitTestAdapter, Microsoft.VisualStudio.QualityTools.Tips.UnitTest.Adapter, Version=10.0.0.0, Culture=neutral, PublicKeyToken=b03f5f7f11d50a3a" className="CloudNotes.Tests.Domain.Services.DomainServicesTests, CloudNotes.Tests.Domain.Services, Version=1.0.0.0, Culture=neutral, PublicKeyToken=null" name="TaskListsServiceMethodGetShouldReturnNullForANonExistingTaskList" />
    </UnitTest>
    <UnitTest name="UsersServiceMethodGFillUserAuthenticationInfoShouldFillTheAuthenticationInfo" storage="d:\prompt11-10-cloudcomputing\cloudnotes\cloudnotes.tests.domain.services\bin\debug\cloudnotes.tests.domain.services.dll" id="a7085ee0-9711-d8df-ad65-023ec44b9759">
      <Execution id="9980c483-bf70-4c34-a628-3431b2294bad" />
      <TestMethod codeBase="D:/PROMPT11-10-CloudComputing/CloudNotes/CloudNotes.Tests.Domain.Services/bin/Debug/CloudNotes.Tests.Domain.Services.DLL" adapterTypeName="Microsoft.VisualStudio.TestTools.TestTypes.Unit.UnitTestAdapter, Microsoft.VisualStudio.QualityTools.Tips.UnitTest.Adapter, Version=10.0.0.0, Culture=neutral, PublicKeyToken=b03f5f7f11d50a3a" className="CloudNotes.Tests.Domain.Services.DomainServicesTests, CloudNotes.Tests.Domain.Services, Version=1.0.0.0, Culture=neutral, PublicKeyToken=null" name="UsersServiceMethodGFillUserAuthenticationInfoShouldFillTheAuthenticationInfo" />
    </UnitTest>
    <UnitTest name="TaskListsRepositoryAddShareCallsCreateFromTheUnitOfWork" storage="d:\prompt11-10-cloudcomputing\cloudnotes\cloudnotes.tests.repositories\bin\debug\cloudnotes.tests.repositories.dll" id="289b20e7-b260-bab8-9e9b-721680a9b151">
      <Execution id="9e170df7-408d-4924-aab4-c47bf648095d" />
      <TestMethod codeBase="D:/PROMPT11-10-CloudComputing/CloudNotes/CloudNotes.Tests.Repositories/bin/Debug/CloudNotes.Tests.Repositories.DLL" adapterTypeName="Microsoft.VisualStudio.TestTools.TestTypes.Unit.UnitTestAdapter, Microsoft.VisualStudio.QualityTools.Tips.UnitTest.Adapter, Version=10.0.0.0, Culture=neutral, PublicKeyToken=b03f5f7f11d50a3a" className="CloudNotes.Tests.Repositories.RepositoriesTests, CloudNotes.Tests.Repositories, Version=1.0.0.0, Culture=neutral, PublicKeyToken=null" name="TaskListsRepositoryAddShareCallsCreateFromTheUnitOfWork" />
    </UnitTest>
    <UnitTest name="ATaskListWithAnAllWhitespaceTittleIsInvalid" storage="d:\prompt11-10-cloudcomputing\cloudnotes\cloudnotes.tests.domain\bin\debug\cloudnotes.tests.domain.dll" id="a92d683e-6db6-da08-1853-c0e53902a155">
      <Execution id="c77a9613-72c5-4e6b-8c45-0014dd6ff1e0" />
      <TestMethod codeBase="D:/PROMPT11-10-CloudComputing/CloudNotes/CloudNotes.Tests.Domain/bin/Debug/CloudNotes.Tests.Domain.DLL" adapterTypeName="Microsoft.VisualStudio.TestTools.TestTypes.Unit.UnitTestAdapter, Microsoft.VisualStudio.QualityTools.Tips.UnitTest.Adapter, Version=10.0.0.0, Culture=neutral, PublicKeyToken=b03f5f7f11d50a3a" className="CloudNotes.Tests.Domain.DomainTests, CloudNotes.Tests.Domain, Version=1.0.0.0, Culture=neutral, PublicKeyToken=null" name="ATaskListWithAnAllWhitespaceTittleIsInvalid" />
    </UnitTest>
    <UnitTest name="AUserWithAnEmptyNameIsInvalid" storage="d:\prompt11-10-cloudcomputing\cloudnotes\cloudnotes.tests.domain\bin\debug\cloudnotes.tests.domain.dll" id="2b244028-df83-e3b8-91b4-eb0f42ff37fe">
      <Execution id="b066c743-44df-467e-bb21-866f0c3f1076" />
      <TestMethod codeBase="D:/PROMPT11-10-CloudComputing/CloudNotes/CloudNotes.Tests.Domain/bin/Debug/CloudNotes.Tests.Domain.DLL" adapterTypeName="Microsoft.VisualStudio.TestTools.TestTypes.Unit.UnitTestAdapter, Microsoft.VisualStudio.QualityTools.Tips.UnitTest.Adapter, Version=10.0.0.0, Culture=neutral, PublicKeyToken=b03f5f7f11d50a3a" className="CloudNotes.Tests.Domain.DomainTests, CloudNotes.Tests.Domain, Version=1.0.0.0, Culture=neutral, PublicKeyToken=null" name="AUserWithAnEmptyNameIsInvalid" />
    </UnitTest>
    <UnitTest name="NotesServiceMethodGetByFilterShouldReturnANote" storage="d:\prompt11-10-cloudcomputing\cloudnotes\cloudnotes.tests.domain.services\bin\debug\cloudnotes.tests.domain.services.dll" id="c6f13921-acfe-5e3f-88bd-0ff970c4a9d6">
      <Execution id="9a9b32d6-6100-4fdf-b43c-73840b4bbea3" />
      <TestMethod codeBase="D:/PROMPT11-10-CloudComputing/CloudNotes/CloudNotes.Tests.Domain.Services/bin/Debug/CloudNotes.Tests.Domain.Services.DLL" adapterTypeName="Microsoft.VisualStudio.TestTools.TestTypes.Unit.UnitTestAdapter, Microsoft.VisualStudio.QualityTools.Tips.UnitTest.Adapter, Version=10.0.0.0, Culture=neutral, PublicKeyToken=b03f5f7f11d50a3a" className="CloudNotes.Tests.Domain.Services.DomainServicesTests, CloudNotes.Tests.Domain.Services, Version=1.0.0.0, Culture=neutral, PublicKeyToken=null" name="NotesServiceMethodGetByFilterShouldReturnANote" />
    </UnitTest>
    <UnitTest name="ANoteWithANullOwnerIsInvalid" storage="d:\prompt11-10-cloudcomputing\cloudnotes\cloudnotes.tests.domain\bin\debug\cloudnotes.tests.domain.dll" id="e814db0b-a976-414f-8c66-ad00681e848f">
      <Execution id="a03c976b-5d94-488e-aec0-94236d2f0d92" />
      <TestMethod codeBase="D:/PROMPT11-10-CloudComputing/CloudNotes/CloudNotes.Tests.Domain/bin/Debug/CloudNotes.Tests.Domain.DLL" adapterTypeName="Microsoft.VisualStudio.TestTools.TestTypes.Unit.UnitTestAdapter, Microsoft.VisualStudio.QualityTools.Tips.UnitTest.Adapter, Version=10.0.0.0, Culture=neutral, PublicKeyToken=b03f5f7f11d50a3a" className="CloudNotes.Tests.Domain.DomainTests, CloudNotes.Tests.Domain, Version=1.0.0.0, Culture=neutral, PublicKeyToken=null" name="ANoteWithANullOwnerIsInvalid" />
    </UnitTest>
    <UnitTest name="TaskListsServiceMethodGetByFilterShouldReturnATaskList" storage="d:\prompt11-10-cloudcomputing\cloudnotes\cloudnotes.tests.domain.services\bin\debug\cloudnotes.tests.domain.services.dll" id="806d5e37-6070-b15c-e509-59745df24b26">
      <Execution id="cd5265a6-7627-4ec8-a79b-5471deeea9ae" />
      <TestMethod codeBase="D:/PROMPT11-10-CloudComputing/CloudNotes/CloudNotes.Tests.Domain.Services/bin/Debug/CloudNotes.Tests.Domain.Services.DLL" adapterTypeName="Microsoft.VisualStudio.TestTools.TestTypes.Unit.UnitTestAdapter, Microsoft.VisualStudio.QualityTools.Tips.UnitTest.Adapter, Version=10.0.0.0, Culture=neutral, PublicKeyToken=b03f5f7f11d50a3a" className="CloudNotes.Tests.Domain.Services.DomainServicesTests, CloudNotes.Tests.Domain.Services, Version=1.0.0.0, Culture=neutral, PublicKeyToken=null" name="TaskListsServiceMethodGetByFilterShouldReturnATaskList" />
    </UnitTest>
    <UnitTest name="AUserWithAnNameThatHasTheCharacterHypenIsInvalid" storage="d:\prompt11-10-cloudcomputing\cloudnotes\cloudnotes.tests.domain\bin\debug\cloudnotes.tests.domain.dll" id="710056e6-b337-9739-6344-1fd443c7a2b3">
      <Execution id="79f203d1-ad46-48a1-9eaf-8151e80f5b8b" />
      <TestMethod codeBase="D:/PROMPT11-10-CloudComputing/CloudNotes/CloudNotes.Tests.Domain/bin/Debug/CloudNotes.Tests.Domain.DLL" adapterTypeName="Microsoft.VisualStudio.TestTools.TestTypes.Unit.UnitTestAdapter, Microsoft.VisualStudio.QualityTools.Tips.UnitTest.Adapter, Version=10.0.0.0, Culture=neutral, PublicKeyToken=b03f5f7f11d50a3a" className="CloudNotes.Tests.Domain.DomainTests, CloudNotes.Tests.Domain, Version=1.0.0.0, Culture=neutral, PublicKeyToken=null" name="AUserWithAnNameThatHasTheCharacterHypenIsInvalid" />
    </UnitTest>
    <UnitTest name="NotesServiceMethodCreateShouldCreateANote" storage="d:\prompt11-10-cloudcomputing\cloudnotes\cloudnotes.tests.domain.services\bin\debug\cloudnotes.tests.domain.services.dll" id="dd0adaa0-376e-15b3-c394-a4c648706582">
      <Execution id="095b1563-38ce-4eed-a1a1-b5eb957b7357" />
      <TestMethod codeBase="D:/PROMPT11-10-CloudComputing/CloudNotes/CloudNotes.Tests.Domain.Services/bin/Debug/CloudNotes.Tests.Domain.Services.DLL" adapterTypeName="Microsoft.VisualStudio.TestTools.TestTypes.Unit.UnitTestAdapter, Microsoft.VisualStudio.QualityTools.Tips.UnitTest.Adapter, Version=10.0.0.0, Culture=neutral, PublicKeyToken=b03f5f7f11d50a3a" className="CloudNotes.Tests.Domain.Services.DomainServicesTests, CloudNotes.Tests.Domain.Services, Version=1.0.0.0, Culture=neutral, PublicKeyToken=null" name="NotesServiceMethodCreateShouldCreateANote" />
    </UnitTest>
    <UnitTest name="NotesRepositoryGetCallsGetFromTheUnitOfWorkAndReturnsAnExistingNote" storage="d:\prompt11-10-cloudcomputing\cloudnotes\cloudnotes.tests.repositories\bin\debug\cloudnotes.tests.repositories.dll" id="53bf3163-df0e-9e62-fb0d-6671ad5acf2e">
      <Execution id="054ea5e2-0eaa-4df8-aaa1-dbda2a6ccaac" />
      <TestMethod codeBase="D:/PROMPT11-10-CloudComputing/CloudNotes/CloudNotes.Tests.Repositories/bin/Debug/CloudNotes.Tests.Repositories.DLL" adapterTypeName="Microsoft.VisualStudio.TestTools.TestTypes.Unit.UnitTestAdapter, Microsoft.VisualStudio.QualityTools.Tips.UnitTest.Adapter, Version=10.0.0.0, Culture=neutral, PublicKeyToken=b03f5f7f11d50a3a" className="CloudNotes.Tests.Repositories.RepositoriesTests, CloudNotes.Tests.Repositories, Version=1.0.0.0, Culture=neutral, PublicKeyToken=null" name="NotesRepositoryGetCallsGetFromTheUnitOfWorkAndReturnsAnExistingNote" />
    </UnitTest>
    <UnitTest name="UsersRepositoryUpdateCallsUpdateFromTheUnitOfWork" storage="d:\prompt11-10-cloudcomputing\cloudnotes\cloudnotes.tests.repositories\bin\debug\cloudnotes.tests.repositories.dll" id="da07899b-e0b9-f639-2145-62f05a55637a">
      <Execution id="2ff6f5e7-e58d-40d7-a6dd-59f8821231ab" />
      <TestMethod codeBase="D:/PROMPT11-10-CloudComputing/CloudNotes/CloudNotes.Tests.Repositories/bin/Debug/CloudNotes.Tests.Repositories.DLL" adapterTypeName="Microsoft.VisualStudio.TestTools.TestTypes.Unit.UnitTestAdapter, Microsoft.VisualStudio.QualityTools.Tips.UnitTest.Adapter, Version=10.0.0.0, Culture=neutral, PublicKeyToken=b03f5f7f11d50a3a" className="CloudNotes.Tests.Repositories.RepositoriesTests, CloudNotes.Tests.Repositories, Version=1.0.0.0, Culture=neutral, PublicKeyToken=null" name="UsersRepositoryUpdateCallsUpdateFromTheUnitOfWork" />
    </UnitTest>
    <UnitTest name="TaskListsServiceMethodHasPermissionToEditShouldReturnFalseForAUserNotInTheShare" storage="d:\prompt11-10-cloudcomputing\cloudnotes\cloudnotes.tests.domain.services\bin\debug\cloudnotes.tests.domain.services.dll" id="fd1333a9-bd73-eaaa-f9e7-1e9546344171">
      <Execution id="9dd48b21-ffef-4f16-a1dd-7827ce037c9a" />
      <TestMethod codeBase="D:/PROMPT11-10-CloudComputing/CloudNotes/CloudNotes.Tests.Domain.Services/bin/Debug/CloudNotes.Tests.Domain.Services.DLL" adapterTypeName="Microsoft.VisualStudio.TestTools.TestTypes.Unit.UnitTestAdapter, Microsoft.VisualStudio.QualityTools.Tips.UnitTest.Adapter, Version=10.0.0.0, Culture=neutral, PublicKeyToken=b03f5f7f11d50a3a" className="CloudNotes.Tests.Domain.Services.DomainServicesTests, CloudNotes.Tests.Domain.Services, Version=1.0.0.0, Culture=neutral, PublicKeyToken=null" name="TaskListsServiceMethodHasPermissionToEditShouldReturnFalseForAUserNotInTheShare" />
    </UnitTest>
    <UnitTest name="UsersServiceMethodCreateShouldCreateAUser" storage="d:\prompt11-10-cloudcomputing\cloudnotes\cloudnotes.tests.domain.services\bin\debug\cloudnotes.tests.domain.services.dll" id="2f5b7326-d298-9d47-b2ba-6360bcb253cc">
      <Execution id="5dee3289-2599-41f2-9474-ffdd926e2cab" />
      <TestMethod codeBase="D:/PROMPT11-10-CloudComputing/CloudNotes/CloudNotes.Tests.Domain.Services/bin/Debug/CloudNotes.Tests.Domain.Services.DLL" adapterTypeName="Microsoft.VisualStudio.TestTools.TestTypes.Unit.UnitTestAdapter, Microsoft.VisualStudio.QualityTools.Tips.UnitTest.Adapter, Version=10.0.0.0, Culture=neutral, PublicKeyToken=b03f5f7f11d50a3a" className="CloudNotes.Tests.Domain.Services.DomainServicesTests, CloudNotes.Tests.Domain.Services, Version=1.0.0.0, Culture=neutral, PublicKeyToken=null" name="UsersServiceMethodCreateShouldCreateAUser" />
    </UnitTest>
    <UnitTest name="TaskListsRepositoryUpdateCallsUpdateFromTheUnitOfWork" storage="d:\prompt11-10-cloudcomputing\cloudnotes\cloudnotes.tests.repositories\bin\debug\cloudnotes.tests.repositories.dll" id="243a3723-c759-1bdb-8565-43030030c8e3">
      <Execution id="c6f58c27-8923-4640-8532-49a1231f98f0" />
      <TestMethod codeBase="D:/PROMPT11-10-CloudComputing/CloudNotes/CloudNotes.Tests.Repositories/bin/Debug/CloudNotes.Tests.Repositories.DLL" adapterTypeName="Microsoft.VisualStudio.TestTools.TestTypes.Unit.UnitTestAdapter, Microsoft.VisualStudio.QualityTools.Tips.UnitTest.Adapter, Version=10.0.0.0, Culture=neutral, PublicKeyToken=b03f5f7f11d50a3a" className="CloudNotes.Tests.Repositories.RepositoriesTests, CloudNotes.Tests.Repositories, Version=1.0.0.0, Culture=neutral, PublicKeyToken=null" name="TaskListsRepositoryUpdateCallsUpdateFromTheUnitOfWork" />
    </UnitTest>
    <UnitTest name="UsersServiceMethodGetByIdentifiersShouldReturnAUser" storage="d:\prompt11-10-cloudcomputing\cloudnotes\cloudnotes.tests.domain.services\bin\debug\cloudnotes.tests.domain.services.dll" id="7b5bfd82-0a0d-ae47-9f48-64f6309b6fc1">
      <Execution id="f7211962-8a20-48b5-b55f-e727eed071c5" />
      <TestMethod codeBase="D:/PROMPT11-10-CloudComputing/CloudNotes/CloudNotes.Tests.Domain.Services/bin/Debug/CloudNotes.Tests.Domain.Services.DLL" adapterTypeName="Microsoft.VisualStudio.TestTools.TestTypes.Unit.UnitTestAdapter, Microsoft.VisualStudio.QualityTools.Tips.UnitTest.Adapter, Version=10.0.0.0, Culture=neutral, PublicKeyToken=b03f5f7f11d50a3a" className="CloudNotes.Tests.Domain.Services.DomainServicesTests, CloudNotes.Tests.Domain.Services, Version=1.0.0.0, Culture=neutral, PublicKeyToken=null" name="UsersServiceMethodGetByIdentifiersShouldReturnAUser" />
    </UnitTest>
    <UnitTest name="TaskListsRepositoryGetSharedCallsLoadFromTheUnitOfWork" storage="d:\prompt11-10-cloudcomputing\cloudnotes\cloudnotes.tests.repositories\bin\debug\cloudnotes.tests.repositories.dll" id="9ca52fa0-c559-7623-fd35-fc2380d7afd8">
      <Execution id="7adba126-26f4-488a-8578-56955d80e6ed" />
      <TestMethod codeBase="D:/PROMPT11-10-CloudComputing/CloudNotes/CloudNotes.Tests.Repositories/bin/Debug/CloudNotes.Tests.Repositories.DLL" adapterTypeName="Microsoft.VisualStudio.TestTools.TestTypes.Unit.UnitTestAdapter, Microsoft.VisualStudio.QualityTools.Tips.UnitTest.Adapter, Version=10.0.0.0, Culture=neutral, PublicKeyToken=b03f5f7f11d50a3a" className="CloudNotes.Tests.Repositories.RepositoriesTests, CloudNotes.Tests.Repositories, Version=1.0.0.0, Culture=neutral, PublicKeyToken=null" name="TaskListsRepositoryGetSharedCallsLoadFromTheUnitOfWork" />
    </UnitTest>
    <UnitTest name="TaskListsServiceMethodRemoveShareShouldARemoveAUserFromTheTaskListShares" storage="d:\prompt11-10-cloudcomputing\cloudnotes\cloudnotes.tests.domain.services\bin\debug\cloudnotes.tests.domain.services.dll" id="6679c1f6-317f-e773-41df-3508a75dea4b">
      <Execution id="4fd94d35-c708-4549-ab84-7a810c1f55d5" />
      <TestMethod codeBase="D:/PROMPT11-10-CloudComputing/CloudNotes/CloudNotes.Tests.Domain.Services/bin/Debug/CloudNotes.Tests.Domain.Services.DLL" adapterTypeName="Microsoft.VisualStudio.TestTools.TestTypes.Unit.UnitTestAdapter, Microsoft.VisualStudio.QualityTools.Tips.UnitTest.Adapter, Version=10.0.0.0, Culture=neutral, PublicKeyToken=b03f5f7f11d50a3a" className="CloudNotes.Tests.Domain.Services.DomainServicesTests, CloudNotes.Tests.Domain.Services, Version=1.0.0.0, Culture=neutral, PublicKeyToken=null" name="TaskListsServiceMethodRemoveShareShouldARemoveAUserFromTheTaskListShares" />
    </UnitTest>
    <UnitTest name="ANoteWithContentLongerThan50CharactersIsInvalid" storage="d:\prompt11-10-cloudcomputing\cloudnotes\cloudnotes.tests.domain\bin\debug\cloudnotes.tests.domain.dll" id="7a009e26-62e5-1f69-5cdb-854dc672f6ae">
      <Execution id="c97da42e-2317-40c1-aaf9-030f24dee591" />
      <TestMethod codeBase="D:/PROMPT11-10-CloudComputing/CloudNotes/CloudNotes.Tests.Domain/bin/Debug/CloudNotes.Tests.Domain.DLL" adapterTypeName="Microsoft.VisualStudio.TestTools.TestTypes.Unit.UnitTestAdapter, Microsoft.VisualStudio.QualityTools.Tips.UnitTest.Adapter, Version=10.0.0.0, Culture=neutral, PublicKeyToken=b03f5f7f11d50a3a" className="CloudNotes.Tests.Domain.DomainTests, CloudNotes.Tests.Domain, Version=1.0.0.0, Culture=neutral, PublicKeyToken=null" name="ANoteWithContentLongerThan50CharactersIsInvalid" />
    </UnitTest>
    <UnitTest name="UsersServiceMethodUpdateShouldUpdateAUser" storage="d:\prompt11-10-cloudcomputing\cloudnotes\cloudnotes.tests.domain.services\bin\debug\cloudnotes.tests.domain.services.dll" id="0a706ea0-58bc-0095-f59b-db8b9bd3e9c1">
      <Execution id="a8cf24af-553e-4698-8aa2-be3e0d56125a" />
      <TestMethod codeBase="D:/PROMPT11-10-CloudComputing/CloudNotes/CloudNotes.Tests.Domain.Services/bin/Debug/CloudNotes.Tests.Domain.Services.DLL" adapterTypeName="Microsoft.VisualStudio.TestTools.TestTypes.Unit.UnitTestAdapter, Microsoft.VisualStudio.QualityTools.Tips.UnitTest.Adapter, Version=10.0.0.0, Culture=neutral, PublicKeyToken=b03f5f7f11d50a3a" className="CloudNotes.Tests.Domain.Services.DomainServicesTests, CloudNotes.Tests.Domain.Services, Version=1.0.0.0, Culture=neutral, PublicKeyToken=null" name="UsersServiceMethodUpdateShouldUpdateAUser" />
    </UnitTest>
    <UnitTest name="ANoteWithATittleLongerThan10CharactersIsInvalid" storage="d:\prompt11-10-cloudcomputing\cloudnotes\cloudnotes.tests.domain\bin\debug\cloudnotes.tests.domain.dll" id="fd2d9e08-8f5d-4406-828f-63af07dc5bf7">
      <Execution id="712aa9fe-e40b-4345-b158-a41739bc320f" />
      <TestMethod codeBase="D:/PROMPT11-10-CloudComputing/CloudNotes/CloudNotes.Tests.Domain/bin/Debug/CloudNotes.Tests.Domain.DLL" adapterTypeName="Microsoft.VisualStudio.TestTools.TestTypes.Unit.UnitTestAdapter, Microsoft.VisualStudio.QualityTools.Tips.UnitTest.Adapter, Version=10.0.0.0, Culture=neutral, PublicKeyToken=b03f5f7f11d50a3a" className="CloudNotes.Tests.Domain.DomainTests, CloudNotes.Tests.Domain, Version=1.0.0.0, Culture=neutral, PublicKeyToken=null" name="ANoteWithATittleLongerThan10CharactersIsInvalid" />
    </UnitTest>
    <UnitTest name="NotesRepositoryUpdateCallsUpdateFromTheUnitOfWork" storage="d:\prompt11-10-cloudcomputing\cloudnotes\cloudnotes.tests.repositories\bin\debug\cloudnotes.tests.repositories.dll" id="a780d5d0-43e2-3171-7945-424274cf7cfb">
      <Execution id="80f04856-af18-42f0-8c79-6cdfcda3851c" />
      <TestMethod codeBase="D:/PROMPT11-10-CloudComputing/CloudNotes/CloudNotes.Tests.Repositories/bin/Debug/CloudNotes.Tests.Repositories.DLL" adapterTypeName="Microsoft.VisualStudio.TestTools.TestTypes.Unit.UnitTestAdapter, Microsoft.VisualStudio.QualityTools.Tips.UnitTest.Adapter, Version=10.0.0.0, Culture=neutral, PublicKeyToken=b03f5f7f11d50a3a" className="CloudNotes.Tests.Repositories.RepositoriesTests, CloudNotes.Tests.Repositories, Version=1.0.0.0, Culture=neutral, PublicKeyToken=null" name="NotesRepositoryUpdateCallsUpdateFromTheUnitOfWork" />
    </UnitTest>
    <UnitTest name="UsersServiceMethodDeleteShouldDeleteAUser" storage="d:\prompt11-10-cloudcomputing\cloudnotes\cloudnotes.tests.domain.services\bin\debug\cloudnotes.tests.domain.services.dll" id="c6f6cc92-9905-881b-c432-bc390bf4fb00">
      <Execution id="77eac3dc-445e-42bf-8e0f-c5fa73ff1a9d" />
      <TestMethod codeBase="D:/PROMPT11-10-CloudComputing/CloudNotes/CloudNotes.Tests.Domain.Services/bin/Debug/CloudNotes.Tests.Domain.Services.DLL" adapterTypeName="Microsoft.VisualStudio.TestTools.TestTypes.Unit.UnitTestAdapter, Microsoft.VisualStudio.QualityTools.Tips.UnitTest.Adapter, Version=10.0.0.0, Culture=neutral, PublicKeyToken=b03f5f7f11d50a3a" className="CloudNotes.Tests.Domain.Services.DomainServicesTests, CloudNotes.Tests.Domain.Services, Version=1.0.0.0, Culture=neutral, PublicKeyToken=null" name="UsersServiceMethodDeleteShouldDeleteAUser" />
    </UnitTest>
    <UnitTest name="ANoteWithAllValidPropertiesIsValid" storage="d:\prompt11-10-cloudcomputing\cloudnotes\cloudnotes.tests.domain\bin\debug\cloudnotes.tests.domain.dll" id="c14c078d-036a-ef14-90a0-c1d1a047c940">
      <Execution id="42ee9a89-bf89-452b-b89e-8f6e2e548f78" />
      <TestMethod codeBase="D:/PROMPT11-10-CloudComputing/CloudNotes/CloudNotes.Tests.Domain/bin/Debug/CloudNotes.Tests.Domain.DLL" adapterTypeName="Microsoft.VisualStudio.TestTools.TestTypes.Unit.UnitTestAdapter, Microsoft.VisualStudio.QualityTools.Tips.UnitTest.Adapter, Version=10.0.0.0, Culture=neutral, PublicKeyToken=b03f5f7f11d50a3a" className="CloudNotes.Tests.Domain.DomainTests, CloudNotes.Tests.Domain, Version=1.0.0.0, Culture=neutral, PublicKeyToken=null" name="ANoteWithAllValidPropertiesIsValid" />
    </UnitTest>
    <UnitTest name="UsersRepositoryGetByIdentifiersCallsLoadFromTheUnitOfWorkForAnExistingUser" storage="d:\prompt11-10-cloudcomputing\cloudnotes\cloudnotes.tests.repositories\bin\debug\cloudnotes.tests.repositories.dll" id="2ebf2434-3f8b-3932-cf00-13d37349040e">
      <Execution id="999933b7-a783-4a24-a528-fe1406d98d0e" />
      <TestMethod codeBase="D:/PROMPT11-10-CloudComputing/CloudNotes/CloudNotes.Tests.Repositories/bin/Debug/CloudNotes.Tests.Repositories.DLL" adapterTypeName="Microsoft.VisualStudio.TestTools.TestTypes.Unit.UnitTestAdapter, Microsoft.VisualStudio.QualityTools.Tips.UnitTest.Adapter, Version=10.0.0.0, Culture=neutral, PublicKeyToken=b03f5f7f11d50a3a" className="CloudNotes.Tests.Repositories.RepositoriesTests, CloudNotes.Tests.Repositories, Version=1.0.0.0, Culture=neutral, PublicKeyToken=null" name="UsersRepositoryGetByIdentifiersCallsLoadFromTheUnitOfWorkForAnExistingUser" />
    </UnitTest>
    <UnitTest name="NotesServiceMethodRemoveShareShouldRemoveAShareFromTheNoteShares" storage="d:\prompt11-10-cloudcomputing\cloudnotes\cloudnotes.tests.domain.services\bin\debug\cloudnotes.tests.domain.services.dll" id="b9b9c38a-74e2-e207-0c28-3fdf5244ae4b">
      <Execution id="d8baa827-aeea-4482-9e13-75cf01b6c8b5" />
      <TestMethod codeBase="D:/PROMPT11-10-CloudComputing/CloudNotes/CloudNotes.Tests.Domain.Services/bin/Debug/CloudNotes.Tests.Domain.Services.DLL" adapterTypeName="Microsoft.VisualStudio.TestTools.TestTypes.Unit.UnitTestAdapter, Microsoft.VisualStudio.QualityTools.Tips.UnitTest.Adapter, Version=10.0.0.0, Culture=neutral, PublicKeyToken=b03f5f7f11d50a3a" className="CloudNotes.Tests.Domain.Services.DomainServicesTests, CloudNotes.Tests.Domain.Services, Version=1.0.0.0, Culture=neutral, PublicKeyToken=null" name="NotesServiceMethodRemoveShareShouldRemoveAShareFromTheNoteShares" />
    </UnitTest>
    <UnitTest name="ANoteWithAnAllWhitespaceTittleIsInvalid" storage="d:\prompt11-10-cloudcomputing\cloudnotes\cloudnotes.tests.domain\bin\debug\cloudnotes.tests.domain.dll" id="07851a54-f9f2-0370-ef52-acf62480dca3">
      <Execution id="4120e722-9228-42ba-890b-f314d94d3ab8" />
      <TestMethod codeBase="D:/PROMPT11-10-CloudComputing/CloudNotes/CloudNotes.Tests.Domain/bin/Debug/CloudNotes.Tests.Domain.DLL" adapterTypeName="Microsoft.VisualStudio.TestTools.TestTypes.Unit.UnitTestAdapter, Microsoft.VisualStudio.QualityTools.Tips.UnitTest.Adapter, Version=10.0.0.0, Culture=neutral, PublicKeyToken=b03f5f7f11d50a3a" className="CloudNotes.Tests.Domain.DomainTests, CloudNotes.Tests.Domain, Version=1.0.0.0, Culture=neutral, PublicKeyToken=null" name="ANoteWithAnAllWhitespaceTittleIsInvalid" />
    </UnitTest>
    <UnitTest name="ANoteWithAnEmptyTittleIsInvalid" storage="d:\prompt11-10-cloudcomputing\cloudnotes\cloudnotes.tests.domain\bin\debug\cloudnotes.tests.domain.dll" id="157b3a3d-66d6-d440-327f-479b45016df4">
      <Execution id="1456238a-6315-44f1-90f5-24932190530d" />
      <TestMethod codeBase="D:/PROMPT11-10-CloudComputing/CloudNotes/CloudNotes.Tests.Domain/bin/Debug/CloudNotes.Tests.Domain.DLL" adapterTypeName="Microsoft.VisualStudio.TestTools.TestTypes.Unit.UnitTestAdapter, Microsoft.VisualStudio.QualityTools.Tips.UnitTest.Adapter, Version=10.0.0.0, Culture=neutral, PublicKeyToken=b03f5f7f11d50a3a" className="CloudNotes.Tests.Domain.DomainTests, CloudNotes.Tests.Domain, Version=1.0.0.0, Culture=neutral, PublicKeyToken=null" name="ANoteWithAnEmptyTittleIsInvalid" />
    </UnitTest>
    <UnitTest name="UsersRepositoryUserIsRegisteredCallsLoadFromTheUnitOfWorkForANewUser" storage="d:\prompt11-10-cloudcomputing\cloudnotes\cloudnotes.tests.repositories\bin\debug\cloudnotes.tests.repositories.dll" id="207fa172-124e-7710-3ae1-207f7e188ab7">
      <Execution id="36ef8801-d39f-4d46-80e1-1106bf45ff9c" />
      <TestMethod codeBase="D:/PROMPT11-10-CloudComputing/CloudNotes/CloudNotes.Tests.Repositories/bin/Debug/CloudNotes.Tests.Repositories.DLL" adapterTypeName="Microsoft.VisualStudio.TestTools.TestTypes.Unit.UnitTestAdapter, Microsoft.VisualStudio.QualityTools.Tips.UnitTest.Adapter, Version=10.0.0.0, Culture=neutral, PublicKeyToken=b03f5f7f11d50a3a" className="CloudNotes.Tests.Repositories.RepositoriesTests, CloudNotes.Tests.Repositories, Version=1.0.0.0, Culture=neutral, PublicKeyToken=null" name="UsersRepositoryUserIsRegisteredCallsLoadFromTheUnitOfWorkForANewUser" />
    </UnitTest>
    <UnitTest name="NotesServiceMethodUpdateShouldUpdateANote" storage="d:\prompt11-10-cloudcomputing\cloudnotes\cloudnotes.tests.domain.services\bin\debug\cloudnotes.tests.domain.services.dll" id="5786b163-ef5c-e0c4-11da-ed5c7ebd591c">
      <Execution id="883ea732-f21b-4ea8-94df-f3a653853cc0" />
      <TestMethod codeBase="D:/PROMPT11-10-CloudComputing/CloudNotes/CloudNotes.Tests.Domain.Services/bin/Debug/CloudNotes.Tests.Domain.Services.DLL" adapterTypeName="Microsoft.VisualStudio.TestTools.TestTypes.Unit.UnitTestAdapter, Microsoft.VisualStudio.QualityTools.Tips.UnitTest.Adapter, Version=10.0.0.0, Culture=neutral, PublicKeyToken=b03f5f7f11d50a3a" className="CloudNotes.Tests.Domain.Services.DomainServicesTests, CloudNotes.Tests.Domain.Services, Version=1.0.0.0, Culture=neutral, PublicKeyToken=null" name="NotesServiceMethodUpdateShouldUpdateANote" />
    </UnitTest>
    <UnitTest name="UsersServiceMethodLoadShareShouldLoadTheNoteShares" storage="d:\prompt11-10-cloudcomputing\cloudnotes\cloudnotes.tests.domain.services\bin\debug\cloudnotes.tests.domain.services.dll" id="f15d8008-f42b-2bba-472e-3c1682ecbfbd">
      <Execution id="d54c3713-9095-4426-beb9-7e614741724c" />
      <TestMethod codeBase="D:/PROMPT11-10-CloudComputing/CloudNotes/CloudNotes.Tests.Domain.Services/bin/Debug/CloudNotes.Tests.Domain.Services.DLL" adapterTypeName="Microsoft.VisualStudio.TestTools.TestTypes.Unit.UnitTestAdapter, Microsoft.VisualStudio.QualityTools.Tips.UnitTest.Adapter, Version=10.0.0.0, Culture=neutral, PublicKeyToken=b03f5f7f11d50a3a" className="CloudNotes.Tests.Domain.Services.DomainServicesTests, CloudNotes.Tests.Domain.Services, Version=1.0.0.0, Culture=neutral, PublicKeyToken=null" name="UsersServiceMethodLoadShareShouldLoadTheNoteShares" />
    </UnitTest>
    <UnitTest name="NotesServiceMethodDeleteShouldDeleteANote" storage="d:\prompt11-10-cloudcomputing\cloudnotes\cloudnotes.tests.domain.services\bin\debug\cloudnotes.tests.domain.services.dll" id="51d63b6c-e217-1034-9362-a2f6bc6d8cdb">
      <Execution id="d0a6166f-79a9-403a-a5d5-a4ecc0f8c065" />
      <TestMethod codeBase="D:/PROMPT11-10-CloudComputing/CloudNotes/CloudNotes.Tests.Domain.Services/bin/Debug/CloudNotes.Tests.Domain.Services.DLL" adapterTypeName="Microsoft.VisualStudio.TestTools.TestTypes.Unit.UnitTestAdapter, Microsoft.VisualStudio.QualityTools.Tips.UnitTest.Adapter, Version=10.0.0.0, Culture=neutral, PublicKeyToken=b03f5f7f11d50a3a" className="CloudNotes.Tests.Domain.Services.DomainServicesTests, CloudNotes.Tests.Domain.Services, Version=1.0.0.0, Culture=neutral, PublicKeyToken=null" name="NotesServiceMethodDeleteShouldDeleteANote" />
    </UnitTest>
    <UnitTest name="TaskListsServiceMethodDeleteShouldDeleteATaskList" storage="d:\prompt11-10-cloudcomputing\cloudnotes\cloudnotes.tests.domain.services\bin\debug\cloudnotes.tests.domain.services.dll" id="9d2851ab-0a27-838f-9557-7fe4eb9929c3">
      <Execution id="19491f45-6372-4d7e-9d75-07400b20488a" />
      <TestMethod codeBase="D:/PROMPT11-10-CloudComputing/CloudNotes/CloudNotes.Tests.Domain.Services/bin/Debug/CloudNotes.Tests.Domain.Services.DLL" adapterTypeName="Microsoft.VisualStudio.TestTools.TestTypes.Unit.UnitTestAdapter, Microsoft.VisualStudio.QualityTools.Tips.UnitTest.Adapter, Version=10.0.0.0, Culture=neutral, PublicKeyToken=b03f5f7f11d50a3a" className="CloudNotes.Tests.Domain.Services.DomainServicesTests, CloudNotes.Tests.Domain.Services, Version=1.0.0.0, Culture=neutral, PublicKeyToken=null" name="TaskListsServiceMethodDeleteShouldDeleteATaskList" />
    </UnitTest>
    <UnitTest name="TaskListsRepositoryDeleteCallsDeleteFromTheUnitOfWork" storage="d:\prompt11-10-cloudcomputing\cloudnotes\cloudnotes.tests.repositories\bin\debug\cloudnotes.tests.repositories.dll" id="846215b7-3a17-549a-a8bb-e3c8573dbdf6">
      <Execution id="e018a7d5-64ea-462f-aff9-d578e11edae8" />
      <TestMethod codeBase="D:/PROMPT11-10-CloudComputing/CloudNotes/CloudNotes.Tests.Repositories/bin/Debug/CloudNotes.Tests.Repositories.DLL" adapterTypeName="Microsoft.VisualStudio.TestTools.TestTypes.Unit.UnitTestAdapter, Microsoft.VisualStudio.QualityTools.Tips.UnitTest.Adapter, Version=10.0.0.0, Culture=neutral, PublicKeyToken=b03f5f7f11d50a3a" className="CloudNotes.Tests.Repositories.RepositoriesTests, CloudNotes.Tests.Repositories, Version=1.0.0.0, Culture=neutral, PublicKeyToken=null" name="TaskListsRepositoryDeleteCallsDeleteFromTheUnitOfWork" />
    </UnitTest>
    <UnitTest name="UsersServiceMethodLoadShouldReturnAllUsers" storage="d:\prompt11-10-cloudcomputing\cloudnotes\cloudnotes.tests.domain.services\bin\debug\cloudnotes.tests.domain.services.dll" id="04f5ff1c-b8db-538c-4d6c-35fba410e0c0">
      <Execution id="2f764596-167f-4f12-9c24-0e0d97180648" />
      <TestMethod codeBase="D:/PROMPT11-10-CloudComputing/CloudNotes/CloudNotes.Tests.Domain.Services/bin/Debug/CloudNotes.Tests.Domain.Services.DLL" adapterTypeName="Microsoft.VisualStudio.TestTools.TestTypes.Unit.UnitTestAdapter, Microsoft.VisualStudio.QualityTools.Tips.UnitTest.Adapter, Version=10.0.0.0, Culture=neutral, PublicKeyToken=b03f5f7f11d50a3a" className="CloudNotes.Tests.Domain.Services.DomainServicesTests, CloudNotes.Tests.Domain.Services, Version=1.0.0.0, Culture=neutral, PublicKeyToken=null" name="UsersServiceMethodLoadShouldReturnAllUsers" />
    </UnitTest>
    <UnitTest name="NotesServiceMethodLoadShouldReturnAllNotes" storage="d:\prompt11-10-cloudcomputing\cloudnotes\cloudnotes.tests.domain.services\bin\debug\cloudnotes.tests.domain.services.dll" id="b1a7abd8-8831-126c-749d-ed4bdc9d0f13">
      <Execution id="c4412dd8-6346-4bd6-8b67-f445ec48f459" />
      <TestMethod codeBase="D:/PROMPT11-10-CloudComputing/CloudNotes/CloudNotes.Tests.Domain.Services/bin/Debug/CloudNotes.Tests.Domain.Services.DLL" adapterTypeName="Microsoft.VisualStudio.TestTools.TestTypes.Unit.UnitTestAdapter, Microsoft.VisualStudio.QualityTools.Tips.UnitTest.Adapter, Version=10.0.0.0, Culture=neutral, PublicKeyToken=b03f5f7f11d50a3a" className="CloudNotes.Tests.Domain.Services.DomainServicesTests, CloudNotes.Tests.Domain.Services, Version=1.0.0.0, Culture=neutral, PublicKeyToken=null" name="NotesServiceMethodLoadShouldReturnAllNotes" />
    </UnitTest>
    <UnitTest name="TaskListsRepositoryGetCallsGetFromTheUnitOfWorkAndReturnsNullForANonExistingTaskList" storage="d:\prompt11-10-cloudcomputing\cloudnotes\cloudnotes.tests.repositories\bin\debug\cloudnotes.tests.repositories.dll" id="8d3bfe9f-40a5-6515-7c0c-d1c6b7990ea3">
      <Execution id="39dc0c6a-8d62-434e-aaa3-928034f16076" />
      <TestMethod codeBase="D:/PROMPT11-10-CloudComputing/CloudNotes/CloudNotes.Tests.Repositories/bin/Debug/CloudNotes.Tests.Repositories.DLL" adapterTypeName="Microsoft.VisualStudio.TestTools.TestTypes.Unit.UnitTestAdapter, Microsoft.VisualStudio.QualityTools.Tips.UnitTest.Adapter, Version=10.0.0.0, Culture=neutral, PublicKeyToken=b03f5f7f11d50a3a" className="CloudNotes.Tests.Repositories.RepositoriesTests, CloudNotes.Tests.Repositories, Version=1.0.0.0, Culture=neutral, PublicKeyToken=null" name="TaskListsRepositoryGetCallsGetFromTheUnitOfWorkAndReturnsNullForANonExistingTaskList" />
    </UnitTest>
    <UnitTest name="NotesRepositoryAddShareCallsCreateFromTheUnitOfWork" storage="d:\prompt11-10-cloudcomputing\cloudnotes\cloudnotes.tests.repositories\bin\debug\cloudnotes.tests.repositories.dll" id="7d6998de-08bc-b5a5-f97c-68e4a87d69dc">
      <Execution id="8fc88af8-47c7-441d-bf5e-83021d3d1c83" />
      <TestMethod codeBase="D:/PROMPT11-10-CloudComputing/CloudNotes/CloudNotes.Tests.Repositories/bin/Debug/CloudNotes.Tests.Repositories.DLL" adapterTypeName="Microsoft.VisualStudio.TestTools.TestTypes.Unit.UnitTestAdapter, Microsoft.VisualStudio.QualityTools.Tips.UnitTest.Adapter, Version=10.0.0.0, Culture=neutral, PublicKeyToken=b03f5f7f11d50a3a" className="CloudNotes.Tests.Repositories.RepositoriesTests, CloudNotes.Tests.Repositories, Version=1.0.0.0, Culture=neutral, PublicKeyToken=null" name="NotesRepositoryAddShareCallsCreateFromTheUnitOfWork" />
    </UnitTest>
    <UnitTest name="TaskListsServiceMethodUpdateShouldUpdateATaskList" storage="d:\prompt11-10-cloudcomputing\cloudnotes\cloudnotes.tests.domain.services\bin\debug\cloudnotes.tests.domain.services.dll" id="317d83c6-7888-b2e3-18a3-1679d93597b9">
      <Execution id="fe80c966-7538-4b7d-8d19-ff2c32c62bad" />
      <TestMethod codeBase="D:/PROMPT11-10-CloudComputing/CloudNotes/CloudNotes.Tests.Domain.Services/bin/Debug/CloudNotes.Tests.Domain.Services.DLL" adapterTypeName="Microsoft.VisualStudio.TestTools.TestTypes.Unit.UnitTestAdapter, Microsoft.VisualStudio.QualityTools.Tips.UnitTest.Adapter, Version=10.0.0.0, Culture=neutral, PublicKeyToken=b03f5f7f11d50a3a" className="CloudNotes.Tests.Domain.Services.DomainServicesTests, CloudNotes.Tests.Domain.Services, Version=1.0.0.0, Culture=neutral, PublicKeyToken=null" name="TaskListsServiceMethodUpdateShouldUpdateATaskList" />
    </UnitTest>
    <UnitTest name="UsersServiceMethodGetShouldReturnAnExistingUser" storage="d:\prompt11-10-cloudcomputing\cloudnotes\cloudnotes.tests.domain.services\bin\debug\cloudnotes.tests.domain.services.dll" id="e50fb009-f8ba-7a74-c650-ecf3691e911d">
      <Execution id="995127fa-6e9f-4554-a328-ae3400a710b1" />
      <TestMethod codeBase="D:/PROMPT11-10-CloudComputing/CloudNotes/CloudNotes.Tests.Domain.Services/bin/Debug/CloudNotes.Tests.Domain.Services.DLL" adapterTypeName="Microsoft.VisualStudio.TestTools.TestTypes.Unit.UnitTestAdapter, Microsoft.VisualStudio.QualityTools.Tips.UnitTest.Adapter, Version=10.0.0.0, Culture=neutral, PublicKeyToken=b03f5f7f11d50a3a" className="CloudNotes.Tests.Domain.Services.DomainServicesTests, CloudNotes.Tests.Domain.Services, Version=1.0.0.0, Culture=neutral, PublicKeyToken=null" name="UsersServiceMethodGetShouldReturnAnExistingUser" />
    </UnitTest>
    <UnitTest name="NotesRepositoryLoadNotesCallsLoadAndGetsFromTheUnitOfWork" storage="d:\prompt11-10-cloudcomputing\cloudnotes\cloudnotes.tests.repositories\bin\debug\cloudnotes.tests.repositories.dll" id="ec7711e0-6e36-94b0-fa70-9adecfa8a8f1">
      <Execution id="d56a9dd3-acc3-4b67-a650-07ab0bd92e5e" />
      <TestMethod codeBase="D:/PROMPT11-10-CloudComputing/CloudNotes/CloudNotes.Tests.Repositories/bin/Debug/CloudNotes.Tests.Repositories.DLL" adapterTypeName="Microsoft.VisualStudio.TestTools.TestTypes.Unit.UnitTestAdapter, Microsoft.VisualStudio.QualityTools.Tips.UnitTest.Adapter, Version=10.0.0.0, Culture=neutral, PublicKeyToken=b03f5f7f11d50a3a" className="CloudNotes.Tests.Repositories.RepositoriesTests, CloudNotes.Tests.Repositories, Version=1.0.0.0, Culture=neutral, PublicKeyToken=null" name="NotesRepositoryLoadNotesCallsLoadAndGetsFromTheUnitOfWork" />
    </UnitTest>
    <UnitTest name="UsersServiceMethodLoadNoteOwnerShouldLoadOwner" storage="d:\prompt11-10-cloudcomputing\cloudnotes\cloudnotes.tests.domain.services\bin\debug\cloudnotes.tests.domain.services.dll" id="b69a9890-6d34-e521-794d-88f12a6f6738">
      <Execution id="0606cab6-0fe5-498b-8342-0790a6f70466" />
      <TestMethod codeBase="D:/PROMPT11-10-CloudComputing/CloudNotes/CloudNotes.Tests.Domain.Services/bin/Debug/CloudNotes.Tests.Domain.Services.DLL" adapterTypeName="Microsoft.VisualStudio.TestTools.TestTypes.Unit.UnitTestAdapter, Microsoft.VisualStudio.QualityTools.Tips.UnitTest.Adapter, Version=10.0.0.0, Culture=neutral, PublicKeyToken=b03f5f7f11d50a3a" className="CloudNotes.Tests.Domain.Services.DomainServicesTests, CloudNotes.Tests.Domain.Services, Version=1.0.0.0, Culture=neutral, PublicKeyToken=null" name="UsersServiceMethodLoadNoteOwnerShouldLoadOwner" />
    </UnitTest>
    <UnitTest name="UsersRepositoryLoadCallsLoadFromTheUnitOfWork" storage="d:\prompt11-10-cloudcomputing\cloudnotes\cloudnotes.tests.repositories\bin\debug\cloudnotes.tests.repositories.dll" id="31c722d8-5747-84ab-dbe0-e3286ae27d8d">
      <Execution id="554803a1-a5f8-496e-8ad7-fc31271604ed" />
      <TestMethod codeBase="D:/PROMPT11-10-CloudComputing/CloudNotes/CloudNotes.Tests.Repositories/bin/Debug/CloudNotes.Tests.Repositories.DLL" adapterTypeName="Microsoft.VisualStudio.TestTools.TestTypes.Unit.UnitTestAdapter, Microsoft.VisualStudio.QualityTools.Tips.UnitTest.Adapter, Version=10.0.0.0, Culture=neutral, PublicKeyToken=b03f5f7f11d50a3a" className="CloudNotes.Tests.Repositories.RepositoriesTests, CloudNotes.Tests.Repositories, Version=1.0.0.0, Culture=neutral, PublicKeyToken=null" name="UsersRepositoryLoadCallsLoadFromTheUnitOfWork" />
    </UnitTest>
    <UnitTest name="TaskListsServiceMethodLoadShouldReturnAllTaskLists" storage="d:\prompt11-10-cloudcomputing\cloudnotes\cloudnotes.tests.domain.services\bin\debug\cloudnotes.tests.domain.services.dll" id="7d1001da-6055-18e2-1484-260115b93ccf">
      <Execution id="2bbb22a9-9f2c-4327-8197-9bfae81500c4" />
      <TestMethod codeBase="D:/PROMPT11-10-CloudComputing/CloudNotes/CloudNotes.Tests.Domain.Services/bin/Debug/CloudNotes.Tests.Domain.Services.DLL" adapterTypeName="Microsoft.VisualStudio.TestTools.TestTypes.Unit.UnitTestAdapter, Microsoft.VisualStudio.QualityTools.Tips.UnitTest.Adapter, Version=10.0.0.0, Culture=neutral, PublicKeyToken=b03f5f7f11d50a3a" className="CloudNotes.Tests.Domain.Services.DomainServicesTests, CloudNotes.Tests.Domain.Services, Version=1.0.0.0, Culture=neutral, PublicKeyToken=null" name="TaskListsServiceMethodLoadShouldReturnAllTaskLists" />
    </UnitTest>
    <UnitTest name="TestOutgoingRoutes" storage="d:\prompt11-10-cloudcomputing\cloudnotes\cloudnotes.tests.presentation.mvc\bin\debug\cloudnotes.tests.presentation.mvc.dll" id="00c07fbc-3dc1-7834-68a0-9384b7898b8a">
      <Execution id="054b46d9-dd46-438b-9018-c158f886775a" />
      <TestMethod codeBase="D:/PROMPT11-10-CloudComputing/CloudNotes/CloudNotes.Tests.Presentation.MVC/bin/Debug/CloudNotes.Tests.Presentation.MVC.DLL" adapterTypeName="Microsoft.VisualStudio.TestTools.TestTypes.Unit.UnitTestAdapter, Microsoft.VisualStudio.QualityTools.Tips.UnitTest.Adapter, Version=10.0.0.0, Culture=neutral, PublicKeyToken=b03f5f7f11d50a3a" className="CloudNotes.Tests.Presentation.MVC.MVCTests, CloudNotes.Tests.Presentation.MVC, Version=1.0.0.0, Culture=neutral, PublicKeyToken=null" name="TestOutgoingRoutes" />
    </UnitTest>
    <UnitTest name="NotesRepositoryCreateCallsCreateFromTheUnitOfWork" storage="d:\prompt11-10-cloudcomputing\cloudnotes\cloudnotes.tests.repositories\bin\debug\cloudnotes.tests.repositories.dll" id="b3e5450c-7394-e772-4c0f-83c0f0cc9085">
      <Execution id="a78a9bc7-2129-4793-b65c-9e27dfa63e2e" />
      <TestMethod codeBase="D:/PROMPT11-10-CloudComputing/CloudNotes/CloudNotes.Tests.Repositories/bin/Debug/CloudNotes.Tests.Repositories.DLL" adapterTypeName="Microsoft.VisualStudio.TestTools.TestTypes.Unit.UnitTestAdapter, Microsoft.VisualStudio.QualityTools.Tips.UnitTest.Adapter, Version=10.0.0.0, Culture=neutral, PublicKeyToken=b03f5f7f11d50a3a" className="CloudNotes.Tests.Repositories.RepositoriesTests, CloudNotes.Tests.Repositories, Version=1.0.0.0, Culture=neutral, PublicKeyToken=null" name="NotesRepositoryCreateCallsCreateFromTheUnitOfWork" />
    </UnitTest>
    <UnitTest name="NotesServiceMethodCopyNoteShouldCopyANote" storage="d:\prompt11-10-cloudcomputing\cloudnotes\cloudnotes.tests.domain.services\bin\debug\cloudnotes.tests.domain.services.dll" id="3ccecaf6-b51d-cbc4-debf-7489f5a6a3e4">
      <Execution id="daf9d149-e17e-47b9-840a-bf82110d9991" />
      <TestMethod codeBase="D:/PROMPT11-10-CloudComputing/CloudNotes/CloudNotes.Tests.Domain.Services/bin/Debug/CloudNotes.Tests.Domain.Services.DLL" adapterTypeName="Microsoft.VisualStudio.TestTools.TestTypes.Unit.UnitTestAdapter, Microsoft.VisualStudio.QualityTools.Tips.UnitTest.Adapter, Version=10.0.0.0, Culture=neutral, PublicKeyToken=b03f5f7f11d50a3a" className="CloudNotes.Tests.Domain.Services.DomainServicesTests, CloudNotes.Tests.Domain.Services, Version=1.0.0.0, Culture=neutral, PublicKeyToken=null" name="NotesServiceMethodCopyNoteShouldCopyANote" />
    </UnitTest>
    <UnitTest name="ANoteWithAnAllWhitespaceContentIsInvalid" storage="d:\prompt11-10-cloudcomputing\cloudnotes\cloudnotes.tests.domain\bin\debug\cloudnotes.tests.domain.dll" id="00d57f25-d21b-e712-e7ff-b98a3d6f01aa">
      <Execution id="2c406d9b-186c-4f7f-9a01-e8bfe69bf34c" />
      <TestMethod codeBase="D:/PROMPT11-10-CloudComputing/CloudNotes/CloudNotes.Tests.Domain/bin/Debug/CloudNotes.Tests.Domain.DLL" adapterTypeName="Microsoft.VisualStudio.TestTools.TestTypes.Unit.UnitTestAdapter, Microsoft.VisualStudio.QualityTools.Tips.UnitTest.Adapter, Version=10.0.0.0, Culture=neutral, PublicKeyToken=b03f5f7f11d50a3a" className="CloudNotes.Tests.Domain.DomainTests, CloudNotes.Tests.Domain, Version=1.0.0.0, Culture=neutral, PublicKeyToken=null" name="ANoteWithAnAllWhitespaceContentIsInvalid" />
    </UnitTest>
    <UnitTest name="TaskListRepositoryGetCallsGetFromTheUnitOfWorkAndReturnsAnExistingTaskList" storage="d:\prompt11-10-cloudcomputing\cloudnotes\cloudnotes.tests.repositories\bin\debug\cloudnotes.tests.repositories.dll" id="ffc79e9b-00ea-8cc7-18d0-a502995f20d0">
      <Execution id="d3af8b22-10e9-4b2e-972c-dcd6dde30e6c" />
      <TestMethod codeBase="D:/PROMPT11-10-CloudComputing/CloudNotes/CloudNotes.Tests.Repositories/bin/Debug/CloudNotes.Tests.Repositories.DLL" adapterTypeName="Microsoft.VisualStudio.TestTools.TestTypes.Unit.UnitTestAdapter, Microsoft.VisualStudio.QualityTools.Tips.UnitTest.Adapter, Version=10.0.0.0, Culture=neutral, PublicKeyToken=b03f5f7f11d50a3a" className="CloudNotes.Tests.Repositories.RepositoriesTests, CloudNotes.Tests.Repositories, Version=1.0.0.0, Culture=neutral, PublicKeyToken=null" name="TaskListRepositoryGetCallsGetFromTheUnitOfWorkAndReturnsAnExistingTaskList" />
    </UnitTest>
    <UnitTest name="UsersServiceMethodIsRegisteredReturnsTrueForAnExistingUser" storage="d:\prompt11-10-cloudcomputing\cloudnotes\cloudnotes.tests.domain.services\bin\debug\cloudnotes.tests.domain.services.dll" id="74ad4924-ca1f-7fc8-3dda-97c8ce4dc14e">
      <Execution id="f0dc9918-3265-4c78-b79d-51f2d36d107b" />
      <TestMethod codeBase="D:/PROMPT11-10-CloudComputing/CloudNotes/CloudNotes.Tests.Domain.Services/bin/Debug/CloudNotes.Tests.Domain.Services.DLL" adapterTypeName="Microsoft.VisualStudio.TestTools.TestTypes.Unit.UnitTestAdapter, Microsoft.VisualStudio.QualityTools.Tips.UnitTest.Adapter, Version=10.0.0.0, Culture=neutral, PublicKeyToken=b03f5f7f11d50a3a" className="CloudNotes.Tests.Domain.Services.DomainServicesTests, CloudNotes.Tests.Domain.Services, Version=1.0.0.0, Culture=neutral, PublicKeyToken=null" name="UsersServiceMethodIsRegisteredReturnsTrueForAnExistingUser" />
    </UnitTest>
    <UnitTest name="NotesRepositoryRemoveShareCallsDeleteFromTheUnitOfWork" storage="d:\prompt11-10-cloudcomputing\cloudnotes\cloudnotes.tests.repositories\bin\debug\cloudnotes.tests.repositories.dll" id="c775d00d-9095-a8a9-2433-76c5a0405657">
      <Execution id="78b2fce6-4952-470a-b53a-cf403b5f3cad" />
      <TestMethod codeBase="D:/PROMPT11-10-CloudComputing/CloudNotes/CloudNotes.Tests.Repositories/bin/Debug/CloudNotes.Tests.Repositories.DLL" adapterTypeName="Microsoft.VisualStudio.TestTools.TestTypes.Unit.UnitTestAdapter, Microsoft.VisualStudio.QualityTools.Tips.UnitTest.Adapter, Version=10.0.0.0, Culture=neutral, PublicKeyToken=b03f5f7f11d50a3a" className="CloudNotes.Tests.Repositories.RepositoriesTests, CloudNotes.Tests.Repositories, Version=1.0.0.0, Culture=neutral, PublicKeyToken=null" name="NotesRepositoryRemoveShareCallsDeleteFromTheUnitOfWork" />
    </UnitTest>
    <UnitTest name="UsersRepositoryCreateCallsCreateFromTheUnitOfWork" storage="d:\prompt11-10-cloudcomputing\cloudnotes\cloudnotes.tests.repositories\bin\debug\cloudnotes.tests.repositories.dll" id="8e102b5d-e958-b297-bb65-7f1f98f7fdce">
      <Execution id="f48ef717-56ba-4034-b975-46ca1e1a0fc1" />
      <TestMethod codeBase="D:/PROMPT11-10-CloudComputing/CloudNotes/CloudNotes.Tests.Repositories/bin/Debug/CloudNotes.Tests.Repositories.DLL" adapterTypeName="Microsoft.VisualStudio.TestTools.TestTypes.Unit.UnitTestAdapter, Microsoft.VisualStudio.QualityTools.Tips.UnitTest.Adapter, Version=10.0.0.0, Culture=neutral, PublicKeyToken=b03f5f7f11d50a3a" className="CloudNotes.Tests.Repositories.RepositoriesTests, CloudNotes.Tests.Repositories, Version=1.0.0.0, Culture=neutral, PublicKeyToken=null" name="UsersRepositoryCreateCallsCreateFromTheUnitOfWork" />
    </UnitTest>
    <UnitTest name="AUserWithAnInvalidEmailIsInvalid" storage="d:\prompt11-10-cloudcomputing\cloudnotes\cloudnotes.tests.domain\bin\debug\cloudnotes.tests.domain.dll" id="68595d26-57a1-321d-c72e-7ab1ba9f7821">
      <Execution id="3f095c56-8fd4-42c3-8ba6-2007331996e3" />
      <TestMethod codeBase="D:/PROMPT11-10-CloudComputing/CloudNotes/CloudNotes.Tests.Domain/bin/Debug/CloudNotes.Tests.Domain.DLL" adapterTypeName="Microsoft.VisualStudio.TestTools.TestTypes.Unit.UnitTestAdapter, Microsoft.VisualStudio.QualityTools.Tips.UnitTest.Adapter, Version=10.0.0.0, Culture=neutral, PublicKeyToken=b03f5f7f11d50a3a" className="CloudNotes.Tests.Domain.DomainTests, CloudNotes.Tests.Domain, Version=1.0.0.0, Culture=neutral, PublicKeyToken=null" name="AUserWithAnInvalidEmailIsInvalid" />
    </UnitTest>
    <UnitTest name="TaskListsServiceMethodGetSharedShouldReturnAllTaskListsThatTheUserIsInTheShare" storage="d:\prompt11-10-cloudcomputing\cloudnotes\cloudnotes.tests.domain.services\bin\debug\cloudnotes.tests.domain.services.dll" id="d0098638-c512-c593-36b7-531e29f0d103">
      <Execution id="6a1211ea-1e52-4a04-8740-ac304db3aa26" />
      <TestMethod codeBase="D:/PROMPT11-10-CloudComputing/CloudNotes/CloudNotes.Tests.Domain.Services/bin/Debug/CloudNotes.Tests.Domain.Services.DLL" adapterTypeName="Microsoft.VisualStudio.TestTools.TestTypes.Unit.UnitTestAdapter, Microsoft.VisualStudio.QualityTools.Tips.UnitTest.Adapter, Version=10.0.0.0, Culture=neutral, PublicKeyToken=b03f5f7f11d50a3a" className="CloudNotes.Tests.Domain.Services.DomainServicesTests, CloudNotes.Tests.Domain.Services, Version=1.0.0.0, Culture=neutral, PublicKeyToken=null" name="TaskListsServiceMethodGetSharedShouldReturnAllTaskListsThatTheUserIsInTheShare" />
    </UnitTest>
    <UnitTest name="AUserWithAnNameThatHasTheCharacterPlusIsInvalid" storage="d:\prompt11-10-cloudcomputing\cloudnotes\cloudnotes.tests.domain\bin\debug\cloudnotes.tests.domain.dll" id="e7bbd4b2-5c95-3563-fc1e-37f3d3d4a55d">
      <Execution id="b371fb62-841f-4b25-bb47-7e0759a5e94c" />
      <TestMethod codeBase="D:/PROMPT11-10-CloudComputing/CloudNotes/CloudNotes.Tests.Domain/bin/Debug/CloudNotes.Tests.Domain.DLL" adapterTypeName="Microsoft.VisualStudio.TestTools.TestTypes.Unit.UnitTestAdapter, Microsoft.VisualStudio.QualityTools.Tips.UnitTest.Adapter, Version=10.0.0.0, Culture=neutral, PublicKeyToken=b03f5f7f11d50a3a" className="CloudNotes.Tests.Domain.DomainTests, CloudNotes.Tests.Domain, Version=1.0.0.0, Culture=neutral, PublicKeyToken=null" name="AUserWithAnNameThatHasTheCharacterPlusIsInvalid" />
    </UnitTest>
    <UnitTest name="TaskListsRepositoryRemoveShareCallsDeleteFromTheUnitOfWork" storage="d:\prompt11-10-cloudcomputing\cloudnotes\cloudnotes.tests.repositories\bin\debug\cloudnotes.tests.repositories.dll" id="1c5a4485-18eb-1fb7-a783-fbf6aecbe579">
      <Execution id="e31bd16c-5c00-4625-ae96-7ab1b334dda3" />
      <TestMethod codeBase="D:/PROMPT11-10-CloudComputing/CloudNotes/CloudNotes.Tests.Repositories/bin/Debug/CloudNotes.Tests.Repositories.DLL" adapterTypeName="Microsoft.VisualStudio.TestTools.TestTypes.Unit.UnitTestAdapter, Microsoft.VisualStudio.QualityTools.Tips.UnitTest.Adapter, Version=10.0.0.0, Culture=neutral, PublicKeyToken=b03f5f7f11d50a3a" className="CloudNotes.Tests.Repositories.RepositoriesTests, CloudNotes.Tests.Repositories, Version=1.0.0.0, Culture=neutral, PublicKeyToken=null" name="TaskListsRepositoryRemoveShareCallsDeleteFromTheUnitOfWork" />
    </UnitTest>
    <UnitTest name="NotesServiceMethodLoadNotesShouldLoadAllNotes" storage="d:\prompt11-10-cloudcomputing\cloudnotes\cloudnotes.tests.domain.services\bin\debug\cloudnotes.tests.domain.services.dll" id="a31f17ab-e933-91d3-0be7-69abe24ee67e">
      <Execution id="d2fdbd09-db6c-4ed6-95e4-2f64b2c5665d" />
      <TestMethod codeBase="D:/PROMPT11-10-CloudComputing/CloudNotes/CloudNotes.Tests.Domain.Services/bin/Debug/CloudNotes.Tests.Domain.Services.DLL" adapterTypeName="Microsoft.VisualStudio.TestTools.TestTypes.Unit.UnitTestAdapter, Microsoft.VisualStudio.QualityTools.Tips.UnitTest.Adapter, Version=10.0.0.0, Culture=neutral, PublicKeyToken=b03f5f7f11d50a3a" className="CloudNotes.Tests.Domain.Services.DomainServicesTests, CloudNotes.Tests.Domain.Services, Version=1.0.0.0, Culture=neutral, PublicKeyToken=null" name="NotesServiceMethodLoadNotesShouldLoadAllNotes" />
    </UnitTest>
    <UnitTest name="UsersServiceMethodLoadTaskListOwnerShouldLoadOwner" storage="d:\prompt11-10-cloudcomputing\cloudnotes\cloudnotes.tests.domain.services\bin\debug\cloudnotes.tests.domain.services.dll" id="63b79998-d09c-e8f8-a40f-f31aca5bbc08">
      <Execution id="428df0bd-ea4e-4689-8dbc-f567777679bf" />
      <TestMethod codeBase="D:/PROMPT11-10-CloudComputing/CloudNotes/CloudNotes.Tests.Domain.Services/bin/Debug/CloudNotes.Tests.Domain.Services.DLL" adapterTypeName="Microsoft.VisualStudio.TestTools.TestTypes.Unit.UnitTestAdapter, Microsoft.VisualStudio.QualityTools.Tips.UnitTest.Adapter, Version=10.0.0.0, Culture=neutral, PublicKeyToken=b03f5f7f11d50a3a" className="CloudNotes.Tests.Domain.Services.DomainServicesTests, CloudNotes.Tests.Domain.Services, Version=1.0.0.0, Culture=neutral, PublicKeyToken=null" name="UsersServiceMethodLoadTaskListOwnerShouldLoadOwner" />
    </UnitTest>
    <UnitTest name="UserServiceMethodParseIdentityProviderShouldParseIdentityProviders" storage="d:\prompt11-10-cloudcomputing\cloudnotes\cloudnotes.tests.domain.services\bin\debug\cloudnotes.tests.domain.services.dll" id="c2a1ec4d-3db1-3ce5-c3f4-62bd1b5521f4">
      <Execution id="b59ab2fc-8217-4eee-951a-0748e25948cb" />
      <TestMethod codeBase="D:/PROMPT11-10-CloudComputing/CloudNotes/CloudNotes.Tests.Domain.Services/bin/Debug/CloudNotes.Tests.Domain.Services.DLL" adapterTypeName="Microsoft.VisualStudio.TestTools.TestTypes.Unit.UnitTestAdapter, Microsoft.VisualStudio.QualityTools.Tips.UnitTest.Adapter, Version=10.0.0.0, Culture=neutral, PublicKeyToken=b03f5f7f11d50a3a" className="CloudNotes.Tests.Domain.Services.DomainServicesTests, CloudNotes.Tests.Domain.Services, Version=1.0.0.0, Culture=neutral, PublicKeyToken=null" name="UserServiceMethodParseIdentityProviderShouldParseIdentityProviders" />
    </UnitTest>
    <UnitTest name="NotesServiceMethodGetShouldReturnANote" storage="d:\prompt11-10-cloudcomputing\cloudnotes\cloudnotes.tests.domain.services\bin\debug\cloudnotes.tests.domain.services.dll" id="a52de280-ccb3-2f52-6566-1bbc9bfb4624">
      <Execution id="6ddc6035-f103-4550-9f15-4b482b0fb820" />
      <TestMethod codeBase="D:/PROMPT11-10-CloudComputing/CloudNotes/CloudNotes.Tests.Domain.Services/bin/Debug/CloudNotes.Tests.Domain.Services.DLL" adapterTypeName="Microsoft.VisualStudio.TestTools.TestTypes.Unit.UnitTestAdapter, Microsoft.VisualStudio.QualityTools.Tips.UnitTest.Adapter, Version=10.0.0.0, Culture=neutral, PublicKeyToken=b03f5f7f11d50a3a" className="CloudNotes.Tests.Domain.Services.DomainServicesTests, CloudNotes.Tests.Domain.Services, Version=1.0.0.0, Culture=neutral, PublicKeyToken=null" name="NotesServiceMethodGetShouldReturnANote" />
    </UnitTest>
    <UnitTest name="TaskListsRepositoryCreateCallsCreatesFromTheUnitOfWork" storage="d:\prompt11-10-cloudcomputing\cloudnotes\cloudnotes.tests.repositories\bin\debug\cloudnotes.tests.repositories.dll" id="68515e07-492a-8340-8ae8-e1f724f6552a">
      <Execution id="ad34f842-de8f-49a3-9560-1c9ce7035f14" />
      <TestMethod codeBase="D:/PROMPT11-10-CloudComputing/CloudNotes/CloudNotes.Tests.Repositories/bin/Debug/CloudNotes.Tests.Repositories.DLL" adapterTypeName="Microsoft.VisualStudio.TestTools.TestTypes.Unit.UnitTestAdapter, Microsoft.VisualStudio.QualityTools.Tips.UnitTest.Adapter, Version=10.0.0.0, Culture=neutral, PublicKeyToken=b03f5f7f11d50a3a" className="CloudNotes.Tests.Repositories.RepositoriesTests, CloudNotes.Tests.Repositories, Version=1.0.0.0, Culture=neutral, PublicKeyToken=null" name="TaskListsRepositoryCreateCallsCreatesFromTheUnitOfWork" />
    </UnitTest>
    <UnitTest name="NotesServiceMethodHasPermissionToEditShouldReturnTrueForAUserInTheShare" storage="d:\prompt11-10-cloudcomputing\cloudnotes\cloudnotes.tests.domain.services\bin\debug\cloudnotes.tests.domain.services.dll" id="1026c741-dd83-c4ec-8bca-52fe5c047850">
      <Execution id="87dbcc09-0144-4206-aae0-d04d401e124e" />
      <TestMethod codeBase="D:/PROMPT11-10-CloudComputing/CloudNotes/CloudNotes.Tests.Domain.Services/bin/Debug/CloudNotes.Tests.Domain.Services.DLL" adapterTypeName="Microsoft.VisualStudio.TestTools.TestTypes.Unit.UnitTestAdapter, Microsoft.VisualStudio.QualityTools.Tips.UnitTest.Adapter, Version=10.0.0.0, Culture=neutral, PublicKeyToken=b03f5f7f11d50a3a" className="CloudNotes.Tests.Domain.Services.DomainServicesTests, CloudNotes.Tests.Domain.Services, Version=1.0.0.0, Culture=neutral, PublicKeyToken=null" name="NotesServiceMethodHasPermissionToEditShouldReturnTrueForAUserInTheShare" />
    </UnitTest>
    <UnitTest name="NotesRepositoryDeleteCallsDeletesFromTheUnitOfWork" storage="d:\prompt11-10-cloudcomputing\cloudnotes\cloudnotes.tests.repositories\bin\debug\cloudnotes.tests.repositories.dll" id="2d4e2a1a-222a-051d-2148-b1b6eab73111">
      <Execution id="4e16cd90-4e00-47c2-926f-872899b13554" />
      <TestMethod codeBase="D:/PROMPT11-10-CloudComputing/CloudNotes/CloudNotes.Tests.Repositories/bin/Debug/CloudNotes.Tests.Repositories.DLL" adapterTypeName="Microsoft.VisualStudio.TestTools.TestTypes.Unit.UnitTestAdapter, Microsoft.VisualStudio.QualityTools.Tips.UnitTest.Adapter, Version=10.0.0.0, Culture=neutral, PublicKeyToken=b03f5f7f11d50a3a" className="CloudNotes.Tests.Repositories.RepositoriesTests, CloudNotes.Tests.Repositories, Version=1.0.0.0, Culture=neutral, PublicKeyToken=null" name="NotesRepositoryDeleteCallsDeletesFromTheUnitOfWork" />
    </UnitTest>
    <UnitTest name="TaskListsServiceMethodCreateShouldCreateATaskList" storage="d:\prompt11-10-cloudcomputing\cloudnotes\cloudnotes.tests.domain.services\bin\debug\cloudnotes.tests.domain.services.dll" id="fe3768ee-5ae4-68d3-ca82-4c54def2a86c">
      <Execution id="16575959-ead2-486b-a551-a3f5fcc86fb8" />
      <TestMethod codeBase="D:/PROMPT11-10-CloudComputing/CloudNotes/CloudNotes.Tests.Domain.Services/bin/Debug/CloudNotes.Tests.Domain.Services.DLL" adapterTypeName="Microsoft.VisualStudio.TestTools.TestTypes.Unit.UnitTestAdapter, Microsoft.VisualStudio.QualityTools.Tips.UnitTest.Adapter, Version=10.0.0.0, Culture=neutral, PublicKeyToken=b03f5f7f11d50a3a" className="CloudNotes.Tests.Domain.Services.DomainServicesTests, CloudNotes.Tests.Domain.Services, Version=1.0.0.0, Culture=neutral, PublicKeyToken=null" name="TaskListsServiceMethodCreateShouldCreateATaskList" />
    </UnitTest>
    <UnitTest name="UsersRepositoryGetCallsWithFilterGetFromTheUnitOfWorkAndReturnsAExistingTaskList" storage="d:\prompt11-10-cloudcomputing\cloudnotes\cloudnotes.tests.repositories\bin\debug\cloudnotes.tests.repositories.dll" id="9863ea66-4389-d916-e2df-c69ea144bb25">
      <Execution id="fae5ce65-53d5-4f9d-aa9c-8baaac6cba58" />
      <TestMethod codeBase="D:/PROMPT11-10-CloudComputing/CloudNotes/CloudNotes.Tests.Repositories/bin/Debug/CloudNotes.Tests.Repositories.DLL" adapterTypeName="Microsoft.VisualStudio.TestTools.TestTypes.Unit.UnitTestAdapter, Microsoft.VisualStudio.QualityTools.Tips.UnitTest.Adapter, Version=10.0.0.0, Culture=neutral, PublicKeyToken=b03f5f7f11d50a3a" className="CloudNotes.Tests.Repositories.RepositoriesTests, CloudNotes.Tests.Repositories, Version=1.0.0.0, Culture=neutral, PublicKeyToken=null" name="UsersRepositoryGetCallsWithFilterGetFromTheUnitOfWorkAndReturnsAExistingTaskList" />
    </UnitTest>
    <UnitTest name="UsersRepositoryGetCallsGetFromTheUnitOfWorkAndReturnsNullForANonExistingUser" storage="d:\prompt11-10-cloudcomputing\cloudnotes\cloudnotes.tests.repositories\bin\debug\cloudnotes.tests.repositories.dll" id="8f90efd1-0a3e-6847-1469-eec0d3368773">
      <Execution id="22d6b38c-fcd8-4498-b55b-20fe6f955e8f" />
      <TestMethod codeBase="D:/PROMPT11-10-CloudComputing/CloudNotes/CloudNotes.Tests.Repositories/bin/Debug/CloudNotes.Tests.Repositories.DLL" adapterTypeName="Microsoft.VisualStudio.TestTools.TestTypes.Unit.UnitTestAdapter, Microsoft.VisualStudio.QualityTools.Tips.UnitTest.Adapter, Version=10.0.0.0, Culture=neutral, PublicKeyToken=b03f5f7f11d50a3a" className="CloudNotes.Tests.Repositories.RepositoriesTests, CloudNotes.Tests.Repositories, Version=1.0.0.0, Culture=neutral, PublicKeyToken=null" name="UsersRepositoryGetCallsGetFromTheUnitOfWorkAndReturnsNullForANonExistingUser" />
    </UnitTest>
    <UnitTest name="NotesServiceMethodHasPermissionToEditShouldReturnFalseForAUserNotInTheShare" storage="d:\prompt11-10-cloudcomputing\cloudnotes\cloudnotes.tests.domain.services\bin\debug\cloudnotes.tests.domain.services.dll" id="7ae1ddc5-c3b0-7641-cb10-f72206ce0466">
      <Execution id="13092058-0702-46d7-abe0-1934dee95472" />
      <TestMethod codeBase="D:/PROMPT11-10-CloudComputing/CloudNotes/CloudNotes.Tests.Domain.Services/bin/Debug/CloudNotes.Tests.Domain.Services.DLL" adapterTypeName="Microsoft.VisualStudio.TestTools.TestTypes.Unit.UnitTestAdapter, Microsoft.VisualStudio.QualityTools.Tips.UnitTest.Adapter, Version=10.0.0.0, Culture=neutral, PublicKeyToken=b03f5f7f11d50a3a" className="CloudNotes.Tests.Domain.Services.DomainServicesTests, CloudNotes.Tests.Domain.Services, Version=1.0.0.0, Culture=neutral, PublicKeyToken=null" name="NotesServiceMethodHasPermissionToEditShouldReturnFalseForAUserNotInTheShare" />
    </UnitTest>
    <UnitTest name="UsersServiceMethodGetUserAuthenticationInfoShouldReturnTheAuthenticationInfoWithNameAndEmail" storage="d:\prompt11-10-cloudcomputing\cloudnotes\cloudnotes.tests.domain.services\bin\debug\cloudnotes.tests.domain.services.dll" id="0b9127df-74e4-b881-09f0-5494a78337a6">
      <Execution id="98f15755-f96e-42ab-bb59-9ab90f7702e9" />
      <TestMethod codeBase="D:/PROMPT11-10-CloudComputing/CloudNotes/CloudNotes.Tests.Domain.Services/bin/Debug/CloudNotes.Tests.Domain.Services.DLL" adapterTypeName="Microsoft.VisualStudio.TestTools.TestTypes.Unit.UnitTestAdapter, Microsoft.VisualStudio.QualityTools.Tips.UnitTest.Adapter, Version=10.0.0.0, Culture=neutral, PublicKeyToken=b03f5f7f11d50a3a" className="CloudNotes.Tests.Domain.Services.DomainServicesTests, CloudNotes.Tests.Domain.Services, Version=1.0.0.0, Culture=neutral, PublicKeyToken=null" name="UsersServiceMethodGetUserAuthenticationInfoShouldReturnTheAuthenticationInfoWithNameAndEmail" />
    </UnitTest>
    <UnitTest name="NotesRepositoryNoteWithTitleExistsCallsGetFromTheUnitOfWork" storage="d:\prompt11-10-cloudcomputing\cloudnotes\cloudnotes.tests.repositories\bin\debug\cloudnotes.tests.repositories.dll" id="4b614527-e28c-581c-d382-32a4d4aafc06">
      <Execution id="b38e3a21-fdbc-4a8d-b400-f34433616268" />
      <TestMethod codeBase="D:/PROMPT11-10-CloudComputing/CloudNotes/CloudNotes.Tests.Repositories/bin/Debug/CloudNotes.Tests.Repositories.DLL" adapterTypeName="Microsoft.VisualStudio.TestTools.TestTypes.Unit.UnitTestAdapter, Microsoft.VisualStudio.QualityTools.Tips.UnitTest.Adapter, Version=10.0.0.0, Culture=neutral, PublicKeyToken=b03f5f7f11d50a3a" className="CloudNotes.Tests.Repositories.RepositoriesTests, CloudNotes.Tests.Repositories, Version=1.0.0.0, Culture=neutral, PublicKeyToken=null" name="NotesRepositoryNoteWithTitleExistsCallsGetFromTheUnitOfWork" />
    </UnitTest>
    <UnitTest name="AUserWithAValidEmailIsValid" storage="d:\prompt11-10-cloudcomputing\cloudnotes\cloudnotes.tests.domain\bin\debug\cloudnotes.tests.domain.dll" id="7d09f543-4324-80a8-54ae-156dcda31038">
      <Execution id="df3bc0cc-305c-451b-8f4e-61bc83d1da0b" />
      <TestMethod codeBase="D:/PROMPT11-10-CloudComputing/CloudNotes/CloudNotes.Tests.Domain/bin/Debug/CloudNotes.Tests.Domain.DLL" adapterTypeName="Microsoft.VisualStudio.TestTools.TestTypes.Unit.UnitTestAdapter, Microsoft.VisualStudio.QualityTools.Tips.UnitTest.Adapter, Version=10.0.0.0, Culture=neutral, PublicKeyToken=b03f5f7f11d50a3a" className="CloudNotes.Tests.Domain.DomainTests, CloudNotes.Tests.Domain, Version=1.0.0.0, Culture=neutral, PublicKeyToken=null" name="AUserWithAValidEmailIsValid" />
    </UnitTest>
    <UnitTest name="TaskListsRepositoryGetCallsWithFilterGetFromTheUnitOfWorkAndReturnsAExistingTaskList" storage="d:\prompt11-10-cloudcomputing\cloudnotes\cloudnotes.tests.repositories\bin\debug\cloudnotes.tests.repositories.dll" id="ad8e41a5-ec19-61e8-ab78-b0066874f9a4">
      <Execution id="08d457e2-5a21-44ef-bb85-c9111465755a" />
      <TestMethod codeBase="D:/PROMPT11-10-CloudComputing/CloudNotes/CloudNotes.Tests.Repositories/bin/Debug/CloudNotes.Tests.Repositories.DLL" adapterTypeName="Microsoft.VisualStudio.TestTools.TestTypes.Unit.UnitTestAdapter, Microsoft.VisualStudio.QualityTools.Tips.UnitTest.Adapter, Version=10.0.0.0, Culture=neutral, PublicKeyToken=b03f5f7f11d50a3a" className="CloudNotes.Tests.Repositories.RepositoriesTests, CloudNotes.Tests.Repositories, Version=1.0.0.0, Culture=neutral, PublicKeyToken=null" name="TaskListsRepositoryGetCallsWithFilterGetFromTheUnitOfWorkAndReturnsAExistingTaskList" />
    </UnitTest>
    <UnitTest name="TaskListsRepositoryHasPermisionToEditCallsGetFromTheUnitOfWork" storage="d:\prompt11-10-cloudcomputing\cloudnotes\cloudnotes.tests.repositories\bin\debug\cloudnotes.tests.repositories.dll" id="6eb006b0-f141-29b2-0ec3-c52e70221b01">
      <Execution id="2b3f1592-9664-4d8e-ab2c-42533c1338fa" />
      <TestMethod codeBase="D:/PROMPT11-10-CloudComputing/CloudNotes/CloudNotes.Tests.Repositories/bin/Debug/CloudNotes.Tests.Repositories.DLL" adapterTypeName="Microsoft.VisualStudio.TestTools.TestTypes.Unit.UnitTestAdapter, Microsoft.VisualStudio.QualityTools.Tips.UnitTest.Adapter, Version=10.0.0.0, Culture=neutral, PublicKeyToken=b03f5f7f11d50a3a" className="CloudNotes.Tests.Repositories.RepositoriesTests, CloudNotes.Tests.Repositories, Version=1.0.0.0, Culture=neutral, PublicKeyToken=null" name="TaskListsRepositoryHasPermisionToEditCallsGetFromTheUnitOfWork" />
    </UnitTest>
    <UnitTest name="NotesServiceMethodNoteWithTitleExistsShouldReturnTrueForAnExistingTitle" storage="d:\prompt11-10-cloudcomputing\cloudnotes\cloudnotes.tests.domain.services\bin\debug\cloudnotes.tests.domain.services.dll" id="b6265d2d-5cae-e3d4-95b5-67607627ef13">
      <Execution id="94bf2001-d086-4540-b36a-75aba4eb2e43" />
      <TestMethod codeBase="D:/PROMPT11-10-CloudComputing/CloudNotes/CloudNotes.Tests.Domain.Services/bin/Debug/CloudNotes.Tests.Domain.Services.DLL" adapterTypeName="Microsoft.VisualStudio.TestTools.TestTypes.Unit.UnitTestAdapter, Microsoft.VisualStudio.QualityTools.Tips.UnitTest.Adapter, Version=10.0.0.0, Culture=neutral, PublicKeyToken=b03f5f7f11d50a3a" className="CloudNotes.Tests.Domain.Services.DomainServicesTests, CloudNotes.Tests.Domain.Services, Version=1.0.0.0, Culture=neutral, PublicKeyToken=null" name="NotesServiceMethodNoteWithTitleExistsShouldReturnTrueForAnExistingTitle" />
    </UnitTest>
    <UnitTest name="UsersRepositoryParseIdentityProviderParsesYahooCorrectly" storage="d:\prompt11-10-cloudcomputing\cloudnotes\cloudnotes.tests.repositories\bin\debug\cloudnotes.tests.repositories.dll" id="56cb2ba6-bd19-5c25-a99a-9bed17136d50">
      <Execution id="07cc57a4-2451-45c4-80a1-b4c75eff6f6d" />
      <TestMethod codeBase="D:/PROMPT11-10-CloudComputing/CloudNotes/CloudNotes.Tests.Repositories/bin/Debug/CloudNotes.Tests.Repositories.DLL" adapterTypeName="Microsoft.VisualStudio.TestTools.TestTypes.Unit.UnitTestAdapter, Microsoft.VisualStudio.QualityTools.Tips.UnitTest.Adapter, Version=10.0.0.0, Culture=neutral, PublicKeyToken=b03f5f7f11d50a3a" className="CloudNotes.Tests.Repositories.RepositoriesTests, CloudNotes.Tests.Repositories, Version=1.0.0.0, Culture=neutral, PublicKeyToken=null" name="UsersRepositoryParseIdentityProviderParsesYahooCorrectly" />
    </UnitTest>
    <UnitTest name="NotesRepositoryGetWihtFilterCallsGetFromTheUnitOfWorkAndReturnsAnExistingNote" storage="d:\prompt11-10-cloudcomputing\cloudnotes\cloudnotes.tests.repositories\bin\debug\cloudnotes.tests.repositories.dll" id="5d59f492-e6d2-4a32-8cb5-8bac5548a5fd">
      <Execution id="c4df72a4-c772-41e1-a564-c01afd7da8bc" />
      <TestMethod codeBase="D:/PROMPT11-10-CloudComputing/CloudNotes/CloudNotes.Tests.Repositories/bin/Debug/CloudNotes.Tests.Repositories.DLL" adapterTypeName="Microsoft.VisualStudio.TestTools.TestTypes.Unit.UnitTestAdapter, Microsoft.VisualStudio.QualityTools.Tips.UnitTest.Adapter, Version=10.0.0.0, Culture=neutral, PublicKeyToken=b03f5f7f11d50a3a" className="CloudNotes.Tests.Repositories.RepositoriesTests, CloudNotes.Tests.Repositories, Version=1.0.0.0, Culture=neutral, PublicKeyToken=null" name="NotesRepositoryGetWihtFilterCallsGetFromTheUnitOfWorkAndReturnsAnExistingNote" />
    </UnitTest>
    <UnitTest name="UsersRepositoryDeleteCallsDeleteFromTheUnitOfWork" storage="d:\prompt11-10-cloudcomputing\cloudnotes\cloudnotes.tests.repositories\bin\debug\cloudnotes.tests.repositories.dll" id="1a6e3131-7b28-7bfb-ebe5-62afff858b9e">
      <Execution id="61806ab7-5942-4011-9432-1da72658b25c" />
      <TestMethod codeBase="D:/PROMPT11-10-CloudComputing/CloudNotes/CloudNotes.Tests.Repositories/bin/Debug/CloudNotes.Tests.Repositories.DLL" adapterTypeName="Microsoft.VisualStudio.TestTools.TestTypes.Unit.UnitTestAdapter, Microsoft.VisualStudio.QualityTools.Tips.UnitTest.Adapter, Version=10.0.0.0, Culture=neutral, PublicKeyToken=b03f5f7f11d50a3a" className="CloudNotes.Tests.Repositories.RepositoriesTests, CloudNotes.Tests.Repositories, Version=1.0.0.0, Culture=neutral, PublicKeyToken=null" name="UsersRepositoryDeleteCallsDeleteFromTheUnitOfWork" />
    </UnitTest>
    <UnitTest name="AUserWithAnNameAllWhitespacesIsInvalid" storage="d:\prompt11-10-cloudcomputing\cloudnotes\cloudnotes.tests.domain\bin\debug\cloudnotes.tests.domain.dll" id="0e9aff77-2b4b-fe40-b395-e45251f0a1ee">
      <Execution id="54496dad-fb64-4db2-9d97-1692505a551e" />
      <TestMethod codeBase="D:/PROMPT11-10-CloudComputing/CloudNotes/CloudNotes.Tests.Domain/bin/Debug/CloudNotes.Tests.Domain.DLL" adapterTypeName="Microsoft.VisualStudio.TestTools.TestTypes.Unit.UnitTestAdapter, Microsoft.VisualStudio.QualityTools.Tips.UnitTest.Adapter, Version=10.0.0.0, Culture=neutral, PublicKeyToken=b03f5f7f11d50a3a" className="CloudNotes.Tests.Domain.DomainTests, CloudNotes.Tests.Domain, Version=1.0.0.0, Culture=neutral, PublicKeyToken=null" name="AUserWithAnNameAllWhitespacesIsInvalid" />
    </UnitTest>
    <UnitTest name="UsersServiceMethodGetByFilterShouldReturnAUser" storage="d:\prompt11-10-cloudcomputing\cloudnotes\cloudnotes.tests.domain.services\bin\debug\cloudnotes.tests.domain.services.dll" id="7c9b51a9-eac2-5f6f-a165-f92934b19311">
      <Execution id="eae65ddb-5a68-4c15-b783-0063fbbd5078" />
      <TestMethod codeBase="D:/PROMPT11-10-CloudComputing/CloudNotes/CloudNotes.Tests.Domain.Services/bin/Debug/CloudNotes.Tests.Domain.Services.DLL" adapterTypeName="Microsoft.VisualStudio.TestTools.TestTypes.Unit.UnitTestAdapter, Microsoft.VisualStudio.QualityTools.Tips.UnitTest.Adapter, Version=10.0.0.0, Culture=neutral, PublicKeyToken=b03f5f7f11d50a3a" className="CloudNotes.Tests.Domain.Services.DomainServicesTests, CloudNotes.Tests.Domain.Services, Version=1.0.0.0, Culture=neutral, PublicKeyToken=null" name="UsersServiceMethodGetByFilterShouldReturnAUser" />
    </UnitTest>
    <UnitTest name="NotesServiceMethodNoteWithTitleExistsShouldReturnFalseForNonExistingTitle" storage="d:\prompt11-10-cloudcomputing\cloudnotes\cloudnotes.tests.domain.services\bin\debug\cloudnotes.tests.domain.services.dll" id="3b15e204-c4d0-7b16-61a4-7570b81b33a7">
      <Execution id="9ed7bff4-2264-4c0c-8e9b-c401c4502fee" />
      <TestMethod codeBase="D:/PROMPT11-10-CloudComputing/CloudNotes/CloudNotes.Tests.Domain.Services/bin/Debug/CloudNotes.Tests.Domain.Services.DLL" adapterTypeName="Microsoft.VisualStudio.TestTools.TestTypes.Unit.UnitTestAdapter, Microsoft.VisualStudio.QualityTools.Tips.UnitTest.Adapter, Version=10.0.0.0, Culture=neutral, PublicKeyToken=b03f5f7f11d50a3a" className="CloudNotes.Tests.Domain.Services.DomainServicesTests, CloudNotes.Tests.Domain.Services, Version=1.0.0.0, Culture=neutral, PublicKeyToken=null" name="NotesServiceMethodNoteWithTitleExistsShouldReturnFalseForNonExistingTitle" />
    </UnitTest>
    <UnitTest name="NotesServiceMethodAddShareShouldAddAUserToTheNoteShares" storage="d:\prompt11-10-cloudcomputing\cloudnotes\cloudnotes.tests.domain.services\bin\debug\cloudnotes.tests.domain.services.dll" id="fecce3eb-38e3-4ca9-5430-fcce974236b4">
      <Execution id="0bcba5ab-261d-47b9-8921-453b2ed223f5" />
      <TestMethod codeBase="D:/PROMPT11-10-CloudComputing/CloudNotes/CloudNotes.Tests.Domain.Services/bin/Debug/CloudNotes.Tests.Domain.Services.DLL" adapterTypeName="Microsoft.VisualStudio.TestTools.TestTypes.Unit.UnitTestAdapter, Microsoft.VisualStudio.QualityTools.Tips.UnitTest.Adapter, Version=10.0.0.0, Culture=neutral, PublicKeyToken=b03f5f7f11d50a3a" className="CloudNotes.Tests.Domain.Services.DomainServicesTests, CloudNotes.Tests.Domain.Services, Version=1.0.0.0, Culture=neutral, PublicKeyToken=null" name="NotesServiceMethodAddShareShouldAddAUserToTheNoteShares" />
    </UnitTest>
    <UnitTest name="TestIncomingRoutes" storage="d:\prompt11-10-cloudcomputing\cloudnotes\cloudnotes.tests.presentation.mvc\bin\debug\cloudnotes.tests.presentation.mvc.dll" id="a742ae72-2621-b011-6828-d1903e18afba">
      <Execution id="4baee5cc-4837-4260-99a8-7ba164072917" />
      <TestMethod codeBase="D:/PROMPT11-10-CloudComputing/CloudNotes/CloudNotes.Tests.Presentation.MVC/bin/Debug/CloudNotes.Tests.Presentation.MVC.DLL" adapterTypeName="Microsoft.VisualStudio.TestTools.TestTypes.Unit.UnitTestAdapter, Microsoft.VisualStudio.QualityTools.Tips.UnitTest.Adapter, Version=10.0.0.0, Culture=neutral, PublicKeyToken=b03f5f7f11d50a3a" className="CloudNotes.Tests.Presentation.MVC.MVCTests, CloudNotes.Tests.Presentation.MVC, Version=1.0.0.0, Culture=neutral, PublicKeyToken=null" name="TestIncomingRoutes" />
    </UnitTest>
    <UnitTest name="UsersRepositoryGetByIdentifiersCallsLoadFromTheUnitOfWorkForNonExistingUser" storage="d:\prompt11-10-cloudcomputing\cloudnotes\cloudnotes.tests.repositories\bin\debug\cloudnotes.tests.repositories.dll" id="a6c1fa83-a867-97da-f19d-bbb05c37bcee">
      <Execution id="3ef9d4d3-b40b-4ca5-85ff-6a5f53e1f33c" />
      <TestMethod codeBase="D:/PROMPT11-10-CloudComputing/CloudNotes/CloudNotes.Tests.Repositories/bin/Debug/CloudNotes.Tests.Repositories.DLL" adapterTypeName="Microsoft.VisualStudio.TestTools.TestTypes.Unit.UnitTestAdapter, Microsoft.VisualStudio.QualityTools.Tips.UnitTest.Adapter, Version=10.0.0.0, Culture=neutral, PublicKeyToken=b03f5f7f11d50a3a" className="CloudNotes.Tests.Repositories.RepositoriesTests, CloudNotes.Tests.Repositories, Version=1.0.0.0, Culture=neutral, PublicKeyToken=null" name="UsersRepositoryGetByIdentifiersCallsLoadFromTheUnitOfWorkForNonExistingUser" />
    </UnitTest>
    <UnitTest name="UsersRepositoryParseIdentityProviderParsesGoogleCorrectly" storage="d:\prompt11-10-cloudcomputing\cloudnotes\cloudnotes.tests.repositories\bin\debug\cloudnotes.tests.repositories.dll" id="d6129223-175a-65cf-54ae-8d91d8e336cb">
      <Execution id="409f706b-2ee7-40f1-b3f8-05e78e0c57ac" />
      <TestMethod codeBase="D:/PROMPT11-10-CloudComputing/CloudNotes/CloudNotes.Tests.Repositories/bin/Debug/CloudNotes.Tests.Repositories.DLL" adapterTypeName="Microsoft.VisualStudio.TestTools.TestTypes.Unit.UnitTestAdapter, Microsoft.VisualStudio.QualityTools.Tips.UnitTest.Adapter, Version=10.0.0.0, Culture=neutral, PublicKeyToken=b03f5f7f11d50a3a" className="CloudNotes.Tests.Repositories.RepositoriesTests, CloudNotes.Tests.Repositories, Version=1.0.0.0, Culture=neutral, PublicKeyToken=null" name="UsersRepositoryParseIdentityProviderParsesGoogleCorrectly" />
    </UnitTest>
    <UnitTest name="ATaskListWithAnEmptyTittleIsInvalid" storage="d:\prompt11-10-cloudcomputing\cloudnotes\cloudnotes.tests.domain\bin\debug\cloudnotes.tests.domain.dll" id="b0f72c88-e8e6-d5ef-9b19-7fed7babeddb">
      <Execution id="a838a261-0d2a-4b42-b910-cbb50cf36346" />
      <TestMethod codeBase="D:/PROMPT11-10-CloudComputing/CloudNotes/CloudNotes.Tests.Domain/bin/Debug/CloudNotes.Tests.Domain.DLL" adapterTypeName="Microsoft.VisualStudio.TestTools.TestTypes.Unit.UnitTestAdapter, Microsoft.VisualStudio.QualityTools.Tips.UnitTest.Adapter, Version=10.0.0.0, Culture=neutral, PublicKeyToken=b03f5f7f11d50a3a" className="CloudNotes.Tests.Domain.DomainTests, CloudNotes.Tests.Domain, Version=1.0.0.0, Culture=neutral, PublicKeyToken=null" name="ATaskListWithAnEmptyTittleIsInvalid" />
    </UnitTest>
    <UnitTest name="UsersRepositoryLoadTaskListAssociatedUsersCallsLoadAndGetFromTheUnitOfWork" storage="d:\prompt11-10-cloudcomputing\cloudnotes\cloudnotes.tests.repositories\bin\debug\cloudnotes.tests.repositories.dll" id="34307c16-295e-e803-42c0-fc1c9dc9e42e">
      <Execution id="af28e33d-29ce-4d0c-ba7d-27dadab4fcc9" />
      <TestMethod codeBase="D:/PROMPT11-10-CloudComputing/CloudNotes/CloudNotes.Tests.Repositories/bin/Debug/CloudNotes.Tests.Repositories.DLL" adapterTypeName="Microsoft.VisualStudio.TestTools.TestTypes.Unit.UnitTestAdapter, Microsoft.VisualStudio.QualityTools.Tips.UnitTest.Adapter, Version=10.0.0.0, Culture=neutral, PublicKeyToken=b03f5f7f11d50a3a" className="CloudNotes.Tests.Repositories.RepositoriesTests, CloudNotes.Tests.Repositories, Version=1.0.0.0, Culture=neutral, PublicKeyToken=null" name="UsersRepositoryLoadTaskListAssociatedUsersCallsLoadAndGetFromTheUnitOfWork" />
    </UnitTest>
    <UnitTest name="TaskListRepositoryLoadContainerCallsGetsFromTheUnitOfWork" storage="d:\prompt11-10-cloudcomputing\cloudnotes\cloudnotes.tests.repositories\bin\debug\cloudnotes.tests.repositories.dll" id="7a76042e-b11e-169d-7b16-2fadf1332acd">
      <Execution id="7bdc615b-c2b6-48bc-b080-4ffba6547c04" />
      <TestMethod codeBase="D:/PROMPT11-10-CloudComputing/CloudNotes/CloudNotes.Tests.Repositories/bin/Debug/CloudNotes.Tests.Repositories.DLL" adapterTypeName="Microsoft.VisualStudio.TestTools.TestTypes.Unit.UnitTestAdapter, Microsoft.VisualStudio.QualityTools.Tips.UnitTest.Adapter, Version=10.0.0.0, Culture=neutral, PublicKeyToken=b03f5f7f11d50a3a" className="CloudNotes.Tests.Repositories.RepositoriesTests, CloudNotes.Tests.Repositories, Version=1.0.0.0, Culture=neutral, PublicKeyToken=null" name="TaskListRepositoryLoadContainerCallsGetsFromTheUnitOfWork" />
    </UnitTest>
    <UnitTest name="TaskListsServiceMethodHasPermissionToEditShouldReturnTrueForAUserInTheShare" storage="d:\prompt11-10-cloudcomputing\cloudnotes\cloudnotes.tests.domain.services\bin\debug\cloudnotes.tests.domain.services.dll" id="94962bdc-e505-45ca-f439-ea92c0480935">
      <Execution id="72b9a118-8bed-4f5e-a8f1-23cb5d8bdd30" />
      <TestMethod codeBase="D:/PROMPT11-10-CloudComputing/CloudNotes/CloudNotes.Tests.Domain.Services/bin/Debug/CloudNotes.Tests.Domain.Services.DLL" adapterTypeName="Microsoft.VisualStudio.TestTools.TestTypes.Unit.UnitTestAdapter, Microsoft.VisualStudio.QualityTools.Tips.UnitTest.Adapter, Version=10.0.0.0, Culture=neutral, PublicKeyToken=b03f5f7f11d50a3a" className="CloudNotes.Tests.Domain.Services.DomainServicesTests, CloudNotes.Tests.Domain.Services, Version=1.0.0.0, Culture=neutral, PublicKeyToken=null" name="TaskListsServiceMethodHasPermissionToEditShouldReturnTrueForAUserInTheShare" />
    </UnitTest>
    <UnitTest name="TaskListsServiceMethodGetShouldReturnATaskList" storage="d:\prompt11-10-cloudcomputing\cloudnotes\cloudnotes.tests.domain.services\bin\debug\cloudnotes.tests.domain.services.dll" id="a32946f4-9589-613f-fb54-5c9eee9a4876">
      <Execution id="92bbdb59-7417-4e6a-a6ec-52cb67191029" />
      <TestMethod codeBase="D:/PROMPT11-10-CloudComputing/CloudNotes/CloudNotes.Tests.Domain.Services/bin/Debug/CloudNotes.Tests.Domain.Services.DLL" adapterTypeName="Microsoft.VisualStudio.TestTools.TestTypes.Unit.UnitTestAdapter, Microsoft.VisualStudio.QualityTools.Tips.UnitTest.Adapter, Version=10.0.0.0, Culture=neutral, PublicKeyToken=b03f5f7f11d50a3a" className="CloudNotes.Tests.Domain.Services.DomainServicesTests, CloudNotes.Tests.Domain.Services, Version=1.0.0.0, Culture=neutral, PublicKeyToken=null" name="TaskListsServiceMethodGetShouldReturnATaskList" />
    </UnitTest>
  </TestDefinitions>
  <TestLists>
    <TestList name="Results Not in a List" id="8c84fa94-04c1-424b-9868-57a2d4851a1d" />
    <TestList name="All Loaded Results" id="19431567-8539-422a-85d7-44ee4e166bda" />
  </TestLists>
  <TestEntries>
    <TestEntry testId="00c07fbc-3dc1-7834-68a0-9384b7898b8a" executionId="054b46d9-dd46-438b-9018-c158f886775a" testListId="8c84fa94-04c1-424b-9868-57a2d4851a1d" />
    <TestEntry testId="00d57f25-d21b-e712-e7ff-b98a3d6f01aa" executionId="2c406d9b-186c-4f7f-9a01-e8bfe69bf34c" testListId="8c84fa94-04c1-424b-9868-57a2d4851a1d" />
    <TestEntry testId="03ce780a-2410-0155-4350-9f8288a8e596" executionId="a6cb2ba9-2d44-477a-98b9-f17b2a8ff626" testListId="8c84fa94-04c1-424b-9868-57a2d4851a1d" />
    <TestEntry testId="04f5ff1c-b8db-538c-4d6c-35fba410e0c0" executionId="2f764596-167f-4f12-9c24-0e0d97180648" testListId="8c84fa94-04c1-424b-9868-57a2d4851a1d" />
    <TestEntry testId="07851a54-f9f2-0370-ef52-acf62480dca3" executionId="4120e722-9228-42ba-890b-f314d94d3ab8" testListId="8c84fa94-04c1-424b-9868-57a2d4851a1d" />
    <TestEntry testId="07ee8892-7054-180f-ddec-a98630f0764f" executionId="e1cc24f9-3aee-4fae-844b-ea915ca2b37c" testListId="8c84fa94-04c1-424b-9868-57a2d4851a1d" />
    <TestEntry testId="087d9898-edea-6433-a4ef-23fb3738fd61" executionId="41887df7-4822-40bb-8234-abd835085e5d" testListId="8c84fa94-04c1-424b-9868-57a2d4851a1d" />
    <TestEntry testId="0a706ea0-58bc-0095-f59b-db8b9bd3e9c1" executionId="a8cf24af-553e-4698-8aa2-be3e0d56125a" testListId="8c84fa94-04c1-424b-9868-57a2d4851a1d" />
    <TestEntry testId="0b9127df-74e4-b881-09f0-5494a78337a6" executionId="98f15755-f96e-42ab-bb59-9ab90f7702e9" testListId="8c84fa94-04c1-424b-9868-57a2d4851a1d" />
    <TestEntry testId="0e9aff77-2b4b-fe40-b395-e45251f0a1ee" executionId="54496dad-fb64-4db2-9d97-1692505a551e" testListId="8c84fa94-04c1-424b-9868-57a2d4851a1d" />
    <TestEntry testId="1026c741-dd83-c4ec-8bca-52fe5c047850" executionId="87dbcc09-0144-4206-aae0-d04d401e124e" testListId="8c84fa94-04c1-424b-9868-57a2d4851a1d" />
    <TestEntry testId="14c0b5c2-e01e-d3c7-468e-9874da6b0406" executionId="2fe71a25-b80c-49b4-91a6-dfea32b91c08" testListId="8c84fa94-04c1-424b-9868-57a2d4851a1d" />
    <TestEntry testId="157b3a3d-66d6-d440-327f-479b45016df4" executionId="1456238a-6315-44f1-90f5-24932190530d" testListId="8c84fa94-04c1-424b-9868-57a2d4851a1d" />
    <TestEntry testId="17943233-8015-a282-b442-243916829980" executionId="0a9b3436-06c9-4db9-b90b-46b4f0e4ad75" testListId="8c84fa94-04c1-424b-9868-57a2d4851a1d" />
    <TestEntry testId="1a6e3131-7b28-7bfb-ebe5-62afff858b9e" executionId="61806ab7-5942-4011-9432-1da72658b25c" testListId="8c84fa94-04c1-424b-9868-57a2d4851a1d" />
    <TestEntry testId="1c5a4485-18eb-1fb7-a783-fbf6aecbe579" executionId="e31bd16c-5c00-4625-ae96-7ab1b334dda3" testListId="8c84fa94-04c1-424b-9868-57a2d4851a1d" />
    <TestEntry testId="1d280656-e2df-5314-433f-b3591c27440d" executionId="8dc10ca7-e2b1-4b32-a788-c901cb69cd0e" testListId="8c84fa94-04c1-424b-9868-57a2d4851a1d" />
    <TestEntry testId="207fa172-124e-7710-3ae1-207f7e188ab7" executionId="36ef8801-d39f-4d46-80e1-1106bf45ff9c" testListId="8c84fa94-04c1-424b-9868-57a2d4851a1d" />
    <TestEntry testId="2096f5a0-1903-5db2-2c40-833b3a14e68d" executionId="fece5152-0ab6-44d7-8146-96924d6d4594" testListId="8c84fa94-04c1-424b-9868-57a2d4851a1d" />
    <TestEntry testId="23d50d4e-c7ad-15c6-58f2-b5a0b49d6762" executionId="0e166ace-93f4-40c0-85b3-6e399c88fae0" testListId="8c84fa94-04c1-424b-9868-57a2d4851a1d" />
    <TestEntry testId="243a3723-c759-1bdb-8565-43030030c8e3" executionId="c6f58c27-8923-4640-8532-49a1231f98f0" testListId="8c84fa94-04c1-424b-9868-57a2d4851a1d" />
    <TestEntry testId="289b20e7-b260-bab8-9e9b-721680a9b151" executionId="9e170df7-408d-4924-aab4-c47bf648095d" testListId="8c84fa94-04c1-424b-9868-57a2d4851a1d" />
    <TestEntry testId="2b244028-df83-e3b8-91b4-eb0f42ff37fe" executionId="b066c743-44df-467e-bb21-866f0c3f1076" testListId="8c84fa94-04c1-424b-9868-57a2d4851a1d" />
    <TestEntry testId="2d4e2a1a-222a-051d-2148-b1b6eab73111" executionId="4e16cd90-4e00-47c2-926f-872899b13554" testListId="8c84fa94-04c1-424b-9868-57a2d4851a1d" />
    <TestEntry testId="2ebf2434-3f8b-3932-cf00-13d37349040e" executionId="999933b7-a783-4a24-a528-fe1406d98d0e" testListId="8c84fa94-04c1-424b-9868-57a2d4851a1d" />
    <TestEntry testId="2f5b7326-d298-9d47-b2ba-6360bcb253cc" executionId="5dee3289-2599-41f2-9474-ffdd926e2cab" testListId="8c84fa94-04c1-424b-9868-57a2d4851a1d" />
    <TestEntry testId="317d83c6-7888-b2e3-18a3-1679d93597b9" executionId="fe80c966-7538-4b7d-8d19-ff2c32c62bad" testListId="8c84fa94-04c1-424b-9868-57a2d4851a1d" />
    <TestEntry testId="31c722d8-5747-84ab-dbe0-e3286ae27d8d" executionId="554803a1-a5f8-496e-8ad7-fc31271604ed" testListId="8c84fa94-04c1-424b-9868-57a2d4851a1d" />
    <TestEntry testId="34307c16-295e-e803-42c0-fc1c9dc9e42e" executionId="af28e33d-29ce-4d0c-ba7d-27dadab4fcc9" testListId="8c84fa94-04c1-424b-9868-57a2d4851a1d" />
    <TestEntry testId="3b15e204-c4d0-7b16-61a4-7570b81b33a7" executionId="9ed7bff4-2264-4c0c-8e9b-c401c4502fee" testListId="8c84fa94-04c1-424b-9868-57a2d4851a1d" />
    <TestEntry testId="3ccecaf6-b51d-cbc4-debf-7489f5a6a3e4" executionId="daf9d149-e17e-47b9-840a-bf82110d9991" testListId="8c84fa94-04c1-424b-9868-57a2d4851a1d" />
    <TestEntry testId="4b614527-e28c-581c-d382-32a4d4aafc06" executionId="b38e3a21-fdbc-4a8d-b400-f34433616268" testListId="8c84fa94-04c1-424b-9868-57a2d4851a1d" />
    <TestEntry testId="51d63b6c-e217-1034-9362-a2f6bc6d8cdb" executionId="d0a6166f-79a9-403a-a5d5-a4ecc0f8c065" testListId="8c84fa94-04c1-424b-9868-57a2d4851a1d" />
    <TestEntry testId="53bf3163-df0e-9e62-fb0d-6671ad5acf2e" executionId="054ea5e2-0eaa-4df8-aaa1-dbda2a6ccaac" testListId="8c84fa94-04c1-424b-9868-57a2d4851a1d" />
    <TestEntry testId="54e67131-47df-e2cb-c7bc-1b2b43b86483" executionId="2225227a-8558-405f-b51a-1de2703ffce8" testListId="8c84fa94-04c1-424b-9868-57a2d4851a1d" />
    <TestEntry testId="56cb2ba6-bd19-5c25-a99a-9bed17136d50" executionId="07cc57a4-2451-45c4-80a1-b4c75eff6f6d" testListId="8c84fa94-04c1-424b-9868-57a2d4851a1d" />
    <TestEntry testId="5786b163-ef5c-e0c4-11da-ed5c7ebd591c" executionId="883ea732-f21b-4ea8-94df-f3a653853cc0" testListId="8c84fa94-04c1-424b-9868-57a2d4851a1d" />
    <TestEntry testId="5d59f492-e6d2-4a32-8cb5-8bac5548a5fd" executionId="c4df72a4-c772-41e1-a564-c01afd7da8bc" testListId="8c84fa94-04c1-424b-9868-57a2d4851a1d" />
    <TestEntry testId="5fe42e9d-f3d6-6b59-1cde-9ee6b0948802" executionId="d7c951c1-2aa6-482e-9df9-4e8ffad71b2f" testListId="8c84fa94-04c1-424b-9868-57a2d4851a1d" />
    <TestEntry testId="63b79998-d09c-e8f8-a40f-f31aca5bbc08" executionId="428df0bd-ea4e-4689-8dbc-f567777679bf" testListId="8c84fa94-04c1-424b-9868-57a2d4851a1d" />
    <TestEntry testId="6679c1f6-317f-e773-41df-3508a75dea4b" executionId="4fd94d35-c708-4549-ab84-7a810c1f55d5" testListId="8c84fa94-04c1-424b-9868-57a2d4851a1d" />
    <TestEntry testId="68515e07-492a-8340-8ae8-e1f724f6552a" executionId="ad34f842-de8f-49a3-9560-1c9ce7035f14" testListId="8c84fa94-04c1-424b-9868-57a2d4851a1d" />
    <TestEntry testId="68595d26-57a1-321d-c72e-7ab1ba9f7821" executionId="3f095c56-8fd4-42c3-8ba6-2007331996e3" testListId="8c84fa94-04c1-424b-9868-57a2d4851a1d" />
    <TestEntry testId="6eb006b0-f141-29b2-0ec3-c52e70221b01" executionId="2b3f1592-9664-4d8e-ab2c-42533c1338fa" testListId="8c84fa94-04c1-424b-9868-57a2d4851a1d" />
    <TestEntry testId="6f08de37-a78e-29cc-f154-9197a3a712f9" executionId="9feb8019-e4cc-49c9-ae2d-73a65d241cd9" testListId="8c84fa94-04c1-424b-9868-57a2d4851a1d" />
    <TestEntry testId="710056e6-b337-9739-6344-1fd443c7a2b3" executionId="79f203d1-ad46-48a1-9eaf-8151e80f5b8b" testListId="8c84fa94-04c1-424b-9868-57a2d4851a1d" />
    <TestEntry testId="71f98d0e-df98-5602-5fd6-919d9101bb93" executionId="c515484a-e9ba-4e8f-a4eb-00b06a69a36d" testListId="8c84fa94-04c1-424b-9868-57a2d4851a1d" />
    <TestEntry testId="74ad4924-ca1f-7fc8-3dda-97c8ce4dc14e" executionId="f0dc9918-3265-4c78-b79d-51f2d36d107b" testListId="8c84fa94-04c1-424b-9868-57a2d4851a1d" />
    <TestEntry testId="7a009e26-62e5-1f69-5cdb-854dc672f6ae" executionId="c97da42e-2317-40c1-aaf9-030f24dee591" testListId="8c84fa94-04c1-424b-9868-57a2d4851a1d" />
    <TestEntry testId="7a76042e-b11e-169d-7b16-2fadf1332acd" executionId="7bdc615b-c2b6-48bc-b080-4ffba6547c04" testListId="8c84fa94-04c1-424b-9868-57a2d4851a1d" />
    <TestEntry testId="7ae1ddc5-c3b0-7641-cb10-f72206ce0466" executionId="13092058-0702-46d7-abe0-1934dee95472" testListId="8c84fa94-04c1-424b-9868-57a2d4851a1d" />
    <TestEntry testId="7b5bfd82-0a0d-ae47-9f48-64f6309b6fc1" executionId="f7211962-8a20-48b5-b55f-e727eed071c5" testListId="8c84fa94-04c1-424b-9868-57a2d4851a1d" />
    <TestEntry testId="7b65c322-82a6-21f6-1c5a-05f328fac3be" executionId="a6821e81-98a1-436d-9867-f0f949c7969b" testListId="8c84fa94-04c1-424b-9868-57a2d4851a1d" />
    <TestEntry testId="7c9b51a9-eac2-5f6f-a165-f92934b19311" executionId="eae65ddb-5a68-4c15-b783-0063fbbd5078" testListId="8c84fa94-04c1-424b-9868-57a2d4851a1d" />
    <TestEntry testId="7d09f543-4324-80a8-54ae-156dcda31038" executionId="df3bc0cc-305c-451b-8f4e-61bc83d1da0b" testListId="8c84fa94-04c1-424b-9868-57a2d4851a1d" />
    <TestEntry testId="7d1001da-6055-18e2-1484-260115b93ccf" executionId="2bbb22a9-9f2c-4327-8197-9bfae81500c4" testListId="8c84fa94-04c1-424b-9868-57a2d4851a1d" />
    <TestEntry testId="7d6998de-08bc-b5a5-f97c-68e4a87d69dc" executionId="8fc88af8-47c7-441d-bf5e-83021d3d1c83" testListId="8c84fa94-04c1-424b-9868-57a2d4851a1d" />
    <TestEntry testId="806d5e37-6070-b15c-e509-59745df24b26" executionId="cd5265a6-7627-4ec8-a79b-5471deeea9ae" testListId="8c84fa94-04c1-424b-9868-57a2d4851a1d" />
    <TestEntry testId="83144cc2-eba3-40b7-3a94-8375dcee99f1" executionId="2dc65915-2c59-4781-841a-517af8f2caf2" testListId="8c84fa94-04c1-424b-9868-57a2d4851a1d" />
    <TestEntry testId="846215b7-3a17-549a-a8bb-e3c8573dbdf6" executionId="e018a7d5-64ea-462f-aff9-d578e11edae8" testListId="8c84fa94-04c1-424b-9868-57a2d4851a1d" />
    <TestEntry testId="852657b0-510e-88d6-c043-399bc17187ed" executionId="118643c3-c134-4a2f-84da-a20873ffced0" testListId="8c84fa94-04c1-424b-9868-57a2d4851a1d" />
    <TestEntry testId="8d3bfe9f-40a5-6515-7c0c-d1c6b7990ea3" executionId="39dc0c6a-8d62-434e-aaa3-928034f16076" testListId="8c84fa94-04c1-424b-9868-57a2d4851a1d" />
    <TestEntry testId="8e102b5d-e958-b297-bb65-7f1f98f7fdce" executionId="f48ef717-56ba-4034-b975-46ca1e1a0fc1" testListId="8c84fa94-04c1-424b-9868-57a2d4851a1d" />
    <TestEntry testId="8f90efd1-0a3e-6847-1469-eec0d3368773" executionId="22d6b38c-fcd8-4498-b55b-20fe6f955e8f" testListId="8c84fa94-04c1-424b-9868-57a2d4851a1d" />
    <TestEntry testId="94962bdc-e505-45ca-f439-ea92c0480935" executionId="72b9a118-8bed-4f5e-a8f1-23cb5d8bdd30" testListId="8c84fa94-04c1-424b-9868-57a2d4851a1d" />
    <TestEntry testId="966d9ca3-96a8-e299-9eae-7de085d51e46" executionId="dfbf625a-afea-4562-8de6-b9eb642bc5f7" testListId="8c84fa94-04c1-424b-9868-57a2d4851a1d" />
    <TestEntry testId="9863ea66-4389-d916-e2df-c69ea144bb25" executionId="fae5ce65-53d5-4f9d-aa9c-8baaac6cba58" testListId="8c84fa94-04c1-424b-9868-57a2d4851a1d" />
    <TestEntry testId="9ca52fa0-c559-7623-fd35-fc2380d7afd8" executionId="7adba126-26f4-488a-8578-56955d80e6ed" testListId="8c84fa94-04c1-424b-9868-57a2d4851a1d" />
    <TestEntry testId="9d2851ab-0a27-838f-9557-7fe4eb9929c3" executionId="19491f45-6372-4d7e-9d75-07400b20488a" testListId="8c84fa94-04c1-424b-9868-57a2d4851a1d" />
    <TestEntry testId="a09a3efe-5018-8ea3-5334-81bff13818e9" executionId="10f40db4-e409-4b17-9c7f-c1d0bc5dfa62" testListId="8c84fa94-04c1-424b-9868-57a2d4851a1d" />
    <TestEntry testId="a31f17ab-e933-91d3-0be7-69abe24ee67e" executionId="d2fdbd09-db6c-4ed6-95e4-2f64b2c5665d" testListId="8c84fa94-04c1-424b-9868-57a2d4851a1d" />
    <TestEntry testId="a32946f4-9589-613f-fb54-5c9eee9a4876" executionId="92bbdb59-7417-4e6a-a6ec-52cb67191029" testListId="8c84fa94-04c1-424b-9868-57a2d4851a1d" />
    <TestEntry testId="a49419de-351d-ddee-3740-c07af74b36d5" executionId="5993af0f-0d40-4679-afef-1fd75da0c299" testListId="8c84fa94-04c1-424b-9868-57a2d4851a1d" />
    <TestEntry testId="a52de280-ccb3-2f52-6566-1bbc9bfb4624" executionId="6ddc6035-f103-4550-9f15-4b482b0fb820" testListId="8c84fa94-04c1-424b-9868-57a2d4851a1d" />
    <TestEntry testId="a6c1fa83-a867-97da-f19d-bbb05c37bcee" executionId="3ef9d4d3-b40b-4ca5-85ff-6a5f53e1f33c" testListId="8c84fa94-04c1-424b-9868-57a2d4851a1d" />
    <TestEntry testId="a7085ee0-9711-d8df-ad65-023ec44b9759" executionId="9980c483-bf70-4c34-a628-3431b2294bad" testListId="8c84fa94-04c1-424b-9868-57a2d4851a1d" />
    <TestEntry testId="a742ae72-2621-b011-6828-d1903e18afba" executionId="4baee5cc-4837-4260-99a8-7ba164072917" testListId="8c84fa94-04c1-424b-9868-57a2d4851a1d" />
    <TestEntry testId="a780d5d0-43e2-3171-7945-424274cf7cfb" executionId="80f04856-af18-42f0-8c79-6cdfcda3851c" testListId="8c84fa94-04c1-424b-9868-57a2d4851a1d" />
    <TestEntry testId="a92d683e-6db6-da08-1853-c0e53902a155" executionId="c77a9613-72c5-4e6b-8c45-0014dd6ff1e0" testListId="8c84fa94-04c1-424b-9868-57a2d4851a1d" />
    <TestEntry testId="ad8e41a5-ec19-61e8-ab78-b0066874f9a4" executionId="08d457e2-5a21-44ef-bb85-c9111465755a" testListId="8c84fa94-04c1-424b-9868-57a2d4851a1d" />
    <TestEntry testId="b0f72c88-e8e6-d5ef-9b19-7fed7babeddb" executionId="a838a261-0d2a-4b42-b910-cbb50cf36346" testListId="8c84fa94-04c1-424b-9868-57a2d4851a1d" />
    <TestEntry testId="b1a7abd8-8831-126c-749d-ed4bdc9d0f13" executionId="c4412dd8-6346-4bd6-8b67-f445ec48f459" testListId="8c84fa94-04c1-424b-9868-57a2d4851a1d" />
    <TestEntry testId="b3e5450c-7394-e772-4c0f-83c0f0cc9085" executionId="a78a9bc7-2129-4793-b65c-9e27dfa63e2e" testListId="8c84fa94-04c1-424b-9868-57a2d4851a1d" />
    <TestEntry testId="b6265d2d-5cae-e3d4-95b5-67607627ef13" executionId="94bf2001-d086-4540-b36a-75aba4eb2e43" testListId="8c84fa94-04c1-424b-9868-57a2d4851a1d" />
    <TestEntry testId="b69a9890-6d34-e521-794d-88f12a6f6738" executionId="0606cab6-0fe5-498b-8342-0790a6f70466" testListId="8c84fa94-04c1-424b-9868-57a2d4851a1d" />
    <TestEntry testId="b81d524b-5fb5-2e72-1747-39c7882c4e2d" executionId="597b41e0-f4f3-419e-9ad6-0cb0291d5c2b" testListId="8c84fa94-04c1-424b-9868-57a2d4851a1d" />
    <TestEntry testId="b8b966b4-c265-1627-ba5e-4d3e17d291be" executionId="9ac601b3-1713-4d18-9e75-28b14f3cd6c6" testListId="8c84fa94-04c1-424b-9868-57a2d4851a1d" />
    <TestEntry testId="b9b9c38a-74e2-e207-0c28-3fdf5244ae4b" executionId="d8baa827-aeea-4482-9e13-75cf01b6c8b5" testListId="8c84fa94-04c1-424b-9868-57a2d4851a1d" />
    <TestEntry testId="c14c078d-036a-ef14-90a0-c1d1a047c940" executionId="42ee9a89-bf89-452b-b89e-8f6e2e548f78" testListId="8c84fa94-04c1-424b-9868-57a2d4851a1d" />
    <TestEntry testId="c2a1ec4d-3db1-3ce5-c3f4-62bd1b5521f4" executionId="b59ab2fc-8217-4eee-951a-0748e25948cb" testListId="8c84fa94-04c1-424b-9868-57a2d4851a1d" />
    <TestEntry testId="c6f13921-acfe-5e3f-88bd-0ff970c4a9d6" executionId="9a9b32d6-6100-4fdf-b43c-73840b4bbea3" testListId="8c84fa94-04c1-424b-9868-57a2d4851a1d" />
    <TestEntry testId="c6f6cc92-9905-881b-c432-bc390bf4fb00" executionId="77eac3dc-445e-42bf-8e0f-c5fa73ff1a9d" testListId="8c84fa94-04c1-424b-9868-57a2d4851a1d" />
    <TestEntry testId="c775d00d-9095-a8a9-2433-76c5a0405657" executionId="78b2fce6-4952-470a-b53a-cf403b5f3cad" testListId="8c84fa94-04c1-424b-9868-57a2d4851a1d" />
    <TestEntry testId="d0098638-c512-c593-36b7-531e29f0d103" executionId="6a1211ea-1e52-4a04-8740-ac304db3aa26" testListId="8c84fa94-04c1-424b-9868-57a2d4851a1d" />
    <TestEntry testId="d6129223-175a-65cf-54ae-8d91d8e336cb" executionId="409f706b-2ee7-40f1-b3f8-05e78e0c57ac" testListId="8c84fa94-04c1-424b-9868-57a2d4851a1d" />
    <TestEntry testId="da07899b-e0b9-f639-2145-62f05a55637a" executionId="2ff6f5e7-e58d-40d7-a6dd-59f8821231ab" testListId="8c84fa94-04c1-424b-9868-57a2d4851a1d" />
    <TestEntry testId="dd0adaa0-376e-15b3-c394-a4c648706582" executionId="095b1563-38ce-4eed-a1a1-b5eb957b7357" testListId="8c84fa94-04c1-424b-9868-57a2d4851a1d" />
    <TestEntry testId="dda17c2a-e42a-8750-1a67-51ce6b26fe62" executionId="dd79bbd4-c933-4fb8-a89c-2c184e6048dc" testListId="8c84fa94-04c1-424b-9868-57a2d4851a1d" />
    <TestEntry testId="e3d8badb-d961-d4d2-2fc7-38832d7198cd" executionId="13e91fb2-3ddb-4a6a-a29b-7944737c17f5" testListId="8c84fa94-04c1-424b-9868-57a2d4851a1d" />
    <TestEntry testId="e50fb009-f8ba-7a74-c650-ecf3691e911d" executionId="995127fa-6e9f-4554-a328-ae3400a710b1" testListId="8c84fa94-04c1-424b-9868-57a2d4851a1d" />
    <TestEntry testId="e7bbd4b2-5c95-3563-fc1e-37f3d3d4a55d" executionId="b371fb62-841f-4b25-bb47-7e0759a5e94c" testListId="8c84fa94-04c1-424b-9868-57a2d4851a1d" />
    <TestEntry testId="e814db0b-a976-414f-8c66-ad00681e848f" executionId="a03c976b-5d94-488e-aec0-94236d2f0d92" testListId="8c84fa94-04c1-424b-9868-57a2d4851a1d" />
    <TestEntry testId="eb26e027-d271-7a33-a78e-cf110a291b7f" executionId="ba74bb12-beb9-404b-ad6e-85b440741a16" testListId="8c84fa94-04c1-424b-9868-57a2d4851a1d" />
    <TestEntry testId="ec7711e0-6e36-94b0-fa70-9adecfa8a8f1" executionId="d56a9dd3-acc3-4b67-a650-07ab0bd92e5e" testListId="8c84fa94-04c1-424b-9868-57a2d4851a1d" />
    <TestEntry testId="f15d8008-f42b-2bba-472e-3c1682ecbfbd" executionId="d54c3713-9095-4426-beb9-7e614741724c" testListId="8c84fa94-04c1-424b-9868-57a2d4851a1d" />
    <TestEntry testId="fd1333a9-bd73-eaaa-f9e7-1e9546344171" executionId="9dd48b21-ffef-4f16-a1dd-7827ce037c9a" testListId="8c84fa94-04c1-424b-9868-57a2d4851a1d" />
    <TestEntry testId="fd2d9e08-8f5d-4406-828f-63af07dc5bf7" executionId="712aa9fe-e40b-4345-b158-a41739bc320f" testListId="8c84fa94-04c1-424b-9868-57a2d4851a1d" />
    <TestEntry testId="fe3768ee-5ae4-68d3-ca82-4c54def2a86c" executionId="16575959-ead2-486b-a551-a3f5fcc86fb8" testListId="8c84fa94-04c1-424b-9868-57a2d4851a1d" />
    <TestEntry testId="fecce3eb-38e3-4ca9-5430-fcce974236b4" executionId="0bcba5ab-261d-47b9-8921-453b2ed223f5" testListId="8c84fa94-04c1-424b-9868-57a2d4851a1d" />
    <TestEntry testId="ffc79e9b-00ea-8cc7-18d0-a502995f20d0" executionId="d3af8b22-10e9-4b2e-972c-dcd6dde30e6c" testListId="8c84fa94-04c1-424b-9868-57a2d4851a1d" />
  </TestEntries>
  <Results>
    <UnitTestResult executionId="054b46d9-dd46-438b-9018-c158f886775a" testId="00c07fbc-3dc1-7834-68a0-9384b7898b8a" testName="TestOutgoingRoutes" computerName="BLACKBEAUTY" duration="00:00:00.4835127" startTime="2012-08-31T22:16:48.4963462+01:00" endTime="2012-08-31T22:16:49.9315487+01:00" testType="13cdc9d9-ddb5-4fa4-a97d-d965ccfc6d4b" outcome="Failed" testListId="8c84fa94-04c1-424b-9868-57a2d4851a1d" relativeResultsDirectory="054b46d9-dd46-438b-9018-c158f886775a">
      <Output>
        <ErrorInfo>
          <Message>Test method CloudNotes.Tests.Presentation.MVC.MVCTests.TestOutgoingRoutes threw exception: 
System.Reflection.TargetInvocationException: Exception has been thrown by the target of an invocation. ---&gt; StructureMap.StructureMapException: StructureMap Exception Code:  202
No Default Instance defined for PluginFamily CloudNotes.Domain.Services.Contracts.IOAuthService, CloudNotes.Domain.Services, Version=1.0.0.0, Culture=neutral, PublicKeyToken=null</Message>
          <StackTrace>    at StructureMap.BuildSession.&lt;.ctor&gt;b__0(Type t) in c:\code\structuremap\Source\StructureMap\BuildSession.cs:line 31
   at StructureMap.Util.Cache`2.get_Item(KEY key) in c:\code\structuremap\Source\StructureMap\Util\Cache.cs:line 83
   at StructureMap.BuildSession.CreateInstance(Type pluginType) in c:\code\structuremap\Source\StructureMap\BuildSession.cs:line 192
   at StructureMap.Container.GetInstance(Type pluginType) in c:\code\structuremap\Source\StructureMap\Container.cs:line 265
   at StructureMap.Container.GetInstance[T]() in c:\code\structuremap\Source\StructureMap\Container.cs:line 155
   at StructureMap.ObjectFactory.GetInstance[PLUGINTYPE]() in c:\code\structuremap\Source\StructureMap\ObjectFactory.cs:line 131
   at CloudNotes.WebRole.Handlers.OAuthAuthenticationHandler..ctor() in D:\PROMPT11-10-CloudComputing\CloudNotes\CloudNotes.WebRole\Handlers\OAuthAuthenticationHandler.cs:line 22
   at CloudNotes.WebRole.MvcApplication.RegisterRoutes(RouteCollection routes) in D:\PROMPT11-10-CloudComputing\CloudNotes\CloudNotes.WebRole\Global.asax.cs:line 23
 --- End of inner exception stack trace ---
    at System.RuntimeMethodHandle.InvokeMethod(Object target, Object[] arguments, Signature sig, Boolean constructor)
   at System.Reflection.RuntimeMethodInfo.UnsafeInvokeInternal(Object obj, Object[] parameters, Object[] arguments)
   at System.Reflection.RuntimeMethodInfo.Invoke(Object obj, BindingFlags invokeAttr, Binder binder, Object[] parameters, CultureInfo culture)
   at System.Reflection.MethodBase.Invoke(Object obj, Object[] parameters)
   at MvcRouteUnitTester.RouteTester`1..ctor() in C:\Projects\MvcRouteUnitTester\MvcRouteUnitTester\MvcRouteUnitTester\RouteTester.cs:line 46
   at CloudNotes.Tests.Presentation.MVC.MVCTests.TestOutgoingRoutes() in D:\PROMPT11-10-CloudComputing\CloudNotes\CloudNotes.Tests.Presentation.MVC\MVCTests.cs:line 50
</StackTrace>
        </ErrorInfo>
      </Output>
      <CollectorDataEntries>
        <Collector agentName="BLACKBEAUTY" uri="datacollector://microsoft/TraceDebugger/1.0" collectorDisplayName="IntelliTrace">
          <UriAttachments>
            <UriAttachment>
              <A href="BLACKBEAUTY\QTAgent32_120831_221649666_2200.iTrace">IntelliTrace file for 'QTAgent32.exe' (2200)</A>
            </UriAttachment>
          </UriAttachments>
        </Collector>
      </CollectorDataEntries>
    </UnitTestResult>
    <UnitTestResult executionId="2c406d9b-186c-4f7f-9a01-e8bfe69bf34c" testId="00d57f25-d21b-e712-e7ff-b98a3d6f01aa" testName="ANoteWithAnAllWhitespaceContentIsInvalid" computerName="BLACKBEAUTY" duration="00:00:00.1323383" startTime="2012-08-31T22:16:49.9315487+01:00" endTime="2012-08-31T22:16:50.3839495+01:00" testType="13cdc9d9-ddb5-4fa4-a97d-d965ccfc6d4b" outcome="Passed" testListId="8c84fa94-04c1-424b-9868-57a2d4851a1d" relativeResultsDirectory="2c406d9b-186c-4f7f-9a01-e8bfe69bf34c">
    </UnitTestResult>
    <UnitTestResult executionId="a6cb2ba9-2d44-477a-98b9-f17b2a8ff626" testId="03ce780a-2410-0155-4350-9f8288a8e596" testName="TaskListsServiceMethodGetByCombinedKeysShouldReturnATaskList" computerName="BLACKBEAUTY" duration="00:00:00.3923115" startTime="2012-08-31T22:16:50.3839495+01:00" endTime="2012-08-31T22:16:51.0859507+01:00" testType="13cdc9d9-ddb5-4fa4-a97d-d965ccfc6d4b" outcome="Passed" testListId="8c84fa94-04c1-424b-9868-57a2d4851a1d" relativeResultsDirectory="a6cb2ba9-2d44-477a-98b9-f17b2a8ff626">
    </UnitTestResult>
    <UnitTestResult executionId="2f764596-167f-4f12-9c24-0e0d97180648" testId="04f5ff1c-b8db-538c-4d6c-35fba410e0c0" testName="UsersServiceMethodLoadShouldReturnAllUsers" computerName="BLACKBEAUTY" duration="00:00:00.1563196" startTime="2012-08-31T22:16:51.0859507+01:00" endTime="2012-08-31T22:16:51.2575510+01:00" testType="13cdc9d9-ddb5-4fa4-a97d-d965ccfc6d4b" outcome="Passed" testListId="8c84fa94-04c1-424b-9868-57a2d4851a1d" relativeResultsDirectory="2f764596-167f-4f12-9c24-0e0d97180648">
    </UnitTestResult>
    <UnitTestResult executionId="4120e722-9228-42ba-890b-f314d94d3ab8" testId="07851a54-f9f2-0370-ef52-acf62480dca3" testName="ANoteWithAnAllWhitespaceTittleIsInvalid" computerName="BLACKBEAUTY" duration="00:00:00.0005664" startTime="2012-08-31T22:16:51.2575510+01:00" endTime="2012-08-31T22:16:51.2575510+01:00" testType="13cdc9d9-ddb5-4fa4-a97d-d965ccfc6d4b" outcome="Passed" testListId="8c84fa94-04c1-424b-9868-57a2d4851a1d" relativeResultsDirectory="4120e722-9228-42ba-890b-f314d94d3ab8">
    </UnitTestResult>
    <UnitTestResult executionId="e1cc24f9-3aee-4fae-844b-ea915ca2b37c" testId="07ee8892-7054-180f-ddec-a98630f0764f" testName="UsersRepositoryLoadShareCallsLoadAndGetFromTheUnitOfWork" computerName="BLACKBEAUTY" duration="00:00:00.3164119" startTime="2012-08-31T22:16:51.2575510+01:00" endTime="2012-08-31T22:16:51.8815521+01:00" testType="13cdc9d9-ddb5-4fa4-a97d-d965ccfc6d4b" outcome="Passed" testListId="8c84fa94-04c1-424b-9868-57a2d4851a1d" relativeResultsDirectory="e1cc24f9-3aee-4fae-844b-ea915ca2b37c">
    </UnitTestResult>
    <UnitTestResult executionId="41887df7-4822-40bb-8234-abd835085e5d" testId="087d9898-edea-6433-a4ef-23fb3738fd61" testName="UsersRepositoryLoadTaskListOwnerCallsLoadAndGetFromTheUnitOfWork" computerName="BLACKBEAUTY" duration="00:00:00.0027652" startTime="2012-08-31T22:16:51.8815521+01:00" endTime="2012-08-31T22:16:51.8971522+01:00" testType="13cdc9d9-ddb5-4fa4-a97d-d965ccfc6d4b" outcome="Passed" testListId="8c84fa94-04c1-424b-9868-57a2d4851a1d" relativeResultsDirectory="41887df7-4822-40bb-8234-abd835085e5d">
    </UnitTestResult>
    <UnitTestResult executionId="a8cf24af-553e-4698-8aa2-be3e0d56125a" testId="0a706ea0-58bc-0095-f59b-db8b9bd3e9c1" testName="UsersServiceMethodUpdateShouldUpdateAUser" computerName="BLACKBEAUTY" duration="00:00:00.0082612" startTime="2012-08-31T22:16:51.8971522+01:00" endTime="2012-08-31T22:16:51.9127522+01:00" testType="13cdc9d9-ddb5-4fa4-a97d-d965ccfc6d4b" outcome="Passed" testListId="8c84fa94-04c1-424b-9868-57a2d4851a1d" relativeResultsDirectory="a8cf24af-553e-4698-8aa2-be3e0d56125a">
    </UnitTestResult>
    <UnitTestResult executionId="98f15755-f96e-42ab-bb59-9ab90f7702e9" testId="0b9127df-74e4-b881-09f0-5494a78337a6" testName="UsersServiceMethodGetUserAuthenticationInfoShouldReturnTheAuthenticationInfoWithNameAndEmail" computerName="BLACKBEAUTY" duration="00:00:00.0287777" startTime="2012-08-31T22:16:51.9283522+01:00" endTime="2012-08-31T22:16:51.9595523+01:00" testType="13cdc9d9-ddb5-4fa4-a97d-d965ccfc6d4b" outcome="Passed" testListId="8c84fa94-04c1-424b-9868-57a2d4851a1d" relativeResultsDirectory="98f15755-f96e-42ab-bb59-9ab90f7702e9">
    </UnitTestResult>
    <UnitTestResult executionId="54496dad-fb64-4db2-9d97-1692505a551e" testId="0e9aff77-2b4b-fe40-b395-e45251f0a1ee" testName="AUserWithAnNameAllWhitespacesIsInvalid" computerName="BLACKBEAUTY" duration="00:00:00.0053483" startTime="2012-08-31T22:16:51.9595523+01:00" endTime="2012-08-31T22:16:51.9751523+01:00" testType="13cdc9d9-ddb5-4fa4-a97d-d965ccfc6d4b" outcome="Passed" testListId="8c84fa94-04c1-424b-9868-57a2d4851a1d" relativeResultsDirectory="54496dad-fb64-4db2-9d97-1692505a551e">
    </UnitTestResult>
    <UnitTestResult executionId="87dbcc09-0144-4206-aae0-d04d401e124e" testId="1026c741-dd83-c4ec-8bca-52fe5c047850" testName="NotesServiceMethodHasPermissionToEditShouldReturnTrueForAUserInTheShare" computerName="BLACKBEAUTY" duration="00:00:00.0350222" startTime="2012-08-31T22:16:51.9751523+01:00" endTime="2012-08-31T22:16:52.0219524+01:00" testType="13cdc9d9-ddb5-4fa4-a97d-d965ccfc6d4b" outcome="Passed" testListId="8c84fa94-04c1-424b-9868-57a2d4851a1d" relativeResultsDirectory="87dbcc09-0144-4206-aae0-d04d401e124e">
    </UnitTestResult>
    <UnitTestResult executionId="2fe71a25-b80c-49b4-91a6-dfea32b91c08" testId="14c0b5c2-e01e-d3c7-468e-9874da6b0406" testName="ATaskListWithATittleLongerThan20CharactersIsInvalid" computerName="BLACKBEAUTY" duration="00:00:00.0029247" startTime="2012-08-31T22:16:52.0219524+01:00" endTime="2012-08-31T22:16:52.0219524+01:00" testType="13cdc9d9-ddb5-4fa4-a97d-d965ccfc6d4b" outcome="Passed" testListId="8c84fa94-04c1-424b-9868-57a2d4851a1d" relativeResultsDirectory="2fe71a25-b80c-49b4-91a6-dfea32b91c08">
    </UnitTestResult>
    <UnitTestResult executionId="1456238a-6315-44f1-90f5-24932190530d" testId="157b3a3d-66d6-d440-327f-479b45016df4" testName="ANoteWithAnEmptyTittleIsInvalid" computerName="BLACKBEAUTY" duration="00:00:00.0005310" startTime="2012-08-31T22:16:52.0219524+01:00" endTime="2012-08-31T22:16:52.0375524+01:00" testType="13cdc9d9-ddb5-4fa4-a97d-d965ccfc6d4b" outcome="Passed" testListId="8c84fa94-04c1-424b-9868-57a2d4851a1d" relativeResultsDirectory="1456238a-6315-44f1-90f5-24932190530d">
    </UnitTestResult>
    <UnitTestResult executionId="0a9b3436-06c9-4db9-b90b-46b4f0e4ad75" testId="17943233-8015-a282-b442-243916829980" testName="NotesRepositoryLoadCallsLoadFromTheUnitOfWork" computerName="BLACKBEAUTY" duration="00:00:00.0359930" startTime="2012-08-31T22:16:52.0375524+01:00" endTime="2012-08-31T22:16:52.0687525+01:00" testType="13cdc9d9-ddb5-4fa4-a97d-d965ccfc6d4b" outcome="Passed" testListId="8c84fa94-04c1-424b-9868-57a2d4851a1d" relativeResultsDirectory="0a9b3436-06c9-4db9-b90b-46b4f0e4ad75">
    </UnitTestResult>
    <UnitTestResult executionId="61806ab7-5942-4011-9432-1da72658b25c" testId="1a6e3131-7b28-7bfb-ebe5-62afff858b9e" testName="UsersRepositoryDeleteCallsDeleteFromTheUnitOfWork" computerName="BLACKBEAUTY" duration="00:00:00.0038499" startTime="2012-08-31T22:16:52.0843525+01:00" endTime="2012-08-31T22:16:52.0843525+01:00" testType="13cdc9d9-ddb5-4fa4-a97d-d965ccfc6d4b" outcome="Passed" testListId="8c84fa94-04c1-424b-9868-57a2d4851a1d" relativeResultsDirectory="61806ab7-5942-4011-9432-1da72658b25c">
    </UnitTestResult>
    <UnitTestResult executionId="e31bd16c-5c00-4625-ae96-7ab1b334dda3" testId="1c5a4485-18eb-1fb7-a783-fbf6aecbe579" testName="TaskListsRepositoryRemoveShareCallsDeleteFromTheUnitOfWork" computerName="BLACKBEAUTY" duration="00:00:00.0182968" startTime="2012-08-31T22:16:52.0843525+01:00" endTime="2012-08-31T22:16:52.1155525+01:00" testType="13cdc9d9-ddb5-4fa4-a97d-d965ccfc6d4b" outcome="Passed" testListId="8c84fa94-04c1-424b-9868-57a2d4851a1d" relativeResultsDirectory="e31bd16c-5c00-4625-ae96-7ab1b334dda3">
    </UnitTestResult>
    <UnitTestResult executionId="8dc10ca7-e2b1-4b32-a788-c901cb69cd0e" testId="1d280656-e2df-5314-433f-b3591c27440d" testName="NotesRepositoryHasPermisionToEditCallsGetFromTheUnitOfWork" computerName="BLACKBEAUTY" duration="00:00:00.0082488" startTime="2012-08-31T22:16:52.1155525+01:00" endTime="2012-08-31T22:16:52.1311526+01:00" testType="13cdc9d9-ddb5-4fa4-a97d-d965ccfc6d4b" outcome="Passed" testListId="8c84fa94-04c1-424b-9868-57a2d4851a1d" relativeResultsDirectory="8dc10ca7-e2b1-4b32-a788-c901cb69cd0e">
    </UnitTestResult>
    <UnitTestResult executionId="36ef8801-d39f-4d46-80e1-1106bf45ff9c" testId="207fa172-124e-7710-3ae1-207f7e188ab7" testName="UsersRepositoryUserIsRegisteredCallsLoadFromTheUnitOfWorkForANewUser" computerName="BLACKBEAUTY" duration="00:00:00.0143026" startTime="2012-08-31T22:16:52.1311526+01:00" endTime="2012-08-31T22:16:52.1467526+01:00" testType="13cdc9d9-ddb5-4fa4-a97d-d965ccfc6d4b" outcome="Passed" testListId="8c84fa94-04c1-424b-9868-57a2d4851a1d" relativeResultsDirectory="36ef8801-d39f-4d46-80e1-1106bf45ff9c">
    </UnitTestResult>
    <UnitTestResult executionId="fece5152-0ab6-44d7-8146-96924d6d4594" testId="2096f5a0-1903-5db2-2c40-833b3a14e68d" testName="ANoteWithANullContainerListIsInvalid" computerName="BLACKBEAUTY" duration="00:00:00.0004794" startTime="2012-08-31T22:16:52.1467526+01:00" endTime="2012-08-31T22:16:52.1623526+01:00" testType="13cdc9d9-ddb5-4fa4-a97d-d965ccfc6d4b" outcome="Passed" testListId="8c84fa94-04c1-424b-9868-57a2d4851a1d" relativeResultsDirectory="fece5152-0ab6-44d7-8146-96924d6d4594">
    </UnitTestResult>
    <UnitTestResult executionId="0e166ace-93f4-40c0-85b3-6e399c88fae0" testId="23d50d4e-c7ad-15c6-58f2-b5a0b49d6762" testName="TaskListsRepositoryLoadCallsLoadFromTheUnitOfWork" computerName="BLACKBEAUTY" duration="00:00:00.0085840" startTime="2012-08-31T22:16:52.1623526+01:00" endTime="2012-08-31T22:16:52.1779527+01:00" testType="13cdc9d9-ddb5-4fa4-a97d-d965ccfc6d4b" outcome="Passed" testListId="8c84fa94-04c1-424b-9868-57a2d4851a1d" relativeResultsDirectory="0e166ace-93f4-40c0-85b3-6e399c88fae0">
    </UnitTestResult>
    <UnitTestResult executionId="c6f58c27-8923-4640-8532-49a1231f98f0" testId="243a3723-c759-1bdb-8565-43030030c8e3" testName="TaskListsRepositoryUpdateCallsUpdateFromTheUnitOfWork" computerName="BLACKBEAUTY" duration="00:00:00.0033056" startTime="2012-08-31T22:16:52.1779527+01:00" endTime="2012-08-31T22:16:52.1935527+01:00" testType="13cdc9d9-ddb5-4fa4-a97d-d965ccfc6d4b" outcome="Passed" testListId="8c84fa94-04c1-424b-9868-57a2d4851a1d" relativeResultsDirectory="c6f58c27-8923-4640-8532-49a1231f98f0">
    </UnitTestResult>
    <UnitTestResult executionId="9e170df7-408d-4924-aab4-c47bf648095d" testId="289b20e7-b260-bab8-9e9b-721680a9b151" testName="TaskListsRepositoryAddShareCallsCreateFromTheUnitOfWork" computerName="BLACKBEAUTY" duration="00:00:00.0029887" startTime="2012-08-31T22:16:52.1935527+01:00" endTime="2012-08-31T22:16:52.1935527+01:00" testType="13cdc9d9-ddb5-4fa4-a97d-d965ccfc6d4b" outcome="Passed" testListId="8c84fa94-04c1-424b-9868-57a2d4851a1d" relativeResultsDirectory="9e170df7-408d-4924-aab4-c47bf648095d">
    </UnitTestResult>
    <UnitTestResult executionId="b066c743-44df-467e-bb21-866f0c3f1076" testId="2b244028-df83-e3b8-91b4-eb0f42ff37fe" testName="AUserWithAnEmptyNameIsInvalid" computerName="BLACKBEAUTY" duration="00:00:00.0003348" startTime="2012-08-31T22:16:52.1935527+01:00" endTime="2012-08-31T22:16:52.2091527+01:00" testType="13cdc9d9-ddb5-4fa4-a97d-d965ccfc6d4b" outcome="Passed" testListId="8c84fa94-04c1-424b-9868-57a2d4851a1d" relativeResultsDirectory="b066c743-44df-467e-bb21-866f0c3f1076">
    </UnitTestResult>
    <UnitTestResult executionId="4e16cd90-4e00-47c2-926f-872899b13554" testId="2d4e2a1a-222a-051d-2148-b1b6eab73111" testName="NotesRepositoryDeleteCallsDeletesFromTheUnitOfWork" computerName="BLACKBEAUTY" duration="00:00:00.0208730" startTime="2012-08-31T22:16:52.2091527+01:00" endTime="2012-08-31T22:16:52.2247527+01:00" testType="13cdc9d9-ddb5-4fa4-a97d-d965ccfc6d4b" outcome="Passed" testListId="8c84fa94-04c1-424b-9868-57a2d4851a1d" relativeResultsDirectory="4e16cd90-4e00-47c2-926f-872899b13554">
    </UnitTestResult>
    <UnitTestResult executionId="999933b7-a783-4a24-a528-fe1406d98d0e" testId="2ebf2434-3f8b-3932-cf00-13d37349040e" testName="UsersRepositoryGetByIdentifiersCallsLoadFromTheUnitOfWorkForAnExistingUser" computerName="BLACKBEAUTY" duration="00:00:00.0043967" startTime="2012-08-31T22:16:52.2403528+01:00" endTime="2012-08-31T22:16:52.2403528+01:00" testType="13cdc9d9-ddb5-4fa4-a97d-d965ccfc6d4b" outcome="Passed" testListId="8c84fa94-04c1-424b-9868-57a2d4851a1d" relativeResultsDirectory="999933b7-a783-4a24-a528-fe1406d98d0e">
    </UnitTestResult>
    <UnitTestResult executionId="5dee3289-2599-41f2-9474-ffdd926e2cab" testId="2f5b7326-d298-9d47-b2ba-6360bcb253cc" testName="UsersServiceMethodCreateShouldCreateAUser" computerName="BLACKBEAUTY" duration="00:00:00.0008121" startTime="2012-08-31T22:16:52.2403528+01:00" endTime="2012-08-31T22:16:52.2559528+01:00" testType="13cdc9d9-ddb5-4fa4-a97d-d965ccfc6d4b" outcome="Passed" testListId="8c84fa94-04c1-424b-9868-57a2d4851a1d" relativeResultsDirectory="5dee3289-2599-41f2-9474-ffdd926e2cab">
    </UnitTestResult>
    <UnitTestResult executionId="fe80c966-7538-4b7d-8d19-ff2c32c62bad" testId="317d83c6-7888-b2e3-18a3-1679d93597b9" testName="TaskListsServiceMethodUpdateShouldUpdateATaskList" computerName="BLACKBEAUTY" duration="00:00:00.0018601" startTime="2012-08-31T22:16:52.2559528+01:00" endTime="2012-08-31T22:16:52.2559528+01:00" testType="13cdc9d9-ddb5-4fa4-a97d-d965ccfc6d4b" outcome="Passed" testListId="8c84fa94-04c1-424b-9868-57a2d4851a1d" relativeResultsDirectory="fe80c966-7538-4b7d-8d19-ff2c32c62bad">
    </UnitTestResult>
    <UnitTestResult executionId="554803a1-a5f8-496e-8ad7-fc31271604ed" testId="31c722d8-5747-84ab-dbe0-e3286ae27d8d" testName="UsersRepositoryLoadCallsLoadFromTheUnitOfWork" computerName="BLACKBEAUTY" duration="00:00:00.0039889" startTime="2012-08-31T22:16:52.2559528+01:00" endTime="2012-08-31T22:16:52.2715528+01:00" testType="13cdc9d9-ddb5-4fa4-a97d-d965ccfc6d4b" outcome="Passed" testListId="8c84fa94-04c1-424b-9868-57a2d4851a1d" relativeResultsDirectory="554803a1-a5f8-496e-8ad7-fc31271604ed">
    </UnitTestResult>
    <UnitTestResult executionId="af28e33d-29ce-4d0c-ba7d-27dadab4fcc9" testId="34307c16-295e-e803-42c0-fc1c9dc9e42e" testName="UsersRepositoryLoadTaskListAssociatedUsersCallsLoadAndGetFromTheUnitOfWork" computerName="BLACKBEAUTY" duration="00:00:00.0108818" startTime="2012-08-31T22:16:52.2715528+01:00" endTime="2012-08-31T22:16:52.2871528+01:00" testType="13cdc9d9-ddb5-4fa4-a97d-d965ccfc6d4b" outcome="Passed" testListId="8c84fa94-04c1-424b-9868-57a2d4851a1d" relativeResultsDirectory="af28e33d-29ce-4d0c-ba7d-27dadab4fcc9">
    </UnitTestResult>
    <UnitTestResult executionId="9ed7bff4-2264-4c0c-8e9b-c401c4502fee" testId="3b15e204-c4d0-7b16-61a4-7570b81b33a7" testName="NotesServiceMethodNoteWithTitleExistsShouldReturnFalseForNonExistingTitle" computerName="BLACKBEAUTY" duration="00:00:00.0027183" startTime="2012-08-31T22:16:52.2871528+01:00" endTime="2012-08-31T22:16:52.3027529+01:00" testType="13cdc9d9-ddb5-4fa4-a97d-d965ccfc6d4b" outcome="Passed" testListId="8c84fa94-04c1-424b-9868-57a2d4851a1d" relativeResultsDirectory="9ed7bff4-2264-4c0c-8e9b-c401c4502fee">
    </UnitTestResult>
    <UnitTestResult executionId="daf9d149-e17e-47b9-840a-bf82110d9991" testId="3ccecaf6-b51d-cbc4-debf-7489f5a6a3e4" testName="NotesServiceMethodCopyNoteShouldCopyANote" computerName="BLACKBEAUTY" duration="00:00:00.0102480" startTime="2012-08-31T22:16:52.3027529+01:00" endTime="2012-08-31T22:16:52.3183529+01:00" testType="13cdc9d9-ddb5-4fa4-a97d-d965ccfc6d4b" outcome="Passed" testListId="8c84fa94-04c1-424b-9868-57a2d4851a1d" relativeResultsDirectory="daf9d149-e17e-47b9-840a-bf82110d9991">
    </UnitTestResult>
    <UnitTestResult executionId="b38e3a21-fdbc-4a8d-b400-f34433616268" testId="4b614527-e28c-581c-d382-32a4d4aafc06" testName="NotesRepositoryNoteWithTitleExistsCallsGetFromTheUnitOfWork" computerName="BLACKBEAUTY" duration="00:00:00.0063950" startTime="2012-08-31T22:16:52.3183529+01:00" endTime="2012-08-31T22:16:52.3339529+01:00" testType="13cdc9d9-ddb5-4fa4-a97d-d965ccfc6d4b" outcome="Passed" testListId="8c84fa94-04c1-424b-9868-57a2d4851a1d" relativeResultsDirectory="b38e3a21-fdbc-4a8d-b400-f34433616268">
    </UnitTestResult>
    <UnitTestResult executionId="d0a6166f-79a9-403a-a5d5-a4ecc0f8c065" testId="51d63b6c-e217-1034-9362-a2f6bc6d8cdb" testName="NotesServiceMethodDeleteShouldDeleteANote" computerName="BLACKBEAUTY" duration="00:00:00.0045874" startTime="2012-08-31T22:16:52.3339529+01:00" endTime="2012-08-31T22:16:52.3339529+01:00" testType="13cdc9d9-ddb5-4fa4-a97d-d965ccfc6d4b" outcome="Passed" testListId="8c84fa94-04c1-424b-9868-57a2d4851a1d" relativeResultsDirectory="d0a6166f-79a9-403a-a5d5-a4ecc0f8c065">
    </UnitTestResult>
    <UnitTestResult executionId="054ea5e2-0eaa-4df8-aaa1-dbda2a6ccaac" testId="53bf3163-df0e-9e62-fb0d-6671ad5acf2e" testName="NotesRepositoryGetCallsGetFromTheUnitOfWorkAndReturnsAnExistingNote" computerName="BLACKBEAUTY" duration="00:00:00.0056388" startTime="2012-08-31T22:16:52.3495530+01:00" endTime="2012-08-31T22:16:52.3495530+01:00" testType="13cdc9d9-ddb5-4fa4-a97d-d965ccfc6d4b" outcome="Passed" testListId="8c84fa94-04c1-424b-9868-57a2d4851a1d" relativeResultsDirectory="054ea5e2-0eaa-4df8-aaa1-dbda2a6ccaac">
    </UnitTestResult>
    <UnitTestResult executionId="2225227a-8558-405f-b51a-1de2703ffce8" testId="54e67131-47df-e2cb-c7bc-1b2b43b86483" testName="UsersRepositoryUserIsRegisteredCallsLoadFromTheUnitOfWorkForAnExistingUser" computerName="BLACKBEAUTY" duration="00:00:00.0028556" startTime="2012-08-31T22:16:52.3495530+01:00" endTime="2012-08-31T22:16:52.3651530+01:00" testType="13cdc9d9-ddb5-4fa4-a97d-d965ccfc6d4b" outcome="Passed" testListId="8c84fa94-04c1-424b-9868-57a2d4851a1d" relativeResultsDirectory="2225227a-8558-405f-b51a-1de2703ffce8">
    </UnitTestResult>
    <UnitTestResult executionId="07cc57a4-2451-45c4-80a1-b4c75eff6f6d" testId="56cb2ba6-bd19-5c25-a99a-9bed17136d50" testName="UsersRepositoryParseIdentityProviderParsesYahooCorrectly" computerName="BLACKBEAUTY" duration="00:00:00.0002380" startTime="2012-08-31T22:16:52.3651530+01:00" endTime="2012-08-31T22:16:52.3651530+01:00" testType="13cdc9d9-ddb5-4fa4-a97d-d965ccfc6d4b" outcome="Passed" testListId="8c84fa94-04c1-424b-9868-57a2d4851a1d" relativeResultsDirectory="07cc57a4-2451-45c4-80a1-b4c75eff6f6d">
    </UnitTestResult>
    <UnitTestResult executionId="883ea732-f21b-4ea8-94df-f3a653853cc0" testId="5786b163-ef5c-e0c4-11da-ed5c7ebd591c" testName="NotesServiceMethodUpdateShouldUpdateANote" computerName="BLACKBEAUTY" duration="00:00:00.0015892" startTime="2012-08-31T22:16:52.3651530+01:00" endTime="2012-08-31T22:16:52.3807530+01:00" testType="13cdc9d9-ddb5-4fa4-a97d-d965ccfc6d4b" outcome="Passed" testListId="8c84fa94-04c1-424b-9868-57a2d4851a1d" relativeResultsDirectory="883ea732-f21b-4ea8-94df-f3a653853cc0">
    </UnitTestResult>
    <UnitTestResult executionId="c4df72a4-c772-41e1-a564-c01afd7da8bc" testId="5d59f492-e6d2-4a32-8cb5-8bac5548a5fd" testName="NotesRepositoryGetWihtFilterCallsGetFromTheUnitOfWorkAndReturnsAnExistingNote" computerName="BLACKBEAUTY" duration="00:00:00.0030450" startTime="2012-08-31T22:16:52.3807530+01:00" endTime="2012-08-31T22:16:52.3807530+01:00" testType="13cdc9d9-ddb5-4fa4-a97d-d965ccfc6d4b" outcome="Passed" testListId="8c84fa94-04c1-424b-9868-57a2d4851a1d" relativeResultsDirectory="c4df72a4-c772-41e1-a564-c01afd7da8bc">
    </UnitTestResult>
    <UnitTestResult executionId="d7c951c1-2aa6-482e-9df9-4e8ffad71b2f" testId="5fe42e9d-f3d6-6b59-1cde-9ee6b0948802" testName="TaskListsServiceMethodGetShouldReturnNullForANonExistingTaskList" computerName="BLACKBEAUTY" duration="00:00:00.0004342" startTime="2012-08-31T22:16:52.3963530+01:00" endTime="2012-08-31T22:16:52.3963530+01:00" testType="13cdc9d9-ddb5-4fa4-a97d-d965ccfc6d4b" outcome="Passed" testListId="8c84fa94-04c1-424b-9868-57a2d4851a1d" relativeResultsDirectory="d7c951c1-2aa6-482e-9df9-4e8ffad71b2f">
    </UnitTestResult>
    <UnitTestResult executionId="428df0bd-ea4e-4689-8dbc-f567777679bf" testId="63b79998-d09c-e8f8-a40f-f31aca5bbc08" testName="UsersServiceMethodLoadTaskListOwnerShouldLoadOwner" computerName="BLACKBEAUTY" duration="00:00:00.0012527" startTime="2012-08-31T22:16:52.4119531+01:00" endTime="2012-08-31T22:16:52.4119531+01:00" testType="13cdc9d9-ddb5-4fa4-a97d-d965ccfc6d4b" outcome="Passed" testListId="8c84fa94-04c1-424b-9868-57a2d4851a1d" relativeResultsDirectory="428df0bd-ea4e-4689-8dbc-f567777679bf">
    </UnitTestResult>
    <UnitTestResult executionId="4fd94d35-c708-4549-ab84-7a810c1f55d5" testId="6679c1f6-317f-e773-41df-3508a75dea4b" testName="TaskListsServiceMethodRemoveShareShouldARemoveAUserFromTheTaskListShares" computerName="BLACKBEAUTY" duration="00:00:00.0012395" startTime="2012-08-31T22:16:52.4119531+01:00" endTime="2012-08-31T22:16:52.4119531+01:00" testType="13cdc9d9-ddb5-4fa4-a97d-d965ccfc6d4b" outcome="Passed" testListId="8c84fa94-04c1-424b-9868-57a2d4851a1d" relativeResultsDirectory="4fd94d35-c708-4549-ab84-7a810c1f55d5">
    </UnitTestResult>
    <UnitTestResult executionId="ad34f842-de8f-49a3-9560-1c9ce7035f14" testId="68515e07-492a-8340-8ae8-e1f724f6552a" testName="TaskListsRepositoryCreateCallsCreatesFromTheUnitOfWork" computerName="BLACKBEAUTY" duration="00:00:00.0040781" startTime="2012-08-31T22:16:52.4275531+01:00" endTime="2012-08-31T22:16:52.4275531+01:00" testType="13cdc9d9-ddb5-4fa4-a97d-d965ccfc6d4b" outcome="Passed" testListId="8c84fa94-04c1-424b-9868-57a2d4851a1d" relativeResultsDirectory="ad34f842-de8f-49a3-9560-1c9ce7035f14">
    </UnitTestResult>
    <UnitTestResult executionId="3f095c56-8fd4-42c3-8ba6-2007331996e3" testId="68595d26-57a1-321d-c72e-7ab1ba9f7821" testName="AUserWithAnInvalidEmailIsInvalid" computerName="BLACKBEAUTY" duration="00:00:00.0052707" startTime="2012-08-31T22:16:52.4275531+01:00" endTime="2012-08-31T22:16:52.4431531+01:00" testType="13cdc9d9-ddb5-4fa4-a97d-d965ccfc6d4b" outcome="Passed" testListId="8c84fa94-04c1-424b-9868-57a2d4851a1d" relativeResultsDirectory="3f095c56-8fd4-42c3-8ba6-2007331996e3">
    </UnitTestResult>
    <UnitTestResult executionId="2b3f1592-9664-4d8e-ab2c-42533c1338fa" testId="6eb006b0-f141-29b2-0ec3-c52e70221b01" testName="TaskListsRepositoryHasPermisionToEditCallsGetFromTheUnitOfWork" computerName="BLACKBEAUTY" duration="00:00:00.0067849" startTime="2012-08-31T22:16:52.4431531+01:00" endTime="2012-08-31T22:16:52.4587531+01:00" testType="13cdc9d9-ddb5-4fa4-a97d-d965ccfc6d4b" outcome="Passed" testListId="8c84fa94-04c1-424b-9868-57a2d4851a1d" relativeResultsDirectory="2b3f1592-9664-4d8e-ab2c-42533c1338fa">
    </UnitTestResult>
    <UnitTestResult executionId="9feb8019-e4cc-49c9-ae2d-73a65d241cd9" testId="6f08de37-a78e-29cc-f154-9197a3a712f9" testName="UsersServiceMethodGetShouldReturnNullForANonExistingUser" computerName="BLACKBEAUTY" duration="00:00:00.0003800" startTime="2012-08-31T22:16:52.4587531+01:00" endTime="2012-08-31T22:16:52.4587531+01:00" testType="13cdc9d9-ddb5-4fa4-a97d-d965ccfc6d4b" outcome="Passed" testListId="8c84fa94-04c1-424b-9868-57a2d4851a1d" relativeResultsDirectory="9feb8019-e4cc-49c9-ae2d-73a65d241cd9">
    </UnitTestResult>
    <UnitTestResult executionId="79f203d1-ad46-48a1-9eaf-8151e80f5b8b" testId="710056e6-b337-9739-6344-1fd443c7a2b3" testName="AUserWithAnNameThatHasTheCharacterHypenIsInvalid" computerName="BLACKBEAUTY" duration="00:00:00.0003177" startTime="2012-08-31T22:16:52.4587531+01:00" endTime="2012-08-31T22:16:52.4743532+01:00" testType="13cdc9d9-ddb5-4fa4-a97d-d965ccfc6d4b" outcome="Passed" testListId="8c84fa94-04c1-424b-9868-57a2d4851a1d" relativeResultsDirectory="79f203d1-ad46-48a1-9eaf-8151e80f5b8b">
    </UnitTestResult>
    <UnitTestResult executionId="c515484a-e9ba-4e8f-a4eb-00b06a69a36d" testId="71f98d0e-df98-5602-5fd6-919d9101bb93" testName="ATaskListWithAllPropertiesValidIsValid" computerName="BLACKBEAUTY" duration="00:00:00.0004180" startTime="2012-08-31T22:16:52.4743532+01:00" endTime="2012-08-31T22:16:52.4743532+01:00" testType="13cdc9d9-ddb5-4fa4-a97d-d965ccfc6d4b" outcome="Passed" testListId="8c84fa94-04c1-424b-9868-57a2d4851a1d" relativeResultsDirectory="c515484a-e9ba-4e8f-a4eb-00b06a69a36d">
    </UnitTestResult>
    <UnitTestResult executionId="f0dc9918-3265-4c78-b79d-51f2d36d107b" testId="74ad4924-ca1f-7fc8-3dda-97c8ce4dc14e" testName="UsersServiceMethodIsRegisteredReturnsTrueForAnExistingUser" computerName="BLACKBEAUTY" duration="00:00:00.0020431" startTime="2012-08-31T22:16:52.4743532+01:00" endTime="2012-08-31T22:16:52.4899532+01:00" testType="13cdc9d9-ddb5-4fa4-a97d-d965ccfc6d4b" outcome="Passed" testListId="8c84fa94-04c1-424b-9868-57a2d4851a1d" relativeResultsDirectory="f0dc9918-3265-4c78-b79d-51f2d36d107b">
    </UnitTestResult>
    <UnitTestResult executionId="c97da42e-2317-40c1-aaf9-030f24dee591" testId="7a009e26-62e5-1f69-5cdb-854dc672f6ae" testName="ANoteWithContentLongerThan50CharactersIsInvalid" computerName="BLACKBEAUTY" duration="00:00:00.0004794" startTime="2012-08-31T22:16:52.4899532+01:00" endTime="2012-08-31T22:16:52.4899532+01:00" testType="13cdc9d9-ddb5-4fa4-a97d-d965ccfc6d4b" outcome="Passed" testListId="8c84fa94-04c1-424b-9868-57a2d4851a1d" relativeResultsDirectory="c97da42e-2317-40c1-aaf9-030f24dee591">
    </UnitTestResult>
    <UnitTestResult executionId="7bdc615b-c2b6-48bc-b080-4ffba6547c04" testId="7a76042e-b11e-169d-7b16-2fadf1332acd" testName="TaskListRepositoryLoadContainerCallsGetsFromTheUnitOfWork" computerName="BLACKBEAUTY" duration="00:00:00.0076627" startTime="2012-08-31T22:16:52.4899532+01:00" endTime="2012-08-31T22:16:52.5055532+01:00" testType="13cdc9d9-ddb5-4fa4-a97d-d965ccfc6d4b" outcome="Passed" testListId="8c84fa94-04c1-424b-9868-57a2d4851a1d" relativeResultsDirectory="7bdc615b-c2b6-48bc-b080-4ffba6547c04">
    </UnitTestResult>
    <UnitTestResult executionId="13092058-0702-46d7-abe0-1934dee95472" testId="7ae1ddc5-c3b0-7641-cb10-f72206ce0466" testName="NotesServiceMethodHasPermissionToEditShouldReturnFalseForAUserNotInTheShare" computerName="BLACKBEAUTY" duration="00:00:00.0008227" startTime="2012-08-31T22:16:52.5055532+01:00" endTime="2012-08-31T22:16:52.5211533+01:00" testType="13cdc9d9-ddb5-4fa4-a97d-d965ccfc6d4b" outcome="Passed" testListId="8c84fa94-04c1-424b-9868-57a2d4851a1d" relativeResultsDirectory="13092058-0702-46d7-abe0-1934dee95472">
    </UnitTestResult>
    <UnitTestResult executionId="f7211962-8a20-48b5-b55f-e727eed071c5" testId="7b5bfd82-0a0d-ae47-9f48-64f6309b6fc1" testName="UsersServiceMethodGetByIdentifiersShouldReturnAUser" computerName="BLACKBEAUTY" duration="00:00:00.0010991" startTime="2012-08-31T22:16:52.5211533+01:00" endTime="2012-08-31T22:16:52.5211533+01:00" testType="13cdc9d9-ddb5-4fa4-a97d-d965ccfc6d4b" outcome="Passed" testListId="8c84fa94-04c1-424b-9868-57a2d4851a1d" relativeResultsDirectory="f7211962-8a20-48b5-b55f-e727eed071c5">
    </UnitTestResult>
    <UnitTestResult executionId="a6821e81-98a1-436d-9867-f0f949c7969b" testId="7b65c322-82a6-21f6-1c5a-05f328fac3be" testName="UsersServiceMethodGetUserAuthenticationInfoShouldReturnTheAuthenticationInfoWithoutNameAndEmail" computerName="BLACKBEAUTY" duration="00:00:00.0005314" startTime="2012-08-31T22:16:52.5211533+01:00" endTime="2012-08-31T22:16:52.5367533+01:00" testType="13cdc9d9-ddb5-4fa4-a97d-d965ccfc6d4b" outcome="Passed" testListId="8c84fa94-04c1-424b-9868-57a2d4851a1d" relativeResultsDirectory="a6821e81-98a1-436d-9867-f0f949c7969b">
    </UnitTestResult>
    <UnitTestResult executionId="eae65ddb-5a68-4c15-b783-0063fbbd5078" testId="7c9b51a9-eac2-5f6f-a165-f92934b19311" testName="UsersServiceMethodGetByFilterShouldReturnAUser" computerName="BLACKBEAUTY" duration="00:00:00.0082552" startTime="2012-08-31T22:16:52.5367533+01:00" endTime="2012-08-31T22:16:52.5523533+01:00" testType="13cdc9d9-ddb5-4fa4-a97d-d965ccfc6d4b" outcome="Passed" testListId="8c84fa94-04c1-424b-9868-57a2d4851a1d" relativeResultsDirectory="eae65ddb-5a68-4c15-b783-0063fbbd5078">
    </UnitTestResult>
    <UnitTestResult executionId="df3bc0cc-305c-451b-8f4e-61bc83d1da0b" testId="7d09f543-4324-80a8-54ae-156dcda31038" testName="AUserWithAValidEmailIsValid" computerName="BLACKBEAUTY" duration="00:00:00.0006372" startTime="2012-08-31T22:16:52.5523533+01:00" endTime="2012-08-31T22:16:52.5523533+01:00" testType="13cdc9d9-ddb5-4fa4-a97d-d965ccfc6d4b" outcome="Passed" testListId="8c84fa94-04c1-424b-9868-57a2d4851a1d" relativeResultsDirectory="df3bc0cc-305c-451b-8f4e-61bc83d1da0b">
    </UnitTestResult>
    <UnitTestResult executionId="2bbb22a9-9f2c-4327-8197-9bfae81500c4" testId="7d1001da-6055-18e2-1484-260115b93ccf" testName="TaskListsServiceMethodLoadShouldReturnAllTaskLists" computerName="BLACKBEAUTY" duration="00:00:00.0021740" startTime="2012-08-31T22:16:52.5523533+01:00" endTime="2012-08-31T22:16:52.5679533+01:00" testType="13cdc9d9-ddb5-4fa4-a97d-d965ccfc6d4b" outcome="Passed" testListId="8c84fa94-04c1-424b-9868-57a2d4851a1d" relativeResultsDirectory="2bbb22a9-9f2c-4327-8197-9bfae81500c4">
    </UnitTestResult>
    <UnitTestResult executionId="8fc88af8-47c7-441d-bf5e-83021d3d1c83" testId="7d6998de-08bc-b5a5-f97c-68e4a87d69dc" testName="NotesRepositoryAddShareCallsCreateFromTheUnitOfWork" computerName="BLACKBEAUTY" duration="00:00:00.0021390" startTime="2012-08-31T22:16:52.5679533+01:00" endTime="2012-08-31T22:16:52.5679533+01:00" testType="13cdc9d9-ddb5-4fa4-a97d-d965ccfc6d4b" outcome="Passed" testListId="8c84fa94-04c1-424b-9868-57a2d4851a1d" relativeResultsDirectory="8fc88af8-47c7-441d-bf5e-83021d3d1c83">
    </UnitTestResult>
    <UnitTestResult executionId="cd5265a6-7627-4ec8-a79b-5471deeea9ae" testId="806d5e37-6070-b15c-e509-59745df24b26" testName="TaskListsServiceMethodGetByFilterShouldReturnATaskList" computerName="BLACKBEAUTY" duration="00:00:00.0039224" startTime="2012-08-31T22:16:52.5835534+01:00" endTime="2012-08-31T22:16:52.5835534+01:00" testType="13cdc9d9-ddb5-4fa4-a97d-d965ccfc6d4b" outcome="Passed" testListId="8c84fa94-04c1-424b-9868-57a2d4851a1d" relativeResultsDirectory="cd5265a6-7627-4ec8-a79b-5471deeea9ae">
    </UnitTestResult>
    <UnitTestResult executionId="2dc65915-2c59-4781-841a-517af8f2caf2" testId="83144cc2-eba3-40b7-3a94-8375dcee99f1" testName="UsersRepositoryParseIdentityProviderParsesWindowsLiveIDCorrectly" computerName="BLACKBEAUTY" duration="00:00:00.0002392" startTime="2012-08-31T22:16:52.5835534+01:00" endTime="2012-08-31T22:16:52.5991534+01:00" testType="13cdc9d9-ddb5-4fa4-a97d-d965ccfc6d4b" outcome="Passed" testListId="8c84fa94-04c1-424b-9868-57a2d4851a1d" relativeResultsDirectory="2dc65915-2c59-4781-841a-517af8f2caf2">
    </UnitTestResult>
    <UnitTestResult executionId="e018a7d5-64ea-462f-aff9-d578e11edae8" testId="846215b7-3a17-549a-a8bb-e3c8573dbdf6" testName="TaskListsRepositoryDeleteCallsDeleteFromTheUnitOfWork" computerName="BLACKBEAUTY" duration="00:00:00.0113800" startTime="2012-08-31T22:16:52.5991534+01:00" endTime="2012-08-31T22:16:52.6147534+01:00" testType="13cdc9d9-ddb5-4fa4-a97d-d965ccfc6d4b" outcome="Passed" testListId="8c84fa94-04c1-424b-9868-57a2d4851a1d" relativeResultsDirectory="e018a7d5-64ea-462f-aff9-d578e11edae8">
    </UnitTestResult>
    <UnitTestResult executionId="118643c3-c134-4a2f-84da-a20873ffced0" testId="852657b0-510e-88d6-c043-399bc17187ed" testName="ANoteWithAnEmptyContentIsInvalid" computerName="BLACKBEAUTY" duration="00:00:00.0004909" startTime="2012-08-31T22:16:52.6147534+01:00" endTime="2012-08-31T22:16:52.6147534+01:00" testType="13cdc9d9-ddb5-4fa4-a97d-d965ccfc6d4b" outcome="Passed" testListId="8c84fa94-04c1-424b-9868-57a2d4851a1d" relativeResultsDirectory="118643c3-c134-4a2f-84da-a20873ffced0">
    </UnitTestResult>
    <UnitTestResult executionId="39dc0c6a-8d62-434e-aaa3-928034f16076" testId="8d3bfe9f-40a5-6515-7c0c-d1c6b7990ea3" testName="TaskListsRepositoryGetCallsGetFromTheUnitOfWorkAndReturnsNullForANonExistingTaskList" computerName="BLACKBEAUTY" duration="00:00:00.0014442" startTime="2012-08-31T22:16:52.6147534+01:00" endTime="2012-08-31T22:16:52.6303534+01:00" testType="13cdc9d9-ddb5-4fa4-a97d-d965ccfc6d4b" outcome="Passed" testListId="8c84fa94-04c1-424b-9868-57a2d4851a1d" relativeResultsDirectory="39dc0c6a-8d62-434e-aaa3-928034f16076">
    </UnitTestResult>
    <UnitTestResult executionId="f48ef717-56ba-4034-b975-46ca1e1a0fc1" testId="8e102b5d-e958-b297-bb65-7f1f98f7fdce" testName="UsersRepositoryCreateCallsCreateFromTheUnitOfWork" computerName="BLACKBEAUTY" duration="00:00:00.0028970" startTime="2012-08-31T22:16:52.6303534+01:00" endTime="2012-08-31T22:16:52.6303534+01:00" testType="13cdc9d9-ddb5-4fa4-a97d-d965ccfc6d4b" outcome="Passed" testListId="8c84fa94-04c1-424b-9868-57a2d4851a1d" relativeResultsDirectory="f48ef717-56ba-4034-b975-46ca1e1a0fc1">
    </UnitTestResult>
    <UnitTestResult executionId="22d6b38c-fcd8-4498-b55b-20fe6f955e8f" testId="8f90efd1-0a3e-6847-1469-eec0d3368773" testName="UsersRepositoryGetCallsGetFromTheUnitOfWorkAndReturnsNullForANonExistingUser" computerName="BLACKBEAUTY" duration="00:00:00.0011286" startTime="2012-08-31T22:16:52.6459535+01:00" endTime="2012-08-31T22:16:52.6459535+01:00" testType="13cdc9d9-ddb5-4fa4-a97d-d965ccfc6d4b" outcome="Passed" testListId="8c84fa94-04c1-424b-9868-57a2d4851a1d" relativeResultsDirectory="22d6b38c-fcd8-4498-b55b-20fe6f955e8f">
    </UnitTestResult>
    <UnitTestResult executionId="72b9a118-8bed-4f5e-a8f1-23cb5d8bdd30" testId="94962bdc-e505-45ca-f439-ea92c0480935" testName="TaskListsServiceMethodHasPermissionToEditShouldReturnTrueForAUserInTheShare" computerName="BLACKBEAUTY" duration="00:00:00.0015504" startTime="2012-08-31T22:16:52.6459535+01:00" endTime="2012-08-31T22:16:52.6459535+01:00" testType="13cdc9d9-ddb5-4fa4-a97d-d965ccfc6d4b" outcome="Passed" testListId="8c84fa94-04c1-424b-9868-57a2d4851a1d" relativeResultsDirectory="72b9a118-8bed-4f5e-a8f1-23cb5d8bdd30">
    </UnitTestResult>
    <UnitTestResult executionId="dfbf625a-afea-4562-8de6-b9eb642bc5f7" testId="966d9ca3-96a8-e299-9eae-7de085d51e46" testName="NotesServiceMethodGetShouldReturnNullForANonExistingNote" computerName="BLACKBEAUTY" duration="00:00:00.0005779" startTime="2012-08-31T22:16:52.6615535+01:00" endTime="2012-08-31T22:16:52.6615535+01:00" testType="13cdc9d9-ddb5-4fa4-a97d-d965ccfc6d4b" outcome="Passed" testListId="8c84fa94-04c1-424b-9868-57a2d4851a1d" relativeResultsDirectory="dfbf625a-afea-4562-8de6-b9eb642bc5f7">
    </UnitTestResult>
    <UnitTestResult executionId="fae5ce65-53d5-4f9d-aa9c-8baaac6cba58" testId="9863ea66-4389-d916-e2df-c69ea144bb25" testName="UsersRepositoryGetCallsWithFilterGetFromTheUnitOfWorkAndReturnsAExistingTaskList" computerName="BLACKBEAUTY" duration="00:00:00.0056290" startTime="2012-08-31T22:16:52.6615535+01:00" endTime="2012-08-31T22:16:52.6771535+01:00" testType="13cdc9d9-ddb5-4fa4-a97d-d965ccfc6d4b" outcome="Passed" testListId="8c84fa94-04c1-424b-9868-57a2d4851a1d" relativeResultsDirectory="fae5ce65-53d5-4f9d-aa9c-8baaac6cba58">
    </UnitTestResult>
    <UnitTestResult executionId="7adba126-26f4-488a-8578-56955d80e6ed" testId="9ca52fa0-c559-7623-fd35-fc2380d7afd8" testName="TaskListsRepositoryGetSharedCallsLoadFromTheUnitOfWork" computerName="BLACKBEAUTY" duration="00:00:00.0089248" startTime="2012-08-31T22:16:52.6771535+01:00" endTime="2012-08-31T22:16:52.6927536+01:00" testType="13cdc9d9-ddb5-4fa4-a97d-d965ccfc6d4b" outcome="Passed" testListId="8c84fa94-04c1-424b-9868-57a2d4851a1d" relativeResultsDirectory="7adba126-26f4-488a-8578-56955d80e6ed">
    </UnitTestResult>
    <UnitTestResult executionId="19491f45-6372-4d7e-9d75-07400b20488a" testId="9d2851ab-0a27-838f-9557-7fe4eb9929c3" testName="TaskListsServiceMethodDeleteShouldDeleteATaskList" computerName="BLACKBEAUTY" duration="00:00:00.0021100" startTime="2012-08-31T22:16:52.6927536+01:00" endTime="2012-08-31T22:16:52.6927536+01:00" testType="13cdc9d9-ddb5-4fa4-a97d-d965ccfc6d4b" outcome="Passed" testListId="8c84fa94-04c1-424b-9868-57a2d4851a1d" relativeResultsDirectory="19491f45-6372-4d7e-9d75-07400b20488a">
    </UnitTestResult>
    <UnitTestResult executionId="10f40db4-e409-4b17-9c7f-c1d0bc5dfa62" testId="a09a3efe-5018-8ea3-5334-81bff13818e9" testName="TaskListsServiceMethodAddShareShouldAddAUserToATaskListShares" computerName="BLACKBEAUTY" duration="00:00:00.0009110" startTime="2012-08-31T22:16:52.6927536+01:00" endTime="2012-08-31T22:16:52.7083536+01:00" testType="13cdc9d9-ddb5-4fa4-a97d-d965ccfc6d4b" outcome="Passed" testListId="8c84fa94-04c1-424b-9868-57a2d4851a1d" relativeResultsDirectory="10f40db4-e409-4b17-9c7f-c1d0bc5dfa62">
    </UnitTestResult>
    <UnitTestResult executionId="d2fdbd09-db6c-4ed6-95e4-2f64b2c5665d" testId="a31f17ab-e933-91d3-0be7-69abe24ee67e" testName="NotesServiceMethodLoadNotesShouldLoadAllNotes" computerName="BLACKBEAUTY" duration="00:00:00.0009302" startTime="2012-08-31T22:16:52.7083536+01:00" endTime="2012-08-31T22:16:52.7083536+01:00" testType="13cdc9d9-ddb5-4fa4-a97d-d965ccfc6d4b" outcome="Passed" testListId="8c84fa94-04c1-424b-9868-57a2d4851a1d" relativeResultsDirectory="d2fdbd09-db6c-4ed6-95e4-2f64b2c5665d">
    </UnitTestResult>
    <UnitTestResult executionId="92bbdb59-7417-4e6a-a6ec-52cb67191029" testId="a32946f4-9589-613f-fb54-5c9eee9a4876" testName="TaskListsServiceMethodGetShouldReturnATaskList" computerName="BLACKBEAUTY" duration="00:00:00.0004389" startTime="2012-08-31T22:16:52.7239536+01:00" endTime="2012-08-31T22:16:52.7239536+01:00" testType="13cdc9d9-ddb5-4fa4-a97d-d965ccfc6d4b" outcome="Passed" testListId="8c84fa94-04c1-424b-9868-57a2d4851a1d" relativeResultsDirectory="92bbdb59-7417-4e6a-a6ec-52cb67191029">
    </UnitTestResult>
    <UnitTestResult executionId="5993af0f-0d40-4679-afef-1fd75da0c299" testId="a49419de-351d-ddee-3740-c07af74b36d5" testName="NotesRepositoryGetCallsGetFromTheUnitOfWorkAndReturnsNullForANonExistingNote" computerName="BLACKBEAUTY" duration="00:00:00.0013086" startTime="2012-08-31T22:16:52.7239536+01:00" endTime="2012-08-31T22:16:52.7239536+01:00" testType="13cdc9d9-ddb5-4fa4-a97d-d965ccfc6d4b" outcome="Passed" testListId="8c84fa94-04c1-424b-9868-57a2d4851a1d" relativeResultsDirectory="5993af0f-0d40-4679-afef-1fd75da0c299">
    </UnitTestResult>
    <UnitTestResult executionId="6ddc6035-f103-4550-9f15-4b482b0fb820" testId="a52de280-ccb3-2f52-6566-1bbc9bfb4624" testName="NotesServiceMethodGetShouldReturnANote" computerName="BLACKBEAUTY" duration="00:00:00.0005911" startTime="2012-08-31T22:16:52.7395536+01:00" endTime="2012-08-31T22:16:52.7395536+01:00" testType="13cdc9d9-ddb5-4fa4-a97d-d965ccfc6d4b" outcome="Passed" testListId="8c84fa94-04c1-424b-9868-57a2d4851a1d" relativeResultsDirectory="6ddc6035-f103-4550-9f15-4b482b0fb820">
    </UnitTestResult>
    <UnitTestResult executionId="3ef9d4d3-b40b-4ca5-85ff-6a5f53e1f33c" testId="a6c1fa83-a867-97da-f19d-bbb05c37bcee" testName="UsersRepositoryGetByIdentifiersCallsLoadFromTheUnitOfWorkForNonExistingUser" computerName="BLACKBEAUTY" duration="00:00:00.0028748" startTime="2012-08-31T22:16:52.7395536+01:00" endTime="2012-08-31T22:16:52.7551537+01:00" testType="13cdc9d9-ddb5-4fa4-a97d-d965ccfc6d4b" outcome="Passed" testListId="8c84fa94-04c1-424b-9868-57a2d4851a1d" relativeResultsDirectory="3ef9d4d3-b40b-4ca5-85ff-6a5f53e1f33c">
    </UnitTestResult>
    <UnitTestResult executionId="9980c483-bf70-4c34-a628-3431b2294bad" testId="a7085ee0-9711-d8df-ad65-023ec44b9759" testName="UsersServiceMethodGFillUserAuthenticationInfoShouldFillTheAuthenticationInfo" computerName="BLACKBEAUTY" duration="00:00:00.0018963" startTime="2012-08-31T22:16:52.7551537+01:00" endTime="2012-08-31T22:16:52.7551537+01:00" testType="13cdc9d9-ddb5-4fa4-a97d-d965ccfc6d4b" outcome="Passed" testListId="8c84fa94-04c1-424b-9868-57a2d4851a1d" relativeResultsDirectory="9980c483-bf70-4c34-a628-3431b2294bad">
    </UnitTestResult>
    <UnitTestResult executionId="4baee5cc-4837-4260-99a8-7ba164072917" testId="a742ae72-2621-b011-6828-d1903e18afba" testName="TestIncomingRoutes" computerName="BLACKBEAUTY" duration="00:00:00.0090498" startTime="2012-08-31T22:16:52.7551537+01:00" endTime="2012-08-31T22:16:53.6131552+01:00" testType="13cdc9d9-ddb5-4fa4-a97d-d965ccfc6d4b" outcome="Failed" testListId="8c84fa94-04c1-424b-9868-57a2d4851a1d" relativeResultsDirectory="4baee5cc-4837-4260-99a8-7ba164072917">
      <Output>
        <ErrorInfo>
          <Message>Test method CloudNotes.Tests.Presentation.MVC.MVCTests.TestIncomingRoutes threw exception: 
System.Reflection.TargetInvocationException: Exception has been thrown by the target of an invocation. ---&gt; StructureMap.StructureMapException: StructureMap Exception Code:  202
No Default Instance defined for PluginFamily CloudNotes.Domain.Services.Contracts.IOAuthService, CloudNotes.Domain.Services, Version=1.0.0.0, Culture=neutral, PublicKeyToken=null</Message>
          <StackTrace>    at StructureMap.BuildSession.&lt;.ctor&gt;b__0(Type t) in c:\code\structuremap\Source\StructureMap\BuildSession.cs:line 31
   at StructureMap.Util.Cache`2.get_Item(KEY key) in c:\code\structuremap\Source\StructureMap\Util\Cache.cs:line 83
   at StructureMap.BuildSession.CreateInstance(Type pluginType) in c:\code\structuremap\Source\StructureMap\BuildSession.cs:line 192
   at StructureMap.Container.GetInstance(Type pluginType) in c:\code\structuremap\Source\StructureMap\Container.cs:line 265
   at StructureMap.Container.GetInstance[T]() in c:\code\structuremap\Source\StructureMap\Container.cs:line 155
   at StructureMap.ObjectFactory.GetInstance[PLUGINTYPE]() in c:\code\structuremap\Source\StructureMap\ObjectFactory.cs:line 131
   at CloudNotes.WebRole.Handlers.OAuthAuthenticationHandler..ctor() in D:\PROMPT11-10-CloudComputing\CloudNotes\CloudNotes.WebRole\Handlers\OAuthAuthenticationHandler.cs:line 22
   at CloudNotes.WebRole.MvcApplication.RegisterRoutes(RouteCollection routes) in D:\PROMPT11-10-CloudComputing\CloudNotes\CloudNotes.WebRole\Global.asax.cs:line 23
 --- End of inner exception stack trace ---
    at System.RuntimeMethodHandle.InvokeMethod(Object target, Object[] arguments, Signature sig, Boolean constructor)
   at System.Reflection.RuntimeMethodInfo.UnsafeInvokeInternal(Object obj, Object[] parameters, Object[] arguments)
   at System.Reflection.RuntimeMethodInfo.Invoke(Object obj, BindingFlags invokeAttr, Binder binder, Object[] parameters, CultureInfo culture)
   at System.Reflection.MethodBase.Invoke(Object obj, Object[] parameters)
   at MvcRouteUnitTester.RouteTester`1..ctor() in C:\Projects\MvcRouteUnitTester\MvcRouteUnitTester\MvcRouteUnitTester\RouteTester.cs:line 46
   at CloudNotes.Tests.Presentation.MVC.MVCTests.TestIncomingRoutes() in D:\PROMPT11-10-CloudComputing\CloudNotes\CloudNotes.Tests.Presentation.MVC\MVCTests.cs:line 15
</StackTrace>
        </ErrorInfo>
      </Output>
      <CollectorDataEntries>
        <Collector agentName="BLACKBEAUTY" uri="datacollector://microsoft/TraceDebugger/1.0" collectorDisplayName="IntelliTrace">
          <UriAttachments>
            <UriAttachment>
              <A href="BLACKBEAUTY\QTAgent32_120831_221652770_2200.iTrace">IntelliTrace file for 'QTAgent32.exe' (2200)</A>
            </UriAttachment>
          </UriAttachments>
        </Collector>
      </CollectorDataEntries>
    </UnitTestResult>
    <UnitTestResult executionId="80f04856-af18-42f0-8c79-6cdfcda3851c" testId="a780d5d0-43e2-3171-7945-424274cf7cfb" testName="NotesRepositoryUpdateCallsUpdateFromTheUnitOfWork" computerName="BLACKBEAUTY" duration="00:00:00.0053159" startTime="2012-08-31T22:16:53.6131552+01:00" endTime="2012-08-31T22:16:53.6287552+01:00" testType="13cdc9d9-ddb5-4fa4-a97d-d965ccfc6d4b" outcome="Passed" testListId="8c84fa94-04c1-424b-9868-57a2d4851a1d" relativeResultsDirectory="80f04856-af18-42f0-8c79-6cdfcda3851c">
    </UnitTestResult>
    <UnitTestResult executionId="c77a9613-72c5-4e6b-8c45-0014dd6ff1e0" testId="a92d683e-6db6-da08-1853-c0e53902a155" testName="ATaskListWithAnAllWhitespaceTittleIsInvalid" computerName="BLACKBEAUTY" duration="00:00:00.0005830" startTime="2012-08-31T22:16:53.6287552+01:00" endTime="2012-08-31T22:16:53.6443552+01:00" testType="13cdc9d9-ddb5-4fa4-a97d-d965ccfc6d4b" outcome="Passed" testListId="8c84fa94-04c1-424b-9868-57a2d4851a1d" relativeResultsDirectory="c77a9613-72c5-4e6b-8c45-0014dd6ff1e0">
    </UnitTestResult>
    <UnitTestResult executionId="08d457e2-5a21-44ef-bb85-c9111465755a" testId="ad8e41a5-ec19-61e8-ab78-b0066874f9a4" testName="TaskListsRepositoryGetCallsWithFilterGetFromTheUnitOfWorkAndReturnsAExistingTaskList" computerName="BLACKBEAUTY" duration="00:00:00.0071662" startTime="2012-08-31T22:16:53.6443552+01:00" endTime="2012-08-31T22:16:53.6599553+01:00" testType="13cdc9d9-ddb5-4fa4-a97d-d965ccfc6d4b" outcome="Passed" testListId="8c84fa94-04c1-424b-9868-57a2d4851a1d" relativeResultsDirectory="08d457e2-5a21-44ef-bb85-c9111465755a">
    </UnitTestResult>
    <UnitTestResult executionId="a838a261-0d2a-4b42-b910-cbb50cf36346" testId="b0f72c88-e8e6-d5ef-9b19-7fed7babeddb" testName="ATaskListWithAnEmptyTittleIsInvalid" computerName="BLACKBEAUTY" duration="00:00:00.0003902" startTime="2012-08-31T22:16:53.6599553+01:00" endTime="2012-08-31T22:16:53.6599553+01:00" testType="13cdc9d9-ddb5-4fa4-a97d-d965ccfc6d4b" outcome="Passed" testListId="8c84fa94-04c1-424b-9868-57a2d4851a1d" relativeResultsDirectory="a838a261-0d2a-4b42-b910-cbb50cf36346">
    </UnitTestResult>
    <UnitTestResult executionId="c4412dd8-6346-4bd6-8b67-f445ec48f459" testId="b1a7abd8-8831-126c-749d-ed4bdc9d0f13" testName="NotesServiceMethodLoadShouldReturnAllNotes" computerName="BLACKBEAUTY" duration="00:00:00.0021834" startTime="2012-08-31T22:16:53.6599553+01:00" endTime="2012-08-31T22:16:53.6755553+01:00" testType="13cdc9d9-ddb5-4fa4-a97d-d965ccfc6d4b" outcome="Passed" testListId="8c84fa94-04c1-424b-9868-57a2d4851a1d" relativeResultsDirectory="c4412dd8-6346-4bd6-8b67-f445ec48f459">
    </UnitTestResult>
    <UnitTestResult executionId="a78a9bc7-2129-4793-b65c-9e27dfa63e2e" testId="b3e5450c-7394-e772-4c0f-83c0f0cc9085" testName="NotesRepositoryCreateCallsCreateFromTheUnitOfWork" computerName="BLACKBEAUTY" duration="00:00:00.0087239" startTime="2012-08-31T22:16:53.6755553+01:00" endTime="2012-08-31T22:16:53.6911553+01:00" testType="13cdc9d9-ddb5-4fa4-a97d-d965ccfc6d4b" outcome="Passed" testListId="8c84fa94-04c1-424b-9868-57a2d4851a1d" relativeResultsDirectory="a78a9bc7-2129-4793-b65c-9e27dfa63e2e">
    </UnitTestResult>
    <UnitTestResult executionId="94bf2001-d086-4540-b36a-75aba4eb2e43" testId="b6265d2d-5cae-e3d4-95b5-67607627ef13" testName="NotesServiceMethodNoteWithTitleExistsShouldReturnTrueForAnExistingTitle" computerName="BLACKBEAUTY" duration="00:00:00.0006739" startTime="2012-08-31T22:16:53.7067553+01:00" endTime="2012-08-31T22:16:53.7067553+01:00" testType="13cdc9d9-ddb5-4fa4-a97d-d965ccfc6d4b" outcome="Passed" testListId="8c84fa94-04c1-424b-9868-57a2d4851a1d" relativeResultsDirectory="94bf2001-d086-4540-b36a-75aba4eb2e43">
    </UnitTestResult>
    <UnitTestResult executionId="0606cab6-0fe5-498b-8342-0790a6f70466" testId="b69a9890-6d34-e521-794d-88f12a6f6738" testName="UsersServiceMethodLoadNoteOwnerShouldLoadOwner" computerName="BLACKBEAUTY" duration="00:00:00.0011162" startTime="2012-08-31T22:16:53.7067553+01:00" endTime="2012-08-31T22:16:53.7067553+01:00" testType="13cdc9d9-ddb5-4fa4-a97d-d965ccfc6d4b" outcome="Passed" testListId="8c84fa94-04c1-424b-9868-57a2d4851a1d" relativeResultsDirectory="0606cab6-0fe5-498b-8342-0790a6f70466">
    </UnitTestResult>
    <UnitTestResult executionId="597b41e0-f4f3-419e-9ad6-0cb0291d5c2b" testId="b81d524b-5fb5-2e72-1747-39c7882c4e2d" testName="UsersServiceMethodLoadShareShouldLoadTheTaskListShares" computerName="BLACKBEAUTY" duration="00:00:00.0023493" startTime="2012-08-31T22:16:53.7223554+01:00" endTime="2012-08-31T22:16:53.7379554+01:00" testType="13cdc9d9-ddb5-4fa4-a97d-d965ccfc6d4b" outcome="Passed" testListId="8c84fa94-04c1-424b-9868-57a2d4851a1d" relativeResultsDirectory="597b41e0-f4f3-419e-9ad6-0cb0291d5c2b">
    </UnitTestResult>
    <UnitTestResult executionId="9ac601b3-1713-4d18-9e75-28b14f3cd6c6" testId="b8b966b4-c265-1627-ba5e-4d3e17d291be" testName="UsersRepositoryGetCallsGetFromTheUnitOfWorkAndReturnsAExistingUser" computerName="BLACKBEAUTY" duration="00:00:00.0023067" startTime="2012-08-31T22:16:53.7379554+01:00" endTime="2012-08-31T22:16:53.7379554+01:00" testType="13cdc9d9-ddb5-4fa4-a97d-d965ccfc6d4b" outcome="Passed" testListId="8c84fa94-04c1-424b-9868-57a2d4851a1d" relativeResultsDirectory="9ac601b3-1713-4d18-9e75-28b14f3cd6c6">
    </UnitTestResult>
    <UnitTestResult executionId="d8baa827-aeea-4482-9e13-75cf01b6c8b5" testId="b9b9c38a-74e2-e207-0c28-3fdf5244ae4b" testName="NotesServiceMethodRemoveShareShouldRemoveAShareFromTheNoteShares" computerName="BLACKBEAUTY" duration="00:00:00.0014805" startTime="2012-08-31T22:16:53.7535554+01:00" endTime="2012-08-31T22:16:53.7535554+01:00" testType="13cdc9d9-ddb5-4fa4-a97d-d965ccfc6d4b" outcome="Passed" testListId="8c84fa94-04c1-424b-9868-57a2d4851a1d" relativeResultsDirectory="d8baa827-aeea-4482-9e13-75cf01b6c8b5">
    </UnitTestResult>
    <UnitTestResult executionId="42ee9a89-bf89-452b-b89e-8f6e2e548f78" testId="c14c078d-036a-ef14-90a0-c1d1a047c940" testName="ANoteWithAllValidPropertiesIsValid" computerName="BLACKBEAUTY" duration="00:00:00.0005242" startTime="2012-08-31T22:16:53.7535554+01:00" endTime="2012-08-31T22:16:53.7535554+01:00" testType="13cdc9d9-ddb5-4fa4-a97d-d965ccfc6d4b" outcome="Passed" testListId="8c84fa94-04c1-424b-9868-57a2d4851a1d" relativeResultsDirectory="42ee9a89-bf89-452b-b89e-8f6e2e548f78">
    </UnitTestResult>
    <UnitTestResult executionId="b59ab2fc-8217-4eee-951a-0748e25948cb" testId="c2a1ec4d-3db1-3ce5-c3f4-62bd1b5521f4" testName="UserServiceMethodParseIdentityProviderShouldParseIdentityProviders" computerName="BLACKBEAUTY" duration="00:00:00.0005638" startTime="2012-08-31T22:16:53.7691554+01:00" endTime="2012-08-31T22:16:53.7691554+01:00" testType="13cdc9d9-ddb5-4fa4-a97d-d965ccfc6d4b" outcome="Passed" testListId="8c84fa94-04c1-424b-9868-57a2d4851a1d" relativeResultsDirectory="b59ab2fc-8217-4eee-951a-0748e25948cb">
    </UnitTestResult>
    <UnitTestResult executionId="9a9b32d6-6100-4fdf-b43c-73840b4bbea3" testId="c6f13921-acfe-5e3f-88bd-0ff970c4a9d6" testName="NotesServiceMethodGetByFilterShouldReturnANote" computerName="BLACKBEAUTY" duration="00:00:00.0084723" startTime="2012-08-31T22:16:53.7847555+01:00" endTime="2012-08-31T22:16:53.8003555+01:00" testType="13cdc9d9-ddb5-4fa4-a97d-d965ccfc6d4b" outcome="Passed" testListId="8c84fa94-04c1-424b-9868-57a2d4851a1d" relativeResultsDirectory="9a9b32d6-6100-4fdf-b43c-73840b4bbea3">
    </UnitTestResult>
    <UnitTestResult executionId="77eac3dc-445e-42bf-8e0f-c5fa73ff1a9d" testId="c6f6cc92-9905-881b-c432-bc390bf4fb00" testName="UsersServiceMethodDeleteShouldDeleteAUser" computerName="BLACKBEAUTY" duration="00:00:00.0012318" startTime="2012-08-31T22:16:53.8003555+01:00" endTime="2012-08-31T22:16:53.8003555+01:00" testType="13cdc9d9-ddb5-4fa4-a97d-d965ccfc6d4b" outcome="Passed" testListId="8c84fa94-04c1-424b-9868-57a2d4851a1d" relativeResultsDirectory="77eac3dc-445e-42bf-8e0f-c5fa73ff1a9d">
    </UnitTestResult>
    <UnitTestResult executionId="78b2fce6-4952-470a-b53a-cf403b5f3cad" testId="c775d00d-9095-a8a9-2433-76c5a0405657" testName="NotesRepositoryRemoveShareCallsDeleteFromTheUnitOfWork" computerName="BLACKBEAUTY" duration="00:00:00.0027029" startTime="2012-08-31T22:16:53.8003555+01:00" endTime="2012-08-31T22:16:53.8159555+01:00" testType="13cdc9d9-ddb5-4fa4-a97d-d965ccfc6d4b" outcome="Passed" testListId="8c84fa94-04c1-424b-9868-57a2d4851a1d" relativeResultsDirectory="78b2fce6-4952-470a-b53a-cf403b5f3cad">
    </UnitTestResult>
    <UnitTestResult executionId="6a1211ea-1e52-4a04-8740-ac304db3aa26" testId="d0098638-c512-c593-36b7-531e29f0d103" testName="TaskListsServiceMethodGetSharedShouldReturnAllTaskListsThatTheUserIsInTheShare" computerName="BLACKBEAUTY" duration="00:00:00.0019198" startTime="2012-08-31T22:16:53.8159555+01:00" endTime="2012-08-31T22:16:53.8315556+01:00" testType="13cdc9d9-ddb5-4fa4-a97d-d965ccfc6d4b" outcome="Passed" testListId="8c84fa94-04c1-424b-9868-57a2d4851a1d" relativeResultsDirectory="6a1211ea-1e52-4a04-8740-ac304db3aa26">
    </UnitTestResult>
    <UnitTestResult executionId="409f706b-2ee7-40f1-b3f8-05e78e0c57ac" testId="d6129223-175a-65cf-54ae-8d91d8e336cb" testName="UsersRepositoryParseIdentityProviderParsesGoogleCorrectly" computerName="BLACKBEAUTY" duration="00:00:00.0002435" startTime="2012-08-31T22:16:53.8315556+01:00" endTime="2012-08-31T22:16:53.8315556+01:00" testType="13cdc9d9-ddb5-4fa4-a97d-d965ccfc6d4b" outcome="Passed" testListId="8c84fa94-04c1-424b-9868-57a2d4851a1d" relativeResultsDirectory="409f706b-2ee7-40f1-b3f8-05e78e0c57ac">
    </UnitTestResult>
    <UnitTestResult executionId="2ff6f5e7-e58d-40d7-a6dd-59f8821231ab" testId="da07899b-e0b9-f639-2145-62f05a55637a" testName="UsersRepositoryUpdateCallsUpdateFromTheUnitOfWork" computerName="BLACKBEAUTY" duration="00:00:00.0016681" startTime="2012-08-31T22:16:53.8315556+01:00" endTime="2012-08-31T22:16:53.8471556+01:00" testType="13cdc9d9-ddb5-4fa4-a97d-d965ccfc6d4b" outcome="Passed" testListId="8c84fa94-04c1-424b-9868-57a2d4851a1d" relativeResultsDirectory="2ff6f5e7-e58d-40d7-a6dd-59f8821231ab">
    </UnitTestResult>
    <UnitTestResult executionId="095b1563-38ce-4eed-a1a1-b5eb957b7357" testId="dd0adaa0-376e-15b3-c394-a4c648706582" testName="NotesServiceMethodCreateShouldCreateANote" computerName="BLACKBEAUTY" duration="00:00:00.0009857" startTime="2012-08-31T22:16:53.8471556+01:00" endTime="2012-08-31T22:16:53.8471556+01:00" testType="13cdc9d9-ddb5-4fa4-a97d-d965ccfc6d4b" outcome="Passed" testListId="8c84fa94-04c1-424b-9868-57a2d4851a1d" relativeResultsDirectory="095b1563-38ce-4eed-a1a1-b5eb957b7357">
    </UnitTestResult>
    <UnitTestResult executionId="dd79bbd4-c933-4fb8-a89c-2c184e6048dc" testId="dda17c2a-e42a-8750-1a67-51ce6b26fe62" testName="UsersServiceMethodIsRegisteredReturnsFalseForANonExistingUser" computerName="BLACKBEAUTY" duration="00:00:00.0005378" startTime="2012-08-31T22:16:53.8471556+01:00" endTime="2012-08-31T22:16:53.8471556+01:00" testType="13cdc9d9-ddb5-4fa4-a97d-d965ccfc6d4b" outcome="Passed" testListId="8c84fa94-04c1-424b-9868-57a2d4851a1d" relativeResultsDirectory="dd79bbd4-c933-4fb8-a89c-2c184e6048dc">
    </UnitTestResult>
    <UnitTestResult executionId="13e91fb2-3ddb-4a6a-a29b-7944737c17f5" testId="e3d8badb-d961-d4d2-2fc7-38832d7198cd" testName="UsersRepositoryLoadNoteOwnerCallsLoadAndGetFromTheUnitOfWork" computerName="BLACKBEAUTY" duration="00:00:00.0023220" startTime="2012-08-31T22:16:53.8627556+01:00" endTime="2012-08-31T22:16:53.8627556+01:00" testType="13cdc9d9-ddb5-4fa4-a97d-d965ccfc6d4b" outcome="Passed" testListId="8c84fa94-04c1-424b-9868-57a2d4851a1d" relativeResultsDirectory="13e91fb2-3ddb-4a6a-a29b-7944737c17f5">
    </UnitTestResult>
    <UnitTestResult executionId="995127fa-6e9f-4554-a328-ae3400a710b1" testId="e50fb009-f8ba-7a74-c650-ecf3691e911d" testName="UsersServiceMethodGetShouldReturnAnExistingUser" computerName="BLACKBEAUTY" duration="00:00:00.0004900" startTime="2012-08-31T22:16:53.8627556+01:00" endTime="2012-08-31T22:16:53.8783556+01:00" testType="13cdc9d9-ddb5-4fa4-a97d-d965ccfc6d4b" outcome="Passed" testListId="8c84fa94-04c1-424b-9868-57a2d4851a1d" relativeResultsDirectory="995127fa-6e9f-4554-a328-ae3400a710b1">
    </UnitTestResult>
    <UnitTestResult executionId="b371fb62-841f-4b25-bb47-7e0759a5e94c" testId="e7bbd4b2-5c95-3563-fc1e-37f3d3d4a55d" testName="AUserWithAnNameThatHasTheCharacterPlusIsInvalid" computerName="BLACKBEAUTY" duration="00:00:00.0003015" startTime="2012-08-31T22:16:53.8783556+01:00" endTime="2012-08-31T22:16:53.8783556+01:00" testType="13cdc9d9-ddb5-4fa4-a97d-d965ccfc6d4b" outcome="Passed" testListId="8c84fa94-04c1-424b-9868-57a2d4851a1d" relativeResultsDirectory="b371fb62-841f-4b25-bb47-7e0759a5e94c">
    </UnitTestResult>
    <UnitTestResult executionId="a03c976b-5d94-488e-aec0-94236d2f0d92" testId="e814db0b-a976-414f-8c66-ad00681e848f" testName="ANoteWithANullOwnerIsInvalid" computerName="BLACKBEAUTY" duration="00:00:00.0004615" startTime="2012-08-31T22:16:53.8783556+01:00" endTime="2012-08-31T22:16:53.8939557+01:00" testType="13cdc9d9-ddb5-4fa4-a97d-d965ccfc6d4b" outcome="Passed" testListId="8c84fa94-04c1-424b-9868-57a2d4851a1d" relativeResultsDirectory="a03c976b-5d94-488e-aec0-94236d2f0d92">
    </UnitTestResult>
    <UnitTestResult executionId="ba74bb12-beb9-404b-ad6e-85b440741a16" testId="eb26e027-d271-7a33-a78e-cf110a291b7f" testName="UsersServiceMethodGetByRowkeyShouldReturnAnExistingUser" computerName="BLACKBEAUTY" duration="00:00:00.0035129" startTime="2012-08-31T22:16:53.8939557+01:00" endTime="2012-08-31T22:16:53.8939557+01:00" testType="13cdc9d9-ddb5-4fa4-a97d-d965ccfc6d4b" outcome="Passed" testListId="8c84fa94-04c1-424b-9868-57a2d4851a1d" relativeResultsDirectory="ba74bb12-beb9-404b-ad6e-85b440741a16">
    </UnitTestResult>
    <UnitTestResult executionId="d56a9dd3-acc3-4b67-a650-07ab0bd92e5e" testId="ec7711e0-6e36-94b0-fa70-9adecfa8a8f1" testName="NotesRepositoryLoadNotesCallsLoadAndGetsFromTheUnitOfWork" computerName="BLACKBEAUTY" duration="00:00:00.0188905" startTime="2012-08-31T22:16:53.8939557+01:00" endTime="2012-08-31T22:16:53.9251557+01:00" testType="13cdc9d9-ddb5-4fa4-a97d-d965ccfc6d4b" outcome="Passed" testListId="8c84fa94-04c1-424b-9868-57a2d4851a1d" relativeResultsDirectory="d56a9dd3-acc3-4b67-a650-07ab0bd92e5e">
    </UnitTestResult>
    <UnitTestResult executionId="d54c3713-9095-4426-beb9-7e614741724c" testId="f15d8008-f42b-2bba-472e-3c1682ecbfbd" testName="UsersServiceMethodLoadShareShouldLoadTheNoteShares" computerName="BLACKBEAUTY" duration="00:00:00.0022354" startTime="2012-08-31T22:16:53.9251557+01:00" endTime="2012-08-31T22:16:53.9407557+01:00" testType="13cdc9d9-ddb5-4fa4-a97d-d965ccfc6d4b" outcome="Passed" testListId="8c84fa94-04c1-424b-9868-57a2d4851a1d" relativeResultsDirectory="d54c3713-9095-4426-beb9-7e614741724c">
    </UnitTestResult>
    <UnitTestResult executionId="9dd48b21-ffef-4f16-a1dd-7827ce037c9a" testId="fd1333a9-bd73-eaaa-f9e7-1e9546344171" testName="TaskListsServiceMethodHasPermissionToEditShouldReturnFalseForAUserNotInTheShare" computerName="BLACKBEAUTY" duration="00:00:00.0005156" startTime="2012-08-31T22:16:53.9407557+01:00" endTime="2012-08-31T22:16:53.9563558+01:00" testType="13cdc9d9-ddb5-4fa4-a97d-d965ccfc6d4b" outcome="Passed" testListId="8c84fa94-04c1-424b-9868-57a2d4851a1d" relativeResultsDirectory="9dd48b21-ffef-4f16-a1dd-7827ce037c9a">
    </UnitTestResult>
    <UnitTestResult executionId="712aa9fe-e40b-4345-b158-a41739bc320f" testId="fd2d9e08-8f5d-4406-828f-63af07dc5bf7" testName="ANoteWithATittleLongerThan10CharactersIsInvalid" computerName="BLACKBEAUTY" duration="00:00:00.0004913" startTime="2012-08-31T22:16:53.9563558+01:00" endTime="2012-08-31T22:16:53.9563558+01:00" testType="13cdc9d9-ddb5-4fa4-a97d-d965ccfc6d4b" outcome="Passed" testListId="8c84fa94-04c1-424b-9868-57a2d4851a1d" relativeResultsDirectory="712aa9fe-e40b-4345-b158-a41739bc320f">
    </UnitTestResult>
    <UnitTestResult executionId="16575959-ead2-486b-a551-a3f5fcc86fb8" testId="fe3768ee-5ae4-68d3-ca82-4c54def2a86c" testName="TaskListsServiceMethodCreateShouldCreateATaskList" computerName="BLACKBEAUTY" duration="00:00:00.0009810" startTime="2012-08-31T22:16:53.9563558+01:00" endTime="2012-08-31T22:16:53.9719558+01:00" testType="13cdc9d9-ddb5-4fa4-a97d-d965ccfc6d4b" outcome="Passed" testListId="8c84fa94-04c1-424b-9868-57a2d4851a1d" relativeResultsDirectory="16575959-ead2-486b-a551-a3f5fcc86fb8">
    </UnitTestResult>
    <UnitTestResult executionId="0bcba5ab-261d-47b9-8921-453b2ed223f5" testId="fecce3eb-38e3-4ca9-5430-fcce974236b4" testName="NotesServiceMethodAddShareShouldAddAUserToTheNoteShares" computerName="BLACKBEAUTY" duration="00:00:00.0011030" startTime="2012-08-31T22:16:53.9719558+01:00" endTime="2012-08-31T22:16:53.9875558+01:00" testType="13cdc9d9-ddb5-4fa4-a97d-d965ccfc6d4b" outcome="Passed" testListId="8c84fa94-04c1-424b-9868-57a2d4851a1d" relativeResultsDirectory="0bcba5ab-261d-47b9-8921-453b2ed223f5">
    </UnitTestResult>
    <UnitTestResult executionId="d3af8b22-10e9-4b2e-972c-dcd6dde30e6c" testId="ffc79e9b-00ea-8cc7-18d0-a502995f20d0" testName="TaskListRepositoryGetCallsGetFromTheUnitOfWorkAndReturnsAnExistingTaskList" computerName="BLACKBEAUTY" duration="00:00:00.0026317" startTime="2012-08-31T22:16:53.9875558+01:00" endTime="2012-08-31T22:16:53.9875558+01:00" testType="13cdc9d9-ddb5-4fa4-a97d-d965ccfc6d4b" outcome="Passed" testListId="8c84fa94-04c1-424b-9868-57a2d4851a1d" relativeResultsDirectory="d3af8b22-10e9-4b2e-972c-dcd6dde30e6c">
    </UnitTestResult>
  </Results>
</TestRun>