<?xml version="1.0" encoding="UTF-8"?>
<TestRun id="af0e75f3-0466-40b7-8c2d-34906e45cb9c" name="Luis@BLACKBEAUTY 2012-07-03 19:21:41" runUser="BlackBeauty\Luis" xmlns="http://microsoft.com/schemas/VisualStudio/TeamTest/2010">
  <TestSettings name="Local" id="a9c45579-508c-4524-9966-e1f8cfbc3e28">
    <Description>These are default test settings for a local test run.</Description>
    <Deployment userDeploymentRoot="D:\Backup CloudNotes\CloudNotes\CloudNotes\TestResults" useDefaultDeploymentRoot="false" enabled="false" runDeploymentRoot="Luis_BLACKBEAUTY 2012-07-03 19_21_41">
      <DeploymentItem filename="D:\Backup CloudNotes\CloudNotes\CloudNotes\CloudNotes.Domain\bin\Debug\CloudNotes.Domain.dll" />
    </Deployment>
    <Execution>
      <TestTypeSpecific />
      <AgentRule name="Execution Agents">
      </AgentRule>
    </Execution>
  </TestSettings>
  <Times creation="2012-07-03T19:21:41.1559933+01:00" queuing="2012-07-03T19:21:41.2269974+01:00" start="2012-07-03T19:21:41.2359979+01:00" finish="2012-07-03T19:21:41.6230200+01:00" />
  <ResultSummary outcome="Completed">
    <Counters total="17" executed="17" passed="17" error="0" failed="0" timeout="0" aborted="0" inconclusive="0" passedButRunAborted="0" notRunnable="0" notExecuted="0" disconnected="0" warning="0" completed="0" inProgress="0" pending="0" />
  </ResultSummary>
  <TestDefinitions>
    <UnitTest name="ANoteWithAnAllWhitespaceContentIsInvalid" storage="d:\backup cloudnotes\cloudnotes\cloudnotes\cloudnotes.tests.domain\bin\debug\cloudnotes.tests.domain.dll" id="00d57f25-d21b-e712-e7ff-b98a3d6f01aa">
      <Execution id="444486c9-0360-4c36-a8f2-387153d9b804" />
      <TestMethod codeBase="D:/Backup CloudNotes/CloudNotes/CloudNotes/CloudNotes.Tests.Domain/bin/Debug/CloudNotes.Tests.Domain.DLL" adapterTypeName="Microsoft.VisualStudio.TestTools.TestTypes.Unit.UnitTestAdapter, Microsoft.VisualStudio.QualityTools.Tips.UnitTest.Adapter, Version=10.0.0.0, Culture=neutral, PublicKeyToken=b03f5f7f11d50a3a" className="CloudNotes.Tests.Domain.DomainTests, CloudNotes.Tests.Domain, Version=1.0.0.0, Culture=neutral, PublicKeyToken=null" name="ANoteWithAnAllWhitespaceContentIsInvalid" />
    </UnitTest>
    <UnitTest name="AUserWithAnAllWhitespaceNameIdentitiferIdentityProviderIsInvalid" storage="d:\backup cloudnotes\cloudnotes\cloudnotes\cloudnotes.tests.domain\bin\debug\cloudnotes.tests.domain.dll" id="7b077f22-22e9-49cd-daef-17e3a82a58b9">
      <Execution id="6e5e63bb-e11e-4497-821c-1c1bf84f0fe7" />
      <TestMethod codeBase="D:/Backup CloudNotes/CloudNotes/CloudNotes/CloudNotes.Tests.Domain/bin/Debug/CloudNotes.Tests.Domain.DLL" adapterTypeName="Microsoft.VisualStudio.TestTools.TestTypes.Unit.UnitTestAdapter, Microsoft.VisualStudio.QualityTools.Tips.UnitTest.Adapter, Version=10.0.0.0, Culture=neutral, PublicKeyToken=b03f5f7f11d50a3a" className="CloudNotes.Tests.Domain.DomainTests, CloudNotes.Tests.Domain, Version=1.0.0.0, Culture=neutral, PublicKeyToken=null" name="AUserWithAnAllWhitespaceNameIdentitiferIdentityProviderIsInvalid" />
    </UnitTest>
    <UnitTest name="ANoteWithAnEmptyContentIsInvalid" storage="d:\backup cloudnotes\cloudnotes\cloudnotes\cloudnotes.tests.domain\bin\debug\cloudnotes.tests.domain.dll" id="852657b0-510e-88d6-c043-399bc17187ed">
      <Execution id="83a10d09-7aa9-4984-8a71-d574c383997e" />
      <TestMethod codeBase="D:/Backup CloudNotes/CloudNotes/CloudNotes/CloudNotes.Tests.Domain/bin/Debug/CloudNotes.Tests.Domain.DLL" adapterTypeName="Microsoft.VisualStudio.TestTools.TestTypes.Unit.UnitTestAdapter, Microsoft.VisualStudio.QualityTools.Tips.UnitTest.Adapter, Version=10.0.0.0, Culture=neutral, PublicKeyToken=b03f5f7f11d50a3a" className="CloudNotes.Tests.Domain.DomainTests, CloudNotes.Tests.Domain, Version=1.0.0.0, Culture=neutral, PublicKeyToken=null" name="ANoteWithAnEmptyContentIsInvalid" />
    </UnitTest>
    <UnitTest name="AUserWithAValidEmailIsValid" storage="d:\backup cloudnotes\cloudnotes\cloudnotes\cloudnotes.tests.domain\bin\debug\cloudnotes.tests.domain.dll" id="7d09f543-4324-80a8-54ae-156dcda31038">
      <Execution id="82d1a132-2bde-4e2c-b450-21f34488854e" />
      <TestMethod codeBase="D:/Backup CloudNotes/CloudNotes/CloudNotes/CloudNotes.Tests.Domain/bin/Debug/CloudNotes.Tests.Domain.DLL" adapterTypeName="Microsoft.VisualStudio.TestTools.TestTypes.Unit.UnitTestAdapter, Microsoft.VisualStudio.QualityTools.Tips.UnitTest.Adapter, Version=10.0.0.0, Culture=neutral, PublicKeyToken=b03f5f7f11d50a3a" className="CloudNotes.Tests.Domain.DomainTests, CloudNotes.Tests.Domain, Version=1.0.0.0, Culture=neutral, PublicKeyToken=null" name="AUserWithAValidEmailIsValid" />
    </UnitTest>
    <UnitTest name="ANoteWithAnAllWhitespaceTittleIsInvalid" storage="d:\backup cloudnotes\cloudnotes\cloudnotes\cloudnotes.tests.domain\bin\debug\cloudnotes.tests.domain.dll" id="07851a54-f9f2-0370-ef52-acf62480dca3">
      <Execution id="933dd009-9302-4a4c-ab17-6f76d0d8c0b4" />
      <TestMethod codeBase="D:/Backup CloudNotes/CloudNotes/CloudNotes/CloudNotes.Tests.Domain/bin/Debug/CloudNotes.Tests.Domain.DLL" adapterTypeName="Microsoft.VisualStudio.TestTools.TestTypes.Unit.UnitTestAdapter, Microsoft.VisualStudio.QualityTools.Tips.UnitTest.Adapter, Version=10.0.0.0, Culture=neutral, PublicKeyToken=b03f5f7f11d50a3a" className="CloudNotes.Tests.Domain.DomainTests, CloudNotes.Tests.Domain, Version=1.0.0.0, Culture=neutral, PublicKeyToken=null" name="ANoteWithAnAllWhitespaceTittleIsInvalid" />
    </UnitTest>
    <UnitTest name="ANoteWithATittleLongerThan20CharactersIsInvalid" storage="d:\backup cloudnotes\cloudnotes\cloudnotes\cloudnotes.tests.domain\bin\debug\cloudnotes.tests.domain.dll" id="0ce8d206-0c8a-8c5e-6c07-1fff93fda8b9">
      <Execution id="5872a7b7-731c-40c3-b30b-bb67230df12c" />
      <TestMethod codeBase="D:/Backup CloudNotes/CloudNotes/CloudNotes/CloudNotes.Tests.Domain/bin/Debug/CloudNotes.Tests.Domain.DLL" adapterTypeName="Microsoft.VisualStudio.TestTools.TestTypes.Unit.UnitTestAdapter, Microsoft.VisualStudio.QualityTools.Tips.UnitTest.Adapter, Version=10.0.0.0, Culture=neutral, PublicKeyToken=b03f5f7f11d50a3a" className="CloudNotes.Tests.Domain.DomainTests, CloudNotes.Tests.Domain, Version=1.0.0.0, Culture=neutral, PublicKeyToken=null" name="ANoteWithATittleLongerThan20CharactersIsInvalid" />
    </UnitTest>
    <UnitTest name="ANoteWithANullContainerListIsInvalid" storage="d:\backup cloudnotes\cloudnotes\cloudnotes\cloudnotes.tests.domain\bin\debug\cloudnotes.tests.domain.dll" id="2096f5a0-1903-5db2-2c40-833b3a14e68d">
      <Execution id="c7568076-c966-46f0-8e3c-4ff6766cebfc" />
      <TestMethod codeBase="D:/Backup CloudNotes/CloudNotes/CloudNotes/CloudNotes.Tests.Domain/bin/Debug/CloudNotes.Tests.Domain.DLL" adapterTypeName="Microsoft.VisualStudio.TestTools.TestTypes.Unit.UnitTestAdapter, Microsoft.VisualStudio.QualityTools.Tips.UnitTest.Adapter, Version=10.0.0.0, Culture=neutral, PublicKeyToken=b03f5f7f11d50a3a" className="CloudNotes.Tests.Domain.DomainTests, CloudNotes.Tests.Domain, Version=1.0.0.0, Culture=neutral, PublicKeyToken=null" name="ANoteWithANullContainerListIsInvalid" />
    </UnitTest>
    <UnitTest name="ATaskListWithAnEmptyTittleIsInvalid" storage="d:\backup cloudnotes\cloudnotes\cloudnotes\cloudnotes.tests.domain\bin\debug\cloudnotes.tests.domain.dll" id="b0f72c88-e8e6-d5ef-9b19-7fed7babeddb">
      <Execution id="151bfaef-aec1-45d3-bcac-aeac424fc685" />
      <TestMethod codeBase="D:/Backup CloudNotes/CloudNotes/CloudNotes/CloudNotes.Tests.Domain/bin/Debug/CloudNotes.Tests.Domain.DLL" adapterTypeName="Microsoft.VisualStudio.TestTools.TestTypes.Unit.UnitTestAdapter, Microsoft.VisualStudio.QualityTools.Tips.UnitTest.Adapter, Version=10.0.0.0, Culture=neutral, PublicKeyToken=b03f5f7f11d50a3a" className="CloudNotes.Tests.Domain.DomainTests, CloudNotes.Tests.Domain, Version=1.0.0.0, Culture=neutral, PublicKeyToken=null" name="ATaskListWithAnEmptyTittleIsInvalid" />
    </UnitTest>
    <UnitTest name="ANoteWithAnEmptyTittleIsInvalid" storage="d:\backup cloudnotes\cloudnotes\cloudnotes\cloudnotes.tests.domain\bin\debug\cloudnotes.tests.domain.dll" id="157b3a3d-66d6-d440-327f-479b45016df4">
      <Execution id="6c3e9dbd-c5b9-4fe8-ac42-85c5e67d2209" />
      <TestMethod codeBase="D:/Backup CloudNotes/CloudNotes/CloudNotes/CloudNotes.Tests.Domain/bin/Debug/CloudNotes.Tests.Domain.DLL" adapterTypeName="Microsoft.VisualStudio.TestTools.TestTypes.Unit.UnitTestAdapter, Microsoft.VisualStudio.QualityTools.Tips.UnitTest.Adapter, Version=10.0.0.0, Culture=neutral, PublicKeyToken=b03f5f7f11d50a3a" className="CloudNotes.Tests.Domain.DomainTests, CloudNotes.Tests.Domain, Version=1.0.0.0, Culture=neutral, PublicKeyToken=null" name="ANoteWithAnEmptyTittleIsInvalid" />
    </UnitTest>
    <UnitTest name="ATaskListWithAllPropertiesValidIsValid" storage="d:\backup cloudnotes\cloudnotes\cloudnotes\cloudnotes.tests.domain\bin\debug\cloudnotes.tests.domain.dll" id="71f98d0e-df98-5602-5fd6-919d9101bb93">
      <Execution id="e83f7157-7e10-426e-8a71-06f991e273d8" />
      <TestMethod codeBase="D:/Backup CloudNotes/CloudNotes/CloudNotes/CloudNotes.Tests.Domain/bin/Debug/CloudNotes.Tests.Domain.DLL" adapterTypeName="Microsoft.VisualStudio.TestTools.TestTypes.Unit.UnitTestAdapter, Microsoft.VisualStudio.QualityTools.Tips.UnitTest.Adapter, Version=10.0.0.0, Culture=neutral, PublicKeyToken=b03f5f7f11d50a3a" className="CloudNotes.Tests.Domain.DomainTests, CloudNotes.Tests.Domain, Version=1.0.0.0, Culture=neutral, PublicKeyToken=null" name="ATaskListWithAllPropertiesValidIsValid" />
    </UnitTest>
    <UnitTest name="AUserWithAnEmptyNameIdentitiferIdentityProviderIsInvalid" storage="d:\backup cloudnotes\cloudnotes\cloudnotes\cloudnotes.tests.domain\bin\debug\cloudnotes.tests.domain.dll" id="a68d91f7-6467-c9ba-3630-f5f8421f5b40">
      <Execution id="1c61e37c-2a2d-4b94-81db-848e82b9aead" />
      <TestMethod codeBase="D:/Backup CloudNotes/CloudNotes/CloudNotes/CloudNotes.Tests.Domain/bin/Debug/CloudNotes.Tests.Domain.DLL" adapterTypeName="Microsoft.VisualStudio.TestTools.TestTypes.Unit.UnitTestAdapter, Microsoft.VisualStudio.QualityTools.Tips.UnitTest.Adapter, Version=10.0.0.0, Culture=neutral, PublicKeyToken=b03f5f7f11d50a3a" className="CloudNotes.Tests.Domain.DomainTests, CloudNotes.Tests.Domain, Version=1.0.0.0, Culture=neutral, PublicKeyToken=null" name="AUserWithAnEmptyNameIdentitiferIdentityProviderIsInvalid" />
    </UnitTest>
    <UnitTest name="ANoteWithANullOwnerIsInvalid" storage="d:\backup cloudnotes\cloudnotes\cloudnotes\cloudnotes.tests.domain\bin\debug\cloudnotes.tests.domain.dll" id="e814db0b-a976-414f-8c66-ad00681e848f">
      <Execution id="d8179f39-e89e-4d1d-ac1c-588c27cd1c34" />
      <TestMethod codeBase="D:/Backup CloudNotes/CloudNotes/CloudNotes/CloudNotes.Tests.Domain/bin/Debug/CloudNotes.Tests.Domain.DLL" adapterTypeName="Microsoft.VisualStudio.TestTools.TestTypes.Unit.UnitTestAdapter, Microsoft.VisualStudio.QualityTools.Tips.UnitTest.Adapter, Version=10.0.0.0, Culture=neutral, PublicKeyToken=b03f5f7f11d50a3a" className="CloudNotes.Tests.Domain.DomainTests, CloudNotes.Tests.Domain, Version=1.0.0.0, Culture=neutral, PublicKeyToken=null" name="ANoteWithANullOwnerIsInvalid" />
    </UnitTest>
    <UnitTest name="ANoteWithContentLongerThan50CharactersIsInvalid" storage="d:\backup cloudnotes\cloudnotes\cloudnotes\cloudnotes.tests.domain\bin\debug\cloudnotes.tests.domain.dll" id="7a009e26-62e5-1f69-5cdb-854dc672f6ae">
      <Execution id="bba490e8-a102-4b68-9da1-0ad11ea07bfc" />
      <TestMethod codeBase="D:/Backup CloudNotes/CloudNotes/CloudNotes/CloudNotes.Tests.Domain/bin/Debug/CloudNotes.Tests.Domain.DLL" adapterTypeName="Microsoft.VisualStudio.TestTools.TestTypes.Unit.UnitTestAdapter, Microsoft.VisualStudio.QualityTools.Tips.UnitTest.Adapter, Version=10.0.0.0, Culture=neutral, PublicKeyToken=b03f5f7f11d50a3a" className="CloudNotes.Tests.Domain.DomainTests, CloudNotes.Tests.Domain, Version=1.0.0.0, Culture=neutral, PublicKeyToken=null" name="ANoteWithContentLongerThan50CharactersIsInvalid" />
    </UnitTest>
    <UnitTest name="ANoteWithAllValidPropertiesIsValid" storage="d:\backup cloudnotes\cloudnotes\cloudnotes\cloudnotes.tests.domain\bin\debug\cloudnotes.tests.domain.dll" id="c14c078d-036a-ef14-90a0-c1d1a047c940">
      <Execution id="baaa2fa6-ef32-42fc-adf1-ecb72d6ae671" />
      <TestMethod codeBase="D:/Backup CloudNotes/CloudNotes/CloudNotes/CloudNotes.Tests.Domain/bin/Debug/CloudNotes.Tests.Domain.DLL" adapterTypeName="Microsoft.VisualStudio.TestTools.TestTypes.Unit.UnitTestAdapter, Microsoft.VisualStudio.QualityTools.Tips.UnitTest.Adapter, Version=10.0.0.0, Culture=neutral, PublicKeyToken=b03f5f7f11d50a3a" className="CloudNotes.Tests.Domain.DomainTests, CloudNotes.Tests.Domain, Version=1.0.0.0, Culture=neutral, PublicKeyToken=null" name="ANoteWithAllValidPropertiesIsValid" />
    </UnitTest>
    <UnitTest name="AUserWithAnInvalidEmailIsInvalid" storage="d:\backup cloudnotes\cloudnotes\cloudnotes\cloudnotes.tests.domain\bin\debug\cloudnotes.tests.domain.dll" id="68595d26-57a1-321d-c72e-7ab1ba9f7821">
      <Execution id="08bc1fd0-acb9-4944-808e-8d9a2eb515a3" />
      <TestMethod codeBase="D:/Backup CloudNotes/CloudNotes/CloudNotes/CloudNotes.Tests.Domain/bin/Debug/CloudNotes.Tests.Domain.DLL" adapterTypeName="Microsoft.VisualStudio.TestTools.TestTypes.Unit.UnitTestAdapter, Microsoft.VisualStudio.QualityTools.Tips.UnitTest.Adapter, Version=10.0.0.0, Culture=neutral, PublicKeyToken=b03f5f7f11d50a3a" className="CloudNotes.Tests.Domain.DomainTests, CloudNotes.Tests.Domain, Version=1.0.0.0, Culture=neutral, PublicKeyToken=null" name="AUserWithAnInvalidEmailIsInvalid" />
    </UnitTest>
    <UnitTest name="ATaskListWithAnAllWhitespaceTittleIsInvalid" storage="d:\backup cloudnotes\cloudnotes\cloudnotes\cloudnotes.tests.domain\bin\debug\cloudnotes.tests.domain.dll" id="a92d683e-6db6-da08-1853-c0e53902a155">
      <Execution id="c50d9ec6-99c1-4533-bb32-fe7fd6ced039" />
      <TestMethod codeBase="D:/Backup CloudNotes/CloudNotes/CloudNotes/CloudNotes.Tests.Domain/bin/Debug/CloudNotes.Tests.Domain.DLL" adapterTypeName="Microsoft.VisualStudio.TestTools.TestTypes.Unit.UnitTestAdapter, Microsoft.VisualStudio.QualityTools.Tips.UnitTest.Adapter, Version=10.0.0.0, Culture=neutral, PublicKeyToken=b03f5f7f11d50a3a" className="CloudNotes.Tests.Domain.DomainTests, CloudNotes.Tests.Domain, Version=1.0.0.0, Culture=neutral, PublicKeyToken=null" name="ATaskListWithAnAllWhitespaceTittleIsInvalid" />
    </UnitTest>
    <UnitTest name="ATaskListWithATittleLongerThan20CharactersIsInvalid" storage="d:\backup cloudnotes\cloudnotes\cloudnotes\cloudnotes.tests.domain\bin\debug\cloudnotes.tests.domain.dll" id="14c0b5c2-e01e-d3c7-468e-9874da6b0406">
      <Execution id="b4053dd8-c660-4bab-ae61-8baedd48a6cf" />
      <TestMethod codeBase="D:/Backup CloudNotes/CloudNotes/CloudNotes/CloudNotes.Tests.Domain/bin/Debug/CloudNotes.Tests.Domain.DLL" adapterTypeName="Microsoft.VisualStudio.TestTools.TestTypes.Unit.UnitTestAdapter, Microsoft.VisualStudio.QualityTools.Tips.UnitTest.Adapter, Version=10.0.0.0, Culture=neutral, PublicKeyToken=b03f5f7f11d50a3a" className="CloudNotes.Tests.Domain.DomainTests, CloudNotes.Tests.Domain, Version=1.0.0.0, Culture=neutral, PublicKeyToken=null" name="ATaskListWithATittleLongerThan20CharactersIsInvalid" />
    </UnitTest>
  </TestDefinitions>
  <TestLists>
    <TestList name="Results Not in a List" id="8c84fa94-04c1-424b-9868-57a2d4851a1d" />
    <TestList name="All Loaded Results" id="19431567-8539-422a-85d7-44ee4e166bda" />
  </TestLists>
  <TestEntries>
    <TestEntry testId="00d57f25-d21b-e712-e7ff-b98a3d6f01aa" executionId="444486c9-0360-4c36-a8f2-387153d9b804" testListId="8c84fa94-04c1-424b-9868-57a2d4851a1d" />
    <TestEntry testId="07851a54-f9f2-0370-ef52-acf62480dca3" executionId="933dd009-9302-4a4c-ab17-6f76d0d8c0b4" testListId="8c84fa94-04c1-424b-9868-57a2d4851a1d" />
    <TestEntry testId="0ce8d206-0c8a-8c5e-6c07-1fff93fda8b9" executionId="5872a7b7-731c-40c3-b30b-bb67230df12c" testListId="8c84fa94-04c1-424b-9868-57a2d4851a1d" />
    <TestEntry testId="14c0b5c2-e01e-d3c7-468e-9874da6b0406" executionId="b4053dd8-c660-4bab-ae61-8baedd48a6cf" testListId="8c84fa94-04c1-424b-9868-57a2d4851a1d" />
    <TestEntry testId="157b3a3d-66d6-d440-327f-479b45016df4" executionId="6c3e9dbd-c5b9-4fe8-ac42-85c5e67d2209" testListId="8c84fa94-04c1-424b-9868-57a2d4851a1d" />
    <TestEntry testId="2096f5a0-1903-5db2-2c40-833b3a14e68d" executionId="c7568076-c966-46f0-8e3c-4ff6766cebfc" testListId="8c84fa94-04c1-424b-9868-57a2d4851a1d" />
    <TestEntry testId="68595d26-57a1-321d-c72e-7ab1ba9f7821" executionId="08bc1fd0-acb9-4944-808e-8d9a2eb515a3" testListId="8c84fa94-04c1-424b-9868-57a2d4851a1d" />
    <TestEntry testId="71f98d0e-df98-5602-5fd6-919d9101bb93" executionId="e83f7157-7e10-426e-8a71-06f991e273d8" testListId="8c84fa94-04c1-424b-9868-57a2d4851a1d" />
    <TestEntry testId="7a009e26-62e5-1f69-5cdb-854dc672f6ae" executionId="bba490e8-a102-4b68-9da1-0ad11ea07bfc" testListId="8c84fa94-04c1-424b-9868-57a2d4851a1d" />
    <TestEntry testId="7b077f22-22e9-49cd-daef-17e3a82a58b9" executionId="6e5e63bb-e11e-4497-821c-1c1bf84f0fe7" testListId="8c84fa94-04c1-424b-9868-57a2d4851a1d" />
    <TestEntry testId="7d09f543-4324-80a8-54ae-156dcda31038" executionId="82d1a132-2bde-4e2c-b450-21f34488854e" testListId="8c84fa94-04c1-424b-9868-57a2d4851a1d" />
    <TestEntry testId="852657b0-510e-88d6-c043-399bc17187ed" executionId="83a10d09-7aa9-4984-8a71-d574c383997e" testListId="8c84fa94-04c1-424b-9868-57a2d4851a1d" />
    <TestEntry testId="a68d91f7-6467-c9ba-3630-f5f8421f5b40" executionId="1c61e37c-2a2d-4b94-81db-848e82b9aead" testListId="8c84fa94-04c1-424b-9868-57a2d4851a1d" />
    <TestEntry testId="a92d683e-6db6-da08-1853-c0e53902a155" executionId="c50d9ec6-99c1-4533-bb32-fe7fd6ced039" testListId="8c84fa94-04c1-424b-9868-57a2d4851a1d" />
    <TestEntry testId="b0f72c88-e8e6-d5ef-9b19-7fed7babeddb" executionId="151bfaef-aec1-45d3-bcac-aeac424fc685" testListId="8c84fa94-04c1-424b-9868-57a2d4851a1d" />
    <TestEntry testId="c14c078d-036a-ef14-90a0-c1d1a047c940" executionId="baaa2fa6-ef32-42fc-adf1-ecb72d6ae671" testListId="8c84fa94-04c1-424b-9868-57a2d4851a1d" />
    <TestEntry testId="e814db0b-a976-414f-8c66-ad00681e848f" executionId="d8179f39-e89e-4d1d-ac1c-588c27cd1c34" testListId="8c84fa94-04c1-424b-9868-57a2d4851a1d" />
  </TestEntries>
  <Results>
    <UnitTestResult executionId="444486c9-0360-4c36-a8f2-387153d9b804" testId="00d57f25-d21b-e712-e7ff-b98a3d6f01aa" testName="ANoteWithAnAllWhitespaceContentIsInvalid" computerName="BLACKBEAUTY" duration="00:00:00.0277244" startTime="2012-07-03T19:21:41.2369980+01:00" endTime="2012-07-03T19:21:41.5180140+01:00" testType="13cdc9d9-ddb5-4fa4-a97d-d965ccfc6d4b" outcome="Passed" testListId="8c84fa94-04c1-424b-9868-57a2d4851a1d" relativeResultsDirectory="444486c9-0360-4c36-a8f2-387153d9b804">
    </UnitTestResult>
    <UnitTestResult executionId="933dd009-9302-4a4c-ab17-6f76d0d8c0b4" testId="07851a54-f9f2-0370-ef52-acf62480dca3" testName="ANoteWithAnAllWhitespaceTittleIsInvalid" computerName="BLACKBEAUTY" duration="00:00:00.0003288" startTime="2012-07-03T19:21:41.5200141+01:00" endTime="2012-07-03T19:21:41.5230143+01:00" testType="13cdc9d9-ddb5-4fa4-a97d-d965ccfc6d4b" outcome="Passed" testListId="8c84fa94-04c1-424b-9868-57a2d4851a1d" relativeResultsDirectory="933dd009-9302-4a4c-ab17-6f76d0d8c0b4">
    </UnitTestResult>
    <UnitTestResult executionId="5872a7b7-731c-40c3-b30b-bb67230df12c" testId="0ce8d206-0c8a-8c5e-6c07-1fff93fda8b9" testName="ANoteWithATittleLongerThan20CharactersIsInvalid" computerName="BLACKBEAUTY" duration="00:00:00.0003028" startTime="2012-07-03T19:21:41.5270145+01:00" endTime="2012-07-03T19:21:41.5300147+01:00" testType="13cdc9d9-ddb5-4fa4-a97d-d965ccfc6d4b" outcome="Passed" testListId="8c84fa94-04c1-424b-9868-57a2d4851a1d" relativeResultsDirectory="5872a7b7-731c-40c3-b30b-bb67230df12c">
    </UnitTestResult>
    <UnitTestResult executionId="b4053dd8-c660-4bab-ae61-8baedd48a6cf" testId="14c0b5c2-e01e-d3c7-468e-9874da6b0406" testName="ATaskListWithATittleLongerThan20CharactersIsInvalid" computerName="BLACKBEAUTY" duration="00:00:00.0020042" startTime="2012-07-03T19:21:41.5320148+01:00" endTime="2012-07-03T19:21:41.5360151+01:00" testType="13cdc9d9-ddb5-4fa4-a97d-d965ccfc6d4b" outcome="Passed" testListId="8c84fa94-04c1-424b-9868-57a2d4851a1d" relativeResultsDirectory="b4053dd8-c660-4bab-ae61-8baedd48a6cf">
    </UnitTestResult>
    <UnitTestResult executionId="6c3e9dbd-c5b9-4fe8-ac42-85c5e67d2209" testId="157b3a3d-66d6-d440-327f-479b45016df4" testName="ANoteWithAnEmptyTittleIsInvalid" computerName="BLACKBEAUTY" duration="00:00:00.0002891" startTime="2012-07-03T19:21:41.5380152+01:00" endTime="2012-07-03T19:21:41.5410153+01:00" testType="13cdc9d9-ddb5-4fa4-a97d-d965ccfc6d4b" outcome="Passed" testListId="8c84fa94-04c1-424b-9868-57a2d4851a1d" relativeResultsDirectory="6c3e9dbd-c5b9-4fe8-ac42-85c5e67d2209">
    </UnitTestResult>
    <UnitTestResult executionId="c7568076-c966-46f0-8e3c-4ff6766cebfc" testId="2096f5a0-1903-5db2-2c40-833b3a14e68d" testName="ANoteWithANullContainerListIsInvalid" computerName="BLACKBEAUTY" duration="00:00:00.0003152" startTime="2012-07-03T19:21:41.5420154+01:00" endTime="2012-07-03T19:21:41.5460156+01:00" testType="13cdc9d9-ddb5-4fa4-a97d-d965ccfc6d4b" outcome="Passed" testListId="8c84fa94-04c1-424b-9868-57a2d4851a1d" relativeResultsDirectory="c7568076-c966-46f0-8e3c-4ff6766cebfc">
    </UnitTestResult>
    <UnitTestResult executionId="08bc1fd0-acb9-4944-808e-8d9a2eb515a3" testId="68595d26-57a1-321d-c72e-7ab1ba9f7821" testName="AUserWithAnInvalidEmailIsInvalid" computerName="BLACKBEAUTY" duration="00:00:00.0021906" startTime="2012-07-03T19:21:41.5480157+01:00" endTime="2012-07-03T19:21:41.5530160+01:00" testType="13cdc9d9-ddb5-4fa4-a97d-d965ccfc6d4b" outcome="Passed" testListId="8c84fa94-04c1-424b-9868-57a2d4851a1d" relativeResultsDirectory="08bc1fd0-acb9-4944-808e-8d9a2eb515a3">
    </UnitTestResult>
    <UnitTestResult executionId="e83f7157-7e10-426e-8a71-06f991e273d8" testId="71f98d0e-df98-5602-5fd6-919d9101bb93" testName="ATaskListWithAllPropertiesValidIsValid" computerName="BLACKBEAUTY" duration="00:00:00.0002742" startTime="2012-07-03T19:21:41.5550161+01:00" endTime="2012-07-03T19:21:41.5580163+01:00" testType="13cdc9d9-ddb5-4fa4-a97d-d965ccfc6d4b" outcome="Passed" testListId="8c84fa94-04c1-424b-9868-57a2d4851a1d" relativeResultsDirectory="e83f7157-7e10-426e-8a71-06f991e273d8">
    </UnitTestResult>
    <UnitTestResult executionId="bba490e8-a102-4b68-9da1-0ad11ea07bfc" testId="7a009e26-62e5-1f69-5cdb-854dc672f6ae" testName="ANoteWithContentLongerThan50CharactersIsInvalid" computerName="BLACKBEAUTY" duration="00:00:00.0002708" startTime="2012-07-03T19:21:41.5590164+01:00" endTime="2012-07-03T19:21:41.5620165+01:00" testType="13cdc9d9-ddb5-4fa4-a97d-d965ccfc6d4b" outcome="Passed" testListId="8c84fa94-04c1-424b-9868-57a2d4851a1d" relativeResultsDirectory="bba490e8-a102-4b68-9da1-0ad11ea07bfc">
    </UnitTestResult>
    <UnitTestResult executionId="6e5e63bb-e11e-4497-821c-1c1bf84f0fe7" testId="7b077f22-22e9-49cd-daef-17e3a82a58b9" testName="AUserWithAnAllWhitespaceNameIdentitiferIdentityProviderIsInvalid" computerName="BLACKBEAUTY" duration="00:00:00.0002682" startTime="2012-07-03T19:21:41.5630166+01:00" endTime="2012-07-03T19:21:41.5660168+01:00" testType="13cdc9d9-ddb5-4fa4-a97d-d965ccfc6d4b" outcome="Passed" testListId="8c84fa94-04c1-424b-9868-57a2d4851a1d" relativeResultsDirectory="6e5e63bb-e11e-4497-821c-1c1bf84f0fe7">
    </UnitTestResult>
    <UnitTestResult executionId="82d1a132-2bde-4e2c-b450-21f34488854e" testId="7d09f543-4324-80a8-54ae-156dcda31038" testName="AUserWithAValidEmailIsValid" computerName="BLACKBEAUTY" duration="00:00:00.0002998" startTime="2012-07-03T19:21:41.5680169+01:00" endTime="2012-07-03T19:21:41.5710171+01:00" testType="13cdc9d9-ddb5-4fa4-a97d-d965ccfc6d4b" outcome="Passed" testListId="8c84fa94-04c1-424b-9868-57a2d4851a1d" relativeResultsDirectory="82d1a132-2bde-4e2c-b450-21f34488854e">
    </UnitTestResult>
    <UnitTestResult executionId="83a10d09-7aa9-4984-8a71-d574c383997e" testId="852657b0-510e-88d6-c043-399bc17187ed" testName="ANoteWithAnEmptyContentIsInvalid" computerName="BLACKBEAUTY" duration="00:00:00.0002891" startTime="2012-07-03T19:21:41.5720171+01:00" endTime="2012-07-03T19:21:41.5740172+01:00" testType="13cdc9d9-ddb5-4fa4-a97d-d965ccfc6d4b" outcome="Passed" testListId="8c84fa94-04c1-424b-9868-57a2d4851a1d" relativeResultsDirectory="83a10d09-7aa9-4984-8a71-d574c383997e">
    </UnitTestResult>
    <UnitTestResult executionId="1c61e37c-2a2d-4b94-81db-848e82b9aead" testId="a68d91f7-6467-c9ba-3630-f5f8421f5b40" testName="AUserWithAnEmptyNameIdentitiferIdentityProviderIsInvalid" computerName="BLACKBEAUTY" duration="00:00:00.0002661" startTime="2012-07-03T19:21:41.5750173+01:00" endTime="2012-07-03T19:21:41.5780175+01:00" testType="13cdc9d9-ddb5-4fa4-a97d-d965ccfc6d4b" outcome="Passed" testListId="8c84fa94-04c1-424b-9868-57a2d4851a1d" relativeResultsDirectory="1c61e37c-2a2d-4b94-81db-848e82b9aead">
    </UnitTestResult>
    <UnitTestResult executionId="c50d9ec6-99c1-4533-bb32-fe7fd6ced039" testId="a92d683e-6db6-da08-1853-c0e53902a155" testName="ATaskListWithAnAllWhitespaceTittleIsInvalid" computerName="BLACKBEAUTY" duration="00:00:00.0003083" startTime="2012-07-03T19:21:41.5790175+01:00" endTime="2012-07-03T19:21:41.5830177+01:00" testType="13cdc9d9-ddb5-4fa4-a97d-d965ccfc6d4b" outcome="Passed" testListId="8c84fa94-04c1-424b-9868-57a2d4851a1d" relativeResultsDirectory="c50d9ec6-99c1-4533-bb32-fe7fd6ced039">
    </UnitTestResult>
    <UnitTestResult executionId="151bfaef-aec1-45d3-bcac-aeac424fc685" testId="b0f72c88-e8e6-d5ef-9b19-7fed7babeddb" testName="ATaskListWithAnEmptyTittleIsInvalid" computerName="BLACKBEAUTY" duration="00:00:00.0003015" startTime="2012-07-03T19:21:41.5840178+01:00" endTime="2012-07-03T19:21:41.5870180+01:00" testType="13cdc9d9-ddb5-4fa4-a97d-d965ccfc6d4b" outcome="Passed" testListId="8c84fa94-04c1-424b-9868-57a2d4851a1d" relativeResultsDirectory="151bfaef-aec1-45d3-bcac-aeac424fc685">
    </UnitTestResult>
    <UnitTestResult executionId="baaa2fa6-ef32-42fc-adf1-ecb72d6ae671" testId="c14c078d-036a-ef14-90a0-c1d1a047c940" testName="ANoteWithAllValidPropertiesIsValid" computerName="BLACKBEAUTY" duration="00:00:00.0002781" startTime="2012-07-03T19:21:41.5880180+01:00" endTime="2012-07-03T19:21:41.5910182+01:00" testType="13cdc9d9-ddb5-4fa4-a97d-d965ccfc6d4b" outcome="Passed" testListId="8c84fa94-04c1-424b-9868-57a2d4851a1d" relativeResultsDirectory="baaa2fa6-ef32-42fc-adf1-ecb72d6ae671">
    </UnitTestResult>
    <UnitTestResult executionId="d8179f39-e89e-4d1d-ac1c-588c27cd1c34" testId="e814db0b-a976-414f-8c66-ad00681e848f" testName="ANoteWithANullOwnerIsInvalid" computerName="BLACKBEAUTY" duration="00:00:00.0004768" startTime="2012-07-03T19:21:41.5920183+01:00" endTime="2012-07-03T19:21:41.5960185+01:00" testType="13cdc9d9-ddb5-4fa4-a97d-d965ccfc6d4b" outcome="Passed" testListId="8c84fa94-04c1-424b-9868-57a2d4851a1d" relativeResultsDirectory="d8179f39-e89e-4d1d-ac1c-588c27cd1c34">
    </UnitTestResult>
  </Results>
</TestRun>