<?xml version="1.0" encoding="UTF-8"?>
<TestRun id="7b297c51-34b9-4095-938c-76f387691aa5" name="Luis@BLACKBEAUTY 2012-07-08 16:54:16" runUser="BlackBeauty\Luis" xmlns="http://microsoft.com/schemas/VisualStudio/TeamTest/2010">
  <TestSettings name="Local" id="a9c45579-508c-4524-9966-e1f8cfbc3e28">
    <Description>These are default test settings for a local test run.</Description>
    <Deployment runDeploymentRoot="Luis_BLACKBEAUTY 2012-07-08 16_54_16">
      <DeploymentItem filename="D:\PROMPT11-10-CloudComputing\CloudNotes\CloudNotes.Domain\bin\Debug\CloudNotes.Domain.dll" />
    </Deployment>
    <Execution>
      <TestTypeSpecific>
        <UnitTestRunConfig testTypeId="13cdc9d9-ddb5-4fa4-a97d-d965ccfc6d4b">
          <AssemblyResolution>
            <TestDirectory useLoadContext="true" />
          </AssemblyResolution>
        </UnitTestRunConfig>
        <WebTestRunConfiguration testTypeId="4e7599fa-5ecb-43e9-a887-cd63cf72d207">
          <Browser name="Internet Explorer 7.0">
            <Headers>
              <Header name="User-Agent" value="Mozilla/4.0 (compatible; MSIE 7.0; Windows NT 5.1)" />
              <Header name="Accept" value="*/*" />
              <Header name="Accept-Language" value="{{$IEAcceptLanguage}}" />
              <Header name="Accept-Encoding" value="GZIP" />
            </Headers>
          </Browser>
        </WebTestRunConfiguration>
      </TestTypeSpecific>
      <AgentRule name="LocalMachineDefaultRole">
        <DataCollectors>
          <DataCollector uri="datacollector://microsoft/CodeCoverage/1.0" assemblyQualifiedName="Microsoft.VisualStudio.TestTools.CodeCoverage.CoveragePlugIn, Microsoft.VisualStudio.QualityTools.Plugins.CodeCoverage, Version=10.0.0.0, Culture=neutral, PublicKeyToken=b03f5f7f11d50a3a" friendlyName="Code Coverage">
            <Configuration>
              <CodeCoverage xmlns="">
                <Regular>
                  <CodeCoverageItem binaryFile="D:\PROMPT11-10-CloudComputing\CloudNotes\CloudNotes.Domain\bin\Debug\CloudNotes.Domain.dll" pdbFile="D:\PROMPT11-10-CloudComputing\CloudNotes\CloudNotes.Domain\bin\Debug\CloudNotes.Domain.instr.pdb" instrumentInPlace="true" />
                </Regular>
              </CodeCoverage>
            </Configuration>
          </DataCollector>
          <DataCollector uri="datacollector://microsoft/TraceDebugger/1.0" assemblyQualifiedName="Microsoft.VisualStudio.TraceCollector.TraceDebuggerDataCollector, Microsoft.VisualStudio.TraceCollector, Version=10.0.0.0, Culture=neutral, PublicKeyToken=b03f5f7f11d50a3a" friendlyName="IntelliTrace">
          </DataCollector>
          <DataCollector uri="datacollector://microsoft/AspNetProfiler/1.0" assemblyQualifiedName="Microsoft.VisualStudio.PerformanceTools.DataCollection.AspNetProfileDataCollector, Microsoft.VisualStudio.PerformanceTools.DataCollection, Version=10.0.0.0, Culture=neutral, PublicKeyToken=b03f5f7f11d50a3a" friendlyName="ASP.NET Profiler">
          </DataCollector>
        </DataCollectors>
      </AgentRule>
    </Execution>
  </TestSettings>
  <Times creation="2012-07-08T16:54:16.4303143+01:00" queuing="2012-07-08T16:54:19.6744999+01:00" start="2012-07-08T16:54:29.5910671+01:00" finish="2012-07-08T16:54:35.7414189+01:00" />
  <ResultSummary outcome="Completed">
    <Counters total="17" executed="17" passed="17" error="0" failed="0" timeout="0" aborted="0" inconclusive="0" passedButRunAborted="0" notRunnable="0" notExecuted="0" disconnected="0" warning="0" completed="0" inProgress="0" pending="0" />
    <ResultFiles>
      <ResultFile path="BLACKBEAUTY\data.coverage" />
    </ResultFiles>
  </ResultSummary>
  <TestDefinitions>
    <UnitTest name="ANoteWithAnAllWhitespaceContentIsInvalid" storage="d:\prompt11-10-cloudcomputing\cloudnotes\cloudnotes.tests.domain\bin\debug\cloudnotes.tests.domain.dll" id="00d57f25-d21b-e712-e7ff-b98a3d6f01aa">
      <Execution id="6975accd-8915-4cc0-ba93-f763b9ead369" />
      <TestMethod codeBase="D:/PROMPT11-10-CloudComputing/CloudNotes/CloudNotes.Tests.Domain/bin/Debug/CloudNotes.Tests.Domain.DLL" adapterTypeName="Microsoft.VisualStudio.TestTools.TestTypes.Unit.UnitTestAdapter, Microsoft.VisualStudio.QualityTools.Tips.UnitTest.Adapter, Version=10.0.0.0, Culture=neutral, PublicKeyToken=b03f5f7f11d50a3a" className="CloudNotes.Tests.Domain.DomainTests, CloudNotes.Tests.Domain, Version=1.0.0.0, Culture=neutral, PublicKeyToken=null" name="ANoteWithAnAllWhitespaceContentIsInvalid" />
    </UnitTest>
    <UnitTest name="AUserWithAnAllWhitespaceNameIdentitiferIdentityProviderIsInvalid" storage="d:\prompt11-10-cloudcomputing\cloudnotes\cloudnotes.tests.domain\bin\debug\cloudnotes.tests.domain.dll" id="7b077f22-22e9-49cd-daef-17e3a82a58b9">
      <Execution id="54af2927-7c8a-4754-8eaf-e5dd04924a77" />
      <TestMethod codeBase="D:/PROMPT11-10-CloudComputing/CloudNotes/CloudNotes.Tests.Domain/bin/Debug/CloudNotes.Tests.Domain.DLL" adapterTypeName="Microsoft.VisualStudio.TestTools.TestTypes.Unit.UnitTestAdapter, Microsoft.VisualStudio.QualityTools.Tips.UnitTest.Adapter, Version=10.0.0.0, Culture=neutral, PublicKeyToken=b03f5f7f11d50a3a" className="CloudNotes.Tests.Domain.DomainTests, CloudNotes.Tests.Domain, Version=1.0.0.0, Culture=neutral, PublicKeyToken=null" name="AUserWithAnAllWhitespaceNameIdentitiferIdentityProviderIsInvalid" />
    </UnitTest>
    <UnitTest name="ANoteWithAnEmptyContentIsInvalid" storage="d:\prompt11-10-cloudcomputing\cloudnotes\cloudnotes.tests.domain\bin\debug\cloudnotes.tests.domain.dll" id="852657b0-510e-88d6-c043-399bc17187ed">
      <Execution id="d115e529-410c-417e-b50c-e3f5d91d0bba" />
      <TestMethod codeBase="D:/PROMPT11-10-CloudComputing/CloudNotes/CloudNotes.Tests.Domain/bin/Debug/CloudNotes.Tests.Domain.DLL" adapterTypeName="Microsoft.VisualStudio.TestTools.TestTypes.Unit.UnitTestAdapter, Microsoft.VisualStudio.QualityTools.Tips.UnitTest.Adapter, Version=10.0.0.0, Culture=neutral, PublicKeyToken=b03f5f7f11d50a3a" className="CloudNotes.Tests.Domain.DomainTests, CloudNotes.Tests.Domain, Version=1.0.0.0, Culture=neutral, PublicKeyToken=null" name="ANoteWithAnEmptyContentIsInvalid" />
    </UnitTest>
    <UnitTest name="AUserWithAValidEmailIsValid" storage="d:\prompt11-10-cloudcomputing\cloudnotes\cloudnotes.tests.domain\bin\debug\cloudnotes.tests.domain.dll" id="7d09f543-4324-80a8-54ae-156dcda31038">
      <Execution id="4d26f0bb-3d05-47fe-a7c2-c9025c22fd1f" />
      <TestMethod codeBase="D:/PROMPT11-10-CloudComputing/CloudNotes/CloudNotes.Tests.Domain/bin/Debug/CloudNotes.Tests.Domain.DLL" adapterTypeName="Microsoft.VisualStudio.TestTools.TestTypes.Unit.UnitTestAdapter, Microsoft.VisualStudio.QualityTools.Tips.UnitTest.Adapter, Version=10.0.0.0, Culture=neutral, PublicKeyToken=b03f5f7f11d50a3a" className="CloudNotes.Tests.Domain.DomainTests, CloudNotes.Tests.Domain, Version=1.0.0.0, Culture=neutral, PublicKeyToken=null" name="AUserWithAValidEmailIsValid" />
    </UnitTest>
    <UnitTest name="ANoteWithAnAllWhitespaceTittleIsInvalid" storage="d:\prompt11-10-cloudcomputing\cloudnotes\cloudnotes.tests.domain\bin\debug\cloudnotes.tests.domain.dll" id="07851a54-f9f2-0370-ef52-acf62480dca3">
      <Execution id="e03161a4-a139-43ef-a285-569a2b752060" />
      <TestMethod codeBase="D:/PROMPT11-10-CloudComputing/CloudNotes/CloudNotes.Tests.Domain/bin/Debug/CloudNotes.Tests.Domain.DLL" adapterTypeName="Microsoft.VisualStudio.TestTools.TestTypes.Unit.UnitTestAdapter, Microsoft.VisualStudio.QualityTools.Tips.UnitTest.Adapter, Version=10.0.0.0, Culture=neutral, PublicKeyToken=b03f5f7f11d50a3a" className="CloudNotes.Tests.Domain.DomainTests, CloudNotes.Tests.Domain, Version=1.0.0.0, Culture=neutral, PublicKeyToken=null" name="ANoteWithAnAllWhitespaceTittleIsInvalid" />
    </UnitTest>
    <UnitTest name="ANoteWithATittleLongerThan20CharactersIsInvalid" storage="d:\prompt11-10-cloudcomputing\cloudnotes\cloudnotes.tests.domain\bin\debug\cloudnotes.tests.domain.dll" id="0ce8d206-0c8a-8c5e-6c07-1fff93fda8b9">
      <Execution id="a9c51cdd-b02d-4eb4-8d00-a1aa8a20e8d4" />
      <TestMethod codeBase="D:/PROMPT11-10-CloudComputing/CloudNotes/CloudNotes.Tests.Domain/bin/Debug/CloudNotes.Tests.Domain.DLL" adapterTypeName="Microsoft.VisualStudio.TestTools.TestTypes.Unit.UnitTestAdapter, Microsoft.VisualStudio.QualityTools.Tips.UnitTest.Adapter, Version=10.0.0.0, Culture=neutral, PublicKeyToken=b03f5f7f11d50a3a" className="CloudNotes.Tests.Domain.DomainTests, CloudNotes.Tests.Domain, Version=1.0.0.0, Culture=neutral, PublicKeyToken=null" name="ANoteWithATittleLongerThan20CharactersIsInvalid" />
    </UnitTest>
    <UnitTest name="ANoteWithANullContainerListIsInvalid" storage="d:\prompt11-10-cloudcomputing\cloudnotes\cloudnotes.tests.domain\bin\debug\cloudnotes.tests.domain.dll" id="2096f5a0-1903-5db2-2c40-833b3a14e68d">
      <Execution id="6e7502fe-da42-4178-8210-34670f5af9b6" />
      <TestMethod codeBase="D:/PROMPT11-10-CloudComputing/CloudNotes/CloudNotes.Tests.Domain/bin/Debug/CloudNotes.Tests.Domain.DLL" adapterTypeName="Microsoft.VisualStudio.TestTools.TestTypes.Unit.UnitTestAdapter, Microsoft.VisualStudio.QualityTools.Tips.UnitTest.Adapter, Version=10.0.0.0, Culture=neutral, PublicKeyToken=b03f5f7f11d50a3a" className="CloudNotes.Tests.Domain.DomainTests, CloudNotes.Tests.Domain, Version=1.0.0.0, Culture=neutral, PublicKeyToken=null" name="ANoteWithANullContainerListIsInvalid" />
    </UnitTest>
    <UnitTest name="ATaskListWithAnEmptyTittleIsInvalid" storage="d:\prompt11-10-cloudcomputing\cloudnotes\cloudnotes.tests.domain\bin\debug\cloudnotes.tests.domain.dll" id="b0f72c88-e8e6-d5ef-9b19-7fed7babeddb">
      <Execution id="75ef9efc-af16-451b-8e3d-600988bba1fc" />
      <TestMethod codeBase="D:/PROMPT11-10-CloudComputing/CloudNotes/CloudNotes.Tests.Domain/bin/Debug/CloudNotes.Tests.Domain.DLL" adapterTypeName="Microsoft.VisualStudio.TestTools.TestTypes.Unit.UnitTestAdapter, Microsoft.VisualStudio.QualityTools.Tips.UnitTest.Adapter, Version=10.0.0.0, Culture=neutral, PublicKeyToken=b03f5f7f11d50a3a" className="CloudNotes.Tests.Domain.DomainTests, CloudNotes.Tests.Domain, Version=1.0.0.0, Culture=neutral, PublicKeyToken=null" name="ATaskListWithAnEmptyTittleIsInvalid" />
    </UnitTest>
    <UnitTest name="ANoteWithAnEmptyTittleIsInvalid" storage="d:\prompt11-10-cloudcomputing\cloudnotes\cloudnotes.tests.domain\bin\debug\cloudnotes.tests.domain.dll" id="157b3a3d-66d6-d440-327f-479b45016df4">
      <Execution id="3e0ce9ea-5ff7-4ff5-8c1a-4f7949e8fd27" />
      <TestMethod codeBase="D:/PROMPT11-10-CloudComputing/CloudNotes/CloudNotes.Tests.Domain/bin/Debug/CloudNotes.Tests.Domain.DLL" adapterTypeName="Microsoft.VisualStudio.TestTools.TestTypes.Unit.UnitTestAdapter, Microsoft.VisualStudio.QualityTools.Tips.UnitTest.Adapter, Version=10.0.0.0, Culture=neutral, PublicKeyToken=b03f5f7f11d50a3a" className="CloudNotes.Tests.Domain.DomainTests, CloudNotes.Tests.Domain, Version=1.0.0.0, Culture=neutral, PublicKeyToken=null" name="ANoteWithAnEmptyTittleIsInvalid" />
    </UnitTest>
    <UnitTest name="ATaskListWithAllPropertiesValidIsValid" storage="d:\prompt11-10-cloudcomputing\cloudnotes\cloudnotes.tests.domain\bin\debug\cloudnotes.tests.domain.dll" id="71f98d0e-df98-5602-5fd6-919d9101bb93">
      <Execution id="6cabda19-9cc7-4115-9074-11acffaf4131" />
      <TestMethod codeBase="D:/PROMPT11-10-CloudComputing/CloudNotes/CloudNotes.Tests.Domain/bin/Debug/CloudNotes.Tests.Domain.DLL" adapterTypeName="Microsoft.VisualStudio.TestTools.TestTypes.Unit.UnitTestAdapter, Microsoft.VisualStudio.QualityTools.Tips.UnitTest.Adapter, Version=10.0.0.0, Culture=neutral, PublicKeyToken=b03f5f7f11d50a3a" className="CloudNotes.Tests.Domain.DomainTests, CloudNotes.Tests.Domain, Version=1.0.0.0, Culture=neutral, PublicKeyToken=null" name="ATaskListWithAllPropertiesValidIsValid" />
    </UnitTest>
    <UnitTest name="AUserWithAnEmptyNameIdentitiferIdentityProviderIsInvalid" storage="d:\prompt11-10-cloudcomputing\cloudnotes\cloudnotes.tests.domain\bin\debug\cloudnotes.tests.domain.dll" id="a68d91f7-6467-c9ba-3630-f5f8421f5b40">
      <Execution id="3ca4cccb-e4cb-47c1-8284-0d524a1c77cc" />
      <TestMethod codeBase="D:/PROMPT11-10-CloudComputing/CloudNotes/CloudNotes.Tests.Domain/bin/Debug/CloudNotes.Tests.Domain.DLL" adapterTypeName="Microsoft.VisualStudio.TestTools.TestTypes.Unit.UnitTestAdapter, Microsoft.VisualStudio.QualityTools.Tips.UnitTest.Adapter, Version=10.0.0.0, Culture=neutral, PublicKeyToken=b03f5f7f11d50a3a" className="CloudNotes.Tests.Domain.DomainTests, CloudNotes.Tests.Domain, Version=1.0.0.0, Culture=neutral, PublicKeyToken=null" name="AUserWithAnEmptyNameIdentitiferIdentityProviderIsInvalid" />
    </UnitTest>
    <UnitTest name="ANoteWithANullOwnerIsInvalid" storage="d:\prompt11-10-cloudcomputing\cloudnotes\cloudnotes.tests.domain\bin\debug\cloudnotes.tests.domain.dll" id="e814db0b-a976-414f-8c66-ad00681e848f">
      <Execution id="ac3f5fa4-3243-4ddb-8d8f-89d50fbd63fc" />
      <TestMethod codeBase="D:/PROMPT11-10-CloudComputing/CloudNotes/CloudNotes.Tests.Domain/bin/Debug/CloudNotes.Tests.Domain.DLL" adapterTypeName="Microsoft.VisualStudio.TestTools.TestTypes.Unit.UnitTestAdapter, Microsoft.VisualStudio.QualityTools.Tips.UnitTest.Adapter, Version=10.0.0.0, Culture=neutral, PublicKeyToken=b03f5f7f11d50a3a" className="CloudNotes.Tests.Domain.DomainTests, CloudNotes.Tests.Domain, Version=1.0.0.0, Culture=neutral, PublicKeyToken=null" name="ANoteWithANullOwnerIsInvalid" />
    </UnitTest>
    <UnitTest name="ANoteWithContentLongerThan50CharactersIsInvalid" storage="d:\prompt11-10-cloudcomputing\cloudnotes\cloudnotes.tests.domain\bin\debug\cloudnotes.tests.domain.dll" id="7a009e26-62e5-1f69-5cdb-854dc672f6ae">
      <Execution id="0ff23e53-2706-440b-9ffc-314c5b53b0d6" />
      <TestMethod codeBase="D:/PROMPT11-10-CloudComputing/CloudNotes/CloudNotes.Tests.Domain/bin/Debug/CloudNotes.Tests.Domain.DLL" adapterTypeName="Microsoft.VisualStudio.TestTools.TestTypes.Unit.UnitTestAdapter, Microsoft.VisualStudio.QualityTools.Tips.UnitTest.Adapter, Version=10.0.0.0, Culture=neutral, PublicKeyToken=b03f5f7f11d50a3a" className="CloudNotes.Tests.Domain.DomainTests, CloudNotes.Tests.Domain, Version=1.0.0.0, Culture=neutral, PublicKeyToken=null" name="ANoteWithContentLongerThan50CharactersIsInvalid" />
    </UnitTest>
    <UnitTest name="ANoteWithAllValidPropertiesIsValid" storage="d:\prompt11-10-cloudcomputing\cloudnotes\cloudnotes.tests.domain\bin\debug\cloudnotes.tests.domain.dll" id="c14c078d-036a-ef14-90a0-c1d1a047c940">
      <Execution id="1d373f15-2dca-4be9-8c37-b70a3695ce3e" />
      <TestMethod codeBase="D:/PROMPT11-10-CloudComputing/CloudNotes/CloudNotes.Tests.Domain/bin/Debug/CloudNotes.Tests.Domain.DLL" adapterTypeName="Microsoft.VisualStudio.TestTools.TestTypes.Unit.UnitTestAdapter, Microsoft.VisualStudio.QualityTools.Tips.UnitTest.Adapter, Version=10.0.0.0, Culture=neutral, PublicKeyToken=b03f5f7f11d50a3a" className="CloudNotes.Tests.Domain.DomainTests, CloudNotes.Tests.Domain, Version=1.0.0.0, Culture=neutral, PublicKeyToken=null" name="ANoteWithAllValidPropertiesIsValid" />
    </UnitTest>
    <UnitTest name="AUserWithAnInvalidEmailIsInvalid" storage="d:\prompt11-10-cloudcomputing\cloudnotes\cloudnotes.tests.domain\bin\debug\cloudnotes.tests.domain.dll" id="68595d26-57a1-321d-c72e-7ab1ba9f7821">
      <Execution id="6ab0a050-9fe7-48cb-8690-fd1b3eb5c093" />
      <TestMethod codeBase="D:/PROMPT11-10-CloudComputing/CloudNotes/CloudNotes.Tests.Domain/bin/Debug/CloudNotes.Tests.Domain.DLL" adapterTypeName="Microsoft.VisualStudio.TestTools.TestTypes.Unit.UnitTestAdapter, Microsoft.VisualStudio.QualityTools.Tips.UnitTest.Adapter, Version=10.0.0.0, Culture=neutral, PublicKeyToken=b03f5f7f11d50a3a" className="CloudNotes.Tests.Domain.DomainTests, CloudNotes.Tests.Domain, Version=1.0.0.0, Culture=neutral, PublicKeyToken=null" name="AUserWithAnInvalidEmailIsInvalid" />
    </UnitTest>
    <UnitTest name="ATaskListWithAnAllWhitespaceTittleIsInvalid" storage="d:\prompt11-10-cloudcomputing\cloudnotes\cloudnotes.tests.domain\bin\debug\cloudnotes.tests.domain.dll" id="a92d683e-6db6-da08-1853-c0e53902a155">
      <Execution id="f1a4d884-8d47-45f9-b86c-ce84ba49d847" />
      <TestMethod codeBase="D:/PROMPT11-10-CloudComputing/CloudNotes/CloudNotes.Tests.Domain/bin/Debug/CloudNotes.Tests.Domain.DLL" adapterTypeName="Microsoft.VisualStudio.TestTools.TestTypes.Unit.UnitTestAdapter, Microsoft.VisualStudio.QualityTools.Tips.UnitTest.Adapter, Version=10.0.0.0, Culture=neutral, PublicKeyToken=b03f5f7f11d50a3a" className="CloudNotes.Tests.Domain.DomainTests, CloudNotes.Tests.Domain, Version=1.0.0.0, Culture=neutral, PublicKeyToken=null" name="ATaskListWithAnAllWhitespaceTittleIsInvalid" />
    </UnitTest>
    <UnitTest name="ATaskListWithATittleLongerThan20CharactersIsInvalid" storage="d:\prompt11-10-cloudcomputing\cloudnotes\cloudnotes.tests.domain\bin\debug\cloudnotes.tests.domain.dll" id="14c0b5c2-e01e-d3c7-468e-9874da6b0406">
      <Execution id="c0c2fed9-e13c-4473-ad51-f83a3116555e" />
      <TestMethod codeBase="D:/PROMPT11-10-CloudComputing/CloudNotes/CloudNotes.Tests.Domain/bin/Debug/CloudNotes.Tests.Domain.DLL" adapterTypeName="Microsoft.VisualStudio.TestTools.TestTypes.Unit.UnitTestAdapter, Microsoft.VisualStudio.QualityTools.Tips.UnitTest.Adapter, Version=10.0.0.0, Culture=neutral, PublicKeyToken=b03f5f7f11d50a3a" className="CloudNotes.Tests.Domain.DomainTests, CloudNotes.Tests.Domain, Version=1.0.0.0, Culture=neutral, PublicKeyToken=null" name="ATaskListWithATittleLongerThan20CharactersIsInvalid" />
    </UnitTest>
  </TestDefinitions>
  <TestLists>
    <TestList name="Results Not in a List" id="8c84fa94-04c1-424b-9868-57a2d4851a1d" />
    <TestList name="All Loaded Results" id="19431567-8539-422a-85d7-44ee4e166bda" />
  </TestLists>
  <TestEntries>
    <TestEntry testId="00d57f25-d21b-e712-e7ff-b98a3d6f01aa" executionId="6975accd-8915-4cc0-ba93-f763b9ead369" testListId="8c84fa94-04c1-424b-9868-57a2d4851a1d" />
    <TestEntry testId="07851a54-f9f2-0370-ef52-acf62480dca3" executionId="e03161a4-a139-43ef-a285-569a2b752060" testListId="8c84fa94-04c1-424b-9868-57a2d4851a1d" />
    <TestEntry testId="0ce8d206-0c8a-8c5e-6c07-1fff93fda8b9" executionId="a9c51cdd-b02d-4eb4-8d00-a1aa8a20e8d4" testListId="8c84fa94-04c1-424b-9868-57a2d4851a1d" />
    <TestEntry testId="14c0b5c2-e01e-d3c7-468e-9874da6b0406" executionId="c0c2fed9-e13c-4473-ad51-f83a3116555e" testListId="8c84fa94-04c1-424b-9868-57a2d4851a1d" />
    <TestEntry testId="157b3a3d-66d6-d440-327f-479b45016df4" executionId="3e0ce9ea-5ff7-4ff5-8c1a-4f7949e8fd27" testListId="8c84fa94-04c1-424b-9868-57a2d4851a1d" />
    <TestEntry testId="2096f5a0-1903-5db2-2c40-833b3a14e68d" executionId="6e7502fe-da42-4178-8210-34670f5af9b6" testListId="8c84fa94-04c1-424b-9868-57a2d4851a1d" />
    <TestEntry testId="68595d26-57a1-321d-c72e-7ab1ba9f7821" executionId="6ab0a050-9fe7-48cb-8690-fd1b3eb5c093" testListId="8c84fa94-04c1-424b-9868-57a2d4851a1d" />
    <TestEntry testId="71f98d0e-df98-5602-5fd6-919d9101bb93" executionId="6cabda19-9cc7-4115-9074-11acffaf4131" testListId="8c84fa94-04c1-424b-9868-57a2d4851a1d" />
    <TestEntry testId="7a009e26-62e5-1f69-5cdb-854dc672f6ae" executionId="0ff23e53-2706-440b-9ffc-314c5b53b0d6" testListId="8c84fa94-04c1-424b-9868-57a2d4851a1d" />
    <TestEntry testId="7b077f22-22e9-49cd-daef-17e3a82a58b9" executionId="54af2927-7c8a-4754-8eaf-e5dd04924a77" testListId="8c84fa94-04c1-424b-9868-57a2d4851a1d" />
    <TestEntry testId="7d09f543-4324-80a8-54ae-156dcda31038" executionId="4d26f0bb-3d05-47fe-a7c2-c9025c22fd1f" testListId="8c84fa94-04c1-424b-9868-57a2d4851a1d" />
    <TestEntry testId="852657b0-510e-88d6-c043-399bc17187ed" executionId="d115e529-410c-417e-b50c-e3f5d91d0bba" testListId="8c84fa94-04c1-424b-9868-57a2d4851a1d" />
    <TestEntry testId="a68d91f7-6467-c9ba-3630-f5f8421f5b40" executionId="3ca4cccb-e4cb-47c1-8284-0d524a1c77cc" testListId="8c84fa94-04c1-424b-9868-57a2d4851a1d" />
    <TestEntry testId="a92d683e-6db6-da08-1853-c0e53902a155" executionId="f1a4d884-8d47-45f9-b86c-ce84ba49d847" testListId="8c84fa94-04c1-424b-9868-57a2d4851a1d" />
    <TestEntry testId="b0f72c88-e8e6-d5ef-9b19-7fed7babeddb" executionId="75ef9efc-af16-451b-8e3d-600988bba1fc" testListId="8c84fa94-04c1-424b-9868-57a2d4851a1d" />
    <TestEntry testId="c14c078d-036a-ef14-90a0-c1d1a047c940" executionId="1d373f15-2dca-4be9-8c37-b70a3695ce3e" testListId="8c84fa94-04c1-424b-9868-57a2d4851a1d" />
    <TestEntry testId="e814db0b-a976-414f-8c66-ad00681e848f" executionId="ac3f5fa4-3243-4ddb-8d8f-89d50fbd63fc" testListId="8c84fa94-04c1-424b-9868-57a2d4851a1d" />
  </TestEntries>
  <Results>
    <UnitTestResult executionId="6975accd-8915-4cc0-ba93-f763b9ead369" testId="00d57f25-d21b-e712-e7ff-b98a3d6f01aa" testName="ANoteWithAnAllWhitespaceContentIsInvalid" computerName="BLACKBEAUTY" duration="00:00:00.1718821" startTime="2012-07-08T16:54:29.9730889+01:00" endTime="2012-07-08T16:54:30.9131427+01:00" testType="13cdc9d9-ddb5-4fa4-a97d-d965ccfc6d4b" outcome="Passed" testListId="8c84fa94-04c1-424b-9868-57a2d4851a1d" relativeResultsDirectory="6975accd-8915-4cc0-ba93-f763b9ead369">
    </UnitTestResult>
    <UnitTestResult executionId="e03161a4-a139-43ef-a285-569a2b752060" testId="07851a54-f9f2-0370-ef52-acf62480dca3" testName="ANoteWithAnAllWhitespaceTittleIsInvalid" computerName="BLACKBEAUTY" duration="00:00:00.0004325" startTime="2012-07-08T16:54:30.9191430+01:00" endTime="2012-07-08T16:54:30.9261434+01:00" testType="13cdc9d9-ddb5-4fa4-a97d-d965ccfc6d4b" outcome="Passed" testListId="8c84fa94-04c1-424b-9868-57a2d4851a1d" relativeResultsDirectory="e03161a4-a139-43ef-a285-569a2b752060">
    </UnitTestResult>
    <UnitTestResult executionId="a9c51cdd-b02d-4eb4-8d00-a1aa8a20e8d4" testId="0ce8d206-0c8a-8c5e-6c07-1fff93fda8b9" testName="ANoteWithATittleLongerThan20CharactersIsInvalid" computerName="BLACKBEAUTY" duration="00:00:00.0004666" startTime="2012-07-08T16:54:30.9291436+01:00" endTime="2012-07-08T16:54:30.9341439+01:00" testType="13cdc9d9-ddb5-4fa4-a97d-d965ccfc6d4b" outcome="Passed" testListId="8c84fa94-04c1-424b-9868-57a2d4851a1d" relativeResultsDirectory="a9c51cdd-b02d-4eb4-8d00-a1aa8a20e8d4">
    </UnitTestResult>
    <UnitTestResult executionId="c0c2fed9-e13c-4473-ad51-f83a3116555e" testId="14c0b5c2-e01e-d3c7-468e-9874da6b0406" testName="ATaskListWithATittleLongerThan20CharactersIsInvalid" computerName="BLACKBEAUTY" duration="00:00:00.0032745" startTime="2012-07-08T16:54:30.9371441+01:00" endTime="2012-07-08T16:54:30.9451445+01:00" testType="13cdc9d9-ddb5-4fa4-a97d-d965ccfc6d4b" outcome="Passed" testListId="8c84fa94-04c1-424b-9868-57a2d4851a1d" relativeResultsDirectory="c0c2fed9-e13c-4473-ad51-f83a3116555e">
    </UnitTestResult>
    <UnitTestResult executionId="3e0ce9ea-5ff7-4ff5-8c1a-4f7949e8fd27" testId="157b3a3d-66d6-d440-327f-479b45016df4" testName="ANoteWithAnEmptyTittleIsInvalid" computerName="BLACKBEAUTY" duration="00:00:00.0003591" startTime="2012-07-08T16:54:30.9481447+01:00" endTime="2012-07-08T16:54:30.9531450+01:00" testType="13cdc9d9-ddb5-4fa4-a97d-d965ccfc6d4b" outcome="Passed" testListId="8c84fa94-04c1-424b-9868-57a2d4851a1d" relativeResultsDirectory="3e0ce9ea-5ff7-4ff5-8c1a-4f7949e8fd27">
    </UnitTestResult>
    <UnitTestResult executionId="6e7502fe-da42-4178-8210-34670f5af9b6" testId="2096f5a0-1903-5db2-2c40-833b3a14e68d" testName="ANoteWithANullContainerListIsInvalid" computerName="BLACKBEAUTY" duration="00:00:00.0003233" startTime="2012-07-08T16:54:30.9561452+01:00" endTime="2012-07-08T16:54:30.9601454+01:00" testType="13cdc9d9-ddb5-4fa4-a97d-d965ccfc6d4b" outcome="Passed" testListId="8c84fa94-04c1-424b-9868-57a2d4851a1d" relativeResultsDirectory="6e7502fe-da42-4178-8210-34670f5af9b6">
    </UnitTestResult>
    <UnitTestResult executionId="6ab0a050-9fe7-48cb-8690-fd1b3eb5c093" testId="68595d26-57a1-321d-c72e-7ab1ba9f7821" testName="AUserWithAnInvalidEmailIsInvalid" computerName="BLACKBEAUTY" duration="00:00:00.0206240" startTime="2012-07-08T16:54:30.9631456+01:00" endTime="2012-07-08T16:54:30.9891470+01:00" testType="13cdc9d9-ddb5-4fa4-a97d-d965ccfc6d4b" outcome="Passed" testListId="8c84fa94-04c1-424b-9868-57a2d4851a1d" relativeResultsDirectory="6ab0a050-9fe7-48cb-8690-fd1b3eb5c093">
    </UnitTestResult>
    <UnitTestResult executionId="6cabda19-9cc7-4115-9074-11acffaf4131" testId="71f98d0e-df98-5602-5fd6-919d9101bb93" testName="ATaskListWithAllPropertiesValidIsValid" computerName="BLACKBEAUTY" duration="00:00:00.0005378" startTime="2012-07-08T16:54:30.9911472+01:00" endTime="2012-07-08T16:54:30.9971475+01:00" testType="13cdc9d9-ddb5-4fa4-a97d-d965ccfc6d4b" outcome="Passed" testListId="8c84fa94-04c1-424b-9868-57a2d4851a1d" relativeResultsDirectory="6cabda19-9cc7-4115-9074-11acffaf4131">
    </UnitTestResult>
    <UnitTestResult executionId="0ff23e53-2706-440b-9ffc-314c5b53b0d6" testId="7a009e26-62e5-1f69-5cdb-854dc672f6ae" testName="ANoteWithContentLongerThan50CharactersIsInvalid" computerName="BLACKBEAUTY" duration="00:00:00.0004005" startTime="2012-07-08T16:54:31.0001477+01:00" endTime="2012-07-08T16:54:31.0051480+01:00" testType="13cdc9d9-ddb5-4fa4-a97d-d965ccfc6d4b" outcome="Passed" testListId="8c84fa94-04c1-424b-9868-57a2d4851a1d" relativeResultsDirectory="0ff23e53-2706-440b-9ffc-314c5b53b0d6">
    </UnitTestResult>
    <UnitTestResult executionId="54af2927-7c8a-4754-8eaf-e5dd04924a77" testId="7b077f22-22e9-49cd-daef-17e3a82a58b9" testName="AUserWithAnAllWhitespaceNameIdentitiferIdentityProviderIsInvalid" computerName="BLACKBEAUTY" duration="00:00:00.0003292" startTime="2012-07-08T16:54:31.0071481+01:00" endTime="2012-07-08T16:54:31.0121484+01:00" testType="13cdc9d9-ddb5-4fa4-a97d-d965ccfc6d4b" outcome="Passed" testListId="8c84fa94-04c1-424b-9868-57a2d4851a1d" relativeResultsDirectory="54af2927-7c8a-4754-8eaf-e5dd04924a77">
    </UnitTestResult>
    <UnitTestResult executionId="4d26f0bb-3d05-47fe-a7c2-c9025c22fd1f" testId="7d09f543-4324-80a8-54ae-156dcda31038" testName="AUserWithAValidEmailIsValid" computerName="BLACKBEAUTY" duration="00:00:00.0021454" startTime="2012-07-08T16:54:31.0151485+01:00" endTime="2012-07-08T16:54:31.0221489+01:00" testType="13cdc9d9-ddb5-4fa4-a97d-d965ccfc6d4b" outcome="Passed" testListId="8c84fa94-04c1-424b-9868-57a2d4851a1d" relativeResultsDirectory="4d26f0bb-3d05-47fe-a7c2-c9025c22fd1f">
    </UnitTestResult>
    <UnitTestResult executionId="d115e529-410c-417e-b50c-e3f5d91d0bba" testId="852657b0-510e-88d6-c043-399bc17187ed" testName="ANoteWithAnEmptyContentIsInvalid" computerName="BLACKBEAUTY" duration="00:00:00.0003710" startTime="2012-07-08T16:54:31.0241490+01:00" endTime="2012-07-08T16:54:31.0301494+01:00" testType="13cdc9d9-ddb5-4fa4-a97d-d965ccfc6d4b" outcome="Passed" testListId="8c84fa94-04c1-424b-9868-57a2d4851a1d" relativeResultsDirectory="d115e529-410c-417e-b50c-e3f5d91d0bba">
    </UnitTestResult>
    <UnitTestResult executionId="3ca4cccb-e4cb-47c1-8284-0d524a1c77cc" testId="a68d91f7-6467-c9ba-3630-f5f8421f5b40" testName="AUserWithAnEmptyNameIdentitiferIdentityProviderIsInvalid" computerName="BLACKBEAUTY" duration="00:00:00.0003028" startTime="2012-07-08T16:54:31.0321495+01:00" endTime="2012-07-08T16:54:31.0381498+01:00" testType="13cdc9d9-ddb5-4fa4-a97d-d965ccfc6d4b" outcome="Passed" testListId="8c84fa94-04c1-424b-9868-57a2d4851a1d" relativeResultsDirectory="3ca4cccb-e4cb-47c1-8284-0d524a1c77cc">
    </UnitTestResult>
    <UnitTestResult executionId="f1a4d884-8d47-45f9-b86c-ce84ba49d847" testId="a92d683e-6db6-da08-1853-c0e53902a155" testName="ATaskListWithAnAllWhitespaceTittleIsInvalid" computerName="BLACKBEAUTY" duration="00:00:00.0003139" startTime="2012-07-08T16:54:31.0411500+01:00" endTime="2012-07-08T16:54:31.0461503+01:00" testType="13cdc9d9-ddb5-4fa4-a97d-d965ccfc6d4b" outcome="Passed" testListId="8c84fa94-04c1-424b-9868-57a2d4851a1d" relativeResultsDirectory="f1a4d884-8d47-45f9-b86c-ce84ba49d847">
    </UnitTestResult>
    <UnitTestResult executionId="75ef9efc-af16-451b-8e3d-600988bba1fc" testId="b0f72c88-e8e6-d5ef-9b19-7fed7babeddb" testName="ATaskListWithAnEmptyTittleIsInvalid" computerName="BLACKBEAUTY" duration="00:00:00.0003356" startTime="2012-07-08T16:54:31.0481504+01:00" endTime="2012-07-08T16:54:31.0591510+01:00" testType="13cdc9d9-ddb5-4fa4-a97d-d965ccfc6d4b" outcome="Passed" testListId="8c84fa94-04c1-424b-9868-57a2d4851a1d" relativeResultsDirectory="75ef9efc-af16-451b-8e3d-600988bba1fc">
    </UnitTestResult>
    <UnitTestResult executionId="1d373f15-2dca-4be9-8c37-b70a3695ce3e" testId="c14c078d-036a-ef14-90a0-c1d1a047c940" testName="ANoteWithAllValidPropertiesIsValid" computerName="BLACKBEAUTY" duration="00:00:00.0003710" startTime="2012-07-08T16:54:31.0621512+01:00" endTime="2012-07-08T16:54:31.0731518+01:00" testType="13cdc9d9-ddb5-4fa4-a97d-d965ccfc6d4b" outcome="Passed" testListId="8c84fa94-04c1-424b-9868-57a2d4851a1d" relativeResultsDirectory="1d373f15-2dca-4be9-8c37-b70a3695ce3e">
    </UnitTestResult>
    <UnitTestResult executionId="ac3f5fa4-3243-4ddb-8d8f-89d50fbd63fc" testId="e814db0b-a976-414f-8c66-ad00681e848f" testName="ANoteWithANullOwnerIsInvalid" computerName="BLACKBEAUTY" duration="00:00:00.0003663" startTime="2012-07-08T16:54:31.0761520+01:00" endTime="2012-07-08T16:54:31.0811523+01:00" testType="13cdc9d9-ddb5-4fa4-a97d-d965ccfc6d4b" outcome="Passed" testListId="8c84fa94-04c1-424b-9868-57a2d4851a1d" relativeResultsDirectory="ac3f5fa4-3243-4ddb-8d8f-89d50fbd63fc">
    </UnitTestResult>
  </Results>
</TestRun>