<?xml version="1.0" encoding="UTF-8"?>
<TestRun id="187bc14c-3a98-4337-a0c2-5668a34cfbe2" name="Luis@BLACKBEAUTY 2012-08-28 17:02:17" runUser="BlackBeauty\Luis" xmlns="http://microsoft.com/schemas/VisualStudio/TeamTest/2010">
  <TestSettings name="Local" id="a9c45579-508c-4524-9966-e1f8cfbc3e28">
    <Description>These are default test settings for a local test run.</Description>
    <Deployment runDeploymentRoot="Luis_BLACKBEAUTY 2012-08-28 17_02_17">
      <DeploymentItem filename="D:\PROMPT11-10-CloudComputing\CloudNotes\CloudNotes.Domain\bin\Debug\CloudNotes.Domain.dll" />
      <DeploymentItem filename="C:\Program Files\Windows Azure SDK\v1.6\ref\Microsoft.WindowsAzure.StorageClient.dll" />
      <DeploymentItem filename="D:\PROMPT11-10-CloudComputing\CloudNotes\packages\Moq.4.0.10827\lib\NET40\Moq.dll" />
      <DeploymentItem filename="D:\PROMPT11-10-CloudComputing\CloudNotes\CloudNotes.Repositories\bin\Debug\CloudNotes.Repositories.dll" />
      <DeploymentItem filename="D:\PROMPT11-10-CloudComputing\CloudNotes\CloudNotes.Domain.Services\bin\Debug\CloudNotes.Domain.Services.dll" />
    </Deployment>
    <Execution>
      <TestTypeSpecific>
        <UnitTestRunConfig testTypeId="13cdc9d9-ddb5-4fa4-a97d-d965ccfc6d4b">
          <AssemblyResolution>
            <TestDirectory useLoadContext="true" />
          </AssemblyResolution>
        </UnitTestRunConfig>
        <WebTestRunConfiguration testTypeId="4e7599fa-5ecb-43e9-a887-cd63cf72d207">
          <Browser name="Internet Explorer 7.0">
            <Headers>
              <Header name="User-Agent" value="Mozilla/4.0 (compatible; MSIE 7.0; Windows NT 5.1)" />
              <Header name="Accept" value="*/*" />
              <Header name="Accept-Language" value="{{$IEAcceptLanguage}}" />
              <Header name="Accept-Encoding" value="GZIP" />
            </Headers>
          </Browser>
        </WebTestRunConfiguration>
      </TestTypeSpecific>
      <AgentRule name="LocalMachineDefaultRole">
        <DataCollectors>
          <DataCollector uri="datacollector://microsoft/CodeCoverage/1.0" assemblyQualifiedName="Microsoft.VisualStudio.TestTools.CodeCoverage.CoveragePlugIn, Microsoft.VisualStudio.QualityTools.Plugins.CodeCoverage, Version=10.0.0.0, Culture=neutral, PublicKeyToken=b03f5f7f11d50a3a" friendlyName="Code Coverage">
            <Configuration>
              <CodeCoverage xmlns="">
                <Regular>
                  <CodeCoverageItem binaryFile="D:\PROMPT11-10-CloudComputing\CloudNotes\CloudNotes.Domain\bin\Debug\CloudNotes.Domain.dll" pdbFile="D:\PROMPT11-10-CloudComputing\CloudNotes\CloudNotes.Domain\bin\Debug\CloudNotes.Domain.instr.pdb" instrumentInPlace="true" />
                  <CodeCoverageItem binaryFile="D:\PROMPT11-10-CloudComputing\CloudNotes\CloudNotes.Repositories\bin\Debug\CloudNotes.Repositories.dll" pdbFile="D:\PROMPT11-10-CloudComputing\CloudNotes\CloudNotes.Repositories\bin\Debug\CloudNotes.Repositories.instr.pdb" instrumentInPlace="true" />
                  <CodeCoverageItem binaryFile="D:\PROMPT11-10-CloudComputing\CloudNotes\CloudNotes.Domain.Services\bin\Debug\CloudNotes.Domain.Services.dll" pdbFile="D:\PROMPT11-10-CloudComputing\CloudNotes\CloudNotes.Domain.Services\bin\Debug\CloudNotes.Domain.Services.instr.pdb" instrumentInPlace="true" />
                </Regular>
              </CodeCoverage>
            </Configuration>
          </DataCollector>
          <DataCollector uri="datacollector://microsoft/TraceDebugger/1.0" assemblyQualifiedName="Microsoft.VisualStudio.TraceCollector.TraceDebuggerDataCollector, Microsoft.VisualStudio.TraceCollector, Version=10.0.0.0, Culture=neutral, PublicKeyToken=b03f5f7f11d50a3a" friendlyName="IntelliTrace">
          </DataCollector>
          <DataCollector uri="datacollector://microsoft/AspNetProfiler/1.0" assemblyQualifiedName="Microsoft.VisualStudio.PerformanceTools.DataCollection.AspNetProfileDataCollector, Microsoft.VisualStudio.PerformanceTools.DataCollection, Version=10.0.0.0, Culture=neutral, PublicKeyToken=b03f5f7f11d50a3a" friendlyName="ASP.NET Profiler">
          </DataCollector>
        </DataCollectors>
      </AgentRule>
    </Execution>
  </TestSettings>
  <Times creation="2012-08-28T17:02:17.8640670+01:00" queuing="2012-08-28T17:02:19.5991663+01:00" start="2012-08-28T17:02:25.6125102+01:00" finish="2012-08-28T17:02:33.4819603+01:00" />
  <ResultSummary outcome="Completed">
    <Counters total="84" executed="84" passed="84" error="0" failed="0" timeout="0" aborted="0" inconclusive="0" passedButRunAborted="0" notRunnable="0" notExecuted="0" disconnected="0" warning="0" completed="0" inProgress="0" pending="0" />
    <ResultFiles>
      <ResultFile path="BLACKBEAUTY\data.coverage" />
    </ResultFiles>
  </ResultSummary>
  <TestDefinitions>
    <UnitTest name="NotesRepositoryLoadCallsLoadFromTheUnitOfWork" storage="d:\prompt11-10-cloudcomputing\cloudnotes\cloudnotes.tests.repositories\bin\debug\cloudnotes.tests.repositories.dll" id="17943233-8015-a282-b442-243916829980">
      <Execution id="38bfdb41-b377-4b09-bdc8-d5fd1cfe136f" />
      <TestMethod codeBase="D:/PROMPT11-10-CloudComputing/CloudNotes/CloudNotes.Tests.Repositories/bin/Debug/CloudNotes.Tests.Repositories.DLL" adapterTypeName="Microsoft.VisualStudio.TestTools.TestTypes.Unit.UnitTestAdapter, Microsoft.VisualStudio.QualityTools.Tips.UnitTest.Adapter, Version=10.0.0.0, Culture=neutral, PublicKeyToken=b03f5f7f11d50a3a" className="CloudNotes.Tests.Repositories.RepositoriesTests, CloudNotes.Tests.Repositories, Version=1.0.0.0, Culture=neutral, PublicKeyToken=null" name="NotesRepositoryLoadCallsLoadFromTheUnitOfWork" />
    </UnitTest>
    <UnitTest name="NotesServiceMethodGetShouldReturnNullForANonExistingNote" storage="d:\prompt11-10-cloudcomputing\cloudnotes\cloudnotes.tests.domain.services\bin\debug\cloudnotes.tests.domain.services.dll" id="966d9ca3-96a8-e299-9eae-7de085d51e46">
      <Execution id="6b7534d8-7b97-4ead-a585-baaae5078fc0" />
      <TestMethod codeBase="D:/PROMPT11-10-CloudComputing/CloudNotes/CloudNotes.Tests.Domain.Services/bin/Debug/CloudNotes.Tests.Domain.Services.DLL" adapterTypeName="Microsoft.VisualStudio.TestTools.TestTypes.Unit.UnitTestAdapter, Microsoft.VisualStudio.QualityTools.Tips.UnitTest.Adapter, Version=10.0.0.0, Culture=neutral, PublicKeyToken=b03f5f7f11d50a3a" className="CloudNotes.Tests.Domain.Services.DomainServicesTests, CloudNotes.Tests.Domain.Services, Version=1.0.0.0, Culture=neutral, PublicKeyToken=null" name="NotesServiceMethodGetShouldReturnNullForANonExistingNote" />
    </UnitTest>
    <UnitTest name="UsersRepositoryLoadTaskListOwnerCallsLoadAndGetFromTheUnitOfWork" storage="d:\prompt11-10-cloudcomputing\cloudnotes\cloudnotes.tests.repositories\bin\debug\cloudnotes.tests.repositories.dll" id="087d9898-edea-6433-a4ef-23fb3738fd61">
      <Execution id="704feb5c-fb97-4c06-b5fc-6cee00955d8b" />
      <TestMethod codeBase="D:/PROMPT11-10-CloudComputing/CloudNotes/CloudNotes.Tests.Repositories/bin/Debug/CloudNotes.Tests.Repositories.DLL" adapterTypeName="Microsoft.VisualStudio.TestTools.TestTypes.Unit.UnitTestAdapter, Microsoft.VisualStudio.QualityTools.Tips.UnitTest.Adapter, Version=10.0.0.0, Culture=neutral, PublicKeyToken=b03f5f7f11d50a3a" className="CloudNotes.Tests.Repositories.RepositoriesTests, CloudNotes.Tests.Repositories, Version=1.0.0.0, Culture=neutral, PublicKeyToken=null" name="UsersRepositoryLoadTaskListOwnerCallsLoadAndGetFromTheUnitOfWork" />
    </UnitTest>
    <UnitTest name="ATaskListWithAllPropertiesValidIsValid" storage="d:\prompt11-10-cloudcomputing\cloudnotes\cloudnotes.tests.domain\bin\debug\cloudnotes.tests.domain.dll" id="71f98d0e-df98-5602-5fd6-919d9101bb93">
      <Execution id="8ecd31df-daa2-42b4-931a-a0bde275019f" />
      <TestMethod codeBase="D:/PROMPT11-10-CloudComputing/CloudNotes/CloudNotes.Tests.Domain/bin/Debug/CloudNotes.Tests.Domain.DLL" adapterTypeName="Microsoft.VisualStudio.TestTools.TestTypes.Unit.UnitTestAdapter, Microsoft.VisualStudio.QualityTools.Tips.UnitTest.Adapter, Version=10.0.0.0, Culture=neutral, PublicKeyToken=b03f5f7f11d50a3a" className="CloudNotes.Tests.Domain.DomainTests, CloudNotes.Tests.Domain, Version=1.0.0.0, Culture=neutral, PublicKeyToken=null" name="ATaskListWithAllPropertiesValidIsValid" />
    </UnitTest>
    <UnitTest name="UsersRepositoryLoadNoteOwnerCallsLoadAndGetFromTheUnitOfWork" storage="d:\prompt11-10-cloudcomputing\cloudnotes\cloudnotes.tests.repositories\bin\debug\cloudnotes.tests.repositories.dll" id="e3d8badb-d961-d4d2-2fc7-38832d7198cd">
      <Execution id="c5a0e583-a3cd-4600-8db2-4e0102bde9df" />
      <TestMethod codeBase="D:/PROMPT11-10-CloudComputing/CloudNotes/CloudNotes.Tests.Repositories/bin/Debug/CloudNotes.Tests.Repositories.DLL" adapterTypeName="Microsoft.VisualStudio.TestTools.TestTypes.Unit.UnitTestAdapter, Microsoft.VisualStudio.QualityTools.Tips.UnitTest.Adapter, Version=10.0.0.0, Culture=neutral, PublicKeyToken=b03f5f7f11d50a3a" className="CloudNotes.Tests.Repositories.RepositoriesTests, CloudNotes.Tests.Repositories, Version=1.0.0.0, Culture=neutral, PublicKeyToken=null" name="UsersRepositoryLoadNoteOwnerCallsLoadAndGetFromTheUnitOfWork" />
    </UnitTest>
    <UnitTest name="TaskListsRepositoryLoadCallsLoadFromTheUnitOfWork" storage="d:\prompt11-10-cloudcomputing\cloudnotes\cloudnotes.tests.repositories\bin\debug\cloudnotes.tests.repositories.dll" id="23d50d4e-c7ad-15c6-58f2-b5a0b49d6762">
      <Execution id="d6a1bd55-5468-45b9-9319-501085bf34e4" />
      <TestMethod codeBase="D:/PROMPT11-10-CloudComputing/CloudNotes/CloudNotes.Tests.Repositories/bin/Debug/CloudNotes.Tests.Repositories.DLL" adapterTypeName="Microsoft.VisualStudio.TestTools.TestTypes.Unit.UnitTestAdapter, Microsoft.VisualStudio.QualityTools.Tips.UnitTest.Adapter, Version=10.0.0.0, Culture=neutral, PublicKeyToken=b03f5f7f11d50a3a" className="CloudNotes.Tests.Repositories.RepositoriesTests, CloudNotes.Tests.Repositories, Version=1.0.0.0, Culture=neutral, PublicKeyToken=null" name="TaskListsRepositoryLoadCallsLoadFromTheUnitOfWork" />
    </UnitTest>
    <UnitTest name="NotesServiceMethodDeleteShouldDeleteANote" storage="d:\prompt11-10-cloudcomputing\cloudnotes\cloudnotes.tests.domain.services\bin\debug\cloudnotes.tests.domain.services.dll" id="51d63b6c-e217-1034-9362-a2f6bc6d8cdb">
      <Execution id="ba5b29ef-f9c6-4ab7-a761-4aceacba220b" />
      <TestMethod codeBase="D:/PROMPT11-10-CloudComputing/CloudNotes/CloudNotes.Tests.Domain.Services/bin/Debug/CloudNotes.Tests.Domain.Services.DLL" adapterTypeName="Microsoft.VisualStudio.TestTools.TestTypes.Unit.UnitTestAdapter, Microsoft.VisualStudio.QualityTools.Tips.UnitTest.Adapter, Version=10.0.0.0, Culture=neutral, PublicKeyToken=b03f5f7f11d50a3a" className="CloudNotes.Tests.Domain.Services.DomainServicesTests, CloudNotes.Tests.Domain.Services, Version=1.0.0.0, Culture=neutral, PublicKeyToken=null" name="NotesServiceMethodDeleteShouldDeleteANote" />
    </UnitTest>
    <UnitTest name="UsersRepositoryParseIdentityProviderParsesWindowsLiveIDCorrectly" storage="d:\prompt11-10-cloudcomputing\cloudnotes\cloudnotes.tests.repositories\bin\debug\cloudnotes.tests.repositories.dll" id="83144cc2-eba3-40b7-3a94-8375dcee99f1">
      <Execution id="da1d7a26-3647-4d40-bd0c-95b1b9ada884" />
      <TestMethod codeBase="D:/PROMPT11-10-CloudComputing/CloudNotes/CloudNotes.Tests.Repositories/bin/Debug/CloudNotes.Tests.Repositories.DLL" adapterTypeName="Microsoft.VisualStudio.TestTools.TestTypes.Unit.UnitTestAdapter, Microsoft.VisualStudio.QualityTools.Tips.UnitTest.Adapter, Version=10.0.0.0, Culture=neutral, PublicKeyToken=b03f5f7f11d50a3a" className="CloudNotes.Tests.Repositories.RepositoriesTests, CloudNotes.Tests.Repositories, Version=1.0.0.0, Culture=neutral, PublicKeyToken=null" name="UsersRepositoryParseIdentityProviderParsesWindowsLiveIDCorrectly" />
    </UnitTest>
    <UnitTest name="UsersRepositoryUserIsRegisteredCallsLoadFromTheUnitOfWorkForAnExistingUser" storage="d:\prompt11-10-cloudcomputing\cloudnotes\cloudnotes.tests.repositories\bin\debug\cloudnotes.tests.repositories.dll" id="54e67131-47df-e2cb-c7bc-1b2b43b86483">
      <Execution id="6f73fb86-87fc-46bb-898d-61186b062279" />
      <TestMethod codeBase="D:/PROMPT11-10-CloudComputing/CloudNotes/CloudNotes.Tests.Repositories/bin/Debug/CloudNotes.Tests.Repositories.DLL" adapterTypeName="Microsoft.VisualStudio.TestTools.TestTypes.Unit.UnitTestAdapter, Microsoft.VisualStudio.QualityTools.Tips.UnitTest.Adapter, Version=10.0.0.0, Culture=neutral, PublicKeyToken=b03f5f7f11d50a3a" className="CloudNotes.Tests.Repositories.RepositoriesTests, CloudNotes.Tests.Repositories, Version=1.0.0.0, Culture=neutral, PublicKeyToken=null" name="UsersRepositoryUserIsRegisteredCallsLoadFromTheUnitOfWorkForAnExistingUser" />
    </UnitTest>
    <UnitTest name="ATaskListWithATittleLongerThan20CharactersIsInvalid" storage="d:\prompt11-10-cloudcomputing\cloudnotes\cloudnotes.tests.domain\bin\debug\cloudnotes.tests.domain.dll" id="14c0b5c2-e01e-d3c7-468e-9874da6b0406">
      <Execution id="371335a3-b969-4e6d-8182-2f1d762a875c" />
      <TestMethod codeBase="D:/PROMPT11-10-CloudComputing/CloudNotes/CloudNotes.Tests.Domain/bin/Debug/CloudNotes.Tests.Domain.DLL" adapterTypeName="Microsoft.VisualStudio.TestTools.TestTypes.Unit.UnitTestAdapter, Microsoft.VisualStudio.QualityTools.Tips.UnitTest.Adapter, Version=10.0.0.0, Culture=neutral, PublicKeyToken=b03f5f7f11d50a3a" className="CloudNotes.Tests.Domain.DomainTests, CloudNotes.Tests.Domain, Version=1.0.0.0, Culture=neutral, PublicKeyToken=null" name="ATaskListWithATittleLongerThan20CharactersIsInvalid" />
    </UnitTest>
    <UnitTest name="ANoteWithANullContainerListIsInvalid" storage="d:\prompt11-10-cloudcomputing\cloudnotes\cloudnotes.tests.domain\bin\debug\cloudnotes.tests.domain.dll" id="2096f5a0-1903-5db2-2c40-833b3a14e68d">
      <Execution id="b090b596-9e40-4a5a-b3a0-076502601594" />
      <TestMethod codeBase="D:/PROMPT11-10-CloudComputing/CloudNotes/CloudNotes.Tests.Domain/bin/Debug/CloudNotes.Tests.Domain.DLL" adapterTypeName="Microsoft.VisualStudio.TestTools.TestTypes.Unit.UnitTestAdapter, Microsoft.VisualStudio.QualityTools.Tips.UnitTest.Adapter, Version=10.0.0.0, Culture=neutral, PublicKeyToken=b03f5f7f11d50a3a" className="CloudNotes.Tests.Domain.DomainTests, CloudNotes.Tests.Domain, Version=1.0.0.0, Culture=neutral, PublicKeyToken=null" name="ANoteWithANullContainerListIsInvalid" />
    </UnitTest>
    <UnitTest name="NotesRepositoryHasPermisionToEditCallsGetFromTheUnitOfWork" storage="d:\prompt11-10-cloudcomputing\cloudnotes\cloudnotes.tests.repositories\bin\debug\cloudnotes.tests.repositories.dll" id="1d280656-e2df-5314-433f-b3591c27440d">
      <Execution id="6c24a33d-e07e-4094-94d7-6edeeab96806" />
      <TestMethod codeBase="D:/PROMPT11-10-CloudComputing/CloudNotes/CloudNotes.Tests.Repositories/bin/Debug/CloudNotes.Tests.Repositories.DLL" adapterTypeName="Microsoft.VisualStudio.TestTools.TestTypes.Unit.UnitTestAdapter, Microsoft.VisualStudio.QualityTools.Tips.UnitTest.Adapter, Version=10.0.0.0, Culture=neutral, PublicKeyToken=b03f5f7f11d50a3a" className="CloudNotes.Tests.Repositories.RepositoriesTests, CloudNotes.Tests.Repositories, Version=1.0.0.0, Culture=neutral, PublicKeyToken=null" name="NotesRepositoryHasPermisionToEditCallsGetFromTheUnitOfWork" />
    </UnitTest>
    <UnitTest name="TaskListsServiceMethodGetByCombinedKeysShouldReturnATaskList" storage="d:\prompt11-10-cloudcomputing\cloudnotes\cloudnotes.tests.domain.services\bin\debug\cloudnotes.tests.domain.services.dll" id="03ce780a-2410-0155-4350-9f8288a8e596">
      <Execution id="e7b60aa0-f461-43bd-bcbf-e82a3e9b4979" />
      <TestMethod codeBase="D:/PROMPT11-10-CloudComputing/CloudNotes/CloudNotes.Tests.Domain.Services/bin/Debug/CloudNotes.Tests.Domain.Services.DLL" adapterTypeName="Microsoft.VisualStudio.TestTools.TestTypes.Unit.UnitTestAdapter, Microsoft.VisualStudio.QualityTools.Tips.UnitTest.Adapter, Version=10.0.0.0, Culture=neutral, PublicKeyToken=b03f5f7f11d50a3a" className="CloudNotes.Tests.Domain.Services.DomainServicesTests, CloudNotes.Tests.Domain.Services, Version=1.0.0.0, Culture=neutral, PublicKeyToken=null" name="TaskListsServiceMethodGetByCombinedKeysShouldReturnATaskList" />
    </UnitTest>
    <UnitTest name="NotesRepositoryRemoveShareCallsDeleteFromTheUnitOfWork" storage="d:\prompt11-10-cloudcomputing\cloudnotes\cloudnotes.tests.repositories\bin\debug\cloudnotes.tests.repositories.dll" id="c775d00d-9095-a8a9-2433-76c5a0405657">
      <Execution id="de4803b1-b73a-412a-8061-2048bd0b68a5" />
      <TestMethod codeBase="D:/PROMPT11-10-CloudComputing/CloudNotes/CloudNotes.Tests.Repositories/bin/Debug/CloudNotes.Tests.Repositories.DLL" adapterTypeName="Microsoft.VisualStudio.TestTools.TestTypes.Unit.UnitTestAdapter, Microsoft.VisualStudio.QualityTools.Tips.UnitTest.Adapter, Version=10.0.0.0, Culture=neutral, PublicKeyToken=b03f5f7f11d50a3a" className="CloudNotes.Tests.Repositories.RepositoriesTests, CloudNotes.Tests.Repositories, Version=1.0.0.0, Culture=neutral, PublicKeyToken=null" name="NotesRepositoryRemoveShareCallsDeleteFromTheUnitOfWork" />
    </UnitTest>
    <UnitTest name="NotesRepositoryGetCallsGetFromTheUnitOfWorkAndReturnsNullForANonExistingNote" storage="d:\prompt11-10-cloudcomputing\cloudnotes\cloudnotes.tests.repositories\bin\debug\cloudnotes.tests.repositories.dll" id="a49419de-351d-ddee-3740-c07af74b36d5">
      <Execution id="d7c54ae1-487b-443b-8c9c-b5bbdafe5fc6" />
      <TestMethod codeBase="D:/PROMPT11-10-CloudComputing/CloudNotes/CloudNotes.Tests.Repositories/bin/Debug/CloudNotes.Tests.Repositories.DLL" adapterTypeName="Microsoft.VisualStudio.TestTools.TestTypes.Unit.UnitTestAdapter, Microsoft.VisualStudio.QualityTools.Tips.UnitTest.Adapter, Version=10.0.0.0, Culture=neutral, PublicKeyToken=b03f5f7f11d50a3a" className="CloudNotes.Tests.Repositories.RepositoriesTests, CloudNotes.Tests.Repositories, Version=1.0.0.0, Culture=neutral, PublicKeyToken=null" name="NotesRepositoryGetCallsGetFromTheUnitOfWorkAndReturnsNullForANonExistingNote" />
    </UnitTest>
    <UnitTest name="TaskListsServiceMethodGetShouldReturnNullForANonExistingTaskList" storage="d:\prompt11-10-cloudcomputing\cloudnotes\cloudnotes.tests.domain.services\bin\debug\cloudnotes.tests.domain.services.dll" id="5fe42e9d-f3d6-6b59-1cde-9ee6b0948802">
      <Execution id="f20e7440-8955-4704-a083-3a261550248d" />
      <TestMethod codeBase="D:/PROMPT11-10-CloudComputing/CloudNotes/CloudNotes.Tests.Domain.Services/bin/Debug/CloudNotes.Tests.Domain.Services.DLL" adapterTypeName="Microsoft.VisualStudio.TestTools.TestTypes.Unit.UnitTestAdapter, Microsoft.VisualStudio.QualityTools.Tips.UnitTest.Adapter, Version=10.0.0.0, Culture=neutral, PublicKeyToken=b03f5f7f11d50a3a" className="CloudNotes.Tests.Domain.Services.DomainServicesTests, CloudNotes.Tests.Domain.Services, Version=1.0.0.0, Culture=neutral, PublicKeyToken=null" name="TaskListsServiceMethodGetShouldReturnNullForANonExistingTaskList" />
    </UnitTest>
    <UnitTest name="TaskListsRepositoryAddShareCallsCreateFromTheUnitOfWork" storage="d:\prompt11-10-cloudcomputing\cloudnotes\cloudnotes.tests.repositories\bin\debug\cloudnotes.tests.repositories.dll" id="289b20e7-b260-bab8-9e9b-721680a9b151">
      <Execution id="00fd3e8f-99e8-45c2-9ab7-99f4c70bcd5f" />
      <TestMethod codeBase="D:/PROMPT11-10-CloudComputing/CloudNotes/CloudNotes.Tests.Repositories/bin/Debug/CloudNotes.Tests.Repositories.DLL" adapterTypeName="Microsoft.VisualStudio.TestTools.TestTypes.Unit.UnitTestAdapter, Microsoft.VisualStudio.QualityTools.Tips.UnitTest.Adapter, Version=10.0.0.0, Culture=neutral, PublicKeyToken=b03f5f7f11d50a3a" className="CloudNotes.Tests.Repositories.RepositoriesTests, CloudNotes.Tests.Repositories, Version=1.0.0.0, Culture=neutral, PublicKeyToken=null" name="TaskListsRepositoryAddShareCallsCreateFromTheUnitOfWork" />
    </UnitTest>
    <UnitTest name="ATaskListWithAnAllWhitespaceTittleIsInvalid" storage="d:\prompt11-10-cloudcomputing\cloudnotes\cloudnotes.tests.domain\bin\debug\cloudnotes.tests.domain.dll" id="a92d683e-6db6-da08-1853-c0e53902a155">
      <Execution id="92768516-036a-4e51-9364-2fe77f574e84" />
      <TestMethod codeBase="D:/PROMPT11-10-CloudComputing/CloudNotes/CloudNotes.Tests.Domain/bin/Debug/CloudNotes.Tests.Domain.DLL" adapterTypeName="Microsoft.VisualStudio.TestTools.TestTypes.Unit.UnitTestAdapter, Microsoft.VisualStudio.QualityTools.Tips.UnitTest.Adapter, Version=10.0.0.0, Culture=neutral, PublicKeyToken=b03f5f7f11d50a3a" className="CloudNotes.Tests.Domain.DomainTests, CloudNotes.Tests.Domain, Version=1.0.0.0, Culture=neutral, PublicKeyToken=null" name="ATaskListWithAnAllWhitespaceTittleIsInvalid" />
    </UnitTest>
    <UnitTest name="AUserWithAnEmptyNameIsInvalid" storage="d:\prompt11-10-cloudcomputing\cloudnotes\cloudnotes.tests.domain\bin\debug\cloudnotes.tests.domain.dll" id="2b244028-df83-e3b8-91b4-eb0f42ff37fe">
      <Execution id="65eafb35-d81e-453f-b85e-1df5babcf113" />
      <TestMethod codeBase="D:/PROMPT11-10-CloudComputing/CloudNotes/CloudNotes.Tests.Domain/bin/Debug/CloudNotes.Tests.Domain.DLL" adapterTypeName="Microsoft.VisualStudio.TestTools.TestTypes.Unit.UnitTestAdapter, Microsoft.VisualStudio.QualityTools.Tips.UnitTest.Adapter, Version=10.0.0.0, Culture=neutral, PublicKeyToken=b03f5f7f11d50a3a" className="CloudNotes.Tests.Domain.DomainTests, CloudNotes.Tests.Domain, Version=1.0.0.0, Culture=neutral, PublicKeyToken=null" name="AUserWithAnEmptyNameIsInvalid" />
    </UnitTest>
    <UnitTest name="NotesServiceMethodGetByFilterShouldReturnANote" storage="d:\prompt11-10-cloudcomputing\cloudnotes\cloudnotes.tests.domain.services\bin\debug\cloudnotes.tests.domain.services.dll" id="c6f13921-acfe-5e3f-88bd-0ff970c4a9d6">
      <Execution id="6e73ea25-2694-4a06-a7e4-f1fc96da5823" />
      <TestMethod codeBase="D:/PROMPT11-10-CloudComputing/CloudNotes/CloudNotes.Tests.Domain.Services/bin/Debug/CloudNotes.Tests.Domain.Services.DLL" adapterTypeName="Microsoft.VisualStudio.TestTools.TestTypes.Unit.UnitTestAdapter, Microsoft.VisualStudio.QualityTools.Tips.UnitTest.Adapter, Version=10.0.0.0, Culture=neutral, PublicKeyToken=b03f5f7f11d50a3a" className="CloudNotes.Tests.Domain.Services.DomainServicesTests, CloudNotes.Tests.Domain.Services, Version=1.0.0.0, Culture=neutral, PublicKeyToken=null" name="NotesServiceMethodGetByFilterShouldReturnANote" />
    </UnitTest>
    <UnitTest name="ANoteWithANullOwnerIsInvalid" storage="d:\prompt11-10-cloudcomputing\cloudnotes\cloudnotes.tests.domain\bin\debug\cloudnotes.tests.domain.dll" id="e814db0b-a976-414f-8c66-ad00681e848f">
      <Execution id="d88be975-49a0-4c34-910a-5ac0b414a18b" />
      <TestMethod codeBase="D:/PROMPT11-10-CloudComputing/CloudNotes/CloudNotes.Tests.Domain/bin/Debug/CloudNotes.Tests.Domain.DLL" adapterTypeName="Microsoft.VisualStudio.TestTools.TestTypes.Unit.UnitTestAdapter, Microsoft.VisualStudio.QualityTools.Tips.UnitTest.Adapter, Version=10.0.0.0, Culture=neutral, PublicKeyToken=b03f5f7f11d50a3a" className="CloudNotes.Tests.Domain.DomainTests, CloudNotes.Tests.Domain, Version=1.0.0.0, Culture=neutral, PublicKeyToken=null" name="ANoteWithANullOwnerIsInvalid" />
    </UnitTest>
    <UnitTest name="TaskListsServiceMethodGetByFilterShouldReturnATaskList" storage="d:\prompt11-10-cloudcomputing\cloudnotes\cloudnotes.tests.domain.services\bin\debug\cloudnotes.tests.domain.services.dll" id="806d5e37-6070-b15c-e509-59745df24b26">
      <Execution id="015bc35a-af78-4af2-89ce-e7f60f48c8db" />
      <TestMethod codeBase="D:/PROMPT11-10-CloudComputing/CloudNotes/CloudNotes.Tests.Domain.Services/bin/Debug/CloudNotes.Tests.Domain.Services.DLL" adapterTypeName="Microsoft.VisualStudio.TestTools.TestTypes.Unit.UnitTestAdapter, Microsoft.VisualStudio.QualityTools.Tips.UnitTest.Adapter, Version=10.0.0.0, Culture=neutral, PublicKeyToken=b03f5f7f11d50a3a" className="CloudNotes.Tests.Domain.Services.DomainServicesTests, CloudNotes.Tests.Domain.Services, Version=1.0.0.0, Culture=neutral, PublicKeyToken=null" name="TaskListsServiceMethodGetByFilterShouldReturnATaskList" />
    </UnitTest>
    <UnitTest name="AUserWithAnNameThatHasTheCharacterHypenIsInvalid" storage="d:\prompt11-10-cloudcomputing\cloudnotes\cloudnotes.tests.domain\bin\debug\cloudnotes.tests.domain.dll" id="710056e6-b337-9739-6344-1fd443c7a2b3">
      <Execution id="eddaa4d6-241e-467c-a8c9-231657106379" />
      <TestMethod codeBase="D:/PROMPT11-10-CloudComputing/CloudNotes/CloudNotes.Tests.Domain/bin/Debug/CloudNotes.Tests.Domain.DLL" adapterTypeName="Microsoft.VisualStudio.TestTools.TestTypes.Unit.UnitTestAdapter, Microsoft.VisualStudio.QualityTools.Tips.UnitTest.Adapter, Version=10.0.0.0, Culture=neutral, PublicKeyToken=b03f5f7f11d50a3a" className="CloudNotes.Tests.Domain.DomainTests, CloudNotes.Tests.Domain, Version=1.0.0.0, Culture=neutral, PublicKeyToken=null" name="AUserWithAnNameThatHasTheCharacterHypenIsInvalid" />
    </UnitTest>
    <UnitTest name="NotesServiceMethodCreateShouldCreateANote" storage="d:\prompt11-10-cloudcomputing\cloudnotes\cloudnotes.tests.domain.services\bin\debug\cloudnotes.tests.domain.services.dll" id="dd0adaa0-376e-15b3-c394-a4c648706582">
      <Execution id="7c68e2e2-8e73-40d5-8bee-a534f8213c2c" />
      <TestMethod codeBase="D:/PROMPT11-10-CloudComputing/CloudNotes/CloudNotes.Tests.Domain.Services/bin/Debug/CloudNotes.Tests.Domain.Services.DLL" adapterTypeName="Microsoft.VisualStudio.TestTools.TestTypes.Unit.UnitTestAdapter, Microsoft.VisualStudio.QualityTools.Tips.UnitTest.Adapter, Version=10.0.0.0, Culture=neutral, PublicKeyToken=b03f5f7f11d50a3a" className="CloudNotes.Tests.Domain.Services.DomainServicesTests, CloudNotes.Tests.Domain.Services, Version=1.0.0.0, Culture=neutral, PublicKeyToken=null" name="NotesServiceMethodCreateShouldCreateANote" />
    </UnitTest>
    <UnitTest name="NotesRepositoryGetCallsGetFromTheUnitOfWorkAndReturnsAnExistingNote" storage="d:\prompt11-10-cloudcomputing\cloudnotes\cloudnotes.tests.repositories\bin\debug\cloudnotes.tests.repositories.dll" id="53bf3163-df0e-9e62-fb0d-6671ad5acf2e">
      <Execution id="9f15ad49-de68-4397-be8c-bd1f0f6c42e6" />
      <TestMethod codeBase="D:/PROMPT11-10-CloudComputing/CloudNotes/CloudNotes.Tests.Repositories/bin/Debug/CloudNotes.Tests.Repositories.DLL" adapterTypeName="Microsoft.VisualStudio.TestTools.TestTypes.Unit.UnitTestAdapter, Microsoft.VisualStudio.QualityTools.Tips.UnitTest.Adapter, Version=10.0.0.0, Culture=neutral, PublicKeyToken=b03f5f7f11d50a3a" className="CloudNotes.Tests.Repositories.RepositoriesTests, CloudNotes.Tests.Repositories, Version=1.0.0.0, Culture=neutral, PublicKeyToken=null" name="NotesRepositoryGetCallsGetFromTheUnitOfWorkAndReturnsAnExistingNote" />
    </UnitTest>
    <UnitTest name="UsersRepositoryUpdateCallsUpdateFromTheUnitOfWork" storage="d:\prompt11-10-cloudcomputing\cloudnotes\cloudnotes.tests.repositories\bin\debug\cloudnotes.tests.repositories.dll" id="da07899b-e0b9-f639-2145-62f05a55637a">
      <Execution id="d0baa12b-3a4d-430b-b4cf-25420adb510f" />
      <TestMethod codeBase="D:/PROMPT11-10-CloudComputing/CloudNotes/CloudNotes.Tests.Repositories/bin/Debug/CloudNotes.Tests.Repositories.DLL" adapterTypeName="Microsoft.VisualStudio.TestTools.TestTypes.Unit.UnitTestAdapter, Microsoft.VisualStudio.QualityTools.Tips.UnitTest.Adapter, Version=10.0.0.0, Culture=neutral, PublicKeyToken=b03f5f7f11d50a3a" className="CloudNotes.Tests.Repositories.RepositoriesTests, CloudNotes.Tests.Repositories, Version=1.0.0.0, Culture=neutral, PublicKeyToken=null" name="UsersRepositoryUpdateCallsUpdateFromTheUnitOfWork" />
    </UnitTest>
    <UnitTest name="TaskListsRepositoryUpdateCallsUpdateFromTheUnitOfWork" storage="d:\prompt11-10-cloudcomputing\cloudnotes\cloudnotes.tests.repositories\bin\debug\cloudnotes.tests.repositories.dll" id="243a3723-c759-1bdb-8565-43030030c8e3">
      <Execution id="a4fa151a-ce3d-4c03-ad43-a3213902ffbb" />
      <TestMethod codeBase="D:/PROMPT11-10-CloudComputing/CloudNotes/CloudNotes.Tests.Repositories/bin/Debug/CloudNotes.Tests.Repositories.DLL" adapterTypeName="Microsoft.VisualStudio.TestTools.TestTypes.Unit.UnitTestAdapter, Microsoft.VisualStudio.QualityTools.Tips.UnitTest.Adapter, Version=10.0.0.0, Culture=neutral, PublicKeyToken=b03f5f7f11d50a3a" className="CloudNotes.Tests.Repositories.RepositoriesTests, CloudNotes.Tests.Repositories, Version=1.0.0.0, Culture=neutral, PublicKeyToken=null" name="TaskListsRepositoryUpdateCallsUpdateFromTheUnitOfWork" />
    </UnitTest>
    <UnitTest name="UsersRepositoryCreateCallsCreateFromTheUnitOfWork" storage="d:\prompt11-10-cloudcomputing\cloudnotes\cloudnotes.tests.repositories\bin\debug\cloudnotes.tests.repositories.dll" id="8e102b5d-e958-b297-bb65-7f1f98f7fdce">
      <Execution id="9a57d43b-df80-4f0b-b84a-0a6f9362c37c" />
      <TestMethod codeBase="D:/PROMPT11-10-CloudComputing/CloudNotes/CloudNotes.Tests.Repositories/bin/Debug/CloudNotes.Tests.Repositories.DLL" adapterTypeName="Microsoft.VisualStudio.TestTools.TestTypes.Unit.UnitTestAdapter, Microsoft.VisualStudio.QualityTools.Tips.UnitTest.Adapter, Version=10.0.0.0, Culture=neutral, PublicKeyToken=b03f5f7f11d50a3a" className="CloudNotes.Tests.Repositories.RepositoriesTests, CloudNotes.Tests.Repositories, Version=1.0.0.0, Culture=neutral, PublicKeyToken=null" name="UsersRepositoryCreateCallsCreateFromTheUnitOfWork" />
    </UnitTest>
    <UnitTest name="TaskListsRepositoryGetSharedCallsLoadFromTheUnitOfWork" storage="d:\prompt11-10-cloudcomputing\cloudnotes\cloudnotes.tests.repositories\bin\debug\cloudnotes.tests.repositories.dll" id="9ca52fa0-c559-7623-fd35-fc2380d7afd8">
      <Execution id="c87dc2ed-e838-453c-9e59-67e5c39275b0" />
      <TestMethod codeBase="D:/PROMPT11-10-CloudComputing/CloudNotes/CloudNotes.Tests.Repositories/bin/Debug/CloudNotes.Tests.Repositories.DLL" adapterTypeName="Microsoft.VisualStudio.TestTools.TestTypes.Unit.UnitTestAdapter, Microsoft.VisualStudio.QualityTools.Tips.UnitTest.Adapter, Version=10.0.0.0, Culture=neutral, PublicKeyToken=b03f5f7f11d50a3a" className="CloudNotes.Tests.Repositories.RepositoriesTests, CloudNotes.Tests.Repositories, Version=1.0.0.0, Culture=neutral, PublicKeyToken=null" name="TaskListsRepositoryGetSharedCallsLoadFromTheUnitOfWork" />
    </UnitTest>
    <UnitTest name="ANoteWithContentLongerThan50CharactersIsInvalid" storage="d:\prompt11-10-cloudcomputing\cloudnotes\cloudnotes.tests.domain\bin\debug\cloudnotes.tests.domain.dll" id="7a009e26-62e5-1f69-5cdb-854dc672f6ae">
      <Execution id="a98f58ce-12bd-481c-aa96-1ae61574e932" />
      <TestMethod codeBase="D:/PROMPT11-10-CloudComputing/CloudNotes/CloudNotes.Tests.Domain/bin/Debug/CloudNotes.Tests.Domain.DLL" adapterTypeName="Microsoft.VisualStudio.TestTools.TestTypes.Unit.UnitTestAdapter, Microsoft.VisualStudio.QualityTools.Tips.UnitTest.Adapter, Version=10.0.0.0, Culture=neutral, PublicKeyToken=b03f5f7f11d50a3a" className="CloudNotes.Tests.Domain.DomainTests, CloudNotes.Tests.Domain, Version=1.0.0.0, Culture=neutral, PublicKeyToken=null" name="ANoteWithContentLongerThan50CharactersIsInvalid" />
    </UnitTest>
    <UnitTest name="NotesRepositoryUpdateCallsUpdateFromTheUnitOfWork" storage="d:\prompt11-10-cloudcomputing\cloudnotes\cloudnotes.tests.repositories\bin\debug\cloudnotes.tests.repositories.dll" id="a780d5d0-43e2-3171-7945-424274cf7cfb">
      <Execution id="f571335e-f3c4-42be-a9e4-1f49b4f9d3ba" />
      <TestMethod codeBase="D:/PROMPT11-10-CloudComputing/CloudNotes/CloudNotes.Tests.Repositories/bin/Debug/CloudNotes.Tests.Repositories.DLL" adapterTypeName="Microsoft.VisualStudio.TestTools.TestTypes.Unit.UnitTestAdapter, Microsoft.VisualStudio.QualityTools.Tips.UnitTest.Adapter, Version=10.0.0.0, Culture=neutral, PublicKeyToken=b03f5f7f11d50a3a" className="CloudNotes.Tests.Repositories.RepositoriesTests, CloudNotes.Tests.Repositories, Version=1.0.0.0, Culture=neutral, PublicKeyToken=null" name="NotesRepositoryUpdateCallsUpdateFromTheUnitOfWork" />
    </UnitTest>
    <UnitTest name="ANoteWithAllValidPropertiesIsValid" storage="d:\prompt11-10-cloudcomputing\cloudnotes\cloudnotes.tests.domain\bin\debug\cloudnotes.tests.domain.dll" id="c14c078d-036a-ef14-90a0-c1d1a047c940">
      <Execution id="0d15268f-345f-4842-ade9-89db262a0bf4" />
      <TestMethod codeBase="D:/PROMPT11-10-CloudComputing/CloudNotes/CloudNotes.Tests.Domain/bin/Debug/CloudNotes.Tests.Domain.DLL" adapterTypeName="Microsoft.VisualStudio.TestTools.TestTypes.Unit.UnitTestAdapter, Microsoft.VisualStudio.QualityTools.Tips.UnitTest.Adapter, Version=10.0.0.0, Culture=neutral, PublicKeyToken=b03f5f7f11d50a3a" className="CloudNotes.Tests.Domain.DomainTests, CloudNotes.Tests.Domain, Version=1.0.0.0, Culture=neutral, PublicKeyToken=null" name="ANoteWithAllValidPropertiesIsValid" />
    </UnitTest>
    <UnitTest name="NotesServiceMethodHasPermissionToEditShouldReturnTrueForAUserInTheShare" storage="d:\prompt11-10-cloudcomputing\cloudnotes\cloudnotes.tests.domain.services\bin\debug\cloudnotes.tests.domain.services.dll" id="1026c741-dd83-c4ec-8bca-52fe5c047850">
      <Execution id="c5b2d9b0-2fd6-4493-bfdc-3af331448045" />
      <TestMethod codeBase="D:/PROMPT11-10-CloudComputing/CloudNotes/CloudNotes.Tests.Domain.Services/bin/Debug/CloudNotes.Tests.Domain.Services.DLL" adapterTypeName="Microsoft.VisualStudio.TestTools.TestTypes.Unit.UnitTestAdapter, Microsoft.VisualStudio.QualityTools.Tips.UnitTest.Adapter, Version=10.0.0.0, Culture=neutral, PublicKeyToken=b03f5f7f11d50a3a" className="CloudNotes.Tests.Domain.Services.DomainServicesTests, CloudNotes.Tests.Domain.Services, Version=1.0.0.0, Culture=neutral, PublicKeyToken=null" name="NotesServiceMethodHasPermissionToEditShouldReturnTrueForAUserInTheShare" />
    </UnitTest>
    <UnitTest name="UsersRepositoryGetByIdentifiersCallsLoadFromTheUnitOfWorkForAnExistingUser" storage="d:\prompt11-10-cloudcomputing\cloudnotes\cloudnotes.tests.repositories\bin\debug\cloudnotes.tests.repositories.dll" id="2ebf2434-3f8b-3932-cf00-13d37349040e">
      <Execution id="7a2d1a9e-d379-447f-b077-c40e902d8997" />
      <TestMethod codeBase="D:/PROMPT11-10-CloudComputing/CloudNotes/CloudNotes.Tests.Repositories/bin/Debug/CloudNotes.Tests.Repositories.DLL" adapterTypeName="Microsoft.VisualStudio.TestTools.TestTypes.Unit.UnitTestAdapter, Microsoft.VisualStudio.QualityTools.Tips.UnitTest.Adapter, Version=10.0.0.0, Culture=neutral, PublicKeyToken=b03f5f7f11d50a3a" className="CloudNotes.Tests.Repositories.RepositoriesTests, CloudNotes.Tests.Repositories, Version=1.0.0.0, Culture=neutral, PublicKeyToken=null" name="UsersRepositoryGetByIdentifiersCallsLoadFromTheUnitOfWorkForAnExistingUser" />
    </UnitTest>
    <UnitTest name="NotesServiceMethodRemoveShareShouldRemoveAShareFromTheNoteShares" storage="d:\prompt11-10-cloudcomputing\cloudnotes\cloudnotes.tests.domain.services\bin\debug\cloudnotes.tests.domain.services.dll" id="b9b9c38a-74e2-e207-0c28-3fdf5244ae4b">
      <Execution id="8657cd46-4cf3-4ce4-b88f-955fa1be447e" />
      <TestMethod codeBase="D:/PROMPT11-10-CloudComputing/CloudNotes/CloudNotes.Tests.Domain.Services/bin/Debug/CloudNotes.Tests.Domain.Services.DLL" adapterTypeName="Microsoft.VisualStudio.TestTools.TestTypes.Unit.UnitTestAdapter, Microsoft.VisualStudio.QualityTools.Tips.UnitTest.Adapter, Version=10.0.0.0, Culture=neutral, PublicKeyToken=b03f5f7f11d50a3a" className="CloudNotes.Tests.Domain.Services.DomainServicesTests, CloudNotes.Tests.Domain.Services, Version=1.0.0.0, Culture=neutral, PublicKeyToken=null" name="NotesServiceMethodRemoveShareShouldRemoveAShareFromTheNoteShares" />
    </UnitTest>
    <UnitTest name="ANoteWithAnAllWhitespaceTittleIsInvalid" storage="d:\prompt11-10-cloudcomputing\cloudnotes\cloudnotes.tests.domain\bin\debug\cloudnotes.tests.domain.dll" id="07851a54-f9f2-0370-ef52-acf62480dca3">
      <Execution id="b0a27226-0aa9-4897-a659-fe836c63f4ac" />
      <TestMethod codeBase="D:/PROMPT11-10-CloudComputing/CloudNotes/CloudNotes.Tests.Domain/bin/Debug/CloudNotes.Tests.Domain.DLL" adapterTypeName="Microsoft.VisualStudio.TestTools.TestTypes.Unit.UnitTestAdapter, Microsoft.VisualStudio.QualityTools.Tips.UnitTest.Adapter, Version=10.0.0.0, Culture=neutral, PublicKeyToken=b03f5f7f11d50a3a" className="CloudNotes.Tests.Domain.DomainTests, CloudNotes.Tests.Domain, Version=1.0.0.0, Culture=neutral, PublicKeyToken=null" name="ANoteWithAnAllWhitespaceTittleIsInvalid" />
    </UnitTest>
    <UnitTest name="ANoteWithAnEmptyTittleIsInvalid" storage="d:\prompt11-10-cloudcomputing\cloudnotes\cloudnotes.tests.domain\bin\debug\cloudnotes.tests.domain.dll" id="157b3a3d-66d6-d440-327f-479b45016df4">
      <Execution id="676d0751-2f28-4768-98ae-063c1f806af3" />
      <TestMethod codeBase="D:/PROMPT11-10-CloudComputing/CloudNotes/CloudNotes.Tests.Domain/bin/Debug/CloudNotes.Tests.Domain.DLL" adapterTypeName="Microsoft.VisualStudio.TestTools.TestTypes.Unit.UnitTestAdapter, Microsoft.VisualStudio.QualityTools.Tips.UnitTest.Adapter, Version=10.0.0.0, Culture=neutral, PublicKeyToken=b03f5f7f11d50a3a" className="CloudNotes.Tests.Domain.DomainTests, CloudNotes.Tests.Domain, Version=1.0.0.0, Culture=neutral, PublicKeyToken=null" name="ANoteWithAnEmptyTittleIsInvalid" />
    </UnitTest>
    <UnitTest name="UsersRepositoryLoadShareCallsLoadAndGetFromTheUnitOfWork" storage="d:\prompt11-10-cloudcomputing\cloudnotes\cloudnotes.tests.repositories\bin\debug\cloudnotes.tests.repositories.dll" id="07ee8892-7054-180f-ddec-a98630f0764f">
      <Execution id="604ec495-9113-470c-9435-7c86bd3a7973" />
      <TestMethod codeBase="D:/PROMPT11-10-CloudComputing/CloudNotes/CloudNotes.Tests.Repositories/bin/Debug/CloudNotes.Tests.Repositories.DLL" adapterTypeName="Microsoft.VisualStudio.TestTools.TestTypes.Unit.UnitTestAdapter, Microsoft.VisualStudio.QualityTools.Tips.UnitTest.Adapter, Version=10.0.0.0, Culture=neutral, PublicKeyToken=b03f5f7f11d50a3a" className="CloudNotes.Tests.Repositories.RepositoriesTests, CloudNotes.Tests.Repositories, Version=1.0.0.0, Culture=neutral, PublicKeyToken=null" name="UsersRepositoryLoadShareCallsLoadAndGetFromTheUnitOfWork" />
    </UnitTest>
    <UnitTest name="UsersRepositoryUserIsRegisteredCallsLoadFromTheUnitOfWorkForANewUser" storage="d:\prompt11-10-cloudcomputing\cloudnotes\cloudnotes.tests.repositories\bin\debug\cloudnotes.tests.repositories.dll" id="207fa172-124e-7710-3ae1-207f7e188ab7">
      <Execution id="61b50741-3bc8-40ac-a276-7a250c304abd" />
      <TestMethod codeBase="D:/PROMPT11-10-CloudComputing/CloudNotes/CloudNotes.Tests.Repositories/bin/Debug/CloudNotes.Tests.Repositories.DLL" adapterTypeName="Microsoft.VisualStudio.TestTools.TestTypes.Unit.UnitTestAdapter, Microsoft.VisualStudio.QualityTools.Tips.UnitTest.Adapter, Version=10.0.0.0, Culture=neutral, PublicKeyToken=b03f5f7f11d50a3a" className="CloudNotes.Tests.Repositories.RepositoriesTests, CloudNotes.Tests.Repositories, Version=1.0.0.0, Culture=neutral, PublicKeyToken=null" name="UsersRepositoryUserIsRegisteredCallsLoadFromTheUnitOfWorkForANewUser" />
    </UnitTest>
    <UnitTest name="NotesServiceMethodUpdateShouldUpdateANote" storage="d:\prompt11-10-cloudcomputing\cloudnotes\cloudnotes.tests.domain.services\bin\debug\cloudnotes.tests.domain.services.dll" id="5786b163-ef5c-e0c4-11da-ed5c7ebd591c">
      <Execution id="09100803-3b88-4027-924e-4d2057c9e0af" />
      <TestMethod codeBase="D:/PROMPT11-10-CloudComputing/CloudNotes/CloudNotes.Tests.Domain.Services/bin/Debug/CloudNotes.Tests.Domain.Services.DLL" adapterTypeName="Microsoft.VisualStudio.TestTools.TestTypes.Unit.UnitTestAdapter, Microsoft.VisualStudio.QualityTools.Tips.UnitTest.Adapter, Version=10.0.0.0, Culture=neutral, PublicKeyToken=b03f5f7f11d50a3a" className="CloudNotes.Tests.Domain.Services.DomainServicesTests, CloudNotes.Tests.Domain.Services, Version=1.0.0.0, Culture=neutral, PublicKeyToken=null" name="NotesServiceMethodUpdateShouldUpdateANote" />
    </UnitTest>
    <UnitTest name="NotesRepositoryLoadNotesCallsLoadAndGetsFromTheUnitOfWork" storage="d:\prompt11-10-cloudcomputing\cloudnotes\cloudnotes.tests.repositories\bin\debug\cloudnotes.tests.repositories.dll" id="ec7711e0-6e36-94b0-fa70-9adecfa8a8f1">
      <Execution id="6fe2c45e-ae9e-4fc6-b4dd-428ca36af7b0" />
      <TestMethod codeBase="D:/PROMPT11-10-CloudComputing/CloudNotes/CloudNotes.Tests.Repositories/bin/Debug/CloudNotes.Tests.Repositories.DLL" adapterTypeName="Microsoft.VisualStudio.TestTools.TestTypes.Unit.UnitTestAdapter, Microsoft.VisualStudio.QualityTools.Tips.UnitTest.Adapter, Version=10.0.0.0, Culture=neutral, PublicKeyToken=b03f5f7f11d50a3a" className="CloudNotes.Tests.Repositories.RepositoriesTests, CloudNotes.Tests.Repositories, Version=1.0.0.0, Culture=neutral, PublicKeyToken=null" name="NotesRepositoryLoadNotesCallsLoadAndGetsFromTheUnitOfWork" />
    </UnitTest>
    <UnitTest name="TaskListsServiceMethodDeleteShouldDeleteATaskList" storage="d:\prompt11-10-cloudcomputing\cloudnotes\cloudnotes.tests.domain.services\bin\debug\cloudnotes.tests.domain.services.dll" id="9d2851ab-0a27-838f-9557-7fe4eb9929c3">
      <Execution id="550a3e64-0874-45a2-bca3-8d1eaac5f8da" />
      <TestMethod codeBase="D:/PROMPT11-10-CloudComputing/CloudNotes/CloudNotes.Tests.Domain.Services/bin/Debug/CloudNotes.Tests.Domain.Services.DLL" adapterTypeName="Microsoft.VisualStudio.TestTools.TestTypes.Unit.UnitTestAdapter, Microsoft.VisualStudio.QualityTools.Tips.UnitTest.Adapter, Version=10.0.0.0, Culture=neutral, PublicKeyToken=b03f5f7f11d50a3a" className="CloudNotes.Tests.Domain.Services.DomainServicesTests, CloudNotes.Tests.Domain.Services, Version=1.0.0.0, Culture=neutral, PublicKeyToken=null" name="TaskListsServiceMethodDeleteShouldDeleteATaskList" />
    </UnitTest>
    <UnitTest name="TaskListsRepositoryHasPermisionToEditCallsGetFromTheUnitOfWork" storage="d:\prompt11-10-cloudcomputing\cloudnotes\cloudnotes.tests.repositories\bin\debug\cloudnotes.tests.repositories.dll" id="6eb006b0-f141-29b2-0ec3-c52e70221b01">
      <Execution id="1cfe9ecd-33ee-46ba-a4af-aa81c394aea9" />
      <TestMethod codeBase="D:/PROMPT11-10-CloudComputing/CloudNotes/CloudNotes.Tests.Repositories/bin/Debug/CloudNotes.Tests.Repositories.DLL" adapterTypeName="Microsoft.VisualStudio.TestTools.TestTypes.Unit.UnitTestAdapter, Microsoft.VisualStudio.QualityTools.Tips.UnitTest.Adapter, Version=10.0.0.0, Culture=neutral, PublicKeyToken=b03f5f7f11d50a3a" className="CloudNotes.Tests.Repositories.RepositoriesTests, CloudNotes.Tests.Repositories, Version=1.0.0.0, Culture=neutral, PublicKeyToken=null" name="TaskListsRepositoryHasPermisionToEditCallsGetFromTheUnitOfWork" />
    </UnitTest>
    <UnitTest name="NotesServiceMethodLoadShouldReturnAllNotes" storage="d:\prompt11-10-cloudcomputing\cloudnotes\cloudnotes.tests.domain.services\bin\debug\cloudnotes.tests.domain.services.dll" id="b1a7abd8-8831-126c-749d-ed4bdc9d0f13">
      <Execution id="e3e46460-6d6b-461e-a888-4513fbef09bc" />
      <TestMethod codeBase="D:/PROMPT11-10-CloudComputing/CloudNotes/CloudNotes.Tests.Domain.Services/bin/Debug/CloudNotes.Tests.Domain.Services.DLL" adapterTypeName="Microsoft.VisualStudio.TestTools.TestTypes.Unit.UnitTestAdapter, Microsoft.VisualStudio.QualityTools.Tips.UnitTest.Adapter, Version=10.0.0.0, Culture=neutral, PublicKeyToken=b03f5f7f11d50a3a" className="CloudNotes.Tests.Domain.Services.DomainServicesTests, CloudNotes.Tests.Domain.Services, Version=1.0.0.0, Culture=neutral, PublicKeyToken=null" name="NotesServiceMethodLoadShouldReturnAllNotes" />
    </UnitTest>
    <UnitTest name="TaskListsRepositoryGetCallsGetFromTheUnitOfWorkAndReturnsNullForANonExistingTaskList" storage="d:\prompt11-10-cloudcomputing\cloudnotes\cloudnotes.tests.repositories\bin\debug\cloudnotes.tests.repositories.dll" id="8d3bfe9f-40a5-6515-7c0c-d1c6b7990ea3">
      <Execution id="98f46795-0aba-44dd-992e-f2ecfa4dd343" />
      <TestMethod codeBase="D:/PROMPT11-10-CloudComputing/CloudNotes/CloudNotes.Tests.Repositories/bin/Debug/CloudNotes.Tests.Repositories.DLL" adapterTypeName="Microsoft.VisualStudio.TestTools.TestTypes.Unit.UnitTestAdapter, Microsoft.VisualStudio.QualityTools.Tips.UnitTest.Adapter, Version=10.0.0.0, Culture=neutral, PublicKeyToken=b03f5f7f11d50a3a" className="CloudNotes.Tests.Repositories.RepositoriesTests, CloudNotes.Tests.Repositories, Version=1.0.0.0, Culture=neutral, PublicKeyToken=null" name="TaskListsRepositoryGetCallsGetFromTheUnitOfWorkAndReturnsNullForANonExistingTaskList" />
    </UnitTest>
    <UnitTest name="NotesRepositoryAddShareCallsCreateFromTheUnitOfWork" storage="d:\prompt11-10-cloudcomputing\cloudnotes\cloudnotes.tests.repositories\bin\debug\cloudnotes.tests.repositories.dll" id="7d6998de-08bc-b5a5-f97c-68e4a87d69dc">
      <Execution id="e383c7f1-e812-414a-a3fb-40f3ab2da79d" />
      <TestMethod codeBase="D:/PROMPT11-10-CloudComputing/CloudNotes/CloudNotes.Tests.Repositories/bin/Debug/CloudNotes.Tests.Repositories.DLL" adapterTypeName="Microsoft.VisualStudio.TestTools.TestTypes.Unit.UnitTestAdapter, Microsoft.VisualStudio.QualityTools.Tips.UnitTest.Adapter, Version=10.0.0.0, Culture=neutral, PublicKeyToken=b03f5f7f11d50a3a" className="CloudNotes.Tests.Repositories.RepositoriesTests, CloudNotes.Tests.Repositories, Version=1.0.0.0, Culture=neutral, PublicKeyToken=null" name="NotesRepositoryAddShareCallsCreateFromTheUnitOfWork" />
    </UnitTest>
    <UnitTest name="UsersRepositoryGetCallsGetFromTheUnitOfWorkAndReturnsAExistingUser" storage="d:\prompt11-10-cloudcomputing\cloudnotes\cloudnotes.tests.repositories\bin\debug\cloudnotes.tests.repositories.dll" id="b8b966b4-c265-1627-ba5e-4d3e17d291be">
      <Execution id="f98397c3-aac5-49d7-a072-c640131f5a90" />
      <TestMethod codeBase="D:/PROMPT11-10-CloudComputing/CloudNotes/CloudNotes.Tests.Repositories/bin/Debug/CloudNotes.Tests.Repositories.DLL" adapterTypeName="Microsoft.VisualStudio.TestTools.TestTypes.Unit.UnitTestAdapter, Microsoft.VisualStudio.QualityTools.Tips.UnitTest.Adapter, Version=10.0.0.0, Culture=neutral, PublicKeyToken=b03f5f7f11d50a3a" className="CloudNotes.Tests.Repositories.RepositoriesTests, CloudNotes.Tests.Repositories, Version=1.0.0.0, Culture=neutral, PublicKeyToken=null" name="UsersRepositoryGetCallsGetFromTheUnitOfWorkAndReturnsAExistingUser" />
    </UnitTest>
    <UnitTest name="UsersRepositoryLoadCallsLoadFromTheUnitOfWork" storage="d:\prompt11-10-cloudcomputing\cloudnotes\cloudnotes.tests.repositories\bin\debug\cloudnotes.tests.repositories.dll" id="31c722d8-5747-84ab-dbe0-e3286ae27d8d">
      <Execution id="bd0b225a-2bff-49bc-a682-d26f9debd97d" />
      <TestMethod codeBase="D:/PROMPT11-10-CloudComputing/CloudNotes/CloudNotes.Tests.Repositories/bin/Debug/CloudNotes.Tests.Repositories.DLL" adapterTypeName="Microsoft.VisualStudio.TestTools.TestTypes.Unit.UnitTestAdapter, Microsoft.VisualStudio.QualityTools.Tips.UnitTest.Adapter, Version=10.0.0.0, Culture=neutral, PublicKeyToken=b03f5f7f11d50a3a" className="CloudNotes.Tests.Repositories.RepositoriesTests, CloudNotes.Tests.Repositories, Version=1.0.0.0, Culture=neutral, PublicKeyToken=null" name="UsersRepositoryLoadCallsLoadFromTheUnitOfWork" />
    </UnitTest>
    <UnitTest name="NotesServiceMethodCopyNoteShouldCopyANote" storage="d:\prompt11-10-cloudcomputing\cloudnotes\cloudnotes.tests.domain.services\bin\debug\cloudnotes.tests.domain.services.dll" id="3ccecaf6-b51d-cbc4-debf-7489f5a6a3e4">
      <Execution id="e98b29af-08f8-4963-bf62-cbd9bfd40923" />
      <TestMethod codeBase="D:/PROMPT11-10-CloudComputing/CloudNotes/CloudNotes.Tests.Domain.Services/bin/Debug/CloudNotes.Tests.Domain.Services.DLL" adapterTypeName="Microsoft.VisualStudio.TestTools.TestTypes.Unit.UnitTestAdapter, Microsoft.VisualStudio.QualityTools.Tips.UnitTest.Adapter, Version=10.0.0.0, Culture=neutral, PublicKeyToken=b03f5f7f11d50a3a" className="CloudNotes.Tests.Domain.Services.DomainServicesTests, CloudNotes.Tests.Domain.Services, Version=1.0.0.0, Culture=neutral, PublicKeyToken=null" name="NotesServiceMethodCopyNoteShouldCopyANote" />
    </UnitTest>
    <UnitTest name="TaskListsServiceMethodLoadShouldReturnAllTaskLists" storage="d:\prompt11-10-cloudcomputing\cloudnotes\cloudnotes.tests.domain.services\bin\debug\cloudnotes.tests.domain.services.dll" id="7d1001da-6055-18e2-1484-260115b93ccf">
      <Execution id="3a4dde04-bf21-4f20-8c67-df73c5035b4c" />
      <TestMethod codeBase="D:/PROMPT11-10-CloudComputing/CloudNotes/CloudNotes.Tests.Domain.Services/bin/Debug/CloudNotes.Tests.Domain.Services.DLL" adapterTypeName="Microsoft.VisualStudio.TestTools.TestTypes.Unit.UnitTestAdapter, Microsoft.VisualStudio.QualityTools.Tips.UnitTest.Adapter, Version=10.0.0.0, Culture=neutral, PublicKeyToken=b03f5f7f11d50a3a" className="CloudNotes.Tests.Domain.Services.DomainServicesTests, CloudNotes.Tests.Domain.Services, Version=1.0.0.0, Culture=neutral, PublicKeyToken=null" name="TaskListsServiceMethodLoadShouldReturnAllTaskLists" />
    </UnitTest>
    <UnitTest name="NotesRepositoryCreateCallsCreateFromTheUnitOfWork" storage="d:\prompt11-10-cloudcomputing\cloudnotes\cloudnotes.tests.repositories\bin\debug\cloudnotes.tests.repositories.dll" id="b3e5450c-7394-e772-4c0f-83c0f0cc9085">
      <Execution id="14cca800-781e-41be-9ee0-38203f41fe37" />
      <TestMethod codeBase="D:/PROMPT11-10-CloudComputing/CloudNotes/CloudNotes.Tests.Repositories/bin/Debug/CloudNotes.Tests.Repositories.DLL" adapterTypeName="Microsoft.VisualStudio.TestTools.TestTypes.Unit.UnitTestAdapter, Microsoft.VisualStudio.QualityTools.Tips.UnitTest.Adapter, Version=10.0.0.0, Culture=neutral, PublicKeyToken=b03f5f7f11d50a3a" className="CloudNotes.Tests.Repositories.RepositoriesTests, CloudNotes.Tests.Repositories, Version=1.0.0.0, Culture=neutral, PublicKeyToken=null" name="NotesRepositoryCreateCallsCreateFromTheUnitOfWork" />
    </UnitTest>
    <UnitTest name="ANoteWithAnEmptyContentIsInvalid" storage="d:\prompt11-10-cloudcomputing\cloudnotes\cloudnotes.tests.domain\bin\debug\cloudnotes.tests.domain.dll" id="852657b0-510e-88d6-c043-399bc17187ed">
      <Execution id="bbcad486-e540-41a5-9ad5-d4c430f7f95e" />
      <TestMethod codeBase="D:/PROMPT11-10-CloudComputing/CloudNotes/CloudNotes.Tests.Domain/bin/Debug/CloudNotes.Tests.Domain.DLL" adapterTypeName="Microsoft.VisualStudio.TestTools.TestTypes.Unit.UnitTestAdapter, Microsoft.VisualStudio.QualityTools.Tips.UnitTest.Adapter, Version=10.0.0.0, Culture=neutral, PublicKeyToken=b03f5f7f11d50a3a" className="CloudNotes.Tests.Domain.DomainTests, CloudNotes.Tests.Domain, Version=1.0.0.0, Culture=neutral, PublicKeyToken=null" name="ANoteWithAnEmptyContentIsInvalid" />
    </UnitTest>
    <UnitTest name="ANoteWithAnAllWhitespaceContentIsInvalid" storage="d:\prompt11-10-cloudcomputing\cloudnotes\cloudnotes.tests.domain\bin\debug\cloudnotes.tests.domain.dll" id="00d57f25-d21b-e712-e7ff-b98a3d6f01aa">
      <Execution id="7abb1937-30c9-4f54-87c8-ce3012c8fff6" />
      <TestMethod codeBase="D:/PROMPT11-10-CloudComputing/CloudNotes/CloudNotes.Tests.Domain/bin/Debug/CloudNotes.Tests.Domain.DLL" adapterTypeName="Microsoft.VisualStudio.TestTools.TestTypes.Unit.UnitTestAdapter, Microsoft.VisualStudio.QualityTools.Tips.UnitTest.Adapter, Version=10.0.0.0, Culture=neutral, PublicKeyToken=b03f5f7f11d50a3a" className="CloudNotes.Tests.Domain.DomainTests, CloudNotes.Tests.Domain, Version=1.0.0.0, Culture=neutral, PublicKeyToken=null" name="ANoteWithAnAllWhitespaceContentIsInvalid" />
    </UnitTest>
    <UnitTest name="TaskListRepositoryGetCallsGetFromTheUnitOfWorkAndReturnsAnExistingTaskList" storage="d:\prompt11-10-cloudcomputing\cloudnotes\cloudnotes.tests.repositories\bin\debug\cloudnotes.tests.repositories.dll" id="ffc79e9b-00ea-8cc7-18d0-a502995f20d0">
      <Execution id="59a205a3-790d-4196-bfc1-9b9c4e21974d" />
      <TestMethod codeBase="D:/PROMPT11-10-CloudComputing/CloudNotes/CloudNotes.Tests.Repositories/bin/Debug/CloudNotes.Tests.Repositories.DLL" adapterTypeName="Microsoft.VisualStudio.TestTools.TestTypes.Unit.UnitTestAdapter, Microsoft.VisualStudio.QualityTools.Tips.UnitTest.Adapter, Version=10.0.0.0, Culture=neutral, PublicKeyToken=b03f5f7f11d50a3a" className="CloudNotes.Tests.Repositories.RepositoriesTests, CloudNotes.Tests.Repositories, Version=1.0.0.0, Culture=neutral, PublicKeyToken=null" name="TaskListRepositoryGetCallsGetFromTheUnitOfWorkAndReturnsAnExistingTaskList" />
    </UnitTest>
    <UnitTest name="TaskListsServiceMethodGetShouldReturnATaskList" storage="d:\prompt11-10-cloudcomputing\cloudnotes\cloudnotes.tests.domain.services\bin\debug\cloudnotes.tests.domain.services.dll" id="a32946f4-9589-613f-fb54-5c9eee9a4876">
      <Execution id="5cbd33b2-ef22-4846-abe6-5a70c9eee5b9" />
      <TestMethod codeBase="D:/PROMPT11-10-CloudComputing/CloudNotes/CloudNotes.Tests.Domain.Services/bin/Debug/CloudNotes.Tests.Domain.Services.DLL" adapterTypeName="Microsoft.VisualStudio.TestTools.TestTypes.Unit.UnitTestAdapter, Microsoft.VisualStudio.QualityTools.Tips.UnitTest.Adapter, Version=10.0.0.0, Culture=neutral, PublicKeyToken=b03f5f7f11d50a3a" className="CloudNotes.Tests.Domain.Services.DomainServicesTests, CloudNotes.Tests.Domain.Services, Version=1.0.0.0, Culture=neutral, PublicKeyToken=null" name="TaskListsServiceMethodGetShouldReturnATaskList" />
    </UnitTest>
    <UnitTest name="ANoteWithATittleLongerThan10CharactersIsInvalid" storage="d:\prompt11-10-cloudcomputing\cloudnotes\cloudnotes.tests.domain\bin\debug\cloudnotes.tests.domain.dll" id="fd2d9e08-8f5d-4406-828f-63af07dc5bf7">
      <Execution id="30ba7bfb-9e37-4392-9aea-4fb55abb608d" />
      <TestMethod codeBase="D:/PROMPT11-10-CloudComputing/CloudNotes/CloudNotes.Tests.Domain/bin/Debug/CloudNotes.Tests.Domain.DLL" adapterTypeName="Microsoft.VisualStudio.TestTools.TestTypes.Unit.UnitTestAdapter, Microsoft.VisualStudio.QualityTools.Tips.UnitTest.Adapter, Version=10.0.0.0, Culture=neutral, PublicKeyToken=b03f5f7f11d50a3a" className="CloudNotes.Tests.Domain.DomainTests, CloudNotes.Tests.Domain, Version=1.0.0.0, Culture=neutral, PublicKeyToken=null" name="ANoteWithATittleLongerThan10CharactersIsInvalid" />
    </UnitTest>
    <UnitTest name="AUserWithAnInvalidEmailIsInvalid" storage="d:\prompt11-10-cloudcomputing\cloudnotes\cloudnotes.tests.domain\bin\debug\cloudnotes.tests.domain.dll" id="68595d26-57a1-321d-c72e-7ab1ba9f7821">
      <Execution id="9ae975ea-7635-4f71-b8be-c3337329795c" />
      <TestMethod codeBase="D:/PROMPT11-10-CloudComputing/CloudNotes/CloudNotes.Tests.Domain/bin/Debug/CloudNotes.Tests.Domain.DLL" adapterTypeName="Microsoft.VisualStudio.TestTools.TestTypes.Unit.UnitTestAdapter, Microsoft.VisualStudio.QualityTools.Tips.UnitTest.Adapter, Version=10.0.0.0, Culture=neutral, PublicKeyToken=b03f5f7f11d50a3a" className="CloudNotes.Tests.Domain.DomainTests, CloudNotes.Tests.Domain, Version=1.0.0.0, Culture=neutral, PublicKeyToken=null" name="AUserWithAnInvalidEmailIsInvalid" />
    </UnitTest>
    <UnitTest name="AUserWithAnNameThatHasTheCharacterPlusIsInvalid" storage="d:\prompt11-10-cloudcomputing\cloudnotes\cloudnotes.tests.domain\bin\debug\cloudnotes.tests.domain.dll" id="e7bbd4b2-5c95-3563-fc1e-37f3d3d4a55d">
      <Execution id="57092c73-52fb-40b4-ad3e-142af0193443" />
      <TestMethod codeBase="D:/PROMPT11-10-CloudComputing/CloudNotes/CloudNotes.Tests.Domain/bin/Debug/CloudNotes.Tests.Domain.DLL" adapterTypeName="Microsoft.VisualStudio.TestTools.TestTypes.Unit.UnitTestAdapter, Microsoft.VisualStudio.QualityTools.Tips.UnitTest.Adapter, Version=10.0.0.0, Culture=neutral, PublicKeyToken=b03f5f7f11d50a3a" className="CloudNotes.Tests.Domain.DomainTests, CloudNotes.Tests.Domain, Version=1.0.0.0, Culture=neutral, PublicKeyToken=null" name="AUserWithAnNameThatHasTheCharacterPlusIsInvalid" />
    </UnitTest>
    <UnitTest name="TaskListsRepositoryRemoveShareCallsDeleteFromTheUnitOfWork" storage="d:\prompt11-10-cloudcomputing\cloudnotes\cloudnotes.tests.repositories\bin\debug\cloudnotes.tests.repositories.dll" id="1c5a4485-18eb-1fb7-a783-fbf6aecbe579">
      <Execution id="e970599a-f31f-4cf8-a5d6-595a6526a61f" />
      <TestMethod codeBase="D:/PROMPT11-10-CloudComputing/CloudNotes/CloudNotes.Tests.Repositories/bin/Debug/CloudNotes.Tests.Repositories.DLL" adapterTypeName="Microsoft.VisualStudio.TestTools.TestTypes.Unit.UnitTestAdapter, Microsoft.VisualStudio.QualityTools.Tips.UnitTest.Adapter, Version=10.0.0.0, Culture=neutral, PublicKeyToken=b03f5f7f11d50a3a" className="CloudNotes.Tests.Repositories.RepositoriesTests, CloudNotes.Tests.Repositories, Version=1.0.0.0, Culture=neutral, PublicKeyToken=null" name="TaskListsRepositoryRemoveShareCallsDeleteFromTheUnitOfWork" />
    </UnitTest>
    <UnitTest name="NotesServiceMethodLoadNotesShouldLoadAllNotes" storage="d:\prompt11-10-cloudcomputing\cloudnotes\cloudnotes.tests.domain.services\bin\debug\cloudnotes.tests.domain.services.dll" id="a31f17ab-e933-91d3-0be7-69abe24ee67e">
      <Execution id="3b1beb36-c381-420e-a0ba-5b2d3cedf0ec" />
      <TestMethod codeBase="D:/PROMPT11-10-CloudComputing/CloudNotes/CloudNotes.Tests.Domain.Services/bin/Debug/CloudNotes.Tests.Domain.Services.DLL" adapterTypeName="Microsoft.VisualStudio.TestTools.TestTypes.Unit.UnitTestAdapter, Microsoft.VisualStudio.QualityTools.Tips.UnitTest.Adapter, Version=10.0.0.0, Culture=neutral, PublicKeyToken=b03f5f7f11d50a3a" className="CloudNotes.Tests.Domain.Services.DomainServicesTests, CloudNotes.Tests.Domain.Services, Version=1.0.0.0, Culture=neutral, PublicKeyToken=null" name="NotesServiceMethodLoadNotesShouldLoadAllNotes" />
    </UnitTest>
    <UnitTest name="NotesServiceMethodGetShouldReturnANote" storage="d:\prompt11-10-cloudcomputing\cloudnotes\cloudnotes.tests.domain.services\bin\debug\cloudnotes.tests.domain.services.dll" id="a52de280-ccb3-2f52-6566-1bbc9bfb4624">
      <Execution id="59c51cf3-0315-47ec-91df-ab06fde3aca1" />
      <TestMethod codeBase="D:/PROMPT11-10-CloudComputing/CloudNotes/CloudNotes.Tests.Domain.Services/bin/Debug/CloudNotes.Tests.Domain.Services.DLL" adapterTypeName="Microsoft.VisualStudio.TestTools.TestTypes.Unit.UnitTestAdapter, Microsoft.VisualStudio.QualityTools.Tips.UnitTest.Adapter, Version=10.0.0.0, Culture=neutral, PublicKeyToken=b03f5f7f11d50a3a" className="CloudNotes.Tests.Domain.Services.DomainServicesTests, CloudNotes.Tests.Domain.Services, Version=1.0.0.0, Culture=neutral, PublicKeyToken=null" name="NotesServiceMethodGetShouldReturnANote" />
    </UnitTest>
    <UnitTest name="TaskListsRepositoryCreateCallsCreatesFromTheUnitOfWork" storage="d:\prompt11-10-cloudcomputing\cloudnotes\cloudnotes.tests.repositories\bin\debug\cloudnotes.tests.repositories.dll" id="68515e07-492a-8340-8ae8-e1f724f6552a">
      <Execution id="40c4055b-d4ff-4481-a279-d37cf6269af7" />
      <TestMethod codeBase="D:/PROMPT11-10-CloudComputing/CloudNotes/CloudNotes.Tests.Repositories/bin/Debug/CloudNotes.Tests.Repositories.DLL" adapterTypeName="Microsoft.VisualStudio.TestTools.TestTypes.Unit.UnitTestAdapter, Microsoft.VisualStudio.QualityTools.Tips.UnitTest.Adapter, Version=10.0.0.0, Culture=neutral, PublicKeyToken=b03f5f7f11d50a3a" className="CloudNotes.Tests.Repositories.RepositoriesTests, CloudNotes.Tests.Repositories, Version=1.0.0.0, Culture=neutral, PublicKeyToken=null" name="TaskListsRepositoryCreateCallsCreatesFromTheUnitOfWork" />
    </UnitTest>
    <UnitTest name="TaskListsServiceMethodUpdateShouldUpdateATaskList" storage="d:\prompt11-10-cloudcomputing\cloudnotes\cloudnotes.tests.domain.services\bin\debug\cloudnotes.tests.domain.services.dll" id="317d83c6-7888-b2e3-18a3-1679d93597b9">
      <Execution id="93b5a6fb-4367-4fb6-923c-642117c7545f" />
      <TestMethod codeBase="D:/PROMPT11-10-CloudComputing/CloudNotes/CloudNotes.Tests.Domain.Services/bin/Debug/CloudNotes.Tests.Domain.Services.DLL" adapterTypeName="Microsoft.VisualStudio.TestTools.TestTypes.Unit.UnitTestAdapter, Microsoft.VisualStudio.QualityTools.Tips.UnitTest.Adapter, Version=10.0.0.0, Culture=neutral, PublicKeyToken=b03f5f7f11d50a3a" className="CloudNotes.Tests.Domain.Services.DomainServicesTests, CloudNotes.Tests.Domain.Services, Version=1.0.0.0, Culture=neutral, PublicKeyToken=null" name="TaskListsServiceMethodUpdateShouldUpdateATaskList" />
    </UnitTest>
    <UnitTest name="TaskListsRepositoryDeleteCallsDeleteFromTheUnitOfWork" storage="d:\prompt11-10-cloudcomputing\cloudnotes\cloudnotes.tests.repositories\bin\debug\cloudnotes.tests.repositories.dll" id="846215b7-3a17-549a-a8bb-e3c8573dbdf6">
      <Execution id="8ad1460e-6f2e-404f-b1b6-acdb24ad6932" />
      <TestMethod codeBase="D:/PROMPT11-10-CloudComputing/CloudNotes/CloudNotes.Tests.Repositories/bin/Debug/CloudNotes.Tests.Repositories.DLL" adapterTypeName="Microsoft.VisualStudio.TestTools.TestTypes.Unit.UnitTestAdapter, Microsoft.VisualStudio.QualityTools.Tips.UnitTest.Adapter, Version=10.0.0.0, Culture=neutral, PublicKeyToken=b03f5f7f11d50a3a" className="CloudNotes.Tests.Repositories.RepositoriesTests, CloudNotes.Tests.Repositories, Version=1.0.0.0, Culture=neutral, PublicKeyToken=null" name="TaskListsRepositoryDeleteCallsDeleteFromTheUnitOfWork" />
    </UnitTest>
    <UnitTest name="NotesRepositoryDeleteCallsDeletesFromTheUnitOfWork" storage="d:\prompt11-10-cloudcomputing\cloudnotes\cloudnotes.tests.repositories\bin\debug\cloudnotes.tests.repositories.dll" id="2d4e2a1a-222a-051d-2148-b1b6eab73111">
      <Execution id="8175a05a-8a39-4481-a589-576d800c9fb8" />
      <TestMethod codeBase="D:/PROMPT11-10-CloudComputing/CloudNotes/CloudNotes.Tests.Repositories/bin/Debug/CloudNotes.Tests.Repositories.DLL" adapterTypeName="Microsoft.VisualStudio.TestTools.TestTypes.Unit.UnitTestAdapter, Microsoft.VisualStudio.QualityTools.Tips.UnitTest.Adapter, Version=10.0.0.0, Culture=neutral, PublicKeyToken=b03f5f7f11d50a3a" className="CloudNotes.Tests.Repositories.RepositoriesTests, CloudNotes.Tests.Repositories, Version=1.0.0.0, Culture=neutral, PublicKeyToken=null" name="NotesRepositoryDeleteCallsDeletesFromTheUnitOfWork" />
    </UnitTest>
    <UnitTest name="TaskListsServiceMethodCreateShouldCreateATaskList" storage="d:\prompt11-10-cloudcomputing\cloudnotes\cloudnotes.tests.domain.services\bin\debug\cloudnotes.tests.domain.services.dll" id="fe3768ee-5ae4-68d3-ca82-4c54def2a86c">
      <Execution id="cdb03ade-ed0f-44a8-b4fb-a1f87e17c480" />
      <TestMethod codeBase="D:/PROMPT11-10-CloudComputing/CloudNotes/CloudNotes.Tests.Domain.Services/bin/Debug/CloudNotes.Tests.Domain.Services.DLL" adapterTypeName="Microsoft.VisualStudio.TestTools.TestTypes.Unit.UnitTestAdapter, Microsoft.VisualStudio.QualityTools.Tips.UnitTest.Adapter, Version=10.0.0.0, Culture=neutral, PublicKeyToken=b03f5f7f11d50a3a" className="CloudNotes.Tests.Domain.Services.DomainServicesTests, CloudNotes.Tests.Domain.Services, Version=1.0.0.0, Culture=neutral, PublicKeyToken=null" name="TaskListsServiceMethodCreateShouldCreateATaskList" />
    </UnitTest>
    <UnitTest name="UsersRepositoryGetCallsWithFilterGetFromTheUnitOfWorkAndReturnsAExistingTaskList" storage="d:\prompt11-10-cloudcomputing\cloudnotes\cloudnotes.tests.repositories\bin\debug\cloudnotes.tests.repositories.dll" id="9863ea66-4389-d916-e2df-c69ea144bb25">
      <Execution id="8db53029-7f7b-44bf-a9dc-351bb7837ce9" />
      <TestMethod codeBase="D:/PROMPT11-10-CloudComputing/CloudNotes/CloudNotes.Tests.Repositories/bin/Debug/CloudNotes.Tests.Repositories.DLL" adapterTypeName="Microsoft.VisualStudio.TestTools.TestTypes.Unit.UnitTestAdapter, Microsoft.VisualStudio.QualityTools.Tips.UnitTest.Adapter, Version=10.0.0.0, Culture=neutral, PublicKeyToken=b03f5f7f11d50a3a" className="CloudNotes.Tests.Repositories.RepositoriesTests, CloudNotes.Tests.Repositories, Version=1.0.0.0, Culture=neutral, PublicKeyToken=null" name="UsersRepositoryGetCallsWithFilterGetFromTheUnitOfWorkAndReturnsAExistingTaskList" />
    </UnitTest>
    <UnitTest name="UsersRepositoryGetCallsGetFromTheUnitOfWorkAndReturnsNullForANonExistingUser" storage="d:\prompt11-10-cloudcomputing\cloudnotes\cloudnotes.tests.repositories\bin\debug\cloudnotes.tests.repositories.dll" id="8f90efd1-0a3e-6847-1469-eec0d3368773">
      <Execution id="04d10af9-f823-4ce3-8aa3-ce8280ab065c" />
      <TestMethod codeBase="D:/PROMPT11-10-CloudComputing/CloudNotes/CloudNotes.Tests.Repositories/bin/Debug/CloudNotes.Tests.Repositories.DLL" adapterTypeName="Microsoft.VisualStudio.TestTools.TestTypes.Unit.UnitTestAdapter, Microsoft.VisualStudio.QualityTools.Tips.UnitTest.Adapter, Version=10.0.0.0, Culture=neutral, PublicKeyToken=b03f5f7f11d50a3a" className="CloudNotes.Tests.Repositories.RepositoriesTests, CloudNotes.Tests.Repositories, Version=1.0.0.0, Culture=neutral, PublicKeyToken=null" name="UsersRepositoryGetCallsGetFromTheUnitOfWorkAndReturnsNullForANonExistingUser" />
    </UnitTest>
    <UnitTest name="NotesServiceMethodHasPermissionToEditShouldReturnFalseForAUserNotInTheShare" storage="d:\prompt11-10-cloudcomputing\cloudnotes\cloudnotes.tests.domain.services\bin\debug\cloudnotes.tests.domain.services.dll" id="7ae1ddc5-c3b0-7641-cb10-f72206ce0466">
      <Execution id="1afbf455-2ee0-49e5-b87e-d08e7e1fb97f" />
      <TestMethod codeBase="D:/PROMPT11-10-CloudComputing/CloudNotes/CloudNotes.Tests.Domain.Services/bin/Debug/CloudNotes.Tests.Domain.Services.DLL" adapterTypeName="Microsoft.VisualStudio.TestTools.TestTypes.Unit.UnitTestAdapter, Microsoft.VisualStudio.QualityTools.Tips.UnitTest.Adapter, Version=10.0.0.0, Culture=neutral, PublicKeyToken=b03f5f7f11d50a3a" className="CloudNotes.Tests.Domain.Services.DomainServicesTests, CloudNotes.Tests.Domain.Services, Version=1.0.0.0, Culture=neutral, PublicKeyToken=null" name="NotesServiceMethodHasPermissionToEditShouldReturnFalseForAUserNotInTheShare" />
    </UnitTest>
    <UnitTest name="NotesRepositoryNoteWithTitleExistsCallsGetFromTheUnitOfWork" storage="d:\prompt11-10-cloudcomputing\cloudnotes\cloudnotes.tests.repositories\bin\debug\cloudnotes.tests.repositories.dll" id="4b614527-e28c-581c-d382-32a4d4aafc06">
      <Execution id="35e7d440-9a15-4387-bb84-2c91e7818688" />
      <TestMethod codeBase="D:/PROMPT11-10-CloudComputing/CloudNotes/CloudNotes.Tests.Repositories/bin/Debug/CloudNotes.Tests.Repositories.DLL" adapterTypeName="Microsoft.VisualStudio.TestTools.TestTypes.Unit.UnitTestAdapter, Microsoft.VisualStudio.QualityTools.Tips.UnitTest.Adapter, Version=10.0.0.0, Culture=neutral, PublicKeyToken=b03f5f7f11d50a3a" className="CloudNotes.Tests.Repositories.RepositoriesTests, CloudNotes.Tests.Repositories, Version=1.0.0.0, Culture=neutral, PublicKeyToken=null" name="NotesRepositoryNoteWithTitleExistsCallsGetFromTheUnitOfWork" />
    </UnitTest>
    <UnitTest name="AUserWithAValidEmailIsValid" storage="d:\prompt11-10-cloudcomputing\cloudnotes\cloudnotes.tests.domain\bin\debug\cloudnotes.tests.domain.dll" id="7d09f543-4324-80a8-54ae-156dcda31038">
      <Execution id="11cc0504-9598-4262-b846-62622d2f585b" />
      <TestMethod codeBase="D:/PROMPT11-10-CloudComputing/CloudNotes/CloudNotes.Tests.Domain/bin/Debug/CloudNotes.Tests.Domain.DLL" adapterTypeName="Microsoft.VisualStudio.TestTools.TestTypes.Unit.UnitTestAdapter, Microsoft.VisualStudio.QualityTools.Tips.UnitTest.Adapter, Version=10.0.0.0, Culture=neutral, PublicKeyToken=b03f5f7f11d50a3a" className="CloudNotes.Tests.Domain.DomainTests, CloudNotes.Tests.Domain, Version=1.0.0.0, Culture=neutral, PublicKeyToken=null" name="AUserWithAValidEmailIsValid" />
    </UnitTest>
    <UnitTest name="TaskListsRepositoryGetCallsWithFilterGetFromTheUnitOfWorkAndReturnsAExistingTaskList" storage="d:\prompt11-10-cloudcomputing\cloudnotes\cloudnotes.tests.repositories\bin\debug\cloudnotes.tests.repositories.dll" id="ad8e41a5-ec19-61e8-ab78-b0066874f9a4">
      <Execution id="ac5fe030-9a60-4ff1-a015-a0849f443646" />
      <TestMethod codeBase="D:/PROMPT11-10-CloudComputing/CloudNotes/CloudNotes.Tests.Repositories/bin/Debug/CloudNotes.Tests.Repositories.DLL" adapterTypeName="Microsoft.VisualStudio.TestTools.TestTypes.Unit.UnitTestAdapter, Microsoft.VisualStudio.QualityTools.Tips.UnitTest.Adapter, Version=10.0.0.0, Culture=neutral, PublicKeyToken=b03f5f7f11d50a3a" className="CloudNotes.Tests.Repositories.RepositoriesTests, CloudNotes.Tests.Repositories, Version=1.0.0.0, Culture=neutral, PublicKeyToken=null" name="TaskListsRepositoryGetCallsWithFilterGetFromTheUnitOfWorkAndReturnsAExistingTaskList" />
    </UnitTest>
    <UnitTest name="NotesServiceMethodNoteWithTitleExistsShouldReturnTrueForAnExistingTitle" storage="d:\prompt11-10-cloudcomputing\cloudnotes\cloudnotes.tests.domain.services\bin\debug\cloudnotes.tests.domain.services.dll" id="b6265d2d-5cae-e3d4-95b5-67607627ef13">
      <Execution id="9ccc5017-aa27-40e5-bc75-fa1dff43915b" />
      <TestMethod codeBase="D:/PROMPT11-10-CloudComputing/CloudNotes/CloudNotes.Tests.Domain.Services/bin/Debug/CloudNotes.Tests.Domain.Services.DLL" adapterTypeName="Microsoft.VisualStudio.TestTools.TestTypes.Unit.UnitTestAdapter, Microsoft.VisualStudio.QualityTools.Tips.UnitTest.Adapter, Version=10.0.0.0, Culture=neutral, PublicKeyToken=b03f5f7f11d50a3a" className="CloudNotes.Tests.Domain.Services.DomainServicesTests, CloudNotes.Tests.Domain.Services, Version=1.0.0.0, Culture=neutral, PublicKeyToken=null" name="NotesServiceMethodNoteWithTitleExistsShouldReturnTrueForAnExistingTitle" />
    </UnitTest>
    <UnitTest name="UsersRepositoryParseIdentityProviderParsesYahooCorrectly" storage="d:\prompt11-10-cloudcomputing\cloudnotes\cloudnotes.tests.repositories\bin\debug\cloudnotes.tests.repositories.dll" id="56cb2ba6-bd19-5c25-a99a-9bed17136d50">
      <Execution id="8b022925-897a-4cd6-8c9d-186b1a730238" />
      <TestMethod codeBase="D:/PROMPT11-10-CloudComputing/CloudNotes/CloudNotes.Tests.Repositories/bin/Debug/CloudNotes.Tests.Repositories.DLL" adapterTypeName="Microsoft.VisualStudio.TestTools.TestTypes.Unit.UnitTestAdapter, Microsoft.VisualStudio.QualityTools.Tips.UnitTest.Adapter, Version=10.0.0.0, Culture=neutral, PublicKeyToken=b03f5f7f11d50a3a" className="CloudNotes.Tests.Repositories.RepositoriesTests, CloudNotes.Tests.Repositories, Version=1.0.0.0, Culture=neutral, PublicKeyToken=null" name="UsersRepositoryParseIdentityProviderParsesYahooCorrectly" />
    </UnitTest>
    <UnitTest name="NotesRepositoryGetWihtFilterCallsGetFromTheUnitOfWorkAndReturnsAnExistingNote" storage="d:\prompt11-10-cloudcomputing\cloudnotes\cloudnotes.tests.repositories\bin\debug\cloudnotes.tests.repositories.dll" id="5d59f492-e6d2-4a32-8cb5-8bac5548a5fd">
      <Execution id="2f22ef8a-380d-473e-9008-3c0020d8285a" />
      <TestMethod codeBase="D:/PROMPT11-10-CloudComputing/CloudNotes/CloudNotes.Tests.Repositories/bin/Debug/CloudNotes.Tests.Repositories.DLL" adapterTypeName="Microsoft.VisualStudio.TestTools.TestTypes.Unit.UnitTestAdapter, Microsoft.VisualStudio.QualityTools.Tips.UnitTest.Adapter, Version=10.0.0.0, Culture=neutral, PublicKeyToken=b03f5f7f11d50a3a" className="CloudNotes.Tests.Repositories.RepositoriesTests, CloudNotes.Tests.Repositories, Version=1.0.0.0, Culture=neutral, PublicKeyToken=null" name="NotesRepositoryGetWihtFilterCallsGetFromTheUnitOfWorkAndReturnsAnExistingNote" />
    </UnitTest>
    <UnitTest name="UsersRepositoryDeleteCallsDeleteFromTheUnitOfWork" storage="d:\prompt11-10-cloudcomputing\cloudnotes\cloudnotes.tests.repositories\bin\debug\cloudnotes.tests.repositories.dll" id="1a6e3131-7b28-7bfb-ebe5-62afff858b9e">
      <Execution id="7f227ccd-472c-4b32-b6c3-7273b8811aea" />
      <TestMethod codeBase="D:/PROMPT11-10-CloudComputing/CloudNotes/CloudNotes.Tests.Repositories/bin/Debug/CloudNotes.Tests.Repositories.DLL" adapterTypeName="Microsoft.VisualStudio.TestTools.TestTypes.Unit.UnitTestAdapter, Microsoft.VisualStudio.QualityTools.Tips.UnitTest.Adapter, Version=10.0.0.0, Culture=neutral, PublicKeyToken=b03f5f7f11d50a3a" className="CloudNotes.Tests.Repositories.RepositoriesTests, CloudNotes.Tests.Repositories, Version=1.0.0.0, Culture=neutral, PublicKeyToken=null" name="UsersRepositoryDeleteCallsDeleteFromTheUnitOfWork" />
    </UnitTest>
    <UnitTest name="AUserWithAnNameAllWhitespacesIsInvalid" storage="d:\prompt11-10-cloudcomputing\cloudnotes\cloudnotes.tests.domain\bin\debug\cloudnotes.tests.domain.dll" id="0e9aff77-2b4b-fe40-b395-e45251f0a1ee">
      <Execution id="cfa1e912-84e6-4379-8aa8-597b2a7c9791" />
      <TestMethod codeBase="D:/PROMPT11-10-CloudComputing/CloudNotes/CloudNotes.Tests.Domain/bin/Debug/CloudNotes.Tests.Domain.DLL" adapterTypeName="Microsoft.VisualStudio.TestTools.TestTypes.Unit.UnitTestAdapter, Microsoft.VisualStudio.QualityTools.Tips.UnitTest.Adapter, Version=10.0.0.0, Culture=neutral, PublicKeyToken=b03f5f7f11d50a3a" className="CloudNotes.Tests.Domain.DomainTests, CloudNotes.Tests.Domain, Version=1.0.0.0, Culture=neutral, PublicKeyToken=null" name="AUserWithAnNameAllWhitespacesIsInvalid" />
    </UnitTest>
    <UnitTest name="NotesServiceMethodNoteWithTitleExistsShouldReturnFalseForNonExistingTitle" storage="d:\prompt11-10-cloudcomputing\cloudnotes\cloudnotes.tests.domain.services\bin\debug\cloudnotes.tests.domain.services.dll" id="3b15e204-c4d0-7b16-61a4-7570b81b33a7">
      <Execution id="85dd0397-995c-4dee-9cc5-ae64db6e19e5" />
      <TestMethod codeBase="D:/PROMPT11-10-CloudComputing/CloudNotes/CloudNotes.Tests.Domain.Services/bin/Debug/CloudNotes.Tests.Domain.Services.DLL" adapterTypeName="Microsoft.VisualStudio.TestTools.TestTypes.Unit.UnitTestAdapter, Microsoft.VisualStudio.QualityTools.Tips.UnitTest.Adapter, Version=10.0.0.0, Culture=neutral, PublicKeyToken=b03f5f7f11d50a3a" className="CloudNotes.Tests.Domain.Services.DomainServicesTests, CloudNotes.Tests.Domain.Services, Version=1.0.0.0, Culture=neutral, PublicKeyToken=null" name="NotesServiceMethodNoteWithTitleExistsShouldReturnFalseForNonExistingTitle" />
    </UnitTest>
    <UnitTest name="NotesServiceMethodAddShareShouldAddAUserToTheNoteShares" storage="d:\prompt11-10-cloudcomputing\cloudnotes\cloudnotes.tests.domain.services\bin\debug\cloudnotes.tests.domain.services.dll" id="fecce3eb-38e3-4ca9-5430-fcce974236b4">
      <Execution id="d24aa65d-1a8c-4478-83c2-41439e36fb6b" />
      <TestMethod codeBase="D:/PROMPT11-10-CloudComputing/CloudNotes/CloudNotes.Tests.Domain.Services/bin/Debug/CloudNotes.Tests.Domain.Services.DLL" adapterTypeName="Microsoft.VisualStudio.TestTools.TestTypes.Unit.UnitTestAdapter, Microsoft.VisualStudio.QualityTools.Tips.UnitTest.Adapter, Version=10.0.0.0, Culture=neutral, PublicKeyToken=b03f5f7f11d50a3a" className="CloudNotes.Tests.Domain.Services.DomainServicesTests, CloudNotes.Tests.Domain.Services, Version=1.0.0.0, Culture=neutral, PublicKeyToken=null" name="NotesServiceMethodAddShareShouldAddAUserToTheNoteShares" />
    </UnitTest>
    <UnitTest name="UsersRepositoryGetByIdentifiersCallsLoadFromTheUnitOfWorkForNonExistingUser" storage="d:\prompt11-10-cloudcomputing\cloudnotes\cloudnotes.tests.repositories\bin\debug\cloudnotes.tests.repositories.dll" id="a6c1fa83-a867-97da-f19d-bbb05c37bcee">
      <Execution id="791d0172-e38f-4921-b5d6-89867b4b806d" />
      <TestMethod codeBase="D:/PROMPT11-10-CloudComputing/CloudNotes/CloudNotes.Tests.Repositories/bin/Debug/CloudNotes.Tests.Repositories.DLL" adapterTypeName="Microsoft.VisualStudio.TestTools.TestTypes.Unit.UnitTestAdapter, Microsoft.VisualStudio.QualityTools.Tips.UnitTest.Adapter, Version=10.0.0.0, Culture=neutral, PublicKeyToken=b03f5f7f11d50a3a" className="CloudNotes.Tests.Repositories.RepositoriesTests, CloudNotes.Tests.Repositories, Version=1.0.0.0, Culture=neutral, PublicKeyToken=null" name="UsersRepositoryGetByIdentifiersCallsLoadFromTheUnitOfWorkForNonExistingUser" />
    </UnitTest>
    <UnitTest name="UsersRepositoryParseIdentityProviderParsesGoogleCorrectly" storage="d:\prompt11-10-cloudcomputing\cloudnotes\cloudnotes.tests.repositories\bin\debug\cloudnotes.tests.repositories.dll" id="d6129223-175a-65cf-54ae-8d91d8e336cb">
      <Execution id="f93edafa-4cd6-4e49-8b75-af123c233e94" />
      <TestMethod codeBase="D:/PROMPT11-10-CloudComputing/CloudNotes/CloudNotes.Tests.Repositories/bin/Debug/CloudNotes.Tests.Repositories.DLL" adapterTypeName="Microsoft.VisualStudio.TestTools.TestTypes.Unit.UnitTestAdapter, Microsoft.VisualStudio.QualityTools.Tips.UnitTest.Adapter, Version=10.0.0.0, Culture=neutral, PublicKeyToken=b03f5f7f11d50a3a" className="CloudNotes.Tests.Repositories.RepositoriesTests, CloudNotes.Tests.Repositories, Version=1.0.0.0, Culture=neutral, PublicKeyToken=null" name="UsersRepositoryParseIdentityProviderParsesGoogleCorrectly" />
    </UnitTest>
    <UnitTest name="ATaskListWithAnEmptyTittleIsInvalid" storage="d:\prompt11-10-cloudcomputing\cloudnotes\cloudnotes.tests.domain\bin\debug\cloudnotes.tests.domain.dll" id="b0f72c88-e8e6-d5ef-9b19-7fed7babeddb">
      <Execution id="355dfaa8-d67b-4e36-8c01-7ebc3c218053" />
      <TestMethod codeBase="D:/PROMPT11-10-CloudComputing/CloudNotes/CloudNotes.Tests.Domain/bin/Debug/CloudNotes.Tests.Domain.DLL" adapterTypeName="Microsoft.VisualStudio.TestTools.TestTypes.Unit.UnitTestAdapter, Microsoft.VisualStudio.QualityTools.Tips.UnitTest.Adapter, Version=10.0.0.0, Culture=neutral, PublicKeyToken=b03f5f7f11d50a3a" className="CloudNotes.Tests.Domain.DomainTests, CloudNotes.Tests.Domain, Version=1.0.0.0, Culture=neutral, PublicKeyToken=null" name="ATaskListWithAnEmptyTittleIsInvalid" />
    </UnitTest>
    <UnitTest name="UsersRepositoryLoadTaskListAssociatedUsersCallsLoadAndGetFromTheUnitOfWork" storage="d:\prompt11-10-cloudcomputing\cloudnotes\cloudnotes.tests.repositories\bin\debug\cloudnotes.tests.repositories.dll" id="34307c16-295e-e803-42c0-fc1c9dc9e42e">
      <Execution id="2e37dbab-7cb9-420c-a884-826be1a765d2" />
      <TestMethod codeBase="D:/PROMPT11-10-CloudComputing/CloudNotes/CloudNotes.Tests.Repositories/bin/Debug/CloudNotes.Tests.Repositories.DLL" adapterTypeName="Microsoft.VisualStudio.TestTools.TestTypes.Unit.UnitTestAdapter, Microsoft.VisualStudio.QualityTools.Tips.UnitTest.Adapter, Version=10.0.0.0, Culture=neutral, PublicKeyToken=b03f5f7f11d50a3a" className="CloudNotes.Tests.Repositories.RepositoriesTests, CloudNotes.Tests.Repositories, Version=1.0.0.0, Culture=neutral, PublicKeyToken=null" name="UsersRepositoryLoadTaskListAssociatedUsersCallsLoadAndGetFromTheUnitOfWork" />
    </UnitTest>
    <UnitTest name="TaskListRepositoryLoadContainerCallsGetsFromTheUnitOfWork" storage="d:\prompt11-10-cloudcomputing\cloudnotes\cloudnotes.tests.repositories\bin\debug\cloudnotes.tests.repositories.dll" id="7a76042e-b11e-169d-7b16-2fadf1332acd">
      <Execution id="9bae197a-cf18-47c3-9023-af373f80be0a" />
      <TestMethod codeBase="D:/PROMPT11-10-CloudComputing/CloudNotes/CloudNotes.Tests.Repositories/bin/Debug/CloudNotes.Tests.Repositories.DLL" adapterTypeName="Microsoft.VisualStudio.TestTools.TestTypes.Unit.UnitTestAdapter, Microsoft.VisualStudio.QualityTools.Tips.UnitTest.Adapter, Version=10.0.0.0, Culture=neutral, PublicKeyToken=b03f5f7f11d50a3a" className="CloudNotes.Tests.Repositories.RepositoriesTests, CloudNotes.Tests.Repositories, Version=1.0.0.0, Culture=neutral, PublicKeyToken=null" name="TaskListRepositoryLoadContainerCallsGetsFromTheUnitOfWork" />
    </UnitTest>
  </TestDefinitions>
  <TestLists>
    <TestList name="Results Not in a List" id="8c84fa94-04c1-424b-9868-57a2d4851a1d" />
    <TestList name="All Loaded Results" id="19431567-8539-422a-85d7-44ee4e166bda" />
  </TestLists>
  <TestEntries>
    <TestEntry testId="00d57f25-d21b-e712-e7ff-b98a3d6f01aa" executionId="7abb1937-30c9-4f54-87c8-ce3012c8fff6" testListId="8c84fa94-04c1-424b-9868-57a2d4851a1d" />
    <TestEntry testId="03ce780a-2410-0155-4350-9f8288a8e596" executionId="e7b60aa0-f461-43bd-bcbf-e82a3e9b4979" testListId="8c84fa94-04c1-424b-9868-57a2d4851a1d" />
    <TestEntry testId="07851a54-f9f2-0370-ef52-acf62480dca3" executionId="b0a27226-0aa9-4897-a659-fe836c63f4ac" testListId="8c84fa94-04c1-424b-9868-57a2d4851a1d" />
    <TestEntry testId="07ee8892-7054-180f-ddec-a98630f0764f" executionId="604ec495-9113-470c-9435-7c86bd3a7973" testListId="8c84fa94-04c1-424b-9868-57a2d4851a1d" />
    <TestEntry testId="087d9898-edea-6433-a4ef-23fb3738fd61" executionId="704feb5c-fb97-4c06-b5fc-6cee00955d8b" testListId="8c84fa94-04c1-424b-9868-57a2d4851a1d" />
    <TestEntry testId="0e9aff77-2b4b-fe40-b395-e45251f0a1ee" executionId="cfa1e912-84e6-4379-8aa8-597b2a7c9791" testListId="8c84fa94-04c1-424b-9868-57a2d4851a1d" />
    <TestEntry testId="1026c741-dd83-c4ec-8bca-52fe5c047850" executionId="c5b2d9b0-2fd6-4493-bfdc-3af331448045" testListId="8c84fa94-04c1-424b-9868-57a2d4851a1d" />
    <TestEntry testId="14c0b5c2-e01e-d3c7-468e-9874da6b0406" executionId="371335a3-b969-4e6d-8182-2f1d762a875c" testListId="8c84fa94-04c1-424b-9868-57a2d4851a1d" />
    <TestEntry testId="157b3a3d-66d6-d440-327f-479b45016df4" executionId="676d0751-2f28-4768-98ae-063c1f806af3" testListId="8c84fa94-04c1-424b-9868-57a2d4851a1d" />
    <TestEntry testId="17943233-8015-a282-b442-243916829980" executionId="38bfdb41-b377-4b09-bdc8-d5fd1cfe136f" testListId="8c84fa94-04c1-424b-9868-57a2d4851a1d" />
    <TestEntry testId="1a6e3131-7b28-7bfb-ebe5-62afff858b9e" executionId="7f227ccd-472c-4b32-b6c3-7273b8811aea" testListId="8c84fa94-04c1-424b-9868-57a2d4851a1d" />
    <TestEntry testId="1c5a4485-18eb-1fb7-a783-fbf6aecbe579" executionId="e970599a-f31f-4cf8-a5d6-595a6526a61f" testListId="8c84fa94-04c1-424b-9868-57a2d4851a1d" />
    <TestEntry testId="1d280656-e2df-5314-433f-b3591c27440d" executionId="6c24a33d-e07e-4094-94d7-6edeeab96806" testListId="8c84fa94-04c1-424b-9868-57a2d4851a1d" />
    <TestEntry testId="207fa172-124e-7710-3ae1-207f7e188ab7" executionId="61b50741-3bc8-40ac-a276-7a250c304abd" testListId="8c84fa94-04c1-424b-9868-57a2d4851a1d" />
    <TestEntry testId="2096f5a0-1903-5db2-2c40-833b3a14e68d" executionId="b090b596-9e40-4a5a-b3a0-076502601594" testListId="8c84fa94-04c1-424b-9868-57a2d4851a1d" />
    <TestEntry testId="23d50d4e-c7ad-15c6-58f2-b5a0b49d6762" executionId="d6a1bd55-5468-45b9-9319-501085bf34e4" testListId="8c84fa94-04c1-424b-9868-57a2d4851a1d" />
    <TestEntry testId="243a3723-c759-1bdb-8565-43030030c8e3" executionId="a4fa151a-ce3d-4c03-ad43-a3213902ffbb" testListId="8c84fa94-04c1-424b-9868-57a2d4851a1d" />
    <TestEntry testId="289b20e7-b260-bab8-9e9b-721680a9b151" executionId="00fd3e8f-99e8-45c2-9ab7-99f4c70bcd5f" testListId="8c84fa94-04c1-424b-9868-57a2d4851a1d" />
    <TestEntry testId="2b244028-df83-e3b8-91b4-eb0f42ff37fe" executionId="65eafb35-d81e-453f-b85e-1df5babcf113" testListId="8c84fa94-04c1-424b-9868-57a2d4851a1d" />
    <TestEntry testId="2d4e2a1a-222a-051d-2148-b1b6eab73111" executionId="8175a05a-8a39-4481-a589-576d800c9fb8" testListId="8c84fa94-04c1-424b-9868-57a2d4851a1d" />
    <TestEntry testId="2ebf2434-3f8b-3932-cf00-13d37349040e" executionId="7a2d1a9e-d379-447f-b077-c40e902d8997" testListId="8c84fa94-04c1-424b-9868-57a2d4851a1d" />
    <TestEntry testId="317d83c6-7888-b2e3-18a3-1679d93597b9" executionId="93b5a6fb-4367-4fb6-923c-642117c7545f" testListId="8c84fa94-04c1-424b-9868-57a2d4851a1d" />
    <TestEntry testId="31c722d8-5747-84ab-dbe0-e3286ae27d8d" executionId="bd0b225a-2bff-49bc-a682-d26f9debd97d" testListId="8c84fa94-04c1-424b-9868-57a2d4851a1d" />
    <TestEntry testId="34307c16-295e-e803-42c0-fc1c9dc9e42e" executionId="2e37dbab-7cb9-420c-a884-826be1a765d2" testListId="8c84fa94-04c1-424b-9868-57a2d4851a1d" />
    <TestEntry testId="3b15e204-c4d0-7b16-61a4-7570b81b33a7" executionId="85dd0397-995c-4dee-9cc5-ae64db6e19e5" testListId="8c84fa94-04c1-424b-9868-57a2d4851a1d" />
    <TestEntry testId="3ccecaf6-b51d-cbc4-debf-7489f5a6a3e4" executionId="e98b29af-08f8-4963-bf62-cbd9bfd40923" testListId="8c84fa94-04c1-424b-9868-57a2d4851a1d" />
    <TestEntry testId="4b614527-e28c-581c-d382-32a4d4aafc06" executionId="35e7d440-9a15-4387-bb84-2c91e7818688" testListId="8c84fa94-04c1-424b-9868-57a2d4851a1d" />
    <TestEntry testId="51d63b6c-e217-1034-9362-a2f6bc6d8cdb" executionId="ba5b29ef-f9c6-4ab7-a761-4aceacba220b" testListId="8c84fa94-04c1-424b-9868-57a2d4851a1d" />
    <TestEntry testId="53bf3163-df0e-9e62-fb0d-6671ad5acf2e" executionId="9f15ad49-de68-4397-be8c-bd1f0f6c42e6" testListId="8c84fa94-04c1-424b-9868-57a2d4851a1d" />
    <TestEntry testId="54e67131-47df-e2cb-c7bc-1b2b43b86483" executionId="6f73fb86-87fc-46bb-898d-61186b062279" testListId="8c84fa94-04c1-424b-9868-57a2d4851a1d" />
    <TestEntry testId="56cb2ba6-bd19-5c25-a99a-9bed17136d50" executionId="8b022925-897a-4cd6-8c9d-186b1a730238" testListId="8c84fa94-04c1-424b-9868-57a2d4851a1d" />
    <TestEntry testId="5786b163-ef5c-e0c4-11da-ed5c7ebd591c" executionId="09100803-3b88-4027-924e-4d2057c9e0af" testListId="8c84fa94-04c1-424b-9868-57a2d4851a1d" />
    <TestEntry testId="5d59f492-e6d2-4a32-8cb5-8bac5548a5fd" executionId="2f22ef8a-380d-473e-9008-3c0020d8285a" testListId="8c84fa94-04c1-424b-9868-57a2d4851a1d" />
    <TestEntry testId="5fe42e9d-f3d6-6b59-1cde-9ee6b0948802" executionId="f20e7440-8955-4704-a083-3a261550248d" testListId="8c84fa94-04c1-424b-9868-57a2d4851a1d" />
    <TestEntry testId="68515e07-492a-8340-8ae8-e1f724f6552a" executionId="40c4055b-d4ff-4481-a279-d37cf6269af7" testListId="8c84fa94-04c1-424b-9868-57a2d4851a1d" />
    <TestEntry testId="68595d26-57a1-321d-c72e-7ab1ba9f7821" executionId="9ae975ea-7635-4f71-b8be-c3337329795c" testListId="8c84fa94-04c1-424b-9868-57a2d4851a1d" />
    <TestEntry testId="6eb006b0-f141-29b2-0ec3-c52e70221b01" executionId="1cfe9ecd-33ee-46ba-a4af-aa81c394aea9" testListId="8c84fa94-04c1-424b-9868-57a2d4851a1d" />
    <TestEntry testId="710056e6-b337-9739-6344-1fd443c7a2b3" executionId="eddaa4d6-241e-467c-a8c9-231657106379" testListId="8c84fa94-04c1-424b-9868-57a2d4851a1d" />
    <TestEntry testId="71f98d0e-df98-5602-5fd6-919d9101bb93" executionId="8ecd31df-daa2-42b4-931a-a0bde275019f" testListId="8c84fa94-04c1-424b-9868-57a2d4851a1d" />
    <TestEntry testId="7a009e26-62e5-1f69-5cdb-854dc672f6ae" executionId="a98f58ce-12bd-481c-aa96-1ae61574e932" testListId="8c84fa94-04c1-424b-9868-57a2d4851a1d" />
    <TestEntry testId="7a76042e-b11e-169d-7b16-2fadf1332acd" executionId="9bae197a-cf18-47c3-9023-af373f80be0a" testListId="8c84fa94-04c1-424b-9868-57a2d4851a1d" />
    <TestEntry testId="7ae1ddc5-c3b0-7641-cb10-f72206ce0466" executionId="1afbf455-2ee0-49e5-b87e-d08e7e1fb97f" testListId="8c84fa94-04c1-424b-9868-57a2d4851a1d" />
    <TestEntry testId="7d09f543-4324-80a8-54ae-156dcda31038" executionId="11cc0504-9598-4262-b846-62622d2f585b" testListId="8c84fa94-04c1-424b-9868-57a2d4851a1d" />
    <TestEntry testId="7d1001da-6055-18e2-1484-260115b93ccf" executionId="3a4dde04-bf21-4f20-8c67-df73c5035b4c" testListId="8c84fa94-04c1-424b-9868-57a2d4851a1d" />
    <TestEntry testId="7d6998de-08bc-b5a5-f97c-68e4a87d69dc" executionId="e383c7f1-e812-414a-a3fb-40f3ab2da79d" testListId="8c84fa94-04c1-424b-9868-57a2d4851a1d" />
    <TestEntry testId="806d5e37-6070-b15c-e509-59745df24b26" executionId="015bc35a-af78-4af2-89ce-e7f60f48c8db" testListId="8c84fa94-04c1-424b-9868-57a2d4851a1d" />
    <TestEntry testId="83144cc2-eba3-40b7-3a94-8375dcee99f1" executionId="da1d7a26-3647-4d40-bd0c-95b1b9ada884" testListId="8c84fa94-04c1-424b-9868-57a2d4851a1d" />
    <TestEntry testId="846215b7-3a17-549a-a8bb-e3c8573dbdf6" executionId="8ad1460e-6f2e-404f-b1b6-acdb24ad6932" testListId="8c84fa94-04c1-424b-9868-57a2d4851a1d" />
    <TestEntry testId="852657b0-510e-88d6-c043-399bc17187ed" executionId="bbcad486-e540-41a5-9ad5-d4c430f7f95e" testListId="8c84fa94-04c1-424b-9868-57a2d4851a1d" />
    <TestEntry testId="8d3bfe9f-40a5-6515-7c0c-d1c6b7990ea3" executionId="98f46795-0aba-44dd-992e-f2ecfa4dd343" testListId="8c84fa94-04c1-424b-9868-57a2d4851a1d" />
    <TestEntry testId="8e102b5d-e958-b297-bb65-7f1f98f7fdce" executionId="9a57d43b-df80-4f0b-b84a-0a6f9362c37c" testListId="8c84fa94-04c1-424b-9868-57a2d4851a1d" />
    <TestEntry testId="8f90efd1-0a3e-6847-1469-eec0d3368773" executionId="04d10af9-f823-4ce3-8aa3-ce8280ab065c" testListId="8c84fa94-04c1-424b-9868-57a2d4851a1d" />
    <TestEntry testId="966d9ca3-96a8-e299-9eae-7de085d51e46" executionId="6b7534d8-7b97-4ead-a585-baaae5078fc0" testListId="8c84fa94-04c1-424b-9868-57a2d4851a1d" />
    <TestEntry testId="9863ea66-4389-d916-e2df-c69ea144bb25" executionId="8db53029-7f7b-44bf-a9dc-351bb7837ce9" testListId="8c84fa94-04c1-424b-9868-57a2d4851a1d" />
    <TestEntry testId="9ca52fa0-c559-7623-fd35-fc2380d7afd8" executionId="c87dc2ed-e838-453c-9e59-67e5c39275b0" testListId="8c84fa94-04c1-424b-9868-57a2d4851a1d" />
    <TestEntry testId="9d2851ab-0a27-838f-9557-7fe4eb9929c3" executionId="550a3e64-0874-45a2-bca3-8d1eaac5f8da" testListId="8c84fa94-04c1-424b-9868-57a2d4851a1d" />
    <TestEntry testId="a31f17ab-e933-91d3-0be7-69abe24ee67e" executionId="3b1beb36-c381-420e-a0ba-5b2d3cedf0ec" testListId="8c84fa94-04c1-424b-9868-57a2d4851a1d" />
    <TestEntry testId="a32946f4-9589-613f-fb54-5c9eee9a4876" executionId="5cbd33b2-ef22-4846-abe6-5a70c9eee5b9" testListId="8c84fa94-04c1-424b-9868-57a2d4851a1d" />
    <TestEntry testId="a49419de-351d-ddee-3740-c07af74b36d5" executionId="d7c54ae1-487b-443b-8c9c-b5bbdafe5fc6" testListId="8c84fa94-04c1-424b-9868-57a2d4851a1d" />
    <TestEntry testId="a52de280-ccb3-2f52-6566-1bbc9bfb4624" executionId="59c51cf3-0315-47ec-91df-ab06fde3aca1" testListId="8c84fa94-04c1-424b-9868-57a2d4851a1d" />
    <TestEntry testId="a6c1fa83-a867-97da-f19d-bbb05c37bcee" executionId="791d0172-e38f-4921-b5d6-89867b4b806d" testListId="8c84fa94-04c1-424b-9868-57a2d4851a1d" />
    <TestEntry testId="a780d5d0-43e2-3171-7945-424274cf7cfb" executionId="f571335e-f3c4-42be-a9e4-1f49b4f9d3ba" testListId="8c84fa94-04c1-424b-9868-57a2d4851a1d" />
    <TestEntry testId="a92d683e-6db6-da08-1853-c0e53902a155" executionId="92768516-036a-4e51-9364-2fe77f574e84" testListId="8c84fa94-04c1-424b-9868-57a2d4851a1d" />
    <TestEntry testId="ad8e41a5-ec19-61e8-ab78-b0066874f9a4" executionId="ac5fe030-9a60-4ff1-a015-a0849f443646" testListId="8c84fa94-04c1-424b-9868-57a2d4851a1d" />
    <TestEntry testId="b0f72c88-e8e6-d5ef-9b19-7fed7babeddb" executionId="355dfaa8-d67b-4e36-8c01-7ebc3c218053" testListId="8c84fa94-04c1-424b-9868-57a2d4851a1d" />
    <TestEntry testId="b1a7abd8-8831-126c-749d-ed4bdc9d0f13" executionId="e3e46460-6d6b-461e-a888-4513fbef09bc" testListId="8c84fa94-04c1-424b-9868-57a2d4851a1d" />
    <TestEntry testId="b3e5450c-7394-e772-4c0f-83c0f0cc9085" executionId="14cca800-781e-41be-9ee0-38203f41fe37" testListId="8c84fa94-04c1-424b-9868-57a2d4851a1d" />
    <TestEntry testId="b6265d2d-5cae-e3d4-95b5-67607627ef13" executionId="9ccc5017-aa27-40e5-bc75-fa1dff43915b" testListId="8c84fa94-04c1-424b-9868-57a2d4851a1d" />
    <TestEntry testId="b8b966b4-c265-1627-ba5e-4d3e17d291be" executionId="f98397c3-aac5-49d7-a072-c640131f5a90" testListId="8c84fa94-04c1-424b-9868-57a2d4851a1d" />
    <TestEntry testId="b9b9c38a-74e2-e207-0c28-3fdf5244ae4b" executionId="8657cd46-4cf3-4ce4-b88f-955fa1be447e" testListId="8c84fa94-04c1-424b-9868-57a2d4851a1d" />
    <TestEntry testId="c14c078d-036a-ef14-90a0-c1d1a047c940" executionId="0d15268f-345f-4842-ade9-89db262a0bf4" testListId="8c84fa94-04c1-424b-9868-57a2d4851a1d" />
    <TestEntry testId="c6f13921-acfe-5e3f-88bd-0ff970c4a9d6" executionId="6e73ea25-2694-4a06-a7e4-f1fc96da5823" testListId="8c84fa94-04c1-424b-9868-57a2d4851a1d" />
    <TestEntry testId="c775d00d-9095-a8a9-2433-76c5a0405657" executionId="de4803b1-b73a-412a-8061-2048bd0b68a5" testListId="8c84fa94-04c1-424b-9868-57a2d4851a1d" />
    <TestEntry testId="d6129223-175a-65cf-54ae-8d91d8e336cb" executionId="f93edafa-4cd6-4e49-8b75-af123c233e94" testListId="8c84fa94-04c1-424b-9868-57a2d4851a1d" />
    <TestEntry testId="da07899b-e0b9-f639-2145-62f05a55637a" executionId="d0baa12b-3a4d-430b-b4cf-25420adb510f" testListId="8c84fa94-04c1-424b-9868-57a2d4851a1d" />
    <TestEntry testId="dd0adaa0-376e-15b3-c394-a4c648706582" executionId="7c68e2e2-8e73-40d5-8bee-a534f8213c2c" testListId="8c84fa94-04c1-424b-9868-57a2d4851a1d" />
    <TestEntry testId="e3d8badb-d961-d4d2-2fc7-38832d7198cd" executionId="c5a0e583-a3cd-4600-8db2-4e0102bde9df" testListId="8c84fa94-04c1-424b-9868-57a2d4851a1d" />
    <TestEntry testId="e7bbd4b2-5c95-3563-fc1e-37f3d3d4a55d" executionId="57092c73-52fb-40b4-ad3e-142af0193443" testListId="8c84fa94-04c1-424b-9868-57a2d4851a1d" />
    <TestEntry testId="e814db0b-a976-414f-8c66-ad00681e848f" executionId="d88be975-49a0-4c34-910a-5ac0b414a18b" testListId="8c84fa94-04c1-424b-9868-57a2d4851a1d" />
    <TestEntry testId="ec7711e0-6e36-94b0-fa70-9adecfa8a8f1" executionId="6fe2c45e-ae9e-4fc6-b4dd-428ca36af7b0" testListId="8c84fa94-04c1-424b-9868-57a2d4851a1d" />
    <TestEntry testId="fd2d9e08-8f5d-4406-828f-63af07dc5bf7" executionId="30ba7bfb-9e37-4392-9aea-4fb55abb608d" testListId="8c84fa94-04c1-424b-9868-57a2d4851a1d" />
    <TestEntry testId="fe3768ee-5ae4-68d3-ca82-4c54def2a86c" executionId="cdb03ade-ed0f-44a8-b4fb-a1f87e17c480" testListId="8c84fa94-04c1-424b-9868-57a2d4851a1d" />
    <TestEntry testId="fecce3eb-38e3-4ca9-5430-fcce974236b4" executionId="d24aa65d-1a8c-4478-83c2-41439e36fb6b" testListId="8c84fa94-04c1-424b-9868-57a2d4851a1d" />
    <TestEntry testId="ffc79e9b-00ea-8cc7-18d0-a502995f20d0" executionId="59a205a3-790d-4196-bfc1-9b9c4e21974d" testListId="8c84fa94-04c1-424b-9868-57a2d4851a1d" />
  </TestEntries>
  <Results>
    <UnitTestResult executionId="7abb1937-30c9-4f54-87c8-ce3012c8fff6" testId="00d57f25-d21b-e712-e7ff-b98a3d6f01aa" testName="ANoteWithAnAllWhitespaceContentIsInvalid" computerName="BLACKBEAUTY" duration="00:00:00.1157311" startTime="2012-08-28T17:02:25.9135274+01:00" endTime="2012-08-28T17:02:26.6955721+01:00" testType="13cdc9d9-ddb5-4fa4-a97d-d965ccfc6d4b" outcome="Passed" testListId="8c84fa94-04c1-424b-9868-57a2d4851a1d" relativeResultsDirectory="7abb1937-30c9-4f54-87c8-ce3012c8fff6">
    </UnitTestResult>
    <UnitTestResult executionId="e7b60aa0-f461-43bd-bcbf-e82a3e9b4979" testId="03ce780a-2410-0155-4350-9f8288a8e596" testName="TaskListsServiceMethodGetByCombinedKeysShouldReturnATaskList" computerName="BLACKBEAUTY" duration="00:00:00.4112836" startTime="2012-08-28T17:02:26.7015725+01:00" endTime="2012-08-28T17:02:27.4196136+01:00" testType="13cdc9d9-ddb5-4fa4-a97d-d965ccfc6d4b" outcome="Passed" testListId="8c84fa94-04c1-424b-9868-57a2d4851a1d" relativeResultsDirectory="e7b60aa0-f461-43bd-bcbf-e82a3e9b4979">
    </UnitTestResult>
    <UnitTestResult executionId="b0a27226-0aa9-4897-a659-fe836c63f4ac" testId="07851a54-f9f2-0370-ef52-acf62480dca3" testName="ANoteWithAnAllWhitespaceTittleIsInvalid" computerName="BLACKBEAUTY" duration="00:00:00.0005387" startTime="2012-08-28T17:02:27.4236138+01:00" endTime="2012-08-28T17:02:27.4296141+01:00" testType="13cdc9d9-ddb5-4fa4-a97d-d965ccfc6d4b" outcome="Passed" testListId="8c84fa94-04c1-424b-9868-57a2d4851a1d" relativeResultsDirectory="b0a27226-0aa9-4897-a659-fe836c63f4ac">
    </UnitTestResult>
    <UnitTestResult executionId="604ec495-9113-470c-9435-7c86bd3a7973" testId="07ee8892-7054-180f-ddec-a98630f0764f" testName="UsersRepositoryLoadShareCallsLoadAndGetFromTheUnitOfWork" computerName="BLACKBEAUTY" duration="00:00:00.4551759" startTime="2012-08-28T17:02:27.4316142+01:00" endTime="2012-08-28T17:02:28.1906577+01:00" testType="13cdc9d9-ddb5-4fa4-a97d-d965ccfc6d4b" outcome="Passed" testListId="8c84fa94-04c1-424b-9868-57a2d4851a1d" relativeResultsDirectory="604ec495-9113-470c-9435-7c86bd3a7973">
    </UnitTestResult>
    <UnitTestResult executionId="704feb5c-fb97-4c06-b5fc-6cee00955d8b" testId="087d9898-edea-6433-a4ef-23fb3738fd61" testName="UsersRepositoryLoadTaskListOwnerCallsLoadAndGetFromTheUnitOfWork" computerName="BLACKBEAUTY" duration="00:00:00.0027686" startTime="2012-08-28T17:02:28.1936578+01:00" endTime="2012-08-28T17:02:28.2016583+01:00" testType="13cdc9d9-ddb5-4fa4-a97d-d965ccfc6d4b" outcome="Passed" testListId="8c84fa94-04c1-424b-9868-57a2d4851a1d" relativeResultsDirectory="704feb5c-fb97-4c06-b5fc-6cee00955d8b">
    </UnitTestResult>
    <UnitTestResult executionId="cfa1e912-84e6-4379-8aa8-597b2a7c9791" testId="0e9aff77-2b4b-fe40-b395-e45251f0a1ee" testName="AUserWithAnNameAllWhitespacesIsInvalid" computerName="BLACKBEAUTY" duration="00:00:00.0049849" startTime="2012-08-28T17:02:28.2036584+01:00" endTime="2012-08-28T17:02:28.2136590+01:00" testType="13cdc9d9-ddb5-4fa4-a97d-d965ccfc6d4b" outcome="Passed" testListId="8c84fa94-04c1-424b-9868-57a2d4851a1d" relativeResultsDirectory="cfa1e912-84e6-4379-8aa8-597b2a7c9791">
    </UnitTestResult>
    <UnitTestResult executionId="c5b2d9b0-2fd6-4493-bfdc-3af331448045" testId="1026c741-dd83-c4ec-8bca-52fe5c047850" testName="NotesServiceMethodHasPermissionToEditShouldReturnTrueForAUserInTheShare" computerName="BLACKBEAUTY" duration="00:00:00.0366910" startTime="2012-08-28T17:02:28.2156591+01:00" endTime="2012-08-28T17:02:28.2576615+01:00" testType="13cdc9d9-ddb5-4fa4-a97d-d965ccfc6d4b" outcome="Passed" testListId="8c84fa94-04c1-424b-9868-57a2d4851a1d" relativeResultsDirectory="c5b2d9b0-2fd6-4493-bfdc-3af331448045">
    </UnitTestResult>
    <UnitTestResult executionId="371335a3-b969-4e6d-8182-2f1d762a875c" testId="14c0b5c2-e01e-d3c7-468e-9874da6b0406" testName="ATaskListWithATittleLongerThan20CharactersIsInvalid" computerName="BLACKBEAUTY" duration="00:00:00.0032272" startTime="2012-08-28T17:02:28.2606617+01:00" endTime="2012-08-28T17:02:28.2686621+01:00" testType="13cdc9d9-ddb5-4fa4-a97d-d965ccfc6d4b" outcome="Passed" testListId="8c84fa94-04c1-424b-9868-57a2d4851a1d" relativeResultsDirectory="371335a3-b969-4e6d-8182-2f1d762a875c">
    </UnitTestResult>
    <UnitTestResult executionId="676d0751-2f28-4768-98ae-063c1f806af3" testId="157b3a3d-66d6-d440-327f-479b45016df4" testName="ANoteWithAnEmptyTittleIsInvalid" computerName="BLACKBEAUTY" duration="00:00:00.0005216" startTime="2012-08-28T17:02:28.2706622+01:00" endTime="2012-08-28T17:02:28.2756625+01:00" testType="13cdc9d9-ddb5-4fa4-a97d-d965ccfc6d4b" outcome="Passed" testListId="8c84fa94-04c1-424b-9868-57a2d4851a1d" relativeResultsDirectory="676d0751-2f28-4768-98ae-063c1f806af3">
    </UnitTestResult>
    <UnitTestResult executionId="38bfdb41-b377-4b09-bdc8-d5fd1cfe136f" testId="17943233-8015-a282-b442-243916829980" testName="NotesRepositoryLoadCallsLoadFromTheUnitOfWork" computerName="BLACKBEAUTY" duration="00:00:00.0356370" startTime="2012-08-28T17:02:28.2786627+01:00" endTime="2012-08-28T17:02:28.3186650+01:00" testType="13cdc9d9-ddb5-4fa4-a97d-d965ccfc6d4b" outcome="Passed" testListId="8c84fa94-04c1-424b-9868-57a2d4851a1d" relativeResultsDirectory="38bfdb41-b377-4b09-bdc8-d5fd1cfe136f">
    </UnitTestResult>
    <UnitTestResult executionId="7f227ccd-472c-4b32-b6c3-7273b8811aea" testId="1a6e3131-7b28-7bfb-ebe5-62afff858b9e" testName="UsersRepositoryDeleteCallsDeleteFromTheUnitOfWork" computerName="BLACKBEAUTY" duration="00:00:00.0040222" startTime="2012-08-28T17:02:28.3206651+01:00" endTime="2012-08-28T17:02:28.3296656+01:00" testType="13cdc9d9-ddb5-4fa4-a97d-d965ccfc6d4b" outcome="Passed" testListId="8c84fa94-04c1-424b-9868-57a2d4851a1d" relativeResultsDirectory="7f227ccd-472c-4b32-b6c3-7273b8811aea">
    </UnitTestResult>
    <UnitTestResult executionId="e970599a-f31f-4cf8-a5d6-595a6526a61f" testId="1c5a4485-18eb-1fb7-a783-fbf6aecbe579" testName="TaskListsRepositoryRemoveShareCallsDeleteFromTheUnitOfWork" computerName="BLACKBEAUTY" duration="00:00:00.0178601" startTime="2012-08-28T17:02:28.3316657+01:00" endTime="2012-08-28T17:02:28.3546670+01:00" testType="13cdc9d9-ddb5-4fa4-a97d-d965ccfc6d4b" outcome="Passed" testListId="8c84fa94-04c1-424b-9868-57a2d4851a1d" relativeResultsDirectory="e970599a-f31f-4cf8-a5d6-595a6526a61f">
    </UnitTestResult>
    <UnitTestResult executionId="6c24a33d-e07e-4094-94d7-6edeeab96806" testId="1d280656-e2df-5314-433f-b3591c27440d" testName="NotesRepositoryHasPermisionToEditCallsGetFromTheUnitOfWork" computerName="BLACKBEAUTY" duration="00:00:00.0075199" startTime="2012-08-28T17:02:28.3566672+01:00" endTime="2012-08-28T17:02:28.3686678+01:00" testType="13cdc9d9-ddb5-4fa4-a97d-d965ccfc6d4b" outcome="Passed" testListId="8c84fa94-04c1-424b-9868-57a2d4851a1d" relativeResultsDirectory="6c24a33d-e07e-4094-94d7-6edeeab96806">
    </UnitTestResult>
    <UnitTestResult executionId="61b50741-3bc8-40ac-a276-7a250c304abd" testId="207fa172-124e-7710-3ae1-207f7e188ab7" testName="UsersRepositoryUserIsRegisteredCallsLoadFromTheUnitOfWorkForANewUser" computerName="BLACKBEAUTY" duration="00:00:00.0580931" startTime="2012-08-28T17:02:28.3716680+01:00" endTime="2012-08-28T17:02:28.4416720+01:00" testType="13cdc9d9-ddb5-4fa4-a97d-d965ccfc6d4b" outcome="Passed" testListId="8c84fa94-04c1-424b-9868-57a2d4851a1d" relativeResultsDirectory="61b50741-3bc8-40ac-a276-7a250c304abd">
    </UnitTestResult>
    <UnitTestResult executionId="b090b596-9e40-4a5a-b3a0-076502601594" testId="2096f5a0-1903-5db2-2c40-833b3a14e68d" testName="ANoteWithANullContainerListIsInvalid" computerName="BLACKBEAUTY" duration="00:00:00.0004819" startTime="2012-08-28T17:02:28.4436721+01:00" endTime="2012-08-28T17:02:28.4496725+01:00" testType="13cdc9d9-ddb5-4fa4-a97d-d965ccfc6d4b" outcome="Passed" testListId="8c84fa94-04c1-424b-9868-57a2d4851a1d" relativeResultsDirectory="b090b596-9e40-4a5a-b3a0-076502601594">
    </UnitTestResult>
    <UnitTestResult executionId="d6a1bd55-5468-45b9-9319-501085bf34e4" testId="23d50d4e-c7ad-15c6-58f2-b5a0b49d6762" testName="TaskListsRepositoryLoadCallsLoadFromTheUnitOfWork" computerName="BLACKBEAUTY" duration="00:00:00.0083968" startTime="2012-08-28T17:02:28.4526726+01:00" endTime="2012-08-28T17:02:28.4666734+01:00" testType="13cdc9d9-ddb5-4fa4-a97d-d965ccfc6d4b" outcome="Passed" testListId="8c84fa94-04c1-424b-9868-57a2d4851a1d" relativeResultsDirectory="d6a1bd55-5468-45b9-9319-501085bf34e4">
    </UnitTestResult>
    <UnitTestResult executionId="a4fa151a-ce3d-4c03-ad43-a3213902ffbb" testId="243a3723-c759-1bdb-8565-43030030c8e3" testName="TaskListsRepositoryUpdateCallsUpdateFromTheUnitOfWork" computerName="BLACKBEAUTY" duration="00:00:00.0040337" startTime="2012-08-28T17:02:28.4686736+01:00" endTime="2012-08-28T17:02:28.4786741+01:00" testType="13cdc9d9-ddb5-4fa4-a97d-d965ccfc6d4b" outcome="Passed" testListId="8c84fa94-04c1-424b-9868-57a2d4851a1d" relativeResultsDirectory="a4fa151a-ce3d-4c03-ad43-a3213902ffbb">
    </UnitTestResult>
    <UnitTestResult executionId="00fd3e8f-99e8-45c2-9ab7-99f4c70bcd5f" testId="289b20e7-b260-bab8-9e9b-721680a9b151" testName="TaskListsRepositoryAddShareCallsCreateFromTheUnitOfWork" computerName="BLACKBEAUTY" duration="00:00:00.0035309" startTime="2012-08-28T17:02:28.4816743+01:00" endTime="2012-08-28T17:02:28.4906748+01:00" testType="13cdc9d9-ddb5-4fa4-a97d-d965ccfc6d4b" outcome="Passed" testListId="8c84fa94-04c1-424b-9868-57a2d4851a1d" relativeResultsDirectory="00fd3e8f-99e8-45c2-9ab7-99f4c70bcd5f">
    </UnitTestResult>
    <UnitTestResult executionId="65eafb35-d81e-453f-b85e-1df5babcf113" testId="2b244028-df83-e3b8-91b4-eb0f42ff37fe" testName="AUserWithAnEmptyNameIsInvalid" computerName="BLACKBEAUTY" duration="00:00:00.0003327" startTime="2012-08-28T17:02:28.4926749+01:00" endTime="2012-08-28T17:02:28.4976752+01:00" testType="13cdc9d9-ddb5-4fa4-a97d-d965ccfc6d4b" outcome="Passed" testListId="8c84fa94-04c1-424b-9868-57a2d4851a1d" relativeResultsDirectory="65eafb35-d81e-453f-b85e-1df5babcf113">
    </UnitTestResult>
    <UnitTestResult executionId="8175a05a-8a39-4481-a589-576d800c9fb8" testId="2d4e2a1a-222a-051d-2148-b1b6eab73111" testName="NotesRepositoryDeleteCallsDeletesFromTheUnitOfWork" computerName="BLACKBEAUTY" duration="00:00:00.0224228" startTime="2012-08-28T17:02:28.4996753+01:00" endTime="2012-08-28T17:02:28.5276769+01:00" testType="13cdc9d9-ddb5-4fa4-a97d-d965ccfc6d4b" outcome="Passed" testListId="8c84fa94-04c1-424b-9868-57a2d4851a1d" relativeResultsDirectory="8175a05a-8a39-4481-a589-576d800c9fb8">
    </UnitTestResult>
    <UnitTestResult executionId="7a2d1a9e-d379-447f-b077-c40e902d8997" testId="2ebf2434-3f8b-3932-cf00-13d37349040e" testName="UsersRepositoryGetByIdentifiersCallsLoadFromTheUnitOfWorkForAnExistingUser" computerName="BLACKBEAUTY" duration="00:00:00.0044057" startTime="2012-08-28T17:02:28.5296771+01:00" endTime="2012-08-28T17:02:28.5386776+01:00" testType="13cdc9d9-ddb5-4fa4-a97d-d965ccfc6d4b" outcome="Passed" testListId="8c84fa94-04c1-424b-9868-57a2d4851a1d" relativeResultsDirectory="7a2d1a9e-d379-447f-b077-c40e902d8997">
    </UnitTestResult>
    <UnitTestResult executionId="93b5a6fb-4367-4fb6-923c-642117c7545f" testId="317d83c6-7888-b2e3-18a3-1679d93597b9" testName="TaskListsServiceMethodUpdateShouldUpdateATaskList" computerName="BLACKBEAUTY" duration="00:00:00.0069948" startTime="2012-08-28T17:02:28.5416777+01:00" endTime="2012-08-28T17:02:28.5536784+01:00" testType="13cdc9d9-ddb5-4fa4-a97d-d965ccfc6d4b" outcome="Passed" testListId="8c84fa94-04c1-424b-9868-57a2d4851a1d" relativeResultsDirectory="93b5a6fb-4367-4fb6-923c-642117c7545f">
    </UnitTestResult>
    <UnitTestResult executionId="bd0b225a-2bff-49bc-a682-d26f9debd97d" testId="31c722d8-5747-84ab-dbe0-e3286ae27d8d" testName="UsersRepositoryLoadCallsLoadFromTheUnitOfWork" computerName="BLACKBEAUTY" duration="00:00:00.0041429" startTime="2012-08-28T17:02:28.5556785+01:00" endTime="2012-08-28T17:02:28.5646791+01:00" testType="13cdc9d9-ddb5-4fa4-a97d-d965ccfc6d4b" outcome="Passed" testListId="8c84fa94-04c1-424b-9868-57a2d4851a1d" relativeResultsDirectory="bd0b225a-2bff-49bc-a682-d26f9debd97d">
    </UnitTestResult>
    <UnitTestResult executionId="2e37dbab-7cb9-420c-a884-826be1a765d2" testId="34307c16-295e-e803-42c0-fc1c9dc9e42e" testName="UsersRepositoryLoadTaskListAssociatedUsersCallsLoadAndGetFromTheUnitOfWork" computerName="BLACKBEAUTY" duration="00:00:00.0101776" startTime="2012-08-28T17:02:28.5666792+01:00" endTime="2012-08-28T17:02:28.5816800+01:00" testType="13cdc9d9-ddb5-4fa4-a97d-d965ccfc6d4b" outcome="Passed" testListId="8c84fa94-04c1-424b-9868-57a2d4851a1d" relativeResultsDirectory="2e37dbab-7cb9-420c-a884-826be1a765d2">
    </UnitTestResult>
    <UnitTestResult executionId="85dd0397-995c-4dee-9cc5-ae64db6e19e5" testId="3b15e204-c4d0-7b16-61a4-7570b81b33a7" testName="NotesServiceMethodNoteWithTitleExistsShouldReturnFalseForNonExistingTitle" computerName="BLACKBEAUTY" duration="00:00:00.0027720" startTime="2012-08-28T17:02:28.5846802+01:00" endTime="2012-08-28T17:02:28.5916806+01:00" testType="13cdc9d9-ddb5-4fa4-a97d-d965ccfc6d4b" outcome="Passed" testListId="8c84fa94-04c1-424b-9868-57a2d4851a1d" relativeResultsDirectory="85dd0397-995c-4dee-9cc5-ae64db6e19e5">
    </UnitTestResult>
    <UnitTestResult executionId="e98b29af-08f8-4963-bf62-cbd9bfd40923" testId="3ccecaf6-b51d-cbc4-debf-7489f5a6a3e4" testName="NotesServiceMethodCopyNoteShouldCopyANote" computerName="BLACKBEAUTY" duration="00:00:00.0093203" startTime="2012-08-28T17:02:28.5936807+01:00" endTime="2012-08-28T17:02:28.6076815+01:00" testType="13cdc9d9-ddb5-4fa4-a97d-d965ccfc6d4b" outcome="Passed" testListId="8c84fa94-04c1-424b-9868-57a2d4851a1d" relativeResultsDirectory="e98b29af-08f8-4963-bf62-cbd9bfd40923">
    </UnitTestResult>
    <UnitTestResult executionId="35e7d440-9a15-4387-bb84-2c91e7818688" testId="4b614527-e28c-581c-d382-32a4d4aafc06" testName="NotesRepositoryNoteWithTitleExistsCallsGetFromTheUnitOfWork" computerName="BLACKBEAUTY" duration="00:00:00.0061558" startTime="2012-08-28T17:02:28.6096816+01:00" endTime="2012-08-28T17:02:28.6206823+01:00" testType="13cdc9d9-ddb5-4fa4-a97d-d965ccfc6d4b" outcome="Passed" testListId="8c84fa94-04c1-424b-9868-57a2d4851a1d" relativeResultsDirectory="35e7d440-9a15-4387-bb84-2c91e7818688">
    </UnitTestResult>
    <UnitTestResult executionId="ba5b29ef-f9c6-4ab7-a761-4aceacba220b" testId="51d63b6c-e217-1034-9362-a2f6bc6d8cdb" testName="NotesServiceMethodDeleteShouldDeleteANote" computerName="BLACKBEAUTY" duration="00:00:00.0046006" startTime="2012-08-28T17:02:28.6236824+01:00" endTime="2012-08-28T17:02:28.6326829+01:00" testType="13cdc9d9-ddb5-4fa4-a97d-d965ccfc6d4b" outcome="Passed" testListId="8c84fa94-04c1-424b-9868-57a2d4851a1d" relativeResultsDirectory="ba5b29ef-f9c6-4ab7-a761-4aceacba220b">
    </UnitTestResult>
    <UnitTestResult executionId="9f15ad49-de68-4397-be8c-bd1f0f6c42e6" testId="53bf3163-df0e-9e62-fb0d-6671ad5acf2e" testName="NotesRepositoryGetCallsGetFromTheUnitOfWorkAndReturnsAnExistingNote" computerName="BLACKBEAUTY" duration="00:00:00.0059195" startTime="2012-08-28T17:02:28.6346831+01:00" endTime="2012-08-28T17:02:28.6456837+01:00" testType="13cdc9d9-ddb5-4fa4-a97d-d965ccfc6d4b" outcome="Passed" testListId="8c84fa94-04c1-424b-9868-57a2d4851a1d" relativeResultsDirectory="9f15ad49-de68-4397-be8c-bd1f0f6c42e6">
    </UnitTestResult>
    <UnitTestResult executionId="6f73fb86-87fc-46bb-898d-61186b062279" testId="54e67131-47df-e2cb-c7bc-1b2b43b86483" testName="UsersRepositoryUserIsRegisteredCallsLoadFromTheUnitOfWorkForAnExistingUser" computerName="BLACKBEAUTY" duration="00:00:00.0030386" startTime="2012-08-28T17:02:28.6476838+01:00" endTime="2012-08-28T17:02:28.6556843+01:00" testType="13cdc9d9-ddb5-4fa4-a97d-d965ccfc6d4b" outcome="Passed" testListId="8c84fa94-04c1-424b-9868-57a2d4851a1d" relativeResultsDirectory="6f73fb86-87fc-46bb-898d-61186b062279">
    </UnitTestResult>
    <UnitTestResult executionId="8b022925-897a-4cd6-8c9d-186b1a730238" testId="56cb2ba6-bd19-5c25-a99a-9bed17136d50" testName="UsersRepositoryParseIdentityProviderParsesYahooCorrectly" computerName="BLACKBEAUTY" duration="00:00:00.0002469" startTime="2012-08-28T17:02:28.6576844+01:00" endTime="2012-08-28T17:02:28.6686850+01:00" testType="13cdc9d9-ddb5-4fa4-a97d-d965ccfc6d4b" outcome="Passed" testListId="8c84fa94-04c1-424b-9868-57a2d4851a1d" relativeResultsDirectory="8b022925-897a-4cd6-8c9d-186b1a730238">
    </UnitTestResult>
    <UnitTestResult executionId="09100803-3b88-4027-924e-4d2057c9e0af" testId="5786b163-ef5c-e0c4-11da-ed5c7ebd591c" testName="NotesServiceMethodUpdateShouldUpdateANote" computerName="BLACKBEAUTY" duration="00:00:00.0015803" startTime="2012-08-28T17:02:28.6706851+01:00" endTime="2012-08-28T17:02:28.6776855+01:00" testType="13cdc9d9-ddb5-4fa4-a97d-d965ccfc6d4b" outcome="Passed" testListId="8c84fa94-04c1-424b-9868-57a2d4851a1d" relativeResultsDirectory="09100803-3b88-4027-924e-4d2057c9e0af">
    </UnitTestResult>
    <UnitTestResult executionId="2f22ef8a-380d-473e-9008-3c0020d8285a" testId="5d59f492-e6d2-4a32-8cb5-8bac5548a5fd" testName="NotesRepositoryGetWihtFilterCallsGetFromTheUnitOfWorkAndReturnsAnExistingNote" computerName="BLACKBEAUTY" duration="00:00:00.0031691" startTime="2012-08-28T17:02:28.6796856+01:00" endTime="2012-08-28T17:02:28.6876861+01:00" testType="13cdc9d9-ddb5-4fa4-a97d-d965ccfc6d4b" outcome="Passed" testListId="8c84fa94-04c1-424b-9868-57a2d4851a1d" relativeResultsDirectory="2f22ef8a-380d-473e-9008-3c0020d8285a">
    </UnitTestResult>
    <UnitTestResult executionId="f20e7440-8955-4704-a083-3a261550248d" testId="5fe42e9d-f3d6-6b59-1cde-9ee6b0948802" testName="TaskListsServiceMethodGetShouldReturnNullForANonExistingTaskList" computerName="BLACKBEAUTY" duration="00:00:00.0004222" startTime="2012-08-28T17:02:28.6896862+01:00" endTime="2012-08-28T17:02:28.6946865+01:00" testType="13cdc9d9-ddb5-4fa4-a97d-d965ccfc6d4b" outcome="Passed" testListId="8c84fa94-04c1-424b-9868-57a2d4851a1d" relativeResultsDirectory="f20e7440-8955-4704-a083-3a261550248d">
    </UnitTestResult>
    <UnitTestResult executionId="40c4055b-d4ff-4481-a279-d37cf6269af7" testId="68515e07-492a-8340-8ae8-e1f724f6552a" testName="TaskListsRepositoryCreateCallsCreatesFromTheUnitOfWork" computerName="BLACKBEAUTY" duration="00:00:00.0042086" startTime="2012-08-28T17:02:28.6976867+01:00" endTime="2012-08-28T17:02:28.7116875+01:00" testType="13cdc9d9-ddb5-4fa4-a97d-d965ccfc6d4b" outcome="Passed" testListId="8c84fa94-04c1-424b-9868-57a2d4851a1d" relativeResultsDirectory="40c4055b-d4ff-4481-a279-d37cf6269af7">
    </UnitTestResult>
    <UnitTestResult executionId="9ae975ea-7635-4f71-b8be-c3337329795c" testId="68595d26-57a1-321d-c72e-7ab1ba9f7821" testName="AUserWithAnInvalidEmailIsInvalid" computerName="BLACKBEAUTY" duration="00:00:00.0167195" startTime="2012-08-28T17:02:28.7146876+01:00" endTime="2012-08-28T17:02:28.7356888+01:00" testType="13cdc9d9-ddb5-4fa4-a97d-d965ccfc6d4b" outcome="Passed" testListId="8c84fa94-04c1-424b-9868-57a2d4851a1d" relativeResultsDirectory="9ae975ea-7635-4f71-b8be-c3337329795c">
    </UnitTestResult>
    <UnitTestResult executionId="1cfe9ecd-33ee-46ba-a4af-aa81c394aea9" testId="6eb006b0-f141-29b2-0ec3-c52e70221b01" testName="TaskListsRepositoryHasPermisionToEditCallsGetFromTheUnitOfWork" computerName="BLACKBEAUTY" duration="00:00:00.0074806" startTime="2012-08-28T17:02:28.7386890+01:00" endTime="2012-08-28T17:02:28.7506897+01:00" testType="13cdc9d9-ddb5-4fa4-a97d-d965ccfc6d4b" outcome="Passed" testListId="8c84fa94-04c1-424b-9868-57a2d4851a1d" relativeResultsDirectory="1cfe9ecd-33ee-46ba-a4af-aa81c394aea9">
    </UnitTestResult>
    <UnitTestResult executionId="eddaa4d6-241e-467c-a8c9-231657106379" testId="710056e6-b337-9739-6344-1fd443c7a2b3" testName="AUserWithAnNameThatHasTheCharacterHypenIsInvalid" computerName="BLACKBEAUTY" duration="00:00:00.0003100" startTime="2012-08-28T17:02:28.7536899+01:00" endTime="2012-08-28T17:02:28.7586902+01:00" testType="13cdc9d9-ddb5-4fa4-a97d-d965ccfc6d4b" outcome="Passed" testListId="8c84fa94-04c1-424b-9868-57a2d4851a1d" relativeResultsDirectory="eddaa4d6-241e-467c-a8c9-231657106379">
    </UnitTestResult>
    <UnitTestResult executionId="8ecd31df-daa2-42b4-931a-a0bde275019f" testId="71f98d0e-df98-5602-5fd6-919d9101bb93" testName="ATaskListWithAllPropertiesValidIsValid" computerName="BLACKBEAUTY" duration="00:00:00.0004171" startTime="2012-08-28T17:02:28.7606903+01:00" endTime="2012-08-28T17:02:28.7656906+01:00" testType="13cdc9d9-ddb5-4fa4-a97d-d965ccfc6d4b" outcome="Passed" testListId="8c84fa94-04c1-424b-9868-57a2d4851a1d" relativeResultsDirectory="8ecd31df-daa2-42b4-931a-a0bde275019f">
    </UnitTestResult>
    <UnitTestResult executionId="a98f58ce-12bd-481c-aa96-1ae61574e932" testId="7a009e26-62e5-1f69-5cdb-854dc672f6ae" testName="ANoteWithContentLongerThan50CharactersIsInvalid" computerName="BLACKBEAUTY" duration="00:00:00.0005084" startTime="2012-08-28T17:02:28.7686907+01:00" endTime="2012-08-28T17:02:28.7736910+01:00" testType="13cdc9d9-ddb5-4fa4-a97d-d965ccfc6d4b" outcome="Passed" testListId="8c84fa94-04c1-424b-9868-57a2d4851a1d" relativeResultsDirectory="a98f58ce-12bd-481c-aa96-1ae61574e932">
    </UnitTestResult>
    <UnitTestResult executionId="9bae197a-cf18-47c3-9023-af373f80be0a" testId="7a76042e-b11e-169d-7b16-2fadf1332acd" testName="TaskListRepositoryLoadContainerCallsGetsFromTheUnitOfWork" computerName="BLACKBEAUTY" duration="00:00:00.0068728" startTime="2012-08-28T17:02:28.7756911+01:00" endTime="2012-08-28T17:02:28.7876918+01:00" testType="13cdc9d9-ddb5-4fa4-a97d-d965ccfc6d4b" outcome="Passed" testListId="8c84fa94-04c1-424b-9868-57a2d4851a1d" relativeResultsDirectory="9bae197a-cf18-47c3-9023-af373f80be0a">
    </UnitTestResult>
    <UnitTestResult executionId="1afbf455-2ee0-49e5-b87e-d08e7e1fb97f" testId="7ae1ddc5-c3b0-7641-cb10-f72206ce0466" testName="NotesServiceMethodHasPermissionToEditShouldReturnFalseForAUserNotInTheShare" computerName="BLACKBEAUTY" duration="00:00:00.0007208" startTime="2012-08-28T17:02:28.7946922+01:00" endTime="2012-08-28T17:02:28.8006926+01:00" testType="13cdc9d9-ddb5-4fa4-a97d-d965ccfc6d4b" outcome="Passed" testListId="8c84fa94-04c1-424b-9868-57a2d4851a1d" relativeResultsDirectory="1afbf455-2ee0-49e5-b87e-d08e7e1fb97f">
    </UnitTestResult>
    <UnitTestResult executionId="11cc0504-9598-4262-b846-62622d2f585b" testId="7d09f543-4324-80a8-54ae-156dcda31038" testName="AUserWithAValidEmailIsValid" computerName="BLACKBEAUTY" duration="00:00:00.0018989" startTime="2012-08-28T17:02:28.8026927+01:00" endTime="2012-08-28T17:02:28.8096931+01:00" testType="13cdc9d9-ddb5-4fa4-a97d-d965ccfc6d4b" outcome="Passed" testListId="8c84fa94-04c1-424b-9868-57a2d4851a1d" relativeResultsDirectory="11cc0504-9598-4262-b846-62622d2f585b">
    </UnitTestResult>
    <UnitTestResult executionId="3a4dde04-bf21-4f20-8c67-df73c5035b4c" testId="7d1001da-6055-18e2-1484-260115b93ccf" testName="TaskListsServiceMethodLoadShouldReturnAllTaskLists" computerName="BLACKBEAUTY" duration="00:00:00.0041045" startTime="2012-08-28T17:02:28.8126932+01:00" endTime="2012-08-28T17:02:28.8206937+01:00" testType="13cdc9d9-ddb5-4fa4-a97d-d965ccfc6d4b" outcome="Passed" testListId="8c84fa94-04c1-424b-9868-57a2d4851a1d" relativeResultsDirectory="3a4dde04-bf21-4f20-8c67-df73c5035b4c">
    </UnitTestResult>
    <UnitTestResult executionId="e383c7f1-e812-414a-a3fb-40f3ab2da79d" testId="7d6998de-08bc-b5a5-f97c-68e4a87d69dc" testName="NotesRepositoryAddShareCallsCreateFromTheUnitOfWork" computerName="BLACKBEAUTY" duration="00:00:00.0022581" startTime="2012-08-28T17:02:28.8236939+01:00" endTime="2012-08-28T17:02:28.8306943+01:00" testType="13cdc9d9-ddb5-4fa4-a97d-d965ccfc6d4b" outcome="Passed" testListId="8c84fa94-04c1-424b-9868-57a2d4851a1d" relativeResultsDirectory="e383c7f1-e812-414a-a3fb-40f3ab2da79d">
    </UnitTestResult>
    <UnitTestResult executionId="015bc35a-af78-4af2-89ce-e7f60f48c8db" testId="806d5e37-6070-b15c-e509-59745df24b26" testName="TaskListsServiceMethodGetByFilterShouldReturnATaskList" computerName="BLACKBEAUTY" duration="00:00:00.0090298" startTime="2012-08-28T17:02:28.8326944+01:00" endTime="2012-08-28T17:02:28.8466952+01:00" testType="13cdc9d9-ddb5-4fa4-a97d-d965ccfc6d4b" outcome="Passed" testListId="8c84fa94-04c1-424b-9868-57a2d4851a1d" relativeResultsDirectory="015bc35a-af78-4af2-89ce-e7f60f48c8db">
    </UnitTestResult>
    <UnitTestResult executionId="da1d7a26-3647-4d40-bd0c-95b1b9ada884" testId="83144cc2-eba3-40b7-3a94-8375dcee99f1" testName="UsersRepositoryParseIdentityProviderParsesWindowsLiveIDCorrectly" computerName="BLACKBEAUTY" duration="00:00:00.0002529" startTime="2012-08-28T17:02:28.8486953+01:00" endTime="2012-08-28T17:02:28.8536956+01:00" testType="13cdc9d9-ddb5-4fa4-a97d-d965ccfc6d4b" outcome="Passed" testListId="8c84fa94-04c1-424b-9868-57a2d4851a1d" relativeResultsDirectory="da1d7a26-3647-4d40-bd0c-95b1b9ada884">
    </UnitTestResult>
    <UnitTestResult executionId="8ad1460e-6f2e-404f-b1b6-acdb24ad6932" testId="846215b7-3a17-549a-a8bb-e3c8573dbdf6" testName="TaskListsRepositoryDeleteCallsDeleteFromTheUnitOfWork" computerName="BLACKBEAUTY" duration="00:00:00.0118437" startTime="2012-08-28T17:02:28.8556957+01:00" endTime="2012-08-28T17:02:28.8716966+01:00" testType="13cdc9d9-ddb5-4fa4-a97d-d965ccfc6d4b" outcome="Passed" testListId="8c84fa94-04c1-424b-9868-57a2d4851a1d" relativeResultsDirectory="8ad1460e-6f2e-404f-b1b6-acdb24ad6932">
    </UnitTestResult>
    <UnitTestResult executionId="bbcad486-e540-41a5-9ad5-d4c430f7f95e" testId="852657b0-510e-88d6-c043-399bc17187ed" testName="ANoteWithAnEmptyContentIsInvalid" computerName="BLACKBEAUTY" duration="00:00:00.0005178" startTime="2012-08-28T17:02:28.8746968+01:00" endTime="2012-08-28T17:02:28.8786970+01:00" testType="13cdc9d9-ddb5-4fa4-a97d-d965ccfc6d4b" outcome="Passed" testListId="8c84fa94-04c1-424b-9868-57a2d4851a1d" relativeResultsDirectory="bbcad486-e540-41a5-9ad5-d4c430f7f95e">
    </UnitTestResult>
    <UnitTestResult executionId="98f46795-0aba-44dd-992e-f2ecfa4dd343" testId="8d3bfe9f-40a5-6515-7c0c-d1c6b7990ea3" testName="TaskListsRepositoryGetCallsGetFromTheUnitOfWorkAndReturnsNullForANonExistingTaskList" computerName="BLACKBEAUTY" duration="00:00:00.0013768" startTime="2012-08-28T17:02:28.8816972+01:00" endTime="2012-08-28T17:02:28.8876975+01:00" testType="13cdc9d9-ddb5-4fa4-a97d-d965ccfc6d4b" outcome="Passed" testListId="8c84fa94-04c1-424b-9868-57a2d4851a1d" relativeResultsDirectory="98f46795-0aba-44dd-992e-f2ecfa4dd343">
    </UnitTestResult>
    <UnitTestResult executionId="9a57d43b-df80-4f0b-b84a-0a6f9362c37c" testId="8e102b5d-e958-b297-bb65-7f1f98f7fdce" testName="UsersRepositoryCreateCallsCreateFromTheUnitOfWork" computerName="BLACKBEAUTY" duration="00:00:00.0028437" startTime="2012-08-28T17:02:28.8896976+01:00" endTime="2012-08-28T17:02:28.8966980+01:00" testType="13cdc9d9-ddb5-4fa4-a97d-d965ccfc6d4b" outcome="Passed" testListId="8c84fa94-04c1-424b-9868-57a2d4851a1d" relativeResultsDirectory="9a57d43b-df80-4f0b-b84a-0a6f9362c37c">
    </UnitTestResult>
    <UnitTestResult executionId="04d10af9-f823-4ce3-8aa3-ce8280ab065c" testId="8f90efd1-0a3e-6847-1469-eec0d3368773" testName="UsersRepositoryGetCallsGetFromTheUnitOfWorkAndReturnsNullForANonExistingUser" computerName="BLACKBEAUTY" duration="00:00:00.0010898" startTime="2012-08-28T17:02:28.8996982+01:00" endTime="2012-08-28T17:02:28.9046985+01:00" testType="13cdc9d9-ddb5-4fa4-a97d-d965ccfc6d4b" outcome="Passed" testListId="8c84fa94-04c1-424b-9868-57a2d4851a1d" relativeResultsDirectory="04d10af9-f823-4ce3-8aa3-ce8280ab065c">
    </UnitTestResult>
    <UnitTestResult executionId="6b7534d8-7b97-4ead-a585-baaae5078fc0" testId="966d9ca3-96a8-e299-9eae-7de085d51e46" testName="NotesServiceMethodGetShouldReturnNullForANonExistingNote" computerName="BLACKBEAUTY" duration="00:00:00.0005685" startTime="2012-08-28T17:02:28.9076987+01:00" endTime="2012-08-28T17:02:28.9126990+01:00" testType="13cdc9d9-ddb5-4fa4-a97d-d965ccfc6d4b" outcome="Passed" testListId="8c84fa94-04c1-424b-9868-57a2d4851a1d" relativeResultsDirectory="6b7534d8-7b97-4ead-a585-baaae5078fc0">
    </UnitTestResult>
    <UnitTestResult executionId="8db53029-7f7b-44bf-a9dc-351bb7837ce9" testId="9863ea66-4389-d916-e2df-c69ea144bb25" testName="UsersRepositoryGetCallsWithFilterGetFromTheUnitOfWorkAndReturnsAExistingTaskList" computerName="BLACKBEAUTY" duration="00:00:00.0051858" startTime="2012-08-28T17:02:28.9156991+01:00" endTime="2012-08-28T17:02:28.9256997+01:00" testType="13cdc9d9-ddb5-4fa4-a97d-d965ccfc6d4b" outcome="Passed" testListId="8c84fa94-04c1-424b-9868-57a2d4851a1d" relativeResultsDirectory="8db53029-7f7b-44bf-a9dc-351bb7837ce9">
    </UnitTestResult>
    <UnitTestResult executionId="c87dc2ed-e838-453c-9e59-67e5c39275b0" testId="9ca52fa0-c559-7623-fd35-fc2380d7afd8" testName="TaskListsRepositoryGetSharedCallsLoadFromTheUnitOfWork" computerName="BLACKBEAUTY" duration="00:00:00.0086941" startTime="2012-08-28T17:02:28.9276998+01:00" endTime="2012-08-28T17:02:28.9417006+01:00" testType="13cdc9d9-ddb5-4fa4-a97d-d965ccfc6d4b" outcome="Passed" testListId="8c84fa94-04c1-424b-9868-57a2d4851a1d" relativeResultsDirectory="c87dc2ed-e838-453c-9e59-67e5c39275b0">
    </UnitTestResult>
    <UnitTestResult executionId="550a3e64-0874-45a2-bca3-8d1eaac5f8da" testId="9d2851ab-0a27-838f-9557-7fe4eb9929c3" testName="TaskListsServiceMethodDeleteShouldDeleteATaskList" computerName="BLACKBEAUTY" duration="00:00:00.0021727" startTime="2012-08-28T17:02:28.9437007+01:00" endTime="2012-08-28T17:02:28.9517012+01:00" testType="13cdc9d9-ddb5-4fa4-a97d-d965ccfc6d4b" outcome="Passed" testListId="8c84fa94-04c1-424b-9868-57a2d4851a1d" relativeResultsDirectory="550a3e64-0874-45a2-bca3-8d1eaac5f8da">
    </UnitTestResult>
    <UnitTestResult executionId="3b1beb36-c381-420e-a0ba-5b2d3cedf0ec" testId="a31f17ab-e933-91d3-0be7-69abe24ee67e" testName="NotesServiceMethodLoadNotesShouldLoadAllNotes" computerName="BLACKBEAUTY" duration="00:00:00.0009127" startTime="2012-08-28T17:02:28.9537013+01:00" endTime="2012-08-28T17:02:28.9587016+01:00" testType="13cdc9d9-ddb5-4fa4-a97d-d965ccfc6d4b" outcome="Passed" testListId="8c84fa94-04c1-424b-9868-57a2d4851a1d" relativeResultsDirectory="3b1beb36-c381-420e-a0ba-5b2d3cedf0ec">
    </UnitTestResult>
    <UnitTestResult executionId="5cbd33b2-ef22-4846-abe6-5a70c9eee5b9" testId="a32946f4-9589-613f-fb54-5c9eee9a4876" testName="TaskListsServiceMethodGetShouldReturnATaskList" computerName="BLACKBEAUTY" duration="00:00:00.0004598" startTime="2012-08-28T17:02:28.9617018+01:00" endTime="2012-08-28T17:02:28.9667020+01:00" testType="13cdc9d9-ddb5-4fa4-a97d-d965ccfc6d4b" outcome="Passed" testListId="8c84fa94-04c1-424b-9868-57a2d4851a1d" relativeResultsDirectory="5cbd33b2-ef22-4846-abe6-5a70c9eee5b9">
    </UnitTestResult>
    <UnitTestResult executionId="d7c54ae1-487b-443b-8c9c-b5bbdafe5fc6" testId="a49419de-351d-ddee-3740-c07af74b36d5" testName="NotesRepositoryGetCallsGetFromTheUnitOfWorkAndReturnsNullForANonExistingNote" computerName="BLACKBEAUTY" duration="00:00:00.0013576" startTime="2012-08-28T17:02:28.9687022+01:00" endTime="2012-08-28T17:02:28.9747025+01:00" testType="13cdc9d9-ddb5-4fa4-a97d-d965ccfc6d4b" outcome="Passed" testListId="8c84fa94-04c1-424b-9868-57a2d4851a1d" relativeResultsDirectory="d7c54ae1-487b-443b-8c9c-b5bbdafe5fc6">
    </UnitTestResult>
    <UnitTestResult executionId="59c51cf3-0315-47ec-91df-ab06fde3aca1" testId="a52de280-ccb3-2f52-6566-1bbc9bfb4624" testName="NotesServiceMethodGetShouldReturnANote" computerName="BLACKBEAUTY" duration="00:00:00.0006892" startTime="2012-08-28T17:02:28.9767026+01:00" endTime="2012-08-28T17:02:28.9817029+01:00" testType="13cdc9d9-ddb5-4fa4-a97d-d965ccfc6d4b" outcome="Passed" testListId="8c84fa94-04c1-424b-9868-57a2d4851a1d" relativeResultsDirectory="59c51cf3-0315-47ec-91df-ab06fde3aca1">
    </UnitTestResult>
    <UnitTestResult executionId="791d0172-e38f-4921-b5d6-89867b4b806d" testId="a6c1fa83-a867-97da-f19d-bbb05c37bcee" testName="UsersRepositoryGetByIdentifiersCallsLoadFromTheUnitOfWorkForNonExistingUser" computerName="BLACKBEAUTY" duration="00:00:00.0029004" startTime="2012-08-28T17:02:28.9837030+01:00" endTime="2012-08-28T17:02:28.9917035+01:00" testType="13cdc9d9-ddb5-4fa4-a97d-d965ccfc6d4b" outcome="Passed" testListId="8c84fa94-04c1-424b-9868-57a2d4851a1d" relativeResultsDirectory="791d0172-e38f-4921-b5d6-89867b4b806d">
    </UnitTestResult>
    <UnitTestResult executionId="f571335e-f3c4-42be-a9e4-1f49b4f9d3ba" testId="a780d5d0-43e2-3171-7945-424274cf7cfb" testName="NotesRepositoryUpdateCallsUpdateFromTheUnitOfWork" computerName="BLACKBEAUTY" duration="00:00:00.0034852" startTime="2012-08-28T17:02:28.9937036+01:00" endTime="2012-08-28T17:02:29.0017041+01:00" testType="13cdc9d9-ddb5-4fa4-a97d-d965ccfc6d4b" outcome="Passed" testListId="8c84fa94-04c1-424b-9868-57a2d4851a1d" relativeResultsDirectory="f571335e-f3c4-42be-a9e4-1f49b4f9d3ba">
    </UnitTestResult>
    <UnitTestResult executionId="92768516-036a-4e51-9364-2fe77f574e84" testId="a92d683e-6db6-da08-1853-c0e53902a155" testName="ATaskListWithAnAllWhitespaceTittleIsInvalid" computerName="BLACKBEAUTY" duration="00:00:00.0003898" startTime="2012-08-28T17:02:29.0037042+01:00" endTime="2012-08-28T17:02:29.0087045+01:00" testType="13cdc9d9-ddb5-4fa4-a97d-d965ccfc6d4b" outcome="Passed" testListId="8c84fa94-04c1-424b-9868-57a2d4851a1d" relativeResultsDirectory="92768516-036a-4e51-9364-2fe77f574e84">
    </UnitTestResult>
    <UnitTestResult executionId="ac5fe030-9a60-4ff1-a015-a0849f443646" testId="ad8e41a5-ec19-61e8-ab78-b0066874f9a4" testName="TaskListsRepositoryGetCallsWithFilterGetFromTheUnitOfWorkAndReturnsAExistingTaskList" computerName="BLACKBEAUTY" duration="00:00:00.0053142" startTime="2012-08-28T17:02:29.0107046+01:00" endTime="2012-08-28T17:02:29.0207051+01:00" testType="13cdc9d9-ddb5-4fa4-a97d-d965ccfc6d4b" outcome="Passed" testListId="8c84fa94-04c1-424b-9868-57a2d4851a1d" relativeResultsDirectory="ac5fe030-9a60-4ff1-a015-a0849f443646">
    </UnitTestResult>
    <UnitTestResult executionId="355dfaa8-d67b-4e36-8c01-7ebc3c218053" testId="b0f72c88-e8e6-d5ef-9b19-7fed7babeddb" testName="ATaskListWithAnEmptyTittleIsInvalid" computerName="BLACKBEAUTY" duration="00:00:00.0004026" startTime="2012-08-28T17:02:29.0237053+01:00" endTime="2012-08-28T17:02:29.0287056+01:00" testType="13cdc9d9-ddb5-4fa4-a97d-d965ccfc6d4b" outcome="Passed" testListId="8c84fa94-04c1-424b-9868-57a2d4851a1d" relativeResultsDirectory="355dfaa8-d67b-4e36-8c01-7ebc3c218053">
    </UnitTestResult>
    <UnitTestResult executionId="e3e46460-6d6b-461e-a888-4513fbef09bc" testId="b1a7abd8-8831-126c-749d-ed4bdc9d0f13" testName="NotesServiceMethodLoadShouldReturnAllNotes" computerName="BLACKBEAUTY" duration="00:00:00.0021809" startTime="2012-08-28T17:02:29.0317058+01:00" endTime="2012-08-28T17:02:29.0397062+01:00" testType="13cdc9d9-ddb5-4fa4-a97d-d965ccfc6d4b" outcome="Passed" testListId="8c84fa94-04c1-424b-9868-57a2d4851a1d" relativeResultsDirectory="e3e46460-6d6b-461e-a888-4513fbef09bc">
    </UnitTestResult>
    <UnitTestResult executionId="14cca800-781e-41be-9ee0-38203f41fe37" testId="b3e5450c-7394-e772-4c0f-83c0f0cc9085" testName="NotesRepositoryCreateCallsCreateFromTheUnitOfWork" computerName="BLACKBEAUTY" duration="00:00:00.0080432" startTime="2012-08-28T17:02:29.0417063+01:00" endTime="2012-08-28T17:02:29.0547071+01:00" testType="13cdc9d9-ddb5-4fa4-a97d-d965ccfc6d4b" outcome="Passed" testListId="8c84fa94-04c1-424b-9868-57a2d4851a1d" relativeResultsDirectory="14cca800-781e-41be-9ee0-38203f41fe37">
    </UnitTestResult>
    <UnitTestResult executionId="9ccc5017-aa27-40e5-bc75-fa1dff43915b" testId="b6265d2d-5cae-e3d4-95b5-67607627ef13" testName="NotesServiceMethodNoteWithTitleExistsShouldReturnTrueForAnExistingTitle" computerName="BLACKBEAUTY" duration="00:00:00.0006048" startTime="2012-08-28T17:02:29.0567072+01:00" endTime="2012-08-28T17:02:29.0627075+01:00" testType="13cdc9d9-ddb5-4fa4-a97d-d965ccfc6d4b" outcome="Passed" testListId="8c84fa94-04c1-424b-9868-57a2d4851a1d" relativeResultsDirectory="9ccc5017-aa27-40e5-bc75-fa1dff43915b">
    </UnitTestResult>
    <UnitTestResult executionId="f98397c3-aac5-49d7-a072-c640131f5a90" testId="b8b966b4-c265-1627-ba5e-4d3e17d291be" testName="UsersRepositoryGetCallsGetFromTheUnitOfWorkAndReturnsAExistingUser" computerName="BLACKBEAUTY" duration="00:00:00.0021152" startTime="2012-08-28T17:02:29.0647077+01:00" endTime="2012-08-28T17:02:29.0717081+01:00" testType="13cdc9d9-ddb5-4fa4-a97d-d965ccfc6d4b" outcome="Passed" testListId="8c84fa94-04c1-424b-9868-57a2d4851a1d" relativeResultsDirectory="f98397c3-aac5-49d7-a072-c640131f5a90">
    </UnitTestResult>
    <UnitTestResult executionId="8657cd46-4cf3-4ce4-b88f-955fa1be447e" testId="b9b9c38a-74e2-e207-0c28-3fdf5244ae4b" testName="NotesServiceMethodRemoveShareShouldRemoveAShareFromTheNoteShares" computerName="BLACKBEAUTY" duration="00:00:00.0013662" startTime="2012-08-28T17:02:29.0737082+01:00" endTime="2012-08-28T17:02:29.0957094+01:00" testType="13cdc9d9-ddb5-4fa4-a97d-d965ccfc6d4b" outcome="Passed" testListId="8c84fa94-04c1-424b-9868-57a2d4851a1d" relativeResultsDirectory="8657cd46-4cf3-4ce4-b88f-955fa1be447e">
    </UnitTestResult>
    <UnitTestResult executionId="0d15268f-345f-4842-ade9-89db262a0bf4" testId="c14c078d-036a-ef14-90a0-c1d1a047c940" testName="ANoteWithAllValidPropertiesIsValid" computerName="BLACKBEAUTY" duration="00:00:00.0005203" startTime="2012-08-28T17:02:29.0977095+01:00" endTime="2012-08-28T17:02:29.1027098+01:00" testType="13cdc9d9-ddb5-4fa4-a97d-d965ccfc6d4b" outcome="Passed" testListId="8c84fa94-04c1-424b-9868-57a2d4851a1d" relativeResultsDirectory="0d15268f-345f-4842-ade9-89db262a0bf4">
    </UnitTestResult>
    <UnitTestResult executionId="6e73ea25-2694-4a06-a7e4-f1fc96da5823" testId="c6f13921-acfe-5e3f-88bd-0ff970c4a9d6" testName="NotesServiceMethodGetByFilterShouldReturnANote" computerName="BLACKBEAUTY" duration="00:00:00.0077319" startTime="2012-08-28T17:02:29.1047099+01:00" endTime="2012-08-28T17:02:29.1177107+01:00" testType="13cdc9d9-ddb5-4fa4-a97d-d965ccfc6d4b" outcome="Passed" testListId="8c84fa94-04c1-424b-9868-57a2d4851a1d" relativeResultsDirectory="6e73ea25-2694-4a06-a7e4-f1fc96da5823">
    </UnitTestResult>
    <UnitTestResult executionId="de4803b1-b73a-412a-8061-2048bd0b68a5" testId="c775d00d-9095-a8a9-2433-76c5a0405657" testName="NotesRepositoryRemoveShareCallsDeleteFromTheUnitOfWork" computerName="BLACKBEAUTY" duration="00:00:00.0022687" startTime="2012-08-28T17:02:29.1207109+01:00" endTime="2012-08-28T17:02:29.1277113+01:00" testType="13cdc9d9-ddb5-4fa4-a97d-d965ccfc6d4b" outcome="Passed" testListId="8c84fa94-04c1-424b-9868-57a2d4851a1d" relativeResultsDirectory="de4803b1-b73a-412a-8061-2048bd0b68a5">
    </UnitTestResult>
    <UnitTestResult executionId="f93edafa-4cd6-4e49-8b75-af123c233e94" testId="d6129223-175a-65cf-54ae-8d91d8e336cb" testName="UsersRepositoryParseIdentityProviderParsesGoogleCorrectly" computerName="BLACKBEAUTY" duration="00:00:00.0002307" startTime="2012-08-28T17:02:29.1297114+01:00" endTime="2012-08-28T17:02:29.1347117+01:00" testType="13cdc9d9-ddb5-4fa4-a97d-d965ccfc6d4b" outcome="Passed" testListId="8c84fa94-04c1-424b-9868-57a2d4851a1d" relativeResultsDirectory="f93edafa-4cd6-4e49-8b75-af123c233e94">
    </UnitTestResult>
    <UnitTestResult executionId="d0baa12b-3a4d-430b-b4cf-25420adb510f" testId="da07899b-e0b9-f639-2145-62f05a55637a" testName="UsersRepositoryUpdateCallsUpdateFromTheUnitOfWork" computerName="BLACKBEAUTY" duration="00:00:00.0015645" startTime="2012-08-28T17:02:29.1367118+01:00" endTime="2012-08-28T17:02:29.1427121+01:00" testType="13cdc9d9-ddb5-4fa4-a97d-d965ccfc6d4b" outcome="Passed" testListId="8c84fa94-04c1-424b-9868-57a2d4851a1d" relativeResultsDirectory="d0baa12b-3a4d-430b-b4cf-25420adb510f">
    </UnitTestResult>
    <UnitTestResult executionId="7c68e2e2-8e73-40d5-8bee-a534f8213c2c" testId="dd0adaa0-376e-15b3-c394-a4c648706582" testName="NotesServiceMethodCreateShouldCreateANote" computerName="BLACKBEAUTY" duration="00:00:00.0009563" startTime="2012-08-28T17:02:29.1457123+01:00" endTime="2012-08-28T17:02:29.1507126+01:00" testType="13cdc9d9-ddb5-4fa4-a97d-d965ccfc6d4b" outcome="Passed" testListId="8c84fa94-04c1-424b-9868-57a2d4851a1d" relativeResultsDirectory="7c68e2e2-8e73-40d5-8bee-a534f8213c2c">
    </UnitTestResult>
    <UnitTestResult executionId="c5a0e583-a3cd-4600-8db2-4e0102bde9df" testId="e3d8badb-d961-d4d2-2fc7-38832d7198cd" testName="UsersRepositoryLoadNoteOwnerCallsLoadAndGetFromTheUnitOfWork" computerName="BLACKBEAUTY" duration="00:00:00.0022760" startTime="2012-08-28T17:02:29.1527127+01:00" endTime="2012-08-28T17:02:29.1597131+01:00" testType="13cdc9d9-ddb5-4fa4-a97d-d965ccfc6d4b" outcome="Passed" testListId="8c84fa94-04c1-424b-9868-57a2d4851a1d" relativeResultsDirectory="c5a0e583-a3cd-4600-8db2-4e0102bde9df">
    </UnitTestResult>
    <UnitTestResult executionId="57092c73-52fb-40b4-ad3e-142af0193443" testId="e7bbd4b2-5c95-3563-fc1e-37f3d3d4a55d" testName="AUserWithAnNameThatHasTheCharacterPlusIsInvalid" computerName="BLACKBEAUTY" duration="00:00:00.0003058" startTime="2012-08-28T17:02:29.1627133+01:00" endTime="2012-08-28T17:02:29.1667135+01:00" testType="13cdc9d9-ddb5-4fa4-a97d-d965ccfc6d4b" outcome="Passed" testListId="8c84fa94-04c1-424b-9868-57a2d4851a1d" relativeResultsDirectory="57092c73-52fb-40b4-ad3e-142af0193443">
    </UnitTestResult>
    <UnitTestResult executionId="d88be975-49a0-4c34-910a-5ac0b414a18b" testId="e814db0b-a976-414f-8c66-ad00681e848f" testName="ANoteWithANullOwnerIsInvalid" computerName="BLACKBEAUTY" duration="00:00:00.0004726" startTime="2012-08-28T17:02:29.1687136+01:00" endTime="2012-08-28T17:02:29.1747139+01:00" testType="13cdc9d9-ddb5-4fa4-a97d-d965ccfc6d4b" outcome="Passed" testListId="8c84fa94-04c1-424b-9868-57a2d4851a1d" relativeResultsDirectory="d88be975-49a0-4c34-910a-5ac0b414a18b">
    </UnitTestResult>
    <UnitTestResult executionId="6fe2c45e-ae9e-4fc6-b4dd-428ca36af7b0" testId="ec7711e0-6e36-94b0-fa70-9adecfa8a8f1" testName="NotesRepositoryLoadNotesCallsLoadAndGetsFromTheUnitOfWork" computerName="BLACKBEAUTY" duration="00:00:00.0178430" startTime="2012-08-28T17:02:29.1767141+01:00" endTime="2012-08-28T17:02:29.1987153+01:00" testType="13cdc9d9-ddb5-4fa4-a97d-d965ccfc6d4b" outcome="Passed" testListId="8c84fa94-04c1-424b-9868-57a2d4851a1d" relativeResultsDirectory="6fe2c45e-ae9e-4fc6-b4dd-428ca36af7b0">
    </UnitTestResult>
    <UnitTestResult executionId="30ba7bfb-9e37-4392-9aea-4fb55abb608d" testId="fd2d9e08-8f5d-4406-828f-63af07dc5bf7" testName="ANoteWithATittleLongerThan10CharactersIsInvalid" computerName="BLACKBEAUTY" duration="00:00:00.0004977" startTime="2012-08-28T17:02:29.2017155+01:00" endTime="2012-08-28T17:02:29.2067158+01:00" testType="13cdc9d9-ddb5-4fa4-a97d-d965ccfc6d4b" outcome="Passed" testListId="8c84fa94-04c1-424b-9868-57a2d4851a1d" relativeResultsDirectory="30ba7bfb-9e37-4392-9aea-4fb55abb608d">
    </UnitTestResult>
    <UnitTestResult executionId="cdb03ade-ed0f-44a8-b4fb-a1f87e17c480" testId="fe3768ee-5ae4-68d3-ca82-4c54def2a86c" testName="TaskListsServiceMethodCreateShouldCreateATaskList" computerName="BLACKBEAUTY" duration="00:00:00.0012442" startTime="2012-08-28T17:02:29.2087159+01:00" endTime="2012-08-28T17:02:29.2147162+01:00" testType="13cdc9d9-ddb5-4fa4-a97d-d965ccfc6d4b" outcome="Passed" testListId="8c84fa94-04c1-424b-9868-57a2d4851a1d" relativeResultsDirectory="cdb03ade-ed0f-44a8-b4fb-a1f87e17c480">
    </UnitTestResult>
    <UnitTestResult executionId="d24aa65d-1a8c-4478-83c2-41439e36fb6b" testId="fecce3eb-38e3-4ca9-5430-fcce974236b4" testName="NotesServiceMethodAddShareShouldAddAUserToTheNoteShares" computerName="BLACKBEAUTY" duration="00:00:00.0010190" startTime="2012-08-28T17:02:29.2167163+01:00" endTime="2012-08-28T17:02:29.2227167+01:00" testType="13cdc9d9-ddb5-4fa4-a97d-d965ccfc6d4b" outcome="Passed" testListId="8c84fa94-04c1-424b-9868-57a2d4851a1d" relativeResultsDirectory="d24aa65d-1a8c-4478-83c2-41439e36fb6b">
    </UnitTestResult>
    <UnitTestResult executionId="59a205a3-790d-4196-bfc1-9b9c4e21974d" testId="ffc79e9b-00ea-8cc7-18d0-a502995f20d0" testName="TaskListRepositoryGetCallsGetFromTheUnitOfWorkAndReturnsAnExistingTaskList" computerName="BLACKBEAUTY" duration="00:00:00.0025473" startTime="2012-08-28T17:02:29.2247168+01:00" endTime="2012-08-28T17:02:29.2317172+01:00" testType="13cdc9d9-ddb5-4fa4-a97d-d965ccfc6d4b" outcome="Passed" testListId="8c84fa94-04c1-424b-9868-57a2d4851a1d" relativeResultsDirectory="59a205a3-790d-4196-bfc1-9b9c4e21974d">
    </UnitTestResult>
  </Results>
</TestRun>