<?xml version="1.0" encoding="UTF-8"?>
<TestRun id="12ad5bed-84f7-48df-902c-492ba1ca68c9" name="Luis@BLACKBEAUTY 2012-07-03 19:20:08" runUser="BlackBeauty\Luis" xmlns="http://microsoft.com/schemas/VisualStudio/TeamTest/2010">
  <TestSettings name="Local" id="a9c45579-508c-4524-9966-e1f8cfbc3e28">
    <Description>These are default test settings for a local test run.</Description>
    <Deployment userDeploymentRoot="D:\Backup CloudNotes\CloudNotes\CloudNotes\TestResults" useDefaultDeploymentRoot="false" enabled="false" runDeploymentRoot="Luis_BLACKBEAUTY 2012-07-03 19_20_08">
      <DeploymentItem filename="D:\Backup CloudNotes\CloudNotes\CloudNotes\CloudNotes.Domain\bin\Debug\CloudNotes.Domain.dll" />
    </Deployment>
    <Execution>
      <TestTypeSpecific />
      <AgentRule name="Execution Agents">
      </AgentRule>
    </Execution>
  </TestSettings>
  <Times creation="2012-07-03T19:20:08.0175200+01:00" queuing="2012-07-03T19:20:08.0725231+01:00" start="2012-07-03T19:20:08.0875240+01:00" finish="2012-07-03T19:20:08.7645627+01:00" />
  <ResultSummary outcome="Completed">
    <Counters total="17" executed="17" passed="17" error="0" failed="0" timeout="0" aborted="0" inconclusive="0" passedButRunAborted="0" notRunnable="0" notExecuted="0" disconnected="0" warning="0" completed="0" inProgress="0" pending="0" />
  </ResultSummary>
  <TestDefinitions>
    <UnitTest name="ANoteWithAnAllWhitespaceContentIsInvalid" storage="d:\backup cloudnotes\cloudnotes\cloudnotes\cloudnotes.tests.domain\bin\debug\cloudnotes.tests.domain.dll" id="00d57f25-d21b-e712-e7ff-b98a3d6f01aa">
      <Execution id="4f76b8b1-c0ce-4eb8-b8cd-67e45aea1cbc" />
      <TestMethod codeBase="D:/Backup CloudNotes/CloudNotes/CloudNotes/CloudNotes.Tests.Domain/bin/Debug/CloudNotes.Tests.Domain.DLL" adapterTypeName="Microsoft.VisualStudio.TestTools.TestTypes.Unit.UnitTestAdapter, Microsoft.VisualStudio.QualityTools.Tips.UnitTest.Adapter, Version=10.0.0.0, Culture=neutral, PublicKeyToken=b03f5f7f11d50a3a" className="CloudNotes.Tests.Domain.DomainTests, CloudNotes.Tests.Domain, Version=1.0.0.0, Culture=neutral, PublicKeyToken=null" name="ANoteWithAnAllWhitespaceContentIsInvalid" />
    </UnitTest>
    <UnitTest name="AUserWithAnAllWhitespaceNameIdentitiferIdentityProviderIsInvalid" storage="d:\backup cloudnotes\cloudnotes\cloudnotes\cloudnotes.tests.domain\bin\debug\cloudnotes.tests.domain.dll" id="7b077f22-22e9-49cd-daef-17e3a82a58b9">
      <Execution id="26ca0f03-56e8-4288-bfe4-c324ec0facab" />
      <TestMethod codeBase="D:/Backup CloudNotes/CloudNotes/CloudNotes/CloudNotes.Tests.Domain/bin/Debug/CloudNotes.Tests.Domain.DLL" adapterTypeName="Microsoft.VisualStudio.TestTools.TestTypes.Unit.UnitTestAdapter, Microsoft.VisualStudio.QualityTools.Tips.UnitTest.Adapter, Version=10.0.0.0, Culture=neutral, PublicKeyToken=b03f5f7f11d50a3a" className="CloudNotes.Tests.Domain.DomainTests, CloudNotes.Tests.Domain, Version=1.0.0.0, Culture=neutral, PublicKeyToken=null" name="AUserWithAnAllWhitespaceNameIdentitiferIdentityProviderIsInvalid" />
    </UnitTest>
    <UnitTest name="ANoteWithAnEmptyContentIsInvalid" storage="d:\backup cloudnotes\cloudnotes\cloudnotes\cloudnotes.tests.domain\bin\debug\cloudnotes.tests.domain.dll" id="852657b0-510e-88d6-c043-399bc17187ed">
      <Execution id="6977c1ee-de6c-4e25-94fc-51b200863677" />
      <TestMethod codeBase="D:/Backup CloudNotes/CloudNotes/CloudNotes/CloudNotes.Tests.Domain/bin/Debug/CloudNotes.Tests.Domain.DLL" adapterTypeName="Microsoft.VisualStudio.TestTools.TestTypes.Unit.UnitTestAdapter, Microsoft.VisualStudio.QualityTools.Tips.UnitTest.Adapter, Version=10.0.0.0, Culture=neutral, PublicKeyToken=b03f5f7f11d50a3a" className="CloudNotes.Tests.Domain.DomainTests, CloudNotes.Tests.Domain, Version=1.0.0.0, Culture=neutral, PublicKeyToken=null" name="ANoteWithAnEmptyContentIsInvalid" />
    </UnitTest>
    <UnitTest name="AUserWithAValidEmailIsValid" storage="d:\backup cloudnotes\cloudnotes\cloudnotes\cloudnotes.tests.domain\bin\debug\cloudnotes.tests.domain.dll" id="7d09f543-4324-80a8-54ae-156dcda31038">
      <Execution id="2e3bfe91-ff7e-4e9e-bb57-20b7b0036e3b" />
      <TestMethod codeBase="D:/Backup CloudNotes/CloudNotes/CloudNotes/CloudNotes.Tests.Domain/bin/Debug/CloudNotes.Tests.Domain.DLL" adapterTypeName="Microsoft.VisualStudio.TestTools.TestTypes.Unit.UnitTestAdapter, Microsoft.VisualStudio.QualityTools.Tips.UnitTest.Adapter, Version=10.0.0.0, Culture=neutral, PublicKeyToken=b03f5f7f11d50a3a" className="CloudNotes.Tests.Domain.DomainTests, CloudNotes.Tests.Domain, Version=1.0.0.0, Culture=neutral, PublicKeyToken=null" name="AUserWithAValidEmailIsValid" />
    </UnitTest>
    <UnitTest name="ANoteWithAnAllWhitespaceTittleIsInvalid" storage="d:\backup cloudnotes\cloudnotes\cloudnotes\cloudnotes.tests.domain\bin\debug\cloudnotes.tests.domain.dll" id="07851a54-f9f2-0370-ef52-acf62480dca3">
      <Execution id="bd9d84c2-a9b6-4ef9-9823-08c254a548e7" />
      <TestMethod codeBase="D:/Backup CloudNotes/CloudNotes/CloudNotes/CloudNotes.Tests.Domain/bin/Debug/CloudNotes.Tests.Domain.DLL" adapterTypeName="Microsoft.VisualStudio.TestTools.TestTypes.Unit.UnitTestAdapter, Microsoft.VisualStudio.QualityTools.Tips.UnitTest.Adapter, Version=10.0.0.0, Culture=neutral, PublicKeyToken=b03f5f7f11d50a3a" className="CloudNotes.Tests.Domain.DomainTests, CloudNotes.Tests.Domain, Version=1.0.0.0, Culture=neutral, PublicKeyToken=null" name="ANoteWithAnAllWhitespaceTittleIsInvalid" />
    </UnitTest>
    <UnitTest name="ANoteWithATittleLongerThan20CharactersIsInvalid" storage="d:\backup cloudnotes\cloudnotes\cloudnotes\cloudnotes.tests.domain\bin\debug\cloudnotes.tests.domain.dll" id="0ce8d206-0c8a-8c5e-6c07-1fff93fda8b9">
      <Execution id="0c464251-b823-47bb-80d9-0c7f5a405d70" />
      <TestMethod codeBase="D:/Backup CloudNotes/CloudNotes/CloudNotes/CloudNotes.Tests.Domain/bin/Debug/CloudNotes.Tests.Domain.DLL" adapterTypeName="Microsoft.VisualStudio.TestTools.TestTypes.Unit.UnitTestAdapter, Microsoft.VisualStudio.QualityTools.Tips.UnitTest.Adapter, Version=10.0.0.0, Culture=neutral, PublicKeyToken=b03f5f7f11d50a3a" className="CloudNotes.Tests.Domain.DomainTests, CloudNotes.Tests.Domain, Version=1.0.0.0, Culture=neutral, PublicKeyToken=null" name="ANoteWithATittleLongerThan20CharactersIsInvalid" />
    </UnitTest>
    <UnitTest name="ANoteWithANullContainerListIsInvalid" storage="d:\backup cloudnotes\cloudnotes\cloudnotes\cloudnotes.tests.domain\bin\debug\cloudnotes.tests.domain.dll" id="2096f5a0-1903-5db2-2c40-833b3a14e68d">
      <Execution id="71d76859-8e20-4c7d-becf-b0f93c91c269" />
      <TestMethod codeBase="D:/Backup CloudNotes/CloudNotes/CloudNotes/CloudNotes.Tests.Domain/bin/Debug/CloudNotes.Tests.Domain.DLL" adapterTypeName="Microsoft.VisualStudio.TestTools.TestTypes.Unit.UnitTestAdapter, Microsoft.VisualStudio.QualityTools.Tips.UnitTest.Adapter, Version=10.0.0.0, Culture=neutral, PublicKeyToken=b03f5f7f11d50a3a" className="CloudNotes.Tests.Domain.DomainTests, CloudNotes.Tests.Domain, Version=1.0.0.0, Culture=neutral, PublicKeyToken=null" name="ANoteWithANullContainerListIsInvalid" />
    </UnitTest>
    <UnitTest name="ATaskListWithAnEmptyTittleIsInvalid" storage="d:\backup cloudnotes\cloudnotes\cloudnotes\cloudnotes.tests.domain\bin\debug\cloudnotes.tests.domain.dll" id="b0f72c88-e8e6-d5ef-9b19-7fed7babeddb">
      <Execution id="65c943a2-1011-4e7c-8e81-a4775d59fe02" />
      <TestMethod codeBase="D:/Backup CloudNotes/CloudNotes/CloudNotes/CloudNotes.Tests.Domain/bin/Debug/CloudNotes.Tests.Domain.DLL" adapterTypeName="Microsoft.VisualStudio.TestTools.TestTypes.Unit.UnitTestAdapter, Microsoft.VisualStudio.QualityTools.Tips.UnitTest.Adapter, Version=10.0.0.0, Culture=neutral, PublicKeyToken=b03f5f7f11d50a3a" className="CloudNotes.Tests.Domain.DomainTests, CloudNotes.Tests.Domain, Version=1.0.0.0, Culture=neutral, PublicKeyToken=null" name="ATaskListWithAnEmptyTittleIsInvalid" />
    </UnitTest>
    <UnitTest name="ANoteWithAnEmptyTittleIsInvalid" storage="d:\backup cloudnotes\cloudnotes\cloudnotes\cloudnotes.tests.domain\bin\debug\cloudnotes.tests.domain.dll" id="157b3a3d-66d6-d440-327f-479b45016df4">
      <Execution id="b5eeac88-d757-4a62-abcd-f0fa7bcdf7d8" />
      <TestMethod codeBase="D:/Backup CloudNotes/CloudNotes/CloudNotes/CloudNotes.Tests.Domain/bin/Debug/CloudNotes.Tests.Domain.DLL" adapterTypeName="Microsoft.VisualStudio.TestTools.TestTypes.Unit.UnitTestAdapter, Microsoft.VisualStudio.QualityTools.Tips.UnitTest.Adapter, Version=10.0.0.0, Culture=neutral, PublicKeyToken=b03f5f7f11d50a3a" className="CloudNotes.Tests.Domain.DomainTests, CloudNotes.Tests.Domain, Version=1.0.0.0, Culture=neutral, PublicKeyToken=null" name="ANoteWithAnEmptyTittleIsInvalid" />
    </UnitTest>
    <UnitTest name="ATaskListWithAllPropertiesValidIsValid" storage="d:\backup cloudnotes\cloudnotes\cloudnotes\cloudnotes.tests.domain\bin\debug\cloudnotes.tests.domain.dll" id="71f98d0e-df98-5602-5fd6-919d9101bb93">
      <Execution id="b65bf8f0-d3d8-4d81-9e4d-fd070fc5fb70" />
      <TestMethod codeBase="D:/Backup CloudNotes/CloudNotes/CloudNotes/CloudNotes.Tests.Domain/bin/Debug/CloudNotes.Tests.Domain.DLL" adapterTypeName="Microsoft.VisualStudio.TestTools.TestTypes.Unit.UnitTestAdapter, Microsoft.VisualStudio.QualityTools.Tips.UnitTest.Adapter, Version=10.0.0.0, Culture=neutral, PublicKeyToken=b03f5f7f11d50a3a" className="CloudNotes.Tests.Domain.DomainTests, CloudNotes.Tests.Domain, Version=1.0.0.0, Culture=neutral, PublicKeyToken=null" name="ATaskListWithAllPropertiesValidIsValid" />
    </UnitTest>
    <UnitTest name="AUserWithAnEmptyNameIdentitiferIdentityProviderIsInvalid" storage="d:\backup cloudnotes\cloudnotes\cloudnotes\cloudnotes.tests.domain\bin\debug\cloudnotes.tests.domain.dll" id="a68d91f7-6467-c9ba-3630-f5f8421f5b40">
      <Execution id="32838158-46b8-42bc-8cfa-d0dc19b13fcc" />
      <TestMethod codeBase="D:/Backup CloudNotes/CloudNotes/CloudNotes/CloudNotes.Tests.Domain/bin/Debug/CloudNotes.Tests.Domain.DLL" adapterTypeName="Microsoft.VisualStudio.TestTools.TestTypes.Unit.UnitTestAdapter, Microsoft.VisualStudio.QualityTools.Tips.UnitTest.Adapter, Version=10.0.0.0, Culture=neutral, PublicKeyToken=b03f5f7f11d50a3a" className="CloudNotes.Tests.Domain.DomainTests, CloudNotes.Tests.Domain, Version=1.0.0.0, Culture=neutral, PublicKeyToken=null" name="AUserWithAnEmptyNameIdentitiferIdentityProviderIsInvalid" />
    </UnitTest>
    <UnitTest name="ANoteWithANullOwnerIsInvalid" storage="d:\backup cloudnotes\cloudnotes\cloudnotes\cloudnotes.tests.domain\bin\debug\cloudnotes.tests.domain.dll" id="e814db0b-a976-414f-8c66-ad00681e848f">
      <Execution id="d82620e5-c9ff-49fa-a2c5-9115cc46f8a2" />
      <TestMethod codeBase="D:/Backup CloudNotes/CloudNotes/CloudNotes/CloudNotes.Tests.Domain/bin/Debug/CloudNotes.Tests.Domain.DLL" adapterTypeName="Microsoft.VisualStudio.TestTools.TestTypes.Unit.UnitTestAdapter, Microsoft.VisualStudio.QualityTools.Tips.UnitTest.Adapter, Version=10.0.0.0, Culture=neutral, PublicKeyToken=b03f5f7f11d50a3a" className="CloudNotes.Tests.Domain.DomainTests, CloudNotes.Tests.Domain, Version=1.0.0.0, Culture=neutral, PublicKeyToken=null" name="ANoteWithANullOwnerIsInvalid" />
    </UnitTest>
    <UnitTest name="ANoteWithContentLongerThan50CharactersIsInvalid" storage="d:\backup cloudnotes\cloudnotes\cloudnotes\cloudnotes.tests.domain\bin\debug\cloudnotes.tests.domain.dll" id="7a009e26-62e5-1f69-5cdb-854dc672f6ae">
      <Execution id="38c7681d-0ddd-480f-a492-91aafe4bb48e" />
      <TestMethod codeBase="D:/Backup CloudNotes/CloudNotes/CloudNotes/CloudNotes.Tests.Domain/bin/Debug/CloudNotes.Tests.Domain.DLL" adapterTypeName="Microsoft.VisualStudio.TestTools.TestTypes.Unit.UnitTestAdapter, Microsoft.VisualStudio.QualityTools.Tips.UnitTest.Adapter, Version=10.0.0.0, Culture=neutral, PublicKeyToken=b03f5f7f11d50a3a" className="CloudNotes.Tests.Domain.DomainTests, CloudNotes.Tests.Domain, Version=1.0.0.0, Culture=neutral, PublicKeyToken=null" name="ANoteWithContentLongerThan50CharactersIsInvalid" />
    </UnitTest>
    <UnitTest name="ANoteWithAllValidPropertiesIsValid" storage="d:\backup cloudnotes\cloudnotes\cloudnotes\cloudnotes.tests.domain\bin\debug\cloudnotes.tests.domain.dll" id="c14c078d-036a-ef14-90a0-c1d1a047c940">
      <Execution id="251eedac-2560-4898-9d48-46d0c638075f" />
      <TestMethod codeBase="D:/Backup CloudNotes/CloudNotes/CloudNotes/CloudNotes.Tests.Domain/bin/Debug/CloudNotes.Tests.Domain.DLL" adapterTypeName="Microsoft.VisualStudio.TestTools.TestTypes.Unit.UnitTestAdapter, Microsoft.VisualStudio.QualityTools.Tips.UnitTest.Adapter, Version=10.0.0.0, Culture=neutral, PublicKeyToken=b03f5f7f11d50a3a" className="CloudNotes.Tests.Domain.DomainTests, CloudNotes.Tests.Domain, Version=1.0.0.0, Culture=neutral, PublicKeyToken=null" name="ANoteWithAllValidPropertiesIsValid" />
    </UnitTest>
    <UnitTest name="AUserWithAnInvalidEmailIsInvalid" storage="d:\backup cloudnotes\cloudnotes\cloudnotes\cloudnotes.tests.domain\bin\debug\cloudnotes.tests.domain.dll" id="68595d26-57a1-321d-c72e-7ab1ba9f7821">
      <Execution id="bf420fb3-9def-462e-af5f-28db8d160638" />
      <TestMethod codeBase="D:/Backup CloudNotes/CloudNotes/CloudNotes/CloudNotes.Tests.Domain/bin/Debug/CloudNotes.Tests.Domain.DLL" adapterTypeName="Microsoft.VisualStudio.TestTools.TestTypes.Unit.UnitTestAdapter, Microsoft.VisualStudio.QualityTools.Tips.UnitTest.Adapter, Version=10.0.0.0, Culture=neutral, PublicKeyToken=b03f5f7f11d50a3a" className="CloudNotes.Tests.Domain.DomainTests, CloudNotes.Tests.Domain, Version=1.0.0.0, Culture=neutral, PublicKeyToken=null" name="AUserWithAnInvalidEmailIsInvalid" />
    </UnitTest>
    <UnitTest name="ATaskListWithAnAllWhitespaceTittleIsInvalid" storage="d:\backup cloudnotes\cloudnotes\cloudnotes\cloudnotes.tests.domain\bin\debug\cloudnotes.tests.domain.dll" id="a92d683e-6db6-da08-1853-c0e53902a155">
      <Execution id="37d50f11-8ce8-46ff-af36-cf13cddd7bde" />
      <TestMethod codeBase="D:/Backup CloudNotes/CloudNotes/CloudNotes/CloudNotes.Tests.Domain/bin/Debug/CloudNotes.Tests.Domain.DLL" adapterTypeName="Microsoft.VisualStudio.TestTools.TestTypes.Unit.UnitTestAdapter, Microsoft.VisualStudio.QualityTools.Tips.UnitTest.Adapter, Version=10.0.0.0, Culture=neutral, PublicKeyToken=b03f5f7f11d50a3a" className="CloudNotes.Tests.Domain.DomainTests, CloudNotes.Tests.Domain, Version=1.0.0.0, Culture=neutral, PublicKeyToken=null" name="ATaskListWithAnAllWhitespaceTittleIsInvalid" />
    </UnitTest>
    <UnitTest name="ATaskListWithATittleLongerThan20CharactersIsInvalid" storage="d:\backup cloudnotes\cloudnotes\cloudnotes\cloudnotes.tests.domain\bin\debug\cloudnotes.tests.domain.dll" id="14c0b5c2-e01e-d3c7-468e-9874da6b0406">
      <Execution id="2124f980-5be1-46f4-a71d-f427634bb4ac" />
      <TestMethod codeBase="D:/Backup CloudNotes/CloudNotes/CloudNotes/CloudNotes.Tests.Domain/bin/Debug/CloudNotes.Tests.Domain.DLL" adapterTypeName="Microsoft.VisualStudio.TestTools.TestTypes.Unit.UnitTestAdapter, Microsoft.VisualStudio.QualityTools.Tips.UnitTest.Adapter, Version=10.0.0.0, Culture=neutral, PublicKeyToken=b03f5f7f11d50a3a" className="CloudNotes.Tests.Domain.DomainTests, CloudNotes.Tests.Domain, Version=1.0.0.0, Culture=neutral, PublicKeyToken=null" name="ATaskListWithATittleLongerThan20CharactersIsInvalid" />
    </UnitTest>
  </TestDefinitions>
  <TestLists>
    <TestList name="Results Not in a List" id="8c84fa94-04c1-424b-9868-57a2d4851a1d" />
    <TestList name="All Loaded Results" id="19431567-8539-422a-85d7-44ee4e166bda" />
  </TestLists>
  <TestEntries>
    <TestEntry testId="00d57f25-d21b-e712-e7ff-b98a3d6f01aa" executionId="4f76b8b1-c0ce-4eb8-b8cd-67e45aea1cbc" testListId="8c84fa94-04c1-424b-9868-57a2d4851a1d" />
    <TestEntry testId="07851a54-f9f2-0370-ef52-acf62480dca3" executionId="bd9d84c2-a9b6-4ef9-9823-08c254a548e7" testListId="8c84fa94-04c1-424b-9868-57a2d4851a1d" />
    <TestEntry testId="0ce8d206-0c8a-8c5e-6c07-1fff93fda8b9" executionId="0c464251-b823-47bb-80d9-0c7f5a405d70" testListId="8c84fa94-04c1-424b-9868-57a2d4851a1d" />
    <TestEntry testId="14c0b5c2-e01e-d3c7-468e-9874da6b0406" executionId="2124f980-5be1-46f4-a71d-f427634bb4ac" testListId="8c84fa94-04c1-424b-9868-57a2d4851a1d" />
    <TestEntry testId="157b3a3d-66d6-d440-327f-479b45016df4" executionId="b5eeac88-d757-4a62-abcd-f0fa7bcdf7d8" testListId="8c84fa94-04c1-424b-9868-57a2d4851a1d" />
    <TestEntry testId="2096f5a0-1903-5db2-2c40-833b3a14e68d" executionId="71d76859-8e20-4c7d-becf-b0f93c91c269" testListId="8c84fa94-04c1-424b-9868-57a2d4851a1d" />
    <TestEntry testId="68595d26-57a1-321d-c72e-7ab1ba9f7821" executionId="bf420fb3-9def-462e-af5f-28db8d160638" testListId="8c84fa94-04c1-424b-9868-57a2d4851a1d" />
    <TestEntry testId="71f98d0e-df98-5602-5fd6-919d9101bb93" executionId="b65bf8f0-d3d8-4d81-9e4d-fd070fc5fb70" testListId="8c84fa94-04c1-424b-9868-57a2d4851a1d" />
    <TestEntry testId="7a009e26-62e5-1f69-5cdb-854dc672f6ae" executionId="38c7681d-0ddd-480f-a492-91aafe4bb48e" testListId="8c84fa94-04c1-424b-9868-57a2d4851a1d" />
    <TestEntry testId="7b077f22-22e9-49cd-daef-17e3a82a58b9" executionId="26ca0f03-56e8-4288-bfe4-c324ec0facab" testListId="8c84fa94-04c1-424b-9868-57a2d4851a1d" />
    <TestEntry testId="7d09f543-4324-80a8-54ae-156dcda31038" executionId="2e3bfe91-ff7e-4e9e-bb57-20b7b0036e3b" testListId="8c84fa94-04c1-424b-9868-57a2d4851a1d" />
    <TestEntry testId="852657b0-510e-88d6-c043-399bc17187ed" executionId="6977c1ee-de6c-4e25-94fc-51b200863677" testListId="8c84fa94-04c1-424b-9868-57a2d4851a1d" />
    <TestEntry testId="a68d91f7-6467-c9ba-3630-f5f8421f5b40" executionId="32838158-46b8-42bc-8cfa-d0dc19b13fcc" testListId="8c84fa94-04c1-424b-9868-57a2d4851a1d" />
    <TestEntry testId="a92d683e-6db6-da08-1853-c0e53902a155" executionId="37d50f11-8ce8-46ff-af36-cf13cddd7bde" testListId="8c84fa94-04c1-424b-9868-57a2d4851a1d" />
    <TestEntry testId="b0f72c88-e8e6-d5ef-9b19-7fed7babeddb" executionId="65c943a2-1011-4e7c-8e81-a4775d59fe02" testListId="8c84fa94-04c1-424b-9868-57a2d4851a1d" />
    <TestEntry testId="c14c078d-036a-ef14-90a0-c1d1a047c940" executionId="251eedac-2560-4898-9d48-46d0c638075f" testListId="8c84fa94-04c1-424b-9868-57a2d4851a1d" />
    <TestEntry testId="e814db0b-a976-414f-8c66-ad00681e848f" executionId="d82620e5-c9ff-49fa-a2c5-9115cc46f8a2" testListId="8c84fa94-04c1-424b-9868-57a2d4851a1d" />
  </TestEntries>
  <Results>
    <UnitTestResult executionId="4f76b8b1-c0ce-4eb8-b8cd-67e45aea1cbc" testId="00d57f25-d21b-e712-e7ff-b98a3d6f01aa" testName="ANoteWithAnAllWhitespaceContentIsInvalid" computerName="BLACKBEAUTY" duration="00:00:00.0253759" startTime="2012-07-03T19:20:08.0895241+01:00" endTime="2012-07-03T19:20:08.3935415+01:00" testType="13cdc9d9-ddb5-4fa4-a97d-d965ccfc6d4b" outcome="Passed" testListId="8c84fa94-04c1-424b-9868-57a2d4851a1d" relativeResultsDirectory="4f76b8b1-c0ce-4eb8-b8cd-67e45aea1cbc">
    </UnitTestResult>
    <UnitTestResult executionId="bd9d84c2-a9b6-4ef9-9823-08c254a548e7" testId="07851a54-f9f2-0370-ef52-acf62480dca3" testName="ANoteWithAnAllWhitespaceTittleIsInvalid" computerName="BLACKBEAUTY" duration="00:00:00.0003565" startTime="2012-07-03T19:20:08.3945416+01:00" endTime="2012-07-03T19:20:08.3985418+01:00" testType="13cdc9d9-ddb5-4fa4-a97d-d965ccfc6d4b" outcome="Passed" testListId="8c84fa94-04c1-424b-9868-57a2d4851a1d" relativeResultsDirectory="bd9d84c2-a9b6-4ef9-9823-08c254a548e7">
    </UnitTestResult>
    <UnitTestResult executionId="0c464251-b823-47bb-80d9-0c7f5a405d70" testId="0ce8d206-0c8a-8c5e-6c07-1fff93fda8b9" testName="ANoteWithATittleLongerThan20CharactersIsInvalid" computerName="BLACKBEAUTY" duration="00:00:00.0012442" startTime="2012-07-03T19:20:08.3995419+01:00" endTime="2012-07-03T19:20:08.4135427+01:00" testType="13cdc9d9-ddb5-4fa4-a97d-d965ccfc6d4b" outcome="Passed" testListId="8c84fa94-04c1-424b-9868-57a2d4851a1d" relativeResultsDirectory="0c464251-b823-47bb-80d9-0c7f5a405d70">
    </UnitTestResult>
    <UnitTestResult executionId="2124f980-5be1-46f4-a71d-f427634bb4ac" testId="14c0b5c2-e01e-d3c7-468e-9874da6b0406" testName="ATaskListWithATittleLongerThan20CharactersIsInvalid" computerName="BLACKBEAUTY" duration="00:00:00.0020397" startTime="2012-07-03T19:20:08.4235432+01:00" endTime="2012-07-03T19:20:08.4295436+01:00" testType="13cdc9d9-ddb5-4fa4-a97d-d965ccfc6d4b" outcome="Passed" testListId="8c84fa94-04c1-424b-9868-57a2d4851a1d" relativeResultsDirectory="2124f980-5be1-46f4-a71d-f427634bb4ac">
    </UnitTestResult>
    <UnitTestResult executionId="b5eeac88-d757-4a62-abcd-f0fa7bcdf7d8" testId="157b3a3d-66d6-d440-327f-479b45016df4" testName="ANoteWithAnEmptyTittleIsInvalid" computerName="BLACKBEAUTY" duration="00:00:00.0011290" startTime="2012-07-03T19:20:08.4305436+01:00" endTime="2012-07-03T19:20:08.4455445+01:00" testType="13cdc9d9-ddb5-4fa4-a97d-d965ccfc6d4b" outcome="Passed" testListId="8c84fa94-04c1-424b-9868-57a2d4851a1d" relativeResultsDirectory="b5eeac88-d757-4a62-abcd-f0fa7bcdf7d8">
    </UnitTestResult>
    <UnitTestResult executionId="71d76859-8e20-4c7d-becf-b0f93c91c269" testId="2096f5a0-1903-5db2-2c40-833b3a14e68d" testName="ANoteWithANullContainerListIsInvalid" computerName="BLACKBEAUTY" duration="00:00:00.0002938" startTime="2012-07-03T19:20:08.4475446+01:00" endTime="2012-07-03T19:20:08.4495447+01:00" testType="13cdc9d9-ddb5-4fa4-a97d-d965ccfc6d4b" outcome="Passed" testListId="8c84fa94-04c1-424b-9868-57a2d4851a1d" relativeResultsDirectory="71d76859-8e20-4c7d-becf-b0f93c91c269">
    </UnitTestResult>
    <UnitTestResult executionId="bf420fb3-9def-462e-af5f-28db8d160638" testId="68595d26-57a1-321d-c72e-7ab1ba9f7821" testName="AUserWithAnInvalidEmailIsInvalid" computerName="BLACKBEAUTY" duration="00:00:00.0024078" startTime="2012-07-03T19:20:08.4605453+01:00" endTime="2012-07-03T19:20:08.4685458+01:00" testType="13cdc9d9-ddb5-4fa4-a97d-d965ccfc6d4b" outcome="Passed" testListId="8c84fa94-04c1-424b-9868-57a2d4851a1d" relativeResultsDirectory="bf420fb3-9def-462e-af5f-28db8d160638">
    </UnitTestResult>
    <UnitTestResult executionId="b65bf8f0-d3d8-4d81-9e4d-fd070fc5fb70" testId="71f98d0e-df98-5602-5fd6-919d9101bb93" testName="ATaskListWithAllPropertiesValidIsValid" computerName="BLACKBEAUTY" duration="00:00:00.0003292" startTime="2012-07-03T19:20:08.4695459+01:00" endTime="2012-07-03T19:20:08.4725460+01:00" testType="13cdc9d9-ddb5-4fa4-a97d-d965ccfc6d4b" outcome="Passed" testListId="8c84fa94-04c1-424b-9868-57a2d4851a1d" relativeResultsDirectory="b65bf8f0-d3d8-4d81-9e4d-fd070fc5fb70">
    </UnitTestResult>
    <UnitTestResult executionId="38c7681d-0ddd-480f-a492-91aafe4bb48e" testId="7a009e26-62e5-1f69-5cdb-854dc672f6ae" testName="ANoteWithContentLongerThan50CharactersIsInvalid" computerName="BLACKBEAUTY" duration="00:00:00.0008355" startTime="2012-07-03T19:20:08.4825466+01:00" endTime="2012-07-03T19:20:08.4865468+01:00" testType="13cdc9d9-ddb5-4fa4-a97d-d965ccfc6d4b" outcome="Passed" testListId="8c84fa94-04c1-424b-9868-57a2d4851a1d" relativeResultsDirectory="38c7681d-0ddd-480f-a492-91aafe4bb48e">
    </UnitTestResult>
    <UnitTestResult executionId="26ca0f03-56e8-4288-bfe4-c324ec0facab" testId="7b077f22-22e9-49cd-daef-17e3a82a58b9" testName="AUserWithAnAllWhitespaceNameIdentitiferIdentityProviderIsInvalid" computerName="BLACKBEAUTY" duration="00:00:00.0003071" startTime="2012-07-03T19:20:08.4875469+01:00" endTime="2012-07-03T19:20:08.4905471+01:00" testType="13cdc9d9-ddb5-4fa4-a97d-d965ccfc6d4b" outcome="Passed" testListId="8c84fa94-04c1-424b-9868-57a2d4851a1d" relativeResultsDirectory="26ca0f03-56e8-4288-bfe4-c324ec0facab">
    </UnitTestResult>
    <UnitTestResult executionId="2e3bfe91-ff7e-4e9e-bb57-20b7b0036e3b" testId="7d09f543-4324-80a8-54ae-156dcda31038" testName="AUserWithAValidEmailIsValid" computerName="BLACKBEAUTY" duration="00:00:00.0008530" startTime="2012-07-03T19:20:08.4975475+01:00" endTime="2012-07-03T19:20:08.5115483+01:00" testType="13cdc9d9-ddb5-4fa4-a97d-d965ccfc6d4b" outcome="Passed" testListId="8c84fa94-04c1-424b-9868-57a2d4851a1d" relativeResultsDirectory="2e3bfe91-ff7e-4e9e-bb57-20b7b0036e3b">
    </UnitTestResult>
    <UnitTestResult executionId="6977c1ee-de6c-4e25-94fc-51b200863677" testId="852657b0-510e-88d6-c043-399bc17187ed" testName="ANoteWithAnEmptyContentIsInvalid" computerName="BLACKBEAUTY" duration="00:00:00.0003369" startTime="2012-07-03T19:20:08.5135484+01:00" endTime="2012-07-03T19:20:08.5165485+01:00" testType="13cdc9d9-ddb5-4fa4-a97d-d965ccfc6d4b" outcome="Passed" testListId="8c84fa94-04c1-424b-9868-57a2d4851a1d" relativeResultsDirectory="6977c1ee-de6c-4e25-94fc-51b200863677">
    </UnitTestResult>
    <UnitTestResult executionId="32838158-46b8-42bc-8cfa-d0dc19b13fcc" testId="a68d91f7-6467-c9ba-3630-f5f8421f5b40" testName="AUserWithAnEmptyNameIdentitiferIdentityProviderIsInvalid" computerName="BLACKBEAUTY" duration="00:00:00.0036694" startTime="2012-07-03T19:20:08.5195487+01:00" endTime="2012-07-03T19:20:08.5255491+01:00" testType="13cdc9d9-ddb5-4fa4-a97d-d965ccfc6d4b" outcome="Passed" testListId="8c84fa94-04c1-424b-9868-57a2d4851a1d" relativeResultsDirectory="32838158-46b8-42bc-8cfa-d0dc19b13fcc">
    </UnitTestResult>
    <UnitTestResult executionId="37d50f11-8ce8-46ff-af36-cf13cddd7bde" testId="a92d683e-6db6-da08-1853-c0e53902a155" testName="ATaskListWithAnAllWhitespaceTittleIsInvalid" computerName="BLACKBEAUTY" duration="00:00:00.0003309" startTime="2012-07-03T19:20:08.5275492+01:00" endTime="2012-07-03T19:20:08.5305493+01:00" testType="13cdc9d9-ddb5-4fa4-a97d-d965ccfc6d4b" outcome="Passed" testListId="8c84fa94-04c1-424b-9868-57a2d4851a1d" relativeResultsDirectory="37d50f11-8ce8-46ff-af36-cf13cddd7bde">
    </UnitTestResult>
    <UnitTestResult executionId="65c943a2-1011-4e7c-8e81-a4775d59fe02" testId="b0f72c88-e8e6-d5ef-9b19-7fed7babeddb" testName="ATaskListWithAnEmptyTittleIsInvalid" computerName="BLACKBEAUTY" duration="00:00:00.0010684" startTime="2012-07-03T19:20:08.5405499+01:00" endTime="2012-07-03T19:20:08.5555508+01:00" testType="13cdc9d9-ddb5-4fa4-a97d-d965ccfc6d4b" outcome="Passed" testListId="8c84fa94-04c1-424b-9868-57a2d4851a1d" relativeResultsDirectory="65c943a2-1011-4e7c-8e81-a4775d59fe02">
    </UnitTestResult>
    <UnitTestResult executionId="251eedac-2560-4898-9d48-46d0c638075f" testId="c14c078d-036a-ef14-90a0-c1d1a047c940" testName="ANoteWithAllValidPropertiesIsValid" computerName="BLACKBEAUTY" duration="00:00:00.0003139" startTime="2012-07-03T19:20:08.5565508+01:00" endTime="2012-07-03T19:20:08.5595510+01:00" testType="13cdc9d9-ddb5-4fa4-a97d-d965ccfc6d4b" outcome="Passed" testListId="8c84fa94-04c1-424b-9868-57a2d4851a1d" relativeResultsDirectory="251eedac-2560-4898-9d48-46d0c638075f">
    </UnitTestResult>
    <UnitTestResult executionId="d82620e5-c9ff-49fa-a2c5-9115cc46f8a2" testId="e814db0b-a976-414f-8c66-ad00681e848f" testName="ANoteWithANullOwnerIsInvalid" computerName="BLACKBEAUTY" duration="00:00:00.0003301" startTime="2012-07-03T19:20:08.5675515+01:00" endTime="2012-07-03T19:20:08.5755519+01:00" testType="13cdc9d9-ddb5-4fa4-a97d-d965ccfc6d4b" outcome="Passed" testListId="8c84fa94-04c1-424b-9868-57a2d4851a1d" relativeResultsDirectory="d82620e5-c9ff-49fa-a2c5-9115cc46f8a2">
    </UnitTestResult>
  </Results>
</TestRun>