<?xml version="1.0" encoding="UTF-8"?>
<TestRun id="24b2bbbd-25f2-4926-ac61-29b2c4394384" name="Luis@BLACKBEAUTY 2012-08-28 16:09:07" runUser="BlackBeauty\Luis" xmlns="http://microsoft.com/schemas/VisualStudio/TeamTest/2010">
  <TestSettings name="Local" id="a9c45579-508c-4524-9966-e1f8cfbc3e28">
    <Description>These are default test settings for a local test run.</Description>
    <Deployment runDeploymentRoot="Luis_BLACKBEAUTY 2012-08-28 16_09_07">
      <DeploymentItem filename="C:\Program Files\Windows Azure SDK\v1.6\ref\Microsoft.WindowsAzure.StorageClient.dll" />
      <DeploymentItem filename="D:\PROMPT11-10-CloudComputing\CloudNotes\packages\Moq.4.0.10827\lib\NET40\Moq.dll" />
      <DeploymentItem filename="D:\PROMPT11-10-CloudComputing\CloudNotes\CloudNotes.Repositories\bin\Debug\CloudNotes.Repositories.dll" />
      <DeploymentItem filename="D:\PROMPT11-10-CloudComputing\CloudNotes\CloudNotes.Domain.Services\bin\Debug\CloudNotes.Domain.Services.dll" />
      <DeploymentItem filename="D:\PROMPT11-10-CloudComputing\CloudNotes\CloudNotes.Domain\bin\Debug\CloudNotes.Domain.dll" />
    </Deployment>
    <Execution>
      <TestTypeSpecific>
        <UnitTestRunConfig testTypeId="13cdc9d9-ddb5-4fa4-a97d-d965ccfc6d4b">
          <AssemblyResolution>
            <TestDirectory useLoadContext="true" />
          </AssemblyResolution>
        </UnitTestRunConfig>
        <WebTestRunConfiguration testTypeId="4e7599fa-5ecb-43e9-a887-cd63cf72d207">
          <Browser name="Internet Explorer 7.0">
            <Headers>
              <Header name="User-Agent" value="Mozilla/4.0 (compatible; MSIE 7.0; Windows NT 5.1)" />
              <Header name="Accept" value="*/*" />
              <Header name="Accept-Language" value="{{$IEAcceptLanguage}}" />
              <Header name="Accept-Encoding" value="GZIP" />
            </Headers>
          </Browser>
        </WebTestRunConfiguration>
      </TestTypeSpecific>
      <AgentRule name="LocalMachineDefaultRole">
        <DataCollectors>
          <DataCollector uri="datacollector://microsoft/CodeCoverage/1.0" assemblyQualifiedName="Microsoft.VisualStudio.TestTools.CodeCoverage.CoveragePlugIn, Microsoft.VisualStudio.QualityTools.Plugins.CodeCoverage, Version=10.0.0.0, Culture=neutral, PublicKeyToken=b03f5f7f11d50a3a" friendlyName="Code Coverage">
            <Configuration>
              <CodeCoverage xmlns="">
                <Regular>
                  <CodeCoverageItem binaryFile="D:\PROMPT11-10-CloudComputing\CloudNotes\CloudNotes.Domain\bin\Debug\CloudNotes.Domain.dll" pdbFile="D:\PROMPT11-10-CloudComputing\CloudNotes\CloudNotes.Domain\bin\Debug\CloudNotes.Domain.instr.pdb" instrumentInPlace="true" />
                  <CodeCoverageItem binaryFile="D:\PROMPT11-10-CloudComputing\CloudNotes\CloudNotes.Repositories\bin\Debug\CloudNotes.Repositories.dll" pdbFile="D:\PROMPT11-10-CloudComputing\CloudNotes\CloudNotes.Repositories\bin\Debug\CloudNotes.Repositories.instr.pdb" instrumentInPlace="true" />
                  <CodeCoverageItem binaryFile="D:\PROMPT11-10-CloudComputing\CloudNotes\CloudNotes.Domain.Services\bin\Debug\CloudNotes.Domain.Services.dll" pdbFile="D:\PROMPT11-10-CloudComputing\CloudNotes\CloudNotes.Domain.Services\bin\Debug\CloudNotes.Domain.Services.instr.pdb" instrumentInPlace="true" />
                </Regular>
              </CodeCoverage>
            </Configuration>
          </DataCollector>
          <DataCollector uri="datacollector://microsoft/TraceDebugger/1.0" assemblyQualifiedName="Microsoft.VisualStudio.TraceCollector.TraceDebuggerDataCollector, Microsoft.VisualStudio.TraceCollector, Version=10.0.0.0, Culture=neutral, PublicKeyToken=b03f5f7f11d50a3a" friendlyName="IntelliTrace">
          </DataCollector>
          <DataCollector uri="datacollector://microsoft/AspNetProfiler/1.0" assemblyQualifiedName="Microsoft.VisualStudio.PerformanceTools.DataCollection.AspNetProfileDataCollector, Microsoft.VisualStudio.PerformanceTools.DataCollection, Version=10.0.0.0, Culture=neutral, PublicKeyToken=b03f5f7f11d50a3a" friendlyName="ASP.NET Profiler">
          </DataCollector>
        </DataCollectors>
      </AgentRule>
    </Execution>
  </TestSettings>
  <Times creation="2012-08-28T16:09:07.9486143+01:00" queuing="2012-08-28T16:09:09.6227100+01:00" start="2012-08-28T16:09:15.7000576+01:00" finish="2012-08-28T16:09:22.1734279+01:00" />
  <ResultSummary outcome="Completed">
    <Counters total="1" executed="1" passed="1" error="0" failed="0" timeout="0" aborted="0" inconclusive="0" passedButRunAborted="0" notRunnable="0" notExecuted="0" disconnected="0" warning="0" completed="0" inProgress="0" pending="0" />
    <RunInfos>
      <RunInfo computerName="BLACKBEAUTY" outcome="Warning" timestamp="2012-08-28T16:09:22.3814398+01:00">
        <Text>Code coverage in-place instrumentation: The binary D:\PROMPT11-10-CloudComputing\CloudNotes\CloudNotes.Domain\bin\Debug\CloudNotes.Domain.dll was changed during the test run and won't be restored. It may be restored manually from this directory: D:\PROMPT11-10-CloudComputing\CloudNotes\CloudNotes.Domain\bin\Debug\EQT_24b2bbbd-25f2-4926-ac61-29b2c4394384.</Text>
      </RunInfo>
      <RunInfo computerName="BLACKBEAUTY" outcome="Warning" timestamp="2012-08-28T16:09:22.3814398+01:00">
        <Text>Code coverage in-place instrumentation: One or more binaries in 'D:\PROMPT11-10-CloudComputing\CloudNotes\CloudNotes.Domain\bin\Debug' were not restored.
They can be restored manually by running the file 'eqtrestore_24b2bbbd-25f2-4926-ac61-29b2c4394384.bat' in this directory.</Text>
      </RunInfo>
      <RunInfo computerName="BLACKBEAUTY" outcome="Warning" timestamp="2012-08-28T16:09:22.3814398+01:00">
        <Text>Code coverage in-place instrumentation: The binary D:\PROMPT11-10-CloudComputing\CloudNotes\CloudNotes.Repositories\bin\Debug\CloudNotes.Repositories.dll was changed during the test run and won't be restored. It may be restored manually from this directory: D:\PROMPT11-10-CloudComputing\CloudNotes\CloudNotes.Repositories\bin\Debug\EQT_24b2bbbd-25f2-4926-ac61-29b2c4394384.</Text>
      </RunInfo>
      <RunInfo computerName="BLACKBEAUTY" outcome="Warning" timestamp="2012-08-28T16:09:22.3814398+01:00">
        <Text>Code coverage in-place instrumentation: One or more binaries in 'D:\PROMPT11-10-CloudComputing\CloudNotes\CloudNotes.Repositories\bin\Debug' were not restored.
They can be restored manually by running the file 'eqtrestore_24b2bbbd-25f2-4926-ac61-29b2c4394384.bat' in this directory.</Text>
      </RunInfo>
      <RunInfo computerName="BLACKBEAUTY" outcome="Warning" timestamp="2012-08-28T16:09:22.3814398+01:00">
        <Text>Code coverage in-place instrumentation: The binary D:\PROMPT11-10-CloudComputing\CloudNotes\CloudNotes.Domain.Services\bin\Debug\CloudNotes.Domain.Services.dll was changed during the test run and won't be restored. It may be restored manually from this directory: D:\PROMPT11-10-CloudComputing\CloudNotes\CloudNotes.Domain.Services\bin\Debug\EQT_24b2bbbd-25f2-4926-ac61-29b2c4394384.</Text>
      </RunInfo>
      <RunInfo computerName="BLACKBEAUTY" outcome="Warning" timestamp="2012-08-28T16:09:22.3814398+01:00">
        <Text>Code coverage in-place instrumentation: One or more binaries in 'D:\PROMPT11-10-CloudComputing\CloudNotes\CloudNotes.Domain.Services\bin\Debug' were not restored.
They can be restored manually by running the file 'eqtrestore_24b2bbbd-25f2-4926-ac61-29b2c4394384.bat' in this directory.</Text>
      </RunInfo>
    </RunInfos>
    <ResultFiles>
      <ResultFile path="BLACKBEAUTY\data.coverage" />
    </ResultFiles>
  </ResultSummary>
  <TestDefinitions>
    <UnitTest name="NotesServiceMethodGetShouldReturnNullForANonExistingNote" storage="d:\prompt11-10-cloudcomputing\cloudnotes\cloudnotes.tests.domain.services\bin\debug\cloudnotes.tests.domain.services.dll" id="966d9ca3-96a8-e299-9eae-7de085d51e46">
      <Execution id="1805d309-a916-4fd7-b34f-bdd205d33bc8" />
      <TestMethod codeBase="D:/PROMPT11-10-CloudComputing/CloudNotes/CloudNotes.Tests.Domain.Services/bin/Debug/CloudNotes.Tests.Domain.Services.DLL" adapterTypeName="Microsoft.VisualStudio.TestTools.TestTypes.Unit.UnitTestAdapter, Microsoft.VisualStudio.QualityTools.Tips.UnitTest.Adapter, Version=10.0.0.0, Culture=neutral, PublicKeyToken=b03f5f7f11d50a3a" className="CloudNotes.Tests.Domain.Services.DomainServicesTests, CloudNotes.Tests.Domain.Services, Version=1.0.0.0, Culture=neutral, PublicKeyToken=null" name="NotesServiceMethodGetShouldReturnNullForANonExistingNote" />
    </UnitTest>
  </TestDefinitions>
  <TestLists>
    <TestList name="Results Not in a List" id="8c84fa94-04c1-424b-9868-57a2d4851a1d" />
    <TestList name="All Loaded Results" id="19431567-8539-422a-85d7-44ee4e166bda" />
  </TestLists>
  <TestEntries>
    <TestEntry testId="966d9ca3-96a8-e299-9eae-7de085d51e46" executionId="1805d309-a916-4fd7-b34f-bdd205d33bc8" testListId="8c84fa94-04c1-424b-9868-57a2d4851a1d" />
  </TestEntries>
  <Results>
    <UnitTestResult executionId="1805d309-a916-4fd7-b34f-bdd205d33bc8" testId="966d9ca3-96a8-e299-9eae-7de085d51e46" testName="NotesServiceMethodGetShouldReturnNullForANonExistingNote" computerName="BLACKBEAUTY" duration="00:00:00.5070701" startTime="2012-08-28T16:09:15.9890742+01:00" endTime="2012-08-28T16:09:17.1821424+01:00" testType="13cdc9d9-ddb5-4fa4-a97d-d965ccfc6d4b" outcome="Passed" testListId="8c84fa94-04c1-424b-9868-57a2d4851a1d" relativeResultsDirectory="1805d309-a916-4fd7-b34f-bdd205d33bc8">
    </UnitTestResult>
  </Results>
</TestRun>