<?xml version="1.0" encoding="UTF-8"?>
<TestRun id="8284a0a7-7127-44d4-ba94-196b23235c8f" name="Luis@BLACKBEAUTY 2012-08-28 22:47:58" runUser="BlackBeauty\Luis" xmlns="http://microsoft.com/schemas/VisualStudio/TeamTest/2010">
  <TestSettings name="Local" id="a9c45579-508c-4524-9966-e1f8cfbc3e28">
    <Description>These are default test settings for a local test run.</Description>
    <Deployment runDeploymentRoot="Luis_BLACKBEAUTY 2012-08-28 22_47_58">
      <DeploymentItem filename="D:\PROMPT11-10-CloudComputing\CloudNotes\CloudNotes.Domain\bin\Debug\CloudNotes.Domain.dll" />
      <DeploymentItem filename="C:\Program Files\Windows Azure SDK\v1.6\ref\Microsoft.WindowsAzure.StorageClient.dll" />
      <DeploymentItem filename="D:\PROMPT11-10-CloudComputing\CloudNotes\packages\Moq.4.0.10827\lib\NET40\Moq.dll" />
      <DeploymentItem filename="D:\PROMPT11-10-CloudComputing\CloudNotes\CloudNotes.Repositories\bin\Debug\CloudNotes.Repositories.dll" />
      <DeploymentItem filename="D:\PROMPT11-10-CloudComputing\CloudNotes\CloudNotes.Domain.Services\bin\Debug\CloudNotes.Domain.Services.dll" />
    </Deployment>
    <Execution>
      <TestTypeSpecific>
        <UnitTestRunConfig testTypeId="13cdc9d9-ddb5-4fa4-a97d-d965ccfc6d4b">
          <AssemblyResolution>
            <TestDirectory useLoadContext="true" />
          </AssemblyResolution>
        </UnitTestRunConfig>
        <WebTestRunConfiguration testTypeId="4e7599fa-5ecb-43e9-a887-cd63cf72d207">
          <Browser name="Internet Explorer 7.0">
            <Headers>
              <Header name="User-Agent" value="Mozilla/4.0 (compatible; MSIE 7.0; Windows NT 5.1)" />
              <Header name="Accept" value="*/*" />
              <Header name="Accept-Language" value="{{$IEAcceptLanguage}}" />
              <Header name="Accept-Encoding" value="GZIP" />
            </Headers>
          </Browser>
        </WebTestRunConfiguration>
      </TestTypeSpecific>
      <AgentRule name="LocalMachineDefaultRole">
        <DataCollectors>
          <DataCollector uri="datacollector://microsoft/CodeCoverage/1.0" assemblyQualifiedName="Microsoft.VisualStudio.TestTools.CodeCoverage.CoveragePlugIn, Microsoft.VisualStudio.QualityTools.Plugins.CodeCoverage, Version=10.0.0.0, Culture=neutral, PublicKeyToken=b03f5f7f11d50a3a" friendlyName="Code Coverage">
            <Configuration>
              <CodeCoverage xmlns="">
                <Regular>
                  <CodeCoverageItem binaryFile="D:\PROMPT11-10-CloudComputing\CloudNotes\CloudNotes.Domain\bin\Debug\CloudNotes.Domain.dll" pdbFile="D:\PROMPT11-10-CloudComputing\CloudNotes\CloudNotes.Domain\bin\Debug\CloudNotes.Domain.instr.pdb" instrumentInPlace="true" />
                  <CodeCoverageItem binaryFile="D:\PROMPT11-10-CloudComputing\CloudNotes\CloudNotes.Repositories\bin\Debug\CloudNotes.Repositories.dll" pdbFile="D:\PROMPT11-10-CloudComputing\CloudNotes\CloudNotes.Repositories\bin\Debug\CloudNotes.Repositories.instr.pdb" instrumentInPlace="true" />
                  <CodeCoverageItem binaryFile="D:\PROMPT11-10-CloudComputing\CloudNotes\CloudNotes.Domain.Services\bin\Debug\CloudNotes.Domain.Services.dll" pdbFile="D:\PROMPT11-10-CloudComputing\CloudNotes\CloudNotes.Domain.Services\bin\Debug\CloudNotes.Domain.Services.instr.pdb" instrumentInPlace="true" />
                </Regular>
              </CodeCoverage>
            </Configuration>
          </DataCollector>
          <DataCollector uri="datacollector://microsoft/TraceDebugger/1.0" assemblyQualifiedName="Microsoft.VisualStudio.TraceCollector.TraceDebuggerDataCollector, Microsoft.VisualStudio.TraceCollector, Version=10.0.0.0, Culture=neutral, PublicKeyToken=b03f5f7f11d50a3a" friendlyName="IntelliTrace">
          </DataCollector>
          <DataCollector uri="datacollector://microsoft/AspNetProfiler/1.0" assemblyQualifiedName="Microsoft.VisualStudio.PerformanceTools.DataCollection.AspNetProfileDataCollector, Microsoft.VisualStudio.PerformanceTools.DataCollection, Version=10.0.0.0, Culture=neutral, PublicKeyToken=b03f5f7f11d50a3a" friendlyName="ASP.NET Profiler">
          </DataCollector>
        </DataCollectors>
      </AgentRule>
    </Execution>
  </TestSettings>
  <Times creation="2012-08-28T22:47:58.2283480+01:00" queuing="2012-08-28T22:48:00.7764937+01:00" start="2012-08-28T22:48:07.3628705+01:00" finish="2012-08-28T22:48:16.9764203+01:00" />
  <ResultSummary outcome="Completed">
    <Counters total="108" executed="108" passed="108" error="0" failed="0" timeout="0" aborted="0" inconclusive="0" passedButRunAborted="0" notRunnable="0" notExecuted="0" disconnected="0" warning="0" completed="0" inProgress="0" pending="0" />
    <ResultFiles>
      <ResultFile path="BLACKBEAUTY\data.coverage" />
    </ResultFiles>
  </ResultSummary>
  <TestDefinitions>
    <UnitTest name="NotesRepositoryLoadCallsLoadFromTheUnitOfWork" storage="d:\prompt11-10-cloudcomputing\cloudnotes\cloudnotes.tests.repositories\bin\debug\cloudnotes.tests.repositories.dll" id="17943233-8015-a282-b442-243916829980">
      <Execution id="42258a96-9fab-4cbd-b095-f41ed50db0f2" />
      <TestMethod codeBase="D:/PROMPT11-10-CloudComputing/CloudNotes/CloudNotes.Tests.Repositories/bin/Debug/CloudNotes.Tests.Repositories.DLL" adapterTypeName="Microsoft.VisualStudio.TestTools.TestTypes.Unit.UnitTestAdapter, Microsoft.VisualStudio.QualityTools.Tips.UnitTest.Adapter, Version=10.0.0.0, Culture=neutral, PublicKeyToken=b03f5f7f11d50a3a" className="CloudNotes.Tests.Repositories.RepositoriesTests, CloudNotes.Tests.Repositories, Version=1.0.0.0, Culture=neutral, PublicKeyToken=null" name="NotesRepositoryLoadCallsLoadFromTheUnitOfWork" />
    </UnitTest>
    <UnitTest name="NotesServiceMethodGetShouldReturnNullForANonExistingNote" storage="d:\prompt11-10-cloudcomputing\cloudnotes\cloudnotes.tests.domain.services\bin\debug\cloudnotes.tests.domain.services.dll" id="966d9ca3-96a8-e299-9eae-7de085d51e46">
      <Execution id="c51551d4-596b-4712-b214-bfbd437235aa" />
      <TestMethod codeBase="D:/PROMPT11-10-CloudComputing/CloudNotes/CloudNotes.Tests.Domain.Services/bin/Debug/CloudNotes.Tests.Domain.Services.DLL" adapterTypeName="Microsoft.VisualStudio.TestTools.TestTypes.Unit.UnitTestAdapter, Microsoft.VisualStudio.QualityTools.Tips.UnitTest.Adapter, Version=10.0.0.0, Culture=neutral, PublicKeyToken=b03f5f7f11d50a3a" className="CloudNotes.Tests.Domain.Services.DomainServicesTests, CloudNotes.Tests.Domain.Services, Version=1.0.0.0, Culture=neutral, PublicKeyToken=null" name="NotesServiceMethodGetShouldReturnNullForANonExistingNote" />
    </UnitTest>
    <UnitTest name="UsersRepositoryLoadTaskListOwnerCallsLoadAndGetFromTheUnitOfWork" storage="d:\prompt11-10-cloudcomputing\cloudnotes\cloudnotes.tests.repositories\bin\debug\cloudnotes.tests.repositories.dll" id="087d9898-edea-6433-a4ef-23fb3738fd61">
      <Execution id="1ec1879b-28d5-4935-aaff-8409ebdfad68" />
      <TestMethod codeBase="D:/PROMPT11-10-CloudComputing/CloudNotes/CloudNotes.Tests.Repositories/bin/Debug/CloudNotes.Tests.Repositories.DLL" adapterTypeName="Microsoft.VisualStudio.TestTools.TestTypes.Unit.UnitTestAdapter, Microsoft.VisualStudio.QualityTools.Tips.UnitTest.Adapter, Version=10.0.0.0, Culture=neutral, PublicKeyToken=b03f5f7f11d50a3a" className="CloudNotes.Tests.Repositories.RepositoriesTests, CloudNotes.Tests.Repositories, Version=1.0.0.0, Culture=neutral, PublicKeyToken=null" name="UsersRepositoryLoadTaskListOwnerCallsLoadAndGetFromTheUnitOfWork" />
    </UnitTest>
    <UnitTest name="UsersServiceMethodGetUserAuthenticationInfoShouldReturnTheAuthenticationInfoWithoutNameAndEmail" storage="d:\prompt11-10-cloudcomputing\cloudnotes\cloudnotes.tests.domain.services\bin\debug\cloudnotes.tests.domain.services.dll" id="7b65c322-82a6-21f6-1c5a-05f328fac3be">
      <Execution id="cbe8d19e-7881-4b9d-b5c2-eb0c2060cf33" />
      <TestMethod codeBase="D:/PROMPT11-10-CloudComputing/CloudNotes/CloudNotes.Tests.Domain.Services/bin/Debug/CloudNotes.Tests.Domain.Services.DLL" adapterTypeName="Microsoft.VisualStudio.TestTools.TestTypes.Unit.UnitTestAdapter, Microsoft.VisualStudio.QualityTools.Tips.UnitTest.Adapter, Version=10.0.0.0, Culture=neutral, PublicKeyToken=b03f5f7f11d50a3a" className="CloudNotes.Tests.Domain.Services.DomainServicesTests, CloudNotes.Tests.Domain.Services, Version=1.0.0.0, Culture=neutral, PublicKeyToken=null" name="UsersServiceMethodGetUserAuthenticationInfoShouldReturnTheAuthenticationInfoWithoutNameAndEmail" />
    </UnitTest>
    <UnitTest name="ATaskListWithAllPropertiesValidIsValid" storage="d:\prompt11-10-cloudcomputing\cloudnotes\cloudnotes.tests.domain\bin\debug\cloudnotes.tests.domain.dll" id="71f98d0e-df98-5602-5fd6-919d9101bb93">
      <Execution id="976f94d1-252f-4e0e-a467-abd821a286e2" />
      <TestMethod codeBase="D:/PROMPT11-10-CloudComputing/CloudNotes/CloudNotes.Tests.Domain/bin/Debug/CloudNotes.Tests.Domain.DLL" adapterTypeName="Microsoft.VisualStudio.TestTools.TestTypes.Unit.UnitTestAdapter, Microsoft.VisualStudio.QualityTools.Tips.UnitTest.Adapter, Version=10.0.0.0, Culture=neutral, PublicKeyToken=b03f5f7f11d50a3a" className="CloudNotes.Tests.Domain.DomainTests, CloudNotes.Tests.Domain, Version=1.0.0.0, Culture=neutral, PublicKeyToken=null" name="ATaskListWithAllPropertiesValidIsValid" />
    </UnitTest>
    <UnitTest name="UsersRepositoryLoadNoteOwnerCallsLoadAndGetFromTheUnitOfWork" storage="d:\prompt11-10-cloudcomputing\cloudnotes\cloudnotes.tests.repositories\bin\debug\cloudnotes.tests.repositories.dll" id="e3d8badb-d961-d4d2-2fc7-38832d7198cd">
      <Execution id="1668e3ca-9f1d-4a34-89c6-df610d7d0458" />
      <TestMethod codeBase="D:/PROMPT11-10-CloudComputing/CloudNotes/CloudNotes.Tests.Repositories/bin/Debug/CloudNotes.Tests.Repositories.DLL" adapterTypeName="Microsoft.VisualStudio.TestTools.TestTypes.Unit.UnitTestAdapter, Microsoft.VisualStudio.QualityTools.Tips.UnitTest.Adapter, Version=10.0.0.0, Culture=neutral, PublicKeyToken=b03f5f7f11d50a3a" className="CloudNotes.Tests.Repositories.RepositoriesTests, CloudNotes.Tests.Repositories, Version=1.0.0.0, Culture=neutral, PublicKeyToken=null" name="UsersRepositoryLoadNoteOwnerCallsLoadAndGetFromTheUnitOfWork" />
    </UnitTest>
    <UnitTest name="TaskListsServiceMethodAddShareShouldAddAUserToATaskListShares" storage="d:\prompt11-10-cloudcomputing\cloudnotes\cloudnotes.tests.domain.services\bin\debug\cloudnotes.tests.domain.services.dll" id="a09a3efe-5018-8ea3-5334-81bff13818e9">
      <Execution id="c0d435c3-f10a-4dd4-88fd-66e108cbc86c" />
      <TestMethod codeBase="D:/PROMPT11-10-CloudComputing/CloudNotes/CloudNotes.Tests.Domain.Services/bin/Debug/CloudNotes.Tests.Domain.Services.DLL" adapterTypeName="Microsoft.VisualStudio.TestTools.TestTypes.Unit.UnitTestAdapter, Microsoft.VisualStudio.QualityTools.Tips.UnitTest.Adapter, Version=10.0.0.0, Culture=neutral, PublicKeyToken=b03f5f7f11d50a3a" className="CloudNotes.Tests.Domain.Services.DomainServicesTests, CloudNotes.Tests.Domain.Services, Version=1.0.0.0, Culture=neutral, PublicKeyToken=null" name="TaskListsServiceMethodAddShareShouldAddAUserToATaskListShares" />
    </UnitTest>
    <UnitTest name="TaskListsRepositoryLoadCallsLoadFromTheUnitOfWork" storage="d:\prompt11-10-cloudcomputing\cloudnotes\cloudnotes.tests.repositories\bin\debug\cloudnotes.tests.repositories.dll" id="23d50d4e-c7ad-15c6-58f2-b5a0b49d6762">
      <Execution id="fc29bde7-c6a2-4010-99d3-1a600259491b" />
      <TestMethod codeBase="D:/PROMPT11-10-CloudComputing/CloudNotes/CloudNotes.Tests.Repositories/bin/Debug/CloudNotes.Tests.Repositories.DLL" adapterTypeName="Microsoft.VisualStudio.TestTools.TestTypes.Unit.UnitTestAdapter, Microsoft.VisualStudio.QualityTools.Tips.UnitTest.Adapter, Version=10.0.0.0, Culture=neutral, PublicKeyToken=b03f5f7f11d50a3a" className="CloudNotes.Tests.Repositories.RepositoriesTests, CloudNotes.Tests.Repositories, Version=1.0.0.0, Culture=neutral, PublicKeyToken=null" name="TaskListsRepositoryLoadCallsLoadFromTheUnitOfWork" />
    </UnitTest>
    <UnitTest name="UserServiceMethodParseIdentityProviderShouldParseIdentityProviders" storage="d:\prompt11-10-cloudcomputing\cloudnotes\cloudnotes.tests.domain.services\bin\debug\cloudnotes.tests.domain.services.dll" id="c2a1ec4d-3db1-3ce5-c3f4-62bd1b5521f4">
      <Execution id="5adaffd1-149a-41b1-8abf-5ce191dfd74c" />
      <TestMethod codeBase="D:/PROMPT11-10-CloudComputing/CloudNotes/CloudNotes.Tests.Domain.Services/bin/Debug/CloudNotes.Tests.Domain.Services.DLL" adapterTypeName="Microsoft.VisualStudio.TestTools.TestTypes.Unit.UnitTestAdapter, Microsoft.VisualStudio.QualityTools.Tips.UnitTest.Adapter, Version=10.0.0.0, Culture=neutral, PublicKeyToken=b03f5f7f11d50a3a" className="CloudNotes.Tests.Domain.Services.DomainServicesTests, CloudNotes.Tests.Domain.Services, Version=1.0.0.0, Culture=neutral, PublicKeyToken=null" name="UserServiceMethodParseIdentityProviderShouldParseIdentityProviders" />
    </UnitTest>
    <UnitTest name="UsersServiceMethodGetShouldReturnNullForANonExistingUser" storage="d:\prompt11-10-cloudcomputing\cloudnotes\cloudnotes.tests.domain.services\bin\debug\cloudnotes.tests.domain.services.dll" id="6f08de37-a78e-29cc-f154-9197a3a712f9">
      <Execution id="85725616-be67-401e-93a9-f22b54bd0491" />
      <TestMethod codeBase="D:/PROMPT11-10-CloudComputing/CloudNotes/CloudNotes.Tests.Domain.Services/bin/Debug/CloudNotes.Tests.Domain.Services.DLL" adapterTypeName="Microsoft.VisualStudio.TestTools.TestTypes.Unit.UnitTestAdapter, Microsoft.VisualStudio.QualityTools.Tips.UnitTest.Adapter, Version=10.0.0.0, Culture=neutral, PublicKeyToken=b03f5f7f11d50a3a" className="CloudNotes.Tests.Domain.Services.DomainServicesTests, CloudNotes.Tests.Domain.Services, Version=1.0.0.0, Culture=neutral, PublicKeyToken=null" name="UsersServiceMethodGetShouldReturnNullForANonExistingUser" />
    </UnitTest>
    <UnitTest name="NotesServiceMethodDeleteShouldDeleteANote" storage="d:\prompt11-10-cloudcomputing\cloudnotes\cloudnotes.tests.domain.services\bin\debug\cloudnotes.tests.domain.services.dll" id="51d63b6c-e217-1034-9362-a2f6bc6d8cdb">
      <Execution id="c5b2fc8a-a62d-4391-9c7c-b7da529187ae" />
      <TestMethod codeBase="D:/PROMPT11-10-CloudComputing/CloudNotes/CloudNotes.Tests.Domain.Services/bin/Debug/CloudNotes.Tests.Domain.Services.DLL" adapterTypeName="Microsoft.VisualStudio.TestTools.TestTypes.Unit.UnitTestAdapter, Microsoft.VisualStudio.QualityTools.Tips.UnitTest.Adapter, Version=10.0.0.0, Culture=neutral, PublicKeyToken=b03f5f7f11d50a3a" className="CloudNotes.Tests.Domain.Services.DomainServicesTests, CloudNotes.Tests.Domain.Services, Version=1.0.0.0, Culture=neutral, PublicKeyToken=null" name="NotesServiceMethodDeleteShouldDeleteANote" />
    </UnitTest>
    <UnitTest name="UsersRepositoryParseIdentityProviderParsesWindowsLiveIDCorrectly" storage="d:\prompt11-10-cloudcomputing\cloudnotes\cloudnotes.tests.repositories\bin\debug\cloudnotes.tests.repositories.dll" id="83144cc2-eba3-40b7-3a94-8375dcee99f1">
      <Execution id="5350bf0a-4f63-4c6a-bbd8-8a6abf2b79b9" />
      <TestMethod codeBase="D:/PROMPT11-10-CloudComputing/CloudNotes/CloudNotes.Tests.Repositories/bin/Debug/CloudNotes.Tests.Repositories.DLL" adapterTypeName="Microsoft.VisualStudio.TestTools.TestTypes.Unit.UnitTestAdapter, Microsoft.VisualStudio.QualityTools.Tips.UnitTest.Adapter, Version=10.0.0.0, Culture=neutral, PublicKeyToken=b03f5f7f11d50a3a" className="CloudNotes.Tests.Repositories.RepositoriesTests, CloudNotes.Tests.Repositories, Version=1.0.0.0, Culture=neutral, PublicKeyToken=null" name="UsersRepositoryParseIdentityProviderParsesWindowsLiveIDCorrectly" />
    </UnitTest>
    <UnitTest name="UsersServiceMethodLoadShareShouldLoadTheTaskListShares" storage="d:\prompt11-10-cloudcomputing\cloudnotes\cloudnotes.tests.domain.services\bin\debug\cloudnotes.tests.domain.services.dll" id="b81d524b-5fb5-2e72-1747-39c7882c4e2d">
      <Execution id="1ea440f6-412e-4aa2-9439-c7d3c85efa58" />
      <TestMethod codeBase="D:/PROMPT11-10-CloudComputing/CloudNotes/CloudNotes.Tests.Domain.Services/bin/Debug/CloudNotes.Tests.Domain.Services.DLL" adapterTypeName="Microsoft.VisualStudio.TestTools.TestTypes.Unit.UnitTestAdapter, Microsoft.VisualStudio.QualityTools.Tips.UnitTest.Adapter, Version=10.0.0.0, Culture=neutral, PublicKeyToken=b03f5f7f11d50a3a" className="CloudNotes.Tests.Domain.Services.DomainServicesTests, CloudNotes.Tests.Domain.Services, Version=1.0.0.0, Culture=neutral, PublicKeyToken=null" name="UsersServiceMethodLoadShareShouldLoadTheTaskListShares" />
    </UnitTest>
    <UnitTest name="UsersRepositoryUserIsRegisteredCallsLoadFromTheUnitOfWorkForAnExistingUser" storage="d:\prompt11-10-cloudcomputing\cloudnotes\cloudnotes.tests.repositories\bin\debug\cloudnotes.tests.repositories.dll" id="54e67131-47df-e2cb-c7bc-1b2b43b86483">
      <Execution id="5b0d68eb-4980-4715-aea6-2393d9a23d39" />
      <TestMethod codeBase="D:/PROMPT11-10-CloudComputing/CloudNotes/CloudNotes.Tests.Repositories/bin/Debug/CloudNotes.Tests.Repositories.DLL" adapterTypeName="Microsoft.VisualStudio.TestTools.TestTypes.Unit.UnitTestAdapter, Microsoft.VisualStudio.QualityTools.Tips.UnitTest.Adapter, Version=10.0.0.0, Culture=neutral, PublicKeyToken=b03f5f7f11d50a3a" className="CloudNotes.Tests.Repositories.RepositoriesTests, CloudNotes.Tests.Repositories, Version=1.0.0.0, Culture=neutral, PublicKeyToken=null" name="UsersRepositoryUserIsRegisteredCallsLoadFromTheUnitOfWorkForAnExistingUser" />
    </UnitTest>
    <UnitTest name="ATaskListWithATittleLongerThan20CharactersIsInvalid" storage="d:\prompt11-10-cloudcomputing\cloudnotes\cloudnotes.tests.domain\bin\debug\cloudnotes.tests.domain.dll" id="14c0b5c2-e01e-d3c7-468e-9874da6b0406">
      <Execution id="8d2177dd-325d-4315-bd9b-d2b69121282a" />
      <TestMethod codeBase="D:/PROMPT11-10-CloudComputing/CloudNotes/CloudNotes.Tests.Domain/bin/Debug/CloudNotes.Tests.Domain.DLL" adapterTypeName="Microsoft.VisualStudio.TestTools.TestTypes.Unit.UnitTestAdapter, Microsoft.VisualStudio.QualityTools.Tips.UnitTest.Adapter, Version=10.0.0.0, Culture=neutral, PublicKeyToken=b03f5f7f11d50a3a" className="CloudNotes.Tests.Domain.DomainTests, CloudNotes.Tests.Domain, Version=1.0.0.0, Culture=neutral, PublicKeyToken=null" name="ATaskListWithATittleLongerThan20CharactersIsInvalid" />
    </UnitTest>
    <UnitTest name="ANoteWithANullContainerListIsInvalid" storage="d:\prompt11-10-cloudcomputing\cloudnotes\cloudnotes.tests.domain\bin\debug\cloudnotes.tests.domain.dll" id="2096f5a0-1903-5db2-2c40-833b3a14e68d">
      <Execution id="c5ae6124-6a34-449a-8a5f-f042b37c908e" />
      <TestMethod codeBase="D:/PROMPT11-10-CloudComputing/CloudNotes/CloudNotes.Tests.Domain/bin/Debug/CloudNotes.Tests.Domain.DLL" adapterTypeName="Microsoft.VisualStudio.TestTools.TestTypes.Unit.UnitTestAdapter, Microsoft.VisualStudio.QualityTools.Tips.UnitTest.Adapter, Version=10.0.0.0, Culture=neutral, PublicKeyToken=b03f5f7f11d50a3a" className="CloudNotes.Tests.Domain.DomainTests, CloudNotes.Tests.Domain, Version=1.0.0.0, Culture=neutral, PublicKeyToken=null" name="ANoteWithANullContainerListIsInvalid" />
    </UnitTest>
    <UnitTest name="NotesRepositoryHasPermisionToEditCallsGetFromTheUnitOfWork" storage="d:\prompt11-10-cloudcomputing\cloudnotes\cloudnotes.tests.repositories\bin\debug\cloudnotes.tests.repositories.dll" id="1d280656-e2df-5314-433f-b3591c27440d">
      <Execution id="488bfdde-2969-4ec2-91a7-39fcbc9b4fd7" />
      <TestMethod codeBase="D:/PROMPT11-10-CloudComputing/CloudNotes/CloudNotes.Tests.Repositories/bin/Debug/CloudNotes.Tests.Repositories.DLL" adapterTypeName="Microsoft.VisualStudio.TestTools.TestTypes.Unit.UnitTestAdapter, Microsoft.VisualStudio.QualityTools.Tips.UnitTest.Adapter, Version=10.0.0.0, Culture=neutral, PublicKeyToken=b03f5f7f11d50a3a" className="CloudNotes.Tests.Repositories.RepositoriesTests, CloudNotes.Tests.Repositories, Version=1.0.0.0, Culture=neutral, PublicKeyToken=null" name="NotesRepositoryHasPermisionToEditCallsGetFromTheUnitOfWork" />
    </UnitTest>
    <UnitTest name="UsersServiceMethodIsRegisteredReturnsFalseForANonExistingUser" storage="d:\prompt11-10-cloudcomputing\cloudnotes\cloudnotes.tests.domain.services\bin\debug\cloudnotes.tests.domain.services.dll" id="dda17c2a-e42a-8750-1a67-51ce6b26fe62">
      <Execution id="b802e76d-531e-409b-9045-f5642767ed7a" />
      <TestMethod codeBase="D:/PROMPT11-10-CloudComputing/CloudNotes/CloudNotes.Tests.Domain.Services/bin/Debug/CloudNotes.Tests.Domain.Services.DLL" adapterTypeName="Microsoft.VisualStudio.TestTools.TestTypes.Unit.UnitTestAdapter, Microsoft.VisualStudio.QualityTools.Tips.UnitTest.Adapter, Version=10.0.0.0, Culture=neutral, PublicKeyToken=b03f5f7f11d50a3a" className="CloudNotes.Tests.Domain.Services.DomainServicesTests, CloudNotes.Tests.Domain.Services, Version=1.0.0.0, Culture=neutral, PublicKeyToken=null" name="UsersServiceMethodIsRegisteredReturnsFalseForANonExistingUser" />
    </UnitTest>
    <UnitTest name="TaskListsServiceMethodGetByCombinedKeysShouldReturnATaskList" storage="d:\prompt11-10-cloudcomputing\cloudnotes\cloudnotes.tests.domain.services\bin\debug\cloudnotes.tests.domain.services.dll" id="03ce780a-2410-0155-4350-9f8288a8e596">
      <Execution id="3feeef1b-041a-4911-8c0c-e47e504c10c6" />
      <TestMethod codeBase="D:/PROMPT11-10-CloudComputing/CloudNotes/CloudNotes.Tests.Domain.Services/bin/Debug/CloudNotes.Tests.Domain.Services.DLL" adapterTypeName="Microsoft.VisualStudio.TestTools.TestTypes.Unit.UnitTestAdapter, Microsoft.VisualStudio.QualityTools.Tips.UnitTest.Adapter, Version=10.0.0.0, Culture=neutral, PublicKeyToken=b03f5f7f11d50a3a" className="CloudNotes.Tests.Domain.Services.DomainServicesTests, CloudNotes.Tests.Domain.Services, Version=1.0.0.0, Culture=neutral, PublicKeyToken=null" name="TaskListsServiceMethodGetByCombinedKeysShouldReturnATaskList" />
    </UnitTest>
    <UnitTest name="NotesRepositoryRemoveShareCallsDeleteFromTheUnitOfWork" storage="d:\prompt11-10-cloudcomputing\cloudnotes\cloudnotes.tests.repositories\bin\debug\cloudnotes.tests.repositories.dll" id="c775d00d-9095-a8a9-2433-76c5a0405657">
      <Execution id="3ac98e96-764d-4f8d-9df3-7eadb6837a4c" />
      <TestMethod codeBase="D:/PROMPT11-10-CloudComputing/CloudNotes/CloudNotes.Tests.Repositories/bin/Debug/CloudNotes.Tests.Repositories.DLL" adapterTypeName="Microsoft.VisualStudio.TestTools.TestTypes.Unit.UnitTestAdapter, Microsoft.VisualStudio.QualityTools.Tips.UnitTest.Adapter, Version=10.0.0.0, Culture=neutral, PublicKeyToken=b03f5f7f11d50a3a" className="CloudNotes.Tests.Repositories.RepositoriesTests, CloudNotes.Tests.Repositories, Version=1.0.0.0, Culture=neutral, PublicKeyToken=null" name="NotesRepositoryRemoveShareCallsDeleteFromTheUnitOfWork" />
    </UnitTest>
    <UnitTest name="NotesRepositoryGetCallsGetFromTheUnitOfWorkAndReturnsNullForANonExistingNote" storage="d:\prompt11-10-cloudcomputing\cloudnotes\cloudnotes.tests.repositories\bin\debug\cloudnotes.tests.repositories.dll" id="a49419de-351d-ddee-3740-c07af74b36d5">
      <Execution id="b1dc651a-851c-4775-9afd-6b0a89eb296d" />
      <TestMethod codeBase="D:/PROMPT11-10-CloudComputing/CloudNotes/CloudNotes.Tests.Repositories/bin/Debug/CloudNotes.Tests.Repositories.DLL" adapterTypeName="Microsoft.VisualStudio.TestTools.TestTypes.Unit.UnitTestAdapter, Microsoft.VisualStudio.QualityTools.Tips.UnitTest.Adapter, Version=10.0.0.0, Culture=neutral, PublicKeyToken=b03f5f7f11d50a3a" className="CloudNotes.Tests.Repositories.RepositoriesTests, CloudNotes.Tests.Repositories, Version=1.0.0.0, Culture=neutral, PublicKeyToken=null" name="NotesRepositoryGetCallsGetFromTheUnitOfWorkAndReturnsNullForANonExistingNote" />
    </UnitTest>
    <UnitTest name="TaskListsServiceMethodGetShouldReturnNullForANonExistingTaskList" storage="d:\prompt11-10-cloudcomputing\cloudnotes\cloudnotes.tests.domain.services\bin\debug\cloudnotes.tests.domain.services.dll" id="5fe42e9d-f3d6-6b59-1cde-9ee6b0948802">
      <Execution id="67a84fd5-a8e7-4857-8f27-1e990fa62cdf" />
      <TestMethod codeBase="D:/PROMPT11-10-CloudComputing/CloudNotes/CloudNotes.Tests.Domain.Services/bin/Debug/CloudNotes.Tests.Domain.Services.DLL" adapterTypeName="Microsoft.VisualStudio.TestTools.TestTypes.Unit.UnitTestAdapter, Microsoft.VisualStudio.QualityTools.Tips.UnitTest.Adapter, Version=10.0.0.0, Culture=neutral, PublicKeyToken=b03f5f7f11d50a3a" className="CloudNotes.Tests.Domain.Services.DomainServicesTests, CloudNotes.Tests.Domain.Services, Version=1.0.0.0, Culture=neutral, PublicKeyToken=null" name="TaskListsServiceMethodGetShouldReturnNullForANonExistingTaskList" />
    </UnitTest>
    <UnitTest name="UsersServiceMethodGFillUserAuthenticationInfoShouldFillTheAuthenticationInfo" storage="d:\prompt11-10-cloudcomputing\cloudnotes\cloudnotes.tests.domain.services\bin\debug\cloudnotes.tests.domain.services.dll" id="a7085ee0-9711-d8df-ad65-023ec44b9759">
      <Execution id="10afa8ed-64e7-428f-835b-55958f6a878e" />
      <TestMethod codeBase="D:/PROMPT11-10-CloudComputing/CloudNotes/CloudNotes.Tests.Domain.Services/bin/Debug/CloudNotes.Tests.Domain.Services.DLL" adapterTypeName="Microsoft.VisualStudio.TestTools.TestTypes.Unit.UnitTestAdapter, Microsoft.VisualStudio.QualityTools.Tips.UnitTest.Adapter, Version=10.0.0.0, Culture=neutral, PublicKeyToken=b03f5f7f11d50a3a" className="CloudNotes.Tests.Domain.Services.DomainServicesTests, CloudNotes.Tests.Domain.Services, Version=1.0.0.0, Culture=neutral, PublicKeyToken=null" name="UsersServiceMethodGFillUserAuthenticationInfoShouldFillTheAuthenticationInfo" />
    </UnitTest>
    <UnitTest name="TaskListsRepositoryAddShareCallsCreateFromTheUnitOfWork" storage="d:\prompt11-10-cloudcomputing\cloudnotes\cloudnotes.tests.repositories\bin\debug\cloudnotes.tests.repositories.dll" id="289b20e7-b260-bab8-9e9b-721680a9b151">
      <Execution id="e715a00b-46cd-476f-b19a-a513b2afe664" />
      <TestMethod codeBase="D:/PROMPT11-10-CloudComputing/CloudNotes/CloudNotes.Tests.Repositories/bin/Debug/CloudNotes.Tests.Repositories.DLL" adapterTypeName="Microsoft.VisualStudio.TestTools.TestTypes.Unit.UnitTestAdapter, Microsoft.VisualStudio.QualityTools.Tips.UnitTest.Adapter, Version=10.0.0.0, Culture=neutral, PublicKeyToken=b03f5f7f11d50a3a" className="CloudNotes.Tests.Repositories.RepositoriesTests, CloudNotes.Tests.Repositories, Version=1.0.0.0, Culture=neutral, PublicKeyToken=null" name="TaskListsRepositoryAddShareCallsCreateFromTheUnitOfWork" />
    </UnitTest>
    <UnitTest name="ATaskListWithAnAllWhitespaceTittleIsInvalid" storage="d:\prompt11-10-cloudcomputing\cloudnotes\cloudnotes.tests.domain\bin\debug\cloudnotes.tests.domain.dll" id="a92d683e-6db6-da08-1853-c0e53902a155">
      <Execution id="88270deb-40e7-4e38-93ba-c484f415c229" />
      <TestMethod codeBase="D:/PROMPT11-10-CloudComputing/CloudNotes/CloudNotes.Tests.Domain/bin/Debug/CloudNotes.Tests.Domain.DLL" adapterTypeName="Microsoft.VisualStudio.TestTools.TestTypes.Unit.UnitTestAdapter, Microsoft.VisualStudio.QualityTools.Tips.UnitTest.Adapter, Version=10.0.0.0, Culture=neutral, PublicKeyToken=b03f5f7f11d50a3a" className="CloudNotes.Tests.Domain.DomainTests, CloudNotes.Tests.Domain, Version=1.0.0.0, Culture=neutral, PublicKeyToken=null" name="ATaskListWithAnAllWhitespaceTittleIsInvalid" />
    </UnitTest>
    <UnitTest name="AUserWithAnEmptyNameIsInvalid" storage="d:\prompt11-10-cloudcomputing\cloudnotes\cloudnotes.tests.domain\bin\debug\cloudnotes.tests.domain.dll" id="2b244028-df83-e3b8-91b4-eb0f42ff37fe">
      <Execution id="d6613ba7-4050-4e8e-8b69-b3787b4f5aa2" />
      <TestMethod codeBase="D:/PROMPT11-10-CloudComputing/CloudNotes/CloudNotes.Tests.Domain/bin/Debug/CloudNotes.Tests.Domain.DLL" adapterTypeName="Microsoft.VisualStudio.TestTools.TestTypes.Unit.UnitTestAdapter, Microsoft.VisualStudio.QualityTools.Tips.UnitTest.Adapter, Version=10.0.0.0, Culture=neutral, PublicKeyToken=b03f5f7f11d50a3a" className="CloudNotes.Tests.Domain.DomainTests, CloudNotes.Tests.Domain, Version=1.0.0.0, Culture=neutral, PublicKeyToken=null" name="AUserWithAnEmptyNameIsInvalid" />
    </UnitTest>
    <UnitTest name="NotesServiceMethodGetByFilterShouldReturnANote" storage="d:\prompt11-10-cloudcomputing\cloudnotes\cloudnotes.tests.domain.services\bin\debug\cloudnotes.tests.domain.services.dll" id="c6f13921-acfe-5e3f-88bd-0ff970c4a9d6">
      <Execution id="3939ff35-3eb4-45d9-a5db-1384deb721d7" />
      <TestMethod codeBase="D:/PROMPT11-10-CloudComputing/CloudNotes/CloudNotes.Tests.Domain.Services/bin/Debug/CloudNotes.Tests.Domain.Services.DLL" adapterTypeName="Microsoft.VisualStudio.TestTools.TestTypes.Unit.UnitTestAdapter, Microsoft.VisualStudio.QualityTools.Tips.UnitTest.Adapter, Version=10.0.0.0, Culture=neutral, PublicKeyToken=b03f5f7f11d50a3a" className="CloudNotes.Tests.Domain.Services.DomainServicesTests, CloudNotes.Tests.Domain.Services, Version=1.0.0.0, Culture=neutral, PublicKeyToken=null" name="NotesServiceMethodGetByFilterShouldReturnANote" />
    </UnitTest>
    <UnitTest name="ANoteWithANullOwnerIsInvalid" storage="d:\prompt11-10-cloudcomputing\cloudnotes\cloudnotes.tests.domain\bin\debug\cloudnotes.tests.domain.dll" id="e814db0b-a976-414f-8c66-ad00681e848f">
      <Execution id="fc9f420b-9400-4ae1-be30-fb2bac4cfefa" />
      <TestMethod codeBase="D:/PROMPT11-10-CloudComputing/CloudNotes/CloudNotes.Tests.Domain/bin/Debug/CloudNotes.Tests.Domain.DLL" adapterTypeName="Microsoft.VisualStudio.TestTools.TestTypes.Unit.UnitTestAdapter, Microsoft.VisualStudio.QualityTools.Tips.UnitTest.Adapter, Version=10.0.0.0, Culture=neutral, PublicKeyToken=b03f5f7f11d50a3a" className="CloudNotes.Tests.Domain.DomainTests, CloudNotes.Tests.Domain, Version=1.0.0.0, Culture=neutral, PublicKeyToken=null" name="ANoteWithANullOwnerIsInvalid" />
    </UnitTest>
    <UnitTest name="TaskListsServiceMethodGetByFilterShouldReturnATaskList" storage="d:\prompt11-10-cloudcomputing\cloudnotes\cloudnotes.tests.domain.services\bin\debug\cloudnotes.tests.domain.services.dll" id="806d5e37-6070-b15c-e509-59745df24b26">
      <Execution id="73802209-a9fb-4d9a-b75a-e9f1c58e2c8a" />
      <TestMethod codeBase="D:/PROMPT11-10-CloudComputing/CloudNotes/CloudNotes.Tests.Domain.Services/bin/Debug/CloudNotes.Tests.Domain.Services.DLL" adapterTypeName="Microsoft.VisualStudio.TestTools.TestTypes.Unit.UnitTestAdapter, Microsoft.VisualStudio.QualityTools.Tips.UnitTest.Adapter, Version=10.0.0.0, Culture=neutral, PublicKeyToken=b03f5f7f11d50a3a" className="CloudNotes.Tests.Domain.Services.DomainServicesTests, CloudNotes.Tests.Domain.Services, Version=1.0.0.0, Culture=neutral, PublicKeyToken=null" name="TaskListsServiceMethodGetByFilterShouldReturnATaskList" />
    </UnitTest>
    <UnitTest name="AUserWithAnNameThatHasTheCharacterHypenIsInvalid" storage="d:\prompt11-10-cloudcomputing\cloudnotes\cloudnotes.tests.domain\bin\debug\cloudnotes.tests.domain.dll" id="710056e6-b337-9739-6344-1fd443c7a2b3">
      <Execution id="eaabedaa-f54b-40fb-bd83-72aea191b6d7" />
      <TestMethod codeBase="D:/PROMPT11-10-CloudComputing/CloudNotes/CloudNotes.Tests.Domain/bin/Debug/CloudNotes.Tests.Domain.DLL" adapterTypeName="Microsoft.VisualStudio.TestTools.TestTypes.Unit.UnitTestAdapter, Microsoft.VisualStudio.QualityTools.Tips.UnitTest.Adapter, Version=10.0.0.0, Culture=neutral, PublicKeyToken=b03f5f7f11d50a3a" className="CloudNotes.Tests.Domain.DomainTests, CloudNotes.Tests.Domain, Version=1.0.0.0, Culture=neutral, PublicKeyToken=null" name="AUserWithAnNameThatHasTheCharacterHypenIsInvalid" />
    </UnitTest>
    <UnitTest name="NotesServiceMethodCreateShouldCreateANote" storage="d:\prompt11-10-cloudcomputing\cloudnotes\cloudnotes.tests.domain.services\bin\debug\cloudnotes.tests.domain.services.dll" id="dd0adaa0-376e-15b3-c394-a4c648706582">
      <Execution id="b6eb3a82-5014-483a-9662-1804cd34c9b8" />
      <TestMethod codeBase="D:/PROMPT11-10-CloudComputing/CloudNotes/CloudNotes.Tests.Domain.Services/bin/Debug/CloudNotes.Tests.Domain.Services.DLL" adapterTypeName="Microsoft.VisualStudio.TestTools.TestTypes.Unit.UnitTestAdapter, Microsoft.VisualStudio.QualityTools.Tips.UnitTest.Adapter, Version=10.0.0.0, Culture=neutral, PublicKeyToken=b03f5f7f11d50a3a" className="CloudNotes.Tests.Domain.Services.DomainServicesTests, CloudNotes.Tests.Domain.Services, Version=1.0.0.0, Culture=neutral, PublicKeyToken=null" name="NotesServiceMethodCreateShouldCreateANote" />
    </UnitTest>
    <UnitTest name="NotesRepositoryGetCallsGetFromTheUnitOfWorkAndReturnsAnExistingNote" storage="d:\prompt11-10-cloudcomputing\cloudnotes\cloudnotes.tests.repositories\bin\debug\cloudnotes.tests.repositories.dll" id="53bf3163-df0e-9e62-fb0d-6671ad5acf2e">
      <Execution id="f8c9ac61-cdba-43e0-abe9-fd8bb7d27623" />
      <TestMethod codeBase="D:/PROMPT11-10-CloudComputing/CloudNotes/CloudNotes.Tests.Repositories/bin/Debug/CloudNotes.Tests.Repositories.DLL" adapterTypeName="Microsoft.VisualStudio.TestTools.TestTypes.Unit.UnitTestAdapter, Microsoft.VisualStudio.QualityTools.Tips.UnitTest.Adapter, Version=10.0.0.0, Culture=neutral, PublicKeyToken=b03f5f7f11d50a3a" className="CloudNotes.Tests.Repositories.RepositoriesTests, CloudNotes.Tests.Repositories, Version=1.0.0.0, Culture=neutral, PublicKeyToken=null" name="NotesRepositoryGetCallsGetFromTheUnitOfWorkAndReturnsAnExistingNote" />
    </UnitTest>
    <UnitTest name="UsersRepositoryUpdateCallsUpdateFromTheUnitOfWork" storage="d:\prompt11-10-cloudcomputing\cloudnotes\cloudnotes.tests.repositories\bin\debug\cloudnotes.tests.repositories.dll" id="da07899b-e0b9-f639-2145-62f05a55637a">
      <Execution id="b61baf34-ef2f-4970-893b-3614900290ef" />
      <TestMethod codeBase="D:/PROMPT11-10-CloudComputing/CloudNotes/CloudNotes.Tests.Repositories/bin/Debug/CloudNotes.Tests.Repositories.DLL" adapterTypeName="Microsoft.VisualStudio.TestTools.TestTypes.Unit.UnitTestAdapter, Microsoft.VisualStudio.QualityTools.Tips.UnitTest.Adapter, Version=10.0.0.0, Culture=neutral, PublicKeyToken=b03f5f7f11d50a3a" className="CloudNotes.Tests.Repositories.RepositoriesTests, CloudNotes.Tests.Repositories, Version=1.0.0.0, Culture=neutral, PublicKeyToken=null" name="UsersRepositoryUpdateCallsUpdateFromTheUnitOfWork" />
    </UnitTest>
    <UnitTest name="TaskListsServiceMethodHasPermissionToEditShouldReturnFalseForAUserNotInTheShare" storage="d:\prompt11-10-cloudcomputing\cloudnotes\cloudnotes.tests.domain.services\bin\debug\cloudnotes.tests.domain.services.dll" id="fd1333a9-bd73-eaaa-f9e7-1e9546344171">
      <Execution id="b4ba04f2-b8fd-4111-8781-909c0466a56a" />
      <TestMethod codeBase="D:/PROMPT11-10-CloudComputing/CloudNotes/CloudNotes.Tests.Domain.Services/bin/Debug/CloudNotes.Tests.Domain.Services.DLL" adapterTypeName="Microsoft.VisualStudio.TestTools.TestTypes.Unit.UnitTestAdapter, Microsoft.VisualStudio.QualityTools.Tips.UnitTest.Adapter, Version=10.0.0.0, Culture=neutral, PublicKeyToken=b03f5f7f11d50a3a" className="CloudNotes.Tests.Domain.Services.DomainServicesTests, CloudNotes.Tests.Domain.Services, Version=1.0.0.0, Culture=neutral, PublicKeyToken=null" name="TaskListsServiceMethodHasPermissionToEditShouldReturnFalseForAUserNotInTheShare" />
    </UnitTest>
    <UnitTest name="UsersServiceMethodCreateShouldCreateAUser" storage="d:\prompt11-10-cloudcomputing\cloudnotes\cloudnotes.tests.domain.services\bin\debug\cloudnotes.tests.domain.services.dll" id="2f5b7326-d298-9d47-b2ba-6360bcb253cc">
      <Execution id="878e64ba-5288-4b91-b308-60b20f4ae758" />
      <TestMethod codeBase="D:/PROMPT11-10-CloudComputing/CloudNotes/CloudNotes.Tests.Domain.Services/bin/Debug/CloudNotes.Tests.Domain.Services.DLL" adapterTypeName="Microsoft.VisualStudio.TestTools.TestTypes.Unit.UnitTestAdapter, Microsoft.VisualStudio.QualityTools.Tips.UnitTest.Adapter, Version=10.0.0.0, Culture=neutral, PublicKeyToken=b03f5f7f11d50a3a" className="CloudNotes.Tests.Domain.Services.DomainServicesTests, CloudNotes.Tests.Domain.Services, Version=1.0.0.0, Culture=neutral, PublicKeyToken=null" name="UsersServiceMethodCreateShouldCreateAUser" />
    </UnitTest>
    <UnitTest name="TaskListsRepositoryUpdateCallsUpdateFromTheUnitOfWork" storage="d:\prompt11-10-cloudcomputing\cloudnotes\cloudnotes.tests.repositories\bin\debug\cloudnotes.tests.repositories.dll" id="243a3723-c759-1bdb-8565-43030030c8e3">
      <Execution id="1536cae7-1d7b-4e87-9b25-3684cb010d8d" />
      <TestMethod codeBase="D:/PROMPT11-10-CloudComputing/CloudNotes/CloudNotes.Tests.Repositories/bin/Debug/CloudNotes.Tests.Repositories.DLL" adapterTypeName="Microsoft.VisualStudio.TestTools.TestTypes.Unit.UnitTestAdapter, Microsoft.VisualStudio.QualityTools.Tips.UnitTest.Adapter, Version=10.0.0.0, Culture=neutral, PublicKeyToken=b03f5f7f11d50a3a" className="CloudNotes.Tests.Repositories.RepositoriesTests, CloudNotes.Tests.Repositories, Version=1.0.0.0, Culture=neutral, PublicKeyToken=null" name="TaskListsRepositoryUpdateCallsUpdateFromTheUnitOfWork" />
    </UnitTest>
    <UnitTest name="UsersServiceMethodGetByIdentifiersShouldReturnAUser" storage="d:\prompt11-10-cloudcomputing\cloudnotes\cloudnotes.tests.domain.services\bin\debug\cloudnotes.tests.domain.services.dll" id="7b5bfd82-0a0d-ae47-9f48-64f6309b6fc1">
      <Execution id="576fcf65-2047-4913-adb9-e454faa8e111" />
      <TestMethod codeBase="D:/PROMPT11-10-CloudComputing/CloudNotes/CloudNotes.Tests.Domain.Services/bin/Debug/CloudNotes.Tests.Domain.Services.DLL" adapterTypeName="Microsoft.VisualStudio.TestTools.TestTypes.Unit.UnitTestAdapter, Microsoft.VisualStudio.QualityTools.Tips.UnitTest.Adapter, Version=10.0.0.0, Culture=neutral, PublicKeyToken=b03f5f7f11d50a3a" className="CloudNotes.Tests.Domain.Services.DomainServicesTests, CloudNotes.Tests.Domain.Services, Version=1.0.0.0, Culture=neutral, PublicKeyToken=null" name="UsersServiceMethodGetByIdentifiersShouldReturnAUser" />
    </UnitTest>
    <UnitTest name="TaskListsRepositoryGetSharedCallsLoadFromTheUnitOfWork" storage="d:\prompt11-10-cloudcomputing\cloudnotes\cloudnotes.tests.repositories\bin\debug\cloudnotes.tests.repositories.dll" id="9ca52fa0-c559-7623-fd35-fc2380d7afd8">
      <Execution id="4fef58ad-6a44-4406-be60-f1ecfbf1febc" />
      <TestMethod codeBase="D:/PROMPT11-10-CloudComputing/CloudNotes/CloudNotes.Tests.Repositories/bin/Debug/CloudNotes.Tests.Repositories.DLL" adapterTypeName="Microsoft.VisualStudio.TestTools.TestTypes.Unit.UnitTestAdapter, Microsoft.VisualStudio.QualityTools.Tips.UnitTest.Adapter, Version=10.0.0.0, Culture=neutral, PublicKeyToken=b03f5f7f11d50a3a" className="CloudNotes.Tests.Repositories.RepositoriesTests, CloudNotes.Tests.Repositories, Version=1.0.0.0, Culture=neutral, PublicKeyToken=null" name="TaskListsRepositoryGetSharedCallsLoadFromTheUnitOfWork" />
    </UnitTest>
    <UnitTest name="TaskListsServiceMethodRemoveShareShouldARemoveAUserFromTheTaskListShares" storage="d:\prompt11-10-cloudcomputing\cloudnotes\cloudnotes.tests.domain.services\bin\debug\cloudnotes.tests.domain.services.dll" id="6679c1f6-317f-e773-41df-3508a75dea4b">
      <Execution id="9dfdb22f-3abc-4ecd-ab49-db11f1ad1fbf" />
      <TestMethod codeBase="D:/PROMPT11-10-CloudComputing/CloudNotes/CloudNotes.Tests.Domain.Services/bin/Debug/CloudNotes.Tests.Domain.Services.DLL" adapterTypeName="Microsoft.VisualStudio.TestTools.TestTypes.Unit.UnitTestAdapter, Microsoft.VisualStudio.QualityTools.Tips.UnitTest.Adapter, Version=10.0.0.0, Culture=neutral, PublicKeyToken=b03f5f7f11d50a3a" className="CloudNotes.Tests.Domain.Services.DomainServicesTests, CloudNotes.Tests.Domain.Services, Version=1.0.0.0, Culture=neutral, PublicKeyToken=null" name="TaskListsServiceMethodRemoveShareShouldARemoveAUserFromTheTaskListShares" />
    </UnitTest>
    <UnitTest name="ANoteWithContentLongerThan50CharactersIsInvalid" storage="d:\prompt11-10-cloudcomputing\cloudnotes\cloudnotes.tests.domain\bin\debug\cloudnotes.tests.domain.dll" id="7a009e26-62e5-1f69-5cdb-854dc672f6ae">
      <Execution id="8e6ce2d1-7204-4868-9611-b55854af927a" />
      <TestMethod codeBase="D:/PROMPT11-10-CloudComputing/CloudNotes/CloudNotes.Tests.Domain/bin/Debug/CloudNotes.Tests.Domain.DLL" adapterTypeName="Microsoft.VisualStudio.TestTools.TestTypes.Unit.UnitTestAdapter, Microsoft.VisualStudio.QualityTools.Tips.UnitTest.Adapter, Version=10.0.0.0, Culture=neutral, PublicKeyToken=b03f5f7f11d50a3a" className="CloudNotes.Tests.Domain.DomainTests, CloudNotes.Tests.Domain, Version=1.0.0.0, Culture=neutral, PublicKeyToken=null" name="ANoteWithContentLongerThan50CharactersIsInvalid" />
    </UnitTest>
    <UnitTest name="UsersServiceMethodUpdateShouldUpdateAUser" storage="d:\prompt11-10-cloudcomputing\cloudnotes\cloudnotes.tests.domain.services\bin\debug\cloudnotes.tests.domain.services.dll" id="0a706ea0-58bc-0095-f59b-db8b9bd3e9c1">
      <Execution id="fb35574e-faba-4ccb-a7ad-c3048f2ba723" />
      <TestMethod codeBase="D:/PROMPT11-10-CloudComputing/CloudNotes/CloudNotes.Tests.Domain.Services/bin/Debug/CloudNotes.Tests.Domain.Services.DLL" adapterTypeName="Microsoft.VisualStudio.TestTools.TestTypes.Unit.UnitTestAdapter, Microsoft.VisualStudio.QualityTools.Tips.UnitTest.Adapter, Version=10.0.0.0, Culture=neutral, PublicKeyToken=b03f5f7f11d50a3a" className="CloudNotes.Tests.Domain.Services.DomainServicesTests, CloudNotes.Tests.Domain.Services, Version=1.0.0.0, Culture=neutral, PublicKeyToken=null" name="UsersServiceMethodUpdateShouldUpdateAUser" />
    </UnitTest>
    <UnitTest name="ANoteWithATittleLongerThan10CharactersIsInvalid" storage="d:\prompt11-10-cloudcomputing\cloudnotes\cloudnotes.tests.domain\bin\debug\cloudnotes.tests.domain.dll" id="fd2d9e08-8f5d-4406-828f-63af07dc5bf7">
      <Execution id="8abf2bce-0544-4d91-8d84-6d410796f181" />
      <TestMethod codeBase="D:/PROMPT11-10-CloudComputing/CloudNotes/CloudNotes.Tests.Domain/bin/Debug/CloudNotes.Tests.Domain.DLL" adapterTypeName="Microsoft.VisualStudio.TestTools.TestTypes.Unit.UnitTestAdapter, Microsoft.VisualStudio.QualityTools.Tips.UnitTest.Adapter, Version=10.0.0.0, Culture=neutral, PublicKeyToken=b03f5f7f11d50a3a" className="CloudNotes.Tests.Domain.DomainTests, CloudNotes.Tests.Domain, Version=1.0.0.0, Culture=neutral, PublicKeyToken=null" name="ANoteWithATittleLongerThan10CharactersIsInvalid" />
    </UnitTest>
    <UnitTest name="NotesRepositoryUpdateCallsUpdateFromTheUnitOfWork" storage="d:\prompt11-10-cloudcomputing\cloudnotes\cloudnotes.tests.repositories\bin\debug\cloudnotes.tests.repositories.dll" id="a780d5d0-43e2-3171-7945-424274cf7cfb">
      <Execution id="41237ff3-aae8-4edf-a42d-cb34918c6fc0" />
      <TestMethod codeBase="D:/PROMPT11-10-CloudComputing/CloudNotes/CloudNotes.Tests.Repositories/bin/Debug/CloudNotes.Tests.Repositories.DLL" adapterTypeName="Microsoft.VisualStudio.TestTools.TestTypes.Unit.UnitTestAdapter, Microsoft.VisualStudio.QualityTools.Tips.UnitTest.Adapter, Version=10.0.0.0, Culture=neutral, PublicKeyToken=b03f5f7f11d50a3a" className="CloudNotes.Tests.Repositories.RepositoriesTests, CloudNotes.Tests.Repositories, Version=1.0.0.0, Culture=neutral, PublicKeyToken=null" name="NotesRepositoryUpdateCallsUpdateFromTheUnitOfWork" />
    </UnitTest>
    <UnitTest name="UsersServiceMethodDeleteShouldDeleteAUser" storage="d:\prompt11-10-cloudcomputing\cloudnotes\cloudnotes.tests.domain.services\bin\debug\cloudnotes.tests.domain.services.dll" id="c6f6cc92-9905-881b-c432-bc390bf4fb00">
      <Execution id="3a816c95-2054-4199-813c-cd88d5a43ba5" />
      <TestMethod codeBase="D:/PROMPT11-10-CloudComputing/CloudNotes/CloudNotes.Tests.Domain.Services/bin/Debug/CloudNotes.Tests.Domain.Services.DLL" adapterTypeName="Microsoft.VisualStudio.TestTools.TestTypes.Unit.UnitTestAdapter, Microsoft.VisualStudio.QualityTools.Tips.UnitTest.Adapter, Version=10.0.0.0, Culture=neutral, PublicKeyToken=b03f5f7f11d50a3a" className="CloudNotes.Tests.Domain.Services.DomainServicesTests, CloudNotes.Tests.Domain.Services, Version=1.0.0.0, Culture=neutral, PublicKeyToken=null" name="UsersServiceMethodDeleteShouldDeleteAUser" />
    </UnitTest>
    <UnitTest name="ANoteWithAllValidPropertiesIsValid" storage="d:\prompt11-10-cloudcomputing\cloudnotes\cloudnotes.tests.domain\bin\debug\cloudnotes.tests.domain.dll" id="c14c078d-036a-ef14-90a0-c1d1a047c940">
      <Execution id="fd187956-c7ea-4b4b-9ae8-30e4ffd845c2" />
      <TestMethod codeBase="D:/PROMPT11-10-CloudComputing/CloudNotes/CloudNotes.Tests.Domain/bin/Debug/CloudNotes.Tests.Domain.DLL" adapterTypeName="Microsoft.VisualStudio.TestTools.TestTypes.Unit.UnitTestAdapter, Microsoft.VisualStudio.QualityTools.Tips.UnitTest.Adapter, Version=10.0.0.0, Culture=neutral, PublicKeyToken=b03f5f7f11d50a3a" className="CloudNotes.Tests.Domain.DomainTests, CloudNotes.Tests.Domain, Version=1.0.0.0, Culture=neutral, PublicKeyToken=null" name="ANoteWithAllValidPropertiesIsValid" />
    </UnitTest>
    <UnitTest name="NotesServiceMethodHasPermissionToEditShouldReturnTrueForAUserInTheShare" storage="d:\prompt11-10-cloudcomputing\cloudnotes\cloudnotes.tests.domain.services\bin\debug\cloudnotes.tests.domain.services.dll" id="1026c741-dd83-c4ec-8bca-52fe5c047850">
      <Execution id="c6fce5ed-d540-43bb-a7dc-27097e4e802c" />
      <TestMethod codeBase="D:/PROMPT11-10-CloudComputing/CloudNotes/CloudNotes.Tests.Domain.Services/bin/Debug/CloudNotes.Tests.Domain.Services.DLL" adapterTypeName="Microsoft.VisualStudio.TestTools.TestTypes.Unit.UnitTestAdapter, Microsoft.VisualStudio.QualityTools.Tips.UnitTest.Adapter, Version=10.0.0.0, Culture=neutral, PublicKeyToken=b03f5f7f11d50a3a" className="CloudNotes.Tests.Domain.Services.DomainServicesTests, CloudNotes.Tests.Domain.Services, Version=1.0.0.0, Culture=neutral, PublicKeyToken=null" name="NotesServiceMethodHasPermissionToEditShouldReturnTrueForAUserInTheShare" />
    </UnitTest>
    <UnitTest name="UsersRepositoryGetByIdentifiersCallsLoadFromTheUnitOfWorkForAnExistingUser" storage="d:\prompt11-10-cloudcomputing\cloudnotes\cloudnotes.tests.repositories\bin\debug\cloudnotes.tests.repositories.dll" id="2ebf2434-3f8b-3932-cf00-13d37349040e">
      <Execution id="2ca95e6b-3840-4f07-9646-c9d1173ac1b4" />
      <TestMethod codeBase="D:/PROMPT11-10-CloudComputing/CloudNotes/CloudNotes.Tests.Repositories/bin/Debug/CloudNotes.Tests.Repositories.DLL" adapterTypeName="Microsoft.VisualStudio.TestTools.TestTypes.Unit.UnitTestAdapter, Microsoft.VisualStudio.QualityTools.Tips.UnitTest.Adapter, Version=10.0.0.0, Culture=neutral, PublicKeyToken=b03f5f7f11d50a3a" className="CloudNotes.Tests.Repositories.RepositoriesTests, CloudNotes.Tests.Repositories, Version=1.0.0.0, Culture=neutral, PublicKeyToken=null" name="UsersRepositoryGetByIdentifiersCallsLoadFromTheUnitOfWorkForAnExistingUser" />
    </UnitTest>
    <UnitTest name="NotesServiceMethodRemoveShareShouldRemoveAShareFromTheNoteShares" storage="d:\prompt11-10-cloudcomputing\cloudnotes\cloudnotes.tests.domain.services\bin\debug\cloudnotes.tests.domain.services.dll" id="b9b9c38a-74e2-e207-0c28-3fdf5244ae4b">
      <Execution id="6d751ba9-3cf3-4c3d-952a-23238babe991" />
      <TestMethod codeBase="D:/PROMPT11-10-CloudComputing/CloudNotes/CloudNotes.Tests.Domain.Services/bin/Debug/CloudNotes.Tests.Domain.Services.DLL" adapterTypeName="Microsoft.VisualStudio.TestTools.TestTypes.Unit.UnitTestAdapter, Microsoft.VisualStudio.QualityTools.Tips.UnitTest.Adapter, Version=10.0.0.0, Culture=neutral, PublicKeyToken=b03f5f7f11d50a3a" className="CloudNotes.Tests.Domain.Services.DomainServicesTests, CloudNotes.Tests.Domain.Services, Version=1.0.0.0, Culture=neutral, PublicKeyToken=null" name="NotesServiceMethodRemoveShareShouldRemoveAShareFromTheNoteShares" />
    </UnitTest>
    <UnitTest name="ANoteWithAnAllWhitespaceTittleIsInvalid" storage="d:\prompt11-10-cloudcomputing\cloudnotes\cloudnotes.tests.domain\bin\debug\cloudnotes.tests.domain.dll" id="07851a54-f9f2-0370-ef52-acf62480dca3">
      <Execution id="dc62c049-da04-4e1b-93b0-fc99d8fa0ac2" />
      <TestMethod codeBase="D:/PROMPT11-10-CloudComputing/CloudNotes/CloudNotes.Tests.Domain/bin/Debug/CloudNotes.Tests.Domain.DLL" adapterTypeName="Microsoft.VisualStudio.TestTools.TestTypes.Unit.UnitTestAdapter, Microsoft.VisualStudio.QualityTools.Tips.UnitTest.Adapter, Version=10.0.0.0, Culture=neutral, PublicKeyToken=b03f5f7f11d50a3a" className="CloudNotes.Tests.Domain.DomainTests, CloudNotes.Tests.Domain, Version=1.0.0.0, Culture=neutral, PublicKeyToken=null" name="ANoteWithAnAllWhitespaceTittleIsInvalid" />
    </UnitTest>
    <UnitTest name="ANoteWithAnEmptyTittleIsInvalid" storage="d:\prompt11-10-cloudcomputing\cloudnotes\cloudnotes.tests.domain\bin\debug\cloudnotes.tests.domain.dll" id="157b3a3d-66d6-d440-327f-479b45016df4">
      <Execution id="43359165-f3b5-4f43-ab27-f38419a00db4" />
      <TestMethod codeBase="D:/PROMPT11-10-CloudComputing/CloudNotes/CloudNotes.Tests.Domain/bin/Debug/CloudNotes.Tests.Domain.DLL" adapterTypeName="Microsoft.VisualStudio.TestTools.TestTypes.Unit.UnitTestAdapter, Microsoft.VisualStudio.QualityTools.Tips.UnitTest.Adapter, Version=10.0.0.0, Culture=neutral, PublicKeyToken=b03f5f7f11d50a3a" className="CloudNotes.Tests.Domain.DomainTests, CloudNotes.Tests.Domain, Version=1.0.0.0, Culture=neutral, PublicKeyToken=null" name="ANoteWithAnEmptyTittleIsInvalid" />
    </UnitTest>
    <UnitTest name="UsersRepositoryLoadShareCallsLoadAndGetFromTheUnitOfWork" storage="d:\prompt11-10-cloudcomputing\cloudnotes\cloudnotes.tests.repositories\bin\debug\cloudnotes.tests.repositories.dll" id="07ee8892-7054-180f-ddec-a98630f0764f">
      <Execution id="c24b1902-658f-45a0-89ed-50f6a5440a7b" />
      <TestMethod codeBase="D:/PROMPT11-10-CloudComputing/CloudNotes/CloudNotes.Tests.Repositories/bin/Debug/CloudNotes.Tests.Repositories.DLL" adapterTypeName="Microsoft.VisualStudio.TestTools.TestTypes.Unit.UnitTestAdapter, Microsoft.VisualStudio.QualityTools.Tips.UnitTest.Adapter, Version=10.0.0.0, Culture=neutral, PublicKeyToken=b03f5f7f11d50a3a" className="CloudNotes.Tests.Repositories.RepositoriesTests, CloudNotes.Tests.Repositories, Version=1.0.0.0, Culture=neutral, PublicKeyToken=null" name="UsersRepositoryLoadShareCallsLoadAndGetFromTheUnitOfWork" />
    </UnitTest>
    <UnitTest name="UsersRepositoryUserIsRegisteredCallsLoadFromTheUnitOfWorkForANewUser" storage="d:\prompt11-10-cloudcomputing\cloudnotes\cloudnotes.tests.repositories\bin\debug\cloudnotes.tests.repositories.dll" id="207fa172-124e-7710-3ae1-207f7e188ab7">
      <Execution id="c21b17b7-6f49-4a94-baa6-2575433cbd38" />
      <TestMethod codeBase="D:/PROMPT11-10-CloudComputing/CloudNotes/CloudNotes.Tests.Repositories/bin/Debug/CloudNotes.Tests.Repositories.DLL" adapterTypeName="Microsoft.VisualStudio.TestTools.TestTypes.Unit.UnitTestAdapter, Microsoft.VisualStudio.QualityTools.Tips.UnitTest.Adapter, Version=10.0.0.0, Culture=neutral, PublicKeyToken=b03f5f7f11d50a3a" className="CloudNotes.Tests.Repositories.RepositoriesTests, CloudNotes.Tests.Repositories, Version=1.0.0.0, Culture=neutral, PublicKeyToken=null" name="UsersRepositoryUserIsRegisteredCallsLoadFromTheUnitOfWorkForANewUser" />
    </UnitTest>
    <UnitTest name="NotesServiceMethodUpdateShouldUpdateANote" storage="d:\prompt11-10-cloudcomputing\cloudnotes\cloudnotes.tests.domain.services\bin\debug\cloudnotes.tests.domain.services.dll" id="5786b163-ef5c-e0c4-11da-ed5c7ebd591c">
      <Execution id="c83990cd-ce71-4ada-ba3e-ab61bdd06810" />
      <TestMethod codeBase="D:/PROMPT11-10-CloudComputing/CloudNotes/CloudNotes.Tests.Domain.Services/bin/Debug/CloudNotes.Tests.Domain.Services.DLL" adapterTypeName="Microsoft.VisualStudio.TestTools.TestTypes.Unit.UnitTestAdapter, Microsoft.VisualStudio.QualityTools.Tips.UnitTest.Adapter, Version=10.0.0.0, Culture=neutral, PublicKeyToken=b03f5f7f11d50a3a" className="CloudNotes.Tests.Domain.Services.DomainServicesTests, CloudNotes.Tests.Domain.Services, Version=1.0.0.0, Culture=neutral, PublicKeyToken=null" name="NotesServiceMethodUpdateShouldUpdateANote" />
    </UnitTest>
    <UnitTest name="UsersServiceMethodLoadShareShouldLoadTheNoteShares" storage="d:\prompt11-10-cloudcomputing\cloudnotes\cloudnotes.tests.domain.services\bin\debug\cloudnotes.tests.domain.services.dll" id="f15d8008-f42b-2bba-472e-3c1682ecbfbd">
      <Execution id="566f92ff-1d60-485f-b511-06a0e93fced4" />
      <TestMethod codeBase="D:/PROMPT11-10-CloudComputing/CloudNotes/CloudNotes.Tests.Domain.Services/bin/Debug/CloudNotes.Tests.Domain.Services.DLL" adapterTypeName="Microsoft.VisualStudio.TestTools.TestTypes.Unit.UnitTestAdapter, Microsoft.VisualStudio.QualityTools.Tips.UnitTest.Adapter, Version=10.0.0.0, Culture=neutral, PublicKeyToken=b03f5f7f11d50a3a" className="CloudNotes.Tests.Domain.Services.DomainServicesTests, CloudNotes.Tests.Domain.Services, Version=1.0.0.0, Culture=neutral, PublicKeyToken=null" name="UsersServiceMethodLoadShareShouldLoadTheNoteShares" />
    </UnitTest>
    <UnitTest name="NotesRepositoryLoadNotesCallsLoadAndGetsFromTheUnitOfWork" storage="d:\prompt11-10-cloudcomputing\cloudnotes\cloudnotes.tests.repositories\bin\debug\cloudnotes.tests.repositories.dll" id="ec7711e0-6e36-94b0-fa70-9adecfa8a8f1">
      <Execution id="28dea2e4-a34a-47fa-a0ff-f734e4097c1e" />
      <TestMethod codeBase="D:/PROMPT11-10-CloudComputing/CloudNotes/CloudNotes.Tests.Repositories/bin/Debug/CloudNotes.Tests.Repositories.DLL" adapterTypeName="Microsoft.VisualStudio.TestTools.TestTypes.Unit.UnitTestAdapter, Microsoft.VisualStudio.QualityTools.Tips.UnitTest.Adapter, Version=10.0.0.0, Culture=neutral, PublicKeyToken=b03f5f7f11d50a3a" className="CloudNotes.Tests.Repositories.RepositoriesTests, CloudNotes.Tests.Repositories, Version=1.0.0.0, Culture=neutral, PublicKeyToken=null" name="NotesRepositoryLoadNotesCallsLoadAndGetsFromTheUnitOfWork" />
    </UnitTest>
    <UnitTest name="TaskListsServiceMethodDeleteShouldDeleteATaskList" storage="d:\prompt11-10-cloudcomputing\cloudnotes\cloudnotes.tests.domain.services\bin\debug\cloudnotes.tests.domain.services.dll" id="9d2851ab-0a27-838f-9557-7fe4eb9929c3">
      <Execution id="0608afb7-d644-4d3d-ab36-452d915e1885" />
      <TestMethod codeBase="D:/PROMPT11-10-CloudComputing/CloudNotes/CloudNotes.Tests.Domain.Services/bin/Debug/CloudNotes.Tests.Domain.Services.DLL" adapterTypeName="Microsoft.VisualStudio.TestTools.TestTypes.Unit.UnitTestAdapter, Microsoft.VisualStudio.QualityTools.Tips.UnitTest.Adapter, Version=10.0.0.0, Culture=neutral, PublicKeyToken=b03f5f7f11d50a3a" className="CloudNotes.Tests.Domain.Services.DomainServicesTests, CloudNotes.Tests.Domain.Services, Version=1.0.0.0, Culture=neutral, PublicKeyToken=null" name="TaskListsServiceMethodDeleteShouldDeleteATaskList" />
    </UnitTest>
    <UnitTest name="TaskListsRepositoryDeleteCallsDeleteFromTheUnitOfWork" storage="d:\prompt11-10-cloudcomputing\cloudnotes\cloudnotes.tests.repositories\bin\debug\cloudnotes.tests.repositories.dll" id="846215b7-3a17-549a-a8bb-e3c8573dbdf6">
      <Execution id="9aaba4e1-71c2-4e6e-b578-ac67fe46b9e2" />
      <TestMethod codeBase="D:/PROMPT11-10-CloudComputing/CloudNotes/CloudNotes.Tests.Repositories/bin/Debug/CloudNotes.Tests.Repositories.DLL" adapterTypeName="Microsoft.VisualStudio.TestTools.TestTypes.Unit.UnitTestAdapter, Microsoft.VisualStudio.QualityTools.Tips.UnitTest.Adapter, Version=10.0.0.0, Culture=neutral, PublicKeyToken=b03f5f7f11d50a3a" className="CloudNotes.Tests.Repositories.RepositoriesTests, CloudNotes.Tests.Repositories, Version=1.0.0.0, Culture=neutral, PublicKeyToken=null" name="TaskListsRepositoryDeleteCallsDeleteFromTheUnitOfWork" />
    </UnitTest>
    <UnitTest name="UsersServiceMethodLoadShouldReturnAllUsers" storage="d:\prompt11-10-cloudcomputing\cloudnotes\cloudnotes.tests.domain.services\bin\debug\cloudnotes.tests.domain.services.dll" id="04f5ff1c-b8db-538c-4d6c-35fba410e0c0">
      <Execution id="015cc182-48c6-4a66-b509-079325e93a71" />
      <TestMethod codeBase="D:/PROMPT11-10-CloudComputing/CloudNotes/CloudNotes.Tests.Domain.Services/bin/Debug/CloudNotes.Tests.Domain.Services.DLL" adapterTypeName="Microsoft.VisualStudio.TestTools.TestTypes.Unit.UnitTestAdapter, Microsoft.VisualStudio.QualityTools.Tips.UnitTest.Adapter, Version=10.0.0.0, Culture=neutral, PublicKeyToken=b03f5f7f11d50a3a" className="CloudNotes.Tests.Domain.Services.DomainServicesTests, CloudNotes.Tests.Domain.Services, Version=1.0.0.0, Culture=neutral, PublicKeyToken=null" name="UsersServiceMethodLoadShouldReturnAllUsers" />
    </UnitTest>
    <UnitTest name="NotesServiceMethodLoadShouldReturnAllNotes" storage="d:\prompt11-10-cloudcomputing\cloudnotes\cloudnotes.tests.domain.services\bin\debug\cloudnotes.tests.domain.services.dll" id="b1a7abd8-8831-126c-749d-ed4bdc9d0f13">
      <Execution id="8795d513-5173-4abc-948d-c1f4b144369d" />
      <TestMethod codeBase="D:/PROMPT11-10-CloudComputing/CloudNotes/CloudNotes.Tests.Domain.Services/bin/Debug/CloudNotes.Tests.Domain.Services.DLL" adapterTypeName="Microsoft.VisualStudio.TestTools.TestTypes.Unit.UnitTestAdapter, Microsoft.VisualStudio.QualityTools.Tips.UnitTest.Adapter, Version=10.0.0.0, Culture=neutral, PublicKeyToken=b03f5f7f11d50a3a" className="CloudNotes.Tests.Domain.Services.DomainServicesTests, CloudNotes.Tests.Domain.Services, Version=1.0.0.0, Culture=neutral, PublicKeyToken=null" name="NotesServiceMethodLoadShouldReturnAllNotes" />
    </UnitTest>
    <UnitTest name="TaskListsRepositoryGetCallsGetFromTheUnitOfWorkAndReturnsNullForANonExistingTaskList" storage="d:\prompt11-10-cloudcomputing\cloudnotes\cloudnotes.tests.repositories\bin\debug\cloudnotes.tests.repositories.dll" id="8d3bfe9f-40a5-6515-7c0c-d1c6b7990ea3">
      <Execution id="e63b52c4-c5e1-4de3-a89e-3102e4441c0a" />
      <TestMethod codeBase="D:/PROMPT11-10-CloudComputing/CloudNotes/CloudNotes.Tests.Repositories/bin/Debug/CloudNotes.Tests.Repositories.DLL" adapterTypeName="Microsoft.VisualStudio.TestTools.TestTypes.Unit.UnitTestAdapter, Microsoft.VisualStudio.QualityTools.Tips.UnitTest.Adapter, Version=10.0.0.0, Culture=neutral, PublicKeyToken=b03f5f7f11d50a3a" className="CloudNotes.Tests.Repositories.RepositoriesTests, CloudNotes.Tests.Repositories, Version=1.0.0.0, Culture=neutral, PublicKeyToken=null" name="TaskListsRepositoryGetCallsGetFromTheUnitOfWorkAndReturnsNullForANonExistingTaskList" />
    </UnitTest>
    <UnitTest name="NotesRepositoryAddShareCallsCreateFromTheUnitOfWork" storage="d:\prompt11-10-cloudcomputing\cloudnotes\cloudnotes.tests.repositories\bin\debug\cloudnotes.tests.repositories.dll" id="7d6998de-08bc-b5a5-f97c-68e4a87d69dc">
      <Execution id="297d73f7-66fa-476c-b621-a09c8cc70a50" />
      <TestMethod codeBase="D:/PROMPT11-10-CloudComputing/CloudNotes/CloudNotes.Tests.Repositories/bin/Debug/CloudNotes.Tests.Repositories.DLL" adapterTypeName="Microsoft.VisualStudio.TestTools.TestTypes.Unit.UnitTestAdapter, Microsoft.VisualStudio.QualityTools.Tips.UnitTest.Adapter, Version=10.0.0.0, Culture=neutral, PublicKeyToken=b03f5f7f11d50a3a" className="CloudNotes.Tests.Repositories.RepositoriesTests, CloudNotes.Tests.Repositories, Version=1.0.0.0, Culture=neutral, PublicKeyToken=null" name="NotesRepositoryAddShareCallsCreateFromTheUnitOfWork" />
    </UnitTest>
    <UnitTest name="UsersRepositoryGetCallsGetFromTheUnitOfWorkAndReturnsAExistingUser" storage="d:\prompt11-10-cloudcomputing\cloudnotes\cloudnotes.tests.repositories\bin\debug\cloudnotes.tests.repositories.dll" id="b8b966b4-c265-1627-ba5e-4d3e17d291be">
      <Execution id="797fd9f3-e752-42c5-b975-5263a878890f" />
      <TestMethod codeBase="D:/PROMPT11-10-CloudComputing/CloudNotes/CloudNotes.Tests.Repositories/bin/Debug/CloudNotes.Tests.Repositories.DLL" adapterTypeName="Microsoft.VisualStudio.TestTools.TestTypes.Unit.UnitTestAdapter, Microsoft.VisualStudio.QualityTools.Tips.UnitTest.Adapter, Version=10.0.0.0, Culture=neutral, PublicKeyToken=b03f5f7f11d50a3a" className="CloudNotes.Tests.Repositories.RepositoriesTests, CloudNotes.Tests.Repositories, Version=1.0.0.0, Culture=neutral, PublicKeyToken=null" name="UsersRepositoryGetCallsGetFromTheUnitOfWorkAndReturnsAExistingUser" />
    </UnitTest>
    <UnitTest name="UsersServiceMethodGetShouldReturnAnExistingUser" storage="d:\prompt11-10-cloudcomputing\cloudnotes\cloudnotes.tests.domain.services\bin\debug\cloudnotes.tests.domain.services.dll" id="e50fb009-f8ba-7a74-c650-ecf3691e911d">
      <Execution id="cc688bbc-5bc1-4ba8-afce-01ebc55fcbe4" />
      <TestMethod codeBase="D:/PROMPT11-10-CloudComputing/CloudNotes/CloudNotes.Tests.Domain.Services/bin/Debug/CloudNotes.Tests.Domain.Services.DLL" adapterTypeName="Microsoft.VisualStudio.TestTools.TestTypes.Unit.UnitTestAdapter, Microsoft.VisualStudio.QualityTools.Tips.UnitTest.Adapter, Version=10.0.0.0, Culture=neutral, PublicKeyToken=b03f5f7f11d50a3a" className="CloudNotes.Tests.Domain.Services.DomainServicesTests, CloudNotes.Tests.Domain.Services, Version=1.0.0.0, Culture=neutral, PublicKeyToken=null" name="UsersServiceMethodGetShouldReturnAnExistingUser" />
    </UnitTest>
    <UnitTest name="UsersServiceMethodLoadNoteOwnerShouldLoadOwner" storage="d:\prompt11-10-cloudcomputing\cloudnotes\cloudnotes.tests.domain.services\bin\debug\cloudnotes.tests.domain.services.dll" id="b69a9890-6d34-e521-794d-88f12a6f6738">
      <Execution id="7eb4b9c7-0803-4714-b54f-4ff9becdfac4" />
      <TestMethod codeBase="D:/PROMPT11-10-CloudComputing/CloudNotes/CloudNotes.Tests.Domain.Services/bin/Debug/CloudNotes.Tests.Domain.Services.DLL" adapterTypeName="Microsoft.VisualStudio.TestTools.TestTypes.Unit.UnitTestAdapter, Microsoft.VisualStudio.QualityTools.Tips.UnitTest.Adapter, Version=10.0.0.0, Culture=neutral, PublicKeyToken=b03f5f7f11d50a3a" className="CloudNotes.Tests.Domain.Services.DomainServicesTests, CloudNotes.Tests.Domain.Services, Version=1.0.0.0, Culture=neutral, PublicKeyToken=null" name="UsersServiceMethodLoadNoteOwnerShouldLoadOwner" />
    </UnitTest>
    <UnitTest name="UsersRepositoryLoadCallsLoadFromTheUnitOfWork" storage="d:\prompt11-10-cloudcomputing\cloudnotes\cloudnotes.tests.repositories\bin\debug\cloudnotes.tests.repositories.dll" id="31c722d8-5747-84ab-dbe0-e3286ae27d8d">
      <Execution id="b5f11685-f01e-482f-97ad-fefdae937fb1" />
      <TestMethod codeBase="D:/PROMPT11-10-CloudComputing/CloudNotes/CloudNotes.Tests.Repositories/bin/Debug/CloudNotes.Tests.Repositories.DLL" adapterTypeName="Microsoft.VisualStudio.TestTools.TestTypes.Unit.UnitTestAdapter, Microsoft.VisualStudio.QualityTools.Tips.UnitTest.Adapter, Version=10.0.0.0, Culture=neutral, PublicKeyToken=b03f5f7f11d50a3a" className="CloudNotes.Tests.Repositories.RepositoriesTests, CloudNotes.Tests.Repositories, Version=1.0.0.0, Culture=neutral, PublicKeyToken=null" name="UsersRepositoryLoadCallsLoadFromTheUnitOfWork" />
    </UnitTest>
    <UnitTest name="NotesServiceMethodCopyNoteShouldCopyANote" storage="d:\prompt11-10-cloudcomputing\cloudnotes\cloudnotes.tests.domain.services\bin\debug\cloudnotes.tests.domain.services.dll" id="3ccecaf6-b51d-cbc4-debf-7489f5a6a3e4">
      <Execution id="1e51a8d3-1c3a-40ce-924c-f46562b74bb5" />
      <TestMethod codeBase="D:/PROMPT11-10-CloudComputing/CloudNotes/CloudNotes.Tests.Domain.Services/bin/Debug/CloudNotes.Tests.Domain.Services.DLL" adapterTypeName="Microsoft.VisualStudio.TestTools.TestTypes.Unit.UnitTestAdapter, Microsoft.VisualStudio.QualityTools.Tips.UnitTest.Adapter, Version=10.0.0.0, Culture=neutral, PublicKeyToken=b03f5f7f11d50a3a" className="CloudNotes.Tests.Domain.Services.DomainServicesTests, CloudNotes.Tests.Domain.Services, Version=1.0.0.0, Culture=neutral, PublicKeyToken=null" name="NotesServiceMethodCopyNoteShouldCopyANote" />
    </UnitTest>
    <UnitTest name="TaskListsServiceMethodLoadShouldReturnAllTaskLists" storage="d:\prompt11-10-cloudcomputing\cloudnotes\cloudnotes.tests.domain.services\bin\debug\cloudnotes.tests.domain.services.dll" id="7d1001da-6055-18e2-1484-260115b93ccf">
      <Execution id="9b8182db-9b43-4b2c-9259-9e288adb364d" />
      <TestMethod codeBase="D:/PROMPT11-10-CloudComputing/CloudNotes/CloudNotes.Tests.Domain.Services/bin/Debug/CloudNotes.Tests.Domain.Services.DLL" adapterTypeName="Microsoft.VisualStudio.TestTools.TestTypes.Unit.UnitTestAdapter, Microsoft.VisualStudio.QualityTools.Tips.UnitTest.Adapter, Version=10.0.0.0, Culture=neutral, PublicKeyToken=b03f5f7f11d50a3a" className="CloudNotes.Tests.Domain.Services.DomainServicesTests, CloudNotes.Tests.Domain.Services, Version=1.0.0.0, Culture=neutral, PublicKeyToken=null" name="TaskListsServiceMethodLoadShouldReturnAllTaskLists" />
    </UnitTest>
    <UnitTest name="NotesRepositoryCreateCallsCreateFromTheUnitOfWork" storage="d:\prompt11-10-cloudcomputing\cloudnotes\cloudnotes.tests.repositories\bin\debug\cloudnotes.tests.repositories.dll" id="b3e5450c-7394-e772-4c0f-83c0f0cc9085">
      <Execution id="1ff4abf5-9435-49f7-9946-03cbf774bebd" />
      <TestMethod codeBase="D:/PROMPT11-10-CloudComputing/CloudNotes/CloudNotes.Tests.Repositories/bin/Debug/CloudNotes.Tests.Repositories.DLL" adapterTypeName="Microsoft.VisualStudio.TestTools.TestTypes.Unit.UnitTestAdapter, Microsoft.VisualStudio.QualityTools.Tips.UnitTest.Adapter, Version=10.0.0.0, Culture=neutral, PublicKeyToken=b03f5f7f11d50a3a" className="CloudNotes.Tests.Repositories.RepositoriesTests, CloudNotes.Tests.Repositories, Version=1.0.0.0, Culture=neutral, PublicKeyToken=null" name="NotesRepositoryCreateCallsCreateFromTheUnitOfWork" />
    </UnitTest>
    <UnitTest name="ANoteWithAnEmptyContentIsInvalid" storage="d:\prompt11-10-cloudcomputing\cloudnotes\cloudnotes.tests.domain\bin\debug\cloudnotes.tests.domain.dll" id="852657b0-510e-88d6-c043-399bc17187ed">
      <Execution id="e821909e-1945-4eb0-b348-71959fdbe4b7" />
      <TestMethod codeBase="D:/PROMPT11-10-CloudComputing/CloudNotes/CloudNotes.Tests.Domain/bin/Debug/CloudNotes.Tests.Domain.DLL" adapterTypeName="Microsoft.VisualStudio.TestTools.TestTypes.Unit.UnitTestAdapter, Microsoft.VisualStudio.QualityTools.Tips.UnitTest.Adapter, Version=10.0.0.0, Culture=neutral, PublicKeyToken=b03f5f7f11d50a3a" className="CloudNotes.Tests.Domain.DomainTests, CloudNotes.Tests.Domain, Version=1.0.0.0, Culture=neutral, PublicKeyToken=null" name="ANoteWithAnEmptyContentIsInvalid" />
    </UnitTest>
    <UnitTest name="ANoteWithAnAllWhitespaceContentIsInvalid" storage="d:\prompt11-10-cloudcomputing\cloudnotes\cloudnotes.tests.domain\bin\debug\cloudnotes.tests.domain.dll" id="00d57f25-d21b-e712-e7ff-b98a3d6f01aa">
      <Execution id="15a8ba56-1318-4d7f-b8a6-0d5ca32c68b4" />
      <TestMethod codeBase="D:/PROMPT11-10-CloudComputing/CloudNotes/CloudNotes.Tests.Domain/bin/Debug/CloudNotes.Tests.Domain.DLL" adapterTypeName="Microsoft.VisualStudio.TestTools.TestTypes.Unit.UnitTestAdapter, Microsoft.VisualStudio.QualityTools.Tips.UnitTest.Adapter, Version=10.0.0.0, Culture=neutral, PublicKeyToken=b03f5f7f11d50a3a" className="CloudNotes.Tests.Domain.DomainTests, CloudNotes.Tests.Domain, Version=1.0.0.0, Culture=neutral, PublicKeyToken=null" name="ANoteWithAnAllWhitespaceContentIsInvalid" />
    </UnitTest>
    <UnitTest name="TaskListRepositoryGetCallsGetFromTheUnitOfWorkAndReturnsAnExistingTaskList" storage="d:\prompt11-10-cloudcomputing\cloudnotes\cloudnotes.tests.repositories\bin\debug\cloudnotes.tests.repositories.dll" id="ffc79e9b-00ea-8cc7-18d0-a502995f20d0">
      <Execution id="0ed8925d-508d-46c0-80e5-82becbf154bf" />
      <TestMethod codeBase="D:/PROMPT11-10-CloudComputing/CloudNotes/CloudNotes.Tests.Repositories/bin/Debug/CloudNotes.Tests.Repositories.DLL" adapterTypeName="Microsoft.VisualStudio.TestTools.TestTypes.Unit.UnitTestAdapter, Microsoft.VisualStudio.QualityTools.Tips.UnitTest.Adapter, Version=10.0.0.0, Culture=neutral, PublicKeyToken=b03f5f7f11d50a3a" className="CloudNotes.Tests.Repositories.RepositoriesTests, CloudNotes.Tests.Repositories, Version=1.0.0.0, Culture=neutral, PublicKeyToken=null" name="TaskListRepositoryGetCallsGetFromTheUnitOfWorkAndReturnsAnExistingTaskList" />
    </UnitTest>
    <UnitTest name="UsersServiceMethodIsRegisteredReturnsTrueForAnExistingUser" storage="d:\prompt11-10-cloudcomputing\cloudnotes\cloudnotes.tests.domain.services\bin\debug\cloudnotes.tests.domain.services.dll" id="74ad4924-ca1f-7fc8-3dda-97c8ce4dc14e">
      <Execution id="e9b336e1-4a72-411d-9714-be44392bea45" />
      <TestMethod codeBase="D:/PROMPT11-10-CloudComputing/CloudNotes/CloudNotes.Tests.Domain.Services/bin/Debug/CloudNotes.Tests.Domain.Services.DLL" adapterTypeName="Microsoft.VisualStudio.TestTools.TestTypes.Unit.UnitTestAdapter, Microsoft.VisualStudio.QualityTools.Tips.UnitTest.Adapter, Version=10.0.0.0, Culture=neutral, PublicKeyToken=b03f5f7f11d50a3a" className="CloudNotes.Tests.Domain.Services.DomainServicesTests, CloudNotes.Tests.Domain.Services, Version=1.0.0.0, Culture=neutral, PublicKeyToken=null" name="UsersServiceMethodIsRegisteredReturnsTrueForAnExistingUser" />
    </UnitTest>
    <UnitTest name="UsersServiceMethodGetByRowkeyShouldReturnAnExistingUser" storage="d:\prompt11-10-cloudcomputing\cloudnotes\cloudnotes.tests.domain.services\bin\debug\cloudnotes.tests.domain.services.dll" id="eb26e027-d271-7a33-a78e-cf110a291b7f">
      <Execution id="84aa0e80-dc3b-40dd-9e74-0c67b48c7b0c" />
      <TestMethod codeBase="D:/PROMPT11-10-CloudComputing/CloudNotes/CloudNotes.Tests.Domain.Services/bin/Debug/CloudNotes.Tests.Domain.Services.DLL" adapterTypeName="Microsoft.VisualStudio.TestTools.TestTypes.Unit.UnitTestAdapter, Microsoft.VisualStudio.QualityTools.Tips.UnitTest.Adapter, Version=10.0.0.0, Culture=neutral, PublicKeyToken=b03f5f7f11d50a3a" className="CloudNotes.Tests.Domain.Services.DomainServicesTests, CloudNotes.Tests.Domain.Services, Version=1.0.0.0, Culture=neutral, PublicKeyToken=null" name="UsersServiceMethodGetByRowkeyShouldReturnAnExistingUser" />
    </UnitTest>
    <UnitTest name="UsersRepositoryCreateCallsCreateFromTheUnitOfWork" storage="d:\prompt11-10-cloudcomputing\cloudnotes\cloudnotes.tests.repositories\bin\debug\cloudnotes.tests.repositories.dll" id="8e102b5d-e958-b297-bb65-7f1f98f7fdce">
      <Execution id="b16bf2a3-931a-4ac3-ade4-04a3f95e3c53" />
      <TestMethod codeBase="D:/PROMPT11-10-CloudComputing/CloudNotes/CloudNotes.Tests.Repositories/bin/Debug/CloudNotes.Tests.Repositories.DLL" adapterTypeName="Microsoft.VisualStudio.TestTools.TestTypes.Unit.UnitTestAdapter, Microsoft.VisualStudio.QualityTools.Tips.UnitTest.Adapter, Version=10.0.0.0, Culture=neutral, PublicKeyToken=b03f5f7f11d50a3a" className="CloudNotes.Tests.Repositories.RepositoriesTests, CloudNotes.Tests.Repositories, Version=1.0.0.0, Culture=neutral, PublicKeyToken=null" name="UsersRepositoryCreateCallsCreateFromTheUnitOfWork" />
    </UnitTest>
    <UnitTest name="AUserWithAnInvalidEmailIsInvalid" storage="d:\prompt11-10-cloudcomputing\cloudnotes\cloudnotes.tests.domain\bin\debug\cloudnotes.tests.domain.dll" id="68595d26-57a1-321d-c72e-7ab1ba9f7821">
      <Execution id="728adda9-d4ee-4686-b172-2a64f17f2545" />
      <TestMethod codeBase="D:/PROMPT11-10-CloudComputing/CloudNotes/CloudNotes.Tests.Domain/bin/Debug/CloudNotes.Tests.Domain.DLL" adapterTypeName="Microsoft.VisualStudio.TestTools.TestTypes.Unit.UnitTestAdapter, Microsoft.VisualStudio.QualityTools.Tips.UnitTest.Adapter, Version=10.0.0.0, Culture=neutral, PublicKeyToken=b03f5f7f11d50a3a" className="CloudNotes.Tests.Domain.DomainTests, CloudNotes.Tests.Domain, Version=1.0.0.0, Culture=neutral, PublicKeyToken=null" name="AUserWithAnInvalidEmailIsInvalid" />
    </UnitTest>
    <UnitTest name="TaskListsServiceMethodGetSharedShouldReturnAllTaskListsThatTheUserIsInTheShare" storage="d:\prompt11-10-cloudcomputing\cloudnotes\cloudnotes.tests.domain.services\bin\debug\cloudnotes.tests.domain.services.dll" id="d0098638-c512-c593-36b7-531e29f0d103">
      <Execution id="d09fad92-ad7c-43b2-943b-f057fc988774" />
      <TestMethod codeBase="D:/PROMPT11-10-CloudComputing/CloudNotes/CloudNotes.Tests.Domain.Services/bin/Debug/CloudNotes.Tests.Domain.Services.DLL" adapterTypeName="Microsoft.VisualStudio.TestTools.TestTypes.Unit.UnitTestAdapter, Microsoft.VisualStudio.QualityTools.Tips.UnitTest.Adapter, Version=10.0.0.0, Culture=neutral, PublicKeyToken=b03f5f7f11d50a3a" className="CloudNotes.Tests.Domain.Services.DomainServicesTests, CloudNotes.Tests.Domain.Services, Version=1.0.0.0, Culture=neutral, PublicKeyToken=null" name="TaskListsServiceMethodGetSharedShouldReturnAllTaskListsThatTheUserIsInTheShare" />
    </UnitTest>
    <UnitTest name="AUserWithAnNameThatHasTheCharacterPlusIsInvalid" storage="d:\prompt11-10-cloudcomputing\cloudnotes\cloudnotes.tests.domain\bin\debug\cloudnotes.tests.domain.dll" id="e7bbd4b2-5c95-3563-fc1e-37f3d3d4a55d">
      <Execution id="894b5df5-59e6-41c5-b71a-29160a2891c2" />
      <TestMethod codeBase="D:/PROMPT11-10-CloudComputing/CloudNotes/CloudNotes.Tests.Domain/bin/Debug/CloudNotes.Tests.Domain.DLL" adapterTypeName="Microsoft.VisualStudio.TestTools.TestTypes.Unit.UnitTestAdapter, Microsoft.VisualStudio.QualityTools.Tips.UnitTest.Adapter, Version=10.0.0.0, Culture=neutral, PublicKeyToken=b03f5f7f11d50a3a" className="CloudNotes.Tests.Domain.DomainTests, CloudNotes.Tests.Domain, Version=1.0.0.0, Culture=neutral, PublicKeyToken=null" name="AUserWithAnNameThatHasTheCharacterPlusIsInvalid" />
    </UnitTest>
    <UnitTest name="TaskListsRepositoryRemoveShareCallsDeleteFromTheUnitOfWork" storage="d:\prompt11-10-cloudcomputing\cloudnotes\cloudnotes.tests.repositories\bin\debug\cloudnotes.tests.repositories.dll" id="1c5a4485-18eb-1fb7-a783-fbf6aecbe579">
      <Execution id="c4feb68a-3f38-4190-84ee-28c43899865f" />
      <TestMethod codeBase="D:/PROMPT11-10-CloudComputing/CloudNotes/CloudNotes.Tests.Repositories/bin/Debug/CloudNotes.Tests.Repositories.DLL" adapterTypeName="Microsoft.VisualStudio.TestTools.TestTypes.Unit.UnitTestAdapter, Microsoft.VisualStudio.QualityTools.Tips.UnitTest.Adapter, Version=10.0.0.0, Culture=neutral, PublicKeyToken=b03f5f7f11d50a3a" className="CloudNotes.Tests.Repositories.RepositoriesTests, CloudNotes.Tests.Repositories, Version=1.0.0.0, Culture=neutral, PublicKeyToken=null" name="TaskListsRepositoryRemoveShareCallsDeleteFromTheUnitOfWork" />
    </UnitTest>
    <UnitTest name="NotesServiceMethodLoadNotesShouldLoadAllNotes" storage="d:\prompt11-10-cloudcomputing\cloudnotes\cloudnotes.tests.domain.services\bin\debug\cloudnotes.tests.domain.services.dll" id="a31f17ab-e933-91d3-0be7-69abe24ee67e">
      <Execution id="1db547ea-b93d-453e-aae7-0cd801a35775" />
      <TestMethod codeBase="D:/PROMPT11-10-CloudComputing/CloudNotes/CloudNotes.Tests.Domain.Services/bin/Debug/CloudNotes.Tests.Domain.Services.DLL" adapterTypeName="Microsoft.VisualStudio.TestTools.TestTypes.Unit.UnitTestAdapter, Microsoft.VisualStudio.QualityTools.Tips.UnitTest.Adapter, Version=10.0.0.0, Culture=neutral, PublicKeyToken=b03f5f7f11d50a3a" className="CloudNotes.Tests.Domain.Services.DomainServicesTests, CloudNotes.Tests.Domain.Services, Version=1.0.0.0, Culture=neutral, PublicKeyToken=null" name="NotesServiceMethodLoadNotesShouldLoadAllNotes" />
    </UnitTest>
    <UnitTest name="UsersServiceMethodLoadTaskListOwnerShouldLoadOwner" storage="d:\prompt11-10-cloudcomputing\cloudnotes\cloudnotes.tests.domain.services\bin\debug\cloudnotes.tests.domain.services.dll" id="63b79998-d09c-e8f8-a40f-f31aca5bbc08">
      <Execution id="e17d5104-45f8-4ced-a10f-8ad536c45368" />
      <TestMethod codeBase="D:/PROMPT11-10-CloudComputing/CloudNotes/CloudNotes.Tests.Domain.Services/bin/Debug/CloudNotes.Tests.Domain.Services.DLL" adapterTypeName="Microsoft.VisualStudio.TestTools.TestTypes.Unit.UnitTestAdapter, Microsoft.VisualStudio.QualityTools.Tips.UnitTest.Adapter, Version=10.0.0.0, Culture=neutral, PublicKeyToken=b03f5f7f11d50a3a" className="CloudNotes.Tests.Domain.Services.DomainServicesTests, CloudNotes.Tests.Domain.Services, Version=1.0.0.0, Culture=neutral, PublicKeyToken=null" name="UsersServiceMethodLoadTaskListOwnerShouldLoadOwner" />
    </UnitTest>
    <UnitTest name="NotesServiceMethodGetShouldReturnANote" storage="d:\prompt11-10-cloudcomputing\cloudnotes\cloudnotes.tests.domain.services\bin\debug\cloudnotes.tests.domain.services.dll" id="a52de280-ccb3-2f52-6566-1bbc9bfb4624">
      <Execution id="a8f7e01b-b4b5-4cb0-b2e8-d3f572958198" />
      <TestMethod codeBase="D:/PROMPT11-10-CloudComputing/CloudNotes/CloudNotes.Tests.Domain.Services/bin/Debug/CloudNotes.Tests.Domain.Services.DLL" adapterTypeName="Microsoft.VisualStudio.TestTools.TestTypes.Unit.UnitTestAdapter, Microsoft.VisualStudio.QualityTools.Tips.UnitTest.Adapter, Version=10.0.0.0, Culture=neutral, PublicKeyToken=b03f5f7f11d50a3a" className="CloudNotes.Tests.Domain.Services.DomainServicesTests, CloudNotes.Tests.Domain.Services, Version=1.0.0.0, Culture=neutral, PublicKeyToken=null" name="NotesServiceMethodGetShouldReturnANote" />
    </UnitTest>
    <UnitTest name="TaskListsRepositoryCreateCallsCreatesFromTheUnitOfWork" storage="d:\prompt11-10-cloudcomputing\cloudnotes\cloudnotes.tests.repositories\bin\debug\cloudnotes.tests.repositories.dll" id="68515e07-492a-8340-8ae8-e1f724f6552a">
      <Execution id="0b57d694-c6b1-4e0b-ae97-d3ffaa2aa09f" />
      <TestMethod codeBase="D:/PROMPT11-10-CloudComputing/CloudNotes/CloudNotes.Tests.Repositories/bin/Debug/CloudNotes.Tests.Repositories.DLL" adapterTypeName="Microsoft.VisualStudio.TestTools.TestTypes.Unit.UnitTestAdapter, Microsoft.VisualStudio.QualityTools.Tips.UnitTest.Adapter, Version=10.0.0.0, Culture=neutral, PublicKeyToken=b03f5f7f11d50a3a" className="CloudNotes.Tests.Repositories.RepositoriesTests, CloudNotes.Tests.Repositories, Version=1.0.0.0, Culture=neutral, PublicKeyToken=null" name="TaskListsRepositoryCreateCallsCreatesFromTheUnitOfWork" />
    </UnitTest>
    <UnitTest name="TaskListsServiceMethodUpdateShouldUpdateATaskList" storage="d:\prompt11-10-cloudcomputing\cloudnotes\cloudnotes.tests.domain.services\bin\debug\cloudnotes.tests.domain.services.dll" id="317d83c6-7888-b2e3-18a3-1679d93597b9">
      <Execution id="85e74f78-a167-4881-aa62-849fb2c66f6f" />
      <TestMethod codeBase="D:/PROMPT11-10-CloudComputing/CloudNotes/CloudNotes.Tests.Domain.Services/bin/Debug/CloudNotes.Tests.Domain.Services.DLL" adapterTypeName="Microsoft.VisualStudio.TestTools.TestTypes.Unit.UnitTestAdapter, Microsoft.VisualStudio.QualityTools.Tips.UnitTest.Adapter, Version=10.0.0.0, Culture=neutral, PublicKeyToken=b03f5f7f11d50a3a" className="CloudNotes.Tests.Domain.Services.DomainServicesTests, CloudNotes.Tests.Domain.Services, Version=1.0.0.0, Culture=neutral, PublicKeyToken=null" name="TaskListsServiceMethodUpdateShouldUpdateATaskList" />
    </UnitTest>
    <UnitTest name="NotesRepositoryDeleteCallsDeletesFromTheUnitOfWork" storage="d:\prompt11-10-cloudcomputing\cloudnotes\cloudnotes.tests.repositories\bin\debug\cloudnotes.tests.repositories.dll" id="2d4e2a1a-222a-051d-2148-b1b6eab73111">
      <Execution id="a6b32138-f2f1-4464-bfdc-b1362e09c218" />
      <TestMethod codeBase="D:/PROMPT11-10-CloudComputing/CloudNotes/CloudNotes.Tests.Repositories/bin/Debug/CloudNotes.Tests.Repositories.DLL" adapterTypeName="Microsoft.VisualStudio.TestTools.TestTypes.Unit.UnitTestAdapter, Microsoft.VisualStudio.QualityTools.Tips.UnitTest.Adapter, Version=10.0.0.0, Culture=neutral, PublicKeyToken=b03f5f7f11d50a3a" className="CloudNotes.Tests.Repositories.RepositoriesTests, CloudNotes.Tests.Repositories, Version=1.0.0.0, Culture=neutral, PublicKeyToken=null" name="NotesRepositoryDeleteCallsDeletesFromTheUnitOfWork" />
    </UnitTest>
    <UnitTest name="TaskListsServiceMethodCreateShouldCreateATaskList" storage="d:\prompt11-10-cloudcomputing\cloudnotes\cloudnotes.tests.domain.services\bin\debug\cloudnotes.tests.domain.services.dll" id="fe3768ee-5ae4-68d3-ca82-4c54def2a86c">
      <Execution id="0e834d9b-65a6-4e59-938b-e0fcebf05b51" />
      <TestMethod codeBase="D:/PROMPT11-10-CloudComputing/CloudNotes/CloudNotes.Tests.Domain.Services/bin/Debug/CloudNotes.Tests.Domain.Services.DLL" adapterTypeName="Microsoft.VisualStudio.TestTools.TestTypes.Unit.UnitTestAdapter, Microsoft.VisualStudio.QualityTools.Tips.UnitTest.Adapter, Version=10.0.0.0, Culture=neutral, PublicKeyToken=b03f5f7f11d50a3a" className="CloudNotes.Tests.Domain.Services.DomainServicesTests, CloudNotes.Tests.Domain.Services, Version=1.0.0.0, Culture=neutral, PublicKeyToken=null" name="TaskListsServiceMethodCreateShouldCreateATaskList" />
    </UnitTest>
    <UnitTest name="UsersRepositoryGetCallsWithFilterGetFromTheUnitOfWorkAndReturnsAExistingTaskList" storage="d:\prompt11-10-cloudcomputing\cloudnotes\cloudnotes.tests.repositories\bin\debug\cloudnotes.tests.repositories.dll" id="9863ea66-4389-d916-e2df-c69ea144bb25">
      <Execution id="7d30edee-691e-4bbc-bc93-f87e86aa633c" />
      <TestMethod codeBase="D:/PROMPT11-10-CloudComputing/CloudNotes/CloudNotes.Tests.Repositories/bin/Debug/CloudNotes.Tests.Repositories.DLL" adapterTypeName="Microsoft.VisualStudio.TestTools.TestTypes.Unit.UnitTestAdapter, Microsoft.VisualStudio.QualityTools.Tips.UnitTest.Adapter, Version=10.0.0.0, Culture=neutral, PublicKeyToken=b03f5f7f11d50a3a" className="CloudNotes.Tests.Repositories.RepositoriesTests, CloudNotes.Tests.Repositories, Version=1.0.0.0, Culture=neutral, PublicKeyToken=null" name="UsersRepositoryGetCallsWithFilterGetFromTheUnitOfWorkAndReturnsAExistingTaskList" />
    </UnitTest>
    <UnitTest name="UsersRepositoryGetCallsGetFromTheUnitOfWorkAndReturnsNullForANonExistingUser" storage="d:\prompt11-10-cloudcomputing\cloudnotes\cloudnotes.tests.repositories\bin\debug\cloudnotes.tests.repositories.dll" id="8f90efd1-0a3e-6847-1469-eec0d3368773">
      <Execution id="51ef81cb-ee38-482d-8b48-5d50d5a72303" />
      <TestMethod codeBase="D:/PROMPT11-10-CloudComputing/CloudNotes/CloudNotes.Tests.Repositories/bin/Debug/CloudNotes.Tests.Repositories.DLL" adapterTypeName="Microsoft.VisualStudio.TestTools.TestTypes.Unit.UnitTestAdapter, Microsoft.VisualStudio.QualityTools.Tips.UnitTest.Adapter, Version=10.0.0.0, Culture=neutral, PublicKeyToken=b03f5f7f11d50a3a" className="CloudNotes.Tests.Repositories.RepositoriesTests, CloudNotes.Tests.Repositories, Version=1.0.0.0, Culture=neutral, PublicKeyToken=null" name="UsersRepositoryGetCallsGetFromTheUnitOfWorkAndReturnsNullForANonExistingUser" />
    </UnitTest>
    <UnitTest name="NotesServiceMethodHasPermissionToEditShouldReturnFalseForAUserNotInTheShare" storage="d:\prompt11-10-cloudcomputing\cloudnotes\cloudnotes.tests.domain.services\bin\debug\cloudnotes.tests.domain.services.dll" id="7ae1ddc5-c3b0-7641-cb10-f72206ce0466">
      <Execution id="dcd66af4-7789-46d2-ab67-5d58845de473" />
      <TestMethod codeBase="D:/PROMPT11-10-CloudComputing/CloudNotes/CloudNotes.Tests.Domain.Services/bin/Debug/CloudNotes.Tests.Domain.Services.DLL" adapterTypeName="Microsoft.VisualStudio.TestTools.TestTypes.Unit.UnitTestAdapter, Microsoft.VisualStudio.QualityTools.Tips.UnitTest.Adapter, Version=10.0.0.0, Culture=neutral, PublicKeyToken=b03f5f7f11d50a3a" className="CloudNotes.Tests.Domain.Services.DomainServicesTests, CloudNotes.Tests.Domain.Services, Version=1.0.0.0, Culture=neutral, PublicKeyToken=null" name="NotesServiceMethodHasPermissionToEditShouldReturnFalseForAUserNotInTheShare" />
    </UnitTest>
    <UnitTest name="UsersServiceMethodGetUserAuthenticationInfoShouldReturnTheAuthenticationInfoWithNameAndEmail" storage="d:\prompt11-10-cloudcomputing\cloudnotes\cloudnotes.tests.domain.services\bin\debug\cloudnotes.tests.domain.services.dll" id="0b9127df-74e4-b881-09f0-5494a78337a6">
      <Execution id="20e7a1e9-6a3c-43b5-a5dd-836d3cce05f7" />
      <TestMethod codeBase="D:/PROMPT11-10-CloudComputing/CloudNotes/CloudNotes.Tests.Domain.Services/bin/Debug/CloudNotes.Tests.Domain.Services.DLL" adapterTypeName="Microsoft.VisualStudio.TestTools.TestTypes.Unit.UnitTestAdapter, Microsoft.VisualStudio.QualityTools.Tips.UnitTest.Adapter, Version=10.0.0.0, Culture=neutral, PublicKeyToken=b03f5f7f11d50a3a" className="CloudNotes.Tests.Domain.Services.DomainServicesTests, CloudNotes.Tests.Domain.Services, Version=1.0.0.0, Culture=neutral, PublicKeyToken=null" name="UsersServiceMethodGetUserAuthenticationInfoShouldReturnTheAuthenticationInfoWithNameAndEmail" />
    </UnitTest>
    <UnitTest name="NotesRepositoryNoteWithTitleExistsCallsGetFromTheUnitOfWork" storage="d:\prompt11-10-cloudcomputing\cloudnotes\cloudnotes.tests.repositories\bin\debug\cloudnotes.tests.repositories.dll" id="4b614527-e28c-581c-d382-32a4d4aafc06">
      <Execution id="2ae90741-c7e4-442c-9b1a-b722161378bd" />
      <TestMethod codeBase="D:/PROMPT11-10-CloudComputing/CloudNotes/CloudNotes.Tests.Repositories/bin/Debug/CloudNotes.Tests.Repositories.DLL" adapterTypeName="Microsoft.VisualStudio.TestTools.TestTypes.Unit.UnitTestAdapter, Microsoft.VisualStudio.QualityTools.Tips.UnitTest.Adapter, Version=10.0.0.0, Culture=neutral, PublicKeyToken=b03f5f7f11d50a3a" className="CloudNotes.Tests.Repositories.RepositoriesTests, CloudNotes.Tests.Repositories, Version=1.0.0.0, Culture=neutral, PublicKeyToken=null" name="NotesRepositoryNoteWithTitleExistsCallsGetFromTheUnitOfWork" />
    </UnitTest>
    <UnitTest name="AUserWithAValidEmailIsValid" storage="d:\prompt11-10-cloudcomputing\cloudnotes\cloudnotes.tests.domain\bin\debug\cloudnotes.tests.domain.dll" id="7d09f543-4324-80a8-54ae-156dcda31038">
      <Execution id="16dece56-5a12-4c6e-942b-a8c99d025915" />
      <TestMethod codeBase="D:/PROMPT11-10-CloudComputing/CloudNotes/CloudNotes.Tests.Domain/bin/Debug/CloudNotes.Tests.Domain.DLL" adapterTypeName="Microsoft.VisualStudio.TestTools.TestTypes.Unit.UnitTestAdapter, Microsoft.VisualStudio.QualityTools.Tips.UnitTest.Adapter, Version=10.0.0.0, Culture=neutral, PublicKeyToken=b03f5f7f11d50a3a" className="CloudNotes.Tests.Domain.DomainTests, CloudNotes.Tests.Domain, Version=1.0.0.0, Culture=neutral, PublicKeyToken=null" name="AUserWithAValidEmailIsValid" />
    </UnitTest>
    <UnitTest name="TaskListsRepositoryGetCallsWithFilterGetFromTheUnitOfWorkAndReturnsAExistingTaskList" storage="d:\prompt11-10-cloudcomputing\cloudnotes\cloudnotes.tests.repositories\bin\debug\cloudnotes.tests.repositories.dll" id="ad8e41a5-ec19-61e8-ab78-b0066874f9a4">
      <Execution id="2fc04b91-f424-4f3a-a177-f7da6715ee0f" />
      <TestMethod codeBase="D:/PROMPT11-10-CloudComputing/CloudNotes/CloudNotes.Tests.Repositories/bin/Debug/CloudNotes.Tests.Repositories.DLL" adapterTypeName="Microsoft.VisualStudio.TestTools.TestTypes.Unit.UnitTestAdapter, Microsoft.VisualStudio.QualityTools.Tips.UnitTest.Adapter, Version=10.0.0.0, Culture=neutral, PublicKeyToken=b03f5f7f11d50a3a" className="CloudNotes.Tests.Repositories.RepositoriesTests, CloudNotes.Tests.Repositories, Version=1.0.0.0, Culture=neutral, PublicKeyToken=null" name="TaskListsRepositoryGetCallsWithFilterGetFromTheUnitOfWorkAndReturnsAExistingTaskList" />
    </UnitTest>
    <UnitTest name="TaskListsRepositoryHasPermisionToEditCallsGetFromTheUnitOfWork" storage="d:\prompt11-10-cloudcomputing\cloudnotes\cloudnotes.tests.repositories\bin\debug\cloudnotes.tests.repositories.dll" id="6eb006b0-f141-29b2-0ec3-c52e70221b01">
      <Execution id="e283973a-7bc3-4bd2-a91a-72a67829a309" />
      <TestMethod codeBase="D:/PROMPT11-10-CloudComputing/CloudNotes/CloudNotes.Tests.Repositories/bin/Debug/CloudNotes.Tests.Repositories.DLL" adapterTypeName="Microsoft.VisualStudio.TestTools.TestTypes.Unit.UnitTestAdapter, Microsoft.VisualStudio.QualityTools.Tips.UnitTest.Adapter, Version=10.0.0.0, Culture=neutral, PublicKeyToken=b03f5f7f11d50a3a" className="CloudNotes.Tests.Repositories.RepositoriesTests, CloudNotes.Tests.Repositories, Version=1.0.0.0, Culture=neutral, PublicKeyToken=null" name="TaskListsRepositoryHasPermisionToEditCallsGetFromTheUnitOfWork" />
    </UnitTest>
    <UnitTest name="NotesServiceMethodNoteWithTitleExistsShouldReturnTrueForAnExistingTitle" storage="d:\prompt11-10-cloudcomputing\cloudnotes\cloudnotes.tests.domain.services\bin\debug\cloudnotes.tests.domain.services.dll" id="b6265d2d-5cae-e3d4-95b5-67607627ef13">
      <Execution id="c8b648f0-775f-483d-b9ab-c003ee8138fd" />
      <TestMethod codeBase="D:/PROMPT11-10-CloudComputing/CloudNotes/CloudNotes.Tests.Domain.Services/bin/Debug/CloudNotes.Tests.Domain.Services.DLL" adapterTypeName="Microsoft.VisualStudio.TestTools.TestTypes.Unit.UnitTestAdapter, Microsoft.VisualStudio.QualityTools.Tips.UnitTest.Adapter, Version=10.0.0.0, Culture=neutral, PublicKeyToken=b03f5f7f11d50a3a" className="CloudNotes.Tests.Domain.Services.DomainServicesTests, CloudNotes.Tests.Domain.Services, Version=1.0.0.0, Culture=neutral, PublicKeyToken=null" name="NotesServiceMethodNoteWithTitleExistsShouldReturnTrueForAnExistingTitle" />
    </UnitTest>
    <UnitTest name="UsersRepositoryParseIdentityProviderParsesYahooCorrectly" storage="d:\prompt11-10-cloudcomputing\cloudnotes\cloudnotes.tests.repositories\bin\debug\cloudnotes.tests.repositories.dll" id="56cb2ba6-bd19-5c25-a99a-9bed17136d50">
      <Execution id="6756e28c-98af-4c5b-9b8a-3c238b5a27df" />
      <TestMethod codeBase="D:/PROMPT11-10-CloudComputing/CloudNotes/CloudNotes.Tests.Repositories/bin/Debug/CloudNotes.Tests.Repositories.DLL" adapterTypeName="Microsoft.VisualStudio.TestTools.TestTypes.Unit.UnitTestAdapter, Microsoft.VisualStudio.QualityTools.Tips.UnitTest.Adapter, Version=10.0.0.0, Culture=neutral, PublicKeyToken=b03f5f7f11d50a3a" className="CloudNotes.Tests.Repositories.RepositoriesTests, CloudNotes.Tests.Repositories, Version=1.0.0.0, Culture=neutral, PublicKeyToken=null" name="UsersRepositoryParseIdentityProviderParsesYahooCorrectly" />
    </UnitTest>
    <UnitTest name="NotesRepositoryGetWihtFilterCallsGetFromTheUnitOfWorkAndReturnsAnExistingNote" storage="d:\prompt11-10-cloudcomputing\cloudnotes\cloudnotes.tests.repositories\bin\debug\cloudnotes.tests.repositories.dll" id="5d59f492-e6d2-4a32-8cb5-8bac5548a5fd">
      <Execution id="0283efe5-5847-4516-b06e-a04f887dbee5" />
      <TestMethod codeBase="D:/PROMPT11-10-CloudComputing/CloudNotes/CloudNotes.Tests.Repositories/bin/Debug/CloudNotes.Tests.Repositories.DLL" adapterTypeName="Microsoft.VisualStudio.TestTools.TestTypes.Unit.UnitTestAdapter, Microsoft.VisualStudio.QualityTools.Tips.UnitTest.Adapter, Version=10.0.0.0, Culture=neutral, PublicKeyToken=b03f5f7f11d50a3a" className="CloudNotes.Tests.Repositories.RepositoriesTests, CloudNotes.Tests.Repositories, Version=1.0.0.0, Culture=neutral, PublicKeyToken=null" name="NotesRepositoryGetWihtFilterCallsGetFromTheUnitOfWorkAndReturnsAnExistingNote" />
    </UnitTest>
    <UnitTest name="UsersRepositoryDeleteCallsDeleteFromTheUnitOfWork" storage="d:\prompt11-10-cloudcomputing\cloudnotes\cloudnotes.tests.repositories\bin\debug\cloudnotes.tests.repositories.dll" id="1a6e3131-7b28-7bfb-ebe5-62afff858b9e">
      <Execution id="a72c1005-8943-45eb-826d-827f9838e970" />
      <TestMethod codeBase="D:/PROMPT11-10-CloudComputing/CloudNotes/CloudNotes.Tests.Repositories/bin/Debug/CloudNotes.Tests.Repositories.DLL" adapterTypeName="Microsoft.VisualStudio.TestTools.TestTypes.Unit.UnitTestAdapter, Microsoft.VisualStudio.QualityTools.Tips.UnitTest.Adapter, Version=10.0.0.0, Culture=neutral, PublicKeyToken=b03f5f7f11d50a3a" className="CloudNotes.Tests.Repositories.RepositoriesTests, CloudNotes.Tests.Repositories, Version=1.0.0.0, Culture=neutral, PublicKeyToken=null" name="UsersRepositoryDeleteCallsDeleteFromTheUnitOfWork" />
    </UnitTest>
    <UnitTest name="AUserWithAnNameAllWhitespacesIsInvalid" storage="d:\prompt11-10-cloudcomputing\cloudnotes\cloudnotes.tests.domain\bin\debug\cloudnotes.tests.domain.dll" id="0e9aff77-2b4b-fe40-b395-e45251f0a1ee">
      <Execution id="227efe6c-aae4-44c4-a17b-317f1d03d512" />
      <TestMethod codeBase="D:/PROMPT11-10-CloudComputing/CloudNotes/CloudNotes.Tests.Domain/bin/Debug/CloudNotes.Tests.Domain.DLL" adapterTypeName="Microsoft.VisualStudio.TestTools.TestTypes.Unit.UnitTestAdapter, Microsoft.VisualStudio.QualityTools.Tips.UnitTest.Adapter, Version=10.0.0.0, Culture=neutral, PublicKeyToken=b03f5f7f11d50a3a" className="CloudNotes.Tests.Domain.DomainTests, CloudNotes.Tests.Domain, Version=1.0.0.0, Culture=neutral, PublicKeyToken=null" name="AUserWithAnNameAllWhitespacesIsInvalid" />
    </UnitTest>
    <UnitTest name="UsersServiceMethodGetByFilterShouldReturnAUser" storage="d:\prompt11-10-cloudcomputing\cloudnotes\cloudnotes.tests.domain.services\bin\debug\cloudnotes.tests.domain.services.dll" id="7c9b51a9-eac2-5f6f-a165-f92934b19311">
      <Execution id="37c5e362-438c-4a6f-be62-37ae1a69cbc7" />
      <TestMethod codeBase="D:/PROMPT11-10-CloudComputing/CloudNotes/CloudNotes.Tests.Domain.Services/bin/Debug/CloudNotes.Tests.Domain.Services.DLL" adapterTypeName="Microsoft.VisualStudio.TestTools.TestTypes.Unit.UnitTestAdapter, Microsoft.VisualStudio.QualityTools.Tips.UnitTest.Adapter, Version=10.0.0.0, Culture=neutral, PublicKeyToken=b03f5f7f11d50a3a" className="CloudNotes.Tests.Domain.Services.DomainServicesTests, CloudNotes.Tests.Domain.Services, Version=1.0.0.0, Culture=neutral, PublicKeyToken=null" name="UsersServiceMethodGetByFilterShouldReturnAUser" />
    </UnitTest>
    <UnitTest name="NotesServiceMethodNoteWithTitleExistsShouldReturnFalseForNonExistingTitle" storage="d:\prompt11-10-cloudcomputing\cloudnotes\cloudnotes.tests.domain.services\bin\debug\cloudnotes.tests.domain.services.dll" id="3b15e204-c4d0-7b16-61a4-7570b81b33a7">
      <Execution id="f8af90bb-436e-4e5a-90dc-77cdbac8e1e3" />
      <TestMethod codeBase="D:/PROMPT11-10-CloudComputing/CloudNotes/CloudNotes.Tests.Domain.Services/bin/Debug/CloudNotes.Tests.Domain.Services.DLL" adapterTypeName="Microsoft.VisualStudio.TestTools.TestTypes.Unit.UnitTestAdapter, Microsoft.VisualStudio.QualityTools.Tips.UnitTest.Adapter, Version=10.0.0.0, Culture=neutral, PublicKeyToken=b03f5f7f11d50a3a" className="CloudNotes.Tests.Domain.Services.DomainServicesTests, CloudNotes.Tests.Domain.Services, Version=1.0.0.0, Culture=neutral, PublicKeyToken=null" name="NotesServiceMethodNoteWithTitleExistsShouldReturnFalseForNonExistingTitle" />
    </UnitTest>
    <UnitTest name="NotesServiceMethodAddShareShouldAddAUserToTheNoteShares" storage="d:\prompt11-10-cloudcomputing\cloudnotes\cloudnotes.tests.domain.services\bin\debug\cloudnotes.tests.domain.services.dll" id="fecce3eb-38e3-4ca9-5430-fcce974236b4">
      <Execution id="f2f0718b-1794-454c-9688-8a2858204051" />
      <TestMethod codeBase="D:/PROMPT11-10-CloudComputing/CloudNotes/CloudNotes.Tests.Domain.Services/bin/Debug/CloudNotes.Tests.Domain.Services.DLL" adapterTypeName="Microsoft.VisualStudio.TestTools.TestTypes.Unit.UnitTestAdapter, Microsoft.VisualStudio.QualityTools.Tips.UnitTest.Adapter, Version=10.0.0.0, Culture=neutral, PublicKeyToken=b03f5f7f11d50a3a" className="CloudNotes.Tests.Domain.Services.DomainServicesTests, CloudNotes.Tests.Domain.Services, Version=1.0.0.0, Culture=neutral, PublicKeyToken=null" name="NotesServiceMethodAddShareShouldAddAUserToTheNoteShares" />
    </UnitTest>
    <UnitTest name="UsersRepositoryGetByIdentifiersCallsLoadFromTheUnitOfWorkForNonExistingUser" storage="d:\prompt11-10-cloudcomputing\cloudnotes\cloudnotes.tests.repositories\bin\debug\cloudnotes.tests.repositories.dll" id="a6c1fa83-a867-97da-f19d-bbb05c37bcee">
      <Execution id="e8a1f11e-63e4-4675-91d4-3ca2e5a83eb4" />
      <TestMethod codeBase="D:/PROMPT11-10-CloudComputing/CloudNotes/CloudNotes.Tests.Repositories/bin/Debug/CloudNotes.Tests.Repositories.DLL" adapterTypeName="Microsoft.VisualStudio.TestTools.TestTypes.Unit.UnitTestAdapter, Microsoft.VisualStudio.QualityTools.Tips.UnitTest.Adapter, Version=10.0.0.0, Culture=neutral, PublicKeyToken=b03f5f7f11d50a3a" className="CloudNotes.Tests.Repositories.RepositoriesTests, CloudNotes.Tests.Repositories, Version=1.0.0.0, Culture=neutral, PublicKeyToken=null" name="UsersRepositoryGetByIdentifiersCallsLoadFromTheUnitOfWorkForNonExistingUser" />
    </UnitTest>
    <UnitTest name="UsersRepositoryParseIdentityProviderParsesGoogleCorrectly" storage="d:\prompt11-10-cloudcomputing\cloudnotes\cloudnotes.tests.repositories\bin\debug\cloudnotes.tests.repositories.dll" id="d6129223-175a-65cf-54ae-8d91d8e336cb">
      <Execution id="97def8b5-18c6-4d24-ae34-742f82cdc76c" />
      <TestMethod codeBase="D:/PROMPT11-10-CloudComputing/CloudNotes/CloudNotes.Tests.Repositories/bin/Debug/CloudNotes.Tests.Repositories.DLL" adapterTypeName="Microsoft.VisualStudio.TestTools.TestTypes.Unit.UnitTestAdapter, Microsoft.VisualStudio.QualityTools.Tips.UnitTest.Adapter, Version=10.0.0.0, Culture=neutral, PublicKeyToken=b03f5f7f11d50a3a" className="CloudNotes.Tests.Repositories.RepositoriesTests, CloudNotes.Tests.Repositories, Version=1.0.0.0, Culture=neutral, PublicKeyToken=null" name="UsersRepositoryParseIdentityProviderParsesGoogleCorrectly" />
    </UnitTest>
    <UnitTest name="ATaskListWithAnEmptyTittleIsInvalid" storage="d:\prompt11-10-cloudcomputing\cloudnotes\cloudnotes.tests.domain\bin\debug\cloudnotes.tests.domain.dll" id="b0f72c88-e8e6-d5ef-9b19-7fed7babeddb">
      <Execution id="2e2bfd4a-65fe-45c7-ae50-59b49d2583a2" />
      <TestMethod codeBase="D:/PROMPT11-10-CloudComputing/CloudNotes/CloudNotes.Tests.Domain/bin/Debug/CloudNotes.Tests.Domain.DLL" adapterTypeName="Microsoft.VisualStudio.TestTools.TestTypes.Unit.UnitTestAdapter, Microsoft.VisualStudio.QualityTools.Tips.UnitTest.Adapter, Version=10.0.0.0, Culture=neutral, PublicKeyToken=b03f5f7f11d50a3a" className="CloudNotes.Tests.Domain.DomainTests, CloudNotes.Tests.Domain, Version=1.0.0.0, Culture=neutral, PublicKeyToken=null" name="ATaskListWithAnEmptyTittleIsInvalid" />
    </UnitTest>
    <UnitTest name="UsersRepositoryLoadTaskListAssociatedUsersCallsLoadAndGetFromTheUnitOfWork" storage="d:\prompt11-10-cloudcomputing\cloudnotes\cloudnotes.tests.repositories\bin\debug\cloudnotes.tests.repositories.dll" id="34307c16-295e-e803-42c0-fc1c9dc9e42e">
      <Execution id="d8041b6d-830d-4cff-8071-8b0ac949c079" />
      <TestMethod codeBase="D:/PROMPT11-10-CloudComputing/CloudNotes/CloudNotes.Tests.Repositories/bin/Debug/CloudNotes.Tests.Repositories.DLL" adapterTypeName="Microsoft.VisualStudio.TestTools.TestTypes.Unit.UnitTestAdapter, Microsoft.VisualStudio.QualityTools.Tips.UnitTest.Adapter, Version=10.0.0.0, Culture=neutral, PublicKeyToken=b03f5f7f11d50a3a" className="CloudNotes.Tests.Repositories.RepositoriesTests, CloudNotes.Tests.Repositories, Version=1.0.0.0, Culture=neutral, PublicKeyToken=null" name="UsersRepositoryLoadTaskListAssociatedUsersCallsLoadAndGetFromTheUnitOfWork" />
    </UnitTest>
    <UnitTest name="TaskListRepositoryLoadContainerCallsGetsFromTheUnitOfWork" storage="d:\prompt11-10-cloudcomputing\cloudnotes\cloudnotes.tests.repositories\bin\debug\cloudnotes.tests.repositories.dll" id="7a76042e-b11e-169d-7b16-2fadf1332acd">
      <Execution id="2c1cfca6-b564-4f00-9e11-4ac9a6b11862" />
      <TestMethod codeBase="D:/PROMPT11-10-CloudComputing/CloudNotes/CloudNotes.Tests.Repositories/bin/Debug/CloudNotes.Tests.Repositories.DLL" adapterTypeName="Microsoft.VisualStudio.TestTools.TestTypes.Unit.UnitTestAdapter, Microsoft.VisualStudio.QualityTools.Tips.UnitTest.Adapter, Version=10.0.0.0, Culture=neutral, PublicKeyToken=b03f5f7f11d50a3a" className="CloudNotes.Tests.Repositories.RepositoriesTests, CloudNotes.Tests.Repositories, Version=1.0.0.0, Culture=neutral, PublicKeyToken=null" name="TaskListRepositoryLoadContainerCallsGetsFromTheUnitOfWork" />
    </UnitTest>
    <UnitTest name="TaskListsServiceMethodHasPermissionToEditShouldReturnTrueForAUserInTheShare" storage="d:\prompt11-10-cloudcomputing\cloudnotes\cloudnotes.tests.domain.services\bin\debug\cloudnotes.tests.domain.services.dll" id="94962bdc-e505-45ca-f439-ea92c0480935">
      <Execution id="693bf776-03b3-41a6-8fe1-824de7340e72" />
      <TestMethod codeBase="D:/PROMPT11-10-CloudComputing/CloudNotes/CloudNotes.Tests.Domain.Services/bin/Debug/CloudNotes.Tests.Domain.Services.DLL" adapterTypeName="Microsoft.VisualStudio.TestTools.TestTypes.Unit.UnitTestAdapter, Microsoft.VisualStudio.QualityTools.Tips.UnitTest.Adapter, Version=10.0.0.0, Culture=neutral, PublicKeyToken=b03f5f7f11d50a3a" className="CloudNotes.Tests.Domain.Services.DomainServicesTests, CloudNotes.Tests.Domain.Services, Version=1.0.0.0, Culture=neutral, PublicKeyToken=null" name="TaskListsServiceMethodHasPermissionToEditShouldReturnTrueForAUserInTheShare" />
    </UnitTest>
    <UnitTest name="TaskListsServiceMethodGetShouldReturnATaskList" storage="d:\prompt11-10-cloudcomputing\cloudnotes\cloudnotes.tests.domain.services\bin\debug\cloudnotes.tests.domain.services.dll" id="a32946f4-9589-613f-fb54-5c9eee9a4876">
      <Execution id="3f8f880b-6b61-4956-9879-0338672b4905" />
      <TestMethod codeBase="D:/PROMPT11-10-CloudComputing/CloudNotes/CloudNotes.Tests.Domain.Services/bin/Debug/CloudNotes.Tests.Domain.Services.DLL" adapterTypeName="Microsoft.VisualStudio.TestTools.TestTypes.Unit.UnitTestAdapter, Microsoft.VisualStudio.QualityTools.Tips.UnitTest.Adapter, Version=10.0.0.0, Culture=neutral, PublicKeyToken=b03f5f7f11d50a3a" className="CloudNotes.Tests.Domain.Services.DomainServicesTests, CloudNotes.Tests.Domain.Services, Version=1.0.0.0, Culture=neutral, PublicKeyToken=null" name="TaskListsServiceMethodGetShouldReturnATaskList" />
    </UnitTest>
  </TestDefinitions>
  <TestLists>
    <TestList name="Results Not in a List" id="8c84fa94-04c1-424b-9868-57a2d4851a1d" />
    <TestList name="All Loaded Results" id="19431567-8539-422a-85d7-44ee4e166bda" />
  </TestLists>
  <TestEntries>
    <TestEntry testId="00d57f25-d21b-e712-e7ff-b98a3d6f01aa" executionId="15a8ba56-1318-4d7f-b8a6-0d5ca32c68b4" testListId="8c84fa94-04c1-424b-9868-57a2d4851a1d" />
    <TestEntry testId="03ce780a-2410-0155-4350-9f8288a8e596" executionId="3feeef1b-041a-4911-8c0c-e47e504c10c6" testListId="8c84fa94-04c1-424b-9868-57a2d4851a1d" />
    <TestEntry testId="04f5ff1c-b8db-538c-4d6c-35fba410e0c0" executionId="015cc182-48c6-4a66-b509-079325e93a71" testListId="8c84fa94-04c1-424b-9868-57a2d4851a1d" />
    <TestEntry testId="07851a54-f9f2-0370-ef52-acf62480dca3" executionId="dc62c049-da04-4e1b-93b0-fc99d8fa0ac2" testListId="8c84fa94-04c1-424b-9868-57a2d4851a1d" />
    <TestEntry testId="07ee8892-7054-180f-ddec-a98630f0764f" executionId="c24b1902-658f-45a0-89ed-50f6a5440a7b" testListId="8c84fa94-04c1-424b-9868-57a2d4851a1d" />
    <TestEntry testId="087d9898-edea-6433-a4ef-23fb3738fd61" executionId="1ec1879b-28d5-4935-aaff-8409ebdfad68" testListId="8c84fa94-04c1-424b-9868-57a2d4851a1d" />
    <TestEntry testId="0a706ea0-58bc-0095-f59b-db8b9bd3e9c1" executionId="fb35574e-faba-4ccb-a7ad-c3048f2ba723" testListId="8c84fa94-04c1-424b-9868-57a2d4851a1d" />
    <TestEntry testId="0b9127df-74e4-b881-09f0-5494a78337a6" executionId="20e7a1e9-6a3c-43b5-a5dd-836d3cce05f7" testListId="8c84fa94-04c1-424b-9868-57a2d4851a1d" />
    <TestEntry testId="0e9aff77-2b4b-fe40-b395-e45251f0a1ee" executionId="227efe6c-aae4-44c4-a17b-317f1d03d512" testListId="8c84fa94-04c1-424b-9868-57a2d4851a1d" />
    <TestEntry testId="1026c741-dd83-c4ec-8bca-52fe5c047850" executionId="c6fce5ed-d540-43bb-a7dc-27097e4e802c" testListId="8c84fa94-04c1-424b-9868-57a2d4851a1d" />
    <TestEntry testId="14c0b5c2-e01e-d3c7-468e-9874da6b0406" executionId="8d2177dd-325d-4315-bd9b-d2b69121282a" testListId="8c84fa94-04c1-424b-9868-57a2d4851a1d" />
    <TestEntry testId="157b3a3d-66d6-d440-327f-479b45016df4" executionId="43359165-f3b5-4f43-ab27-f38419a00db4" testListId="8c84fa94-04c1-424b-9868-57a2d4851a1d" />
    <TestEntry testId="17943233-8015-a282-b442-243916829980" executionId="42258a96-9fab-4cbd-b095-f41ed50db0f2" testListId="8c84fa94-04c1-424b-9868-57a2d4851a1d" />
    <TestEntry testId="1a6e3131-7b28-7bfb-ebe5-62afff858b9e" executionId="a72c1005-8943-45eb-826d-827f9838e970" testListId="8c84fa94-04c1-424b-9868-57a2d4851a1d" />
    <TestEntry testId="1c5a4485-18eb-1fb7-a783-fbf6aecbe579" executionId="c4feb68a-3f38-4190-84ee-28c43899865f" testListId="8c84fa94-04c1-424b-9868-57a2d4851a1d" />
    <TestEntry testId="1d280656-e2df-5314-433f-b3591c27440d" executionId="488bfdde-2969-4ec2-91a7-39fcbc9b4fd7" testListId="8c84fa94-04c1-424b-9868-57a2d4851a1d" />
    <TestEntry testId="207fa172-124e-7710-3ae1-207f7e188ab7" executionId="c21b17b7-6f49-4a94-baa6-2575433cbd38" testListId="8c84fa94-04c1-424b-9868-57a2d4851a1d" />
    <TestEntry testId="2096f5a0-1903-5db2-2c40-833b3a14e68d" executionId="c5ae6124-6a34-449a-8a5f-f042b37c908e" testListId="8c84fa94-04c1-424b-9868-57a2d4851a1d" />
    <TestEntry testId="23d50d4e-c7ad-15c6-58f2-b5a0b49d6762" executionId="fc29bde7-c6a2-4010-99d3-1a600259491b" testListId="8c84fa94-04c1-424b-9868-57a2d4851a1d" />
    <TestEntry testId="243a3723-c759-1bdb-8565-43030030c8e3" executionId="1536cae7-1d7b-4e87-9b25-3684cb010d8d" testListId="8c84fa94-04c1-424b-9868-57a2d4851a1d" />
    <TestEntry testId="289b20e7-b260-bab8-9e9b-721680a9b151" executionId="e715a00b-46cd-476f-b19a-a513b2afe664" testListId="8c84fa94-04c1-424b-9868-57a2d4851a1d" />
    <TestEntry testId="2b244028-df83-e3b8-91b4-eb0f42ff37fe" executionId="d6613ba7-4050-4e8e-8b69-b3787b4f5aa2" testListId="8c84fa94-04c1-424b-9868-57a2d4851a1d" />
    <TestEntry testId="2d4e2a1a-222a-051d-2148-b1b6eab73111" executionId="a6b32138-f2f1-4464-bfdc-b1362e09c218" testListId="8c84fa94-04c1-424b-9868-57a2d4851a1d" />
    <TestEntry testId="2ebf2434-3f8b-3932-cf00-13d37349040e" executionId="2ca95e6b-3840-4f07-9646-c9d1173ac1b4" testListId="8c84fa94-04c1-424b-9868-57a2d4851a1d" />
    <TestEntry testId="2f5b7326-d298-9d47-b2ba-6360bcb253cc" executionId="878e64ba-5288-4b91-b308-60b20f4ae758" testListId="8c84fa94-04c1-424b-9868-57a2d4851a1d" />
    <TestEntry testId="317d83c6-7888-b2e3-18a3-1679d93597b9" executionId="85e74f78-a167-4881-aa62-849fb2c66f6f" testListId="8c84fa94-04c1-424b-9868-57a2d4851a1d" />
    <TestEntry testId="31c722d8-5747-84ab-dbe0-e3286ae27d8d" executionId="b5f11685-f01e-482f-97ad-fefdae937fb1" testListId="8c84fa94-04c1-424b-9868-57a2d4851a1d" />
    <TestEntry testId="34307c16-295e-e803-42c0-fc1c9dc9e42e" executionId="d8041b6d-830d-4cff-8071-8b0ac949c079" testListId="8c84fa94-04c1-424b-9868-57a2d4851a1d" />
    <TestEntry testId="3b15e204-c4d0-7b16-61a4-7570b81b33a7" executionId="f8af90bb-436e-4e5a-90dc-77cdbac8e1e3" testListId="8c84fa94-04c1-424b-9868-57a2d4851a1d" />
    <TestEntry testId="3ccecaf6-b51d-cbc4-debf-7489f5a6a3e4" executionId="1e51a8d3-1c3a-40ce-924c-f46562b74bb5" testListId="8c84fa94-04c1-424b-9868-57a2d4851a1d" />
    <TestEntry testId="4b614527-e28c-581c-d382-32a4d4aafc06" executionId="2ae90741-c7e4-442c-9b1a-b722161378bd" testListId="8c84fa94-04c1-424b-9868-57a2d4851a1d" />
    <TestEntry testId="51d63b6c-e217-1034-9362-a2f6bc6d8cdb" executionId="c5b2fc8a-a62d-4391-9c7c-b7da529187ae" testListId="8c84fa94-04c1-424b-9868-57a2d4851a1d" />
    <TestEntry testId="53bf3163-df0e-9e62-fb0d-6671ad5acf2e" executionId="f8c9ac61-cdba-43e0-abe9-fd8bb7d27623" testListId="8c84fa94-04c1-424b-9868-57a2d4851a1d" />
    <TestEntry testId="54e67131-47df-e2cb-c7bc-1b2b43b86483" executionId="5b0d68eb-4980-4715-aea6-2393d9a23d39" testListId="8c84fa94-04c1-424b-9868-57a2d4851a1d" />
    <TestEntry testId="56cb2ba6-bd19-5c25-a99a-9bed17136d50" executionId="6756e28c-98af-4c5b-9b8a-3c238b5a27df" testListId="8c84fa94-04c1-424b-9868-57a2d4851a1d" />
    <TestEntry testId="5786b163-ef5c-e0c4-11da-ed5c7ebd591c" executionId="c83990cd-ce71-4ada-ba3e-ab61bdd06810" testListId="8c84fa94-04c1-424b-9868-57a2d4851a1d" />
    <TestEntry testId="5d59f492-e6d2-4a32-8cb5-8bac5548a5fd" executionId="0283efe5-5847-4516-b06e-a04f887dbee5" testListId="8c84fa94-04c1-424b-9868-57a2d4851a1d" />
    <TestEntry testId="5fe42e9d-f3d6-6b59-1cde-9ee6b0948802" executionId="67a84fd5-a8e7-4857-8f27-1e990fa62cdf" testListId="8c84fa94-04c1-424b-9868-57a2d4851a1d" />
    <TestEntry testId="63b79998-d09c-e8f8-a40f-f31aca5bbc08" executionId="e17d5104-45f8-4ced-a10f-8ad536c45368" testListId="8c84fa94-04c1-424b-9868-57a2d4851a1d" />
    <TestEntry testId="6679c1f6-317f-e773-41df-3508a75dea4b" executionId="9dfdb22f-3abc-4ecd-ab49-db11f1ad1fbf" testListId="8c84fa94-04c1-424b-9868-57a2d4851a1d" />
    <TestEntry testId="68515e07-492a-8340-8ae8-e1f724f6552a" executionId="0b57d694-c6b1-4e0b-ae97-d3ffaa2aa09f" testListId="8c84fa94-04c1-424b-9868-57a2d4851a1d" />
    <TestEntry testId="68595d26-57a1-321d-c72e-7ab1ba9f7821" executionId="728adda9-d4ee-4686-b172-2a64f17f2545" testListId="8c84fa94-04c1-424b-9868-57a2d4851a1d" />
    <TestEntry testId="6eb006b0-f141-29b2-0ec3-c52e70221b01" executionId="e283973a-7bc3-4bd2-a91a-72a67829a309" testListId="8c84fa94-04c1-424b-9868-57a2d4851a1d" />
    <TestEntry testId="6f08de37-a78e-29cc-f154-9197a3a712f9" executionId="85725616-be67-401e-93a9-f22b54bd0491" testListId="8c84fa94-04c1-424b-9868-57a2d4851a1d" />
    <TestEntry testId="710056e6-b337-9739-6344-1fd443c7a2b3" executionId="eaabedaa-f54b-40fb-bd83-72aea191b6d7" testListId="8c84fa94-04c1-424b-9868-57a2d4851a1d" />
    <TestEntry testId="71f98d0e-df98-5602-5fd6-919d9101bb93" executionId="976f94d1-252f-4e0e-a467-abd821a286e2" testListId="8c84fa94-04c1-424b-9868-57a2d4851a1d" />
    <TestEntry testId="74ad4924-ca1f-7fc8-3dda-97c8ce4dc14e" executionId="e9b336e1-4a72-411d-9714-be44392bea45" testListId="8c84fa94-04c1-424b-9868-57a2d4851a1d" />
    <TestEntry testId="7a009e26-62e5-1f69-5cdb-854dc672f6ae" executionId="8e6ce2d1-7204-4868-9611-b55854af927a" testListId="8c84fa94-04c1-424b-9868-57a2d4851a1d" />
    <TestEntry testId="7a76042e-b11e-169d-7b16-2fadf1332acd" executionId="2c1cfca6-b564-4f00-9e11-4ac9a6b11862" testListId="8c84fa94-04c1-424b-9868-57a2d4851a1d" />
    <TestEntry testId="7ae1ddc5-c3b0-7641-cb10-f72206ce0466" executionId="dcd66af4-7789-46d2-ab67-5d58845de473" testListId="8c84fa94-04c1-424b-9868-57a2d4851a1d" />
    <TestEntry testId="7b5bfd82-0a0d-ae47-9f48-64f6309b6fc1" executionId="576fcf65-2047-4913-adb9-e454faa8e111" testListId="8c84fa94-04c1-424b-9868-57a2d4851a1d" />
    <TestEntry testId="7b65c322-82a6-21f6-1c5a-05f328fac3be" executionId="cbe8d19e-7881-4b9d-b5c2-eb0c2060cf33" testListId="8c84fa94-04c1-424b-9868-57a2d4851a1d" />
    <TestEntry testId="7c9b51a9-eac2-5f6f-a165-f92934b19311" executionId="37c5e362-438c-4a6f-be62-37ae1a69cbc7" testListId="8c84fa94-04c1-424b-9868-57a2d4851a1d" />
    <TestEntry testId="7d09f543-4324-80a8-54ae-156dcda31038" executionId="16dece56-5a12-4c6e-942b-a8c99d025915" testListId="8c84fa94-04c1-424b-9868-57a2d4851a1d" />
    <TestEntry testId="7d1001da-6055-18e2-1484-260115b93ccf" executionId="9b8182db-9b43-4b2c-9259-9e288adb364d" testListId="8c84fa94-04c1-424b-9868-57a2d4851a1d" />
    <TestEntry testId="7d6998de-08bc-b5a5-f97c-68e4a87d69dc" executionId="297d73f7-66fa-476c-b621-a09c8cc70a50" testListId="8c84fa94-04c1-424b-9868-57a2d4851a1d" />
    <TestEntry testId="806d5e37-6070-b15c-e509-59745df24b26" executionId="73802209-a9fb-4d9a-b75a-e9f1c58e2c8a" testListId="8c84fa94-04c1-424b-9868-57a2d4851a1d" />
    <TestEntry testId="83144cc2-eba3-40b7-3a94-8375dcee99f1" executionId="5350bf0a-4f63-4c6a-bbd8-8a6abf2b79b9" testListId="8c84fa94-04c1-424b-9868-57a2d4851a1d" />
    <TestEntry testId="846215b7-3a17-549a-a8bb-e3c8573dbdf6" executionId="9aaba4e1-71c2-4e6e-b578-ac67fe46b9e2" testListId="8c84fa94-04c1-424b-9868-57a2d4851a1d" />
    <TestEntry testId="852657b0-510e-88d6-c043-399bc17187ed" executionId="e821909e-1945-4eb0-b348-71959fdbe4b7" testListId="8c84fa94-04c1-424b-9868-57a2d4851a1d" />
    <TestEntry testId="8d3bfe9f-40a5-6515-7c0c-d1c6b7990ea3" executionId="e63b52c4-c5e1-4de3-a89e-3102e4441c0a" testListId="8c84fa94-04c1-424b-9868-57a2d4851a1d" />
    <TestEntry testId="8e102b5d-e958-b297-bb65-7f1f98f7fdce" executionId="b16bf2a3-931a-4ac3-ade4-04a3f95e3c53" testListId="8c84fa94-04c1-424b-9868-57a2d4851a1d" />
    <TestEntry testId="8f90efd1-0a3e-6847-1469-eec0d3368773" executionId="51ef81cb-ee38-482d-8b48-5d50d5a72303" testListId="8c84fa94-04c1-424b-9868-57a2d4851a1d" />
    <TestEntry testId="94962bdc-e505-45ca-f439-ea92c0480935" executionId="693bf776-03b3-41a6-8fe1-824de7340e72" testListId="8c84fa94-04c1-424b-9868-57a2d4851a1d" />
    <TestEntry testId="966d9ca3-96a8-e299-9eae-7de085d51e46" executionId="c51551d4-596b-4712-b214-bfbd437235aa" testListId="8c84fa94-04c1-424b-9868-57a2d4851a1d" />
    <TestEntry testId="9863ea66-4389-d916-e2df-c69ea144bb25" executionId="7d30edee-691e-4bbc-bc93-f87e86aa633c" testListId="8c84fa94-04c1-424b-9868-57a2d4851a1d" />
    <TestEntry testId="9ca52fa0-c559-7623-fd35-fc2380d7afd8" executionId="4fef58ad-6a44-4406-be60-f1ecfbf1febc" testListId="8c84fa94-04c1-424b-9868-57a2d4851a1d" />
    <TestEntry testId="9d2851ab-0a27-838f-9557-7fe4eb9929c3" executionId="0608afb7-d644-4d3d-ab36-452d915e1885" testListId="8c84fa94-04c1-424b-9868-57a2d4851a1d" />
    <TestEntry testId="a09a3efe-5018-8ea3-5334-81bff13818e9" executionId="c0d435c3-f10a-4dd4-88fd-66e108cbc86c" testListId="8c84fa94-04c1-424b-9868-57a2d4851a1d" />
    <TestEntry testId="a31f17ab-e933-91d3-0be7-69abe24ee67e" executionId="1db547ea-b93d-453e-aae7-0cd801a35775" testListId="8c84fa94-04c1-424b-9868-57a2d4851a1d" />
    <TestEntry testId="a32946f4-9589-613f-fb54-5c9eee9a4876" executionId="3f8f880b-6b61-4956-9879-0338672b4905" testListId="8c84fa94-04c1-424b-9868-57a2d4851a1d" />
    <TestEntry testId="a49419de-351d-ddee-3740-c07af74b36d5" executionId="b1dc651a-851c-4775-9afd-6b0a89eb296d" testListId="8c84fa94-04c1-424b-9868-57a2d4851a1d" />
    <TestEntry testId="a52de280-ccb3-2f52-6566-1bbc9bfb4624" executionId="a8f7e01b-b4b5-4cb0-b2e8-d3f572958198" testListId="8c84fa94-04c1-424b-9868-57a2d4851a1d" />
    <TestEntry testId="a6c1fa83-a867-97da-f19d-bbb05c37bcee" executionId="e8a1f11e-63e4-4675-91d4-3ca2e5a83eb4" testListId="8c84fa94-04c1-424b-9868-57a2d4851a1d" />
    <TestEntry testId="a7085ee0-9711-d8df-ad65-023ec44b9759" executionId="10afa8ed-64e7-428f-835b-55958f6a878e" testListId="8c84fa94-04c1-424b-9868-57a2d4851a1d" />
    <TestEntry testId="a780d5d0-43e2-3171-7945-424274cf7cfb" executionId="41237ff3-aae8-4edf-a42d-cb34918c6fc0" testListId="8c84fa94-04c1-424b-9868-57a2d4851a1d" />
    <TestEntry testId="a92d683e-6db6-da08-1853-c0e53902a155" executionId="88270deb-40e7-4e38-93ba-c484f415c229" testListId="8c84fa94-04c1-424b-9868-57a2d4851a1d" />
    <TestEntry testId="ad8e41a5-ec19-61e8-ab78-b0066874f9a4" executionId="2fc04b91-f424-4f3a-a177-f7da6715ee0f" testListId="8c84fa94-04c1-424b-9868-57a2d4851a1d" />
    <TestEntry testId="b0f72c88-e8e6-d5ef-9b19-7fed7babeddb" executionId="2e2bfd4a-65fe-45c7-ae50-59b49d2583a2" testListId="8c84fa94-04c1-424b-9868-57a2d4851a1d" />
    <TestEntry testId="b1a7abd8-8831-126c-749d-ed4bdc9d0f13" executionId="8795d513-5173-4abc-948d-c1f4b144369d" testListId="8c84fa94-04c1-424b-9868-57a2d4851a1d" />
    <TestEntry testId="b3e5450c-7394-e772-4c0f-83c0f0cc9085" executionId="1ff4abf5-9435-49f7-9946-03cbf774bebd" testListId="8c84fa94-04c1-424b-9868-57a2d4851a1d" />
    <TestEntry testId="b6265d2d-5cae-e3d4-95b5-67607627ef13" executionId="c8b648f0-775f-483d-b9ab-c003ee8138fd" testListId="8c84fa94-04c1-424b-9868-57a2d4851a1d" />
    <TestEntry testId="b69a9890-6d34-e521-794d-88f12a6f6738" executionId="7eb4b9c7-0803-4714-b54f-4ff9becdfac4" testListId="8c84fa94-04c1-424b-9868-57a2d4851a1d" />
    <TestEntry testId="b81d524b-5fb5-2e72-1747-39c7882c4e2d" executionId="1ea440f6-412e-4aa2-9439-c7d3c85efa58" testListId="8c84fa94-04c1-424b-9868-57a2d4851a1d" />
    <TestEntry testId="b8b966b4-c265-1627-ba5e-4d3e17d291be" executionId="797fd9f3-e752-42c5-b975-5263a878890f" testListId="8c84fa94-04c1-424b-9868-57a2d4851a1d" />
    <TestEntry testId="b9b9c38a-74e2-e207-0c28-3fdf5244ae4b" executionId="6d751ba9-3cf3-4c3d-952a-23238babe991" testListId="8c84fa94-04c1-424b-9868-57a2d4851a1d" />
    <TestEntry testId="c14c078d-036a-ef14-90a0-c1d1a047c940" executionId="fd187956-c7ea-4b4b-9ae8-30e4ffd845c2" testListId="8c84fa94-04c1-424b-9868-57a2d4851a1d" />
    <TestEntry testId="c2a1ec4d-3db1-3ce5-c3f4-62bd1b5521f4" executionId="5adaffd1-149a-41b1-8abf-5ce191dfd74c" testListId="8c84fa94-04c1-424b-9868-57a2d4851a1d" />
    <TestEntry testId="c6f13921-acfe-5e3f-88bd-0ff970c4a9d6" executionId="3939ff35-3eb4-45d9-a5db-1384deb721d7" testListId="8c84fa94-04c1-424b-9868-57a2d4851a1d" />
    <TestEntry testId="c6f6cc92-9905-881b-c432-bc390bf4fb00" executionId="3a816c95-2054-4199-813c-cd88d5a43ba5" testListId="8c84fa94-04c1-424b-9868-57a2d4851a1d" />
    <TestEntry testId="c775d00d-9095-a8a9-2433-76c5a0405657" executionId="3ac98e96-764d-4f8d-9df3-7eadb6837a4c" testListId="8c84fa94-04c1-424b-9868-57a2d4851a1d" />
    <TestEntry testId="d0098638-c512-c593-36b7-531e29f0d103" executionId="d09fad92-ad7c-43b2-943b-f057fc988774" testListId="8c84fa94-04c1-424b-9868-57a2d4851a1d" />
    <TestEntry testId="d6129223-175a-65cf-54ae-8d91d8e336cb" executionId="97def8b5-18c6-4d24-ae34-742f82cdc76c" testListId="8c84fa94-04c1-424b-9868-57a2d4851a1d" />
    <TestEntry testId="da07899b-e0b9-f639-2145-62f05a55637a" executionId="b61baf34-ef2f-4970-893b-3614900290ef" testListId="8c84fa94-04c1-424b-9868-57a2d4851a1d" />
    <TestEntry testId="dd0adaa0-376e-15b3-c394-a4c648706582" executionId="b6eb3a82-5014-483a-9662-1804cd34c9b8" testListId="8c84fa94-04c1-424b-9868-57a2d4851a1d" />
    <TestEntry testId="dda17c2a-e42a-8750-1a67-51ce6b26fe62" executionId="b802e76d-531e-409b-9045-f5642767ed7a" testListId="8c84fa94-04c1-424b-9868-57a2d4851a1d" />
    <TestEntry testId="e3d8badb-d961-d4d2-2fc7-38832d7198cd" executionId="1668e3ca-9f1d-4a34-89c6-df610d7d0458" testListId="8c84fa94-04c1-424b-9868-57a2d4851a1d" />
    <TestEntry testId="e50fb009-f8ba-7a74-c650-ecf3691e911d" executionId="cc688bbc-5bc1-4ba8-afce-01ebc55fcbe4" testListId="8c84fa94-04c1-424b-9868-57a2d4851a1d" />
    <TestEntry testId="e7bbd4b2-5c95-3563-fc1e-37f3d3d4a55d" executionId="894b5df5-59e6-41c5-b71a-29160a2891c2" testListId="8c84fa94-04c1-424b-9868-57a2d4851a1d" />
    <TestEntry testId="e814db0b-a976-414f-8c66-ad00681e848f" executionId="fc9f420b-9400-4ae1-be30-fb2bac4cfefa" testListId="8c84fa94-04c1-424b-9868-57a2d4851a1d" />
    <TestEntry testId="eb26e027-d271-7a33-a78e-cf110a291b7f" executionId="84aa0e80-dc3b-40dd-9e74-0c67b48c7b0c" testListId="8c84fa94-04c1-424b-9868-57a2d4851a1d" />
    <TestEntry testId="ec7711e0-6e36-94b0-fa70-9adecfa8a8f1" executionId="28dea2e4-a34a-47fa-a0ff-f734e4097c1e" testListId="8c84fa94-04c1-424b-9868-57a2d4851a1d" />
    <TestEntry testId="f15d8008-f42b-2bba-472e-3c1682ecbfbd" executionId="566f92ff-1d60-485f-b511-06a0e93fced4" testListId="8c84fa94-04c1-424b-9868-57a2d4851a1d" />
    <TestEntry testId="fd1333a9-bd73-eaaa-f9e7-1e9546344171" executionId="b4ba04f2-b8fd-4111-8781-909c0466a56a" testListId="8c84fa94-04c1-424b-9868-57a2d4851a1d" />
    <TestEntry testId="fd2d9e08-8f5d-4406-828f-63af07dc5bf7" executionId="8abf2bce-0544-4d91-8d84-6d410796f181" testListId="8c84fa94-04c1-424b-9868-57a2d4851a1d" />
    <TestEntry testId="fe3768ee-5ae4-68d3-ca82-4c54def2a86c" executionId="0e834d9b-65a6-4e59-938b-e0fcebf05b51" testListId="8c84fa94-04c1-424b-9868-57a2d4851a1d" />
    <TestEntry testId="fecce3eb-38e3-4ca9-5430-fcce974236b4" executionId="f2f0718b-1794-454c-9688-8a2858204051" testListId="8c84fa94-04c1-424b-9868-57a2d4851a1d" />
    <TestEntry testId="ffc79e9b-00ea-8cc7-18d0-a502995f20d0" executionId="0ed8925d-508d-46c0-80e5-82becbf154bf" testListId="8c84fa94-04c1-424b-9868-57a2d4851a1d" />
  </TestEntries>
  <Results>
    <UnitTestResult executionId="15a8ba56-1318-4d7f-b8a6-0d5ca32c68b4" testId="00d57f25-d21b-e712-e7ff-b98a3d6f01aa" testName="ANoteWithAnAllWhitespaceContentIsInvalid" computerName="BLACKBEAUTY" duration="00:00:00.1336560" startTime="2012-08-28T22:48:07.7258912+01:00" endTime="2012-08-28T22:48:08.5769399+01:00" testType="13cdc9d9-ddb5-4fa4-a97d-d965ccfc6d4b" outcome="Passed" testListId="8c84fa94-04c1-424b-9868-57a2d4851a1d" relativeResultsDirectory="15a8ba56-1318-4d7f-b8a6-0d5ca32c68b4">
    </UnitTestResult>
    <UnitTestResult executionId="3feeef1b-041a-4911-8c0c-e47e504c10c6" testId="03ce780a-2410-0155-4350-9f8288a8e596" testName="TaskListsServiceMethodGetByCombinedKeysShouldReturnATaskList" computerName="BLACKBEAUTY" duration="00:00:00.4471113" startTime="2012-08-28T22:48:08.5839403+01:00" endTime="2012-08-28T22:48:09.3719854+01:00" testType="13cdc9d9-ddb5-4fa4-a97d-d965ccfc6d4b" outcome="Passed" testListId="8c84fa94-04c1-424b-9868-57a2d4851a1d" relativeResultsDirectory="3feeef1b-041a-4911-8c0c-e47e504c10c6">
    </UnitTestResult>
    <UnitTestResult executionId="015cc182-48c6-4a66-b509-079325e93a71" testId="04f5ff1c-b8db-538c-4d6c-35fba410e0c0" testName="UsersServiceMethodLoadShouldReturnAllUsers" computerName="BLACKBEAUTY" duration="00:00:00.1758984" startTime="2012-08-28T22:48:09.3749855+01:00" endTime="2012-08-28T22:48:09.5569960+01:00" testType="13cdc9d9-ddb5-4fa4-a97d-d965ccfc6d4b" outcome="Passed" testListId="8c84fa94-04c1-424b-9868-57a2d4851a1d" relativeResultsDirectory="015cc182-48c6-4a66-b509-079325e93a71">
    </UnitTestResult>
    <UnitTestResult executionId="dc62c049-da04-4e1b-93b0-fc99d8fa0ac2" testId="07851a54-f9f2-0370-ef52-acf62480dca3" testName="ANoteWithAnAllWhitespaceTittleIsInvalid" computerName="BLACKBEAUTY" duration="00:00:00.0005724" startTime="2012-08-28T22:48:09.5599961+01:00" endTime="2012-08-28T22:48:09.5689966+01:00" testType="13cdc9d9-ddb5-4fa4-a97d-d965ccfc6d4b" outcome="Passed" testListId="8c84fa94-04c1-424b-9868-57a2d4851a1d" relativeResultsDirectory="dc62c049-da04-4e1b-93b0-fc99d8fa0ac2">
    </UnitTestResult>
    <UnitTestResult executionId="c24b1902-658f-45a0-89ed-50f6a5440a7b" testId="07ee8892-7054-180f-ddec-a98630f0764f" testName="UsersRepositoryLoadShareCallsLoadAndGetFromTheUnitOfWork" computerName="BLACKBEAUTY" duration="00:00:00.3587739" startTime="2012-08-28T22:48:09.5719968+01:00" endTime="2012-08-28T22:48:10.2670366+01:00" testType="13cdc9d9-ddb5-4fa4-a97d-d965ccfc6d4b" outcome="Passed" testListId="8c84fa94-04c1-424b-9868-57a2d4851a1d" relativeResultsDirectory="c24b1902-658f-45a0-89ed-50f6a5440a7b">
    </UnitTestResult>
    <UnitTestResult executionId="1ec1879b-28d5-4935-aaff-8409ebdfad68" testId="087d9898-edea-6433-a4ef-23fb3738fd61" testName="UsersRepositoryLoadTaskListOwnerCallsLoadAndGetFromTheUnitOfWork" computerName="BLACKBEAUTY" duration="00:00:00.0029401" startTime="2012-08-28T22:48:10.2700367+01:00" endTime="2012-08-28T22:48:10.2810374+01:00" testType="13cdc9d9-ddb5-4fa4-a97d-d965ccfc6d4b" outcome="Passed" testListId="8c84fa94-04c1-424b-9868-57a2d4851a1d" relativeResultsDirectory="1ec1879b-28d5-4935-aaff-8409ebdfad68">
    </UnitTestResult>
    <UnitTestResult executionId="fb35574e-faba-4ccb-a7ad-c3048f2ba723" testId="0a706ea0-58bc-0095-f59b-db8b9bd3e9c1" testName="UsersServiceMethodUpdateShouldUpdateAUser" computerName="BLACKBEAUTY" duration="00:00:00.0087824" startTime="2012-08-28T22:48:10.2840375+01:00" endTime="2012-08-28T22:48:10.2990384+01:00" testType="13cdc9d9-ddb5-4fa4-a97d-d965ccfc6d4b" outcome="Passed" testListId="8c84fa94-04c1-424b-9868-57a2d4851a1d" relativeResultsDirectory="fb35574e-faba-4ccb-a7ad-c3048f2ba723">
    </UnitTestResult>
    <UnitTestResult executionId="20e7a1e9-6a3c-43b5-a5dd-836d3cce05f7" testId="0b9127df-74e4-b881-09f0-5494a78337a6" testName="UsersServiceMethodGetUserAuthenticationInfoShouldReturnTheAuthenticationInfoWithNameAndEmail" computerName="BLACKBEAUTY" duration="00:00:00.0352198" startTime="2012-08-28T22:48:10.3020386+01:00" endTime="2012-08-28T22:48:10.3430409+01:00" testType="13cdc9d9-ddb5-4fa4-a97d-d965ccfc6d4b" outcome="Passed" testListId="8c84fa94-04c1-424b-9868-57a2d4851a1d" relativeResultsDirectory="20e7a1e9-6a3c-43b5-a5dd-836d3cce05f7">
    </UnitTestResult>
    <UnitTestResult executionId="227efe6c-aae4-44c4-a17b-317f1d03d512" testId="0e9aff77-2b4b-fe40-b395-e45251f0a1ee" testName="AUserWithAnNameAllWhitespacesIsInvalid" computerName="BLACKBEAUTY" duration="00:00:00.0060641" startTime="2012-08-28T22:48:10.3470411+01:00" endTime="2012-08-28T22:48:10.3600419+01:00" testType="13cdc9d9-ddb5-4fa4-a97d-d965ccfc6d4b" outcome="Passed" testListId="8c84fa94-04c1-424b-9868-57a2d4851a1d" relativeResultsDirectory="227efe6c-aae4-44c4-a17b-317f1d03d512">
    </UnitTestResult>
    <UnitTestResult executionId="c6fce5ed-d540-43bb-a7dc-27097e4e802c" testId="1026c741-dd83-c4ec-8bca-52fe5c047850" testName="NotesServiceMethodHasPermissionToEditShouldReturnTrueForAUserInTheShare" computerName="BLACKBEAUTY" duration="00:00:00.0387081" startTime="2012-08-28T22:48:10.3630421+01:00" endTime="2012-08-28T22:48:10.4080446+01:00" testType="13cdc9d9-ddb5-4fa4-a97d-d965ccfc6d4b" outcome="Passed" testListId="8c84fa94-04c1-424b-9868-57a2d4851a1d" relativeResultsDirectory="c6fce5ed-d540-43bb-a7dc-27097e4e802c">
    </UnitTestResult>
    <UnitTestResult executionId="8d2177dd-325d-4315-bd9b-d2b69121282a" testId="14c0b5c2-e01e-d3c7-468e-9874da6b0406" testName="ATaskListWithATittleLongerThan20CharactersIsInvalid" computerName="BLACKBEAUTY" duration="00:00:00.0029584" startTime="2012-08-28T22:48:10.4110448+01:00" endTime="2012-08-28T22:48:10.4310460+01:00" testType="13cdc9d9-ddb5-4fa4-a97d-d965ccfc6d4b" outcome="Passed" testListId="8c84fa94-04c1-424b-9868-57a2d4851a1d" relativeResultsDirectory="8d2177dd-325d-4315-bd9b-d2b69121282a">
    </UnitTestResult>
    <UnitTestResult executionId="43359165-f3b5-4f43-ab27-f38419a00db4" testId="157b3a3d-66d6-d440-327f-479b45016df4" testName="ANoteWithAnEmptyTittleIsInvalid" computerName="BLACKBEAUTY" duration="00:00:00.0006683" startTime="2012-08-28T22:48:10.4330461+01:00" endTime="2012-08-28T22:48:10.4420466+01:00" testType="13cdc9d9-ddb5-4fa4-a97d-d965ccfc6d4b" outcome="Passed" testListId="8c84fa94-04c1-424b-9868-57a2d4851a1d" relativeResultsDirectory="43359165-f3b5-4f43-ab27-f38419a00db4">
    </UnitTestResult>
    <UnitTestResult executionId="42258a96-9fab-4cbd-b095-f41ed50db0f2" testId="17943233-8015-a282-b442-243916829980" testName="NotesRepositoryLoadCallsLoadFromTheUnitOfWork" computerName="BLACKBEAUTY" duration="00:00:00.0423273" startTime="2012-08-28T22:48:10.4440467+01:00" endTime="2012-08-28T22:48:10.4920494+01:00" testType="13cdc9d9-ddb5-4fa4-a97d-d965ccfc6d4b" outcome="Passed" testListId="8c84fa94-04c1-424b-9868-57a2d4851a1d" relativeResultsDirectory="42258a96-9fab-4cbd-b095-f41ed50db0f2">
    </UnitTestResult>
    <UnitTestResult executionId="a72c1005-8943-45eb-826d-827f9838e970" testId="1a6e3131-7b28-7bfb-ebe5-62afff858b9e" testName="UsersRepositoryDeleteCallsDeleteFromTheUnitOfWork" computerName="BLACKBEAUTY" duration="00:00:00.0050574" startTime="2012-08-28T22:48:10.4950496+01:00" endTime="2012-08-28T22:48:10.5060502+01:00" testType="13cdc9d9-ddb5-4fa4-a97d-d965ccfc6d4b" outcome="Passed" testListId="8c84fa94-04c1-424b-9868-57a2d4851a1d" relativeResultsDirectory="a72c1005-8943-45eb-826d-827f9838e970">
    </UnitTestResult>
    <UnitTestResult executionId="c4feb68a-3f38-4190-84ee-28c43899865f" testId="1c5a4485-18eb-1fb7-a783-fbf6aecbe579" testName="TaskListsRepositoryRemoveShareCallsDeleteFromTheUnitOfWork" computerName="BLACKBEAUTY" duration="00:00:00.0237625" startTime="2012-08-28T22:48:10.5090504+01:00" endTime="2012-08-28T22:48:10.5390521+01:00" testType="13cdc9d9-ddb5-4fa4-a97d-d965ccfc6d4b" outcome="Passed" testListId="8c84fa94-04c1-424b-9868-57a2d4851a1d" relativeResultsDirectory="c4feb68a-3f38-4190-84ee-28c43899865f">
    </UnitTestResult>
    <UnitTestResult executionId="488bfdde-2969-4ec2-91a7-39fcbc9b4fd7" testId="1d280656-e2df-5314-433f-b3591c27440d" testName="NotesRepositoryHasPermisionToEditCallsGetFromTheUnitOfWork" computerName="BLACKBEAUTY" duration="00:00:00.0089355" startTime="2012-08-28T22:48:10.5420523+01:00" endTime="2012-08-28T22:48:10.5570532+01:00" testType="13cdc9d9-ddb5-4fa4-a97d-d965ccfc6d4b" outcome="Passed" testListId="8c84fa94-04c1-424b-9868-57a2d4851a1d" relativeResultsDirectory="488bfdde-2969-4ec2-91a7-39fcbc9b4fd7">
    </UnitTestResult>
    <UnitTestResult executionId="c21b17b7-6f49-4a94-baa6-2575433cbd38" testId="207fa172-124e-7710-3ae1-207f7e188ab7" testName="UsersRepositoryUserIsRegisteredCallsLoadFromTheUnitOfWorkForANewUser" computerName="BLACKBEAUTY" duration="00:00:00.0163156" startTime="2012-08-28T22:48:10.5600533+01:00" endTime="2012-08-28T22:48:10.5820546+01:00" testType="13cdc9d9-ddb5-4fa4-a97d-d965ccfc6d4b" outcome="Passed" testListId="8c84fa94-04c1-424b-9868-57a2d4851a1d" relativeResultsDirectory="c21b17b7-6f49-4a94-baa6-2575433cbd38">
    </UnitTestResult>
    <UnitTestResult executionId="c5ae6124-6a34-449a-8a5f-f042b37c908e" testId="2096f5a0-1903-5db2-2c40-833b3a14e68d" testName="ANoteWithANullContainerListIsInvalid" computerName="BLACKBEAUTY" duration="00:00:00.0005638" startTime="2012-08-28T22:48:10.5850548+01:00" endTime="2012-08-28T22:48:10.5920552+01:00" testType="13cdc9d9-ddb5-4fa4-a97d-d965ccfc6d4b" outcome="Passed" testListId="8c84fa94-04c1-424b-9868-57a2d4851a1d" relativeResultsDirectory="c5ae6124-6a34-449a-8a5f-f042b37c908e">
    </UnitTestResult>
    <UnitTestResult executionId="fc29bde7-c6a2-4010-99d3-1a600259491b" testId="23d50d4e-c7ad-15c6-58f2-b5a0b49d6762" testName="TaskListsRepositoryLoadCallsLoadFromTheUnitOfWork" computerName="BLACKBEAUTY" duration="00:00:00.0095485" startTime="2012-08-28T22:48:10.5940553+01:00" endTime="2012-08-28T22:48:10.6130564+01:00" testType="13cdc9d9-ddb5-4fa4-a97d-d965ccfc6d4b" outcome="Passed" testListId="8c84fa94-04c1-424b-9868-57a2d4851a1d" relativeResultsDirectory="fc29bde7-c6a2-4010-99d3-1a600259491b">
    </UnitTestResult>
    <UnitTestResult executionId="1536cae7-1d7b-4e87-9b25-3684cb010d8d" testId="243a3723-c759-1bdb-8565-43030030c8e3" testName="TaskListsRepositoryUpdateCallsUpdateFromTheUnitOfWork" computerName="BLACKBEAUTY" duration="00:00:00.0036635" startTime="2012-08-28T22:48:10.6160565+01:00" endTime="2012-08-28T22:48:10.6260571+01:00" testType="13cdc9d9-ddb5-4fa4-a97d-d965ccfc6d4b" outcome="Passed" testListId="8c84fa94-04c1-424b-9868-57a2d4851a1d" relativeResultsDirectory="1536cae7-1d7b-4e87-9b25-3684cb010d8d">
    </UnitTestResult>
    <UnitTestResult executionId="e715a00b-46cd-476f-b19a-a513b2afe664" testId="289b20e7-b260-bab8-9e9b-721680a9b151" testName="TaskListsRepositoryAddShareCallsCreateFromTheUnitOfWork" computerName="BLACKBEAUTY" duration="00:00:00.0038350" startTime="2012-08-28T22:48:10.6290573+01:00" endTime="2012-08-28T22:48:10.6400579+01:00" testType="13cdc9d9-ddb5-4fa4-a97d-d965ccfc6d4b" outcome="Passed" testListId="8c84fa94-04c1-424b-9868-57a2d4851a1d" relativeResultsDirectory="e715a00b-46cd-476f-b19a-a513b2afe664">
    </UnitTestResult>
    <UnitTestResult executionId="d6613ba7-4050-4e8e-8b69-b3787b4f5aa2" testId="2b244028-df83-e3b8-91b4-eb0f42ff37fe" testName="AUserWithAnEmptyNameIsInvalid" computerName="BLACKBEAUTY" duration="00:00:00.0003506" startTime="2012-08-28T22:48:10.6420580+01:00" endTime="2012-08-28T22:48:10.6490584+01:00" testType="13cdc9d9-ddb5-4fa4-a97d-d965ccfc6d4b" outcome="Passed" testListId="8c84fa94-04c1-424b-9868-57a2d4851a1d" relativeResultsDirectory="d6613ba7-4050-4e8e-8b69-b3787b4f5aa2">
    </UnitTestResult>
    <UnitTestResult executionId="a6b32138-f2f1-4464-bfdc-b1362e09c218" testId="2d4e2a1a-222a-051d-2148-b1b6eab73111" testName="NotesRepositoryDeleteCallsDeletesFromTheUnitOfWork" computerName="BLACKBEAUTY" duration="00:00:00.0232281" startTime="2012-08-28T22:48:10.6520586+01:00" endTime="2012-08-28T22:48:10.6810603+01:00" testType="13cdc9d9-ddb5-4fa4-a97d-d965ccfc6d4b" outcome="Passed" testListId="8c84fa94-04c1-424b-9868-57a2d4851a1d" relativeResultsDirectory="a6b32138-f2f1-4464-bfdc-b1362e09c218">
    </UnitTestResult>
    <UnitTestResult executionId="2ca95e6b-3840-4f07-9646-c9d1173ac1b4" testId="2ebf2434-3f8b-3932-cf00-13d37349040e" testName="UsersRepositoryGetByIdentifiersCallsLoadFromTheUnitOfWorkForAnExistingUser" computerName="BLACKBEAUTY" duration="00:00:00.0048834" startTime="2012-08-28T22:48:10.6840604+01:00" endTime="2012-08-28T22:48:10.6950611+01:00" testType="13cdc9d9-ddb5-4fa4-a97d-d965ccfc6d4b" outcome="Passed" testListId="8c84fa94-04c1-424b-9868-57a2d4851a1d" relativeResultsDirectory="2ca95e6b-3840-4f07-9646-c9d1173ac1b4">
    </UnitTestResult>
    <UnitTestResult executionId="878e64ba-5288-4b91-b308-60b20f4ae758" testId="2f5b7326-d298-9d47-b2ba-6360bcb253cc" testName="UsersServiceMethodCreateShouldCreateAUser" computerName="BLACKBEAUTY" duration="00:00:00.0009145" startTime="2012-08-28T22:48:10.6980612+01:00" endTime="2012-08-28T22:48:10.7050616+01:00" testType="13cdc9d9-ddb5-4fa4-a97d-d965ccfc6d4b" outcome="Passed" testListId="8c84fa94-04c1-424b-9868-57a2d4851a1d" relativeResultsDirectory="878e64ba-5288-4b91-b308-60b20f4ae758">
    </UnitTestResult>
    <UnitTestResult executionId="85e74f78-a167-4881-aa62-849fb2c66f6f" testId="317d83c6-7888-b2e3-18a3-1679d93597b9" testName="TaskListsServiceMethodUpdateShouldUpdateATaskList" computerName="BLACKBEAUTY" duration="00:00:00.0023664" startTime="2012-08-28T22:48:10.7080618+01:00" endTime="2012-08-28T22:48:10.7160623+01:00" testType="13cdc9d9-ddb5-4fa4-a97d-d965ccfc6d4b" outcome="Passed" testListId="8c84fa94-04c1-424b-9868-57a2d4851a1d" relativeResultsDirectory="85e74f78-a167-4881-aa62-849fb2c66f6f">
    </UnitTestResult>
    <UnitTestResult executionId="b5f11685-f01e-482f-97ad-fefdae937fb1" testId="31c722d8-5747-84ab-dbe0-e3286ae27d8d" testName="UsersRepositoryLoadCallsLoadFromTheUnitOfWork" computerName="BLACKBEAUTY" duration="00:00:00.0048216" startTime="2012-08-28T22:48:10.7270629+01:00" endTime="2012-08-28T22:48:10.7430638+01:00" testType="13cdc9d9-ddb5-4fa4-a97d-d965ccfc6d4b" outcome="Passed" testListId="8c84fa94-04c1-424b-9868-57a2d4851a1d" relativeResultsDirectory="b5f11685-f01e-482f-97ad-fefdae937fb1">
    </UnitTestResult>
    <UnitTestResult executionId="d8041b6d-830d-4cff-8071-8b0ac949c079" testId="34307c16-295e-e803-42c0-fc1c9dc9e42e" testName="UsersRepositoryLoadTaskListAssociatedUsersCallsLoadAndGetFromTheUnitOfWork" computerName="BLACKBEAUTY" duration="00:00:00.0112819" startTime="2012-08-28T22:48:10.7470640+01:00" endTime="2012-08-28T22:48:10.7650651+01:00" testType="13cdc9d9-ddb5-4fa4-a97d-d965ccfc6d4b" outcome="Passed" testListId="8c84fa94-04c1-424b-9868-57a2d4851a1d" relativeResultsDirectory="d8041b6d-830d-4cff-8071-8b0ac949c079">
    </UnitTestResult>
    <UnitTestResult executionId="f8af90bb-436e-4e5a-90dc-77cdbac8e1e3" testId="3b15e204-c4d0-7b16-61a4-7570b81b33a7" testName="NotesServiceMethodNoteWithTitleExistsShouldReturnFalseForNonExistingTitle" computerName="BLACKBEAUTY" duration="00:00:00.0030305" startTime="2012-08-28T22:48:10.7680652+01:00" endTime="2012-08-28T22:48:10.7770657+01:00" testType="13cdc9d9-ddb5-4fa4-a97d-d965ccfc6d4b" outcome="Passed" testListId="8c84fa94-04c1-424b-9868-57a2d4851a1d" relativeResultsDirectory="f8af90bb-436e-4e5a-90dc-77cdbac8e1e3">
    </UnitTestResult>
    <UnitTestResult executionId="1e51a8d3-1c3a-40ce-924c-f46562b74bb5" testId="3ccecaf6-b51d-cbc4-debf-7489f5a6a3e4" testName="NotesServiceMethodCopyNoteShouldCopyANote" computerName="BLACKBEAUTY" duration="00:00:00.0098338" startTime="2012-08-28T22:48:10.7800659+01:00" endTime="2012-08-28T22:48:10.7960668+01:00" testType="13cdc9d9-ddb5-4fa4-a97d-d965ccfc6d4b" outcome="Passed" testListId="8c84fa94-04c1-424b-9868-57a2d4851a1d" relativeResultsDirectory="1e51a8d3-1c3a-40ce-924c-f46562b74bb5">
    </UnitTestResult>
    <UnitTestResult executionId="2ae90741-c7e4-442c-9b1a-b722161378bd" testId="4b614527-e28c-581c-d382-32a4d4aafc06" testName="NotesRepositoryNoteWithTitleExistsCallsGetFromTheUnitOfWork" computerName="BLACKBEAUTY" duration="00:00:00.0064889" startTime="2012-08-28T22:48:10.7990670+01:00" endTime="2012-08-28T22:48:10.8110677+01:00" testType="13cdc9d9-ddb5-4fa4-a97d-d965ccfc6d4b" outcome="Passed" testListId="8c84fa94-04c1-424b-9868-57a2d4851a1d" relativeResultsDirectory="2ae90741-c7e4-442c-9b1a-b722161378bd">
    </UnitTestResult>
    <UnitTestResult executionId="c5b2fc8a-a62d-4391-9c7c-b7da529187ae" testId="51d63b6c-e217-1034-9362-a2f6bc6d8cdb" testName="NotesServiceMethodDeleteShouldDeleteANote" computerName="BLACKBEAUTY" duration="00:00:00.0053727" startTime="2012-08-28T22:48:10.8160680+01:00" endTime="2012-08-28T22:48:10.8270686+01:00" testType="13cdc9d9-ddb5-4fa4-a97d-d965ccfc6d4b" outcome="Passed" testListId="8c84fa94-04c1-424b-9868-57a2d4851a1d" relativeResultsDirectory="c5b2fc8a-a62d-4391-9c7c-b7da529187ae">
    </UnitTestResult>
    <UnitTestResult executionId="f8c9ac61-cdba-43e0-abe9-fd8bb7d27623" testId="53bf3163-df0e-9e62-fb0d-6671ad5acf2e" testName="NotesRepositoryGetCallsGetFromTheUnitOfWorkAndReturnsAnExistingNote" computerName="BLACKBEAUTY" duration="00:00:00.0063720" startTime="2012-08-28T22:48:10.8320689+01:00" endTime="2012-08-28T22:48:10.8440696+01:00" testType="13cdc9d9-ddb5-4fa4-a97d-d965ccfc6d4b" outcome="Passed" testListId="8c84fa94-04c1-424b-9868-57a2d4851a1d" relativeResultsDirectory="f8c9ac61-cdba-43e0-abe9-fd8bb7d27623">
    </UnitTestResult>
    <UnitTestResult executionId="5b0d68eb-4980-4715-aea6-2393d9a23d39" testId="54e67131-47df-e2cb-c7bc-1b2b43b86483" testName="UsersRepositoryUserIsRegisteredCallsLoadFromTheUnitOfWorkForAnExistingUser" computerName="BLACKBEAUTY" duration="00:00:00.0030668" startTime="2012-08-28T22:48:10.8470697+01:00" endTime="2012-08-28T22:48:10.8560703+01:00" testType="13cdc9d9-ddb5-4fa4-a97d-d965ccfc6d4b" outcome="Passed" testListId="8c84fa94-04c1-424b-9868-57a2d4851a1d" relativeResultsDirectory="5b0d68eb-4980-4715-aea6-2393d9a23d39">
    </UnitTestResult>
    <UnitTestResult executionId="6756e28c-98af-4c5b-9b8a-3c238b5a27df" testId="56cb2ba6-bd19-5c25-a99a-9bed17136d50" testName="UsersRepositoryParseIdentityProviderParsesYahooCorrectly" computerName="BLACKBEAUTY" duration="00:00:00.0002870" startTime="2012-08-28T22:48:10.8590704+01:00" endTime="2012-08-28T22:48:10.8680709+01:00" testType="13cdc9d9-ddb5-4fa4-a97d-d965ccfc6d4b" outcome="Passed" testListId="8c84fa94-04c1-424b-9868-57a2d4851a1d" relativeResultsDirectory="6756e28c-98af-4c5b-9b8a-3c238b5a27df">
    </UnitTestResult>
    <UnitTestResult executionId="c83990cd-ce71-4ada-ba3e-ab61bdd06810" testId="5786b163-ef5c-e0c4-11da-ed5c7ebd591c" testName="NotesServiceMethodUpdateShouldUpdateANote" computerName="BLACKBEAUTY" duration="00:00:00.0018473" startTime="2012-08-28T22:48:10.8710711+01:00" endTime="2012-08-28T22:48:10.8800716+01:00" testType="13cdc9d9-ddb5-4fa4-a97d-d965ccfc6d4b" outcome="Passed" testListId="8c84fa94-04c1-424b-9868-57a2d4851a1d" relativeResultsDirectory="c83990cd-ce71-4ada-ba3e-ab61bdd06810">
    </UnitTestResult>
    <UnitTestResult executionId="0283efe5-5847-4516-b06e-a04f887dbee5" testId="5d59f492-e6d2-4a32-8cb5-8bac5548a5fd" testName="NotesRepositoryGetWihtFilterCallsGetFromTheUnitOfWorkAndReturnsAnExistingNote" computerName="BLACKBEAUTY" duration="00:00:00.0035202" startTime="2012-08-28T22:48:10.8840719+01:00" endTime="2012-08-28T22:48:10.8940724+01:00" testType="13cdc9d9-ddb5-4fa4-a97d-d965ccfc6d4b" outcome="Passed" testListId="8c84fa94-04c1-424b-9868-57a2d4851a1d" relativeResultsDirectory="0283efe5-5847-4516-b06e-a04f887dbee5">
    </UnitTestResult>
    <UnitTestResult executionId="67a84fd5-a8e7-4857-8f27-1e990fa62cdf" testId="5fe42e9d-f3d6-6b59-1cde-9ee6b0948802" testName="TaskListsServiceMethodGetShouldReturnNullForANonExistingTaskList" computerName="BLACKBEAUTY" duration="00:00:00.0008663" startTime="2012-08-28T22:48:10.8990727+01:00" endTime="2012-08-28T22:48:10.9060731+01:00" testType="13cdc9d9-ddb5-4fa4-a97d-d965ccfc6d4b" outcome="Passed" testListId="8c84fa94-04c1-424b-9868-57a2d4851a1d" relativeResultsDirectory="67a84fd5-a8e7-4857-8f27-1e990fa62cdf">
    </UnitTestResult>
    <UnitTestResult executionId="e17d5104-45f8-4ced-a10f-8ad536c45368" testId="63b79998-d09c-e8f8-a40f-f31aca5bbc08" testName="UsersServiceMethodLoadTaskListOwnerShouldLoadOwner" computerName="BLACKBEAUTY" duration="00:00:00.0017718" startTime="2012-08-28T22:48:10.9090733+01:00" endTime="2012-08-28T22:48:10.9170738+01:00" testType="13cdc9d9-ddb5-4fa4-a97d-d965ccfc6d4b" outcome="Passed" testListId="8c84fa94-04c1-424b-9868-57a2d4851a1d" relativeResultsDirectory="e17d5104-45f8-4ced-a10f-8ad536c45368">
    </UnitTestResult>
    <UnitTestResult executionId="9dfdb22f-3abc-4ecd-ab49-db11f1ad1fbf" testId="6679c1f6-317f-e773-41df-3508a75dea4b" testName="TaskListsServiceMethodRemoveShareShouldARemoveAUserFromTheTaskListShares" computerName="BLACKBEAUTY" duration="00:00:00.0013623" startTime="2012-08-28T22:48:10.9200739+01:00" endTime="2012-08-28T22:48:10.9270743+01:00" testType="13cdc9d9-ddb5-4fa4-a97d-d965ccfc6d4b" outcome="Passed" testListId="8c84fa94-04c1-424b-9868-57a2d4851a1d" relativeResultsDirectory="9dfdb22f-3abc-4ecd-ab49-db11f1ad1fbf">
    </UnitTestResult>
    <UnitTestResult executionId="0b57d694-c6b1-4e0b-ae97-d3ffaa2aa09f" testId="68515e07-492a-8340-8ae8-e1f724f6552a" testName="TaskListsRepositoryCreateCallsCreatesFromTheUnitOfWork" computerName="BLACKBEAUTY" duration="00:00:00.0042790" startTime="2012-08-28T22:48:10.9310746+01:00" endTime="2012-08-28T22:48:10.9410751+01:00" testType="13cdc9d9-ddb5-4fa4-a97d-d965ccfc6d4b" outcome="Passed" testListId="8c84fa94-04c1-424b-9868-57a2d4851a1d" relativeResultsDirectory="0b57d694-c6b1-4e0b-ae97-d3ffaa2aa09f">
    </UnitTestResult>
    <UnitTestResult executionId="728adda9-d4ee-4686-b172-2a64f17f2545" testId="68595d26-57a1-321d-c72e-7ab1ba9f7821" testName="AUserWithAnInvalidEmailIsInvalid" computerName="BLACKBEAUTY" duration="00:00:00.0184414" startTime="2012-08-28T22:48:10.9430752+01:00" endTime="2012-08-28T22:48:10.9760771+01:00" testType="13cdc9d9-ddb5-4fa4-a97d-d965ccfc6d4b" outcome="Passed" testListId="8c84fa94-04c1-424b-9868-57a2d4851a1d" relativeResultsDirectory="728adda9-d4ee-4686-b172-2a64f17f2545">
    </UnitTestResult>
    <UnitTestResult executionId="e283973a-7bc3-4bd2-a91a-72a67829a309" testId="6eb006b0-f141-29b2-0ec3-c52e70221b01" testName="TaskListsRepositoryHasPermisionToEditCallsGetFromTheUnitOfWork" computerName="BLACKBEAUTY" duration="00:00:00.0069167" startTime="2012-08-28T22:48:10.9790773+01:00" endTime="2012-08-28T22:48:10.9960783+01:00" testType="13cdc9d9-ddb5-4fa4-a97d-d965ccfc6d4b" outcome="Passed" testListId="8c84fa94-04c1-424b-9868-57a2d4851a1d" relativeResultsDirectory="e283973a-7bc3-4bd2-a91a-72a67829a309">
    </UnitTestResult>
    <UnitTestResult executionId="85725616-be67-401e-93a9-f22b54bd0491" testId="6f08de37-a78e-29cc-f154-9197a3a712f9" testName="UsersServiceMethodGetShouldReturnNullForANonExistingUser" computerName="BLACKBEAUTY" duration="00:00:00.0004346" startTime="2012-08-28T22:48:11.0010786+01:00" endTime="2012-08-28T22:48:11.0070789+01:00" testType="13cdc9d9-ddb5-4fa4-a97d-d965ccfc6d4b" outcome="Passed" testListId="8c84fa94-04c1-424b-9868-57a2d4851a1d" relativeResultsDirectory="85725616-be67-401e-93a9-f22b54bd0491">
    </UnitTestResult>
    <UnitTestResult executionId="eaabedaa-f54b-40fb-bd83-72aea191b6d7" testId="710056e6-b337-9739-6344-1fd443c7a2b3" testName="AUserWithAnNameThatHasTheCharacterHypenIsInvalid" computerName="BLACKBEAUTY" duration="00:00:00.0005378" startTime="2012-08-28T22:48:11.0090790+01:00" endTime="2012-08-28T22:48:11.0150794+01:00" testType="13cdc9d9-ddb5-4fa4-a97d-d965ccfc6d4b" outcome="Passed" testListId="8c84fa94-04c1-424b-9868-57a2d4851a1d" relativeResultsDirectory="eaabedaa-f54b-40fb-bd83-72aea191b6d7">
    </UnitTestResult>
    <UnitTestResult executionId="976f94d1-252f-4e0e-a467-abd821a286e2" testId="71f98d0e-df98-5602-5fd6-919d9101bb93" testName="ATaskListWithAllPropertiesValidIsValid" computerName="BLACKBEAUTY" duration="00:00:00.0005050" startTime="2012-08-28T22:48:11.0180795+01:00" endTime="2012-08-28T22:48:11.0250799+01:00" testType="13cdc9d9-ddb5-4fa4-a97d-d965ccfc6d4b" outcome="Passed" testListId="8c84fa94-04c1-424b-9868-57a2d4851a1d" relativeResultsDirectory="976f94d1-252f-4e0e-a467-abd821a286e2">
    </UnitTestResult>
    <UnitTestResult executionId="e9b336e1-4a72-411d-9714-be44392bea45" testId="74ad4924-ca1f-7fc8-3dda-97c8ce4dc14e" testName="UsersServiceMethodIsRegisteredReturnsTrueForAnExistingUser" computerName="BLACKBEAUTY" duration="00:00:00.0024457" startTime="2012-08-28T22:48:11.0280801+01:00" endTime="2012-08-28T22:48:11.0360806+01:00" testType="13cdc9d9-ddb5-4fa4-a97d-d965ccfc6d4b" outcome="Passed" testListId="8c84fa94-04c1-424b-9868-57a2d4851a1d" relativeResultsDirectory="e9b336e1-4a72-411d-9714-be44392bea45">
    </UnitTestResult>
    <UnitTestResult executionId="8e6ce2d1-7204-4868-9611-b55854af927a" testId="7a009e26-62e5-1f69-5cdb-854dc672f6ae" testName="ANoteWithContentLongerThan50CharactersIsInvalid" computerName="BLACKBEAUTY" duration="00:00:00.0004862" startTime="2012-08-28T22:48:11.0390807+01:00" endTime="2012-08-28T22:48:11.0450811+01:00" testType="13cdc9d9-ddb5-4fa4-a97d-d965ccfc6d4b" outcome="Passed" testListId="8c84fa94-04c1-424b-9868-57a2d4851a1d" relativeResultsDirectory="8e6ce2d1-7204-4868-9611-b55854af927a">
    </UnitTestResult>
    <UnitTestResult executionId="2c1cfca6-b564-4f00-9e11-4ac9a6b11862" testId="7a76042e-b11e-169d-7b16-2fadf1332acd" testName="TaskListRepositoryLoadContainerCallsGetsFromTheUnitOfWork" computerName="BLACKBEAUTY" duration="00:00:00.0080560" startTime="2012-08-28T22:48:11.0480812+01:00" endTime="2012-08-28T22:48:11.0620820+01:00" testType="13cdc9d9-ddb5-4fa4-a97d-d965ccfc6d4b" outcome="Passed" testListId="8c84fa94-04c1-424b-9868-57a2d4851a1d" relativeResultsDirectory="2c1cfca6-b564-4f00-9e11-4ac9a6b11862">
    </UnitTestResult>
    <UnitTestResult executionId="dcd66af4-7789-46d2-ab67-5d58845de473" testId="7ae1ddc5-c3b0-7641-cb10-f72206ce0466" testName="NotesServiceMethodHasPermissionToEditShouldReturnFalseForAUserNotInTheShare" computerName="BLACKBEAUTY" duration="00:00:00.0007315" startTime="2012-08-28T22:48:11.0660823+01:00" endTime="2012-08-28T22:48:11.0720826+01:00" testType="13cdc9d9-ddb5-4fa4-a97d-d965ccfc6d4b" outcome="Passed" testListId="8c84fa94-04c1-424b-9868-57a2d4851a1d" relativeResultsDirectory="dcd66af4-7789-46d2-ab67-5d58845de473">
    </UnitTestResult>
    <UnitTestResult executionId="576fcf65-2047-4913-adb9-e454faa8e111" testId="7b5bfd82-0a0d-ae47-9f48-64f6309b6fc1" testName="UsersServiceMethodGetByIdentifiersShouldReturnAUser" computerName="BLACKBEAUTY" duration="00:00:00.0011742" startTime="2012-08-28T22:48:11.0750828+01:00" endTime="2012-08-28T22:48:11.0810831+01:00" testType="13cdc9d9-ddb5-4fa4-a97d-d965ccfc6d4b" outcome="Passed" testListId="8c84fa94-04c1-424b-9868-57a2d4851a1d" relativeResultsDirectory="576fcf65-2047-4913-adb9-e454faa8e111">
    </UnitTestResult>
    <UnitTestResult executionId="cbe8d19e-7881-4b9d-b5c2-eb0c2060cf33" testId="7b65c322-82a6-21f6-1c5a-05f328fac3be" testName="UsersServiceMethodGetUserAuthenticationInfoShouldReturnTheAuthenticationInfoWithoutNameAndEmail" computerName="BLACKBEAUTY" duration="00:00:00.0005506" startTime="2012-08-28T22:48:11.0860834+01:00" endTime="2012-08-28T22:48:11.0920838+01:00" testType="13cdc9d9-ddb5-4fa4-a97d-d965ccfc6d4b" outcome="Passed" testListId="8c84fa94-04c1-424b-9868-57a2d4851a1d" relativeResultsDirectory="cbe8d19e-7881-4b9d-b5c2-eb0c2060cf33">
    </UnitTestResult>
    <UnitTestResult executionId="37c5e362-438c-4a6f-be62-37ae1a69cbc7" testId="7c9b51a9-eac2-5f6f-a165-f92934b19311" testName="UsersServiceMethodGetByFilterShouldReturnAUser" computerName="BLACKBEAUTY" duration="00:00:00.0089944" startTime="2012-08-28T22:48:11.0950839+01:00" endTime="2012-08-28T22:48:11.1100848+01:00" testType="13cdc9d9-ddb5-4fa4-a97d-d965ccfc6d4b" outcome="Passed" testListId="8c84fa94-04c1-424b-9868-57a2d4851a1d" relativeResultsDirectory="37c5e362-438c-4a6f-be62-37ae1a69cbc7">
    </UnitTestResult>
    <UnitTestResult executionId="16dece56-5a12-4c6e-942b-a8c99d025915" testId="7d09f543-4324-80a8-54ae-156dcda31038" testName="AUserWithAValidEmailIsValid" computerName="BLACKBEAUTY" duration="00:00:00.0021079" startTime="2012-08-28T22:48:11.1130850+01:00" endTime="2012-08-28T22:48:11.1200854+01:00" testType="13cdc9d9-ddb5-4fa4-a97d-d965ccfc6d4b" outcome="Passed" testListId="8c84fa94-04c1-424b-9868-57a2d4851a1d" relativeResultsDirectory="16dece56-5a12-4c6e-942b-a8c99d025915">
    </UnitTestResult>
    <UnitTestResult executionId="9b8182db-9b43-4b2c-9259-9e288adb364d" testId="7d1001da-6055-18e2-1484-260115b93ccf" testName="TaskListsServiceMethodLoadShouldReturnAllTaskLists" computerName="BLACKBEAUTY" duration="00:00:00.0021122" startTime="2012-08-28T22:48:11.1230855+01:00" endTime="2012-08-28T22:48:11.1300859+01:00" testType="13cdc9d9-ddb5-4fa4-a97d-d965ccfc6d4b" outcome="Passed" testListId="8c84fa94-04c1-424b-9868-57a2d4851a1d" relativeResultsDirectory="9b8182db-9b43-4b2c-9259-9e288adb364d">
    </UnitTestResult>
    <UnitTestResult executionId="297d73f7-66fa-476c-b621-a09c8cc70a50" testId="7d6998de-08bc-b5a5-f97c-68e4a87d69dc" testName="NotesRepositoryAddShareCallsCreateFromTheUnitOfWork" computerName="BLACKBEAUTY" duration="00:00:00.0023020" startTime="2012-08-28T22:48:11.1340862+01:00" endTime="2012-08-28T22:48:11.1420866+01:00" testType="13cdc9d9-ddb5-4fa4-a97d-d965ccfc6d4b" outcome="Passed" testListId="8c84fa94-04c1-424b-9868-57a2d4851a1d" relativeResultsDirectory="297d73f7-66fa-476c-b621-a09c8cc70a50">
    </UnitTestResult>
    <UnitTestResult executionId="73802209-a9fb-4d9a-b75a-e9f1c58e2c8a" testId="806d5e37-6070-b15c-e509-59745df24b26" testName="TaskListsServiceMethodGetByFilterShouldReturnATaskList" computerName="BLACKBEAUTY" duration="00:00:00.0047273" startTime="2012-08-28T22:48:11.1450868+01:00" endTime="2012-08-28T22:48:11.1570875+01:00" testType="13cdc9d9-ddb5-4fa4-a97d-d965ccfc6d4b" outcome="Passed" testListId="8c84fa94-04c1-424b-9868-57a2d4851a1d" relativeResultsDirectory="73802209-a9fb-4d9a-b75a-e9f1c58e2c8a">
    </UnitTestResult>
    <UnitTestResult executionId="5350bf0a-4f63-4c6a-bbd8-8a6abf2b79b9" testId="83144cc2-eba3-40b7-3a94-8375dcee99f1" testName="UsersRepositoryParseIdentityProviderParsesWindowsLiveIDCorrectly" computerName="BLACKBEAUTY" duration="00:00:00.0003113" startTime="2012-08-28T22:48:11.1590876+01:00" endTime="2012-08-28T22:48:11.1650879+01:00" testType="13cdc9d9-ddb5-4fa4-a97d-d965ccfc6d4b" outcome="Passed" testListId="8c84fa94-04c1-424b-9868-57a2d4851a1d" relativeResultsDirectory="5350bf0a-4f63-4c6a-bbd8-8a6abf2b79b9">
    </UnitTestResult>
    <UnitTestResult executionId="9aaba4e1-71c2-4e6e-b578-ac67fe46b9e2" testId="846215b7-3a17-549a-a8bb-e3c8573dbdf6" testName="TaskListsRepositoryDeleteCallsDeleteFromTheUnitOfWork" computerName="BLACKBEAUTY" duration="00:00:00.0117665" startTime="2012-08-28T22:48:11.1680881+01:00" endTime="2012-08-28T22:48:11.1900894+01:00" testType="13cdc9d9-ddb5-4fa4-a97d-d965ccfc6d4b" outcome="Passed" testListId="8c84fa94-04c1-424b-9868-57a2d4851a1d" relativeResultsDirectory="9aaba4e1-71c2-4e6e-b578-ac67fe46b9e2">
    </UnitTestResult>
    <UnitTestResult executionId="e821909e-1945-4eb0-b348-71959fdbe4b7" testId="852657b0-510e-88d6-c043-399bc17187ed" testName="ANoteWithAnEmptyContentIsInvalid" computerName="BLACKBEAUTY" duration="00:00:00.0005997" startTime="2012-08-28T22:48:11.1930895+01:00" endTime="2012-08-28T22:48:11.2000899+01:00" testType="13cdc9d9-ddb5-4fa4-a97d-d965ccfc6d4b" outcome="Passed" testListId="8c84fa94-04c1-424b-9868-57a2d4851a1d" relativeResultsDirectory="e821909e-1945-4eb0-b348-71959fdbe4b7">
    </UnitTestResult>
    <UnitTestResult executionId="e63b52c4-c5e1-4de3-a89e-3102e4441c0a" testId="8d3bfe9f-40a5-6515-7c0c-d1c6b7990ea3" testName="TaskListsRepositoryGetCallsGetFromTheUnitOfWorkAndReturnsNullForANonExistingTaskList" computerName="BLACKBEAUTY" duration="00:00:00.0013329" startTime="2012-08-28T22:48:11.2030901+01:00" endTime="2012-08-28T22:48:11.2100905+01:00" testType="13cdc9d9-ddb5-4fa4-a97d-d965ccfc6d4b" outcome="Passed" testListId="8c84fa94-04c1-424b-9868-57a2d4851a1d" relativeResultsDirectory="e63b52c4-c5e1-4de3-a89e-3102e4441c0a">
    </UnitTestResult>
    <UnitTestResult executionId="b16bf2a3-931a-4ac3-ade4-04a3f95e3c53" testId="8e102b5d-e958-b297-bb65-7f1f98f7fdce" testName="UsersRepositoryCreateCallsCreateFromTheUnitOfWork" computerName="BLACKBEAUTY" duration="00:00:00.0034805" startTime="2012-08-28T22:48:11.2120906+01:00" endTime="2012-08-28T22:48:11.2210911+01:00" testType="13cdc9d9-ddb5-4fa4-a97d-d965ccfc6d4b" outcome="Passed" testListId="8c84fa94-04c1-424b-9868-57a2d4851a1d" relativeResultsDirectory="b16bf2a3-931a-4ac3-ade4-04a3f95e3c53">
    </UnitTestResult>
    <UnitTestResult executionId="51ef81cb-ee38-482d-8b48-5d50d5a72303" testId="8f90efd1-0a3e-6847-1469-eec0d3368773" testName="UsersRepositoryGetCallsGetFromTheUnitOfWorkAndReturnsNullForANonExistingUser" computerName="BLACKBEAUTY" duration="00:00:00.0011866" startTime="2012-08-28T22:48:11.2240913+01:00" endTime="2012-08-28T22:48:11.2340919+01:00" testType="13cdc9d9-ddb5-4fa4-a97d-d965ccfc6d4b" outcome="Passed" testListId="8c84fa94-04c1-424b-9868-57a2d4851a1d" relativeResultsDirectory="51ef81cb-ee38-482d-8b48-5d50d5a72303">
    </UnitTestResult>
    <UnitTestResult executionId="693bf776-03b3-41a6-8fe1-824de7340e72" testId="94962bdc-e505-45ca-f439-ea92c0480935" testName="TaskListsServiceMethodHasPermissionToEditShouldReturnTrueForAUserInTheShare" computerName="BLACKBEAUTY" duration="00:00:00.0016600" startTime="2012-08-28T22:48:11.2370921+01:00" endTime="2012-08-28T22:48:11.2440925+01:00" testType="13cdc9d9-ddb5-4fa4-a97d-d965ccfc6d4b" outcome="Passed" testListId="8c84fa94-04c1-424b-9868-57a2d4851a1d" relativeResultsDirectory="693bf776-03b3-41a6-8fe1-824de7340e72">
    </UnitTestResult>
    <UnitTestResult executionId="c51551d4-596b-4712-b214-bfbd437235aa" testId="966d9ca3-96a8-e299-9eae-7de085d51e46" testName="NotesServiceMethodGetShouldReturnNullForANonExistingNote" computerName="BLACKBEAUTY" duration="00:00:00.0006995" startTime="2012-08-28T22:48:11.2480927+01:00" endTime="2012-08-28T22:48:11.2550931+01:00" testType="13cdc9d9-ddb5-4fa4-a97d-d965ccfc6d4b" outcome="Passed" testListId="8c84fa94-04c1-424b-9868-57a2d4851a1d" relativeResultsDirectory="c51551d4-596b-4712-b214-bfbd437235aa">
    </UnitTestResult>
    <UnitTestResult executionId="7d30edee-691e-4bbc-bc93-f87e86aa633c" testId="9863ea66-4389-d916-e2df-c69ea144bb25" testName="UsersRepositoryGetCallsWithFilterGetFromTheUnitOfWorkAndReturnsAExistingTaskList" computerName="BLACKBEAUTY" duration="00:00:00.0061140" startTime="2012-08-28T22:48:11.2580933+01:00" endTime="2012-08-28T22:48:11.2700939+01:00" testType="13cdc9d9-ddb5-4fa4-a97d-d965ccfc6d4b" outcome="Passed" testListId="8c84fa94-04c1-424b-9868-57a2d4851a1d" relativeResultsDirectory="7d30edee-691e-4bbc-bc93-f87e86aa633c">
    </UnitTestResult>
    <UnitTestResult executionId="4fef58ad-6a44-4406-be60-f1ecfbf1febc" testId="9ca52fa0-c559-7623-fd35-fc2380d7afd8" testName="TaskListsRepositoryGetSharedCallsLoadFromTheUnitOfWork" computerName="BLACKBEAUTY" duration="00:00:00.0096415" startTime="2012-08-28T22:48:11.2730941+01:00" endTime="2012-08-28T22:48:11.2870949+01:00" testType="13cdc9d9-ddb5-4fa4-a97d-d965ccfc6d4b" outcome="Passed" testListId="8c84fa94-04c1-424b-9868-57a2d4851a1d" relativeResultsDirectory="4fef58ad-6a44-4406-be60-f1ecfbf1febc">
    </UnitTestResult>
    <UnitTestResult executionId="0608afb7-d644-4d3d-ab36-452d915e1885" testId="9d2851ab-0a27-838f-9557-7fe4eb9929c3" testName="TaskListsServiceMethodDeleteShouldDeleteATaskList" computerName="BLACKBEAUTY" duration="00:00:00.0029397" startTime="2012-08-28T22:48:11.2900951+01:00" endTime="2012-08-28T22:48:11.3000957+01:00" testType="13cdc9d9-ddb5-4fa4-a97d-d965ccfc6d4b" outcome="Passed" testListId="8c84fa94-04c1-424b-9868-57a2d4851a1d" relativeResultsDirectory="0608afb7-d644-4d3d-ab36-452d915e1885">
    </UnitTestResult>
    <UnitTestResult executionId="c0d435c3-f10a-4dd4-88fd-66e108cbc86c" testId="a09a3efe-5018-8ea3-5334-81bff13818e9" testName="TaskListsServiceMethodAddShareShouldAddAUserToATaskListShares" computerName="BLACKBEAUTY" duration="00:00:00.0009000" startTime="2012-08-28T22:48:11.3030958+01:00" endTime="2012-08-28T22:48:11.3090962+01:00" testType="13cdc9d9-ddb5-4fa4-a97d-d965ccfc6d4b" outcome="Passed" testListId="8c84fa94-04c1-424b-9868-57a2d4851a1d" relativeResultsDirectory="c0d435c3-f10a-4dd4-88fd-66e108cbc86c">
    </UnitTestResult>
    <UnitTestResult executionId="1db547ea-b93d-453e-aae7-0cd801a35775" testId="a31f17ab-e933-91d3-0be7-69abe24ee67e" testName="NotesServiceMethodLoadNotesShouldLoadAllNotes" computerName="BLACKBEAUTY" duration="00:00:00.0010266" startTime="2012-08-28T22:48:11.3110963+01:00" endTime="2012-08-28T22:48:11.3180967+01:00" testType="13cdc9d9-ddb5-4fa4-a97d-d965ccfc6d4b" outcome="Passed" testListId="8c84fa94-04c1-424b-9868-57a2d4851a1d" relativeResultsDirectory="1db547ea-b93d-453e-aae7-0cd801a35775">
    </UnitTestResult>
    <UnitTestResult executionId="3f8f880b-6b61-4956-9879-0338672b4905" testId="a32946f4-9589-613f-fb54-5c9eee9a4876" testName="TaskListsServiceMethodGetShouldReturnATaskList" computerName="BLACKBEAUTY" duration="00:00:00.0004687" startTime="2012-08-28T22:48:11.3200968+01:00" endTime="2012-08-28T22:48:11.3260971+01:00" testType="13cdc9d9-ddb5-4fa4-a97d-d965ccfc6d4b" outcome="Passed" testListId="8c84fa94-04c1-424b-9868-57a2d4851a1d" relativeResultsDirectory="3f8f880b-6b61-4956-9879-0338672b4905">
    </UnitTestResult>
    <UnitTestResult executionId="b1dc651a-851c-4775-9afd-6b0a89eb296d" testId="a49419de-351d-ddee-3740-c07af74b36d5" testName="NotesRepositoryGetCallsGetFromTheUnitOfWorkAndReturnsNullForANonExistingNote" computerName="BLACKBEAUTY" duration="00:00:00.0017880" startTime="2012-08-28T22:48:11.3290973+01:00" endTime="2012-08-28T22:48:11.3370978+01:00" testType="13cdc9d9-ddb5-4fa4-a97d-d965ccfc6d4b" outcome="Passed" testListId="8c84fa94-04c1-424b-9868-57a2d4851a1d" relativeResultsDirectory="b1dc651a-851c-4775-9afd-6b0a89eb296d">
    </UnitTestResult>
    <UnitTestResult executionId="a8f7e01b-b4b5-4cb0-b2e8-d3f572958198" testId="a52de280-ccb3-2f52-6566-1bbc9bfb4624" testName="NotesServiceMethodGetShouldReturnANote" computerName="BLACKBEAUTY" duration="00:00:00.0006248" startTime="2012-08-28T22:48:11.3390979+01:00" endTime="2012-08-28T22:48:11.3450982+01:00" testType="13cdc9d9-ddb5-4fa4-a97d-d965ccfc6d4b" outcome="Passed" testListId="8c84fa94-04c1-424b-9868-57a2d4851a1d" relativeResultsDirectory="a8f7e01b-b4b5-4cb0-b2e8-d3f572958198">
    </UnitTestResult>
    <UnitTestResult executionId="e8a1f11e-63e4-4675-91d4-3ca2e5a83eb4" testId="a6c1fa83-a867-97da-f19d-bbb05c37bcee" testName="UsersRepositoryGetByIdentifiersCallsLoadFromTheUnitOfWorkForNonExistingUser" computerName="BLACKBEAUTY" duration="00:00:00.0032139" startTime="2012-08-28T22:48:11.3480984+01:00" endTime="2012-08-28T22:48:11.3570989+01:00" testType="13cdc9d9-ddb5-4fa4-a97d-d965ccfc6d4b" outcome="Passed" testListId="8c84fa94-04c1-424b-9868-57a2d4851a1d" relativeResultsDirectory="e8a1f11e-63e4-4675-91d4-3ca2e5a83eb4">
    </UnitTestResult>
    <UnitTestResult executionId="10afa8ed-64e7-428f-835b-55958f6a878e" testId="a7085ee0-9711-d8df-ad65-023ec44b9759" testName="UsersServiceMethodGFillUserAuthenticationInfoShouldFillTheAuthenticationInfo" computerName="BLACKBEAUTY" duration="00:00:00.0020192" startTime="2012-08-28T22:48:11.3590990+01:00" endTime="2012-08-28T22:48:11.3740999+01:00" testType="13cdc9d9-ddb5-4fa4-a97d-d965ccfc6d4b" outcome="Passed" testListId="8c84fa94-04c1-424b-9868-57a2d4851a1d" relativeResultsDirectory="10afa8ed-64e7-428f-835b-55958f6a878e">
    </UnitTestResult>
    <UnitTestResult executionId="41237ff3-aae8-4edf-a42d-cb34918c6fc0" testId="a780d5d0-43e2-3171-7945-424274cf7cfb" testName="NotesRepositoryUpdateCallsUpdateFromTheUnitOfWork" computerName="BLACKBEAUTY" duration="00:00:00.0040350" startTime="2012-08-28T22:48:11.3761000+01:00" endTime="2012-08-28T22:48:11.3861006+01:00" testType="13cdc9d9-ddb5-4fa4-a97d-d965ccfc6d4b" outcome="Passed" testListId="8c84fa94-04c1-424b-9868-57a2d4851a1d" relativeResultsDirectory="41237ff3-aae8-4edf-a42d-cb34918c6fc0">
    </UnitTestResult>
    <UnitTestResult executionId="88270deb-40e7-4e38-93ba-c484f415c229" testId="a92d683e-6db6-da08-1853-c0e53902a155" testName="ATaskListWithAnAllWhitespaceTittleIsInvalid" computerName="BLACKBEAUTY" duration="00:00:00.0003919" startTime="2012-08-28T22:48:11.3881007+01:00" endTime="2012-08-28T22:48:11.3941010+01:00" testType="13cdc9d9-ddb5-4fa4-a97d-d965ccfc6d4b" outcome="Passed" testListId="8c84fa94-04c1-424b-9868-57a2d4851a1d" relativeResultsDirectory="88270deb-40e7-4e38-93ba-c484f415c229">
    </UnitTestResult>
    <UnitTestResult executionId="2fc04b91-f424-4f3a-a177-f7da6715ee0f" testId="ad8e41a5-ec19-61e8-ab78-b0066874f9a4" testName="TaskListsRepositoryGetCallsWithFilterGetFromTheUnitOfWorkAndReturnsAExistingTaskList" computerName="BLACKBEAUTY" duration="00:00:00.0057194" startTime="2012-08-28T22:48:11.3961011+01:00" endTime="2012-08-28T22:48:11.4071018+01:00" testType="13cdc9d9-ddb5-4fa4-a97d-d965ccfc6d4b" outcome="Passed" testListId="8c84fa94-04c1-424b-9868-57a2d4851a1d" relativeResultsDirectory="2fc04b91-f424-4f3a-a177-f7da6715ee0f">
    </UnitTestResult>
    <UnitTestResult executionId="2e2bfd4a-65fe-45c7-ae50-59b49d2583a2" testId="b0f72c88-e8e6-d5ef-9b19-7fed7babeddb" testName="ATaskListWithAnEmptyTittleIsInvalid" computerName="BLACKBEAUTY" duration="00:00:00.0006039" startTime="2012-08-28T22:48:11.4101019+01:00" endTime="2012-08-28T22:48:11.4171024+01:00" testType="13cdc9d9-ddb5-4fa4-a97d-d965ccfc6d4b" outcome="Passed" testListId="8c84fa94-04c1-424b-9868-57a2d4851a1d" relativeResultsDirectory="2e2bfd4a-65fe-45c7-ae50-59b49d2583a2">
    </UnitTestResult>
    <UnitTestResult executionId="8795d513-5173-4abc-948d-c1f4b144369d" testId="b1a7abd8-8831-126c-749d-ed4bdc9d0f13" testName="NotesServiceMethodLoadShouldReturnAllNotes" computerName="BLACKBEAUTY" duration="00:00:00.0022427" startTime="2012-08-28T22:48:11.4201025+01:00" endTime="2012-08-28T22:48:11.4271029+01:00" testType="13cdc9d9-ddb5-4fa4-a97d-d965ccfc6d4b" outcome="Passed" testListId="8c84fa94-04c1-424b-9868-57a2d4851a1d" relativeResultsDirectory="8795d513-5173-4abc-948d-c1f4b144369d">
    </UnitTestResult>
    <UnitTestResult executionId="1ff4abf5-9435-49f7-9946-03cbf774bebd" testId="b3e5450c-7394-e772-4c0f-83c0f0cc9085" testName="NotesRepositoryCreateCallsCreateFromTheUnitOfWork" computerName="BLACKBEAUTY" duration="00:00:00.0088515" startTime="2012-08-28T22:48:11.4301031+01:00" endTime="2012-08-28T22:48:11.4441039+01:00" testType="13cdc9d9-ddb5-4fa4-a97d-d965ccfc6d4b" outcome="Passed" testListId="8c84fa94-04c1-424b-9868-57a2d4851a1d" relativeResultsDirectory="1ff4abf5-9435-49f7-9946-03cbf774bebd">
    </UnitTestResult>
    <UnitTestResult executionId="c8b648f0-775f-483d-b9ab-c003ee8138fd" testId="b6265d2d-5cae-e3d4-95b5-67607627ef13" testName="NotesServiceMethodNoteWithTitleExistsShouldReturnTrueForAnExistingTitle" computerName="BLACKBEAUTY" duration="00:00:00.0007370" startTime="2012-08-28T22:48:11.4471041+01:00" endTime="2012-08-28T22:48:11.4601048+01:00" testType="13cdc9d9-ddb5-4fa4-a97d-d965ccfc6d4b" outcome="Passed" testListId="8c84fa94-04c1-424b-9868-57a2d4851a1d" relativeResultsDirectory="c8b648f0-775f-483d-b9ab-c003ee8138fd">
    </UnitTestResult>
    <UnitTestResult executionId="7eb4b9c7-0803-4714-b54f-4ff9becdfac4" testId="b69a9890-6d34-e521-794d-88f12a6f6738" testName="UsersServiceMethodLoadNoteOwnerShouldLoadOwner" computerName="BLACKBEAUTY" duration="00:00:00.0011328" startTime="2012-08-28T22:48:11.4631050+01:00" endTime="2012-08-28T22:48:11.4701054+01:00" testType="13cdc9d9-ddb5-4fa4-a97d-d965ccfc6d4b" outcome="Passed" testListId="8c84fa94-04c1-424b-9868-57a2d4851a1d" relativeResultsDirectory="7eb4b9c7-0803-4714-b54f-4ff9becdfac4">
    </UnitTestResult>
    <UnitTestResult executionId="1ea440f6-412e-4aa2-9439-c7d3c85efa58" testId="b81d524b-5fb5-2e72-1747-39c7882c4e2d" testName="UsersServiceMethodLoadShareShouldLoadTheTaskListShares" computerName="BLACKBEAUTY" duration="00:00:00.0021655" startTime="2012-08-28T22:48:11.4731056+01:00" endTime="2012-08-28T22:48:11.4811060+01:00" testType="13cdc9d9-ddb5-4fa4-a97d-d965ccfc6d4b" outcome="Passed" testListId="8c84fa94-04c1-424b-9868-57a2d4851a1d" relativeResultsDirectory="1ea440f6-412e-4aa2-9439-c7d3c85efa58">
    </UnitTestResult>
    <UnitTestResult executionId="797fd9f3-e752-42c5-b975-5263a878890f" testId="b8b966b4-c265-1627-ba5e-4d3e17d291be" testName="UsersRepositoryGetCallsGetFromTheUnitOfWorkAndReturnsAExistingUser" computerName="BLACKBEAUTY" duration="00:00:00.0023272" startTime="2012-08-28T22:48:11.4851062+01:00" endTime="2012-08-28T22:48:11.4931067+01:00" testType="13cdc9d9-ddb5-4fa4-a97d-d965ccfc6d4b" outcome="Passed" testListId="8c84fa94-04c1-424b-9868-57a2d4851a1d" relativeResultsDirectory="797fd9f3-e752-42c5-b975-5263a878890f">
    </UnitTestResult>
    <UnitTestResult executionId="6d751ba9-3cf3-4c3d-952a-23238babe991" testId="b9b9c38a-74e2-e207-0c28-3fdf5244ae4b" testName="NotesServiceMethodRemoveShareShouldRemoveAShareFromTheNoteShares" computerName="BLACKBEAUTY" duration="00:00:00.0014899" startTime="2012-08-28T22:48:11.4951068+01:00" endTime="2012-08-28T22:48:11.5021072+01:00" testType="13cdc9d9-ddb5-4fa4-a97d-d965ccfc6d4b" outcome="Passed" testListId="8c84fa94-04c1-424b-9868-57a2d4851a1d" relativeResultsDirectory="6d751ba9-3cf3-4c3d-952a-23238babe991">
    </UnitTestResult>
    <UnitTestResult executionId="fd187956-c7ea-4b4b-9ae8-30e4ffd845c2" testId="c14c078d-036a-ef14-90a0-c1d1a047c940" testName="ANoteWithAllValidPropertiesIsValid" computerName="BLACKBEAUTY" duration="00:00:00.0004755" startTime="2012-08-28T22:48:11.5051074+01:00" endTime="2012-08-28T22:48:11.5111077+01:00" testType="13cdc9d9-ddb5-4fa4-a97d-d965ccfc6d4b" outcome="Passed" testListId="8c84fa94-04c1-424b-9868-57a2d4851a1d" relativeResultsDirectory="fd187956-c7ea-4b4b-9ae8-30e4ffd845c2">
    </UnitTestResult>
    <UnitTestResult executionId="5adaffd1-149a-41b1-8abf-5ce191dfd74c" testId="c2a1ec4d-3db1-3ce5-c3f4-62bd1b5521f4" testName="UserServiceMethodParseIdentityProviderShouldParseIdentityProviders" computerName="BLACKBEAUTY" duration="00:00:00.0006061" startTime="2012-08-28T22:48:11.5151080+01:00" endTime="2012-08-28T22:48:11.5221084+01:00" testType="13cdc9d9-ddb5-4fa4-a97d-d965ccfc6d4b" outcome="Passed" testListId="8c84fa94-04c1-424b-9868-57a2d4851a1d" relativeResultsDirectory="5adaffd1-149a-41b1-8abf-5ce191dfd74c">
    </UnitTestResult>
    <UnitTestResult executionId="3939ff35-3eb4-45d9-a5db-1384deb721d7" testId="c6f13921-acfe-5e3f-88bd-0ff970c4a9d6" testName="NotesServiceMethodGetByFilterShouldReturnANote" computerName="BLACKBEAUTY" duration="00:00:00.0086852" startTime="2012-08-28T22:48:11.5241085+01:00" endTime="2012-08-28T22:48:11.5381093+01:00" testType="13cdc9d9-ddb5-4fa4-a97d-d965ccfc6d4b" outcome="Passed" testListId="8c84fa94-04c1-424b-9868-57a2d4851a1d" relativeResultsDirectory="3939ff35-3eb4-45d9-a5db-1384deb721d7">
    </UnitTestResult>
    <UnitTestResult executionId="3a816c95-2054-4199-813c-cd88d5a43ba5" testId="c6f6cc92-9905-881b-c432-bc390bf4fb00" testName="UsersServiceMethodDeleteShouldDeleteAUser" computerName="BLACKBEAUTY" duration="00:00:00.0011589" startTime="2012-08-28T22:48:11.5401094+01:00" endTime="2012-08-28T22:48:11.5471098+01:00" testType="13cdc9d9-ddb5-4fa4-a97d-d965ccfc6d4b" outcome="Passed" testListId="8c84fa94-04c1-424b-9868-57a2d4851a1d" relativeResultsDirectory="3a816c95-2054-4199-813c-cd88d5a43ba5">
    </UnitTestResult>
    <UnitTestResult executionId="3ac98e96-764d-4f8d-9df3-7eadb6837a4c" testId="c775d00d-9095-a8a9-2433-76c5a0405657" testName="NotesRepositoryRemoveShareCallsDeleteFromTheUnitOfWork" computerName="BLACKBEAUTY" duration="00:00:00.0023886" startTime="2012-08-28T22:48:11.5501100+01:00" endTime="2012-08-28T22:48:11.5641108+01:00" testType="13cdc9d9-ddb5-4fa4-a97d-d965ccfc6d4b" outcome="Passed" testListId="8c84fa94-04c1-424b-9868-57a2d4851a1d" relativeResultsDirectory="3ac98e96-764d-4f8d-9df3-7eadb6837a4c">
    </UnitTestResult>
    <UnitTestResult executionId="d09fad92-ad7c-43b2-943b-f057fc988774" testId="d0098638-c512-c593-36b7-531e29f0d103" testName="TaskListsServiceMethodGetSharedShouldReturnAllTaskListsThatTheUserIsInTheShare" computerName="BLACKBEAUTY" duration="00:00:00.0022777" startTime="2012-08-28T22:48:11.5681110+01:00" endTime="2012-08-28T22:48:11.5751114+01:00" testType="13cdc9d9-ddb5-4fa4-a97d-d965ccfc6d4b" outcome="Passed" testListId="8c84fa94-04c1-424b-9868-57a2d4851a1d" relativeResultsDirectory="d09fad92-ad7c-43b2-943b-f057fc988774">
    </UnitTestResult>
    <UnitTestResult executionId="97def8b5-18c6-4d24-ae34-742f82cdc76c" testId="d6129223-175a-65cf-54ae-8d91d8e336cb" testName="UsersRepositoryParseIdentityProviderParsesGoogleCorrectly" computerName="BLACKBEAUTY" duration="00:00:00.0003083" startTime="2012-08-28T22:48:11.5781116+01:00" endTime="2012-08-28T22:48:11.5841119+01:00" testType="13cdc9d9-ddb5-4fa4-a97d-d965ccfc6d4b" outcome="Passed" testListId="8c84fa94-04c1-424b-9868-57a2d4851a1d" relativeResultsDirectory="97def8b5-18c6-4d24-ae34-742f82cdc76c">
    </UnitTestResult>
    <UnitTestResult executionId="b61baf34-ef2f-4970-893b-3614900290ef" testId="da07899b-e0b9-f639-2145-62f05a55637a" testName="UsersRepositoryUpdateCallsUpdateFromTheUnitOfWork" computerName="BLACKBEAUTY" duration="00:00:00.0018106" startTime="2012-08-28T22:48:11.5881121+01:00" endTime="2012-08-28T22:48:11.5961126+01:00" testType="13cdc9d9-ddb5-4fa4-a97d-d965ccfc6d4b" outcome="Passed" testListId="8c84fa94-04c1-424b-9868-57a2d4851a1d" relativeResultsDirectory="b61baf34-ef2f-4970-893b-3614900290ef">
    </UnitTestResult>
    <UnitTestResult executionId="b6eb3a82-5014-483a-9662-1804cd34c9b8" testId="dd0adaa0-376e-15b3-c394-a4c648706582" testName="NotesServiceMethodCreateShouldCreateANote" computerName="BLACKBEAUTY" duration="00:00:00.0010573" startTime="2012-08-28T22:48:11.5991128+01:00" endTime="2012-08-28T22:48:11.6071132+01:00" testType="13cdc9d9-ddb5-4fa4-a97d-d965ccfc6d4b" outcome="Passed" testListId="8c84fa94-04c1-424b-9868-57a2d4851a1d" relativeResultsDirectory="b6eb3a82-5014-483a-9662-1804cd34c9b8">
    </UnitTestResult>
    <UnitTestResult executionId="b802e76d-531e-409b-9045-f5642767ed7a" testId="dda17c2a-e42a-8750-1a67-51ce6b26fe62" testName="UsersServiceMethodIsRegisteredReturnsFalseForANonExistingUser" computerName="BLACKBEAUTY" duration="00:00:00.0007263" startTime="2012-08-28T22:48:11.6101134+01:00" endTime="2012-08-28T22:48:11.6171138+01:00" testType="13cdc9d9-ddb5-4fa4-a97d-d965ccfc6d4b" outcome="Passed" testListId="8c84fa94-04c1-424b-9868-57a2d4851a1d" relativeResultsDirectory="b802e76d-531e-409b-9045-f5642767ed7a">
    </UnitTestResult>
    <UnitTestResult executionId="1668e3ca-9f1d-4a34-89c6-df610d7d0458" testId="e3d8badb-d961-d4d2-2fc7-38832d7198cd" testName="UsersRepositoryLoadNoteOwnerCallsLoadAndGetFromTheUnitOfWork" computerName="BLACKBEAUTY" duration="00:00:00.0024880" startTime="2012-08-28T22:48:11.6201140+01:00" endTime="2012-08-28T22:48:11.6271144+01:00" testType="13cdc9d9-ddb5-4fa4-a97d-d965ccfc6d4b" outcome="Passed" testListId="8c84fa94-04c1-424b-9868-57a2d4851a1d" relativeResultsDirectory="1668e3ca-9f1d-4a34-89c6-df610d7d0458">
    </UnitTestResult>
    <UnitTestResult executionId="cc688bbc-5bc1-4ba8-afce-01ebc55fcbe4" testId="e50fb009-f8ba-7a74-c650-ecf3691e911d" testName="UsersServiceMethodGetShouldReturnAnExistingUser" computerName="BLACKBEAUTY" duration="00:00:00.0006120" startTime="2012-08-28T22:48:11.6301145+01:00" endTime="2012-08-28T22:48:11.6351148+01:00" testType="13cdc9d9-ddb5-4fa4-a97d-d965ccfc6d4b" outcome="Passed" testListId="8c84fa94-04c1-424b-9868-57a2d4851a1d" relativeResultsDirectory="cc688bbc-5bc1-4ba8-afce-01ebc55fcbe4">
    </UnitTestResult>
    <UnitTestResult executionId="894b5df5-59e6-41c5-b71a-29160a2891c2" testId="e7bbd4b2-5c95-3563-fc1e-37f3d3d4a55d" testName="AUserWithAnNameThatHasTheCharacterPlusIsInvalid" computerName="BLACKBEAUTY" duration="00:00:00.0003152" startTime="2012-08-28T22:48:11.6381150+01:00" endTime="2012-08-28T22:48:11.6461154+01:00" testType="13cdc9d9-ddb5-4fa4-a97d-d965ccfc6d4b" outcome="Passed" testListId="8c84fa94-04c1-424b-9868-57a2d4851a1d" relativeResultsDirectory="894b5df5-59e6-41c5-b71a-29160a2891c2">
    </UnitTestResult>
    <UnitTestResult executionId="fc9f420b-9400-4ae1-be30-fb2bac4cfefa" testId="e814db0b-a976-414f-8c66-ad00681e848f" testName="ANoteWithANullOwnerIsInvalid" computerName="BLACKBEAUTY" duration="00:00:00.0005382" startTime="2012-08-28T22:48:11.6501157+01:00" endTime="2012-08-28T22:48:11.6561160+01:00" testType="13cdc9d9-ddb5-4fa4-a97d-d965ccfc6d4b" outcome="Passed" testListId="8c84fa94-04c1-424b-9868-57a2d4851a1d" relativeResultsDirectory="fc9f420b-9400-4ae1-be30-fb2bac4cfefa">
    </UnitTestResult>
    <UnitTestResult executionId="84aa0e80-dc3b-40dd-9e74-0c67b48c7b0c" testId="eb26e027-d271-7a33-a78e-cf110a291b7f" testName="UsersServiceMethodGetByRowkeyShouldReturnAnExistingUser" computerName="BLACKBEAUTY" duration="00:00:00.0051479" startTime="2012-08-28T22:48:11.6591162+01:00" endTime="2012-08-28T22:48:11.6711169+01:00" testType="13cdc9d9-ddb5-4fa4-a97d-d965ccfc6d4b" outcome="Passed" testListId="8c84fa94-04c1-424b-9868-57a2d4851a1d" relativeResultsDirectory="84aa0e80-dc3b-40dd-9e74-0c67b48c7b0c">
    </UnitTestResult>
    <UnitTestResult executionId="28dea2e4-a34a-47fa-a0ff-f734e4097c1e" testId="ec7711e0-6e36-94b0-fa70-9adecfa8a8f1" testName="NotesRepositoryLoadNotesCallsLoadAndGetsFromTheUnitOfWork" computerName="BLACKBEAUTY" duration="00:00:00.0203250" startTime="2012-08-28T22:48:11.6731170+01:00" endTime="2012-08-28T22:48:11.7011186+01:00" testType="13cdc9d9-ddb5-4fa4-a97d-d965ccfc6d4b" outcome="Passed" testListId="8c84fa94-04c1-424b-9868-57a2d4851a1d" relativeResultsDirectory="28dea2e4-a34a-47fa-a0ff-f734e4097c1e">
    </UnitTestResult>
    <UnitTestResult executionId="566f92ff-1d60-485f-b511-06a0e93fced4" testId="f15d8008-f42b-2bba-472e-3c1682ecbfbd" testName="UsersServiceMethodLoadShareShouldLoadTheNoteShares" computerName="BLACKBEAUTY" duration="00:00:00.0021058" startTime="2012-08-28T22:48:11.7061189+01:00" endTime="2012-08-28T22:48:11.7151194+01:00" testType="13cdc9d9-ddb5-4fa4-a97d-d965ccfc6d4b" outcome="Passed" testListId="8c84fa94-04c1-424b-9868-57a2d4851a1d" relativeResultsDirectory="566f92ff-1d60-485f-b511-06a0e93fced4">
    </UnitTestResult>
    <UnitTestResult executionId="b4ba04f2-b8fd-4111-8781-909c0466a56a" testId="fd1333a9-bd73-eaaa-f9e7-1e9546344171" testName="TaskListsServiceMethodHasPermissionToEditShouldReturnFalseForAUserNotInTheShare" computerName="BLACKBEAUTY" duration="00:00:00.0006995" startTime="2012-08-28T22:48:11.7181196+01:00" endTime="2012-08-28T22:48:11.7231199+01:00" testType="13cdc9d9-ddb5-4fa4-a97d-d965ccfc6d4b" outcome="Passed" testListId="8c84fa94-04c1-424b-9868-57a2d4851a1d" relativeResultsDirectory="b4ba04f2-b8fd-4111-8781-909c0466a56a">
    </UnitTestResult>
    <UnitTestResult executionId="8abf2bce-0544-4d91-8d84-6d410796f181" testId="fd2d9e08-8f5d-4406-828f-63af07dc5bf7" testName="ANoteWithATittleLongerThan10CharactersIsInvalid" computerName="BLACKBEAUTY" duration="00:00:00.0005493" startTime="2012-08-28T22:48:11.7261200+01:00" endTime="2012-08-28T22:48:11.7321204+01:00" testType="13cdc9d9-ddb5-4fa4-a97d-d965ccfc6d4b" outcome="Passed" testListId="8c84fa94-04c1-424b-9868-57a2d4851a1d" relativeResultsDirectory="8abf2bce-0544-4d91-8d84-6d410796f181">
    </UnitTestResult>
    <UnitTestResult executionId="0e834d9b-65a6-4e59-938b-e0fcebf05b51" testId="fe3768ee-5ae4-68d3-ca82-4c54def2a86c" testName="TaskListsServiceMethodCreateShouldCreateATaskList" computerName="BLACKBEAUTY" duration="00:00:00.0010177" startTime="2012-08-28T22:48:11.7351205+01:00" endTime="2012-08-28T22:48:11.7411209+01:00" testType="13cdc9d9-ddb5-4fa4-a97d-d965ccfc6d4b" outcome="Passed" testListId="8c84fa94-04c1-424b-9868-57a2d4851a1d" relativeResultsDirectory="0e834d9b-65a6-4e59-938b-e0fcebf05b51">
    </UnitTestResult>
    <UnitTestResult executionId="f2f0718b-1794-454c-9688-8a2858204051" testId="fecce3eb-38e3-4ca9-5430-fcce974236b4" testName="NotesServiceMethodAddShareShouldAddAUserToTheNoteShares" computerName="BLACKBEAUTY" duration="00:00:00.0016451" startTime="2012-08-28T22:48:11.7441211+01:00" endTime="2012-08-28T22:48:11.7571218+01:00" testType="13cdc9d9-ddb5-4fa4-a97d-d965ccfc6d4b" outcome="Passed" testListId="8c84fa94-04c1-424b-9868-57a2d4851a1d" relativeResultsDirectory="f2f0718b-1794-454c-9688-8a2858204051">
    </UnitTestResult>
    <UnitTestResult executionId="0ed8925d-508d-46c0-80e5-82becbf154bf" testId="ffc79e9b-00ea-8cc7-18d0-a502995f20d0" testName="TaskListRepositoryGetCallsGetFromTheUnitOfWorkAndReturnsAnExistingTaskList" computerName="BLACKBEAUTY" duration="00:00:00.0032280" startTime="2012-08-28T22:48:11.7601220+01:00" endTime="2012-08-28T22:48:11.7701225+01:00" testType="13cdc9d9-ddb5-4fa4-a97d-d965ccfc6d4b" outcome="Passed" testListId="8c84fa94-04c1-424b-9868-57a2d4851a1d" relativeResultsDirectory="0ed8925d-508d-46c0-80e5-82becbf154bf">
    </UnitTestResult>
  </Results>
</TestRun>