<?xml version="1.0" encoding="UTF-8"?>
<TestRun id="6c391b77-9c98-4e3f-82d7-141bddcf55a3" name="Luis@BLACKBEAUTY 2012-08-28 17:14:07" runUser="BlackBeauty\Luis" xmlns="http://microsoft.com/schemas/VisualStudio/TeamTest/2010">
  <TestSettings name="Local" id="a9c45579-508c-4524-9966-e1f8cfbc3e28">
    <Description>These are default test settings for a local test run.</Description>
    <Deployment runDeploymentRoot="Luis_BLACKBEAUTY 2012-08-28 17_14_07">
      <DeploymentItem filename="C:\Program Files\Windows Azure SDK\v1.6\ref\Microsoft.WindowsAzure.StorageClient.dll" />
      <DeploymentItem filename="D:\PROMPT11-10-CloudComputing\CloudNotes\packages\Moq.4.0.10827\lib\NET40\Moq.dll" />
      <DeploymentItem filename="D:\PROMPT11-10-CloudComputing\CloudNotes\CloudNotes.Repositories\bin\Debug\CloudNotes.Repositories.dll" />
      <DeploymentItem filename="D:\PROMPT11-10-CloudComputing\CloudNotes\CloudNotes.Domain.Services\bin\Debug\CloudNotes.Domain.Services.dll" />
      <DeploymentItem filename="D:\PROMPT11-10-CloudComputing\CloudNotes\CloudNotes.Domain\bin\Debug\CloudNotes.Domain.dll" />
    </Deployment>
    <Execution>
      <TestTypeSpecific>
        <UnitTestRunConfig testTypeId="13cdc9d9-ddb5-4fa4-a97d-d965ccfc6d4b">
          <AssemblyResolution>
            <TestDirectory useLoadContext="true" />
          </AssemblyResolution>
        </UnitTestRunConfig>
        <WebTestRunConfiguration testTypeId="4e7599fa-5ecb-43e9-a887-cd63cf72d207">
          <Browser name="Internet Explorer 7.0">
            <Headers>
              <Header name="User-Agent" value="Mozilla/4.0 (compatible; MSIE 7.0; Windows NT 5.1)" />
              <Header name="Accept" value="*/*" />
              <Header name="Accept-Language" value="{{$IEAcceptLanguage}}" />
              <Header name="Accept-Encoding" value="GZIP" />
            </Headers>
          </Browser>
        </WebTestRunConfiguration>
      </TestTypeSpecific>
      <AgentRule name="LocalMachineDefaultRole">
        <DataCollectors>
          <DataCollector uri="datacollector://microsoft/CodeCoverage/1.0" assemblyQualifiedName="Microsoft.VisualStudio.TestTools.CodeCoverage.CoveragePlugIn, Microsoft.VisualStudio.QualityTools.Plugins.CodeCoverage, Version=10.0.0.0, Culture=neutral, PublicKeyToken=b03f5f7f11d50a3a" friendlyName="Code Coverage">
            <Configuration>
              <CodeCoverage xmlns="">
                <Regular>
                  <CodeCoverageItem binaryFile="D:\PROMPT11-10-CloudComputing\CloudNotes\CloudNotes.Domain\bin\Debug\CloudNotes.Domain.dll" pdbFile="D:\PROMPT11-10-CloudComputing\CloudNotes\CloudNotes.Domain\bin\Debug\CloudNotes.Domain.instr.pdb" instrumentInPlace="true" />
                  <CodeCoverageItem binaryFile="D:\PROMPT11-10-CloudComputing\CloudNotes\CloudNotes.Repositories\bin\Debug\CloudNotes.Repositories.dll" pdbFile="D:\PROMPT11-10-CloudComputing\CloudNotes\CloudNotes.Repositories\bin\Debug\CloudNotes.Repositories.instr.pdb" instrumentInPlace="true" />
                  <CodeCoverageItem binaryFile="D:\PROMPT11-10-CloudComputing\CloudNotes\CloudNotes.Domain.Services\bin\Debug\CloudNotes.Domain.Services.dll" pdbFile="D:\PROMPT11-10-CloudComputing\CloudNotes\CloudNotes.Domain.Services\bin\Debug\CloudNotes.Domain.Services.instr.pdb" instrumentInPlace="true" />
                </Regular>
              </CodeCoverage>
            </Configuration>
          </DataCollector>
          <DataCollector uri="datacollector://microsoft/TraceDebugger/1.0" assemblyQualifiedName="Microsoft.VisualStudio.TraceCollector.TraceDebuggerDataCollector, Microsoft.VisualStudio.TraceCollector, Version=10.0.0.0, Culture=neutral, PublicKeyToken=b03f5f7f11d50a3a" friendlyName="IntelliTrace">
          </DataCollector>
          <DataCollector uri="datacollector://microsoft/AspNetProfiler/1.0" assemblyQualifiedName="Microsoft.VisualStudio.PerformanceTools.DataCollection.AspNetProfileDataCollector, Microsoft.VisualStudio.PerformanceTools.DataCollection, Version=10.0.0.0, Culture=neutral, PublicKeyToken=b03f5f7f11d50a3a" friendlyName="ASP.NET Profiler">
          </DataCollector>
        </DataCollectors>
      </AgentRule>
    </Execution>
  </TestSettings>
  <Times creation="2012-08-28T17:14:07.1596364+01:00" queuing="2012-08-28T17:14:08.4447099+01:00" start="2012-08-28T17:14:14.6960675+01:00" finish="2012-08-28T17:14:21.2054398+01:00" />
  <ResultSummary outcome="Completed">
    <Counters total="27" executed="27" passed="27" error="0" failed="0" timeout="0" aborted="0" inconclusive="0" passedButRunAborted="0" notRunnable="0" notExecuted="0" disconnected="0" warning="0" completed="0" inProgress="0" pending="0" />
    <ResultFiles>
      <ResultFile path="BLACKBEAUTY\data.coverage" />
    </ResultFiles>
  </ResultSummary>
  <TestDefinitions>
    <UnitTest name="NotesServiceMethodRemoveShareShouldRemoveAShareFromTheNoteShares" storage="d:\prompt11-10-cloudcomputing\cloudnotes\cloudnotes.tests.domain.services\bin\debug\cloudnotes.tests.domain.services.dll" id="b9b9c38a-74e2-e207-0c28-3fdf5244ae4b">
      <Execution id="0c68a72d-6a5b-492d-b73e-3b0ccfd7044d" />
      <TestMethod codeBase="D:/PROMPT11-10-CloudComputing/CloudNotes/CloudNotes.Tests.Domain.Services/bin/Debug/CloudNotes.Tests.Domain.Services.DLL" adapterTypeName="Microsoft.VisualStudio.TestTools.TestTypes.Unit.UnitTestAdapter, Microsoft.VisualStudio.QualityTools.Tips.UnitTest.Adapter, Version=10.0.0.0, Culture=neutral, PublicKeyToken=b03f5f7f11d50a3a" className="CloudNotes.Tests.Domain.Services.DomainServicesTests, CloudNotes.Tests.Domain.Services, Version=1.0.0.0, Culture=neutral, PublicKeyToken=null" name="NotesServiceMethodRemoveShareShouldRemoveAShareFromTheNoteShares" />
    </UnitTest>
    <UnitTest name="NotesServiceMethodDeleteShouldDeleteANote" storage="d:\prompt11-10-cloudcomputing\cloudnotes\cloudnotes.tests.domain.services\bin\debug\cloudnotes.tests.domain.services.dll" id="51d63b6c-e217-1034-9362-a2f6bc6d8cdb">
      <Execution id="aea1283e-12a1-4753-9b58-1803038b11d0" />
      <TestMethod codeBase="D:/PROMPT11-10-CloudComputing/CloudNotes/CloudNotes.Tests.Domain.Services/bin/Debug/CloudNotes.Tests.Domain.Services.DLL" adapterTypeName="Microsoft.VisualStudio.TestTools.TestTypes.Unit.UnitTestAdapter, Microsoft.VisualStudio.QualityTools.Tips.UnitTest.Adapter, Version=10.0.0.0, Culture=neutral, PublicKeyToken=b03f5f7f11d50a3a" className="CloudNotes.Tests.Domain.Services.DomainServicesTests, CloudNotes.Tests.Domain.Services, Version=1.0.0.0, Culture=neutral, PublicKeyToken=null" name="NotesServiceMethodDeleteShouldDeleteANote" />
    </UnitTest>
    <UnitTest name="TaskListsServiceMethodGetShouldReturnNullForANonExistingTaskList" storage="d:\prompt11-10-cloudcomputing\cloudnotes\cloudnotes.tests.domain.services\bin\debug\cloudnotes.tests.domain.services.dll" id="5fe42e9d-f3d6-6b59-1cde-9ee6b0948802">
      <Execution id="0c06956a-56f3-4f61-89ee-775f0a8075ef" />
      <TestMethod codeBase="D:/PROMPT11-10-CloudComputing/CloudNotes/CloudNotes.Tests.Domain.Services/bin/Debug/CloudNotes.Tests.Domain.Services.DLL" adapterTypeName="Microsoft.VisualStudio.TestTools.TestTypes.Unit.UnitTestAdapter, Microsoft.VisualStudio.QualityTools.Tips.UnitTest.Adapter, Version=10.0.0.0, Culture=neutral, PublicKeyToken=b03f5f7f11d50a3a" className="CloudNotes.Tests.Domain.Services.DomainServicesTests, CloudNotes.Tests.Domain.Services, Version=1.0.0.0, Culture=neutral, PublicKeyToken=null" name="TaskListsServiceMethodGetShouldReturnNullForANonExistingTaskList" />
    </UnitTest>
    <UnitTest name="NotesServiceMethodLoadNotesShouldLoadAllNotes" storage="d:\prompt11-10-cloudcomputing\cloudnotes\cloudnotes.tests.domain.services\bin\debug\cloudnotes.tests.domain.services.dll" id="a31f17ab-e933-91d3-0be7-69abe24ee67e">
      <Execution id="f3879eda-bd10-4c25-8cce-030eee53fdcc" />
      <TestMethod codeBase="D:/PROMPT11-10-CloudComputing/CloudNotes/CloudNotes.Tests.Domain.Services/bin/Debug/CloudNotes.Tests.Domain.Services.DLL" adapterTypeName="Microsoft.VisualStudio.TestTools.TestTypes.Unit.UnitTestAdapter, Microsoft.VisualStudio.QualityTools.Tips.UnitTest.Adapter, Version=10.0.0.0, Culture=neutral, PublicKeyToken=b03f5f7f11d50a3a" className="CloudNotes.Tests.Domain.Services.DomainServicesTests, CloudNotes.Tests.Domain.Services, Version=1.0.0.0, Culture=neutral, PublicKeyToken=null" name="NotesServiceMethodLoadNotesShouldLoadAllNotes" />
    </UnitTest>
    <UnitTest name="TaskListsServiceMethodHasPermissionToEditShouldReturnTrueForAUserInTheShare" storage="d:\prompt11-10-cloudcomputing\cloudnotes\cloudnotes.tests.domain.services\bin\debug\cloudnotes.tests.domain.services.dll" id="94962bdc-e505-45ca-f439-ea92c0480935">
      <Execution id="4b565ada-1004-4844-83e9-a0101704e390" />
      <TestMethod codeBase="D:/PROMPT11-10-CloudComputing/CloudNotes/CloudNotes.Tests.Domain.Services/bin/Debug/CloudNotes.Tests.Domain.Services.DLL" adapterTypeName="Microsoft.VisualStudio.TestTools.TestTypes.Unit.UnitTestAdapter, Microsoft.VisualStudio.QualityTools.Tips.UnitTest.Adapter, Version=10.0.0.0, Culture=neutral, PublicKeyToken=b03f5f7f11d50a3a" className="CloudNotes.Tests.Domain.Services.DomainServicesTests, CloudNotes.Tests.Domain.Services, Version=1.0.0.0, Culture=neutral, PublicKeyToken=null" name="TaskListsServiceMethodHasPermissionToEditShouldReturnTrueForAUserInTheShare" />
    </UnitTest>
    <UnitTest name="TaskListsServiceMethodCreateShouldCreateATaskList" storage="d:\prompt11-10-cloudcomputing\cloudnotes\cloudnotes.tests.domain.services\bin\debug\cloudnotes.tests.domain.services.dll" id="fe3768ee-5ae4-68d3-ca82-4c54def2a86c">
      <Execution id="bc7043b1-d61c-4a38-9e94-52abd350e8aa" />
      <TestMethod codeBase="D:/PROMPT11-10-CloudComputing/CloudNotes/CloudNotes.Tests.Domain.Services/bin/Debug/CloudNotes.Tests.Domain.Services.DLL" adapterTypeName="Microsoft.VisualStudio.TestTools.TestTypes.Unit.UnitTestAdapter, Microsoft.VisualStudio.QualityTools.Tips.UnitTest.Adapter, Version=10.0.0.0, Culture=neutral, PublicKeyToken=b03f5f7f11d50a3a" className="CloudNotes.Tests.Domain.Services.DomainServicesTests, CloudNotes.Tests.Domain.Services, Version=1.0.0.0, Culture=neutral, PublicKeyToken=null" name="TaskListsServiceMethodCreateShouldCreateATaskList" />
    </UnitTest>
    <UnitTest name="NotesServiceMethodCopyNoteShouldCopyANote" storage="d:\prompt11-10-cloudcomputing\cloudnotes\cloudnotes.tests.domain.services\bin\debug\cloudnotes.tests.domain.services.dll" id="3ccecaf6-b51d-cbc4-debf-7489f5a6a3e4">
      <Execution id="09982957-fc99-466a-8741-57b738f31503" />
      <TestMethod codeBase="D:/PROMPT11-10-CloudComputing/CloudNotes/CloudNotes.Tests.Domain.Services/bin/Debug/CloudNotes.Tests.Domain.Services.DLL" adapterTypeName="Microsoft.VisualStudio.TestTools.TestTypes.Unit.UnitTestAdapter, Microsoft.VisualStudio.QualityTools.Tips.UnitTest.Adapter, Version=10.0.0.0, Culture=neutral, PublicKeyToken=b03f5f7f11d50a3a" className="CloudNotes.Tests.Domain.Services.DomainServicesTests, CloudNotes.Tests.Domain.Services, Version=1.0.0.0, Culture=neutral, PublicKeyToken=null" name="NotesServiceMethodCopyNoteShouldCopyANote" />
    </UnitTest>
    <UnitTest name="NotesServiceMethodLoadShouldReturnAllNotes" storage="d:\prompt11-10-cloudcomputing\cloudnotes\cloudnotes.tests.domain.services\bin\debug\cloudnotes.tests.domain.services.dll" id="b1a7abd8-8831-126c-749d-ed4bdc9d0f13">
      <Execution id="65687d21-6d03-417a-af72-06faf32c3922" />
      <TestMethod codeBase="D:/PROMPT11-10-CloudComputing/CloudNotes/CloudNotes.Tests.Domain.Services/bin/Debug/CloudNotes.Tests.Domain.Services.DLL" adapterTypeName="Microsoft.VisualStudio.TestTools.TestTypes.Unit.UnitTestAdapter, Microsoft.VisualStudio.QualityTools.Tips.UnitTest.Adapter, Version=10.0.0.0, Culture=neutral, PublicKeyToken=b03f5f7f11d50a3a" className="CloudNotes.Tests.Domain.Services.DomainServicesTests, CloudNotes.Tests.Domain.Services, Version=1.0.0.0, Culture=neutral, PublicKeyToken=null" name="NotesServiceMethodLoadShouldReturnAllNotes" />
    </UnitTest>
    <UnitTest name="TaskListsServiceMethodDeleteShouldDeleteATaskList" storage="d:\prompt11-10-cloudcomputing\cloudnotes\cloudnotes.tests.domain.services\bin\debug\cloudnotes.tests.domain.services.dll" id="9d2851ab-0a27-838f-9557-7fe4eb9929c3">
      <Execution id="beeba22d-6c50-4ad3-b491-c8a5bd87b2d3" />
      <TestMethod codeBase="D:/PROMPT11-10-CloudComputing/CloudNotes/CloudNotes.Tests.Domain.Services/bin/Debug/CloudNotes.Tests.Domain.Services.DLL" adapterTypeName="Microsoft.VisualStudio.TestTools.TestTypes.Unit.UnitTestAdapter, Microsoft.VisualStudio.QualityTools.Tips.UnitTest.Adapter, Version=10.0.0.0, Culture=neutral, PublicKeyToken=b03f5f7f11d50a3a" className="CloudNotes.Tests.Domain.Services.DomainServicesTests, CloudNotes.Tests.Domain.Services, Version=1.0.0.0, Culture=neutral, PublicKeyToken=null" name="TaskListsServiceMethodDeleteShouldDeleteATaskList" />
    </UnitTest>
    <UnitTest name="TaskListsServiceMethodGetByCombinedKeysShouldReturnATaskList" storage="d:\prompt11-10-cloudcomputing\cloudnotes\cloudnotes.tests.domain.services\bin\debug\cloudnotes.tests.domain.services.dll" id="03ce780a-2410-0155-4350-9f8288a8e596">
      <Execution id="34536c3d-c68e-4350-8bfb-6dff79aea643" />
      <TestMethod codeBase="D:/PROMPT11-10-CloudComputing/CloudNotes/CloudNotes.Tests.Domain.Services/bin/Debug/CloudNotes.Tests.Domain.Services.DLL" adapterTypeName="Microsoft.VisualStudio.TestTools.TestTypes.Unit.UnitTestAdapter, Microsoft.VisualStudio.QualityTools.Tips.UnitTest.Adapter, Version=10.0.0.0, Culture=neutral, PublicKeyToken=b03f5f7f11d50a3a" className="CloudNotes.Tests.Domain.Services.DomainServicesTests, CloudNotes.Tests.Domain.Services, Version=1.0.0.0, Culture=neutral, PublicKeyToken=null" name="TaskListsServiceMethodGetByCombinedKeysShouldReturnATaskList" />
    </UnitTest>
    <UnitTest name="NotesServiceMethodNoteWithTitleExistsShouldReturnTrueForAnExistingTitle" storage="d:\prompt11-10-cloudcomputing\cloudnotes\cloudnotes.tests.domain.services\bin\debug\cloudnotes.tests.domain.services.dll" id="b6265d2d-5cae-e3d4-95b5-67607627ef13">
      <Execution id="6411141c-ce7c-4968-aa81-46e2e25b5287" />
      <TestMethod codeBase="D:/PROMPT11-10-CloudComputing/CloudNotes/CloudNotes.Tests.Domain.Services/bin/Debug/CloudNotes.Tests.Domain.Services.DLL" adapterTypeName="Microsoft.VisualStudio.TestTools.TestTypes.Unit.UnitTestAdapter, Microsoft.VisualStudio.QualityTools.Tips.UnitTest.Adapter, Version=10.0.0.0, Culture=neutral, PublicKeyToken=b03f5f7f11d50a3a" className="CloudNotes.Tests.Domain.Services.DomainServicesTests, CloudNotes.Tests.Domain.Services, Version=1.0.0.0, Culture=neutral, PublicKeyToken=null" name="NotesServiceMethodNoteWithTitleExistsShouldReturnTrueForAnExistingTitle" />
    </UnitTest>
    <UnitTest name="NotesServiceMethodAddShareShouldAddAUserToTheNoteShares" storage="d:\prompt11-10-cloudcomputing\cloudnotes\cloudnotes.tests.domain.services\bin\debug\cloudnotes.tests.domain.services.dll" id="fecce3eb-38e3-4ca9-5430-fcce974236b4">
      <Execution id="f69d5e79-4956-46cf-aaf8-695b362098e1" />
      <TestMethod codeBase="D:/PROMPT11-10-CloudComputing/CloudNotes/CloudNotes.Tests.Domain.Services/bin/Debug/CloudNotes.Tests.Domain.Services.DLL" adapterTypeName="Microsoft.VisualStudio.TestTools.TestTypes.Unit.UnitTestAdapter, Microsoft.VisualStudio.QualityTools.Tips.UnitTest.Adapter, Version=10.0.0.0, Culture=neutral, PublicKeyToken=b03f5f7f11d50a3a" className="CloudNotes.Tests.Domain.Services.DomainServicesTests, CloudNotes.Tests.Domain.Services, Version=1.0.0.0, Culture=neutral, PublicKeyToken=null" name="NotesServiceMethodAddShareShouldAddAUserToTheNoteShares" />
    </UnitTest>
    <UnitTest name="TaskListsServiceMethodGetShouldReturnATaskList" storage="d:\prompt11-10-cloudcomputing\cloudnotes\cloudnotes.tests.domain.services\bin\debug\cloudnotes.tests.domain.services.dll" id="a32946f4-9589-613f-fb54-5c9eee9a4876">
      <Execution id="e22da45e-27e1-4207-8291-4770cb98fb70" />
      <TestMethod codeBase="D:/PROMPT11-10-CloudComputing/CloudNotes/CloudNotes.Tests.Domain.Services/bin/Debug/CloudNotes.Tests.Domain.Services.DLL" adapterTypeName="Microsoft.VisualStudio.TestTools.TestTypes.Unit.UnitTestAdapter, Microsoft.VisualStudio.QualityTools.Tips.UnitTest.Adapter, Version=10.0.0.0, Culture=neutral, PublicKeyToken=b03f5f7f11d50a3a" className="CloudNotes.Tests.Domain.Services.DomainServicesTests, CloudNotes.Tests.Domain.Services, Version=1.0.0.0, Culture=neutral, PublicKeyToken=null" name="TaskListsServiceMethodGetShouldReturnATaskList" />
    </UnitTest>
    <UnitTest name="NotesServiceMethodCreateShouldCreateANote" storage="d:\prompt11-10-cloudcomputing\cloudnotes\cloudnotes.tests.domain.services\bin\debug\cloudnotes.tests.domain.services.dll" id="dd0adaa0-376e-15b3-c394-a4c648706582">
      <Execution id="2eed182c-ca93-4025-aa4d-d83c8b90c0ca" />
      <TestMethod codeBase="D:/PROMPT11-10-CloudComputing/CloudNotes/CloudNotes.Tests.Domain.Services/bin/Debug/CloudNotes.Tests.Domain.Services.DLL" adapterTypeName="Microsoft.VisualStudio.TestTools.TestTypes.Unit.UnitTestAdapter, Microsoft.VisualStudio.QualityTools.Tips.UnitTest.Adapter, Version=10.0.0.0, Culture=neutral, PublicKeyToken=b03f5f7f11d50a3a" className="CloudNotes.Tests.Domain.Services.DomainServicesTests, CloudNotes.Tests.Domain.Services, Version=1.0.0.0, Culture=neutral, PublicKeyToken=null" name="NotesServiceMethodCreateShouldCreateANote" />
    </UnitTest>
    <UnitTest name="NotesServiceMethodGetByFilterShouldReturnANote" storage="d:\prompt11-10-cloudcomputing\cloudnotes\cloudnotes.tests.domain.services\bin\debug\cloudnotes.tests.domain.services.dll" id="c6f13921-acfe-5e3f-88bd-0ff970c4a9d6">
      <Execution id="5d6d9be8-7a84-4998-9b60-ccbe93436ec9" />
      <TestMethod codeBase="D:/PROMPT11-10-CloudComputing/CloudNotes/CloudNotes.Tests.Domain.Services/bin/Debug/CloudNotes.Tests.Domain.Services.DLL" adapterTypeName="Microsoft.VisualStudio.TestTools.TestTypes.Unit.UnitTestAdapter, Microsoft.VisualStudio.QualityTools.Tips.UnitTest.Adapter, Version=10.0.0.0, Culture=neutral, PublicKeyToken=b03f5f7f11d50a3a" className="CloudNotes.Tests.Domain.Services.DomainServicesTests, CloudNotes.Tests.Domain.Services, Version=1.0.0.0, Culture=neutral, PublicKeyToken=null" name="NotesServiceMethodGetByFilterShouldReturnANote" />
    </UnitTest>
    <UnitTest name="NotesServiceMethodNoteWithTitleExistsShouldReturnFalseForNonExistingTitle" storage="d:\prompt11-10-cloudcomputing\cloudnotes\cloudnotes.tests.domain.services\bin\debug\cloudnotes.tests.domain.services.dll" id="3b15e204-c4d0-7b16-61a4-7570b81b33a7">
      <Execution id="6c2f6f7c-3e46-49be-9cd3-fed5c6391f08" />
      <TestMethod codeBase="D:/PROMPT11-10-CloudComputing/CloudNotes/CloudNotes.Tests.Domain.Services/bin/Debug/CloudNotes.Tests.Domain.Services.DLL" adapterTypeName="Microsoft.VisualStudio.TestTools.TestTypes.Unit.UnitTestAdapter, Microsoft.VisualStudio.QualityTools.Tips.UnitTest.Adapter, Version=10.0.0.0, Culture=neutral, PublicKeyToken=b03f5f7f11d50a3a" className="CloudNotes.Tests.Domain.Services.DomainServicesTests, CloudNotes.Tests.Domain.Services, Version=1.0.0.0, Culture=neutral, PublicKeyToken=null" name="NotesServiceMethodNoteWithTitleExistsShouldReturnFalseForNonExistingTitle" />
    </UnitTest>
    <UnitTest name="NotesServiceMethodGetShouldReturnANote" storage="d:\prompt11-10-cloudcomputing\cloudnotes\cloudnotes.tests.domain.services\bin\debug\cloudnotes.tests.domain.services.dll" id="a52de280-ccb3-2f52-6566-1bbc9bfb4624">
      <Execution id="a9436572-db78-4312-bd25-ee23c4269861" />
      <TestMethod codeBase="D:/PROMPT11-10-CloudComputing/CloudNotes/CloudNotes.Tests.Domain.Services/bin/Debug/CloudNotes.Tests.Domain.Services.DLL" adapterTypeName="Microsoft.VisualStudio.TestTools.TestTypes.Unit.UnitTestAdapter, Microsoft.VisualStudio.QualityTools.Tips.UnitTest.Adapter, Version=10.0.0.0, Culture=neutral, PublicKeyToken=b03f5f7f11d50a3a" className="CloudNotes.Tests.Domain.Services.DomainServicesTests, CloudNotes.Tests.Domain.Services, Version=1.0.0.0, Culture=neutral, PublicKeyToken=null" name="NotesServiceMethodGetShouldReturnANote" />
    </UnitTest>
    <UnitTest name="TaskListsServiceMethodGetByFilterShouldReturnATaskList" storage="d:\prompt11-10-cloudcomputing\cloudnotes\cloudnotes.tests.domain.services\bin\debug\cloudnotes.tests.domain.services.dll" id="806d5e37-6070-b15c-e509-59745df24b26">
      <Execution id="77fdb804-5377-4be5-8117-54e4f5580f82" />
      <TestMethod codeBase="D:/PROMPT11-10-CloudComputing/CloudNotes/CloudNotes.Tests.Domain.Services/bin/Debug/CloudNotes.Tests.Domain.Services.DLL" adapterTypeName="Microsoft.VisualStudio.TestTools.TestTypes.Unit.UnitTestAdapter, Microsoft.VisualStudio.QualityTools.Tips.UnitTest.Adapter, Version=10.0.0.0, Culture=neutral, PublicKeyToken=b03f5f7f11d50a3a" className="CloudNotes.Tests.Domain.Services.DomainServicesTests, CloudNotes.Tests.Domain.Services, Version=1.0.0.0, Culture=neutral, PublicKeyToken=null" name="TaskListsServiceMethodGetByFilterShouldReturnATaskList" />
    </UnitTest>
    <UnitTest name="NotesServiceMethodUpdateShouldUpdateANote" storage="d:\prompt11-10-cloudcomputing\cloudnotes\cloudnotes.tests.domain.services\bin\debug\cloudnotes.tests.domain.services.dll" id="5786b163-ef5c-e0c4-11da-ed5c7ebd591c">
      <Execution id="22c0aee5-703b-4975-bb01-dc9935f99a37" />
      <TestMethod codeBase="D:/PROMPT11-10-CloudComputing/CloudNotes/CloudNotes.Tests.Domain.Services/bin/Debug/CloudNotes.Tests.Domain.Services.DLL" adapterTypeName="Microsoft.VisualStudio.TestTools.TestTypes.Unit.UnitTestAdapter, Microsoft.VisualStudio.QualityTools.Tips.UnitTest.Adapter, Version=10.0.0.0, Culture=neutral, PublicKeyToken=b03f5f7f11d50a3a" className="CloudNotes.Tests.Domain.Services.DomainServicesTests, CloudNotes.Tests.Domain.Services, Version=1.0.0.0, Culture=neutral, PublicKeyToken=null" name="NotesServiceMethodUpdateShouldUpdateANote" />
    </UnitTest>
    <UnitTest name="NotesServiceMethodGetShouldReturnNullForANonExistingNote" storage="d:\prompt11-10-cloudcomputing\cloudnotes\cloudnotes.tests.domain.services\bin\debug\cloudnotes.tests.domain.services.dll" id="966d9ca3-96a8-e299-9eae-7de085d51e46">
      <Execution id="2922a936-4f41-4297-9193-88498d30e23a" />
      <TestMethod codeBase="D:/PROMPT11-10-CloudComputing/CloudNotes/CloudNotes.Tests.Domain.Services/bin/Debug/CloudNotes.Tests.Domain.Services.DLL" adapterTypeName="Microsoft.VisualStudio.TestTools.TestTypes.Unit.UnitTestAdapter, Microsoft.VisualStudio.QualityTools.Tips.UnitTest.Adapter, Version=10.0.0.0, Culture=neutral, PublicKeyToken=b03f5f7f11d50a3a" className="CloudNotes.Tests.Domain.Services.DomainServicesTests, CloudNotes.Tests.Domain.Services, Version=1.0.0.0, Culture=neutral, PublicKeyToken=null" name="NotesServiceMethodGetShouldReturnNullForANonExistingNote" />
    </UnitTest>
    <UnitTest name="TaskListsServiceMethodHasPermissionToEditShouldReturnFalseForAUserNotInTheShare" storage="d:\prompt11-10-cloudcomputing\cloudnotes\cloudnotes.tests.domain.services\bin\debug\cloudnotes.tests.domain.services.dll" id="fd1333a9-bd73-eaaa-f9e7-1e9546344171">
      <Execution id="cecd065f-6047-4832-afde-ae37d3faee7b" />
      <TestMethod codeBase="D:/PROMPT11-10-CloudComputing/CloudNotes/CloudNotes.Tests.Domain.Services/bin/Debug/CloudNotes.Tests.Domain.Services.DLL" adapterTypeName="Microsoft.VisualStudio.TestTools.TestTypes.Unit.UnitTestAdapter, Microsoft.VisualStudio.QualityTools.Tips.UnitTest.Adapter, Version=10.0.0.0, Culture=neutral, PublicKeyToken=b03f5f7f11d50a3a" className="CloudNotes.Tests.Domain.Services.DomainServicesTests, CloudNotes.Tests.Domain.Services, Version=1.0.0.0, Culture=neutral, PublicKeyToken=null" name="TaskListsServiceMethodHasPermissionToEditShouldReturnFalseForAUserNotInTheShare" />
    </UnitTest>
    <UnitTest name="NotesServiceMethodHasPermissionToEditShouldReturnTrueForAUserInTheShare" storage="d:\prompt11-10-cloudcomputing\cloudnotes\cloudnotes.tests.domain.services\bin\debug\cloudnotes.tests.domain.services.dll" id="1026c741-dd83-c4ec-8bca-52fe5c047850">
      <Execution id="a8e1844b-37d8-4d55-94bc-6538bd8066f5" />
      <TestMethod codeBase="D:/PROMPT11-10-CloudComputing/CloudNotes/CloudNotes.Tests.Domain.Services/bin/Debug/CloudNotes.Tests.Domain.Services.DLL" adapterTypeName="Microsoft.VisualStudio.TestTools.TestTypes.Unit.UnitTestAdapter, Microsoft.VisualStudio.QualityTools.Tips.UnitTest.Adapter, Version=10.0.0.0, Culture=neutral, PublicKeyToken=b03f5f7f11d50a3a" className="CloudNotes.Tests.Domain.Services.DomainServicesTests, CloudNotes.Tests.Domain.Services, Version=1.0.0.0, Culture=neutral, PublicKeyToken=null" name="NotesServiceMethodHasPermissionToEditShouldReturnTrueForAUserInTheShare" />
    </UnitTest>
    <UnitTest name="TaskListsServiceMethodRemoveShareShouldARemoveAUserFromTheTaskListShares" storage="d:\prompt11-10-cloudcomputing\cloudnotes\cloudnotes.tests.domain.services\bin\debug\cloudnotes.tests.domain.services.dll" id="6679c1f6-317f-e773-41df-3508a75dea4b">
      <Execution id="60e04ab4-e66b-48a6-a2ac-e4f65571c8e0" />
      <TestMethod codeBase="D:/PROMPT11-10-CloudComputing/CloudNotes/CloudNotes.Tests.Domain.Services/bin/Debug/CloudNotes.Tests.Domain.Services.DLL" adapterTypeName="Microsoft.VisualStudio.TestTools.TestTypes.Unit.UnitTestAdapter, Microsoft.VisualStudio.QualityTools.Tips.UnitTest.Adapter, Version=10.0.0.0, Culture=neutral, PublicKeyToken=b03f5f7f11d50a3a" className="CloudNotes.Tests.Domain.Services.DomainServicesTests, CloudNotes.Tests.Domain.Services, Version=1.0.0.0, Culture=neutral, PublicKeyToken=null" name="TaskListsServiceMethodRemoveShareShouldARemoveAUserFromTheTaskListShares" />
    </UnitTest>
    <UnitTest name="TaskListsServiceMethodLoadShouldReturnAllTaskLists" storage="d:\prompt11-10-cloudcomputing\cloudnotes\cloudnotes.tests.domain.services\bin\debug\cloudnotes.tests.domain.services.dll" id="7d1001da-6055-18e2-1484-260115b93ccf">
      <Execution id="51285e3d-bae0-476c-8404-c67045fd1ed1" />
      <TestMethod codeBase="D:/PROMPT11-10-CloudComputing/CloudNotes/CloudNotes.Tests.Domain.Services/bin/Debug/CloudNotes.Tests.Domain.Services.DLL" adapterTypeName="Microsoft.VisualStudio.TestTools.TestTypes.Unit.UnitTestAdapter, Microsoft.VisualStudio.QualityTools.Tips.UnitTest.Adapter, Version=10.0.0.0, Culture=neutral, PublicKeyToken=b03f5f7f11d50a3a" className="CloudNotes.Tests.Domain.Services.DomainServicesTests, CloudNotes.Tests.Domain.Services, Version=1.0.0.0, Culture=neutral, PublicKeyToken=null" name="TaskListsServiceMethodLoadShouldReturnAllTaskLists" />
    </UnitTest>
    <UnitTest name="TaskListsServiceMethodAddShareShouldAddAUserToATaskListShares" storage="d:\prompt11-10-cloudcomputing\cloudnotes\cloudnotes.tests.domain.services\bin\debug\cloudnotes.tests.domain.services.dll" id="a09a3efe-5018-8ea3-5334-81bff13818e9">
      <Execution id="963fbb52-4104-4d56-bce0-8185fdbe84f2" />
      <TestMethod codeBase="D:/PROMPT11-10-CloudComputing/CloudNotes/CloudNotes.Tests.Domain.Services/bin/Debug/CloudNotes.Tests.Domain.Services.DLL" adapterTypeName="Microsoft.VisualStudio.TestTools.TestTypes.Unit.UnitTestAdapter, Microsoft.VisualStudio.QualityTools.Tips.UnitTest.Adapter, Version=10.0.0.0, Culture=neutral, PublicKeyToken=b03f5f7f11d50a3a" className="CloudNotes.Tests.Domain.Services.DomainServicesTests, CloudNotes.Tests.Domain.Services, Version=1.0.0.0, Culture=neutral, PublicKeyToken=null" name="TaskListsServiceMethodAddShareShouldAddAUserToATaskListShares" />
    </UnitTest>
    <UnitTest name="TaskListsServiceMethodUpdateShouldUpdateATaskList" storage="d:\prompt11-10-cloudcomputing\cloudnotes\cloudnotes.tests.domain.services\bin\debug\cloudnotes.tests.domain.services.dll" id="317d83c6-7888-b2e3-18a3-1679d93597b9">
      <Execution id="0e0b5a75-9df1-4ab0-ad7b-81a5cc9008cc" />
      <TestMethod codeBase="D:/PROMPT11-10-CloudComputing/CloudNotes/CloudNotes.Tests.Domain.Services/bin/Debug/CloudNotes.Tests.Domain.Services.DLL" adapterTypeName="Microsoft.VisualStudio.TestTools.TestTypes.Unit.UnitTestAdapter, Microsoft.VisualStudio.QualityTools.Tips.UnitTest.Adapter, Version=10.0.0.0, Culture=neutral, PublicKeyToken=b03f5f7f11d50a3a" className="CloudNotes.Tests.Domain.Services.DomainServicesTests, CloudNotes.Tests.Domain.Services, Version=1.0.0.0, Culture=neutral, PublicKeyToken=null" name="TaskListsServiceMethodUpdateShouldUpdateATaskList" />
    </UnitTest>
    <UnitTest name="NotesServiceMethodHasPermissionToEditShouldReturnFalseForAUserNotInTheShare" storage="d:\prompt11-10-cloudcomputing\cloudnotes\cloudnotes.tests.domain.services\bin\debug\cloudnotes.tests.domain.services.dll" id="7ae1ddc5-c3b0-7641-cb10-f72206ce0466">
      <Execution id="d40330c6-af32-4c07-a2c9-eecdb29d4fb6" />
      <TestMethod codeBase="D:/PROMPT11-10-CloudComputing/CloudNotes/CloudNotes.Tests.Domain.Services/bin/Debug/CloudNotes.Tests.Domain.Services.DLL" adapterTypeName="Microsoft.VisualStudio.TestTools.TestTypes.Unit.UnitTestAdapter, Microsoft.VisualStudio.QualityTools.Tips.UnitTest.Adapter, Version=10.0.0.0, Culture=neutral, PublicKeyToken=b03f5f7f11d50a3a" className="CloudNotes.Tests.Domain.Services.DomainServicesTests, CloudNotes.Tests.Domain.Services, Version=1.0.0.0, Culture=neutral, PublicKeyToken=null" name="NotesServiceMethodHasPermissionToEditShouldReturnFalseForAUserNotInTheShare" />
    </UnitTest>
  </TestDefinitions>
  <TestLists>
    <TestList name="Results Not in a List" id="8c84fa94-04c1-424b-9868-57a2d4851a1d" />
    <TestList name="All Loaded Results" id="19431567-8539-422a-85d7-44ee4e166bda" />
  </TestLists>
  <TestEntries>
    <TestEntry testId="03ce780a-2410-0155-4350-9f8288a8e596" executionId="34536c3d-c68e-4350-8bfb-6dff79aea643" testListId="8c84fa94-04c1-424b-9868-57a2d4851a1d" />
    <TestEntry testId="1026c741-dd83-c4ec-8bca-52fe5c047850" executionId="a8e1844b-37d8-4d55-94bc-6538bd8066f5" testListId="8c84fa94-04c1-424b-9868-57a2d4851a1d" />
    <TestEntry testId="317d83c6-7888-b2e3-18a3-1679d93597b9" executionId="0e0b5a75-9df1-4ab0-ad7b-81a5cc9008cc" testListId="8c84fa94-04c1-424b-9868-57a2d4851a1d" />
    <TestEntry testId="3b15e204-c4d0-7b16-61a4-7570b81b33a7" executionId="6c2f6f7c-3e46-49be-9cd3-fed5c6391f08" testListId="8c84fa94-04c1-424b-9868-57a2d4851a1d" />
    <TestEntry testId="3ccecaf6-b51d-cbc4-debf-7489f5a6a3e4" executionId="09982957-fc99-466a-8741-57b738f31503" testListId="8c84fa94-04c1-424b-9868-57a2d4851a1d" />
    <TestEntry testId="51d63b6c-e217-1034-9362-a2f6bc6d8cdb" executionId="aea1283e-12a1-4753-9b58-1803038b11d0" testListId="8c84fa94-04c1-424b-9868-57a2d4851a1d" />
    <TestEntry testId="5786b163-ef5c-e0c4-11da-ed5c7ebd591c" executionId="22c0aee5-703b-4975-bb01-dc9935f99a37" testListId="8c84fa94-04c1-424b-9868-57a2d4851a1d" />
    <TestEntry testId="5fe42e9d-f3d6-6b59-1cde-9ee6b0948802" executionId="0c06956a-56f3-4f61-89ee-775f0a8075ef" testListId="8c84fa94-04c1-424b-9868-57a2d4851a1d" />
    <TestEntry testId="6679c1f6-317f-e773-41df-3508a75dea4b" executionId="60e04ab4-e66b-48a6-a2ac-e4f65571c8e0" testListId="8c84fa94-04c1-424b-9868-57a2d4851a1d" />
    <TestEntry testId="7ae1ddc5-c3b0-7641-cb10-f72206ce0466" executionId="d40330c6-af32-4c07-a2c9-eecdb29d4fb6" testListId="8c84fa94-04c1-424b-9868-57a2d4851a1d" />
    <TestEntry testId="7d1001da-6055-18e2-1484-260115b93ccf" executionId="51285e3d-bae0-476c-8404-c67045fd1ed1" testListId="8c84fa94-04c1-424b-9868-57a2d4851a1d" />
    <TestEntry testId="806d5e37-6070-b15c-e509-59745df24b26" executionId="77fdb804-5377-4be5-8117-54e4f5580f82" testListId="8c84fa94-04c1-424b-9868-57a2d4851a1d" />
    <TestEntry testId="94962bdc-e505-45ca-f439-ea92c0480935" executionId="4b565ada-1004-4844-83e9-a0101704e390" testListId="8c84fa94-04c1-424b-9868-57a2d4851a1d" />
    <TestEntry testId="966d9ca3-96a8-e299-9eae-7de085d51e46" executionId="2922a936-4f41-4297-9193-88498d30e23a" testListId="8c84fa94-04c1-424b-9868-57a2d4851a1d" />
    <TestEntry testId="9d2851ab-0a27-838f-9557-7fe4eb9929c3" executionId="beeba22d-6c50-4ad3-b491-c8a5bd87b2d3" testListId="8c84fa94-04c1-424b-9868-57a2d4851a1d" />
    <TestEntry testId="a09a3efe-5018-8ea3-5334-81bff13818e9" executionId="963fbb52-4104-4d56-bce0-8185fdbe84f2" testListId="8c84fa94-04c1-424b-9868-57a2d4851a1d" />
    <TestEntry testId="a31f17ab-e933-91d3-0be7-69abe24ee67e" executionId="f3879eda-bd10-4c25-8cce-030eee53fdcc" testListId="8c84fa94-04c1-424b-9868-57a2d4851a1d" />
    <TestEntry testId="a32946f4-9589-613f-fb54-5c9eee9a4876" executionId="e22da45e-27e1-4207-8291-4770cb98fb70" testListId="8c84fa94-04c1-424b-9868-57a2d4851a1d" />
    <TestEntry testId="a52de280-ccb3-2f52-6566-1bbc9bfb4624" executionId="a9436572-db78-4312-bd25-ee23c4269861" testListId="8c84fa94-04c1-424b-9868-57a2d4851a1d" />
    <TestEntry testId="b1a7abd8-8831-126c-749d-ed4bdc9d0f13" executionId="65687d21-6d03-417a-af72-06faf32c3922" testListId="8c84fa94-04c1-424b-9868-57a2d4851a1d" />
    <TestEntry testId="b6265d2d-5cae-e3d4-95b5-67607627ef13" executionId="6411141c-ce7c-4968-aa81-46e2e25b5287" testListId="8c84fa94-04c1-424b-9868-57a2d4851a1d" />
    <TestEntry testId="b9b9c38a-74e2-e207-0c28-3fdf5244ae4b" executionId="0c68a72d-6a5b-492d-b73e-3b0ccfd7044d" testListId="8c84fa94-04c1-424b-9868-57a2d4851a1d" />
    <TestEntry testId="c6f13921-acfe-5e3f-88bd-0ff970c4a9d6" executionId="5d6d9be8-7a84-4998-9b60-ccbe93436ec9" testListId="8c84fa94-04c1-424b-9868-57a2d4851a1d" />
    <TestEntry testId="dd0adaa0-376e-15b3-c394-a4c648706582" executionId="2eed182c-ca93-4025-aa4d-d83c8b90c0ca" testListId="8c84fa94-04c1-424b-9868-57a2d4851a1d" />
    <TestEntry testId="fd1333a9-bd73-eaaa-f9e7-1e9546344171" executionId="cecd065f-6047-4832-afde-ae37d3faee7b" testListId="8c84fa94-04c1-424b-9868-57a2d4851a1d" />
    <TestEntry testId="fe3768ee-5ae4-68d3-ca82-4c54def2a86c" executionId="bc7043b1-d61c-4a38-9e94-52abd350e8aa" testListId="8c84fa94-04c1-424b-9868-57a2d4851a1d" />
    <TestEntry testId="fecce3eb-38e3-4ca9-5430-fcce974236b4" executionId="f69d5e79-4956-46cf-aaf8-695b362098e1" testListId="8c84fa94-04c1-424b-9868-57a2d4851a1d" />
  </TestEntries>
  <Results>
    <UnitTestResult executionId="34536c3d-c68e-4350-8bfb-6dff79aea643" testId="03ce780a-2410-0155-4350-9f8288a8e596" testName="TaskListsServiceMethodGetByCombinedKeysShouldReturnATaskList" computerName="BLACKBEAUTY" duration="00:00:00.4397168" startTime="2012-08-28T17:14:14.9870841+01:00" endTime="2012-08-28T17:14:16.1551509+01:00" testType="13cdc9d9-ddb5-4fa4-a97d-d965ccfc6d4b" outcome="Passed" testListId="8c84fa94-04c1-424b-9868-57a2d4851a1d" relativeResultsDirectory="34536c3d-c68e-4350-8bfb-6dff79aea643">
    </UnitTestResult>
    <UnitTestResult executionId="a8e1844b-37d8-4d55-94bc-6538bd8066f5" testId="1026c741-dd83-c4ec-8bca-52fe5c047850" testName="NotesServiceMethodHasPermissionToEditShouldReturnTrueForAUserInTheShare" computerName="BLACKBEAUTY" duration="00:00:00.0373005" startTime="2012-08-28T17:14:16.1601512+01:00" endTime="2012-08-28T17:14:16.2041537+01:00" testType="13cdc9d9-ddb5-4fa4-a97d-d965ccfc6d4b" outcome="Passed" testListId="8c84fa94-04c1-424b-9868-57a2d4851a1d" relativeResultsDirectory="a8e1844b-37d8-4d55-94bc-6538bd8066f5">
    </UnitTestResult>
    <UnitTestResult executionId="0e0b5a75-9df1-4ab0-ad7b-81a5cc9008cc" testId="317d83c6-7888-b2e3-18a3-1679d93597b9" testName="TaskListsServiceMethodUpdateShouldUpdateATaskList" computerName="BLACKBEAUTY" duration="00:00:00.0074998" startTime="2012-08-28T17:14:16.2061538+01:00" endTime="2012-08-28T17:14:16.2191546+01:00" testType="13cdc9d9-ddb5-4fa4-a97d-d965ccfc6d4b" outcome="Passed" testListId="8c84fa94-04c1-424b-9868-57a2d4851a1d" relativeResultsDirectory="0e0b5a75-9df1-4ab0-ad7b-81a5cc9008cc">
    </UnitTestResult>
    <UnitTestResult executionId="6c2f6f7c-3e46-49be-9cd3-fed5c6391f08" testId="3b15e204-c4d0-7b16-61a4-7570b81b33a7" testName="NotesServiceMethodNoteWithTitleExistsShouldReturnFalseForNonExistingTitle" computerName="BLACKBEAUTY" duration="00:00:00.0089287" startTime="2012-08-28T17:14:16.2211547+01:00" endTime="2012-08-28T17:14:16.2351555+01:00" testType="13cdc9d9-ddb5-4fa4-a97d-d965ccfc6d4b" outcome="Passed" testListId="8c84fa94-04c1-424b-9868-57a2d4851a1d" relativeResultsDirectory="6c2f6f7c-3e46-49be-9cd3-fed5c6391f08">
    </UnitTestResult>
    <UnitTestResult executionId="09982957-fc99-466a-8741-57b738f31503" testId="3ccecaf6-b51d-cbc4-debf-7489f5a6a3e4" testName="NotesServiceMethodCopyNoteShouldCopyANote" computerName="BLACKBEAUTY" duration="00:00:00.0094922" startTime="2012-08-28T17:14:16.2371556+01:00" endTime="2012-08-28T17:14:16.2511564+01:00" testType="13cdc9d9-ddb5-4fa4-a97d-d965ccfc6d4b" outcome="Passed" testListId="8c84fa94-04c1-424b-9868-57a2d4851a1d" relativeResultsDirectory="09982957-fc99-466a-8741-57b738f31503">
    </UnitTestResult>
    <UnitTestResult executionId="aea1283e-12a1-4753-9b58-1803038b11d0" testId="51d63b6c-e217-1034-9362-a2f6bc6d8cdb" testName="NotesServiceMethodDeleteShouldDeleteANote" computerName="BLACKBEAUTY" duration="00:00:00.0046812" startTime="2012-08-28T17:14:16.2541566+01:00" endTime="2012-08-28T17:14:16.2631571+01:00" testType="13cdc9d9-ddb5-4fa4-a97d-d965ccfc6d4b" outcome="Passed" testListId="8c84fa94-04c1-424b-9868-57a2d4851a1d" relativeResultsDirectory="aea1283e-12a1-4753-9b58-1803038b11d0">
    </UnitTestResult>
    <UnitTestResult executionId="22c0aee5-703b-4975-bb01-dc9935f99a37" testId="5786b163-ef5c-e0c4-11da-ed5c7ebd591c" testName="NotesServiceMethodUpdateShouldUpdateANote" computerName="BLACKBEAUTY" duration="00:00:00.0015671" startTime="2012-08-28T17:14:16.2661573+01:00" endTime="2012-08-28T17:14:16.2721576+01:00" testType="13cdc9d9-ddb5-4fa4-a97d-d965ccfc6d4b" outcome="Passed" testListId="8c84fa94-04c1-424b-9868-57a2d4851a1d" relativeResultsDirectory="22c0aee5-703b-4975-bb01-dc9935f99a37">
    </UnitTestResult>
    <UnitTestResult executionId="0c06956a-56f3-4f61-89ee-775f0a8075ef" testId="5fe42e9d-f3d6-6b59-1cde-9ee6b0948802" testName="TaskListsServiceMethodGetShouldReturnNullForANonExistingTaskList" computerName="BLACKBEAUTY" duration="00:00:00.0004167" startTime="2012-08-28T17:14:16.2741577+01:00" endTime="2012-08-28T17:14:16.2861584+01:00" testType="13cdc9d9-ddb5-4fa4-a97d-d965ccfc6d4b" outcome="Passed" testListId="8c84fa94-04c1-424b-9868-57a2d4851a1d" relativeResultsDirectory="0c06956a-56f3-4f61-89ee-775f0a8075ef">
    </UnitTestResult>
    <UnitTestResult executionId="60e04ab4-e66b-48a6-a2ac-e4f65571c8e0" testId="6679c1f6-317f-e773-41df-3508a75dea4b" testName="TaskListsServiceMethodRemoveShareShouldARemoveAUserFromTheTaskListShares" computerName="BLACKBEAUTY" duration="00:00:00.0012608" startTime="2012-08-28T17:14:16.2881585+01:00" endTime="2012-08-28T17:14:16.2951589+01:00" testType="13cdc9d9-ddb5-4fa4-a97d-d965ccfc6d4b" outcome="Passed" testListId="8c84fa94-04c1-424b-9868-57a2d4851a1d" relativeResultsDirectory="60e04ab4-e66b-48a6-a2ac-e4f65571c8e0">
    </UnitTestResult>
    <UnitTestResult executionId="d40330c6-af32-4c07-a2c9-eecdb29d4fb6" testId="7ae1ddc5-c3b0-7641-cb10-f72206ce0466" testName="NotesServiceMethodHasPermissionToEditShouldReturnFalseForAUserNotInTheShare" computerName="BLACKBEAUTY" duration="00:00:00.0006572" startTime="2012-08-28T17:14:16.2971590+01:00" endTime="2012-08-28T17:14:16.3021593+01:00" testType="13cdc9d9-ddb5-4fa4-a97d-d965ccfc6d4b" outcome="Passed" testListId="8c84fa94-04c1-424b-9868-57a2d4851a1d" relativeResultsDirectory="d40330c6-af32-4c07-a2c9-eecdb29d4fb6">
    </UnitTestResult>
    <UnitTestResult executionId="51285e3d-bae0-476c-8404-c67045fd1ed1" testId="7d1001da-6055-18e2-1484-260115b93ccf" testName="TaskListsServiceMethodLoadShouldReturnAllTaskLists" computerName="BLACKBEAUTY" duration="00:00:00.1633957" startTime="2012-08-28T17:14:16.3041594+01:00" endTime="2012-08-28T17:14:16.4731691+01:00" testType="13cdc9d9-ddb5-4fa4-a97d-d965ccfc6d4b" outcome="Passed" testListId="8c84fa94-04c1-424b-9868-57a2d4851a1d" relativeResultsDirectory="51285e3d-bae0-476c-8404-c67045fd1ed1">
    </UnitTestResult>
    <UnitTestResult executionId="77fdb804-5377-4be5-8117-54e4f5580f82" testId="806d5e37-6070-b15c-e509-59745df24b26" testName="TaskListsServiceMethodGetByFilterShouldReturnATaskList" computerName="BLACKBEAUTY" duration="00:00:00.0560998" startTime="2012-08-28T17:14:16.4751692+01:00" endTime="2012-08-28T17:14:16.5361727+01:00" testType="13cdc9d9-ddb5-4fa4-a97d-d965ccfc6d4b" outcome="Passed" testListId="8c84fa94-04c1-424b-9868-57a2d4851a1d" relativeResultsDirectory="77fdb804-5377-4be5-8117-54e4f5580f82">
    </UnitTestResult>
    <UnitTestResult executionId="4b565ada-1004-4844-83e9-a0101704e390" testId="94962bdc-e505-45ca-f439-ea92c0480935" testName="TaskListsServiceMethodHasPermissionToEditShouldReturnTrueForAUserInTheShare" computerName="BLACKBEAUTY" duration="00:00:00.0015833" startTime="2012-08-28T17:14:16.5391729+01:00" endTime="2012-08-28T17:14:16.5451732+01:00" testType="13cdc9d9-ddb5-4fa4-a97d-d965ccfc6d4b" outcome="Passed" testListId="8c84fa94-04c1-424b-9868-57a2d4851a1d" relativeResultsDirectory="4b565ada-1004-4844-83e9-a0101704e390">
    </UnitTestResult>
    <UnitTestResult executionId="2922a936-4f41-4297-9193-88498d30e23a" testId="966d9ca3-96a8-e299-9eae-7de085d51e46" testName="NotesServiceMethodGetShouldReturnNullForANonExistingNote" computerName="BLACKBEAUTY" duration="00:00:00.0005442" startTime="2012-08-28T17:14:16.5481734+01:00" endTime="2012-08-28T17:14:16.5531737+01:00" testType="13cdc9d9-ddb5-4fa4-a97d-d965ccfc6d4b" outcome="Passed" testListId="8c84fa94-04c1-424b-9868-57a2d4851a1d" relativeResultsDirectory="2922a936-4f41-4297-9193-88498d30e23a">
    </UnitTestResult>
    <UnitTestResult executionId="beeba22d-6c50-4ad3-b491-c8a5bd87b2d3" testId="9d2851ab-0a27-838f-9557-7fe4eb9929c3" testName="TaskListsServiceMethodDeleteShouldDeleteATaskList" computerName="BLACKBEAUTY" duration="00:00:00.0021753" startTime="2012-08-28T17:14:16.5551738+01:00" endTime="2012-08-28T17:14:16.5681745+01:00" testType="13cdc9d9-ddb5-4fa4-a97d-d965ccfc6d4b" outcome="Passed" testListId="8c84fa94-04c1-424b-9868-57a2d4851a1d" relativeResultsDirectory="beeba22d-6c50-4ad3-b491-c8a5bd87b2d3">
    </UnitTestResult>
    <UnitTestResult executionId="963fbb52-4104-4d56-bce0-8185fdbe84f2" testId="a09a3efe-5018-8ea3-5334-81bff13818e9" testName="TaskListsServiceMethodAddShareShouldAddAUserToATaskListShares" computerName="BLACKBEAUTY" duration="00:00:00.0009000" startTime="2012-08-28T17:14:16.5701747+01:00" endTime="2012-08-28T17:14:16.5761750+01:00" testType="13cdc9d9-ddb5-4fa4-a97d-d965ccfc6d4b" outcome="Passed" testListId="8c84fa94-04c1-424b-9868-57a2d4851a1d" relativeResultsDirectory="963fbb52-4104-4d56-bce0-8185fdbe84f2">
    </UnitTestResult>
    <UnitTestResult executionId="f3879eda-bd10-4c25-8cce-030eee53fdcc" testId="a31f17ab-e933-91d3-0be7-69abe24ee67e" testName="NotesServiceMethodLoadNotesShouldLoadAllNotes" computerName="BLACKBEAUTY" duration="00:00:00.0009520" startTime="2012-08-28T17:14:16.5781751+01:00" endTime="2012-08-28T17:14:16.5831754+01:00" testType="13cdc9d9-ddb5-4fa4-a97d-d965ccfc6d4b" outcome="Passed" testListId="8c84fa94-04c1-424b-9868-57a2d4851a1d" relativeResultsDirectory="f3879eda-bd10-4c25-8cce-030eee53fdcc">
    </UnitTestResult>
    <UnitTestResult executionId="e22da45e-27e1-4207-8291-4770cb98fb70" testId="a32946f4-9589-613f-fb54-5c9eee9a4876" testName="TaskListsServiceMethodGetShouldReturnATaskList" computerName="BLACKBEAUTY" duration="00:00:00.0004666" startTime="2012-08-28T17:14:16.5861756+01:00" endTime="2012-08-28T17:14:16.5911759+01:00" testType="13cdc9d9-ddb5-4fa4-a97d-d965ccfc6d4b" outcome="Passed" testListId="8c84fa94-04c1-424b-9868-57a2d4851a1d" relativeResultsDirectory="e22da45e-27e1-4207-8291-4770cb98fb70">
    </UnitTestResult>
    <UnitTestResult executionId="a9436572-db78-4312-bd25-ee23c4269861" testId="a52de280-ccb3-2f52-6566-1bbc9bfb4624" testName="NotesServiceMethodGetShouldReturnANote" computerName="BLACKBEAUTY" duration="00:00:00.0006018" startTime="2012-08-28T17:14:16.5931760+01:00" endTime="2012-08-28T17:14:16.5981763+01:00" testType="13cdc9d9-ddb5-4fa4-a97d-d965ccfc6d4b" outcome="Passed" testListId="8c84fa94-04c1-424b-9868-57a2d4851a1d" relativeResultsDirectory="a9436572-db78-4312-bd25-ee23c4269861">
    </UnitTestResult>
    <UnitTestResult executionId="65687d21-6d03-417a-af72-06faf32c3922" testId="b1a7abd8-8831-126c-749d-ed4bdc9d0f13" testName="NotesServiceMethodLoadShouldReturnAllNotes" computerName="BLACKBEAUTY" duration="00:00:00.0021467" startTime="2012-08-28T17:14:16.6001764+01:00" endTime="2012-08-28T17:14:16.6071768+01:00" testType="13cdc9d9-ddb5-4fa4-a97d-d965ccfc6d4b" outcome="Passed" testListId="8c84fa94-04c1-424b-9868-57a2d4851a1d" relativeResultsDirectory="65687d21-6d03-417a-af72-06faf32c3922">
    </UnitTestResult>
    <UnitTestResult executionId="6411141c-ce7c-4968-aa81-46e2e25b5287" testId="b6265d2d-5cae-e3d4-95b5-67607627ef13" testName="NotesServiceMethodNoteWithTitleExistsShouldReturnTrueForAnExistingTitle" computerName="BLACKBEAUTY" duration="00:00:00.0005890" startTime="2012-08-28T17:14:16.6091769+01:00" endTime="2012-08-28T17:14:16.6141772+01:00" testType="13cdc9d9-ddb5-4fa4-a97d-d965ccfc6d4b" outcome="Passed" testListId="8c84fa94-04c1-424b-9868-57a2d4851a1d" relativeResultsDirectory="6411141c-ce7c-4968-aa81-46e2e25b5287">
    </UnitTestResult>
    <UnitTestResult executionId="0c68a72d-6a5b-492d-b73e-3b0ccfd7044d" testId="b9b9c38a-74e2-e207-0c28-3fdf5244ae4b" testName="NotesServiceMethodRemoveShareShouldRemoveAShareFromTheNoteShares" computerName="BLACKBEAUTY" duration="00:00:00.0013273" startTime="2012-08-28T17:14:16.6171773+01:00" endTime="2012-08-28T17:14:16.6221776+01:00" testType="13cdc9d9-ddb5-4fa4-a97d-d965ccfc6d4b" outcome="Passed" testListId="8c84fa94-04c1-424b-9868-57a2d4851a1d" relativeResultsDirectory="0c68a72d-6a5b-492d-b73e-3b0ccfd7044d">
    </UnitTestResult>
    <UnitTestResult executionId="5d6d9be8-7a84-4998-9b60-ccbe93436ec9" testId="c6f13921-acfe-5e3f-88bd-0ff970c4a9d6" testName="NotesServiceMethodGetByFilterShouldReturnANote" computerName="BLACKBEAUTY" duration="00:00:00.0078317" startTime="2012-08-28T17:14:16.6251778+01:00" endTime="2012-08-28T17:14:16.6371785+01:00" testType="13cdc9d9-ddb5-4fa4-a97d-d965ccfc6d4b" outcome="Passed" testListId="8c84fa94-04c1-424b-9868-57a2d4851a1d" relativeResultsDirectory="5d6d9be8-7a84-4998-9b60-ccbe93436ec9">
    </UnitTestResult>
    <UnitTestResult executionId="2eed182c-ca93-4025-aa4d-d83c8b90c0ca" testId="dd0adaa0-376e-15b3-c394-a4c648706582" testName="NotesServiceMethodCreateShouldCreateANote" computerName="BLACKBEAUTY" duration="00:00:00.0009294" startTime="2012-08-28T17:14:16.6391786+01:00" endTime="2012-08-28T17:14:16.6451789+01:00" testType="13cdc9d9-ddb5-4fa4-a97d-d965ccfc6d4b" outcome="Passed" testListId="8c84fa94-04c1-424b-9868-57a2d4851a1d" relativeResultsDirectory="2eed182c-ca93-4025-aa4d-d83c8b90c0ca">
    </UnitTestResult>
    <UnitTestResult executionId="cecd065f-6047-4832-afde-ae37d3faee7b" testId="fd1333a9-bd73-eaaa-f9e7-1e9546344171" testName="TaskListsServiceMethodHasPermissionToEditShouldReturnFalseForAUserNotInTheShare" computerName="BLACKBEAUTY" duration="00:00:00.0005050" startTime="2012-08-28T17:14:16.6471791+01:00" endTime="2012-08-28T17:14:16.6531794+01:00" testType="13cdc9d9-ddb5-4fa4-a97d-d965ccfc6d4b" outcome="Passed" testListId="8c84fa94-04c1-424b-9868-57a2d4851a1d" relativeResultsDirectory="cecd065f-6047-4832-afde-ae37d3faee7b">
    </UnitTestResult>
    <UnitTestResult executionId="bc7043b1-d61c-4a38-9e94-52abd350e8aa" testId="fe3768ee-5ae4-68d3-ca82-4c54def2a86c" testName="TaskListsServiceMethodCreateShouldCreateATaskList" computerName="BLACKBEAUTY" duration="00:00:00.0010868" startTime="2012-08-28T17:14:16.6551795+01:00" endTime="2012-08-28T17:14:16.6601798+01:00" testType="13cdc9d9-ddb5-4fa4-a97d-d965ccfc6d4b" outcome="Passed" testListId="8c84fa94-04c1-424b-9868-57a2d4851a1d" relativeResultsDirectory="bc7043b1-d61c-4a38-9e94-52abd350e8aa">
    </UnitTestResult>
    <UnitTestResult executionId="f69d5e79-4956-46cf-aaf8-695b362098e1" testId="fecce3eb-38e3-4ca9-5430-fcce974236b4" testName="NotesServiceMethodAddShareShouldAddAUserToTheNoteShares" computerName="BLACKBEAUTY" duration="00:00:00.0010207" startTime="2012-08-28T17:14:16.6621799+01:00" endTime="2012-08-28T17:14:16.6681803+01:00" testType="13cdc9d9-ddb5-4fa4-a97d-d965ccfc6d4b" outcome="Passed" testListId="8c84fa94-04c1-424b-9868-57a2d4851a1d" relativeResultsDirectory="f69d5e79-4956-46cf-aaf8-695b362098e1">
    </UnitTestResult>
  </Results>
</TestRun>